[19:51:30] === Watchdog started (PID 206293, checking every 120s) ===
[19:51:30] === Watchdog started (PID 206293, checking every 120s) ===
[19:53:30] Loop not running! 433 words done. Restarting...
[19:53:30] Loop not running! 433 words done. Restarting...
[19:53:30] Restarting from --start-phase 2 --start-pos verbs
[19:53:30] Restarting from --start-phase 2 --start-pos verbs
[19:53:30] Loop restarted with PID 206783
[19:53:30] Loop restarted with PID 206783
[19:55:30] OK — 433 words done. Current: === phase_2 verbs (75 words in queue) ===
[19:55:30] OK — 433 words done. Current: === phase_2 verbs (75 words in queue) ===
[19:57:30] Loop not running! 433 words done. Restarting...
[19:57:30] Loop not running! 433 words done. Restarting...
[19:57:30] Restarting from --start-phase 2 --start-pos verbs
[19:57:30] Restarting from --start-phase 2 --start-pos verbs
[19:57:30] Loop restarted with PID 212076
[19:57:30] Loop restarted with PID 212076
[19:59:30] OK — 433 words done. Current: === phase_2 verbs (75 words in queue) ===
[19:59:30] OK — 433 words done. Current: === phase_2 verbs (75 words in queue) ===
[20:01:30] Loop not running! 446 words done. Restarting...
[20:01:30] Loop not running! 446 words done. Restarting...
[20:01:30] Restarting from --start-phase 2 --start-pos verbs
[20:01:30] Restarting from --start-phase 2 --start-pos verbs
[20:01:30] Loop restarted with PID 217816
[20:01:30] Loop restarted with PID 217816
[20:03:30] OK — 447 words done. Current: === phase_2 adjectives (156 words in queue) ===
[20:03:30] OK — 447 words done. Current: === phase_2 adjectives (156 words in queue) ===
[20:05:31] OK — 447 words done. Current: === phase_2 adjectives (156 words in queue) ===
[20:05:31] OK — 447 words done. Current: === phase_2 adjectives (156 words in queue) ===
[20:07:31] OK — 594 words done. Current: === phase_3 nouns (728 words in queue) ===
[20:07:31] OK — 594 words done. Current: === phase_3 nouns (728 words in queue) ===
[20:09:31] OK — 594 words done. Current: === phase_3 nouns (728 words in queue) ===
[20:09:31] OK — 594 words done. Current: === phase_3 nouns (728 words in queue) ===
[20:11:31] OK — 594 words done. Current: === phase_3 nouns (728 words in queue) ===
[20:11:31] OK — 594 words done. Current: === phase_3 nouns (728 words in queue) ===
[20:13:31] OK — 594 words done. Current: === phase_3 nouns (728 words in queue) ===
[20:13:31] OK — 594 words done. Current: === phase_3 nouns (728 words in queue) ===
[20:15:31] OK — 594 words done. Current: === phase_3 nouns (728 words in queue) ===
[20:15:31] OK — 594 words done. Current: === phase_3 nouns (728 words in queue) ===
[20:17:31] OK — 594 words done. Current: === phase_3 nouns (728 words in queue) ===
[20:17:31] OK — 594 words done. Current: === phase_3 nouns (728 words in queue) ===
[20:19:31] OK — 594 words done. Current: === phase_3 nouns (728 words in queue) ===
[20:19:31] OK — 594 words done. Current: === phase_3 nouns (728 words in queue) ===
[20:21:31] OK — 594 words done. Current: === phase_3 nouns (728 words in queue) ===
[20:21:31] OK — 594 words done. Current: === phase_3 nouns (728 words in queue) ===
[20:23:31] OK — 594 words done. Current: === phase_3 nouns (728 words in queue) ===
[20:23:31] OK — 594 words done. Current: === phase_3 nouns (728 words in queue) ===
[20:25:31] OK — 594 words done. Current: === phase_3 nouns (728 words in queue) ===
[20:25:31] OK — 594 words done. Current: === phase_3 nouns (728 words in queue) ===
[20:27:31] OK — 594 words done. Current: === phase_3 nouns (728 words in queue) ===
[20:27:31] OK — 594 words done. Current: === phase_3 nouns (728 words in queue) ===
[20:29:31] OK — 594 words done. Current: === phase_3 nouns (728 words in queue) ===
[20:29:31] OK — 594 words done. Current: === phase_3 nouns (728 words in queue) ===
[20:31:31] OK — 1194 words done. Current: === phase_3 nouns (728 words in queue) ===
[20:31:31] OK — 1194 words done. Current: === phase_3 nouns (728 words in queue) ===
[20:33:31] OK — 1208 words done. Current: === phase_3 verbs (116 words in queue) ===
[20:33:31] OK — 1208 words done. Current: === phase_3 verbs (116 words in queue) ===
[20:35:31] OK — 1208 words done. Current: === phase_3 verbs (116 words in queue) ===
[20:35:31] OK — 1208 words done. Current: === phase_3 verbs (116 words in queue) ===
[20:37:31] OK — 1208 words done. Current: === phase_3 verbs (116 words in queue) ===
[20:37:31] OK — 1208 words done. Current: === phase_3 verbs (116 words in queue) ===
[20:39:31] OK — 1305 words done. Current: === phase_3 verbs (116 words in queue) ===
[20:39:31] OK — 1305 words done. Current: === phase_3 verbs (116 words in queue) ===
[20:41:31] Loop not running! 1319 words done. Restarting...
[20:41:31] Loop not running! 1319 words done. Restarting...
[20:41:31] Restarting from --start-phase 3 --start-pos verbs
[20:41:31] Restarting from --start-phase 3 --start-pos verbs
[20:41:31] Loop restarted with PID 382730
[20:41:31] Loop restarted with PID 382730
[20:43:31] OK — 1321 words done. Current: === phase_3 verbs (116 words in queue) ===
[20:43:31] OK — 1321 words done. Current: === phase_3 verbs (116 words in queue) ===
[20:45:31] Loop not running! 1321 words done. Restarting...
[20:45:31] Loop not running! 1321 words done. Restarting...
[20:45:31] Restarting from --start-phase 3 --start-pos verbs
[20:45:31] Restarting from --start-phase 3 --start-pos verbs
[20:45:31] Loop restarted with PID 384220
[20:45:31] Loop restarted with PID 384220
[20:47:31] OK — 1352 words done. Current: === phase_4 nouns (57 words in queue) ===
[20:47:31] OK — 1352 words done. Current: === phase_4 nouns (57 words in queue) ===
[20:49:31] OK — 1352 words done. Current: === phase_4 nouns (57 words in queue) ===
[20:49:31] OK — 1352 words done. Current: === phase_4 nouns (57 words in queue) ===
[20:51:31] OK — 1390 words done. Current: === phase_4 verbs (82 words in queue) ===
[20:51:31] OK — 1390 words done. Current: === phase_4 verbs (82 words in queue) ===
[20:53:31] OK — 1390 words done. Current: === phase_4 verbs (82 words in queue) ===
[20:53:31] OK — 1390 words done. Current: === phase_4 verbs (82 words in queue) ===
[20:55:31] OK — 1390 words done. Current: === phase_4 verbs (82 words in queue) ===
[20:55:31] OK — 1390 words done. Current: === phase_4 verbs (82 words in queue) ===
[20:57:31] OK — 1461 words done. Current: === phase_4 verbs (82 words in queue) ===
[20:57:31] OK — 1461 words done. Current: === phase_4 verbs (82 words in queue) ===
[20:59:32] Loop not running! 1467 words done. Restarting...
[20:59:32] Loop not running! 1467 words done. Restarting...
[20:59:32] Restarting from --start-phase 4 --start-pos verbs
[20:59:32] Restarting from --start-phase 4 --start-pos verbs
[20:59:32] Loop restarted with PID 412794
[20:59:32] Loop restarted with PID 412794
[21:01:32] OK — 1468 words done. Current: === phase_4 adjectives (74 words in queue) ===
[21:01:32] OK — 1468 words done. Current: === phase_4 adjectives (74 words in queue) ===
[21:03:32] OK — 1468 words done. Current: === phase_4 adjectives (74 words in queue) ===
[21:03:32] OK — 1468 words done. Current: === phase_4 adjectives (74 words in queue) ===
[21:05:32] OK — 1514 words done. Current: === phase_5 nouns (78 words in queue) ===
[21:05:32] OK — 1514 words done. Current: === phase_5 nouns (78 words in queue) ===
[21:07:32] OK — 1582 words done. Current: === phase_5 nouns (78 words in queue) ===
[21:07:32] OK — 1582 words done. Current: === phase_5 nouns (78 words in queue) ===
[21:09:32] OK — 1584 words done. Current: === phase_5 verbs (51 words in queue) ===
[21:09:32] OK — 1584 words done. Current: === phase_5 verbs (51 words in queue) ===
[21:11:32] OK — 1630 words done. Current: === phase_5 verbs (51 words in queue) ===
[21:11:32] OK — 1630 words done. Current: === phase_5 verbs (51 words in queue) ===
[21:13:32] OK — 1630 words done. Current: === phase_5 verbs (51 words in queue) ===
[21:13:32] OK — 1630 words done. Current: === phase_5 verbs (51 words in queue) ===
[21:15:32] OK — 1635 words done. Current: === phase_5 adjectives (91 words in queue) ===
[21:15:32] OK — 1635 words done. Current: === phase_5 adjectives (91 words in queue) ===
[21:17:32] OK — 1635 words done. Current: === phase_5 adjectives (91 words in queue) ===
[21:17:32] OK — 1635 words done. Current: === phase_5 adjectives (91 words in queue) ===
[21:19:32] OK — 1694 words done. Current: === phase_6 nouns (144 words in queue) ===
[21:19:32] OK — 1694 words done. Current: === phase_6 nouns (144 words in queue) ===
[21:21:32] OK — 1694 words done. Current: === phase_6 nouns (144 words in queue) ===
[21:21:32] OK — 1694 words done. Current: === phase_6 nouns (144 words in queue) ===
[21:23:32] OK — 1694 words done. Current: === phase_6 nouns (144 words in queue) ===
[21:23:32] OK — 1694 words done. Current: === phase_6 nouns (144 words in queue) ===
[21:25:32] OK — 1694 words done. Current: === phase_6 nouns (144 words in queue) ===
[21:25:32] OK — 1694 words done. Current: === phase_6 nouns (144 words in queue) ===
[21:27:32] OK — 1694 words done. Current: === phase_6 nouns (144 words in queue) ===
[21:27:32] OK — 1694 words done. Current: === phase_6 nouns (144 words in queue) ===
[21:29:32] OK — 1694 words done. Current: === phase_6 nouns (144 words in queue) ===
[21:29:32] OK — 1694 words done. Current: === phase_6 nouns (144 words in queue) ===
[21:31:32] OK — 1694 words done. Current: === phase_6 nouns (144 words in queue) ===
[21:31:32] OK — 1694 words done. Current: === phase_6 nouns (144 words in queue) ===
[21:33:32] OK — 1694 words done. Current: === phase_6 nouns (144 words in queue) ===
[21:33:32] OK — 1694 words done. Current: === phase_6 nouns (144 words in queue) ===
[21:35:32] OK — 1828 words done. Current: === phase_6 nouns (144 words in queue) ===
[21:35:32] OK — 1828 words done. Current: === phase_6 nouns (144 words in queue) ===
[21:37:32] OK — 1828 words done. Current: === phase_6 nouns (144 words in queue) ===
[21:37:32] OK — 1828 words done. Current: === phase_6 nouns (144 words in queue) ===
[21:39:32] OK — 1828 words done. Current: === phase_6 nouns (144 words in queue) ===
[21:39:32] OK — 1828 words done. Current: === phase_6 nouns (144 words in queue) ===
[21:41:32] OK — 1828 words done. Current: === phase_6 nouns (144 words in queue) ===
[21:41:32] OK — 1828 words done. Current: === phase_6 nouns (144 words in queue) ===
[21:43:32] OK — 1828 words done. Current: === phase_6 nouns (144 words in queue) ===
[21:43:32] OK — 1828 words done. Current: === phase_6 nouns (144 words in queue) ===
[21:45:32] OK — 1828 words done. Current: === phase_6 nouns (144 words in queue) ===
[21:45:32] OK — 1828 words done. Current: === phase_6 nouns (144 words in queue) ===
[21:47:32] OK — 1828 words done. Current: === phase_6 nouns (144 words in queue) ===
[21:47:32] OK — 1828 words done. Current: === phase_6 nouns (144 words in queue) ===
[21:49:32] Loop not running! 1832 words done. Restarting...
[21:49:32] Loop not running! 1832 words done. Restarting...
[21:49:32] Restarting from --start-phase 6 --start-pos nouns
[21:49:32] Restarting from --start-phase 6 --start-pos nouns
[21:49:32] Loop restarted with PID 495524
[21:49:32] Loop restarted with PID 495524
[21:51:32] OK — 1835 words done. Current: === phase_6 verbs (278 words in queue) ===
[21:51:32] OK — 1835 words done. Current: === phase_6 verbs (278 words in queue) ===
[21:53:32] OK — 1835 words done. Current: === phase_6 verbs (278 words in queue) ===
[21:53:32] OK — 1835 words done. Current: === phase_6 verbs (278 words in queue) ===
[21:55:32] OK — 1835 words done. Current: === phase_6 verbs (278 words in queue) ===
[21:55:32] OK — 1835 words done. Current: === phase_6 verbs (278 words in queue) ===
[21:57:33] OK — 1835 words done. Current: === phase_6 verbs (278 words in queue) ===
[21:57:33] OK — 1835 words done. Current: === phase_6 verbs (278 words in queue) ===
[21:59:33] OK — 1835 words done. Current: === phase_6 verbs (278 words in queue) ===
[21:59:33] OK — 1835 words done. Current: === phase_6 verbs (278 words in queue) ===
[22:01:33] OK — 1835 words done. Current: === phase_6 verbs (278 words in queue) ===
[22:01:33] OK — 1835 words done. Current: === phase_6 verbs (278 words in queue) ===
[22:03:33] OK — 1835 words done. Current: === phase_6 verbs (278 words in queue) ===
[22:03:33] OK — 1835 words done. Current: === phase_6 verbs (278 words in queue) ===
[22:05:33] OK — 1835 words done. Current: === phase_6 verbs (278 words in queue) ===
[22:05:33] OK — 1835 words done. Current: === phase_6 verbs (278 words in queue) ===
[22:07:33] OK — 2068 words done. Current: === phase_6 verbs (278 words in queue) ===
[22:07:33] OK — 2068 words done. Current: === phase_6 verbs (278 words in queue) ===
[22:09:33] OK — 2068 words done. Current: === phase_6 verbs (278 words in queue) ===
[22:09:33] OK — 2068 words done. Current: === phase_6 verbs (278 words in queue) ===
[22:11:33] OK — 2068 words done. Current: === phase_6 verbs (278 words in queue) ===
[22:11:33] OK — 2068 words done. Current: === phase_6 verbs (278 words in queue) ===
[22:13:33] Loop not running! 2097 words done. Restarting...
[22:13:33] Loop not running! 2097 words done. Restarting...
[22:13:33] Restarting from --start-phase 6 --start-pos verbs
[22:13:33] Restarting from --start-phase 6 --start-pos verbs
[22:13:33] Loop restarted with PID 583108
[22:13:33] Loop restarted with PID 583108
[22:15:33] OK — 2100 words done. Current: === phase_6 adjectives (121 words in queue) ===
[22:15:33] OK — 2100 words done. Current: === phase_6 adjectives (121 words in queue) ===
[22:17:33] OK — 2100 words done. Current: === phase_6 adjectives (121 words in queue) ===
[22:17:33] OK — 2100 words done. Current: === phase_6 adjectives (121 words in queue) ===
[22:19:33] Backfill complete. 2195 words done. Watchdog exiting.
[22:19:33] Backfill complete. 2195 words done. Watchdog exiting.
