  Training audit: PASSED
  Python: /home/aomukai/.unsloth/studio/unsloth_studio/bin/python
  Device: cuda
  Phase: 0
  Seed: 1337
  Resume checkpoint: checkpoints/run4_e4.pt

============================================================
  BDH Phase 0 Training
============================================================
  Data files: ['training/corpus/run5_corpus.txt']
  Total bytes: 14,789,439
  Pre-loading corpus tensor...
  Corpus tensor: 14,789,439 tokens
  Model: small-25m (25.3M params)
  Resuming from: checkpoints/run4_e4.pt
  Seed: 1337  |  Deterministic: enabled
  Epochs: 3  |  Windows/epoch: 57771  |  Micro-steps/epoch: 7222  |  Optimizer updates/epoch: 7222  |  Total optimizer updates: 21666  |  LR: 0.001
  Block size: 256  |  Batch size: 8
  Grad accumulation: 1
  AMP bf16: enabled
  Data mode: phase_text
  VRAM logging: disabled
  Log interval: every 25 step(s)
  Output: core/run_5_oversample_reasoning.pt

    step    1/7222 (global micro     1/21666, update     1/21666)  loss 0.5241  lr 1.00e-03
    step   25/7222 (global micro    25/21666, update    25/21666)  loss 0.4569  lr 1.00e-03
    step   50/7222 (global micro    50/21666, update    50/21666)  loss 0.6207  lr 1.00e-03
    step   75/7222 (global micro    75/21666, update    75/21666)  loss 0.6441  lr 1.00e-03
    step  100/7222 (global micro   100/21666, update   100/21666)  loss 0.6435  lr 1.00e-03
    step  125/7222 (global micro   125/21666, update   125/21666)  loss 0.7214  lr 1.00e-03
    step  150/7222 (global micro   150/21666, update   150/21666)  loss 0.6994  lr 1.00e-03
    step  175/7222 (global micro   175/21666, update   175/21666)  loss 0.6588  lr 1.00e-03
    step  200/7222 (global micro   200/21666, update   200/21666)  loss 0.7350  lr 1.00e-03
    step  225/7222 (global micro   225/21666, update   225/21666)  loss 0.7890  lr 1.00e-03
    step  250/7222 (global micro   250/21666, update   250/21666)  loss 0.7155  lr 1.00e-03
    step  275/7222 (global micro   275/21666, update   275/21666)  loss 0.6529  lr 1.00e-03
    step  300/7222 (global micro   300/21666, update   300/21666)  loss 0.7533  lr 1.00e-03
    step  325/7222 (global micro   325/21666, update   325/21666)  loss 0.6115  lr 1.00e-03
    step  350/7222 (global micro   350/21666, update   350/21666)  loss 0.5991  lr 9.99e-04
    step  375/7222 (global micro   375/21666, update   375/21666)  loss 0.7605  lr 9.99e-04
    step  400/7222 (global micro   400/21666, update   400/21666)  loss 0.7132  lr 9.99e-04
    step  425/7222 (global micro   425/21666, update   425/21666)  loss 0.6883  lr 9.99e-04
    step  450/7222 (global micro   450/21666, update   450/21666)  loss 0.6881  lr 9.99e-04
    step  475/7222 (global micro   475/21666, update   475/21666)  loss 0.6293  lr 9.99e-04
    step  500/7222 (global micro   500/21666, update   500/21666)  loss 0.6922  lr 9.99e-04
    step  525/7222 (global micro   525/21666, update   525/21666)  loss 0.8031  lr 9.99e-04
    step  550/7222 (global micro   550/21666, update   550/21666)  loss 0.7725  lr 9.99e-04
    step  575/7222 (global micro   575/21666, update   575/21666)  loss 0.6484  lr 9.98e-04
    step  600/7222 (global micro   600/21666, update   600/21666)  loss 0.7044  lr 9.98e-04
    step  625/7222 (global micro   625/21666, update   625/21666)  loss 0.6930  lr 9.98e-04
    step  650/7222 (global micro   650/21666, update   650/21666)  loss 0.7402  lr 9.98e-04
    step  675/7222 (global micro   675/21666, update   675/21666)  loss 0.6310  lr 9.98e-04
    step  700/7222 (global micro   700/21666, update   700/21666)  loss 0.7525  lr 9.98e-04
    step  725/7222 (global micro   725/21666, update   725/21666)  loss 0.5790  lr 9.98e-04
    step  750/7222 (global micro   750/21666, update   750/21666)  loss 0.7403  lr 9.97e-04
    step  775/7222 (global micro   775/21666, update   775/21666)  loss 0.7999  lr 9.97e-04
    step  800/7222 (global micro   800/21666, update   800/21666)  loss 0.6540  lr 9.97e-04
    step  825/7222 (global micro   825/21666, update   825/21666)  loss 0.6493  lr 9.97e-04
    step  850/7222 (global micro   850/21666, update   850/21666)  loss 0.8250  lr 9.97e-04
    step  875/7222 (global micro   875/21666, update   875/21666)  loss 0.7724  lr 9.96e-04
    step  900/7222 (global micro   900/21666, update   900/21666)  loss 0.7260  lr 9.96e-04
    step  925/7222 (global micro   925/21666, update   925/21666)  loss 0.8337  lr 9.96e-04
    step  950/7222 (global micro   950/21666, update   950/21666)  loss 0.6587  lr 9.96e-04
    step  975/7222 (global micro   975/21666, update   975/21666)  loss 0.6826  lr 9.96e-04
    step 1000/7222 (global micro  1000/21666, update  1000/21666)  loss 0.6137  lr 9.95e-04
    step 1025/7222 (global micro  1025/21666, update  1025/21666)  loss 0.5875  lr 9.95e-04
    step 1050/7222 (global micro  1050/21666, update  1050/21666)  loss 0.6265  lr 9.95e-04
    step 1075/7222 (global micro  1075/21666, update  1075/21666)  loss 0.8246  lr 9.95e-04
    step 1100/7222 (global micro  1100/21666, update  1100/21666)  loss 0.8921  lr 9.94e-04
    step 1125/7222 (global micro  1125/21666, update  1125/21666)  loss 0.8052  lr 9.94e-04
    step 1150/7222 (global micro  1150/21666, update  1150/21666)  loss 0.6239  lr 9.94e-04
    step 1175/7222 (global micro  1175/21666, update  1175/21666)  loss 0.8391  lr 9.93e-04
    step 1200/7222 (global micro  1200/21666, update  1200/21666)  loss 0.6887  lr 9.93e-04
    step 1225/7222 (global micro  1225/21666, update  1225/21666)  loss 0.6669  lr 9.93e-04
    step 1250/7222 (global micro  1250/21666, update  1250/21666)  loss 0.8151  lr 9.93e-04
    step 1275/7222 (global micro  1275/21666, update  1275/21666)  loss 0.7571  lr 9.92e-04
    step 1300/7222 (global micro  1300/21666, update  1300/21666)  loss 0.6373  lr 9.92e-04
    step 1325/7222 (global micro  1325/21666, update  1325/21666)  loss 0.8249  lr 9.92e-04
    step 1350/7222 (global micro  1350/21666, update  1350/21666)  loss 0.7607  lr 9.91e-04
    step 1375/7222 (global micro  1375/21666, update  1375/21666)  loss 0.8150  lr 9.91e-04
    step 1400/7222 (global micro  1400/21666, update  1400/21666)  loss 0.8201  lr 9.91e-04
    step 1425/7222 (global micro  1425/21666, update  1425/21666)  loss 0.6473  lr 9.90e-04
    step 1450/7222 (global micro  1450/21666, update  1450/21666)  loss 0.7316  lr 9.90e-04
    step 1475/7222 (global micro  1475/21666, update  1475/21666)  loss 0.7504  lr 9.90e-04
    step 1500/7222 (global micro  1500/21666, update  1500/21666)  loss 0.7552  lr 9.89e-04
    step 1525/7222 (global micro  1525/21666, update  1525/21666)  loss 0.7553  lr 9.89e-04
    step 1550/7222 (global micro  1550/21666, update  1550/21666)  loss 0.7559  lr 9.89e-04
    step 1575/7222 (global micro  1575/21666, update  1575/21666)  loss 0.6099  lr 9.88e-04
    step 1600/7222 (global micro  1600/21666, update  1600/21666)  loss 0.6671  lr 9.88e-04
    step 1625/7222 (global micro  1625/21666, update  1625/21666)  loss 0.7731  lr 9.88e-04
    step 1650/7222 (global micro  1650/21666, update  1650/21666)  loss 0.6371  lr 9.87e-04
    step 1675/7222 (global micro  1675/21666, update  1675/21666)  loss 0.7857  lr 9.87e-04
    step 1700/7222 (global micro  1700/21666, update  1700/21666)  loss 0.5264  lr 9.86e-04
    step 1725/7222 (global micro  1725/21666, update  1725/21666)  loss 0.7970  lr 9.86e-04
    step 1750/7222 (global micro  1750/21666, update  1750/21666)  loss 0.7199  lr 9.86e-04
    step 1775/7222 (global micro  1775/21666, update  1775/21666)  loss 0.7624  lr 9.85e-04
    step 1800/7222 (global micro  1800/21666, update  1800/21666)  loss 0.8163  lr 9.85e-04
    step 1825/7222 (global micro  1825/21666, update  1825/21666)  loss 0.5567  lr 9.84e-04
    step 1850/7222 (global micro  1850/21666, update  1850/21666)  loss 0.6749  lr 9.84e-04
    step 1875/7222 (global micro  1875/21666, update  1875/21666)  loss 0.7446  lr 9.83e-04
    step 1900/7222 (global micro  1900/21666, update  1900/21666)  loss 0.6971  lr 9.83e-04
    step 1925/7222 (global micro  1925/21666, update  1925/21666)  loss 0.7075  lr 9.83e-04
    step 1950/7222 (global micro  1950/21666, update  1950/21666)  loss 0.8192  lr 9.82e-04
    step 1975/7222 (global micro  1975/21666, update  1975/21666)  loss 0.7690  lr 9.82e-04
    step 2000/7222 (global micro  2000/21666, update  2000/21666)  loss 0.8088  lr 9.81e-04
    step 2025/7222 (global micro  2025/21666, update  2025/21666)  loss 0.7297  lr 9.81e-04
    step 2050/7222 (global micro  2050/21666, update  2050/21666)  loss 0.6826  lr 9.80e-04
    step 2075/7222 (global micro  2075/21666, update  2075/21666)  loss 0.6088  lr 9.80e-04
    step 2100/7222 (global micro  2100/21666, update  2100/21666)  loss 0.6097  lr 9.79e-04
    step 2125/7222 (global micro  2125/21666, update  2125/21666)  loss 0.7126  lr 9.79e-04
    step 2150/7222 (global micro  2150/21666, update  2150/21666)  loss 0.5896  lr 9.78e-04
    step 2175/7222 (global micro  2175/21666, update  2175/21666)  loss 0.7922  lr 9.78e-04
    step 2200/7222 (global micro  2200/21666, update  2200/21666)  loss 0.9092  lr 9.77e-04
    step 2225/7222 (global micro  2225/21666, update  2225/21666)  loss 0.7257  lr 9.77e-04
    step 2250/7222 (global micro  2250/21666, update  2250/21666)  loss 1.0452  lr 9.76e-04
    step 2275/7222 (global micro  2275/21666, update  2275/21666)  loss 0.6921  lr 9.76e-04
    step 2300/7222 (global micro  2300/21666, update  2300/21666)  loss 0.8984  lr 9.75e-04
    step 2325/7222 (global micro  2325/21666, update  2325/21666)  loss 0.6887  lr 9.75e-04
    step 2350/7222 (global micro  2350/21666, update  2350/21666)  loss 0.6589  lr 9.74e-04
    step 2375/7222 (global micro  2375/21666, update  2375/21666)  loss 0.7573  lr 9.74e-04
    step 2400/7222 (global micro  2400/21666, update  2400/21666)  loss 0.7831  lr 9.73e-04
    step 2425/7222 (global micro  2425/21666, update  2425/21666)  loss 0.7138  lr 9.72e-04
    step 2450/7222 (global micro  2450/21666, update  2450/21666)  loss 0.6282  lr 9.72e-04
    step 2475/7222 (global micro  2475/21666, update  2475/21666)  loss 0.7564  lr 9.71e-04
    step 2500/7222 (global micro  2500/21666, update  2500/21666)  loss 0.7780  lr 9.71e-04
    step 2525/7222 (global micro  2525/21666, update  2525/21666)  loss 0.7504  lr 9.70e-04
    step 2550/7222 (global micro  2550/21666, update  2550/21666)  loss 0.6955  lr 9.70e-04
    step 2575/7222 (global micro  2575/21666, update  2575/21666)  loss 0.7299  lr 9.69e-04
    step 2600/7222 (global micro  2600/21666, update  2600/21666)  loss 0.6752  lr 9.68e-04
    step 2625/7222 (global micro  2625/21666, update  2625/21666)  loss 0.8558  lr 9.68e-04
    step 2650/7222 (global micro  2650/21666, update  2650/21666)  loss 0.6659  lr 9.67e-04
    step 2675/7222 (global micro  2675/21666, update  2675/21666)  loss 0.8605  lr 9.67e-04
    step 2700/7222 (global micro  2700/21666, update  2700/21666)  loss 0.7028  lr 9.66e-04
    step 2725/7222 (global micro  2725/21666, update  2725/21666)  loss 0.8905  lr 9.65e-04
    step 2750/7222 (global micro  2750/21666, update  2750/21666)  loss 0.7167  lr 9.65e-04
    step 2775/7222 (global micro  2775/21666, update  2775/21666)  loss 0.7209  lr 9.64e-04
    step 2800/7222 (global micro  2800/21666, update  2800/21666)  loss 0.7186  lr 9.63e-04
    step 2825/7222 (global micro  2825/21666, update  2825/21666)  loss 0.6676  lr 9.63e-04
    step 2850/7222 (global micro  2850/21666, update  2850/21666)  loss 0.8255  lr 9.62e-04
    step 2875/7222 (global micro  2875/21666, update  2875/21666)  loss 0.7400  lr 9.61e-04
    step 2900/7222 (global micro  2900/21666, update  2900/21666)  loss 0.8186  lr 9.61e-04
    step 2925/7222 (global micro  2925/21666, update  2925/21666)  loss 0.7964  lr 9.60e-04
    step 2950/7222 (global micro  2950/21666, update  2950/21666)  loss 0.7091  lr 9.59e-04
    step 2975/7222 (global micro  2975/21666, update  2975/21666)  loss 0.6711  lr 9.59e-04
    step 3000/7222 (global micro  3000/21666, update  3000/21666)  loss 0.8116  lr 9.58e-04
    step 3025/7222 (global micro  3025/21666, update  3025/21666)  loss 0.8875  lr 9.57e-04
    step 3050/7222 (global micro  3050/21666, update  3050/21666)  loss 0.7817  lr 9.57e-04
    step 3075/7222 (global micro  3075/21666, update  3075/21666)  loss 0.6394  lr 9.56e-04
    step 3100/7222 (global micro  3100/21666, update  3100/21666)  loss 0.9114  lr 9.55e-04
    step 3125/7222 (global micro  3125/21666, update  3125/21666)  loss 0.8371  lr 9.55e-04
    step 3150/7222 (global micro  3150/21666, update  3150/21666)  loss 0.7257  lr 9.54e-04
    step 3175/7222 (global micro  3175/21666, update  3175/21666)  loss 0.8166  lr 9.53e-04
    step 3200/7222 (global micro  3200/21666, update  3200/21666)  loss 0.6920  lr 9.52e-04
    step 3225/7222 (global micro  3225/21666, update  3225/21666)  loss 0.8852  lr 9.52e-04
    step 3250/7222 (global micro  3250/21666, update  3250/21666)  loss 0.6819  lr 9.51e-04
    step 3275/7222 (global micro  3275/21666, update  3275/21666)  loss 0.7834  lr 9.50e-04
    step 3300/7222 (global micro  3300/21666, update  3300/21666)  loss 0.6686  lr 9.49e-04
    step 3325/7222 (global micro  3325/21666, update  3325/21666)  loss 0.6678  lr 9.49e-04
    step 3350/7222 (global micro  3350/21666, update  3350/21666)  loss 0.7449  lr 9.48e-04
    step 3375/7222 (global micro  3375/21666, update  3375/21666)  loss 0.7931  lr 9.47e-04
    step 3400/7222 (global micro  3400/21666, update  3400/21666)  loss 0.7462  lr 9.46e-04
    step 3425/7222 (global micro  3425/21666, update  3425/21666)  loss 0.6456  lr 9.46e-04
    step 3450/7222 (global micro  3450/21666, update  3450/21666)  loss 0.8354  lr 9.45e-04
    step 3475/7222 (global micro  3475/21666, update  3475/21666)  loss 0.7735  lr 9.44e-04
    step 3500/7222 (global micro  3500/21666, update  3500/21666)  loss 0.6472  lr 9.43e-04
    step 3525/7222 (global micro  3525/21666, update  3525/21666)  loss 0.7715  lr 9.42e-04
    step 3550/7222 (global micro  3550/21666, update  3550/21666)  loss 0.6293  lr 9.42e-04
    step 3575/7222 (global micro  3575/21666, update  3575/21666)  loss 0.8876  lr 9.41e-04
    step 3600/7222 (global micro  3600/21666, update  3600/21666)  loss 0.7406  lr 9.40e-04
    step 3625/7222 (global micro  3625/21666, update  3625/21666)  loss 0.6380  lr 9.39e-04
    step 3650/7222 (global micro  3650/21666, update  3650/21666)  loss 0.7914  lr 9.38e-04
    step 3675/7222 (global micro  3675/21666, update  3675/21666)  loss 0.7333  lr 9.38e-04
    step 3700/7222 (global micro  3700/21666, update  3700/21666)  loss 0.6797  lr 9.37e-04
    step 3725/7222 (global micro  3725/21666, update  3725/21666)  loss 0.7304  lr 9.36e-04
    step 3750/7222 (global micro  3750/21666, update  3750/21666)  loss 0.7284  lr 9.35e-04
    step 3775/7222 (global micro  3775/21666, update  3775/21666)  loss 0.7084  lr 9.34e-04
    step 3800/7222 (global micro  3800/21666, update  3800/21666)  loss 0.5972  lr 9.33e-04
    step 3825/7222 (global micro  3825/21666, update  3825/21666)  loss 0.7879  lr 9.33e-04
    step 3850/7222 (global micro  3850/21666, update  3850/21666)  loss 0.6739  lr 9.32e-04
    step 3875/7222 (global micro  3875/21666, update  3875/21666)  loss 0.7115  lr 9.31e-04
    step 3900/7222 (global micro  3900/21666, update  3900/21666)  loss 0.7189  lr 9.30e-04
    step 3925/7222 (global micro  3925/21666, update  3925/21666)  loss 0.6363  lr 9.29e-04
    step 3950/7222 (global micro  3950/21666, update  3950/21666)  loss 0.7698  lr 9.28e-04
    step 3975/7222 (global micro  3975/21666, update  3975/21666)  loss 0.6916  lr 9.27e-04
    step 4000/7222 (global micro  4000/21666, update  4000/21666)  loss 0.7119  lr 9.26e-04
    step 4025/7222 (global micro  4025/21666, update  4025/21666)  loss 0.7792  lr 9.26e-04
    step 4050/7222 (global micro  4050/21666, update  4050/21666)  loss 0.8464  lr 9.25e-04
    step 4075/7222 (global micro  4075/21666, update  4075/21666)  loss 0.8866  lr 9.24e-04
    step 4100/7222 (global micro  4100/21666, update  4100/21666)  loss 0.8157  lr 9.23e-04
    step 4125/7222 (global micro  4125/21666, update  4125/21666)  loss 0.8508  lr 9.22e-04
    step 4150/7222 (global micro  4150/21666, update  4150/21666)  loss 0.7272  lr 9.21e-04
    step 4175/7222 (global micro  4175/21666, update  4175/21666)  loss 0.7230  lr 9.20e-04
    step 4200/7222 (global micro  4200/21666, update  4200/21666)  loss 0.8218  lr 9.19e-04
    step 4225/7222 (global micro  4225/21666, update  4225/21666)  loss 0.7470  lr 9.18e-04
    step 4250/7222 (global micro  4250/21666, update  4250/21666)  loss 0.6128  lr 9.17e-04
    step 4275/7222 (global micro  4275/21666, update  4275/21666)  loss 0.8229  lr 9.16e-04
    step 4300/7222 (global micro  4300/21666, update  4300/21666)  loss 0.7735  lr 9.15e-04
    step 4325/7222 (global micro  4325/21666, update  4325/21666)  loss 0.7786  lr 9.14e-04
    step 4350/7222 (global micro  4350/21666, update  4350/21666)  loss 0.6172  lr 9.13e-04
    step 4375/7222 (global micro  4375/21666, update  4375/21666)  loss 0.5801  lr 9.12e-04
    step 4400/7222 (global micro  4400/21666, update  4400/21666)  loss 0.7241  lr 9.11e-04
    step 4425/7222 (global micro  4425/21666, update  4425/21666)  loss 0.6978  lr 9.11e-04
    step 4450/7222 (global micro  4450/21666, update  4450/21666)  loss 0.6505  lr 9.10e-04
    step 4475/7222 (global micro  4475/21666, update  4475/21666)  loss 0.8827  lr 9.09e-04
    step 4500/7222 (global micro  4500/21666, update  4500/21666)  loss 0.6977  lr 9.08e-04
    step 4525/7222 (global micro  4525/21666, update  4525/21666)  loss 0.6383  lr 9.07e-04
    step 4550/7222 (global micro  4550/21666, update  4550/21666)  loss 0.8122  lr 9.06e-04
    step 4575/7222 (global micro  4575/21666, update  4575/21666)  loss 0.8166  lr 9.05e-04
    step 4600/7222 (global micro  4600/21666, update  4600/21666)  loss 0.7989  lr 9.04e-04
    step 4625/7222 (global micro  4625/21666, update  4625/21666)  loss 0.7746  lr 9.03e-04
    step 4650/7222 (global micro  4650/21666, update  4650/21666)  loss 0.8025  lr 9.02e-04
    step 4675/7222 (global micro  4675/21666, update  4675/21666)  loss 0.5750  lr 9.01e-04
    step 4700/7222 (global micro  4700/21666, update  4700/21666)  loss 0.7718  lr 8.99e-04
    step 4725/7222 (global micro  4725/21666, update  4725/21666)  loss 0.7722  lr 8.98e-04
    step 4750/7222 (global micro  4750/21666, update  4750/21666)  loss 0.6558  lr 8.97e-04
    step 4775/7222 (global micro  4775/21666, update  4775/21666)  loss 0.7374  lr 8.96e-04
    step 4800/7222 (global micro  4800/21666, update  4800/21666)  loss 0.8636  lr 8.95e-04
    step 4825/7222 (global micro  4825/21666, update  4825/21666)  loss 0.7032  lr 8.94e-04
    step 4850/7222 (global micro  4850/21666, update  4850/21666)  loss 0.7336  lr 8.93e-04
    step 4875/7222 (global micro  4875/21666, update  4875/21666)  loss 0.6173  lr 8.92e-04
    step 4900/7222 (global micro  4900/21666, update  4900/21666)  loss 0.7271  lr 8.91e-04
    step 4925/7222 (global micro  4925/21666, update  4925/21666)  loss 0.6791  lr 8.90e-04
    step 4950/7222 (global micro  4950/21666, update  4950/21666)  loss 0.9190  lr 8.89e-04
    step 4975/7222 (global micro  4975/21666, update  4975/21666)  loss 0.6618  lr 8.88e-04
    step 5000/7222 (global micro  5000/21666, update  5000/21666)  loss 0.6978  lr 8.87e-04
    step 5025/7222 (global micro  5025/21666, update  5025/21666)  loss 0.6573  lr 8.86e-04
    step 5050/7222 (global micro  5050/21666, update  5050/21666)  loss 0.7176  lr 8.85e-04
    step 5075/7222 (global micro  5075/21666, update  5075/21666)  loss 0.7459  lr 8.84e-04
    step 5100/7222 (global micro  5100/21666, update  5100/21666)  loss 0.8167  lr 8.82e-04
    step 5125/7222 (global micro  5125/21666, update  5125/21666)  loss 0.8310  lr 8.81e-04
    step 5150/7222 (global micro  5150/21666, update  5150/21666)  loss 0.7525  lr 8.80e-04
    step 5175/7222 (global micro  5175/21666, update  5175/21666)  loss 0.6698  lr 8.79e-04
    step 5200/7222 (global micro  5200/21666, update  5200/21666)  loss 0.5931  lr 8.78e-04
    step 5225/7222 (global micro  5225/21666, update  5225/21666)  loss 0.7261  lr 8.77e-04
    step 5250/7222 (global micro  5250/21666, update  5250/21666)  loss 0.7427  lr 8.76e-04
    step 5275/7222 (global micro  5275/21666, update  5275/21666)  loss 0.8663  lr 8.75e-04
    step 5300/7222 (global micro  5300/21666, update  5300/21666)  loss 0.8861  lr 8.74e-04
    step 5325/7222 (global micro  5325/21666, update  5325/21666)  loss 0.6219  lr 8.72e-04
    step 5350/7222 (global micro  5350/21666, update  5350/21666)  loss 0.7855  lr 8.71e-04
    step 5375/7222 (global micro  5375/21666, update  5375/21666)  loss 0.7023  lr 8.70e-04
    step 5400/7222 (global micro  5400/21666, update  5400/21666)  loss 0.7043  lr 8.69e-04
    step 5425/7222 (global micro  5425/21666, update  5425/21666)  loss 0.7710  lr 8.68e-04
    step 5450/7222 (global micro  5450/21666, update  5450/21666)  loss 0.6822  lr 8.67e-04
    step 5475/7222 (global micro  5475/21666, update  5475/21666)  loss 0.6015  lr 8.65e-04
    step 5500/7222 (global micro  5500/21666, update  5500/21666)  loss 0.6765  lr 8.64e-04
    step 5525/7222 (global micro  5525/21666, update  5525/21666)  loss 0.6855  lr 8.63e-04
    step 5550/7222 (global micro  5550/21666, update  5550/21666)  loss 0.7044  lr 8.62e-04
    step 5575/7222 (global micro  5575/21666, update  5575/21666)  loss 0.7983  lr 8.61e-04
    step 5600/7222 (global micro  5600/21666, update  5600/21666)  loss 0.6088  lr 8.60e-04
    step 5625/7222 (global micro  5625/21666, update  5625/21666)  loss 0.6206  lr 8.58e-04
    step 5650/7222 (global micro  5650/21666, update  5650/21666)  loss 0.7629  lr 8.57e-04
    step 5675/7222 (global micro  5675/21666, update  5675/21666)  loss 0.8920  lr 8.56e-04
    step 5700/7222 (global micro  5700/21666, update  5700/21666)  loss 0.6877  lr 8.55e-04
    step 5725/7222 (global micro  5725/21666, update  5725/21666)  loss 0.8588  lr 8.54e-04
    step 5750/7222 (global micro  5750/21666, update  5750/21666)  loss 0.8009  lr 8.52e-04
    step 5775/7222 (global micro  5775/21666, update  5775/21666)  loss 0.6403  lr 8.51e-04
    step 5800/7222 (global micro  5800/21666, update  5800/21666)  loss 0.5724  lr 8.50e-04
    step 5825/7222 (global micro  5825/21666, update  5825/21666)  loss 0.8064  lr 8.49e-04
    step 5850/7222 (global micro  5850/21666, update  5850/21666)  loss 0.6380  lr 8.48e-04
    step 5875/7222 (global micro  5875/21666, update  5875/21666)  loss 0.6583  lr 8.46e-04
    step 5900/7222 (global micro  5900/21666, update  5900/21666)  loss 0.7991  lr 8.45e-04
    step 5925/7222 (global micro  5925/21666, update  5925/21666)  loss 0.6269  lr 8.44e-04
    step 5950/7222 (global micro  5950/21666, update  5950/21666)  loss 1.0262  lr 8.43e-04
    step 5975/7222 (global micro  5975/21666, update  5975/21666)  loss 0.7162  lr 8.41e-04
    step 6000/7222 (global micro  6000/21666, update  6000/21666)  loss 0.7609  lr 8.40e-04
    step 6025/7222 (global micro  6025/21666, update  6025/21666)  loss 0.6521  lr 8.39e-04
    step 6050/7222 (global micro  6050/21666, update  6050/21666)  loss 0.8326  lr 8.38e-04
    step 6075/7222 (global micro  6075/21666, update  6075/21666)  loss 0.7988  lr 8.36e-04
    step 6100/7222 (global micro  6100/21666, update  6100/21666)  loss 0.6366  lr 8.35e-04
    step 6125/7222 (global micro  6125/21666, update  6125/21666)  loss 0.7455  lr 8.34e-04
    step 6150/7222 (global micro  6150/21666, update  6150/21666)  loss 0.7177  lr 8.33e-04
    step 6175/7222 (global micro  6175/21666, update  6175/21666)  loss 0.6845  lr 8.31e-04
    step 6200/7222 (global micro  6200/21666, update  6200/21666)  loss 0.7125  lr 8.30e-04
    step 6225/7222 (global micro  6225/21666, update  6225/21666)  loss 0.5484  lr 8.29e-04
    step 6250/7222 (global micro  6250/21666, update  6250/21666)  loss 0.7770  lr 8.28e-04
    step 6275/7222 (global micro  6275/21666, update  6275/21666)  loss 0.8312  lr 8.26e-04
    step 6300/7222 (global micro  6300/21666, update  6300/21666)  loss 0.7785  lr 8.25e-04
    step 6325/7222 (global micro  6325/21666, update  6325/21666)  loss 0.7264  lr 8.24e-04
    step 6350/7222 (global micro  6350/21666, update  6350/21666)  loss 0.5684  lr 8.22e-04
    step 6375/7222 (global micro  6375/21666, update  6375/21666)  loss 0.7116  lr 8.21e-04
    step 6400/7222 (global micro  6400/21666, update  6400/21666)  loss 0.8825  lr 8.20e-04
    step 6425/7222 (global micro  6425/21666, update  6425/21666)  loss 0.7165  lr 8.18e-04
    step 6450/7222 (global micro  6450/21666, update  6450/21666)  loss 0.6732  lr 8.17e-04
    step 6475/7222 (global micro  6475/21666, update  6475/21666)  loss 0.6327  lr 8.16e-04
    step 6500/7222 (global micro  6500/21666, update  6500/21666)  loss 0.7171  lr 8.14e-04
    step 6525/7222 (global micro  6525/21666, update  6525/21666)  loss 0.5630  lr 8.13e-04
    step 6550/7222 (global micro  6550/21666, update  6550/21666)  loss 0.7009  lr 8.12e-04
    step 6575/7222 (global micro  6575/21666, update  6575/21666)  loss 0.6003  lr 8.11e-04
    step 6600/7222 (global micro  6600/21666, update  6600/21666)  loss 0.6678  lr 8.09e-04
    step 6625/7222 (global micro  6625/21666, update  6625/21666)  loss 0.8218  lr 8.08e-04
    step 6650/7222 (global micro  6650/21666, update  6650/21666)  loss 0.7960  lr 8.07e-04
    step 6675/7222 (global micro  6675/21666, update  6675/21666)  loss 0.6902  lr 8.05e-04
    step 6700/7222 (global micro  6700/21666, update  6700/21666)  loss 0.6044  lr 8.04e-04
    step 6725/7222 (global micro  6725/21666, update  6725/21666)  loss 0.6732  lr 8.02e-04
    step 6750/7222 (global micro  6750/21666, update  6750/21666)  loss 0.6827  lr 8.01e-04
    step 6775/7222 (global micro  6775/21666, update  6775/21666)  loss 0.6472  lr 8.00e-04
    step 6800/7222 (global micro  6800/21666, update  6800/21666)  loss 0.6290  lr 7.98e-04
    step 6825/7222 (global micro  6825/21666, update  6825/21666)  loss 0.5001  lr 7.97e-04
    step 6850/7222 (global micro  6850/21666, update  6850/21666)  loss 0.7908  lr 7.96e-04
    step 6875/7222 (global micro  6875/21666, update  6875/21666)  loss 0.7944  lr 7.94e-04
    step 6900/7222 (global micro  6900/21666, update  6900/21666)  loss 0.8201  lr 7.93e-04
    step 6925/7222 (global micro  6925/21666, update  6925/21666)  loss 0.6333  lr 7.92e-04
    step 6950/7222 (global micro  6950/21666, update  6950/21666)  loss 0.7968  lr 7.90e-04
    step 6975/7222 (global micro  6975/21666, update  6975/21666)  loss 0.7589  lr 7.89e-04
    step 7000/7222 (global micro  7000/21666, update  7000/21666)  loss 0.7834  lr 7.87e-04
    step 7025/7222 (global micro  7025/21666, update  7025/21666)  loss 0.7910  lr 7.86e-04
    step 7050/7222 (global micro  7050/21666, update  7050/21666)  loss 0.8294  lr 7.85e-04
    step 7075/7222 (global micro  7075/21666, update  7075/21666)  loss 0.6029  lr 7.83e-04
    step 7100/7222 (global micro  7100/21666, update  7100/21666)  loss 0.5779  lr 7.82e-04
    step 7125/7222 (global micro  7125/21666, update  7125/21666)  loss 0.6828  lr 7.80e-04
    step 7150/7222 (global micro  7150/21666, update  7150/21666)  loss 0.6153  lr 7.79e-04
    step 7175/7222 (global micro  7175/21666, update  7175/21666)  loss 0.7754  lr 7.78e-04
    step 7200/7222 (global micro  7200/21666, update  7200/21666)  loss 0.8874  lr 7.76e-04
    step 7222/7222 (global micro  7222/21666, update  7222/21666)  loss 0.6982  lr 7.75e-04
  epoch   1/3  loss 0.7281  lr 7.75e-04  (2713.1s)
  Epoch checkpoint: core/run_5_oversample_reasoning_e1.pt
    step    1/7222 (global micro  7223/21666, update  7223/21666)  loss 0.6043  lr 7.75e-04
    step   25/7222 (global micro  7247/21666, update  7247/21666)  loss 0.8051  lr 7.74e-04
    step   50/7222 (global micro  7272/21666, update  7272/21666)  loss 0.5850  lr 7.72e-04
    step   75/7222 (global micro  7297/21666, update  7297/21666)  loss 0.6483  lr 7.71e-04
    step  100/7222 (global micro  7322/21666, update  7322/21666)  loss 0.6587  lr 7.69e-04
    step  125/7222 (global micro  7347/21666, update  7347/21666)  loss 0.5400  lr 7.68e-04
    step  150/7222 (global micro  7372/21666, update  7372/21666)  loss 0.6656  lr 7.66e-04
    step  175/7222 (global micro  7397/21666, update  7397/21666)  loss 0.5117  lr 7.65e-04
    step  200/7222 (global micro  7422/21666, update  7422/21666)  loss 0.8200  lr 7.64e-04
    step  225/7222 (global micro  7447/21666, update  7447/21666)  loss 0.6956  lr 7.62e-04
    step  250/7222 (global micro  7472/21666, update  7472/21666)  loss 0.6101  lr 7.61e-04
    step  275/7222 (global micro  7497/21666, update  7497/21666)  loss 0.7132  lr 7.59e-04
    step  300/7222 (global micro  7522/21666, update  7522/21666)  loss 0.7032  lr 7.58e-04
    step  325/7222 (global micro  7547/21666, update  7547/21666)  loss 0.6914  lr 7.56e-04
    step  350/7222 (global micro  7572/21666, update  7572/21666)  loss 0.7638  lr 7.55e-04
    step  375/7222 (global micro  7597/21666, update  7597/21666)  loss 0.6709  lr 7.53e-04
    step  400/7222 (global micro  7622/21666, update  7622/21666)  loss 0.7223  lr 7.52e-04
    step  425/7222 (global micro  7647/21666, update  7647/21666)  loss 0.6908  lr 7.51e-04
    step  450/7222 (global micro  7672/21666, update  7672/21666)  loss 0.5139  lr 7.49e-04
    step  475/7222 (global micro  7697/21666, update  7697/21666)  loss 0.7235  lr 7.48e-04
    step  500/7222 (global micro  7722/21666, update  7722/21666)  loss 0.6082  lr 7.46e-04
    step  525/7222 (global micro  7747/21666, update  7747/21666)  loss 0.7527  lr 7.45e-04
    step  550/7222 (global micro  7772/21666, update  7772/21666)  loss 0.7441  lr 7.43e-04
    step  575/7222 (global micro  7797/21666, update  7797/21666)  loss 0.7345  lr 7.42e-04
    step  600/7222 (global micro  7822/21666, update  7822/21666)  loss 0.6593  lr 7.40e-04
    step  625/7222 (global micro  7847/21666, update  7847/21666)  loss 0.7636  lr 7.39e-04
    step  650/7222 (global micro  7872/21666, update  7872/21666)  loss 0.5723  lr 7.37e-04
    step  675/7222 (global micro  7897/21666, update  7897/21666)  loss 0.7235  lr 7.36e-04
    step  700/7222 (global micro  7922/21666, update  7922/21666)  loss 0.6769  lr 7.34e-04
    step  725/7222 (global micro  7947/21666, update  7947/21666)  loss 0.6698  lr 7.33e-04
    step  750/7222 (global micro  7972/21666, update  7972/21666)  loss 0.8012  lr 7.31e-04
    step  775/7222 (global micro  7997/21666, update  7997/21666)  loss 0.7618  lr 7.30e-04
    step  800/7222 (global micro  8022/21666, update  8022/21666)  loss 0.5445  lr 7.28e-04
    step  825/7222 (global micro  8047/21666, update  8047/21666)  loss 0.5744  lr 7.27e-04
    step  850/7222 (global micro  8072/21666, update  8072/21666)  loss 0.7054  lr 7.25e-04
    step  875/7222 (global micro  8097/21666, update  8097/21666)  loss 0.7220  lr 7.24e-04
    step  900/7222 (global micro  8122/21666, update  8122/21666)  loss 0.5652  lr 7.22e-04
    step  925/7222 (global micro  8147/21666, update  8147/21666)  loss 0.6910  lr 7.21e-04
    step  950/7222 (global micro  8172/21666, update  8172/21666)  loss 0.5331  lr 7.19e-04
    step  975/7222 (global micro  8197/21666, update  8197/21666)  loss 0.6903  lr 7.18e-04
    step 1000/7222 (global micro  8222/21666, update  8222/21666)  loss 0.7606  lr 7.16e-04
    step 1025/7222 (global micro  8247/21666, update  8247/21666)  loss 0.5881  lr 7.15e-04
    step 1050/7222 (global micro  8272/21666, update  8272/21666)  loss 0.6871  lr 7.13e-04
    step 1075/7222 (global micro  8297/21666, update  8297/21666)  loss 0.7861  lr 7.12e-04
    step 1100/7222 (global micro  8322/21666, update  8322/21666)  loss 0.6968  lr 7.10e-04
    step 1125/7222 (global micro  8347/21666, update  8347/21666)  loss 0.5255  lr 7.09e-04
    step 1150/7222 (global micro  8372/21666, update  8372/21666)  loss 0.7887  lr 7.07e-04
    step 1175/7222 (global micro  8397/21666, update  8397/21666)  loss 0.7822  lr 7.06e-04
    step 1200/7222 (global micro  8422/21666, update  8422/21666)  loss 0.6694  lr 7.04e-04
    step 1225/7222 (global micro  8447/21666, update  8447/21666)  loss 0.6032  lr 7.03e-04
    step 1250/7222 (global micro  8472/21666, update  8472/21666)  loss 0.6918  lr 7.01e-04
    step 1275/7222 (global micro  8497/21666, update  8497/21666)  loss 0.8685  lr 7.00e-04
    step 1300/7222 (global micro  8522/21666, update  8522/21666)  loss 0.7327  lr 6.98e-04
    step 1325/7222 (global micro  8547/21666, update  8547/21666)  loss 0.5763  lr 6.96e-04
    step 1350/7222 (global micro  8572/21666, update  8572/21666)  loss 0.5873  lr 6.95e-04
    step 1375/7222 (global micro  8597/21666, update  8597/21666)  loss 0.7083  lr 6.93e-04
    step 1400/7222 (global micro  8622/21666, update  8622/21666)  loss 0.6833  lr 6.92e-04
    step 1425/7222 (global micro  8647/21666, update  8647/21666)  loss 0.5507  lr 6.90e-04
    step 1450/7222 (global micro  8672/21666, update  8672/21666)  loss 0.4848  lr 6.89e-04
    step 1475/7222 (global micro  8697/21666, update  8697/21666)  loss 0.8170  lr 6.87e-04
    step 1500/7222 (global micro  8722/21666, update  8722/21666)  loss 0.6053  lr 6.86e-04
    step 1525/7222 (global micro  8747/21666, update  8747/21666)  loss 0.7131  lr 6.84e-04
    step 1550/7222 (global micro  8772/21666, update  8772/21666)  loss 0.6806  lr 6.82e-04
    step 1575/7222 (global micro  8797/21666, update  8797/21666)  loss 0.5829  lr 6.81e-04
    step 1600/7222 (global micro  8822/21666, update  8822/21666)  loss 0.6842  lr 6.79e-04
    step 1625/7222 (global micro  8847/21666, update  8847/21666)  loss 0.7140  lr 6.78e-04
    step 1650/7222 (global micro  8872/21666, update  8872/21666)  loss 0.7055  lr 6.76e-04
    step 1675/7222 (global micro  8897/21666, update  8897/21666)  loss 0.6948  lr 6.75e-04
    step 1700/7222 (global micro  8922/21666, update  8922/21666)  loss 0.7763  lr 6.73e-04
    step 1725/7222 (global micro  8947/21666, update  8947/21666)  loss 0.5781  lr 6.72e-04
    step 1750/7222 (global micro  8972/21666, update  8972/21666)  loss 0.5973  lr 6.70e-04
    step 1775/7222 (global micro  8997/21666, update  8997/21666)  loss 0.7101  lr 6.68e-04
    step 1800/7222 (global micro  9022/21666, update  9022/21666)  loss 0.5959  lr 6.67e-04
    step 1825/7222 (global micro  9047/21666, update  9047/21666)  loss 0.6526  lr 6.65e-04
    step 1850/7222 (global micro  9072/21666, update  9072/21666)  loss 0.8703  lr 6.64e-04
    step 1875/7222 (global micro  9097/21666, update  9097/21666)  loss 0.5462  lr 6.62e-04
    step 1900/7222 (global micro  9122/21666, update  9122/21666)  loss 0.5456  lr 6.61e-04
    step 1925/7222 (global micro  9147/21666, update  9147/21666)  loss 0.7370  lr 6.59e-04
    step 1950/7222 (global micro  9172/21666, update  9172/21666)  loss 0.6408  lr 6.57e-04
    step 1975/7222 (global micro  9197/21666, update  9197/21666)  loss 0.5918  lr 6.56e-04
    step 2000/7222 (global micro  9222/21666, update  9222/21666)  loss 0.5488  lr 6.54e-04
    step 2025/7222 (global micro  9247/21666, update  9247/21666)  loss 0.7328  lr 6.53e-04
    step 2050/7222 (global micro  9272/21666, update  9272/21666)  loss 0.6588  lr 6.51e-04
    step 2075/7222 (global micro  9297/21666, update  9297/21666)  loss 0.6218  lr 6.49e-04
    step 2100/7222 (global micro  9322/21666, update  9322/21666)  loss 0.7348  lr 6.48e-04
    step 2125/7222 (global micro  9347/21666, update  9347/21666)  loss 0.6757  lr 6.46e-04
    step 2150/7222 (global micro  9372/21666, update  9372/21666)  loss 0.6821  lr 6.45e-04
    step 2175/7222 (global micro  9397/21666, update  9397/21666)  loss 0.5855  lr 6.43e-04
    step 2200/7222 (global micro  9422/21666, update  9422/21666)  loss 0.6331  lr 6.41e-04
    step 2225/7222 (global micro  9447/21666, update  9447/21666)  loss 0.7988  lr 6.40e-04
    step 2250/7222 (global micro  9472/21666, update  9472/21666)  loss 0.6248  lr 6.38e-04
    step 2275/7222 (global micro  9497/21666, update  9497/21666)  loss 0.6468  lr 6.37e-04
    step 2300/7222 (global micro  9522/21666, update  9522/21666)  loss 0.6661  lr 6.35e-04
    step 2325/7222 (global micro  9547/21666, update  9547/21666)  loss 0.6330  lr 6.33e-04
    step 2350/7222 (global micro  9572/21666, update  9572/21666)  loss 0.6872  lr 6.32e-04
    step 2375/7222 (global micro  9597/21666, update  9597/21666)  loss 0.5474  lr 6.30e-04
    step 2400/7222 (global micro  9622/21666, update  9622/21666)  loss 0.6131  lr 6.29e-04
    step 2425/7222 (global micro  9647/21666, update  9647/21666)  loss 0.6475  lr 6.27e-04
    step 2450/7222 (global micro  9672/21666, update  9672/21666)  loss 0.5911  lr 6.25e-04
    step 2475/7222 (global micro  9697/21666, update  9697/21666)  loss 0.6293  lr 6.24e-04
    step 2500/7222 (global micro  9722/21666, update  9722/21666)  loss 0.6927  lr 6.22e-04
    step 2525/7222 (global micro  9747/21666, update  9747/21666)  loss 0.6405  lr 6.21e-04
    step 2550/7222 (global micro  9772/21666, update  9772/21666)  loss 0.6097  lr 6.19e-04
    step 2575/7222 (global micro  9797/21666, update  9797/21666)  loss 0.6874  lr 6.17e-04
    step 2600/7222 (global micro  9822/21666, update  9822/21666)  loss 0.5991  lr 6.16e-04
    step 2625/7222 (global micro  9847/21666, update  9847/21666)  loss 0.8722  lr 6.14e-04
    step 2650/7222 (global micro  9872/21666, update  9872/21666)  loss 0.7553  lr 6.13e-04
    step 2675/7222 (global micro  9897/21666, update  9897/21666)  loss 0.7972  lr 6.11e-04
    step 2700/7222 (global micro  9922/21666, update  9922/21666)  loss 0.7607  lr 6.09e-04
    step 2725/7222 (global micro  9947/21666, update  9947/21666)  loss 0.6578  lr 6.08e-04
    step 2750/7222 (global micro  9972/21666, update  9972/21666)  loss 0.7559  lr 6.06e-04
    step 2775/7222 (global micro  9997/21666, update  9997/21666)  loss 0.6358  lr 6.04e-04
    step 2800/7222 (global micro 10022/21666, update 10022/21666)  loss 0.6944  lr 6.03e-04
    step 2825/7222 (global micro 10047/21666, update 10047/21666)  loss 0.5717  lr 6.01e-04
    step 2850/7222 (global micro 10072/21666, update 10072/21666)  loss 0.5665  lr 6.00e-04
    step 2875/7222 (global micro 10097/21666, update 10097/21666)  loss 0.7115  lr 5.98e-04
    step 2900/7222 (global micro 10122/21666, update 10122/21666)  loss 0.6019  lr 5.96e-04
    step 2925/7222 (global micro 10147/21666, update 10147/21666)  loss 0.6335  lr 5.95e-04
    step 2950/7222 (global micro 10172/21666, update 10172/21666)  loss 0.6099  lr 5.93e-04
    step 2975/7222 (global micro 10197/21666, update 10197/21666)  loss 0.6223  lr 5.91e-04
    step 3000/7222 (global micro 10222/21666, update 10222/21666)  loss 0.5477  lr 5.90e-04
    step 3025/7222 (global micro 10247/21666, update 10247/21666)  loss 0.6013  lr 5.88e-04
    step 3050/7222 (global micro 10272/21666, update 10272/21666)  loss 0.5951  lr 5.87e-04
    step 3075/7222 (global micro 10297/21666, update 10297/21666)  loss 0.9008  lr 5.85e-04
    step 3100/7222 (global micro 10322/21666, update 10322/21666)  loss 0.6125  lr 5.83e-04
    step 3125/7222 (global micro 10347/21666, update 10347/21666)  loss 0.6984  lr 5.82e-04
    step 3150/7222 (global micro 10372/21666, update 10372/21666)  loss 0.6077  lr 5.80e-04
    step 3175/7222 (global micro 10397/21666, update 10397/21666)  loss 0.6105  lr 5.78e-04
    step 3200/7222 (global micro 10422/21666, update 10422/21666)  loss 0.7220  lr 5.77e-04
    step 3225/7222 (global micro 10447/21666, update 10447/21666)  loss 0.7268  lr 5.75e-04
    step 3250/7222 (global micro 10472/21666, update 10472/21666)  loss 0.6220  lr 5.74e-04
    step 3275/7222 (global micro 10497/21666, update 10497/21666)  loss 0.6157  lr 5.72e-04
    step 3300/7222 (global micro 10522/21666, update 10522/21666)  loss 0.6992  lr 5.70e-04
    step 3325/7222 (global micro 10547/21666, update 10547/21666)  loss 0.5960  lr 5.69e-04
    step 3350/7222 (global micro 10572/21666, update 10572/21666)  loss 0.6897  lr 5.67e-04
    step 3375/7222 (global micro 10597/21666, update 10597/21666)  loss 0.5851  lr 5.65e-04
    step 3400/7222 (global micro 10622/21666, update 10622/21666)  loss 0.5258  lr 5.64e-04
    step 3425/7222 (global micro 10647/21666, update 10647/21666)  loss 0.5830  lr 5.62e-04
    step 3450/7222 (global micro 10672/21666, update 10672/21666)  loss 0.7205  lr 5.61e-04
    step 3475/7222 (global micro 10697/21666, update 10697/21666)  loss 0.6781  lr 5.59e-04
    step 3500/7222 (global micro 10722/21666, update 10722/21666)  loss 0.6886  lr 5.57e-04
    step 3525/7222 (global micro 10747/21666, update 10747/21666)  loss 0.6742  lr 5.56e-04
    step 3550/7222 (global micro 10772/21666, update 10772/21666)  loss 0.5847  lr 5.54e-04
    step 3575/7222 (global micro 10797/21666, update 10797/21666)  loss 0.5317  lr 5.52e-04
    step 3600/7222 (global micro 10822/21666, update 10822/21666)  loss 0.7585  lr 5.51e-04
    step 3625/7222 (global micro 10847/21666, update 10847/21666)  loss 0.6113  lr 5.49e-04
    step 3650/7222 (global micro 10872/21666, update 10872/21666)  loss 0.6459  lr 5.47e-04
    step 3675/7222 (global micro 10897/21666, update 10897/21666)  loss 0.6950  lr 5.46e-04
    step 3700/7222 (global micro 10922/21666, update 10922/21666)  loss 0.6404  lr 5.44e-04
    step 3725/7222 (global micro 10947/21666, update 10947/21666)  loss 0.6000  lr 5.43e-04
    step 3750/7222 (global micro 10972/21666, update 10972/21666)  loss 0.6124  lr 5.41e-04
    step 3775/7222 (global micro 10997/21666, update 10997/21666)  loss 0.6567  lr 5.39e-04
    step 3800/7222 (global micro 11022/21666, update 11022/21666)  loss 0.7090  lr 5.38e-04
    step 3825/7222 (global micro 11047/21666, update 11047/21666)  loss 0.7219  lr 5.36e-04
    step 3850/7222 (global micro 11072/21666, update 11072/21666)  loss 0.6034  lr 5.34e-04
    step 3875/7222 (global micro 11097/21666, update 11097/21666)  loss 0.6967  lr 5.33e-04
    step 3900/7222 (global micro 11122/21666, update 11122/21666)  loss 0.6567  lr 5.31e-04
    step 3925/7222 (global micro 11147/21666, update 11147/21666)  loss 0.5732  lr 5.30e-04
    step 3950/7222 (global micro 11172/21666, update 11172/21666)  loss 0.6021  lr 5.28e-04
    step 3975/7222 (global micro 11197/21666, update 11197/21666)  loss 0.7249  lr 5.26e-04
    step 4000/7222 (global micro 11222/21666, update 11222/21666)  loss 0.6725  lr 5.25e-04
    step 4025/7222 (global micro 11247/21666, update 11247/21666)  loss 0.6282  lr 5.23e-04
    step 4050/7222 (global micro 11272/21666, update 11272/21666)  loss 0.5895  lr 5.21e-04
    step 4075/7222 (global micro 11297/21666, update 11297/21666)  loss 0.7883  lr 5.20e-04
    step 4100/7222 (global micro 11322/21666, update 11322/21666)  loss 0.4423  lr 5.18e-04
    step 4125/7222 (global micro 11347/21666, update 11347/21666)  loss 0.5766  lr 5.16e-04
    step 4150/7222 (global micro 11372/21666, update 11372/21666)  loss 0.5387  lr 5.15e-04
    step 4175/7222 (global micro 11397/21666, update 11397/21666)  loss 0.6085  lr 5.13e-04
    step 4200/7222 (global micro 11422/21666, update 11422/21666)  loss 0.5582  lr 5.12e-04
    step 4225/7222 (global micro 11447/21666, update 11447/21666)  loss 0.6874  lr 5.10e-04
    step 4250/7222 (global micro 11472/21666, update 11472/21666)  loss 0.7721  lr 5.08e-04
    step 4275/7222 (global micro 11497/21666, update 11497/21666)  loss 0.6750  lr 5.07e-04
    step 4300/7222 (global micro 11522/21666, update 11522/21666)  loss 0.6137  lr 5.05e-04
    step 4325/7222 (global micro 11547/21666, update 11547/21666)  loss 0.5670  lr 5.03e-04
    step 4350/7222 (global micro 11572/21666, update 11572/21666)  loss 0.6031  lr 5.02e-04
    step 4375/7222 (global micro 11597/21666, update 11597/21666)  loss 0.6089  lr 5.00e-04
    step 4400/7222 (global micro 11622/21666, update 11622/21666)  loss 0.6045  lr 4.99e-04
    step 4425/7222 (global micro 11647/21666, update 11647/21666)  loss 0.6332  lr 4.97e-04
    step 4450/7222 (global micro 11672/21666, update 11672/21666)  loss 0.5748  lr 4.95e-04
    step 4475/7222 (global micro 11697/21666, update 11697/21666)  loss 0.6056  lr 4.94e-04
    step 4500/7222 (global micro 11722/21666, update 11722/21666)  loss 0.5804  lr 4.92e-04
    step 4525/7222 (global micro 11747/21666, update 11747/21666)  loss 0.7801  lr 4.91e-04
    step 4550/7222 (global micro 11772/21666, update 11772/21666)  loss 0.6699  lr 4.89e-04
    step 4575/7222 (global micro 11797/21666, update 11797/21666)  loss 0.6124  lr 4.87e-04
    step 4600/7222 (global micro 11822/21666, update 11822/21666)  loss 0.6466  lr 4.86e-04
    step 4625/7222 (global micro 11847/21666, update 11847/21666)  loss 0.5883  lr 4.84e-04
    step 4650/7222 (global micro 11872/21666, update 11872/21666)  loss 0.6300  lr 4.82e-04
    step 4675/7222 (global micro 11897/21666, update 11897/21666)  loss 0.7314  lr 4.81e-04
    step 4700/7222 (global micro 11922/21666, update 11922/21666)  loss 0.4774  lr 4.79e-04
    step 4725/7222 (global micro 11947/21666, update 11947/21666)  loss 0.6262  lr 4.78e-04
    step 4750/7222 (global micro 11972/21666, update 11972/21666)  loss 0.4911  lr 4.76e-04
    step 4775/7222 (global micro 11997/21666, update 11997/21666)  loss 0.6807  lr 4.74e-04
    step 4800/7222 (global micro 12022/21666, update 12022/21666)  loss 0.5554  lr 4.73e-04
    step 4825/7222 (global micro 12047/21666, update 12047/21666)  loss 0.6510  lr 4.71e-04
    step 4850/7222 (global micro 12072/21666, update 12072/21666)  loss 0.7844  lr 4.70e-04
    step 4875/7222 (global micro 12097/21666, update 12097/21666)  loss 0.5959  lr 4.68e-04
    step 4900/7222 (global micro 12122/21666, update 12122/21666)  loss 0.5179  lr 4.66e-04
    step 4925/7222 (global micro 12147/21666, update 12147/21666)  loss 0.6354  lr 4.65e-04
    step 4950/7222 (global micro 12172/21666, update 12172/21666)  loss 0.7082  lr 4.63e-04
    step 4975/7222 (global micro 12197/21666, update 12197/21666)  loss 0.5115  lr 4.62e-04
    step 5000/7222 (global micro 12222/21666, update 12222/21666)  loss 0.6322  lr 4.60e-04
    step 5025/7222 (global micro 12247/21666, update 12247/21666)  loss 0.5306  lr 4.58e-04
    step 5050/7222 (global micro 12272/21666, update 12272/21666)  loss 0.5960  lr 4.57e-04
    step 5075/7222 (global micro 12297/21666, update 12297/21666)  loss 0.6058  lr 4.55e-04
    step 5100/7222 (global micro 12322/21666, update 12322/21666)  loss 0.6944  lr 4.54e-04
    step 5125/7222 (global micro 12347/21666, update 12347/21666)  loss 0.6725  lr 4.52e-04
    step 5150/7222 (global micro 12372/21666, update 12372/21666)  loss 0.5909  lr 4.50e-04
    step 5175/7222 (global micro 12397/21666, update 12397/21666)  loss 0.7212  lr 4.49e-04
    step 5200/7222 (global micro 12422/21666, update 12422/21666)  loss 0.5851  lr 4.47e-04
    step 5225/7222 (global micro 12447/21666, update 12447/21666)  loss 0.5948  lr 4.46e-04
    step 5250/7222 (global micro 12472/21666, update 12472/21666)  loss 0.6598  lr 4.44e-04
    step 5275/7222 (global micro 12497/21666, update 12497/21666)  loss 0.5558  lr 4.42e-04
    step 5300/7222 (global micro 12522/21666, update 12522/21666)  loss 0.6558  lr 4.41e-04
    step 5325/7222 (global micro 12547/21666, update 12547/21666)  loss 0.5948  lr 4.39e-04
    step 5350/7222 (global micro 12572/21666, update 12572/21666)  loss 0.6337  lr 4.38e-04
    step 5375/7222 (global micro 12597/21666, update 12597/21666)  loss 0.6085  lr 4.36e-04
    step 5400/7222 (global micro 12622/21666, update 12622/21666)  loss 0.6613  lr 4.35e-04
    step 5425/7222 (global micro 12647/21666, update 12647/21666)  loss 0.6153  lr 4.33e-04
    step 5450/7222 (global micro 12672/21666, update 12672/21666)  loss 0.7252  lr 4.31e-04
    step 5475/7222 (global micro 12697/21666, update 12697/21666)  loss 0.6259  lr 4.30e-04
    step 5500/7222 (global micro 12722/21666, update 12722/21666)  loss 0.7293  lr 4.28e-04
    step 5525/7222 (global micro 12747/21666, update 12747/21666)  loss 0.6177  lr 4.27e-04
    step 5550/7222 (global micro 12772/21666, update 12772/21666)  loss 0.6107  lr 4.25e-04
    step 5575/7222 (global micro 12797/21666, update 12797/21666)  loss 0.5711  lr 4.24e-04
    step 5600/7222 (global micro 12822/21666, update 12822/21666)  loss 0.6256  lr 4.22e-04
    step 5625/7222 (global micro 12847/21666, update 12847/21666)  loss 0.4785  lr 4.20e-04
    step 5650/7222 (global micro 12872/21666, update 12872/21666)  loss 0.6445  lr 4.19e-04
    step 5675/7222 (global micro 12897/21666, update 12897/21666)  loss 0.6336  lr 4.17e-04
    step 5700/7222 (global micro 12922/21666, update 12922/21666)  loss 0.5585  lr 4.16e-04
    step 5725/7222 (global micro 12947/21666, update 12947/21666)  loss 0.5715  lr 4.14e-04
    step 5750/7222 (global micro 12972/21666, update 12972/21666)  loss 0.6491  lr 4.13e-04
    step 5775/7222 (global micro 12997/21666, update 12997/21666)  loss 0.7934  lr 4.11e-04
    step 5800/7222 (global micro 13022/21666, update 13022/21666)  loss 0.7094  lr 4.10e-04
    step 5825/7222 (global micro 13047/21666, update 13047/21666)  loss 0.4888  lr 4.08e-04
    step 5850/7222 (global micro 13072/21666, update 13072/21666)  loss 0.7006  lr 4.06e-04
    step 5875/7222 (global micro 13097/21666, update 13097/21666)  loss 0.4738  lr 4.05e-04
    step 5900/7222 (global micro 13122/21666, update 13122/21666)  loss 0.6160  lr 4.03e-04
    step 5925/7222 (global micro 13147/21666, update 13147/21666)  loss 0.6205  lr 4.02e-04
    step 5950/7222 (global micro 13172/21666, update 13172/21666)  loss 0.6573  lr 4.00e-04
    step 5975/7222 (global micro 13197/21666, update 13197/21666)  loss 0.5889  lr 3.99e-04
    step 6000/7222 (global micro 13222/21666, update 13222/21666)  loss 0.5582  lr 3.97e-04
    step 6025/7222 (global micro 13247/21666, update 13247/21666)  loss 0.6666  lr 3.96e-04
    step 6050/7222 (global micro 13272/21666, update 13272/21666)  loss 0.5615  lr 3.94e-04
    step 6075/7222 (global micro 13297/21666, update 13297/21666)  loss 0.6193  lr 3.93e-04
    step 6100/7222 (global micro 13322/21666, update 13322/21666)  loss 0.8462  lr 3.91e-04
    step 6125/7222 (global micro 13347/21666, update 13347/21666)  loss 0.7618  lr 3.90e-04
    step 6150/7222 (global micro 13372/21666, update 13372/21666)  loss 0.8484  lr 3.88e-04
    step 6175/7222 (global micro 13397/21666, update 13397/21666)  loss 0.6127  lr 3.87e-04
    step 6200/7222 (global micro 13422/21666, update 13422/21666)  loss 0.6085  lr 3.85e-04
    step 6225/7222 (global micro 13447/21666, update 13447/21666)  loss 0.6503  lr 3.83e-04
    step 6250/7222 (global micro 13472/21666, update 13472/21666)  loss 0.6701  lr 3.82e-04
    step 6275/7222 (global micro 13497/21666, update 13497/21666)  loss 0.7159  lr 3.80e-04
    step 6300/7222 (global micro 13522/21666, update 13522/21666)  loss 0.7185  lr 3.79e-04
    step 6325/7222 (global micro 13547/21666, update 13547/21666)  loss 0.5236  lr 3.77e-04
    step 6350/7222 (global micro 13572/21666, update 13572/21666)  loss 0.6600  lr 3.76e-04
    step 6375/7222 (global micro 13597/21666, update 13597/21666)  loss 0.6092  lr 3.74e-04
    step 6400/7222 (global micro 13622/21666, update 13622/21666)  loss 0.5349  lr 3.73e-04
    step 6425/7222 (global micro 13647/21666, update 13647/21666)  loss 0.6638  lr 3.71e-04
    step 6450/7222 (global micro 13672/21666, update 13672/21666)  loss 0.5943  lr 3.70e-04
    step 6475/7222 (global micro 13697/21666, update 13697/21666)  loss 0.7508  lr 3.68e-04
    step 6500/7222 (global micro 13722/21666, update 13722/21666)  loss 0.4855  lr 3.67e-04
    step 6525/7222 (global micro 13747/21666, update 13747/21666)  loss 0.6356  lr 3.65e-04
    step 6550/7222 (global micro 13772/21666, update 13772/21666)  loss 0.6249  lr 3.64e-04
    step 6575/7222 (global micro 13797/21666, update 13797/21666)  loss 0.6259  lr 3.62e-04
    step 6600/7222 (global micro 13822/21666, update 13822/21666)  loss 0.5824  lr 3.61e-04
    step 6625/7222 (global micro 13847/21666, update 13847/21666)  loss 0.7423  lr 3.60e-04
    step 6650/7222 (global micro 13872/21666, update 13872/21666)  loss 0.6286  lr 3.58e-04
    step 6675/7222 (global micro 13897/21666, update 13897/21666)  loss 0.6505  lr 3.57e-04
    step 6700/7222 (global micro 13922/21666, update 13922/21666)  loss 0.5151  lr 3.55e-04
    step 6725/7222 (global micro 13947/21666, update 13947/21666)  loss 0.5801  lr 3.54e-04
    step 6750/7222 (global micro 13972/21666, update 13972/21666)  loss 0.7311  lr 3.52e-04
    step 6775/7222 (global micro 13997/21666, update 13997/21666)  loss 0.6185  lr 3.51e-04
    step 6800/7222 (global micro 14022/21666, update 14022/21666)  loss 0.4986  lr 3.49e-04
    step 6825/7222 (global micro 14047/21666, update 14047/21666)  loss 0.7297  lr 3.48e-04
    step 6850/7222 (global micro 14072/21666, update 14072/21666)  loss 0.6663  lr 3.46e-04
    step 6875/7222 (global micro 14097/21666, update 14097/21666)  loss 0.5580  lr 3.45e-04
    step 6900/7222 (global micro 14122/21666, update 14122/21666)  loss 0.6091  lr 3.43e-04
    step 6925/7222 (global micro 14147/21666, update 14147/21666)  loss 0.6027  lr 3.42e-04
    step 6950/7222 (global micro 14172/21666, update 14172/21666)  loss 0.6964  lr 3.41e-04
    step 6975/7222 (global micro 14197/21666, update 14197/21666)  loss 0.6216  lr 3.39e-04
    step 7000/7222 (global micro 14222/21666, update 14222/21666)  loss 0.7106  lr 3.38e-04
    step 7025/7222 (global micro 14247/21666, update 14247/21666)  loss 0.7313  lr 3.36e-04
    step 7050/7222 (global micro 14272/21666, update 14272/21666)  loss 0.5892  lr 3.35e-04
    step 7075/7222 (global micro 14297/21666, update 14297/21666)  loss 0.7737  lr 3.33e-04
    step 7100/7222 (global micro 14322/21666, update 14322/21666)  loss 0.6005  lr 3.32e-04
    step 7125/7222 (global micro 14347/21666, update 14347/21666)  loss 0.6283  lr 3.31e-04
    step 7150/7222 (global micro 14372/21666, update 14372/21666)  loss 0.4194  lr 3.29e-04
    step 7175/7222 (global micro 14397/21666, update 14397/21666)  loss 0.6088  lr 3.28e-04
    step 7200/7222 (global micro 14422/21666, update 14422/21666)  loss 0.4929  lr 3.26e-04
    step 7222/7222 (global micro 14444/21666, update 14444/21666)  loss 0.5548  lr 3.25e-04
  epoch   2/3  loss 0.6452  lr 3.25e-04  (2789.3s)
  Epoch checkpoint: core/run_5_oversample_reasoning_e2.pt
    step    1/7222 (global micro 14445/21666, update 14445/21666)  loss 0.4876  lr 3.25e-04
    step   25/7222 (global micro 14469/21666, update 14469/21666)  loss 0.4368  lr 3.24e-04
    step   50/7222 (global micro 14494/21666, update 14494/21666)  loss 0.5620  lr 3.22e-04
    step   75/7222 (global micro 14519/21666, update 14519/21666)  loss 0.5599  lr 3.21e-04
    step  100/7222 (global micro 14544/21666, update 14544/21666)  loss 0.4880  lr 3.19e-04
    step  125/7222 (global micro 14569/21666, update 14569/21666)  loss 0.4242  lr 3.18e-04
    step  150/7222 (global micro 14594/21666, update 14594/21666)  loss 0.3980  lr 3.17e-04
    step  175/7222 (global micro 14619/21666, update 14619/21666)  loss 0.4435  lr 3.15e-04
    step  200/7222 (global micro 14644/21666, update 14644/21666)  loss 0.5254  lr 3.14e-04
    step  225/7222 (global micro 14669/21666, update 14669/21666)  loss 0.4341  lr 3.12e-04
    step  250/7222 (global micro 14694/21666, update 14694/21666)  loss 0.5305  lr 3.11e-04
    step  275/7222 (global micro 14719/21666, update 14719/21666)  loss 0.6005  lr 3.10e-04
    step  300/7222 (global micro 14744/21666, update 14744/21666)  loss 0.5267  lr 3.08e-04
    step  325/7222 (global micro 14769/21666, update 14769/21666)  loss 0.4560  lr 3.07e-04
    step  350/7222 (global micro 14794/21666, update 14794/21666)  loss 0.6041  lr 3.06e-04
    step  375/7222 (global micro 14819/21666, update 14819/21666)  loss 0.6765  lr 3.04e-04
    step  400/7222 (global micro 14844/21666, update 14844/21666)  loss 0.4704  lr 3.03e-04
    step  425/7222 (global micro 14869/21666, update 14869/21666)  loss 0.6032  lr 3.01e-04
    step  450/7222 (global micro 14894/21666, update 14894/21666)  loss 0.5246  lr 3.00e-04
    step  475/7222 (global micro 14919/21666, update 14919/21666)  loss 0.5830  lr 2.99e-04
    step  500/7222 (global micro 14944/21666, update 14944/21666)  loss 0.4727  lr 2.97e-04
    step  525/7222 (global micro 14969/21666, update 14969/21666)  loss 0.4828  lr 2.96e-04
    step  550/7222 (global micro 14994/21666, update 14994/21666)  loss 0.5933  lr 2.95e-04
    step  575/7222 (global micro 15019/21666, update 15019/21666)  loss 0.4328  lr 2.93e-04
    step  600/7222 (global micro 15044/21666, update 15044/21666)  loss 0.5542  lr 2.92e-04
    step  625/7222 (global micro 15069/21666, update 15069/21666)  loss 0.5510  lr 2.91e-04
    step  650/7222 (global micro 15094/21666, update 15094/21666)  loss 0.4404  lr 2.89e-04
    step  675/7222 (global micro 15119/21666, update 15119/21666)  loss 0.5195  lr 2.88e-04
    step  700/7222 (global micro 15144/21666, update 15144/21666)  loss 0.5492  lr 2.87e-04
    step  725/7222 (global micro 15169/21666, update 15169/21666)  loss 0.4312  lr 2.85e-04
    step  750/7222 (global micro 15194/21666, update 15194/21666)  loss 0.6297  lr 2.84e-04
    step  775/7222 (global micro 15219/21666, update 15219/21666)  loss 0.5329  lr 2.83e-04
    step  800/7222 (global micro 15244/21666, update 15244/21666)  loss 0.6286  lr 2.81e-04
    step  825/7222 (global micro 15269/21666, update 15269/21666)  loss 0.6216  lr 2.80e-04
    step  850/7222 (global micro 15294/21666, update 15294/21666)  loss 0.6694  lr 2.79e-04
    step  875/7222 (global micro 15319/21666, update 15319/21666)  loss 0.5113  lr 2.77e-04
    step  900/7222 (global micro 15344/21666, update 15344/21666)  loss 0.5497  lr 2.76e-04
    step  925/7222 (global micro 15369/21666, update 15369/21666)  loss 0.5505  lr 2.75e-04
    step  950/7222 (global micro 15394/21666, update 15394/21666)  loss 0.4857  lr 2.74e-04
    step  975/7222 (global micro 15419/21666, update 15419/21666)  loss 0.5191  lr 2.72e-04
    step 1000/7222 (global micro 15444/21666, update 15444/21666)  loss 0.5338  lr 2.71e-04
    step 1025/7222 (global micro 15469/21666, update 15469/21666)  loss 0.6011  lr 2.70e-04
    step 1050/7222 (global micro 15494/21666, update 15494/21666)  loss 0.4254  lr 2.68e-04
    step 1075/7222 (global micro 15519/21666, update 15519/21666)  loss 0.5139  lr 2.67e-04
    step 1100/7222 (global micro 15544/21666, update 15544/21666)  loss 0.4403  lr 2.66e-04
    step 1125/7222 (global micro 15569/21666, update 15569/21666)  loss 0.5562  lr 2.65e-04
    step 1150/7222 (global micro 15594/21666, update 15594/21666)  loss 0.5652  lr 2.63e-04
    step 1175/7222 (global micro 15619/21666, update 15619/21666)  loss 0.5584  lr 2.62e-04
    step 1200/7222 (global micro 15644/21666, update 15644/21666)  loss 0.4296  lr 2.61e-04
    step 1225/7222 (global micro 15669/21666, update 15669/21666)  loss 0.5540  lr 2.60e-04
    step 1250/7222 (global micro 15694/21666, update 15694/21666)  loss 0.8068  lr 2.58e-04
    step 1275/7222 (global micro 15719/21666, update 15719/21666)  loss 0.5856  lr 2.57e-04
    step 1300/7222 (global micro 15744/21666, update 15744/21666)  loss 0.5426  lr 2.56e-04
    step 1325/7222 (global micro 15769/21666, update 15769/21666)  loss 0.5876  lr 2.55e-04
    step 1350/7222 (global micro 15794/21666, update 15794/21666)  loss 0.5138  lr 2.53e-04
    step 1375/7222 (global micro 15819/21666, update 15819/21666)  loss 0.5615  lr 2.52e-04
    step 1400/7222 (global micro 15844/21666, update 15844/21666)  loss 0.5454  lr 2.51e-04
    step 1425/7222 (global micro 15869/21666, update 15869/21666)  loss 0.6209  lr 2.50e-04
    step 1450/7222 (global micro 15894/21666, update 15894/21666)  loss 0.5689  lr 2.49e-04
    step 1475/7222 (global micro 15919/21666, update 15919/21666)  loss 0.5703  lr 2.47e-04
    step 1500/7222 (global micro 15944/21666, update 15944/21666)  loss 0.6247  lr 2.46e-04
    step 1525/7222 (global micro 15969/21666, update 15969/21666)  loss 0.6621  lr 2.45e-04
    step 1550/7222 (global micro 15994/21666, update 15994/21666)  loss 0.6111  lr 2.44e-04
    step 1575/7222 (global micro 16019/21666, update 16019/21666)  loss 0.5217  lr 2.43e-04
    step 1600/7222 (global micro 16044/21666, update 16044/21666)  loss 0.5381  lr 2.41e-04
    step 1625/7222 (global micro 16069/21666, update 16069/21666)  loss 0.5688  lr 2.40e-04
    step 1650/7222 (global micro 16094/21666, update 16094/21666)  loss 0.6733  lr 2.39e-04
    step 1675/7222 (global micro 16119/21666, update 16119/21666)  loss 0.6251  lr 2.38e-04
    step 1700/7222 (global micro 16144/21666, update 16144/21666)  loss 0.4439  lr 2.37e-04
    step 1725/7222 (global micro 16169/21666, update 16169/21666)  loss 0.6859  lr 2.36e-04
    step 1750/7222 (global micro 16194/21666, update 16194/21666)  loss 0.5163  lr 2.34e-04
    step 1775/7222 (global micro 16219/21666, update 16219/21666)  loss 0.4789  lr 2.33e-04
    step 1800/7222 (global micro 16244/21666, update 16244/21666)  loss 0.5372  lr 2.32e-04
    step 1825/7222 (global micro 16269/21666, update 16269/21666)  loss 0.4736  lr 2.31e-04
    step 1850/7222 (global micro 16294/21666, update 16294/21666)  loss 0.5436  lr 2.30e-04
    step 1875/7222 (global micro 16319/21666, update 16319/21666)  loss 0.6965  lr 2.29e-04
    step 1900/7222 (global micro 16344/21666, update 16344/21666)  loss 0.5812  lr 2.27e-04
    step 1925/7222 (global micro 16369/21666, update 16369/21666)  loss 0.5151  lr 2.26e-04
    step 1950/7222 (global micro 16394/21666, update 16394/21666)  loss 0.6379  lr 2.25e-04
    step 1975/7222 (global micro 16419/21666, update 16419/21666)  loss 0.5293  lr 2.24e-04
    step 2000/7222 (global micro 16444/21666, update 16444/21666)  loss 0.5879  lr 2.23e-04
    step 2025/7222 (global micro 16469/21666, update 16469/21666)  loss 0.5444  lr 2.22e-04
    step 2050/7222 (global micro 16494/21666, update 16494/21666)  loss 0.5092  lr 2.21e-04
    step 2075/7222 (global micro 16519/21666, update 16519/21666)  loss 0.5361  lr 2.20e-04
    step 2100/7222 (global micro 16544/21666, update 16544/21666)  loss 0.4827  lr 2.19e-04
    step 2125/7222 (global micro 16569/21666, update 16569/21666)  loss 0.4023  lr 2.17e-04
    step 2150/7222 (global micro 16594/21666, update 16594/21666)  loss 0.5310  lr 2.16e-04
    step 2175/7222 (global micro 16619/21666, update 16619/21666)  loss 0.5973  lr 2.15e-04
    step 2200/7222 (global micro 16644/21666, update 16644/21666)  loss 0.6424  lr 2.14e-04
    step 2225/7222 (global micro 16669/21666, update 16669/21666)  loss 0.4851  lr 2.13e-04
    step 2250/7222 (global micro 16694/21666, update 16694/21666)  loss 0.6058  lr 2.12e-04
    step 2275/7222 (global micro 16719/21666, update 16719/21666)  loss 0.4692  lr 2.11e-04
    step 2300/7222 (global micro 16744/21666, update 16744/21666)  loss 0.5074  lr 2.10e-04
    step 2325/7222 (global micro 16769/21666, update 16769/21666)  loss 0.5207  lr 2.09e-04
    step 2350/7222 (global micro 16794/21666, update 16794/21666)  loss 0.4450  lr 2.08e-04
    step 2375/7222 (global micro 16819/21666, update 16819/21666)  loss 0.4846  lr 2.07e-04
    step 2400/7222 (global micro 16844/21666, update 16844/21666)  loss 0.4864  lr 2.06e-04
    step 2425/7222 (global micro 16869/21666, update 16869/21666)  loss 0.5042  lr 2.05e-04
    step 2450/7222 (global micro 16894/21666, update 16894/21666)  loss 0.4047  lr 2.03e-04
    step 2475/7222 (global micro 16919/21666, update 16919/21666)  loss 0.5112  lr 2.02e-04
    step 2500/7222 (global micro 16944/21666, update 16944/21666)  loss 0.5325  lr 2.01e-04
    step 2525/7222 (global micro 16969/21666, update 16969/21666)  loss 0.6281  lr 2.00e-04
    step 2550/7222 (global micro 16994/21666, update 16994/21666)  loss 0.5060  lr 1.99e-04
    step 2575/7222 (global micro 17019/21666, update 17019/21666)  loss 0.6018  lr 1.98e-04
    step 2600/7222 (global micro 17044/21666, update 17044/21666)  loss 0.6133  lr 1.97e-04
    step 2625/7222 (global micro 17069/21666, update 17069/21666)  loss 0.4418  lr 1.96e-04
    step 2650/7222 (global micro 17094/21666, update 17094/21666)  loss 0.5628  lr 1.95e-04
    step 2675/7222 (global micro 17119/21666, update 17119/21666)  loss 0.5675  lr 1.94e-04
    step 2700/7222 (global micro 17144/21666, update 17144/21666)  loss 0.4344  lr 1.93e-04
    step 2725/7222 (global micro 17169/21666, update 17169/21666)  loss 0.4879  lr 1.92e-04
    step 2750/7222 (global micro 17194/21666, update 17194/21666)  loss 0.4274  lr 1.91e-04
    step 2775/7222 (global micro 17219/21666, update 17219/21666)  loss 0.4600  lr 1.90e-04
    step 2800/7222 (global micro 17244/21666, update 17244/21666)  loss 0.4983  lr 1.89e-04
    step 2825/7222 (global micro 17269/21666, update 17269/21666)  loss 0.5276  lr 1.88e-04
    step 2850/7222 (global micro 17294/21666, update 17294/21666)  loss 0.5982  lr 1.87e-04
    step 2875/7222 (global micro 17319/21666, update 17319/21666)  loss 0.5970  lr 1.86e-04
    step 2900/7222 (global micro 17344/21666, update 17344/21666)  loss 0.6612  lr 1.86e-04
    step 2925/7222 (global micro 17369/21666, update 17369/21666)  loss 0.4450  lr 1.85e-04
    step 2950/7222 (global micro 17394/21666, update 17394/21666)  loss 0.4585  lr 1.84e-04
    step 2975/7222 (global micro 17419/21666, update 17419/21666)  loss 0.5107  lr 1.83e-04
    step 3000/7222 (global micro 17444/21666, update 17444/21666)  loss 0.5390  lr 1.82e-04
    step 3025/7222 (global micro 17469/21666, update 17469/21666)  loss 0.6328  lr 1.81e-04
    step 3050/7222 (global micro 17494/21666, update 17494/21666)  loss 0.4020  lr 1.80e-04
    step 3075/7222 (global micro 17519/21666, update 17519/21666)  loss 0.4061  lr 1.79e-04
    step 3100/7222 (global micro 17544/21666, update 17544/21666)  loss 0.4401  lr 1.78e-04
    step 3125/7222 (global micro 17569/21666, update 17569/21666)  loss 0.4865  lr 1.77e-04
    step 3150/7222 (global micro 17594/21666, update 17594/21666)  loss 0.5377  lr 1.76e-04
    step 3175/7222 (global micro 17619/21666, update 17619/21666)  loss 0.5871  lr 1.75e-04
    step 3200/7222 (global micro 17644/21666, update 17644/21666)  loss 0.6411  lr 1.74e-04
    step 3225/7222 (global micro 17669/21666, update 17669/21666)  loss 0.4530  lr 1.73e-04
    step 3250/7222 (global micro 17694/21666, update 17694/21666)  loss 0.4407  lr 1.73e-04
    step 3275/7222 (global micro 17719/21666, update 17719/21666)  loss 0.5413  lr 1.72e-04
    step 3300/7222 (global micro 17744/21666, update 17744/21666)  loss 0.6604  lr 1.71e-04
    step 3325/7222 (global micro 17769/21666, update 17769/21666)  loss 0.3676  lr 1.70e-04
    step 3350/7222 (global micro 17794/21666, update 17794/21666)  loss 0.5186  lr 1.69e-04
    step 3375/7222 (global micro 17819/21666, update 17819/21666)  loss 0.5529  lr 1.68e-04
    step 3400/7222 (global micro 17844/21666, update 17844/21666)  loss 0.5349  lr 1.67e-04
    step 3425/7222 (global micro 17869/21666, update 17869/21666)  loss 0.5079  lr 1.66e-04
    step 3450/7222 (global micro 17894/21666, update 17894/21666)  loss 0.5254  lr 1.66e-04
    step 3475/7222 (global micro 17919/21666, update 17919/21666)  loss 0.5404  lr 1.65e-04
    step 3500/7222 (global micro 17944/21666, update 17944/21666)  loss 0.5658  lr 1.64e-04
    step 3525/7222 (global micro 17969/21666, update 17969/21666)  loss 0.5115  lr 1.63e-04
    step 3550/7222 (global micro 17994/21666, update 17994/21666)  loss 0.6240  lr 1.62e-04
    step 3575/7222 (global micro 18019/21666, update 18019/21666)  loss 0.4899  lr 1.61e-04
    step 3600/7222 (global micro 18044/21666, update 18044/21666)  loss 0.5544  lr 1.61e-04
    step 3625/7222 (global micro 18069/21666, update 18069/21666)  loss 0.5911  lr 1.60e-04
    step 3650/7222 (global micro 18094/21666, update 18094/21666)  loss 0.4289  lr 1.59e-04
    step 3675/7222 (global micro 18119/21666, update 18119/21666)  loss 0.5100  lr 1.58e-04
    step 3700/7222 (global micro 18144/21666, update 18144/21666)  loss 0.6369  lr 1.57e-04
    step 3725/7222 (global micro 18169/21666, update 18169/21666)  loss 0.5975  lr 1.57e-04
    step 3750/7222 (global micro 18194/21666, update 18194/21666)  loss 0.5673  lr 1.56e-04
    step 3775/7222 (global micro 18219/21666, update 18219/21666)  loss 0.3519  lr 1.55e-04
    step 3800/7222 (global micro 18244/21666, update 18244/21666)  loss 0.4420  lr 1.54e-04
    step 3825/7222 (global micro 18269/21666, update 18269/21666)  loss 0.5388  lr 1.53e-04
    step 3850/7222 (global micro 18294/21666, update 18294/21666)  loss 0.4877  lr 1.53e-04
    step 3875/7222 (global micro 18319/21666, update 18319/21666)  loss 0.6286  lr 1.52e-04
    step 3900/7222 (global micro 18344/21666, update 18344/21666)  loss 0.6123  lr 1.51e-04
    step 3925/7222 (global micro 18369/21666, update 18369/21666)  loss 0.5481  lr 1.50e-04
    step 3950/7222 (global micro 18394/21666, update 18394/21666)  loss 0.4643  lr 1.50e-04
    step 3975/7222 (global micro 18419/21666, update 18419/21666)  loss 0.6079  lr 1.49e-04
    step 4000/7222 (global micro 18444/21666, update 18444/21666)  loss 0.4665  lr 1.48e-04
    step 4025/7222 (global micro 18469/21666, update 18469/21666)  loss 0.6181  lr 1.47e-04
    step 4050/7222 (global micro 18494/21666, update 18494/21666)  loss 0.4089  lr 1.47e-04
    step 4075/7222 (global micro 18519/21666, update 18519/21666)  loss 0.5527  lr 1.46e-04
    step 4100/7222 (global micro 18544/21666, update 18544/21666)  loss 0.5109  lr 1.45e-04
    step 4125/7222 (global micro 18569/21666, update 18569/21666)  loss 0.5215  lr 1.45e-04
    step 4150/7222 (global micro 18594/21666, update 18594/21666)  loss 0.6004  lr 1.44e-04
    step 4175/7222 (global micro 18619/21666, update 18619/21666)  loss 0.4862  lr 1.43e-04
    step 4200/7222 (global micro 18644/21666, update 18644/21666)  loss 0.4071  lr 1.43e-04
    step 4225/7222 (global micro 18669/21666, update 18669/21666)  loss 0.6145  lr 1.42e-04
    step 4250/7222 (global micro 18694/21666, update 18694/21666)  loss 0.5020  lr 1.41e-04
    step 4275/7222 (global micro 18719/21666, update 18719/21666)  loss 0.4670  lr 1.40e-04
    step 4300/7222 (global micro 18744/21666, update 18744/21666)  loss 0.6239  lr 1.40e-04
    step 4325/7222 (global micro 18769/21666, update 18769/21666)  loss 0.4916  lr 1.39e-04
    step 4350/7222 (global micro 18794/21666, update 18794/21666)  loss 0.5143  lr 1.38e-04
    step 4375/7222 (global micro 18819/21666, update 18819/21666)  loss 0.4818  lr 1.38e-04
    step 4400/7222 (global micro 18844/21666, update 18844/21666)  loss 0.4141  lr 1.37e-04
    step 4425/7222 (global micro 18869/21666, update 18869/21666)  loss 0.4663  lr 1.37e-04
    step 4450/7222 (global micro 18894/21666, update 18894/21666)  loss 0.6066  lr 1.36e-04
    step 4475/7222 (global micro 18919/21666, update 18919/21666)  loss 0.4286  lr 1.35e-04
    step 4500/7222 (global micro 18944/21666, update 18944/21666)  loss 0.5010  lr 1.35e-04
    step 4525/7222 (global micro 18969/21666, update 18969/21666)  loss 0.5312  lr 1.34e-04
    step 4550/7222 (global micro 18994/21666, update 18994/21666)  loss 0.5270  lr 1.33e-04
    step 4575/7222 (global micro 19019/21666, update 19019/21666)  loss 0.5807  lr 1.33e-04
    step 4600/7222 (global micro 19044/21666, update 19044/21666)  loss 0.5433  lr 1.32e-04
    step 4625/7222 (global micro 19069/21666, update 19069/21666)  loss 0.5193  lr 1.32e-04
    step 4650/7222 (global micro 19094/21666, update 19094/21666)  loss 0.5716  lr 1.31e-04
    step 4675/7222 (global micro 19119/21666, update 19119/21666)  loss 0.4073  lr 1.30e-04
    step 4700/7222 (global micro 19144/21666, update 19144/21666)  loss 0.4185  lr 1.30e-04
    step 4725/7222 (global micro 19169/21666, update 19169/21666)  loss 0.3633  lr 1.29e-04
    step 4750/7222 (global micro 19194/21666, update 19194/21666)  loss 0.4088  lr 1.29e-04
    step 4775/7222 (global micro 19219/21666, update 19219/21666)  loss 0.5149  lr 1.28e-04
    step 4800/7222 (global micro 19244/21666, update 19244/21666)  loss 0.4013  lr 1.27e-04
    step 4825/7222 (global micro 19269/21666, update 19269/21666)  loss 0.4844  lr 1.27e-04
    step 4850/7222 (global micro 19294/21666, update 19294/21666)  loss 0.5875  lr 1.26e-04
    step 4875/7222 (global micro 19319/21666, update 19319/21666)  loss 0.5341  lr 1.26e-04
    step 4900/7222 (global micro 19344/21666, update 19344/21666)  loss 0.4903  lr 1.25e-04
    step 4925/7222 (global micro 19369/21666, update 19369/21666)  loss 0.6240  lr 1.25e-04
    step 4950/7222 (global micro 19394/21666, update 19394/21666)  loss 0.4287  lr 1.24e-04
    step 4975/7222 (global micro 19419/21666, update 19419/21666)  loss 0.3572  lr 1.24e-04
    step 5000/7222 (global micro 19444/21666, update 19444/21666)  loss 0.4839  lr 1.23e-04
    step 5025/7222 (global micro 19469/21666, update 19469/21666)  loss 0.4730  lr 1.23e-04
    step 5050/7222 (global micro 19494/21666, update 19494/21666)  loss 0.4918  lr 1.22e-04
    step 5075/7222 (global micro 19519/21666, update 19519/21666)  loss 0.4904  lr 1.22e-04
    step 5100/7222 (global micro 19544/21666, update 19544/21666)  loss 0.5592  lr 1.21e-04
    step 5125/7222 (global micro 19569/21666, update 19569/21666)  loss 0.5605  lr 1.21e-04
    step 5150/7222 (global micro 19594/21666, update 19594/21666)  loss 0.5517  lr 1.20e-04
    step 5175/7222 (global micro 19619/21666, update 19619/21666)  loss 0.5862  lr 1.20e-04
    step 5200/7222 (global micro 19644/21666, update 19644/21666)  loss 0.4422  lr 1.19e-04
    step 5225/7222 (global micro 19669/21666, update 19669/21666)  loss 0.4662  lr 1.19e-04
    step 5250/7222 (global micro 19694/21666, update 19694/21666)  loss 0.6194  lr 1.18e-04
    step 5275/7222 (global micro 19719/21666, update 19719/21666)  loss 0.5634  lr 1.18e-04
    step 5300/7222 (global micro 19744/21666, update 19744/21666)  loss 0.5019  lr 1.17e-04
    step 5325/7222 (global micro 19769/21666, update 19769/21666)  loss 0.5359  lr 1.17e-04
    step 5350/7222 (global micro 19794/21666, update 19794/21666)  loss 0.5703  lr 1.16e-04
    step 5375/7222 (global micro 19819/21666, update 19819/21666)  loss 0.5494  lr 1.16e-04
    step 5400/7222 (global micro 19844/21666, update 19844/21666)  loss 0.4748  lr 1.16e-04
    step 5425/7222 (global micro 19869/21666, update 19869/21666)  loss 0.4429  lr 1.15e-04
    step 5450/7222 (global micro 19894/21666, update 19894/21666)  loss 0.4878  lr 1.15e-04
    step 5475/7222 (global micro 19919/21666, update 19919/21666)  loss 0.4949  lr 1.14e-04
    step 5500/7222 (global micro 19944/21666, update 19944/21666)  loss 0.5701  lr 1.14e-04
    step 5525/7222 (global micro 19969/21666, update 19969/21666)  loss 0.6646  lr 1.14e-04
    step 5550/7222 (global micro 19994/21666, update 19994/21666)  loss 0.5749  lr 1.13e-04
    step 5575/7222 (global micro 20019/21666, update 20019/21666)  loss 0.5510  lr 1.13e-04
    step 5600/7222 (global micro 20044/21666, update 20044/21666)  loss 0.4557  lr 1.12e-04
    step 5625/7222 (global micro 20069/21666, update 20069/21666)  loss 0.5152  lr 1.12e-04
    step 5650/7222 (global micro 20094/21666, update 20094/21666)  loss 0.4333  lr 1.12e-04
    step 5675/7222 (global micro 20119/21666, update 20119/21666)  loss 0.5365  lr 1.11e-04
    step 5700/7222 (global micro 20144/21666, update 20144/21666)  loss 0.4959  lr 1.11e-04
    step 5725/7222 (global micro 20169/21666, update 20169/21666)  loss 0.3820  lr 1.11e-04
    step 5750/7222 (global micro 20194/21666, update 20194/21666)  loss 0.3898  lr 1.10e-04
    step 5775/7222 (global micro 20219/21666, update 20219/21666)  loss 0.4760  lr 1.10e-04
    step 5800/7222 (global micro 20244/21666, update 20244/21666)  loss 0.4657  lr 1.10e-04
    step 5825/7222 (global micro 20269/21666, update 20269/21666)  loss 0.5304  lr 1.09e-04
    step 5850/7222 (global micro 20294/21666, update 20294/21666)  loss 0.4916  lr 1.09e-04
    step 5875/7222 (global micro 20319/21666, update 20319/21666)  loss 0.5482  lr 1.09e-04
    step 5900/7222 (global micro 20344/21666, update 20344/21666)  loss 0.5656  lr 1.08e-04
    step 5925/7222 (global micro 20369/21666, update 20369/21666)  loss 0.3933  lr 1.08e-04
    step 5950/7222 (global micro 20394/21666, update 20394/21666)  loss 0.4738  lr 1.08e-04
    step 5975/7222 (global micro 20419/21666, update 20419/21666)  loss 0.5026  lr 1.07e-04
    step 6000/7222 (global micro 20444/21666, update 20444/21666)  loss 0.4570  lr 1.07e-04
    step 6025/7222 (global micro 20469/21666, update 20469/21666)  loss 0.5436  lr 1.07e-04
    step 6050/7222 (global micro 20494/21666, update 20494/21666)  loss 0.4786  lr 1.06e-04
    step 6075/7222 (global micro 20519/21666, update 20519/21666)  loss 0.5321  lr 1.06e-04
    step 6100/7222 (global micro 20544/21666, update 20544/21666)  loss 0.5387  lr 1.06e-04
    step 6125/7222 (global micro 20569/21666, update 20569/21666)  loss 0.6313  lr 1.06e-04
    step 6150/7222 (global micro 20594/21666, update 20594/21666)  loss 0.4158  lr 1.05e-04
    step 6175/7222 (global micro 20619/21666, update 20619/21666)  loss 0.5588  lr 1.05e-04
    step 6200/7222 (global micro 20644/21666, update 20644/21666)  loss 0.4945  lr 1.05e-04
    step 6225/7222 (global micro 20669/21666, update 20669/21666)  loss 0.5625  lr 1.05e-04
    step 6250/7222 (global micro 20694/21666, update 20694/21666)  loss 0.4167  lr 1.04e-04
    step 6275/7222 (global micro 20719/21666, update 20719/21666)  loss 0.5563  lr 1.04e-04
    step 6300/7222 (global micro 20744/21666, update 20744/21666)  loss 0.6598  lr 1.04e-04
    step 6325/7222 (global micro 20769/21666, update 20769/21666)  loss 0.5075  lr 1.04e-04
    step 6350/7222 (global micro 20794/21666, update 20794/21666)  loss 0.5115  lr 1.04e-04
    step 6375/7222 (global micro 20819/21666, update 20819/21666)  loss 0.5280  lr 1.03e-04
    step 6400/7222 (global micro 20844/21666, update 20844/21666)  loss 0.5025  lr 1.03e-04
    step 6425/7222 (global micro 20869/21666, update 20869/21666)  loss 0.5150  lr 1.03e-04
    step 6450/7222 (global micro 20894/21666, update 20894/21666)  loss 0.5848  lr 1.03e-04
    step 6475/7222 (global micro 20919/21666, update 20919/21666)  loss 0.4307  lr 1.03e-04
    step 6500/7222 (global micro 20944/21666, update 20944/21666)  loss 0.4781  lr 1.02e-04
    step 6525/7222 (global micro 20969/21666, update 20969/21666)  loss 0.4947  lr 1.02e-04
    step 6550/7222 (global micro 20994/21666, update 20994/21666)  loss 0.6380  lr 1.02e-04
    step 6575/7222 (global micro 21019/21666, update 21019/21666)  loss 0.4857  lr 1.02e-04
    step 6600/7222 (global micro 21044/21666, update 21044/21666)  loss 0.5240  lr 1.02e-04
    step 6625/7222 (global micro 21069/21666, update 21069/21666)  loss 0.5564  lr 1.02e-04
    step 6650/7222 (global micro 21094/21666, update 21094/21666)  loss 0.5239  lr 1.02e-04
    step 6675/7222 (global micro 21119/21666, update 21119/21666)  loss 0.5965  lr 1.01e-04
    step 6700/7222 (global micro 21144/21666, update 21144/21666)  loss 0.5493  lr 1.01e-04
    step 6725/7222 (global micro 21169/21666, update 21169/21666)  loss 0.4457  lr 1.01e-04
    step 6750/7222 (global micro 21194/21666, update 21194/21666)  loss 0.4867  lr 1.01e-04
    step 6775/7222 (global micro 21219/21666, update 21219/21666)  loss 0.4631  lr 1.01e-04
    step 6800/7222 (global micro 21244/21666, update 21244/21666)  loss 0.3310  lr 1.01e-04
    step 6825/7222 (global micro 21269/21666, update 21269/21666)  loss 0.5529  lr 1.01e-04
    step 6850/7222 (global micro 21294/21666, update 21294/21666)  loss 0.6376  lr 1.01e-04
    step 6875/7222 (global micro 21319/21666, update 21319/21666)  loss 0.4251  lr 1.01e-04
    step 6900/7222 (global micro 21344/21666, update 21344/21666)  loss 0.4671  lr 1.00e-04
    step 6925/7222 (global micro 21369/21666, update 21369/21666)  loss 0.4562  lr 1.00e-04
    step 6950/7222 (global micro 21394/21666, update 21394/21666)  loss 0.5598  lr 1.00e-04
    step 6975/7222 (global micro 21419/21666, update 21419/21666)  loss 0.5191  lr 1.00e-04
    step 7000/7222 (global micro 21444/21666, update 21444/21666)  loss 0.5360  lr 1.00e-04
    step 7025/7222 (global micro 21469/21666, update 21469/21666)  loss 0.4956  lr 1.00e-04
    step 7050/7222 (global micro 21494/21666, update 21494/21666)  loss 0.4819  lr 1.00e-04
    step 7075/7222 (global micro 21519/21666, update 21519/21666)  loss 0.4642  lr 1.00e-04
    step 7100/7222 (global micro 21544/21666, update 21544/21666)  loss 0.4918  lr 1.00e-04
    step 7125/7222 (global micro 21569/21666, update 21569/21666)  loss 0.4365  lr 1.00e-04
    step 7150/7222 (global micro 21594/21666, update 21594/21666)  loss 0.4708  lr 1.00e-04
    step 7175/7222 (global micro 21619/21666, update 21619/21666)  loss 0.5413  lr 1.00e-04
    step 7200/7222 (global micro 21644/21666, update 21644/21666)  loss 0.4617  lr 1.00e-04
    step 7222/7222 (global micro 21666/21666, update 21666/21666)  loss 0.4364  lr 1.00e-04
  epoch   3/3  loss 0.5276  lr 1.00e-04  (2789.6s)
  Epoch checkpoint: core/run_5_oversample_reasoning_e3.pt

  Best loss: 0.5276
  Checkpoint saved: core/run_5_oversample_reasoning.pt

