  Training audit: PASSED
  Python: /home/aomukai/.unsloth/studio/unsloth_studio/bin/python
  Device: cuda
  Phase: 0
  Seed: 1337
  Resume checkpoint: checkpoints/run4_e4.pt

============================================================
  BDH Phase 0 Training
============================================================
  Data files: ['training/corpus/run7_corpus.txt']
  Total bytes: 14,078,015
  Pre-loading corpus tensor...
  Corpus tensor: 14,078,015 tokens
  Model: small-25m (25.3M params)
  Resuming from: checkpoints/run4_e4.pt
  Seed: 1337  |  Deterministic: enabled
  Epochs: 3  |  Windows/epoch: 54992  |  Micro-steps/epoch: 6874  |  Optimizer updates/epoch: 6874  |  Total optimizer updates: 20622  |  LR: 0.001
  Block size: 256  |  Batch size: 8
  Grad accumulation: 1
  AMP bf16: enabled
  Data mode: phase_text
  VRAM logging: disabled
  Log interval: every 25 step(s)
  Output: core/run_7_teacher_student_drill.pt

    step    1/6874 (global micro     1/20622, update     1/20622)  loss 0.4677  lr 1.00e-03
    step   25/6874 (global micro    25/20622, update    25/20622)  loss 0.5602  lr 1.00e-03
    step   50/6874 (global micro    50/20622, update    50/20622)  loss 0.5960  lr 1.00e-03
    step   75/6874 (global micro    75/20622, update    75/20622)  loss 0.6155  lr 1.00e-03
    step  100/6874 (global micro   100/20622, update   100/20622)  loss 0.7494  lr 1.00e-03
    step  125/6874 (global micro   125/20622, update   125/20622)  loss 0.6227  lr 1.00e-03
    step  150/6874 (global micro   150/20622, update   150/20622)  loss 0.7803  lr 1.00e-03
    step  175/6874 (global micro   175/20622, update   175/20622)  loss 0.6850  lr 1.00e-03
    step  200/6874 (global micro   200/20622, update   200/20622)  loss 0.7269  lr 1.00e-03
    step  225/6874 (global micro   225/20622, update   225/20622)  loss 0.6096  lr 1.00e-03
    step  250/6874 (global micro   250/20622, update   250/20622)  loss 0.7851  lr 1.00e-03
    step  275/6874 (global micro   275/20622, update   275/20622)  loss 0.6538  lr 1.00e-03
    step  300/6874 (global micro   300/20622, update   300/20622)  loss 0.6404  lr 1.00e-03
    step  325/6874 (global micro   325/20622, update   325/20622)  loss 0.8062  lr 9.99e-04
    step  350/6874 (global micro   350/20622, update   350/20622)  loss 0.8999  lr 9.99e-04
    step  375/6874 (global micro   375/20622, update   375/20622)  loss 0.6110  lr 9.99e-04
    step  400/6874 (global micro   400/20622, update   400/20622)  loss 0.8158  lr 9.99e-04
    step  425/6874 (global micro   425/20622, update   425/20622)  loss 0.6812  lr 9.99e-04
    step  450/6874 (global micro   450/20622, update   450/20622)  loss 0.6860  lr 9.99e-04
    step  475/6874 (global micro   475/20622, update   475/20622)  loss 0.8175  lr 9.99e-04
    step  500/6874 (global micro   500/20622, update   500/20622)  loss 0.6870  lr 9.99e-04
    step  525/6874 (global micro   525/20622, update   525/20622)  loss 0.6796  lr 9.99e-04
    step  550/6874 (global micro   550/20622, update   550/20622)  loss 0.7945  lr 9.98e-04
    step  575/6874 (global micro   575/20622, update   575/20622)  loss 0.7138  lr 9.98e-04
    step  600/6874 (global micro   600/20622, update   600/20622)  loss 0.7061  lr 9.98e-04
    step  625/6874 (global micro   625/20622, update   625/20622)  loss 0.7627  lr 9.98e-04
    step  650/6874 (global micro   650/20622, update   650/20622)  loss 0.7370  lr 9.98e-04
    step  675/6874 (global micro   675/20622, update   675/20622)  loss 0.8188  lr 9.98e-04
    step  700/6874 (global micro   700/20622, update   700/20622)  loss 0.6131  lr 9.97e-04
    step  725/6874 (global micro   725/20622, update   725/20622)  loss 0.7837  lr 9.97e-04
    step  750/6874 (global micro   750/20622, update   750/20622)  loss 0.6441  lr 9.97e-04
    step  775/6874 (global micro   775/20622, update   775/20622)  loss 0.7131  lr 9.97e-04
    step  800/6874 (global micro   800/20622, update   800/20622)  loss 0.5728  lr 9.97e-04
    step  825/6874 (global micro   825/20622, update   825/20622)  loss 0.7623  lr 9.96e-04
    step  850/6874 (global micro   850/20622, update   850/20622)  loss 0.7140  lr 9.96e-04
    step  875/6874 (global micro   875/20622, update   875/20622)  loss 0.7279  lr 9.96e-04
    step  900/6874 (global micro   900/20622, update   900/20622)  loss 0.6239  lr 9.96e-04
    step  925/6874 (global micro   925/20622, update   925/20622)  loss 0.6775  lr 9.96e-04
    step  950/6874 (global micro   950/20622, update   950/20622)  loss 0.7941  lr 9.95e-04
    step  975/6874 (global micro   975/20622, update   975/20622)  loss 0.7557  lr 9.95e-04
    step 1000/6874 (global micro  1000/20622, update  1000/20622)  loss 0.6630  lr 9.95e-04
    step 1025/6874 (global micro  1025/20622, update  1025/20622)  loss 0.7370  lr 9.95e-04
    step 1050/6874 (global micro  1050/20622, update  1050/20622)  loss 0.7324  lr 9.94e-04
    step 1075/6874 (global micro  1075/20622, update  1075/20622)  loss 0.6621  lr 9.94e-04
    step 1100/6874 (global micro  1100/20622, update  1100/20622)  loss 0.7713  lr 9.94e-04
    step 1125/6874 (global micro  1125/20622, update  1125/20622)  loss 0.6593  lr 9.93e-04
    step 1150/6874 (global micro  1150/20622, update  1150/20622)  loss 0.6616  lr 9.93e-04
    step 1175/6874 (global micro  1175/20622, update  1175/20622)  loss 0.8127  lr 9.93e-04
    step 1200/6874 (global micro  1200/20622, update  1200/20622)  loss 0.8111  lr 9.93e-04
    step 1225/6874 (global micro  1225/20622, update  1225/20622)  loss 0.7229  lr 9.92e-04
    step 1250/6874 (global micro  1250/20622, update  1250/20622)  loss 0.8532  lr 9.92e-04
    step 1275/6874 (global micro  1275/20622, update  1275/20622)  loss 0.6131  lr 9.92e-04
    step 1300/6874 (global micro  1300/20622, update  1300/20622)  loss 0.7714  lr 9.91e-04
    step 1325/6874 (global micro  1325/20622, update  1325/20622)  loss 0.7736  lr 9.91e-04
    step 1350/6874 (global micro  1350/20622, update  1350/20622)  loss 0.7208  lr 9.91e-04
    step 1375/6874 (global micro  1375/20622, update  1375/20622)  loss 0.7020  lr 9.90e-04
    step 1400/6874 (global micro  1400/20622, update  1400/20622)  loss 0.6719  lr 9.90e-04
    step 1425/6874 (global micro  1425/20622, update  1425/20622)  loss 0.6947  lr 9.89e-04
    step 1450/6874 (global micro  1450/20622, update  1450/20622)  loss 0.7641  lr 9.89e-04
    step 1475/6874 (global micro  1475/20622, update  1475/20622)  loss 0.6676  lr 9.89e-04
    step 1500/6874 (global micro  1500/20622, update  1500/20622)  loss 0.6473  lr 9.88e-04
    step 1525/6874 (global micro  1525/20622, update  1525/20622)  loss 0.7437  lr 9.88e-04
    step 1550/6874 (global micro  1550/20622, update  1550/20622)  loss 0.7367  lr 9.88e-04
    step 1575/6874 (global micro  1575/20622, update  1575/20622)  loss 0.7068  lr 9.87e-04
    step 1600/6874 (global micro  1600/20622, update  1600/20622)  loss 0.7990  lr 9.87e-04
    step 1625/6874 (global micro  1625/20622, update  1625/20622)  loss 0.7058  lr 9.86e-04
    step 1650/6874 (global micro  1650/20622, update  1650/20622)  loss 0.8115  lr 9.86e-04
    step 1675/6874 (global micro  1675/20622, update  1675/20622)  loss 0.6868  lr 9.85e-04
    step 1700/6874 (global micro  1700/20622, update  1700/20622)  loss 0.7730  lr 9.85e-04
    step 1725/6874 (global micro  1725/20622, update  1725/20622)  loss 0.6925  lr 9.85e-04
    step 1750/6874 (global micro  1750/20622, update  1750/20622)  loss 0.6303  lr 9.84e-04
    step 1775/6874 (global micro  1775/20622, update  1775/20622)  loss 0.7616  lr 9.84e-04
    step 1800/6874 (global micro  1800/20622, update  1800/20622)  loss 0.7603  lr 9.83e-04
    step 1825/6874 (global micro  1825/20622, update  1825/20622)  loss 0.6843  lr 9.83e-04
    step 1850/6874 (global micro  1850/20622, update  1850/20622)  loss 0.8710  lr 9.82e-04
    step 1875/6874 (global micro  1875/20622, update  1875/20622)  loss 0.6973  lr 9.82e-04
    step 1900/6874 (global micro  1900/20622, update  1900/20622)  loss 0.6142  lr 9.81e-04
    step 1925/6874 (global micro  1925/20622, update  1925/20622)  loss 0.8156  lr 9.81e-04
    step 1950/6874 (global micro  1950/20622, update  1950/20622)  loss 0.7607  lr 9.80e-04
    step 1975/6874 (global micro  1975/20622, update  1975/20622)  loss 0.5697  lr 9.80e-04
    step 2000/6874 (global micro  2000/20622, update  2000/20622)  loss 0.8398  lr 9.79e-04
    step 2025/6874 (global micro  2025/20622, update  2025/20622)  loss 0.6593  lr 9.79e-04
    step 2050/6874 (global micro  2050/20622, update  2050/20622)  loss 0.7011  lr 9.78e-04
    step 2075/6874 (global micro  2075/20622, update  2075/20622)  loss 0.7513  lr 9.78e-04
    step 2100/6874 (global micro  2100/20622, update  2100/20622)  loss 0.8229  lr 9.77e-04
    step 2125/6874 (global micro  2125/20622, update  2125/20622)  loss 0.8127  lr 9.77e-04
    step 2150/6874 (global micro  2150/20622, update  2150/20622)  loss 0.9808  lr 9.76e-04
    step 2175/6874 (global micro  2175/20622, update  2175/20622)  loss 0.7168  lr 9.76e-04
    step 2200/6874 (global micro  2200/20622, update  2200/20622)  loss 0.8380  lr 9.75e-04
    step 2225/6874 (global micro  2225/20622, update  2225/20622)  loss 0.7595  lr 9.74e-04
    step 2250/6874 (global micro  2250/20622, update  2250/20622)  loss 0.6529  lr 9.74e-04
    step 2275/6874 (global micro  2275/20622, update  2275/20622)  loss 0.7271  lr 9.73e-04
    step 2300/6874 (global micro  2300/20622, update  2300/20622)  loss 0.7641  lr 9.73e-04
    step 2325/6874 (global micro  2325/20622, update  2325/20622)  loss 0.7541  lr 9.72e-04
    step 2350/6874 (global micro  2350/20622, update  2350/20622)  loss 0.6905  lr 9.71e-04
    step 2375/6874 (global micro  2375/20622, update  2375/20622)  loss 0.8564  lr 9.71e-04
    step 2400/6874 (global micro  2400/20622, update  2400/20622)  loss 0.7552  lr 9.70e-04
    step 2425/6874 (global micro  2425/20622, update  2425/20622)  loss 0.6351  lr 9.70e-04
    step 2450/6874 (global micro  2450/20622, update  2450/20622)  loss 0.7969  lr 9.69e-04
    step 2475/6874 (global micro  2475/20622, update  2475/20622)  loss 0.9228  lr 9.68e-04
    step 2500/6874 (global micro  2500/20622, update  2500/20622)  loss 0.6395  lr 9.68e-04
    step 2525/6874 (global micro  2525/20622, update  2525/20622)  loss 0.6318  lr 9.67e-04
    step 2550/6874 (global micro  2550/20622, update  2550/20622)  loss 0.7209  lr 9.66e-04
    step 2575/6874 (global micro  2575/20622, update  2575/20622)  loss 0.7806  lr 9.66e-04
    step 2600/6874 (global micro  2600/20622, update  2600/20622)  loss 0.8077  lr 9.65e-04
    step 2625/6874 (global micro  2625/20622, update  2625/20622)  loss 0.7177  lr 9.64e-04
    step 2650/6874 (global micro  2650/20622, update  2650/20622)  loss 0.6345  lr 9.64e-04
    step 2675/6874 (global micro  2675/20622, update  2675/20622)  loss 0.7433  lr 9.63e-04
    step 2700/6874 (global micro  2700/20622, update  2700/20622)  loss 0.8011  lr 9.62e-04
    step 2725/6874 (global micro  2725/20622, update  2725/20622)  loss 0.6165  lr 9.62e-04
    step 2750/6874 (global micro  2750/20622, update  2750/20622)  loss 0.7929  lr 9.61e-04
    step 2775/6874 (global micro  2775/20622, update  2775/20622)  loss 0.6601  lr 9.60e-04
    step 2800/6874 (global micro  2800/20622, update  2800/20622)  loss 0.7957  lr 9.60e-04
    step 2825/6874 (global micro  2825/20622, update  2825/20622)  loss 0.6091  lr 9.59e-04
    step 2850/6874 (global micro  2850/20622, update  2850/20622)  loss 0.7411  lr 9.58e-04
    step 2875/6874 (global micro  2875/20622, update  2875/20622)  loss 0.7488  lr 9.58e-04
    step 2900/6874 (global micro  2900/20622, update  2900/20622)  loss 0.6816  lr 9.57e-04
    step 2925/6874 (global micro  2925/20622, update  2925/20622)  loss 0.6458  lr 9.56e-04
    step 2950/6874 (global micro  2950/20622, update  2950/20622)  loss 0.6066  lr 9.55e-04
    step 2975/6874 (global micro  2975/20622, update  2975/20622)  loss 0.8242  lr 9.55e-04
    step 3000/6874 (global micro  3000/20622, update  3000/20622)  loss 0.7646  lr 9.54e-04
    step 3025/6874 (global micro  3025/20622, update  3025/20622)  loss 0.8856  lr 9.53e-04
    step 3050/6874 (global micro  3050/20622, update  3050/20622)  loss 0.8452  lr 9.52e-04
    step 3075/6874 (global micro  3075/20622, update  3075/20622)  loss 0.6243  lr 9.52e-04
    step 3100/6874 (global micro  3100/20622, update  3100/20622)  loss 0.5215  lr 9.51e-04
    step 3125/6874 (global micro  3125/20622, update  3125/20622)  loss 0.7365  lr 9.50e-04
    step 3150/6874 (global micro  3150/20622, update  3150/20622)  loss 0.7923  lr 9.49e-04
    step 3175/6874 (global micro  3175/20622, update  3175/20622)  loss 0.7251  lr 9.48e-04
    step 3200/6874 (global micro  3200/20622, update  3200/20622)  loss 0.6654  lr 9.48e-04
    step 3225/6874 (global micro  3225/20622, update  3225/20622)  loss 0.6146  lr 9.47e-04
    step 3250/6874 (global micro  3250/20622, update  3250/20622)  loss 0.5056  lr 9.46e-04
    step 3275/6874 (global micro  3275/20622, update  3275/20622)  loss 0.6548  lr 9.45e-04
    step 3300/6874 (global micro  3300/20622, update  3300/20622)  loss 0.6878  lr 9.44e-04
    step 3325/6874 (global micro  3325/20622, update  3325/20622)  loss 0.8917  lr 9.43e-04
    step 3350/6874 (global micro  3350/20622, update  3350/20622)  loss 0.8558  lr 9.43e-04
    step 3375/6874 (global micro  3375/20622, update  3375/20622)  loss 0.7183  lr 9.42e-04
    step 3400/6874 (global micro  3400/20622, update  3400/20622)  loss 0.8132  lr 9.41e-04
    step 3425/6874 (global micro  3425/20622, update  3425/20622)  loss 0.7847  lr 9.40e-04
    step 3450/6874 (global micro  3450/20622, update  3450/20622)  loss 0.7533  lr 9.39e-04
    step 3475/6874 (global micro  3475/20622, update  3475/20622)  loss 0.6456  lr 9.38e-04
    step 3500/6874 (global micro  3500/20622, update  3500/20622)  loss 0.8982  lr 9.38e-04
    step 3525/6874 (global micro  3525/20622, update  3525/20622)  loss 0.6934  lr 9.37e-04
    step 3550/6874 (global micro  3550/20622, update  3550/20622)  loss 0.7010  lr 9.36e-04
    step 3575/6874 (global micro  3575/20622, update  3575/20622)  loss 0.8098  lr 9.35e-04
    step 3600/6874 (global micro  3600/20622, update  3600/20622)  loss 0.7565  lr 9.34e-04
    step 3625/6874 (global micro  3625/20622, update  3625/20622)  loss 0.9162  lr 9.33e-04
    step 3650/6874 (global micro  3650/20622, update  3650/20622)  loss 0.6960  lr 9.32e-04
    step 3675/6874 (global micro  3675/20622, update  3675/20622)  loss 0.7279  lr 9.31e-04
    step 3700/6874 (global micro  3700/20622, update  3700/20622)  loss 0.6975  lr 9.30e-04
    step 3725/6874 (global micro  3725/20622, update  3725/20622)  loss 0.7729  lr 9.29e-04
    step 3750/6874 (global micro  3750/20622, update  3750/20622)  loss 0.7348  lr 9.29e-04
    step 3775/6874 (global micro  3775/20622, update  3775/20622)  loss 0.6967  lr 9.28e-04
    step 3800/6874 (global micro  3800/20622, update  3800/20622)  loss 0.5990  lr 9.27e-04
    step 3825/6874 (global micro  3825/20622, update  3825/20622)  loss 0.7512  lr 9.26e-04
    step 3850/6874 (global micro  3850/20622, update  3850/20622)  loss 0.7116  lr 9.25e-04
    step 3875/6874 (global micro  3875/20622, update  3875/20622)  loss 0.6749  lr 9.24e-04
    step 3900/6874 (global micro  3900/20622, update  3900/20622)  loss 0.7220  lr 9.23e-04
    step 3925/6874 (global micro  3925/20622, update  3925/20622)  loss 0.7829  lr 9.22e-04
    step 3950/6874 (global micro  3950/20622, update  3950/20622)  loss 0.7587  lr 9.21e-04
    step 3975/6874 (global micro  3975/20622, update  3975/20622)  loss 0.6613  lr 9.20e-04
    step 4000/6874 (global micro  4000/20622, update  4000/20622)  loss 0.8430  lr 9.19e-04
    step 4025/6874 (global micro  4025/20622, update  4025/20622)  loss 0.7856  lr 9.18e-04
    step 4050/6874 (global micro  4050/20622, update  4050/20622)  loss 0.7061  lr 9.17e-04
    step 4075/6874 (global micro  4075/20622, update  4075/20622)  loss 0.7448  lr 9.16e-04
    step 4100/6874 (global micro  4100/20622, update  4100/20622)  loss 0.8323  lr 9.15e-04
    step 4125/6874 (global micro  4125/20622, update  4125/20622)  loss 0.7362  lr 9.14e-04
    step 4150/6874 (global micro  4150/20622, update  4150/20622)  loss 0.9176  lr 9.13e-04
    step 4175/6874 (global micro  4175/20622, update  4175/20622)  loss 0.7050  lr 9.12e-04
    step 4200/6874 (global micro  4200/20622, update  4200/20622)  loss 0.7147  lr 9.11e-04
    step 4225/6874 (global micro  4225/20622, update  4225/20622)  loss 0.9090  lr 9.10e-04
    step 4250/6874 (global micro  4250/20622, update  4250/20622)  loss 0.5841  lr 9.09e-04
    step 4275/6874 (global micro  4275/20622, update  4275/20622)  loss 0.7541  lr 9.08e-04
    step 4300/6874 (global micro  4300/20622, update  4300/20622)  loss 0.7397  lr 9.07e-04
    step 4325/6874 (global micro  4325/20622, update  4325/20622)  loss 0.7188  lr 9.06e-04
    step 4350/6874 (global micro  4350/20622, update  4350/20622)  loss 0.6290  lr 9.05e-04
    step 4375/6874 (global micro  4375/20622, update  4375/20622)  loss 0.8212  lr 9.04e-04
    step 4400/6874 (global micro  4400/20622, update  4400/20622)  loss 0.8347  lr 9.03e-04
    step 4425/6874 (global micro  4425/20622, update  4425/20622)  loss 0.7263  lr 9.02e-04
    step 4450/6874 (global micro  4450/20622, update  4450/20622)  loss 0.7448  lr 9.00e-04
    step 4475/6874 (global micro  4475/20622, update  4475/20622)  loss 0.7473  lr 8.99e-04
    step 4500/6874 (global micro  4500/20622, update  4500/20622)  loss 0.7542  lr 8.98e-04
    step 4525/6874 (global micro  4525/20622, update  4525/20622)  loss 0.7885  lr 8.97e-04
    step 4550/6874 (global micro  4550/20622, update  4550/20622)  loss 0.8315  lr 8.96e-04
    step 4575/6874 (global micro  4575/20622, update  4575/20622)  loss 0.6647  lr 8.95e-04
    step 4600/6874 (global micro  4600/20622, update  4600/20622)  loss 0.7096  lr 8.94e-04
    step 4625/6874 (global micro  4625/20622, update  4625/20622)  loss 0.6968  lr 8.93e-04
    step 4650/6874 (global micro  4650/20622, update  4650/20622)  loss 0.9104  lr 8.92e-04
    step 4675/6874 (global micro  4675/20622, update  4675/20622)  loss 0.6648  lr 8.91e-04
    step 4700/6874 (global micro  4700/20622, update  4700/20622)  loss 0.7418  lr 8.89e-04
    step 4725/6874 (global micro  4725/20622, update  4725/20622)  loss 0.7771  lr 8.88e-04
    step 4750/6874 (global micro  4750/20622, update  4750/20622)  loss 0.8902  lr 8.87e-04
    step 4775/6874 (global micro  4775/20622, update  4775/20622)  loss 0.8662  lr 8.86e-04
    step 4800/6874 (global micro  4800/20622, update  4800/20622)  loss 0.6715  lr 8.85e-04
    step 4825/6874 (global micro  4825/20622, update  4825/20622)  loss 0.5960  lr 8.84e-04
    step 4850/6874 (global micro  4850/20622, update  4850/20622)  loss 0.7954  lr 8.83e-04
    step 4875/6874 (global micro  4875/20622, update  4875/20622)  loss 0.5211  lr 8.82e-04
    step 4900/6874 (global micro  4900/20622, update  4900/20622)  loss 0.8002  lr 8.80e-04
    step 4925/6874 (global micro  4925/20622, update  4925/20622)  loss 0.7407  lr 8.79e-04
    step 4950/6874 (global micro  4950/20622, update  4950/20622)  loss 0.7185  lr 8.78e-04
    step 4975/6874 (global micro  4975/20622, update  4975/20622)  loss 0.8497  lr 8.77e-04
    step 5000/6874 (global micro  5000/20622, update  5000/20622)  loss 0.7338  lr 8.76e-04
    step 5025/6874 (global micro  5025/20622, update  5025/20622)  loss 0.7935  lr 8.74e-04
    step 5050/6874 (global micro  5050/20622, update  5050/20622)  loss 0.7936  lr 8.73e-04
    step 5075/6874 (global micro  5075/20622, update  5075/20622)  loss 0.6155  lr 8.72e-04
    step 5100/6874 (global micro  5100/20622, update  5100/20622)  loss 0.6825  lr 8.71e-04
    step 5125/6874 (global micro  5125/20622, update  5125/20622)  loss 0.7204  lr 8.70e-04
    step 5150/6874 (global micro  5150/20622, update  5150/20622)  loss 0.7395  lr 8.68e-04
    step 5175/6874 (global micro  5175/20622, update  5175/20622)  loss 0.8247  lr 8.67e-04
    step 5200/6874 (global micro  5200/20622, update  5200/20622)  loss 0.8550  lr 8.66e-04
    step 5225/6874 (global micro  5225/20622, update  5225/20622)  loss 0.7215  lr 8.65e-04
    step 5250/6874 (global micro  5250/20622, update  5250/20622)  loss 0.6542  lr 8.64e-04
    step 5275/6874 (global micro  5275/20622, update  5275/20622)  loss 0.6952  lr 8.62e-04
    step 5300/6874 (global micro  5300/20622, update  5300/20622)  loss 0.8519  lr 8.61e-04
    step 5325/6874 (global micro  5325/20622, update  5325/20622)  loss 0.8669  lr 8.60e-04
    step 5350/6874 (global micro  5350/20622, update  5350/20622)  loss 0.7382  lr 8.59e-04
    step 5375/6874 (global micro  5375/20622, update  5375/20622)  loss 0.8450  lr 8.57e-04
    step 5400/6874 (global micro  5400/20622, update  5400/20622)  loss 0.6996  lr 8.56e-04
    step 5425/6874 (global micro  5425/20622, update  5425/20622)  loss 0.7488  lr 8.55e-04
    step 5450/6874 (global micro  5450/20622, update  5450/20622)  loss 0.6768  lr 8.54e-04
    step 5475/6874 (global micro  5475/20622, update  5475/20622)  loss 0.8715  lr 8.52e-04
    step 5500/6874 (global micro  5500/20622, update  5500/20622)  loss 0.7887  lr 8.51e-04
    step 5525/6874 (global micro  5525/20622, update  5525/20622)  loss 0.6632  lr 8.50e-04
    step 5550/6874 (global micro  5550/20622, update  5550/20622)  loss 0.7972  lr 8.49e-04
    step 5575/6874 (global micro  5575/20622, update  5575/20622)  loss 0.6804  lr 8.47e-04
    step 5600/6874 (global micro  5600/20622, update  5600/20622)  loss 0.7938  lr 8.46e-04
    step 5625/6874 (global micro  5625/20622, update  5625/20622)  loss 0.6961  lr 8.45e-04
    step 5650/6874 (global micro  5650/20622, update  5650/20622)  loss 0.8137  lr 8.43e-04
    step 5675/6874 (global micro  5675/20622, update  5675/20622)  loss 0.6350  lr 8.42e-04
    step 5700/6874 (global micro  5700/20622, update  5700/20622)  loss 0.7372  lr 8.41e-04
    step 5725/6874 (global micro  5725/20622, update  5725/20622)  loss 0.7907  lr 8.39e-04
    step 5750/6874 (global micro  5750/20622, update  5750/20622)  loss 0.8444  lr 8.38e-04
    step 5775/6874 (global micro  5775/20622, update  5775/20622)  loss 0.6934  lr 8.37e-04
    step 5800/6874 (global micro  5800/20622, update  5800/20622)  loss 0.7735  lr 8.35e-04
    step 5825/6874 (global micro  5825/20622, update  5825/20622)  loss 0.6812  lr 8.34e-04
    step 5850/6874 (global micro  5850/20622, update  5850/20622)  loss 0.8316  lr 8.33e-04
    step 5875/6874 (global micro  5875/20622, update  5875/20622)  loss 0.7615  lr 8.31e-04
    step 5900/6874 (global micro  5900/20622, update  5900/20622)  loss 0.6409  lr 8.30e-04
    step 5925/6874 (global micro  5925/20622, update  5925/20622)  loss 0.8688  lr 8.29e-04
    step 5950/6874 (global micro  5950/20622, update  5950/20622)  loss 0.6467  lr 8.27e-04
    step 5975/6874 (global micro  5975/20622, update  5975/20622)  loss 0.7644  lr 8.26e-04
    step 6000/6874 (global micro  6000/20622, update  6000/20622)  loss 0.7630  lr 8.25e-04
    step 6025/6874 (global micro  6025/20622, update  6025/20622)  loss 0.7664  lr 8.23e-04
    step 6050/6874 (global micro  6050/20622, update  6050/20622)  loss 0.7800  lr 8.22e-04
    step 6075/6874 (global micro  6075/20622, update  6075/20622)  loss 0.9506  lr 8.21e-04
    step 6100/6874 (global micro  6100/20622, update  6100/20622)  loss 0.6529  lr 8.19e-04
    step 6125/6874 (global micro  6125/20622, update  6125/20622)  loss 0.7020  lr 8.18e-04
    step 6150/6874 (global micro  6150/20622, update  6150/20622)  loss 0.6371  lr 8.17e-04
    step 6175/6874 (global micro  6175/20622, update  6175/20622)  loss 0.6424  lr 8.15e-04
    step 6200/6874 (global micro  6200/20622, update  6200/20622)  loss 0.7944  lr 8.14e-04
    step 6225/6874 (global micro  6225/20622, update  6225/20622)  loss 0.7174  lr 8.12e-04
    step 6250/6874 (global micro  6250/20622, update  6250/20622)  loss 0.9122  lr 8.11e-04
    step 6275/6874 (global micro  6275/20622, update  6275/20622)  loss 0.7797  lr 8.10e-04
    step 6300/6874 (global micro  6300/20622, update  6300/20622)  loss 0.7390  lr 8.08e-04
    step 6325/6874 (global micro  6325/20622, update  6325/20622)  loss 0.7405  lr 8.07e-04
    step 6350/6874 (global micro  6350/20622, update  6350/20622)  loss 0.5358  lr 8.05e-04
    step 6375/6874 (global micro  6375/20622, update  6375/20622)  loss 0.6350  lr 8.04e-04
    step 6400/6874 (global micro  6400/20622, update  6400/20622)  loss 0.7478  lr 8.03e-04
    step 6425/6874 (global micro  6425/20622, update  6425/20622)  loss 0.6791  lr 8.01e-04
    step 6450/6874 (global micro  6450/20622, update  6450/20622)  loss 0.5855  lr 8.00e-04
    step 6475/6874 (global micro  6475/20622, update  6475/20622)  loss 0.5806  lr 7.98e-04
    step 6500/6874 (global micro  6500/20622, update  6500/20622)  loss 0.7832  lr 7.97e-04
    step 6525/6874 (global micro  6525/20622, update  6525/20622)  loss 0.8004  lr 7.95e-04
    step 6550/6874 (global micro  6550/20622, update  6550/20622)  loss 0.8191  lr 7.94e-04
    step 6575/6874 (global micro  6575/20622, update  6575/20622)  loss 0.6632  lr 7.93e-04
    step 6600/6874 (global micro  6600/20622, update  6600/20622)  loss 0.7078  lr 7.91e-04
    step 6625/6874 (global micro  6625/20622, update  6625/20622)  loss 0.7579  lr 7.90e-04
    step 6650/6874 (global micro  6650/20622, update  6650/20622)  loss 0.7229  lr 7.88e-04
    step 6675/6874 (global micro  6675/20622, update  6675/20622)  loss 0.6639  lr 7.87e-04
    step 6700/6874 (global micro  6700/20622, update  6700/20622)  loss 0.7261  lr 7.85e-04
    step 6725/6874 (global micro  6725/20622, update  6725/20622)  loss 0.6685  lr 7.84e-04
    step 6750/6874 (global micro  6750/20622, update  6750/20622)  loss 0.7175  lr 7.82e-04
    step 6775/6874 (global micro  6775/20622, update  6775/20622)  loss 0.7279  lr 7.81e-04
    step 6800/6874 (global micro  6800/20622, update  6800/20622)  loss 0.6946  lr 7.79e-04
    step 6825/6874 (global micro  6825/20622, update  6825/20622)  loss 0.5224  lr 7.78e-04
    step 6850/6874 (global micro  6850/20622, update  6850/20622)  loss 0.7838  lr 7.76e-04
    step 6874/6874 (global micro  6874/20622, update  6874/20622)  loss 0.6357  lr 7.75e-04
  epoch   1/3  loss 0.7273  lr 7.75e-04  (2616.9s)
  Epoch checkpoint: core/run_7_teacher_student_drill_e1.pt
    step    1/6874 (global micro  6875/20622, update  6875/20622)  loss 0.6773  lr 7.75e-04
    step   25/6874 (global micro  6899/20622, update  6899/20622)  loss 0.7373  lr 7.74e-04
    step   50/6874 (global micro  6924/20622, update  6924/20622)  loss 0.7154  lr 7.72e-04
    step   75/6874 (global micro  6949/20622, update  6949/20622)  loss 0.8877  lr 7.71e-04
    step  100/6874 (global micro  6974/20622, update  6974/20622)  loss 0.8252  lr 7.69e-04
    step  125/6874 (global micro  6999/20622, update  6999/20622)  loss 0.5505  lr 7.68e-04
    step  150/6874 (global micro  7024/20622, update  7024/20622)  loss 0.5808  lr 7.66e-04
    step  175/6874 (global micro  7049/20622, update  7049/20622)  loss 0.8148  lr 7.65e-04
    step  200/6874 (global micro  7074/20622, update  7074/20622)  loss 0.5836  lr 7.63e-04
    step  225/6874 (global micro  7099/20622, update  7099/20622)  loss 0.6112  lr 7.62e-04
    step  250/6874 (global micro  7124/20622, update  7124/20622)  loss 0.5503  lr 7.60e-04
    step  275/6874 (global micro  7149/20622, update  7149/20622)  loss 0.7090  lr 7.58e-04
    step  300/6874 (global micro  7174/20622, update  7174/20622)  loss 0.5101  lr 7.57e-04
    step  325/6874 (global micro  7199/20622, update  7199/20622)  loss 0.6345  lr 7.55e-04
    step  350/6874 (global micro  7224/20622, update  7224/20622)  loss 0.5078  lr 7.54e-04
    step  375/6874 (global micro  7249/20622, update  7249/20622)  loss 0.6767  lr 7.52e-04
    step  400/6874 (global micro  7274/20622, update  7274/20622)  loss 0.7466  lr 7.51e-04
    step  425/6874 (global micro  7299/20622, update  7299/20622)  loss 0.5549  lr 7.49e-04
    step  450/6874 (global micro  7324/20622, update  7324/20622)  loss 0.5766  lr 7.48e-04
    step  475/6874 (global micro  7349/20622, update  7349/20622)  loss 0.6464  lr 7.46e-04
    step  500/6874 (global micro  7374/20622, update  7374/20622)  loss 0.5803  lr 7.45e-04
    step  525/6874 (global micro  7399/20622, update  7399/20622)  loss 0.7066  lr 7.43e-04
    step  550/6874 (global micro  7424/20622, update  7424/20622)  loss 0.6810  lr 7.42e-04
    step  575/6874 (global micro  7449/20622, update  7449/20622)  loss 0.5431  lr 7.40e-04
    step  600/6874 (global micro  7474/20622, update  7474/20622)  loss 0.6943  lr 7.38e-04
    step  625/6874 (global micro  7499/20622, update  7499/20622)  loss 0.6085  lr 7.37e-04
    step  650/6874 (global micro  7524/20622, update  7524/20622)  loss 0.5406  lr 7.35e-04
    step  675/6874 (global micro  7549/20622, update  7549/20622)  loss 0.5923  lr 7.34e-04
    step  700/6874 (global micro  7574/20622, update  7574/20622)  loss 0.7354  lr 7.32e-04
    step  725/6874 (global micro  7599/20622, update  7599/20622)  loss 0.6866  lr 7.31e-04
    step  750/6874 (global micro  7624/20622, update  7624/20622)  loss 0.7517  lr 7.29e-04
    step  775/6874 (global micro  7649/20622, update  7649/20622)  loss 0.8152  lr 7.28e-04
    step  800/6874 (global micro  7674/20622, update  7674/20622)  loss 0.5387  lr 7.26e-04
    step  825/6874 (global micro  7699/20622, update  7699/20622)  loss 0.6148  lr 7.24e-04
    step  850/6874 (global micro  7724/20622, update  7724/20622)  loss 0.6175  lr 7.23e-04
    step  875/6874 (global micro  7749/20622, update  7749/20622)  loss 0.5677  lr 7.21e-04
    step  900/6874 (global micro  7774/20622, update  7774/20622)  loss 0.7881  lr 7.20e-04
    step  925/6874 (global micro  7799/20622, update  7799/20622)  loss 0.6331  lr 7.18e-04
    step  950/6874 (global micro  7824/20622, update  7824/20622)  loss 0.6355  lr 7.16e-04
    step  975/6874 (global micro  7849/20622, update  7849/20622)  loss 0.6445  lr 7.15e-04
    step 1000/6874 (global micro  7874/20622, update  7874/20622)  loss 0.7138  lr 7.13e-04
    step 1025/6874 (global micro  7899/20622, update  7899/20622)  loss 0.7971  lr 7.12e-04
    step 1050/6874 (global micro  7924/20622, update  7924/20622)  loss 0.6808  lr 7.10e-04
    step 1075/6874 (global micro  7949/20622, update  7949/20622)  loss 0.6605  lr 7.08e-04
    step 1100/6874 (global micro  7974/20622, update  7974/20622)  loss 0.6677  lr 7.07e-04
    step 1125/6874 (global micro  7999/20622, update  7999/20622)  loss 0.7866  lr 7.05e-04
    step 1150/6874 (global micro  8024/20622, update  8024/20622)  loss 0.7128  lr 7.04e-04
    step 1175/6874 (global micro  8049/20622, update  8049/20622)  loss 0.6118  lr 7.02e-04
    step 1200/6874 (global micro  8074/20622, update  8074/20622)  loss 0.7086  lr 7.00e-04
    step 1225/6874 (global micro  8099/20622, update  8099/20622)  loss 0.5806  lr 6.99e-04
    step 1250/6874 (global micro  8124/20622, update  8124/20622)  loss 0.6331  lr 6.97e-04
    step 1275/6874 (global micro  8149/20622, update  8149/20622)  loss 0.7530  lr 6.96e-04
    step 1300/6874 (global micro  8174/20622, update  8174/20622)  loss 0.6056  lr 6.94e-04
    step 1325/6874 (global micro  8199/20622, update  8199/20622)  loss 0.7083  lr 6.92e-04
    step 1350/6874 (global micro  8224/20622, update  8224/20622)  loss 0.6831  lr 6.91e-04
    step 1375/6874 (global micro  8249/20622, update  8249/20622)  loss 0.6649  lr 6.89e-04
    step 1400/6874 (global micro  8274/20622, update  8274/20622)  loss 0.6043  lr 6.87e-04
    step 1425/6874 (global micro  8299/20622, update  8299/20622)  loss 0.5856  lr 6.86e-04
    step 1450/6874 (global micro  8324/20622, update  8324/20622)  loss 0.5256  lr 6.84e-04
    step 1475/6874 (global micro  8349/20622, update  8349/20622)  loss 0.7215  lr 6.83e-04
    step 1500/6874 (global micro  8374/20622, update  8374/20622)  loss 0.6097  lr 6.81e-04
    step 1525/6874 (global micro  8399/20622, update  8399/20622)  loss 0.7747  lr 6.79e-04
    step 1550/6874 (global micro  8424/20622, update  8424/20622)  loss 0.6712  lr 6.78e-04
    step 1575/6874 (global micro  8449/20622, update  8449/20622)  loss 0.6785  lr 6.76e-04
    step 1600/6874 (global micro  8474/20622, update  8474/20622)  loss 0.7161  lr 6.74e-04
    step 1625/6874 (global micro  8499/20622, update  8499/20622)  loss 0.6779  lr 6.73e-04
    step 1650/6874 (global micro  8524/20622, update  8524/20622)  loss 0.5826  lr 6.71e-04
    step 1675/6874 (global micro  8549/20622, update  8549/20622)  loss 0.5545  lr 6.69e-04
    step 1700/6874 (global micro  8574/20622, update  8574/20622)  loss 0.6819  lr 6.68e-04
    step 1725/6874 (global micro  8599/20622, update  8599/20622)  loss 0.5239  lr 6.66e-04
    step 1750/6874 (global micro  8624/20622, update  8624/20622)  loss 0.6349  lr 6.64e-04
    step 1775/6874 (global micro  8649/20622, update  8649/20622)  loss 0.5882  lr 6.63e-04
    step 1800/6874 (global micro  8674/20622, update  8674/20622)  loss 0.6643  lr 6.61e-04
    step 1825/6874 (global micro  8699/20622, update  8699/20622)  loss 0.7216  lr 6.59e-04
    step 1850/6874 (global micro  8724/20622, update  8724/20622)  loss 0.6008  lr 6.58e-04
    step 1875/6874 (global micro  8749/20622, update  8749/20622)  loss 0.6716  lr 6.56e-04
    step 1900/6874 (global micro  8774/20622, update  8774/20622)  loss 0.6770  lr 6.54e-04
    step 1925/6874 (global micro  8799/20622, update  8799/20622)  loss 0.6677  lr 6.53e-04
    step 1950/6874 (global micro  8824/20622, update  8824/20622)  loss 0.5436  lr 6.51e-04
    step 1975/6874 (global micro  8849/20622, update  8849/20622)  loss 0.7151  lr 6.49e-04
    step 2000/6874 (global micro  8874/20622, update  8874/20622)  loss 0.6436  lr 6.48e-04
    step 2025/6874 (global micro  8899/20622, update  8899/20622)  loss 0.5435  lr 6.46e-04
    step 2050/6874 (global micro  8924/20622, update  8924/20622)  loss 0.7266  lr 6.44e-04
    step 2075/6874 (global micro  8949/20622, update  8949/20622)  loss 0.5840  lr 6.43e-04
    step 2100/6874 (global micro  8974/20622, update  8974/20622)  loss 0.7366  lr 6.41e-04
    step 2125/6874 (global micro  8999/20622, update  8999/20622)  loss 0.5218  lr 6.39e-04
    step 2150/6874 (global micro  9024/20622, update  9024/20622)  loss 0.5791  lr 6.38e-04
    step 2175/6874 (global micro  9049/20622, update  9049/20622)  loss 0.6611  lr 6.36e-04
    step 2200/6874 (global micro  9074/20622, update  9074/20622)  loss 0.5765  lr 6.34e-04
    step 2225/6874 (global micro  9099/20622, update  9099/20622)  loss 0.7688  lr 6.33e-04
    step 2250/6874 (global micro  9124/20622, update  9124/20622)  loss 0.6731  lr 6.31e-04
    step 2275/6874 (global micro  9149/20622, update  9149/20622)  loss 0.7187  lr 6.29e-04
    step 2300/6874 (global micro  9174/20622, update  9174/20622)  loss 0.7525  lr 6.28e-04
    step 2325/6874 (global micro  9199/20622, update  9199/20622)  loss 0.8005  lr 6.26e-04
    step 2350/6874 (global micro  9224/20622, update  9224/20622)  loss 0.6095  lr 6.24e-04
    step 2375/6874 (global micro  9249/20622, update  9249/20622)  loss 0.5411  lr 6.22e-04
    step 2400/6874 (global micro  9274/20622, update  9274/20622)  loss 0.6808  lr 6.21e-04
    step 2425/6874 (global micro  9299/20622, update  9299/20622)  loss 0.6819  lr 6.19e-04
    step 2450/6874 (global micro  9324/20622, update  9324/20622)  loss 0.6513  lr 6.17e-04
    step 2475/6874 (global micro  9349/20622, update  9349/20622)  loss 0.6694  lr 6.16e-04
    step 2500/6874 (global micro  9374/20622, update  9374/20622)  loss 0.6179  lr 6.14e-04
    step 2525/6874 (global micro  9399/20622, update  9399/20622)  loss 0.5871  lr 6.12e-04
    step 2550/6874 (global micro  9424/20622, update  9424/20622)  loss 0.5042  lr 6.11e-04
    step 2575/6874 (global micro  9449/20622, update  9449/20622)  loss 0.6324  lr 6.09e-04
    step 2600/6874 (global micro  9474/20622, update  9474/20622)  loss 0.7283  lr 6.07e-04
    step 2625/6874 (global micro  9499/20622, update  9499/20622)  loss 0.5604  lr 6.06e-04
    step 2650/6874 (global micro  9524/20622, update  9524/20622)  loss 0.5832  lr 6.04e-04
    step 2675/6874 (global micro  9549/20622, update  9549/20622)  loss 0.6488  lr 6.02e-04
    step 2700/6874 (global micro  9574/20622, update  9574/20622)  loss 0.6199  lr 6.00e-04
    step 2725/6874 (global micro  9599/20622, update  9599/20622)  loss 0.8212  lr 5.99e-04
    step 2750/6874 (global micro  9624/20622, update  9624/20622)  loss 0.5428  lr 5.97e-04
    step 2775/6874 (global micro  9649/20622, update  9649/20622)  loss 0.6915  lr 5.95e-04
    step 2800/6874 (global micro  9674/20622, update  9674/20622)  loss 0.6447  lr 5.94e-04
    step 2825/6874 (global micro  9699/20622, update  9699/20622)  loss 0.6483  lr 5.92e-04
    step 2850/6874 (global micro  9724/20622, update  9724/20622)  loss 0.7504  lr 5.90e-04
    step 2875/6874 (global micro  9749/20622, update  9749/20622)  loss 0.5920  lr 5.88e-04
    step 2900/6874 (global micro  9774/20622, update  9774/20622)  loss 0.7114  lr 5.87e-04
    step 2925/6874 (global micro  9799/20622, update  9799/20622)  loss 0.7291  lr 5.85e-04
    step 2950/6874 (global micro  9824/20622, update  9824/20622)  loss 0.7519  lr 5.83e-04
    step 2975/6874 (global micro  9849/20622, update  9849/20622)  loss 0.6837  lr 5.82e-04
    step 3000/6874 (global micro  9874/20622, update  9874/20622)  loss 0.6348  lr 5.80e-04
    step 3025/6874 (global micro  9899/20622, update  9899/20622)  loss 0.7176  lr 5.78e-04
    step 3050/6874 (global micro  9924/20622, update  9924/20622)  loss 0.6129  lr 5.77e-04
    step 3075/6874 (global micro  9949/20622, update  9949/20622)  loss 0.6427  lr 5.75e-04
    step 3100/6874 (global micro  9974/20622, update  9974/20622)  loss 0.6082  lr 5.73e-04
    step 3125/6874 (global micro  9999/20622, update  9999/20622)  loss 0.7667  lr 5.71e-04
    step 3150/6874 (global micro 10024/20622, update 10024/20622)  loss 0.9043  lr 5.70e-04
    step 3175/6874 (global micro 10049/20622, update 10049/20622)  loss 0.6135  lr 5.68e-04
    step 3200/6874 (global micro 10074/20622, update 10074/20622)  loss 0.6054  lr 5.66e-04
    step 3225/6874 (global micro 10099/20622, update 10099/20622)  loss 0.6206  lr 5.65e-04
    step 3250/6874 (global micro 10124/20622, update 10124/20622)  loss 0.6561  lr 5.63e-04
    step 3275/6874 (global micro 10149/20622, update 10149/20622)  loss 0.6734  lr 5.61e-04
    step 3300/6874 (global micro 10174/20622, update 10174/20622)  loss 0.6321  lr 5.59e-04
    step 3325/6874 (global micro 10199/20622, update 10199/20622)  loss 0.7399  lr 5.58e-04
    step 3350/6874 (global micro 10224/20622, update 10224/20622)  loss 0.7562  lr 5.56e-04
    step 3375/6874 (global micro 10249/20622, update 10249/20622)  loss 0.6293  lr 5.54e-04
    step 3400/6874 (global micro 10274/20622, update 10274/20622)  loss 0.7926  lr 5.53e-04
    step 3425/6874 (global micro 10299/20622, update 10299/20622)  loss 0.6869  lr 5.51e-04
    step 3450/6874 (global micro 10324/20622, update 10324/20622)  loss 0.7676  lr 5.49e-04
    step 3475/6874 (global micro 10349/20622, update 10349/20622)  loss 0.6144  lr 5.47e-04
    step 3500/6874 (global micro 10374/20622, update 10374/20622)  loss 0.7035  lr 5.46e-04
    step 3525/6874 (global micro 10399/20622, update 10399/20622)  loss 0.6985  lr 5.44e-04
    step 3550/6874 (global micro 10424/20622, update 10424/20622)  loss 0.6065  lr 5.42e-04
    step 3575/6874 (global micro 10449/20622, update 10449/20622)  loss 0.7009  lr 5.41e-04
    step 3600/6874 (global micro 10474/20622, update 10474/20622)  loss 0.6063  lr 5.39e-04
    step 3625/6874 (global micro 10499/20622, update 10499/20622)  loss 0.7000  lr 5.37e-04
    step 3650/6874 (global micro 10524/20622, update 10524/20622)  loss 0.7430  lr 5.35e-04
    step 3675/6874 (global micro 10549/20622, update 10549/20622)  loss 0.5589  lr 5.34e-04
    step 3700/6874 (global micro 10574/20622, update 10574/20622)  loss 0.5225  lr 5.32e-04
    step 3725/6874 (global micro 10599/20622, update 10599/20622)  loss 0.6233  lr 5.30e-04
    step 3750/6874 (global micro 10624/20622, update 10624/20622)  loss 0.6030  lr 5.29e-04
    step 3775/6874 (global micro 10649/20622, update 10649/20622)  loss 0.6261  lr 5.27e-04
    step 3800/6874 (global micro 10674/20622, update 10674/20622)  loss 0.8805  lr 5.25e-04
    step 3825/6874 (global micro 10699/20622, update 10699/20622)  loss 0.6274  lr 5.23e-04
    step 3850/6874 (global micro 10724/20622, update 10724/20622)  loss 0.6087  lr 5.22e-04
    step 3875/6874 (global micro 10749/20622, update 10749/20622)  loss 0.7407  lr 5.20e-04
    step 3900/6874 (global micro 10774/20622, update 10774/20622)  loss 0.6898  lr 5.18e-04
    step 3925/6874 (global micro 10799/20622, update 10799/20622)  loss 0.7820  lr 5.17e-04
    step 3950/6874 (global micro 10824/20622, update 10824/20622)  loss 0.6544  lr 5.15e-04
    step 3975/6874 (global micro 10849/20622, update 10849/20622)  loss 0.5325  lr 5.13e-04
    step 4000/6874 (global micro 10874/20622, update 10874/20622)  loss 0.5968  lr 5.11e-04
    step 4025/6874 (global micro 10899/20622, update 10899/20622)  loss 0.8308  lr 5.10e-04
    step 4050/6874 (global micro 10924/20622, update 10924/20622)  loss 0.6375  lr 5.08e-04
    step 4075/6874 (global micro 10949/20622, update 10949/20622)  loss 0.5415  lr 5.06e-04
    step 4100/6874 (global micro 10974/20622, update 10974/20622)  loss 0.7893  lr 5.05e-04
    step 4125/6874 (global micro 10999/20622, update 10999/20622)  loss 0.5950  lr 5.03e-04
    step 4150/6874 (global micro 11024/20622, update 11024/20622)  loss 0.7163  lr 5.01e-04
    step 4175/6874 (global micro 11049/20622, update 11049/20622)  loss 0.6286  lr 5.00e-04
    step 4200/6874 (global micro 11074/20622, update 11074/20622)  loss 0.5523  lr 4.98e-04
    step 4225/6874 (global micro 11099/20622, update 11099/20622)  loss 0.5799  lr 4.96e-04
    step 4250/6874 (global micro 11124/20622, update 11124/20622)  loss 0.6716  lr 4.94e-04
    step 4275/6874 (global micro 11149/20622, update 11149/20622)  loss 0.6439  lr 4.93e-04
    step 4300/6874 (global micro 11174/20622, update 11174/20622)  loss 0.5406  lr 4.91e-04
    step 4325/6874 (global micro 11199/20622, update 11199/20622)  loss 0.5444  lr 4.89e-04
    step 4350/6874 (global micro 11224/20622, update 11224/20622)  loss 0.6215  lr 4.88e-04
    step 4375/6874 (global micro 11249/20622, update 11249/20622)  loss 0.5820  lr 4.86e-04
    step 4400/6874 (global micro 11274/20622, update 11274/20622)  loss 0.6645  lr 4.84e-04
    step 4425/6874 (global micro 11299/20622, update 11299/20622)  loss 0.6279  lr 4.83e-04
    step 4450/6874 (global micro 11324/20622, update 11324/20622)  loss 0.6057  lr 4.81e-04
    step 4475/6874 (global micro 11349/20622, update 11349/20622)  loss 0.6243  lr 4.79e-04
    step 4500/6874 (global micro 11374/20622, update 11374/20622)  loss 0.7193  lr 4.77e-04
    step 4525/6874 (global micro 11399/20622, update 11399/20622)  loss 0.4663  lr 4.76e-04
    step 4550/6874 (global micro 11424/20622, update 11424/20622)  loss 0.7211  lr 4.74e-04
    step 4575/6874 (global micro 11449/20622, update 11449/20622)  loss 0.5633  lr 4.72e-04
    step 4600/6874 (global micro 11474/20622, update 11474/20622)  loss 0.6675  lr 4.71e-04
    step 4625/6874 (global micro 11499/20622, update 11499/20622)  loss 0.6095  lr 4.69e-04
    step 4650/6874 (global micro 11524/20622, update 11524/20622)  loss 0.7575  lr 4.67e-04
    step 4675/6874 (global micro 11549/20622, update 11549/20622)  loss 0.8423  lr 4.66e-04
    step 4700/6874 (global micro 11574/20622, update 11574/20622)  loss 0.7789  lr 4.64e-04
    step 4725/6874 (global micro 11599/20622, update 11599/20622)  loss 0.6949  lr 4.62e-04
    step 4750/6874 (global micro 11624/20622, update 11624/20622)  loss 0.7879  lr 4.61e-04
    step 4775/6874 (global micro 11649/20622, update 11649/20622)  loss 0.6610  lr 4.59e-04
    step 4800/6874 (global micro 11674/20622, update 11674/20622)  loss 0.5879  lr 4.57e-04
    step 4825/6874 (global micro 11699/20622, update 11699/20622)  loss 0.6645  lr 4.56e-04
    step 4850/6874 (global micro 11724/20622, update 11724/20622)  loss 0.6383  lr 4.54e-04
    step 4875/6874 (global micro 11749/20622, update 11749/20622)  loss 0.8161  lr 4.52e-04
    step 4900/6874 (global micro 11774/20622, update 11774/20622)  loss 0.4639  lr 4.51e-04
    step 4925/6874 (global micro 11799/20622, update 11799/20622)  loss 0.7415  lr 4.49e-04
    step 4950/6874 (global micro 11824/20622, update 11824/20622)  loss 0.6187  lr 4.47e-04
    step 4975/6874 (global micro 11849/20622, update 11849/20622)  loss 0.6637  lr 4.46e-04
    step 5000/6874 (global micro 11874/20622, update 11874/20622)  loss 0.6407  lr 4.44e-04
    step 5025/6874 (global micro 11899/20622, update 11899/20622)  loss 0.6101  lr 4.42e-04
    step 5050/6874 (global micro 11924/20622, update 11924/20622)  loss 0.6419  lr 4.41e-04
    step 5075/6874 (global micro 11949/20622, update 11949/20622)  loss 0.8124  lr 4.39e-04
    step 5100/6874 (global micro 11974/20622, update 11974/20622)  loss 0.6707  lr 4.37e-04
    step 5125/6874 (global micro 11999/20622, update 11999/20622)  loss 0.6212  lr 4.36e-04
    step 5150/6874 (global micro 12024/20622, update 12024/20622)  loss 0.4567  lr 4.34e-04
    step 5175/6874 (global micro 12049/20622, update 12049/20622)  loss 0.4906  lr 4.32e-04
    step 5200/6874 (global micro 12074/20622, update 12074/20622)  loss 0.6338  lr 4.31e-04
    step 5225/6874 (global micro 12099/20622, update 12099/20622)  loss 0.6784  lr 4.29e-04
    step 5250/6874 (global micro 12124/20622, update 12124/20622)  loss 0.5059  lr 4.27e-04
    step 5275/6874 (global micro 12149/20622, update 12149/20622)  loss 0.5002  lr 4.26e-04
    step 5300/6874 (global micro 12174/20622, update 12174/20622)  loss 0.5461  lr 4.24e-04
    step 5325/6874 (global micro 12199/20622, update 12199/20622)  loss 0.5385  lr 4.22e-04
    step 5350/6874 (global micro 12224/20622, update 12224/20622)  loss 0.6543  lr 4.21e-04
    step 5375/6874 (global micro 12249/20622, update 12249/20622)  loss 0.6053  lr 4.19e-04
    step 5400/6874 (global micro 12274/20622, update 12274/20622)  loss 0.5986  lr 4.17e-04
    step 5425/6874 (global micro 12299/20622, update 12299/20622)  loss 0.7397  lr 4.16e-04
    step 5450/6874 (global micro 12324/20622, update 12324/20622)  loss 0.5642  lr 4.14e-04
    step 5475/6874 (global micro 12349/20622, update 12349/20622)  loss 0.6135  lr 4.13e-04
    step 5500/6874 (global micro 12374/20622, update 12374/20622)  loss 0.6296  lr 4.11e-04
    step 5525/6874 (global micro 12399/20622, update 12399/20622)  loss 0.6652  lr 4.09e-04
    step 5550/6874 (global micro 12424/20622, update 12424/20622)  loss 0.7222  lr 4.08e-04
    step 5575/6874 (global micro 12449/20622, update 12449/20622)  loss 0.7248  lr 4.06e-04
    step 5600/6874 (global micro 12474/20622, update 12474/20622)  loss 0.6394  lr 4.04e-04
    step 5625/6874 (global micro 12499/20622, update 12499/20622)  loss 0.6717  lr 4.03e-04
    step 5650/6874 (global micro 12524/20622, update 12524/20622)  loss 0.5837  lr 4.01e-04
    step 5675/6874 (global micro 12549/20622, update 12549/20622)  loss 0.6600  lr 4.00e-04
    step 5700/6874 (global micro 12574/20622, update 12574/20622)  loss 0.7166  lr 3.98e-04
    step 5725/6874 (global micro 12599/20622, update 12599/20622)  loss 0.6290  lr 3.96e-04
    step 5750/6874 (global micro 12624/20622, update 12624/20622)  loss 0.5962  lr 3.95e-04
    step 5775/6874 (global micro 12649/20622, update 12649/20622)  loss 0.7138  lr 3.93e-04
    step 5800/6874 (global micro 12674/20622, update 12674/20622)  loss 0.5226  lr 3.91e-04
    step 5825/6874 (global micro 12699/20622, update 12699/20622)  loss 0.7389  lr 3.90e-04
    step 5850/6874 (global micro 12724/20622, update 12724/20622)  loss 0.5829  lr 3.88e-04
    step 5875/6874 (global micro 12749/20622, update 12749/20622)  loss 0.6721  lr 3.87e-04
    step 5900/6874 (global micro 12774/20622, update 12774/20622)  loss 0.6133  lr 3.85e-04
    step 5925/6874 (global micro 12799/20622, update 12799/20622)  loss 0.5975  lr 3.83e-04
    step 5950/6874 (global micro 12824/20622, update 12824/20622)  loss 0.5516  lr 3.82e-04
    step 5975/6874 (global micro 12849/20622, update 12849/20622)  loss 0.6302  lr 3.80e-04
    step 6000/6874 (global micro 12874/20622, update 12874/20622)  loss 0.5239  lr 3.79e-04
    step 6025/6874 (global micro 12899/20622, update 12899/20622)  loss 0.5492  lr 3.77e-04
    step 6050/6874 (global micro 12924/20622, update 12924/20622)  loss 0.6314  lr 3.76e-04
    step 6075/6874 (global micro 12949/20622, update 12949/20622)  loss 0.6227  lr 3.74e-04
    step 6100/6874 (global micro 12974/20622, update 12974/20622)  loss 0.6708  lr 3.72e-04
    step 6125/6874 (global micro 12999/20622, update 12999/20622)  loss 0.6461  lr 3.71e-04
    step 6150/6874 (global micro 13024/20622, update 13024/20622)  loss 0.7013  lr 3.69e-04
    step 6175/6874 (global micro 13049/20622, update 13049/20622)  loss 0.6803  lr 3.68e-04
    step 6200/6874 (global micro 13074/20622, update 13074/20622)  loss 0.5912  lr 3.66e-04
    step 6225/6874 (global micro 13099/20622, update 13099/20622)  loss 0.6408  lr 3.65e-04
    step 6250/6874 (global micro 13124/20622, update 13124/20622)  loss 0.7223  lr 3.63e-04
    step 6275/6874 (global micro 13149/20622, update 13149/20622)  loss 0.5470  lr 3.61e-04
    step 6300/6874 (global micro 13174/20622, update 13174/20622)  loss 0.5604  lr 3.60e-04
    step 6325/6874 (global micro 13199/20622, update 13199/20622)  loss 0.5438  lr 3.58e-04
    step 6350/6874 (global micro 13224/20622, update 13224/20622)  loss 0.7296  lr 3.57e-04
    step 6375/6874 (global micro 13249/20622, update 13249/20622)  loss 0.5723  lr 3.55e-04
    step 6400/6874 (global micro 13274/20622, update 13274/20622)  loss 0.6307  lr 3.54e-04
    step 6425/6874 (global micro 13299/20622, update 13299/20622)  loss 0.6537  lr 3.52e-04
    step 6450/6874 (global micro 13324/20622, update 13324/20622)  loss 0.6663  lr 3.51e-04
    step 6475/6874 (global micro 13349/20622, update 13349/20622)  loss 0.7720  lr 3.49e-04
    step 6500/6874 (global micro 13374/20622, update 13374/20622)  loss 0.5326  lr 3.48e-04
    step 6525/6874 (global micro 13399/20622, update 13399/20622)  loss 0.6171  lr 3.46e-04
    step 6550/6874 (global micro 13424/20622, update 13424/20622)  loss 0.5951  lr 3.45e-04
    step 6575/6874 (global micro 13449/20622, update 13449/20622)  loss 0.6789  lr 3.43e-04
    step 6600/6874 (global micro 13474/20622, update 13474/20622)  loss 0.7934  lr 3.41e-04
    step 6625/6874 (global micro 13499/20622, update 13499/20622)  loss 0.6081  lr 3.40e-04
    step 6650/6874 (global micro 13524/20622, update 13524/20622)  loss 0.6307  lr 3.38e-04
    step 6675/6874 (global micro 13549/20622, update 13549/20622)  loss 0.6055  lr 3.37e-04
    step 6700/6874 (global micro 13574/20622, update 13574/20622)  loss 0.6726  lr 3.35e-04
    step 6725/6874 (global micro 13599/20622, update 13599/20622)  loss 0.6535  lr 3.34e-04
    step 6750/6874 (global micro 13624/20622, update 13624/20622)  loss 0.5700  lr 3.32e-04
    step 6775/6874 (global micro 13649/20622, update 13649/20622)  loss 0.6653  lr 3.31e-04
    step 6800/6874 (global micro 13674/20622, update 13674/20622)  loss 0.6179  lr 3.29e-04
    step 6825/6874 (global micro 13699/20622, update 13699/20622)  loss 0.6329  lr 3.28e-04
    step 6850/6874 (global micro 13724/20622, update 13724/20622)  loss 0.6485  lr 3.26e-04
    step 6874/6874 (global micro 13748/20622, update 13748/20622)  loss 0.6354  lr 3.25e-04
  epoch   2/3  loss 0.6502  lr 3.25e-04  (2711.5s)
  Epoch checkpoint: core/run_7_teacher_student_drill_e2.pt
    step    1/6874 (global micro 13749/20622, update 13749/20622)  loss 0.6512  lr 3.25e-04
    step   25/6874 (global micro 13773/20622, update 13773/20622)  loss 0.5191  lr 3.24e-04
    step   50/6874 (global micro 13798/20622, update 13798/20622)  loss 0.5424  lr 3.22e-04
    step   75/6874 (global micro 13823/20622, update 13823/20622)  loss 0.5491  lr 3.21e-04
    step  100/6874 (global micro 13848/20622, update 13848/20622)  loss 0.6554  lr 3.19e-04
    step  125/6874 (global micro 13873/20622, update 13873/20622)  loss 0.5977  lr 3.18e-04
    step  150/6874 (global micro 13898/20622, update 13898/20622)  loss 0.5988  lr 3.16e-04
    step  175/6874 (global micro 13923/20622, update 13923/20622)  loss 0.5417  lr 3.15e-04
    step  200/6874 (global micro 13948/20622, update 13948/20622)  loss 0.5957  lr 3.13e-04
    step  225/6874 (global micro 13973/20622, update 13973/20622)  loss 0.6179  lr 3.12e-04
    step  250/6874 (global micro 13998/20622, update 13998/20622)  loss 0.4955  lr 3.10e-04
    step  275/6874 (global micro 14023/20622, update 14023/20622)  loss 0.5186  lr 3.09e-04
    step  300/6874 (global micro 14048/20622, update 14048/20622)  loss 0.5337  lr 3.07e-04
    step  325/6874 (global micro 14073/20622, update 14073/20622)  loss 0.5307  lr 3.06e-04
    step  350/6874 (global micro 14098/20622, update 14098/20622)  loss 0.6141  lr 3.05e-04
    step  375/6874 (global micro 14123/20622, update 14123/20622)  loss 0.5743  lr 3.03e-04
    step  400/6874 (global micro 14148/20622, update 14148/20622)  loss 0.5659  lr 3.02e-04
    step  425/6874 (global micro 14173/20622, update 14173/20622)  loss 0.5585  lr 3.00e-04
    step  450/6874 (global micro 14198/20622, update 14198/20622)  loss 0.4868  lr 2.99e-04
    step  475/6874 (global micro 14223/20622, update 14223/20622)  loss 0.5845  lr 2.97e-04
    step  500/6874 (global micro 14248/20622, update 14248/20622)  loss 0.5615  lr 2.96e-04
    step  525/6874 (global micro 14273/20622, update 14273/20622)  loss 0.5324  lr 2.95e-04
    step  550/6874 (global micro 14298/20622, update 14298/20622)  loss 0.5704  lr 2.93e-04
    step  575/6874 (global micro 14323/20622, update 14323/20622)  loss 0.5812  lr 2.92e-04
    step  600/6874 (global micro 14348/20622, update 14348/20622)  loss 0.5899  lr 2.90e-04
    step  625/6874 (global micro 14373/20622, update 14373/20622)  loss 0.6915  lr 2.89e-04
    step  650/6874 (global micro 14398/20622, update 14398/20622)  loss 0.4866  lr 2.88e-04
    step  675/6874 (global micro 14423/20622, update 14423/20622)  loss 0.5382  lr 2.86e-04
    step  700/6874 (global micro 14448/20622, update 14448/20622)  loss 0.5938  lr 2.85e-04
    step  725/6874 (global micro 14473/20622, update 14473/20622)  loss 0.5442  lr 2.83e-04
    step  750/6874 (global micro 14498/20622, update 14498/20622)  loss 0.4899  lr 2.82e-04
    step  775/6874 (global micro 14523/20622, update 14523/20622)  loss 0.5418  lr 2.81e-04
    step  800/6874 (global micro 14548/20622, update 14548/20622)  loss 0.5090  lr 2.79e-04
    step  825/6874 (global micro 14573/20622, update 14573/20622)  loss 0.5950  lr 2.78e-04
    step  850/6874 (global micro 14598/20622, update 14598/20622)  loss 0.4732  lr 2.77e-04
    step  875/6874 (global micro 14623/20622, update 14623/20622)  loss 0.5240  lr 2.75e-04
    step  900/6874 (global micro 14648/20622, update 14648/20622)  loss 0.6542  lr 2.74e-04
    step  925/6874 (global micro 14673/20622, update 14673/20622)  loss 0.5291  lr 2.72e-04
    step  950/6874 (global micro 14698/20622, update 14698/20622)  loss 0.5863  lr 2.71e-04
    step  975/6874 (global micro 14723/20622, update 14723/20622)  loss 0.6331  lr 2.70e-04
    step 1000/6874 (global micro 14748/20622, update 14748/20622)  loss 0.4426  lr 2.68e-04
    step 1025/6874 (global micro 14773/20622, update 14773/20622)  loss 0.6726  lr 2.67e-04
    step 1050/6874 (global micro 14798/20622, update 14798/20622)  loss 0.5408  lr 2.66e-04
    step 1075/6874 (global micro 14823/20622, update 14823/20622)  loss 0.5397  lr 2.64e-04
    step 1100/6874 (global micro 14848/20622, update 14848/20622)  loss 0.5889  lr 2.63e-04
    step 1125/6874 (global micro 14873/20622, update 14873/20622)  loss 0.5509  lr 2.62e-04
    step 1150/6874 (global micro 14898/20622, update 14898/20622)  loss 0.6492  lr 2.61e-04
    step 1175/6874 (global micro 14923/20622, update 14923/20622)  loss 0.5045  lr 2.59e-04
    step 1200/6874 (global micro 14948/20622, update 14948/20622)  loss 0.4288  lr 2.58e-04
    step 1225/6874 (global micro 14973/20622, update 14973/20622)  loss 0.6043  lr 2.57e-04
    step 1250/6874 (global micro 14998/20622, update 14998/20622)  loss 0.5577  lr 2.55e-04
    step 1275/6874 (global micro 15023/20622, update 15023/20622)  loss 0.5151  lr 2.54e-04
    step 1300/6874 (global micro 15048/20622, update 15048/20622)  loss 0.4290  lr 2.53e-04
    step 1325/6874 (global micro 15073/20622, update 15073/20622)  loss 0.6866  lr 2.51e-04
    step 1350/6874 (global micro 15098/20622, update 15098/20622)  loss 0.5137  lr 2.50e-04
    step 1375/6874 (global micro 15123/20622, update 15123/20622)  loss 0.6244  lr 2.49e-04
    step 1400/6874 (global micro 15148/20622, update 15148/20622)  loss 0.4934  lr 2.48e-04
    step 1425/6874 (global micro 15173/20622, update 15173/20622)  loss 0.5545  lr 2.46e-04
    step 1450/6874 (global micro 15198/20622, update 15198/20622)  loss 0.6174  lr 2.45e-04
    step 1475/6874 (global micro 15223/20622, update 15223/20622)  loss 0.6194  lr 2.44e-04
    step 1500/6874 (global micro 15248/20622, update 15248/20622)  loss 0.5012  lr 2.43e-04
    step 1525/6874 (global micro 15273/20622, update 15273/20622)  loss 0.4731  lr 2.41e-04
    step 1550/6874 (global micro 15298/20622, update 15298/20622)  loss 0.6571  lr 2.40e-04
    step 1575/6874 (global micro 15323/20622, update 15323/20622)  loss 0.5048  lr 2.39e-04
    step 1600/6874 (global micro 15348/20622, update 15348/20622)  loss 0.5198  lr 2.38e-04
    step 1625/6874 (global micro 15373/20622, update 15373/20622)  loss 0.4714  lr 2.36e-04
    step 1650/6874 (global micro 15398/20622, update 15398/20622)  loss 0.5471  lr 2.35e-04
    step 1675/6874 (global micro 15423/20622, update 15423/20622)  loss 0.5719  lr 2.34e-04
    step 1700/6874 (global micro 15448/20622, update 15448/20622)  loss 0.6439  lr 2.33e-04
    step 1725/6874 (global micro 15473/20622, update 15473/20622)  loss 0.6229  lr 2.31e-04
    step 1750/6874 (global micro 15498/20622, update 15498/20622)  loss 0.5108  lr 2.30e-04
    step 1775/6874 (global micro 15523/20622, update 15523/20622)  loss 0.6540  lr 2.29e-04
    step 1800/6874 (global micro 15548/20622, update 15548/20622)  loss 0.5026  lr 2.28e-04
    step 1825/6874 (global micro 15573/20622, update 15573/20622)  loss 0.5529  lr 2.27e-04
    step 1850/6874 (global micro 15598/20622, update 15598/20622)  loss 0.6009  lr 2.25e-04
    step 1875/6874 (global micro 15623/20622, update 15623/20622)  loss 0.6255  lr 2.24e-04
    step 1900/6874 (global micro 15648/20622, update 15648/20622)  loss 0.4607  lr 2.23e-04
    step 1925/6874 (global micro 15673/20622, update 15673/20622)  loss 0.4197  lr 2.22e-04
    step 1950/6874 (global micro 15698/20622, update 15698/20622)  loss 0.4848  lr 2.21e-04
    step 1975/6874 (global micro 15723/20622, update 15723/20622)  loss 0.7247  lr 2.20e-04
    step 2000/6874 (global micro 15748/20622, update 15748/20622)  loss 0.5692  lr 2.18e-04
    step 2025/6874 (global micro 15773/20622, update 15773/20622)  loss 0.3990  lr 2.17e-04
    step 2050/6874 (global micro 15798/20622, update 15798/20622)  loss 0.5646  lr 2.16e-04
    step 2075/6874 (global micro 15823/20622, update 15823/20622)  loss 0.4170  lr 2.15e-04
    step 2100/6874 (global micro 15848/20622, update 15848/20622)  loss 0.5993  lr 2.14e-04
    step 2125/6874 (global micro 15873/20622, update 15873/20622)  loss 0.5473  lr 2.13e-04
    step 2150/6874 (global micro 15898/20622, update 15898/20622)  loss 0.4666  lr 2.12e-04
    step 2175/6874 (global micro 15923/20622, update 15923/20622)  loss 0.6120  lr 2.10e-04
    step 2200/6874 (global micro 15948/20622, update 15948/20622)  loss 0.7232  lr 2.09e-04
    step 2225/6874 (global micro 15973/20622, update 15973/20622)  loss 0.5530  lr 2.08e-04
    step 2250/6874 (global micro 15998/20622, update 15998/20622)  loss 0.5554  lr 2.07e-04
    step 2275/6874 (global micro 16023/20622, update 16023/20622)  loss 0.6228  lr 2.06e-04
    step 2300/6874 (global micro 16048/20622, update 16048/20622)  loss 0.4900  lr 2.05e-04
    step 2325/6874 (global micro 16073/20622, update 16073/20622)  loss 0.4389  lr 2.04e-04
    step 2350/6874 (global micro 16098/20622, update 16098/20622)  loss 0.5273  lr 2.03e-04
    step 2375/6874 (global micro 16123/20622, update 16123/20622)  loss 0.5716  lr 2.02e-04
    step 2400/6874 (global micro 16148/20622, update 16148/20622)  loss 0.4620  lr 2.01e-04
    step 2425/6874 (global micro 16173/20622, update 16173/20622)  loss 0.5972  lr 1.99e-04
    step 2450/6874 (global micro 16198/20622, update 16198/20622)  loss 0.4457  lr 1.98e-04
    step 2475/6874 (global micro 16223/20622, update 16223/20622)  loss 0.5154  lr 1.97e-04
    step 2500/6874 (global micro 16248/20622, update 16248/20622)  loss 0.5088  lr 1.96e-04
    step 2525/6874 (global micro 16273/20622, update 16273/20622)  loss 0.5735  lr 1.95e-04
    step 2550/6874 (global micro 16298/20622, update 16298/20622)  loss 0.5559  lr 1.94e-04
    step 2575/6874 (global micro 16323/20622, update 16323/20622)  loss 0.5317  lr 1.93e-04
    step 2600/6874 (global micro 16348/20622, update 16348/20622)  loss 0.4920  lr 1.92e-04
    step 2625/6874 (global micro 16373/20622, update 16373/20622)  loss 0.5184  lr 1.91e-04
    step 2650/6874 (global micro 16398/20622, update 16398/20622)  loss 0.6133  lr 1.90e-04
    step 2675/6874 (global micro 16423/20622, update 16423/20622)  loss 0.6365  lr 1.89e-04
    step 2700/6874 (global micro 16448/20622, update 16448/20622)  loss 0.5245  lr 1.88e-04
    step 2725/6874 (global micro 16473/20622, update 16473/20622)  loss 0.6071  lr 1.87e-04
    step 2750/6874 (global micro 16498/20622, update 16498/20622)  loss 0.5577  lr 1.86e-04
    step 2775/6874 (global micro 16523/20622, update 16523/20622)  loss 0.6064  lr 1.85e-04
    step 2800/6874 (global micro 16548/20622, update 16548/20622)  loss 0.5379  lr 1.84e-04
    step 2825/6874 (global micro 16573/20622, update 16573/20622)  loss 0.4018  lr 1.83e-04
    step 2850/6874 (global micro 16598/20622, update 16598/20622)  loss 0.5168  lr 1.82e-04
    step 2875/6874 (global micro 16623/20622, update 16623/20622)  loss 0.5035  lr 1.81e-04
    step 2900/6874 (global micro 16648/20622, update 16648/20622)  loss 0.4884  lr 1.80e-04
    step 2925/6874 (global micro 16673/20622, update 16673/20622)  loss 0.6730  lr 1.79e-04
    step 2950/6874 (global micro 16698/20622, update 16698/20622)  loss 0.4147  lr 1.78e-04
    step 2975/6874 (global micro 16723/20622, update 16723/20622)  loss 0.5950  lr 1.77e-04
    step 3000/6874 (global micro 16748/20622, update 16748/20622)  loss 0.6017  lr 1.76e-04
    step 3025/6874 (global micro 16773/20622, update 16773/20622)  loss 0.5911  lr 1.75e-04
    step 3050/6874 (global micro 16798/20622, update 16798/20622)  loss 0.4334  lr 1.74e-04
    step 3075/6874 (global micro 16823/20622, update 16823/20622)  loss 0.5297  lr 1.73e-04
    step 3100/6874 (global micro 16848/20622, update 16848/20622)  loss 0.6023  lr 1.72e-04
    step 3125/6874 (global micro 16873/20622, update 16873/20622)  loss 0.6265  lr 1.71e-04
    step 3150/6874 (global micro 16898/20622, update 16898/20622)  loss 0.5703  lr 1.70e-04
    step 3175/6874 (global micro 16923/20622, update 16923/20622)  loss 0.4862  lr 1.70e-04
    step 3200/6874 (global micro 16948/20622, update 16948/20622)  loss 0.6986  lr 1.69e-04
    step 3225/6874 (global micro 16973/20622, update 16973/20622)  loss 0.5860  lr 1.68e-04
    step 3250/6874 (global micro 16998/20622, update 16998/20622)  loss 0.5332  lr 1.67e-04
    step 3275/6874 (global micro 17023/20622, update 17023/20622)  loss 0.4311  lr 1.66e-04
    step 3300/6874 (global micro 17048/20622, update 17048/20622)  loss 0.4992  lr 1.65e-04
    step 3325/6874 (global micro 17073/20622, update 17073/20622)  loss 0.4627  lr 1.64e-04
    step 3350/6874 (global micro 17098/20622, update 17098/20622)  loss 0.6248  lr 1.63e-04
    step 3375/6874 (global micro 17123/20622, update 17123/20622)  loss 0.5701  lr 1.62e-04
    step 3400/6874 (global micro 17148/20622, update 17148/20622)  loss 0.4706  lr 1.62e-04
    step 3425/6874 (global micro 17173/20622, update 17173/20622)  loss 0.5834  lr 1.61e-04
    step 3450/6874 (global micro 17198/20622, update 17198/20622)  loss 0.5357  lr 1.60e-04
    step 3475/6874 (global micro 17223/20622, update 17223/20622)  loss 0.4364  lr 1.59e-04
    step 3500/6874 (global micro 17248/20622, update 17248/20622)  loss 0.4638  lr 1.58e-04
    step 3525/6874 (global micro 17273/20622, update 17273/20622)  loss 0.5570  lr 1.57e-04
    step 3550/6874 (global micro 17298/20622, update 17298/20622)  loss 0.5796  lr 1.56e-04
    step 3575/6874 (global micro 17323/20622, update 17323/20622)  loss 0.5087  lr 1.56e-04
    step 3600/6874 (global micro 17348/20622, update 17348/20622)  loss 0.5797  lr 1.55e-04
    step 3625/6874 (global micro 17373/20622, update 17373/20622)  loss 0.4400  lr 1.54e-04
    step 3650/6874 (global micro 17398/20622, update 17398/20622)  loss 0.6239  lr 1.53e-04
    step 3675/6874 (global micro 17423/20622, update 17423/20622)  loss 0.4215  lr 1.52e-04
    step 3700/6874 (global micro 17448/20622, update 17448/20622)  loss 0.4527  lr 1.52e-04
    step 3725/6874 (global micro 17473/20622, update 17473/20622)  loss 0.5185  lr 1.51e-04
    step 3750/6874 (global micro 17498/20622, update 17498/20622)  loss 0.5497  lr 1.50e-04
    step 3775/6874 (global micro 17523/20622, update 17523/20622)  loss 0.4894  lr 1.49e-04
    step 3800/6874 (global micro 17548/20622, update 17548/20622)  loss 0.5264  lr 1.48e-04
    step 3825/6874 (global micro 17573/20622, update 17573/20622)  loss 0.4234  lr 1.48e-04
    step 3850/6874 (global micro 17598/20622, update 17598/20622)  loss 0.5562  lr 1.47e-04
    step 3875/6874 (global micro 17623/20622, update 17623/20622)  loss 0.4014  lr 1.46e-04
    step 3900/6874 (global micro 17648/20622, update 17648/20622)  loss 0.5788  lr 1.45e-04
    step 3925/6874 (global micro 17673/20622, update 17673/20622)  loss 0.4733  lr 1.45e-04
    step 3950/6874 (global micro 17698/20622, update 17698/20622)  loss 0.6312  lr 1.44e-04
    step 3975/6874 (global micro 17723/20622, update 17723/20622)  loss 0.4353  lr 1.43e-04
    step 4000/6874 (global micro 17748/20622, update 17748/20622)  loss 0.5465  lr 1.42e-04
    step 4025/6874 (global micro 17773/20622, update 17773/20622)  loss 0.5134  lr 1.42e-04
    step 4050/6874 (global micro 17798/20622, update 17798/20622)  loss 0.6891  lr 1.41e-04
    step 4075/6874 (global micro 17823/20622, update 17823/20622)  loss 0.5104  lr 1.40e-04
    step 4100/6874 (global micro 17848/20622, update 17848/20622)  loss 0.4517  lr 1.40e-04
    step 4125/6874 (global micro 17873/20622, update 17873/20622)  loss 0.5402  lr 1.39e-04
    step 4150/6874 (global micro 17898/20622, update 17898/20622)  loss 0.5078  lr 1.38e-04
    step 4175/6874 (global micro 17923/20622, update 17923/20622)  loss 0.5309  lr 1.38e-04
    step 4200/6874 (global micro 17948/20622, update 17948/20622)  loss 0.4333  lr 1.37e-04
    step 4225/6874 (global micro 17973/20622, update 17973/20622)  loss 0.5673  lr 1.36e-04
    step 4250/6874 (global micro 17998/20622, update 17998/20622)  loss 0.4983  lr 1.35e-04
    step 4275/6874 (global micro 18023/20622, update 18023/20622)  loss 0.4790  lr 1.35e-04
    step 4300/6874 (global micro 18048/20622, update 18048/20622)  loss 0.4155  lr 1.34e-04
    step 4325/6874 (global micro 18073/20622, update 18073/20622)  loss 0.5762  lr 1.34e-04
    step 4350/6874 (global micro 18098/20622, update 18098/20622)  loss 0.7081  lr 1.33e-04
    step 4375/6874 (global micro 18123/20622, update 18123/20622)  loss 0.5912  lr 1.32e-04
    step 4400/6874 (global micro 18148/20622, update 18148/20622)  loss 0.4701  lr 1.32e-04
    step 4425/6874 (global micro 18173/20622, update 18173/20622)  loss 0.6041  lr 1.31e-04
    step 4450/6874 (global micro 18198/20622, update 18198/20622)  loss 0.6637  lr 1.30e-04
    step 4475/6874 (global micro 18223/20622, update 18223/20622)  loss 0.5346  lr 1.30e-04
    step 4500/6874 (global micro 18248/20622, update 18248/20622)  loss 0.4977  lr 1.29e-04
    step 4525/6874 (global micro 18273/20622, update 18273/20622)  loss 0.4861  lr 1.29e-04
    step 4550/6874 (global micro 18298/20622, update 18298/20622)  loss 0.5774  lr 1.28e-04
    step 4575/6874 (global micro 18323/20622, update 18323/20622)  loss 0.5212  lr 1.27e-04
    step 4600/6874 (global micro 18348/20622, update 18348/20622)  loss 0.5032  lr 1.27e-04
    step 4625/6874 (global micro 18373/20622, update 18373/20622)  loss 0.5395  lr 1.26e-04
    step 4650/6874 (global micro 18398/20622, update 18398/20622)  loss 0.4694  lr 1.26e-04
    step 4675/6874 (global micro 18423/20622, update 18423/20622)  loss 0.4823  lr 1.25e-04
    step 4700/6874 (global micro 18448/20622, update 18448/20622)  loss 0.6078  lr 1.24e-04
    step 4725/6874 (global micro 18473/20622, update 18473/20622)  loss 0.5568  lr 1.24e-04
    step 4750/6874 (global micro 18498/20622, update 18498/20622)  loss 0.5956  lr 1.23e-04
    step 4775/6874 (global micro 18523/20622, update 18523/20622)  loss 0.4472  lr 1.23e-04
    step 4800/6874 (global micro 18548/20622, update 18548/20622)  loss 0.6183  lr 1.22e-04
    step 4825/6874 (global micro 18573/20622, update 18573/20622)  loss 0.4946  lr 1.22e-04
    step 4850/6874 (global micro 18598/20622, update 18598/20622)  loss 0.4826  lr 1.21e-04
    step 4875/6874 (global micro 18623/20622, update 18623/20622)  loss 0.6866  lr 1.21e-04
    step 4900/6874 (global micro 18648/20622, update 18648/20622)  loss 0.5108  lr 1.20e-04
    step 4925/6874 (global micro 18673/20622, update 18673/20622)  loss 0.6007  lr 1.20e-04
    step 4950/6874 (global micro 18698/20622, update 18698/20622)  loss 0.4727  lr 1.19e-04
    step 4975/6874 (global micro 18723/20622, update 18723/20622)  loss 0.4054  lr 1.19e-04
    step 5000/6874 (global micro 18748/20622, update 18748/20622)  loss 0.4826  lr 1.18e-04
    step 5025/6874 (global micro 18773/20622, update 18773/20622)  loss 0.6151  lr 1.18e-04
    step 5050/6874 (global micro 18798/20622, update 18798/20622)  loss 0.5815  lr 1.17e-04
    step 5075/6874 (global micro 18823/20622, update 18823/20622)  loss 0.5112  lr 1.17e-04
    step 5100/6874 (global micro 18848/20622, update 18848/20622)  loss 0.4834  lr 1.16e-04
    step 5125/6874 (global micro 18873/20622, update 18873/20622)  loss 0.4186  lr 1.16e-04
    step 5150/6874 (global micro 18898/20622, update 18898/20622)  loss 0.4779  lr 1.15e-04
    step 5175/6874 (global micro 18923/20622, update 18923/20622)  loss 0.5017  lr 1.15e-04
    step 5200/6874 (global micro 18948/20622, update 18948/20622)  loss 0.5081  lr 1.15e-04
    step 5225/6874 (global micro 18973/20622, update 18973/20622)  loss 0.4587  lr 1.14e-04
    step 5250/6874 (global micro 18998/20622, update 18998/20622)  loss 0.5339  lr 1.14e-04
    step 5275/6874 (global micro 19023/20622, update 19023/20622)  loss 0.4189  lr 1.13e-04
    step 5300/6874 (global micro 19048/20622, update 19048/20622)  loss 0.4934  lr 1.13e-04
    step 5325/6874 (global micro 19073/20622, update 19073/20622)  loss 0.5393  lr 1.12e-04
    step 5350/6874 (global micro 19098/20622, update 19098/20622)  loss 0.5607  lr 1.12e-04
    step 5375/6874 (global micro 19123/20622, update 19123/20622)  loss 0.6299  lr 1.12e-04
    step 5400/6874 (global micro 19148/20622, update 19148/20622)  loss 0.7677  lr 1.11e-04
    step 5425/6874 (global micro 19173/20622, update 19173/20622)  loss 0.6030  lr 1.11e-04
    step 5450/6874 (global micro 19198/20622, update 19198/20622)  loss 0.6299  lr 1.11e-04
    step 5475/6874 (global micro 19223/20622, update 19223/20622)  loss 0.4514  lr 1.10e-04
    step 5500/6874 (global micro 19248/20622, update 19248/20622)  loss 0.4898  lr 1.10e-04
    step 5525/6874 (global micro 19273/20622, update 19273/20622)  loss 0.5753  lr 1.09e-04
    step 5550/6874 (global micro 19298/20622, update 19298/20622)  loss 0.5480  lr 1.09e-04
    step 5575/6874 (global micro 19323/20622, update 19323/20622)  loss 0.5790  lr 1.09e-04
    step 5600/6874 (global micro 19348/20622, update 19348/20622)  loss 0.4705  lr 1.08e-04
    step 5625/6874 (global micro 19373/20622, update 19373/20622)  loss 0.5509  lr 1.08e-04
    step 5650/6874 (global micro 19398/20622, update 19398/20622)  loss 0.6242  lr 1.08e-04
    step 5675/6874 (global micro 19423/20622, update 19423/20622)  loss 0.6451  lr 1.07e-04
    step 5700/6874 (global micro 19448/20622, update 19448/20622)  loss 0.5408  lr 1.07e-04
    step 5725/6874 (global micro 19473/20622, update 19473/20622)  loss 0.4773  lr 1.07e-04
    step 5750/6874 (global micro 19498/20622, update 19498/20622)  loss 0.4518  lr 1.07e-04
    step 5775/6874 (global micro 19523/20622, update 19523/20622)  loss 0.5580  lr 1.06e-04
    step 5800/6874 (global micro 19548/20622, update 19548/20622)  loss 0.5860  lr 1.06e-04
    step 5825/6874 (global micro 19573/20622, update 19573/20622)  loss 0.4375  lr 1.06e-04
    step 5850/6874 (global micro 19598/20622, update 19598/20622)  loss 0.5307  lr 1.05e-04
    step 5875/6874 (global micro 19623/20622, update 19623/20622)  loss 0.4458  lr 1.05e-04
    step 5900/6874 (global micro 19648/20622, update 19648/20622)  loss 0.5978  lr 1.05e-04
    step 5925/6874 (global micro 19673/20622, update 19673/20622)  loss 0.5022  lr 1.05e-04
    step 5950/6874 (global micro 19698/20622, update 19698/20622)  loss 0.4799  lr 1.04e-04
    step 5975/6874 (global micro 19723/20622, update 19723/20622)  loss 0.5522  lr 1.04e-04
    step 6000/6874 (global micro 19748/20622, update 19748/20622)  loss 0.5062  lr 1.04e-04
    step 6025/6874 (global micro 19773/20622, update 19773/20622)  loss 0.4879  lr 1.04e-04
    step 6050/6874 (global micro 19798/20622, update 19798/20622)  loss 0.5600  lr 1.04e-04
    step 6075/6874 (global micro 19823/20622, update 19823/20622)  loss 0.4893  lr 1.03e-04
    step 6100/6874 (global micro 19848/20622, update 19848/20622)  loss 0.5286  lr 1.03e-04
    step 6125/6874 (global micro 19873/20622, update 19873/20622)  loss 0.4636  lr 1.03e-04
    step 6150/6874 (global micro 19898/20622, update 19898/20622)  loss 0.4960  lr 1.03e-04
    step 6175/6874 (global micro 19923/20622, update 19923/20622)  loss 0.6862  lr 1.03e-04
    step 6200/6874 (global micro 19948/20622, update 19948/20622)  loss 0.4719  lr 1.02e-04
    step 6225/6874 (global micro 19973/20622, update 19973/20622)  loss 0.4959  lr 1.02e-04
    step 6250/6874 (global micro 19998/20622, update 19998/20622)  loss 0.5496  lr 1.02e-04
    step 6275/6874 (global micro 20023/20622, update 20023/20622)  loss 0.5096  lr 1.02e-04
    step 6300/6874 (global micro 20048/20622, update 20048/20622)  loss 0.5914  lr 1.02e-04
    step 6325/6874 (global micro 20073/20622, update 20073/20622)  loss 0.5944  lr 1.02e-04
    step 6350/6874 (global micro 20098/20622, update 20098/20622)  loss 0.5477  lr 1.01e-04
    step 6375/6874 (global micro 20123/20622, update 20123/20622)  loss 0.6148  lr 1.01e-04
    step 6400/6874 (global micro 20148/20622, update 20148/20622)  loss 0.4451  lr 1.01e-04
    step 6425/6874 (global micro 20173/20622, update 20173/20622)  loss 0.6051  lr 1.01e-04
    step 6450/6874 (global micro 20198/20622, update 20198/20622)  loss 0.5540  lr 1.01e-04
    step 6475/6874 (global micro 20223/20622, update 20223/20622)  loss 0.5240  lr 1.01e-04
    step 6500/6874 (global micro 20248/20622, update 20248/20622)  loss 0.5371  lr 1.01e-04
    step 6525/6874 (global micro 20273/20622, update 20273/20622)  loss 0.5243  lr 1.01e-04
    step 6550/6874 (global micro 20298/20622, update 20298/20622)  loss 0.5604  lr 1.01e-04
    step 6575/6874 (global micro 20323/20622, update 20323/20622)  loss 0.5072  lr 1.00e-04
    step 6600/6874 (global micro 20348/20622, update 20348/20622)  loss 0.4588  lr 1.00e-04
    step 6625/6874 (global micro 20373/20622, update 20373/20622)  loss 0.5075  lr 1.00e-04
    step 6650/6874 (global micro 20398/20622, update 20398/20622)  loss 0.4413  lr 1.00e-04
    step 6675/6874 (global micro 20423/20622, update 20423/20622)  loss 0.5666  lr 1.00e-04
    step 6700/6874 (global micro 20448/20622, update 20448/20622)  loss 0.4746  lr 1.00e-04
    step 6725/6874 (global micro 20473/20622, update 20473/20622)  loss 0.4168  lr 1.00e-04
    step 6750/6874 (global micro 20498/20622, update 20498/20622)  loss 0.4188  lr 1.00e-04
    step 6775/6874 (global micro 20523/20622, update 20523/20622)  loss 0.5135  lr 1.00e-04
    step 6800/6874 (global micro 20548/20622, update 20548/20622)  loss 0.6055  lr 1.00e-04
    step 6825/6874 (global micro 20573/20622, update 20573/20622)  loss 0.3984  lr 1.00e-04
    step 6850/6874 (global micro 20598/20622, update 20598/20622)  loss 0.4706  lr 1.00e-04
    step 6874/6874 (global micro 20622/20622, update 20622/20622)  loss 0.4159  lr 1.00e-04
  epoch   3/3  loss 0.5385  lr 1.00e-04  (2680.2s)
  Epoch checkpoint: core/run_7_teacher_student_drill_e3.pt

  Best loss: 0.5385
  Checkpoint saved: core/run_7_teacher_student_drill.pt

