  Training audit: PASSED
  Python: /home/aomukai/.unsloth/studio/unsloth_studio/bin/python
  Device: cuda
  Phase: 0
  Seed: 1337
  Resume checkpoint: checkpoints/run7_e1.pt

============================================================
  BDH Phase 0 Training
============================================================
  Data files: ['training/corpus/run10_corpus.txt']
  Total bytes: 14,194,206
  Pre-loading corpus tensor...
  Corpus tensor: 14,194,206 tokens
  Model: small-25m (25.3M params)
  Resuming from: checkpoints/run7_e1.pt
  Seed: 1337  |  Deterministic: enabled
  Epochs: 1  |  Windows/epoch: 55446  |  Micro-steps/epoch: 6931  |  Optimizer updates/epoch: 6931  |  Total optimizer updates: 6931  |  LR: 0.001
  Block size: 256  |  Batch size: 8
  Grad accumulation: 1
  AMP bf16: enabled
  Data mode: phase_text
  VRAM logging: disabled
  Log interval: every 25 step(s)
  Output: core/run_10_counting_e1.pt

    step    1/6931 (global micro     1/6931, update     1/6931)  loss 0.7819  lr 1.00e-03
    step   25/6931 (global micro    25/6931, update    25/6931)  loss 0.7928  lr 1.00e-03
    step   50/6931 (global micro    50/6931, update    50/6931)  loss 0.6500  lr 1.00e-03
    step   75/6931 (global micro    75/6931, update    75/6931)  loss 0.6932  lr 1.00e-03
    step  100/6931 (global micro   100/6931, update   100/6931)  loss 0.7250  lr 1.00e-03
    step  125/6931 (global micro   125/6931, update   125/6931)  loss 0.7640  lr 9.99e-04
    step  150/6931 (global micro   150/6931, update   150/6931)  loss 0.5252  lr 9.99e-04
    step  175/6931 (global micro   175/6931, update   175/6931)  loss 0.7582  lr 9.99e-04
    step  200/6931 (global micro   200/6931, update   200/6931)  loss 0.7982  lr 9.98e-04
    step  225/6931 (global micro   225/6931, update   225/6931)  loss 0.7070  lr 9.98e-04
    step  250/6931 (global micro   250/6931, update   250/6931)  loss 0.8221  lr 9.97e-04
    step  275/6931 (global micro   275/6931, update   275/6931)  loss 0.6057  lr 9.97e-04
    step  300/6931 (global micro   300/6931, update   300/6931)  loss 0.6847  lr 9.96e-04
    step  325/6931 (global micro   325/6931, update   325/6931)  loss 0.8409  lr 9.95e-04
    step  350/6931 (global micro   350/6931, update   350/6931)  loss 0.7207  lr 9.94e-04
    step  375/6931 (global micro   375/6931, update   375/6931)  loss 0.6632  lr 9.94e-04
    step  400/6931 (global micro   400/6931, update   400/6931)  loss 0.7002  lr 9.93e-04
    step  425/6931 (global micro   425/6931, update   425/6931)  loss 0.7365  lr 9.92e-04
    step  450/6931 (global micro   450/6931, update   450/6931)  loss 0.8947  lr 9.91e-04
    step  475/6931 (global micro   475/6931, update   475/6931)  loss 0.7237  lr 9.90e-04
    step  500/6931 (global micro   500/6931, update   500/6931)  loss 0.5536  lr 9.88e-04
    step  525/6931 (global micro   525/6931, update   525/6931)  loss 0.8539  lr 9.87e-04
    step  550/6931 (global micro   550/6931, update   550/6931)  loss 0.7004  lr 9.86e-04
    step  575/6931 (global micro   575/6931, update   575/6931)  loss 0.6681  lr 9.85e-04
    step  600/6931 (global micro   600/6931, update   600/6931)  loss 0.6185  lr 9.83e-04
    step  625/6931 (global micro   625/6931, update   625/6931)  loss 0.7360  lr 9.82e-04
    step  650/6931 (global micro   650/6931, update   650/6931)  loss 0.8304  lr 9.81e-04
    step  675/6931 (global micro   675/6931, update   675/6931)  loss 0.8804  lr 9.79e-04
    step  700/6931 (global micro   700/6931, update   700/6931)  loss 0.8203  lr 9.78e-04
    step  725/6931 (global micro   725/6931, update   725/6931)  loss 0.7479  lr 9.76e-04
    step  750/6931 (global micro   750/6931, update   750/6931)  loss 0.6669  lr 9.74e-04
    step  775/6931 (global micro   775/6931, update   775/6931)  loss 0.7418  lr 9.73e-04
    step  800/6931 (global micro   800/6931, update   800/6931)  loss 0.6784  lr 9.71e-04
    step  825/6931 (global micro   825/6931, update   825/6931)  loss 0.6837  lr 9.69e-04
    step  850/6931 (global micro   850/6931, update   850/6931)  loss 0.8325  lr 9.67e-04
    step  875/6931 (global micro   875/6931, update   875/6931)  loss 0.6537  lr 9.65e-04
    step  900/6931 (global micro   900/6931, update   900/6931)  loss 0.6006  lr 9.63e-04
    step  925/6931 (global micro   925/6931, update   925/6931)  loss 0.5535  lr 9.61e-04
    step  950/6931 (global micro   950/6931, update   950/6931)  loss 0.8129  lr 9.59e-04
    step  975/6931 (global micro   975/6931, update   975/6931)  loss 0.6230  lr 9.57e-04
    step 1000/6931 (global micro  1000/6931, update  1000/6931)  loss 0.6975  lr 9.55e-04
    step 1025/6931 (global micro  1025/6931, update  1025/6931)  loss 0.7257  lr 9.52e-04
    step 1050/6931 (global micro  1050/6931, update  1050/6931)  loss 0.9427  lr 9.50e-04
    step 1075/6931 (global micro  1075/6931, update  1075/6931)  loss 0.7373  lr 9.48e-04
    step 1100/6931 (global micro  1100/6931, update  1100/6931)  loss 0.7057  lr 9.45e-04
    step 1125/6931 (global micro  1125/6931, update  1125/6931)  loss 0.9434  lr 9.43e-04
    step 1150/6931 (global micro  1150/6931, update  1150/6931)  loss 0.7612  lr 9.40e-04
    step 1175/6931 (global micro  1175/6931, update  1175/6931)  loss 0.7345  lr 9.38e-04
    step 1200/6931 (global micro  1200/6931, update  1200/6931)  loss 0.6002  lr 9.35e-04
    step 1225/6931 (global micro  1225/6931, update  1225/6931)  loss 0.5786  lr 9.32e-04
    step 1250/6931 (global micro  1250/6931, update  1250/6931)  loss 0.6652  lr 9.30e-04
    step 1275/6931 (global micro  1275/6931, update  1275/6931)  loss 0.8090  lr 9.27e-04
    step 1300/6931 (global micro  1300/6931, update  1300/6931)  loss 0.5862  lr 9.24e-04
    step 1325/6931 (global micro  1325/6931, update  1325/6931)  loss 0.5402  lr 9.21e-04
    step 1350/6931 (global micro  1350/6931, update  1350/6931)  loss 0.7194  lr 9.18e-04
    step 1375/6931 (global micro  1375/6931, update  1375/6931)  loss 0.5871  lr 9.15e-04
    step 1400/6931 (global micro  1400/6931, update  1400/6931)  loss 0.7439  lr 9.12e-04
    step 1425/6931 (global micro  1425/6931, update  1425/6931)  loss 0.6745  lr 9.09e-04
    step 1450/6931 (global micro  1450/6931, update  1450/6931)  loss 0.7055  lr 9.06e-04
    step 1475/6931 (global micro  1475/6931, update  1475/6931)  loss 0.8251  lr 9.03e-04
    step 1500/6931 (global micro  1500/6931, update  1500/6931)  loss 0.8215  lr 9.00e-04
    step 1525/6931 (global micro  1525/6931, update  1525/6931)  loss 0.6167  lr 8.97e-04
    step 1550/6931 (global micro  1550/6931, update  1550/6931)  loss 0.7537  lr 8.93e-04
    step 1575/6931 (global micro  1575/6931, update  1575/6931)  loss 0.8160  lr 8.90e-04
    step 1600/6931 (global micro  1600/6931, update  1600/6931)  loss 0.8586  lr 8.87e-04
    step 1625/6931 (global micro  1625/6931, update  1625/6931)  loss 0.6813  lr 8.83e-04
    step 1650/6931 (global micro  1650/6931, update  1650/6931)  loss 0.6594  lr 8.80e-04
    step 1675/6931 (global micro  1675/6931, update  1675/6931)  loss 0.6862  lr 8.76e-04
    step 1700/6931 (global micro  1700/6931, update  1700/6931)  loss 0.7204  lr 8.73e-04
    step 1725/6931 (global micro  1725/6931, update  1725/6931)  loss 0.5622  lr 8.69e-04
    step 1750/6931 (global micro  1750/6931, update  1750/6931)  loss 0.8953  lr 8.66e-04
    step 1775/6931 (global micro  1775/6931, update  1775/6931)  loss 0.6377  lr 8.62e-04
    step 1800/6931 (global micro  1800/6931, update  1800/6931)  loss 0.7003  lr 8.58e-04
    step 1825/6931 (global micro  1825/6931, update  1825/6931)  loss 0.7832  lr 8.55e-04
    step 1850/6931 (global micro  1850/6931, update  1850/6931)  loss 0.6224  lr 8.51e-04
    step 1875/6931 (global micro  1875/6931, update  1875/6931)  loss 0.6910  lr 8.47e-04
    step 1900/6931 (global micro  1900/6931, update  1900/6931)  loss 0.6348  lr 8.43e-04
    step 1925/6931 (global micro  1925/6931, update  1925/6931)  loss 0.6701  lr 8.39e-04
    step 1950/6931 (global micro  1950/6931, update  1950/6931)  loss 0.8122  lr 8.35e-04
    step 1975/6931 (global micro  1975/6931, update  1975/6931)  loss 0.7631  lr 8.31e-04
    step 2000/6931 (global micro  2000/6931, update  2000/6931)  loss 0.6402  lr 8.27e-04
    step 2025/6931 (global micro  2025/6931, update  2025/6931)  loss 0.5822  lr 8.23e-04
    step 2050/6931 (global micro  2050/6931, update  2050/6931)  loss 0.6497  lr 8.19e-04
    step 2075/6931 (global micro  2075/6931, update  2075/6931)  loss 0.7878  lr 8.15e-04
    step 2100/6931 (global micro  2100/6931, update  2100/6931)  loss 0.5459  lr 8.11e-04
    step 2125/6931 (global micro  2125/6931, update  2125/6931)  loss 0.6790  lr 8.07e-04
    step 2150/6931 (global micro  2150/6931, update  2150/6931)  loss 0.7192  lr 8.03e-04
    step 2175/6931 (global micro  2175/6931, update  2175/6931)  loss 0.7306  lr 7.98e-04
    step 2200/6931 (global micro  2200/6931, update  2200/6931)  loss 0.6489  lr 7.94e-04
    step 2225/6931 (global micro  2225/6931, update  2225/6931)  loss 0.8415  lr 7.90e-04
    step 2250/6931 (global micro  2250/6931, update  2250/6931)  loss 0.6814  lr 7.86e-04
    step 2275/6931 (global micro  2275/6931, update  2275/6931)  loss 0.7460  lr 7.81e-04
    step 2300/6931 (global micro  2300/6931, update  2300/6931)  loss 0.7362  lr 7.77e-04
    step 2325/6931 (global micro  2325/6931, update  2325/6931)  loss 0.5632  lr 7.72e-04
    step 2350/6931 (global micro  2350/6931, update  2350/6931)  loss 0.7079  lr 7.68e-04
    step 2375/6931 (global micro  2375/6931, update  2375/6931)  loss 0.6520  lr 7.63e-04
    step 2400/6931 (global micro  2400/6931, update  2400/6931)  loss 0.6789  lr 7.59e-04
    step 2425/6931 (global micro  2425/6931, update  2425/6931)  loss 0.6513  lr 7.54e-04
    step 2450/6931 (global micro  2450/6931, update  2450/6931)  loss 0.7402  lr 7.50e-04
    step 2475/6931 (global micro  2475/6931, update  2475/6931)  loss 0.8283  lr 7.45e-04
    step 2500/6931 (global micro  2500/6931, update  2500/6931)  loss 0.5524  lr 7.41e-04
    step 2525/6931 (global micro  2525/6931, update  2525/6931)  loss 0.6095  lr 7.36e-04
    step 2550/6931 (global micro  2550/6931, update  2550/6931)  loss 0.6893  lr 7.31e-04
    step 2575/6931 (global micro  2575/6931, update  2575/6931)  loss 0.6645  lr 7.27e-04
    step 2600/6931 (global micro  2600/6931, update  2600/6931)  loss 0.5400  lr 7.22e-04
    step 2625/6931 (global micro  2625/6931, update  2625/6931)  loss 0.6726  lr 7.17e-04
    step 2650/6931 (global micro  2650/6931, update  2650/6931)  loss 0.8829  lr 7.13e-04
    step 2675/6931 (global micro  2675/6931, update  2675/6931)  loss 0.7689  lr 7.08e-04
    step 2700/6931 (global micro  2700/6931, update  2700/6931)  loss 0.7732  lr 7.03e-04
    step 2725/6931 (global micro  2725/6931, update  2725/6931)  loss 0.6245  lr 6.98e-04
    step 2750/6931 (global micro  2750/6931, update  2750/6931)  loss 0.7311  lr 6.93e-04
    step 2775/6931 (global micro  2775/6931, update  2775/6931)  loss 0.5274  lr 6.89e-04
    step 2800/6931 (global micro  2800/6931, update  2800/6931)  loss 0.7146  lr 6.84e-04
    step 2825/6931 (global micro  2825/6931, update  2825/6931)  loss 0.7709  lr 6.79e-04
    step 2850/6931 (global micro  2850/6931, update  2850/6931)  loss 0.5769  lr 6.74e-04
    step 2875/6931 (global micro  2875/6931, update  2875/6931)  loss 0.6800  lr 6.69e-04
    step 2900/6931 (global micro  2900/6931, update  2900/6931)  loss 0.7564  lr 6.64e-04
    step 2925/6931 (global micro  2925/6931, update  2925/6931)  loss 0.6792  lr 6.59e-04
    step 2950/6931 (global micro  2950/6931, update  2950/6931)  loss 0.7461  lr 6.54e-04
    step 2975/6931 (global micro  2975/6931, update  2975/6931)  loss 0.8770  lr 6.49e-04
    step 3000/6931 (global micro  3000/6931, update  3000/6931)  loss 0.6981  lr 6.44e-04
    step 3025/6931 (global micro  3025/6931, update  3025/6931)  loss 0.7765  lr 6.39e-04
    step 3050/6931 (global micro  3050/6931, update  3050/6931)  loss 0.5845  lr 6.34e-04
    step 3075/6931 (global micro  3075/6931, update  3075/6931)  loss 0.5869  lr 6.29e-04
    step 3100/6931 (global micro  3100/6931, update  3100/6931)  loss 0.5731  lr 6.24e-04
    step 3125/6931 (global micro  3125/6931, update  3125/6931)  loss 0.6757  lr 6.19e-04
    step 3150/6931 (global micro  3150/6931, update  3150/6931)  loss 0.6392  lr 6.14e-04
    step 3175/6931 (global micro  3175/6931, update  3175/6931)  loss 0.6042  lr 6.09e-04
    step 3200/6931 (global micro  3200/6931, update  3200/6931)  loss 0.6756  lr 6.04e-04
    step 3225/6931 (global micro  3225/6931, update  3225/6931)  loss 0.5886  lr 5.99e-04
    step 3250/6931 (global micro  3250/6931, update  3250/6931)  loss 0.6885  lr 5.94e-04
    step 3275/6931 (global micro  3275/6931, update  3275/6931)  loss 0.6804  lr 5.89e-04
    step 3300/6931 (global micro  3300/6931, update  3300/6931)  loss 0.6664  lr 5.84e-04
    step 3325/6931 (global micro  3325/6931, update  3325/6931)  loss 0.5822  lr 5.79e-04
    step 3350/6931 (global micro  3350/6931, update  3350/6931)  loss 0.6281  lr 5.74e-04
    step 3375/6931 (global micro  3375/6931, update  3375/6931)  loss 0.7066  lr 5.68e-04
    step 3400/6931 (global micro  3400/6931, update  3400/6931)  loss 0.6183  lr 5.63e-04
    step 3425/6931 (global micro  3425/6931, update  3425/6931)  loss 0.6049  lr 5.58e-04
    step 3450/6931 (global micro  3450/6931, update  3450/6931)  loss 0.7563  lr 5.53e-04
    step 3475/6931 (global micro  3475/6931, update  3475/6931)  loss 0.6759  lr 5.48e-04
    step 3500/6931 (global micro  3500/6931, update  3500/6931)  loss 0.6165  lr 5.43e-04
    step 3525/6931 (global micro  3525/6931, update  3525/6931)  loss 0.7198  lr 5.38e-04
    step 3550/6931 (global micro  3550/6931, update  3550/6931)  loss 0.6929  lr 5.33e-04
    step 3575/6931 (global micro  3575/6931, update  3575/6931)  loss 0.9235  lr 5.28e-04
    step 3600/6931 (global micro  3600/6931, update  3600/6931)  loss 0.6419  lr 5.23e-04
    step 3625/6931 (global micro  3625/6931, update  3625/6931)  loss 0.6672  lr 5.17e-04
    step 3650/6931 (global micro  3650/6931, update  3650/6931)  loss 0.5880  lr 5.12e-04
    step 3675/6931 (global micro  3675/6931, update  3675/6931)  loss 0.7509  lr 5.07e-04
    step 3700/6931 (global micro  3700/6931, update  3700/6931)  loss 0.7628  lr 5.02e-04
    step 3725/6931 (global micro  3725/6931, update  3725/6931)  loss 0.5879  lr 4.97e-04
    step 3750/6931 (global micro  3750/6931, update  3750/6931)  loss 0.5406  lr 4.92e-04
    step 3775/6931 (global micro  3775/6931, update  3775/6931)  loss 0.5756  lr 4.87e-04
    step 3800/6931 (global micro  3800/6931, update  3800/6931)  loss 0.6190  lr 4.82e-04
    step 3825/6931 (global micro  3825/6931, update  3825/6931)  loss 0.6498  lr 4.77e-04
    step 3850/6931 (global micro  3850/6931, update  3850/6931)  loss 0.7787  lr 4.72e-04
    step 3875/6931 (global micro  3875/6931, update  3875/6931)  loss 0.6166  lr 4.67e-04
    step 3900/6931 (global micro  3900/6931, update  3900/6931)  loss 0.6695  lr 4.62e-04
    step 3925/6931 (global micro  3925/6931, update  3925/6931)  loss 0.5725  lr 4.57e-04
    step 3950/6931 (global micro  3950/6931, update  3950/6931)  loss 0.6434  lr 4.52e-04
    step 3975/6931 (global micro  3975/6931, update  3975/6931)  loss 0.6064  lr 4.47e-04
    step 4000/6931 (global micro  4000/6931, update  4000/6931)  loss 0.5649  lr 4.42e-04
    step 4025/6931 (global micro  4025/6931, update  4025/6931)  loss 0.6325  lr 4.37e-04
    step 4050/6931 (global micro  4050/6931, update  4050/6931)  loss 0.6344  lr 4.32e-04
    step 4075/6931 (global micro  4075/6931, update  4075/6931)  loss 0.7040  lr 4.27e-04
    step 4100/6931 (global micro  4100/6931, update  4100/6931)  loss 0.6990  lr 4.22e-04
    step 4125/6931 (global micro  4125/6931, update  4125/6931)  loss 0.7464  lr 4.17e-04
    step 4150/6931 (global micro  4150/6931, update  4150/6931)  loss 0.6584  lr 4.13e-04
    step 4175/6931 (global micro  4175/6931, update  4175/6931)  loss 0.6051  lr 4.08e-04
    step 4200/6931 (global micro  4200/6931, update  4200/6931)  loss 0.6660  lr 4.03e-04
    step 4225/6931 (global micro  4225/6931, update  4225/6931)  loss 0.6511  lr 3.98e-04
    step 4250/6931 (global micro  4250/6931, update  4250/6931)  loss 0.6292  lr 3.93e-04
    step 4275/6931 (global micro  4275/6931, update  4275/6931)  loss 0.8023  lr 3.89e-04
    step 4300/6931 (global micro  4300/6931, update  4300/6931)  loss 0.6630  lr 3.84e-04
    step 4325/6931 (global micro  4325/6931, update  4325/6931)  loss 0.6991  lr 3.79e-04
    step 4350/6931 (global micro  4350/6931, update  4350/6931)  loss 0.6849  lr 3.74e-04
    step 4375/6931 (global micro  4375/6931, update  4375/6931)  loss 0.4523  lr 3.70e-04
    step 4400/6931 (global micro  4400/6931, update  4400/6931)  loss 0.6811  lr 3.65e-04
    step 4425/6931 (global micro  4425/6931, update  4425/6931)  loss 0.5086  lr 3.60e-04
    step 4450/6931 (global micro  4450/6931, update  4450/6931)  loss 0.6368  lr 3.56e-04
    step 4475/6931 (global micro  4475/6931, update  4475/6931)  loss 0.6704  lr 3.51e-04
    step 4500/6931 (global micro  4500/6931, update  4500/6931)  loss 0.6485  lr 3.47e-04
    step 4525/6931 (global micro  4525/6931, update  4525/6931)  loss 0.7195  lr 3.42e-04
    step 4550/6931 (global micro  4550/6931, update  4550/6931)  loss 0.8249  lr 3.38e-04
    step 4575/6931 (global micro  4575/6931, update  4575/6931)  loss 0.6735  lr 3.33e-04
    step 4600/6931 (global micro  4600/6931, update  4600/6931)  loss 0.6698  lr 3.29e-04
    step 4625/6931 (global micro  4625/6931, update  4625/6931)  loss 0.7419  lr 3.24e-04
    step 4650/6931 (global micro  4650/6931, update  4650/6931)  loss 0.6203  lr 3.20e-04
    step 4675/6931 (global micro  4675/6931, update  4675/6931)  loss 0.6206  lr 3.15e-04
    step 4700/6931 (global micro  4700/6931, update  4700/6931)  loss 0.5974  lr 3.11e-04
    step 4725/6931 (global micro  4725/6931, update  4725/6931)  loss 0.5734  lr 3.07e-04
    step 4750/6931 (global micro  4750/6931, update  4750/6931)  loss 0.5732  lr 3.03e-04
    step 4775/6931 (global micro  4775/6931, update  4775/6931)  loss 0.6508  lr 2.98e-04
    step 4800/6931 (global micro  4800/6931, update  4800/6931)  loss 0.6800  lr 2.94e-04
    step 4825/6931 (global micro  4825/6931, update  4825/6931)  loss 0.6983  lr 2.90e-04
    step 4850/6931 (global micro  4850/6931, update  4850/6931)  loss 0.6595  lr 2.86e-04
    step 4875/6931 (global micro  4875/6931, update  4875/6931)  loss 0.5753  lr 2.82e-04
    step 4900/6931 (global micro  4900/6931, update  4900/6931)  loss 0.5485  lr 2.78e-04
    step 4925/6931 (global micro  4925/6931, update  4925/6931)  loss 0.5905  lr 2.74e-04
    step 4950/6931 (global micro  4950/6931, update  4950/6931)  loss 0.6217  lr 2.70e-04
    step 4975/6931 (global micro  4975/6931, update  4975/6931)  loss 0.4752  lr 2.66e-04
    step 5000/6931 (global micro  5000/6931, update  5000/6931)  loss 0.5957  lr 2.62e-04
    step 5025/6931 (global micro  5025/6931, update  5025/6931)  loss 0.6385  lr 2.58e-04
    step 5050/6931 (global micro  5050/6931, update  5050/6931)  loss 0.6575  lr 2.54e-04
    step 5075/6931 (global micro  5075/6931, update  5075/6931)  loss 0.6940  lr 2.50e-04
    step 5100/6931 (global micro  5100/6931, update  5100/6931)  loss 0.5592  lr 2.46e-04
    step 5125/6931 (global micro  5125/6931, update  5125/6931)  loss 0.7715  lr 2.43e-04
    step 5150/6931 (global micro  5150/6931, update  5150/6931)  loss 0.5876  lr 2.39e-04
    step 5175/6931 (global micro  5175/6931, update  5175/6931)  loss 0.7008  lr 2.35e-04
    step 5200/6931 (global micro  5200/6931, update  5200/6931)  loss 0.6374  lr 2.32e-04
    step 5225/6931 (global micro  5225/6931, update  5225/6931)  loss 0.6216  lr 2.28e-04
    step 5250/6931 (global micro  5250/6931, update  5250/6931)  loss 0.6498  lr 2.24e-04
    step 5275/6931 (global micro  5275/6931, update  5275/6931)  loss 0.5319  lr 2.21e-04
    step 5300/6931 (global micro  5300/6931, update  5300/6931)  loss 0.5383  lr 2.17e-04
    step 5325/6931 (global micro  5325/6931, update  5325/6931)  loss 0.6242  lr 2.14e-04
    step 5350/6931 (global micro  5350/6931, update  5350/6931)  loss 0.6216  lr 2.11e-04
    step 5375/6931 (global micro  5375/6931, update  5375/6931)  loss 0.5948  lr 2.07e-04
    step 5400/6931 (global micro  5400/6931, update  5400/6931)  loss 0.5485  lr 2.04e-04
    step 5425/6931 (global micro  5425/6931, update  5425/6931)  loss 0.4888  lr 2.01e-04
    step 5450/6931 (global micro  5450/6931, update  5450/6931)  loss 0.5655  lr 1.98e-04
    step 5475/6931 (global micro  5475/6931, update  5475/6931)  loss 0.6137  lr 1.94e-04
    step 5500/6931 (global micro  5500/6931, update  5500/6931)  loss 0.5554  lr 1.91e-04
    step 5525/6931 (global micro  5525/6931, update  5525/6931)  loss 0.5923  lr 1.88e-04
    step 5550/6931 (global micro  5550/6931, update  5550/6931)  loss 0.4653  lr 1.85e-04
    step 5575/6931 (global micro  5575/6931, update  5575/6931)  loss 0.7261  lr 1.82e-04
    step 5600/6931 (global micro  5600/6931, update  5600/6931)  loss 0.5893  lr 1.79e-04
    step 5625/6931 (global micro  5625/6931, update  5625/6931)  loss 0.6234  lr 1.77e-04
    step 5650/6931 (global micro  5650/6931, update  5650/6931)  loss 0.6552  lr 1.74e-04
    step 5675/6931 (global micro  5675/6931, update  5675/6931)  loss 0.5640  lr 1.71e-04
    step 5700/6931 (global micro  5700/6931, update  5700/6931)  loss 0.7145  lr 1.68e-04
    step 5725/6931 (global micro  5725/6931, update  5725/6931)  loss 0.4947  lr 1.66e-04
    step 5750/6931 (global micro  5750/6931, update  5750/6931)  loss 0.5254  lr 1.63e-04
    step 5775/6931 (global micro  5775/6931, update  5775/6931)  loss 0.4767  lr 1.60e-04
    step 5800/6931 (global micro  5800/6931, update  5800/6931)  loss 0.6967  lr 1.58e-04
    step 5825/6931 (global micro  5825/6931, update  5825/6931)  loss 0.6138  lr 1.55e-04
    step 5850/6931 (global micro  5850/6931, update  5850/6931)  loss 0.5138  lr 1.53e-04
    step 5875/6931 (global micro  5875/6931, update  5875/6931)  loss 0.6127  lr 1.51e-04
    step 5900/6931 (global micro  5900/6931, update  5900/6931)  loss 0.6746  lr 1.48e-04
    step 5925/6931 (global micro  5925/6931, update  5925/6931)  loss 0.7632  lr 1.46e-04
    step 5950/6931 (global micro  5950/6931, update  5950/6931)  loss 0.6128  lr 1.44e-04
    step 5975/6931 (global micro  5975/6931, update  5975/6931)  loss 0.6156  lr 1.42e-04
    step 6000/6931 (global micro  6000/6931, update  6000/6931)  loss 0.6133  lr 1.39e-04
    step 6025/6931 (global micro  6025/6931, update  6025/6931)  loss 0.5141  lr 1.37e-04
    step 6050/6931 (global micro  6050/6931, update  6050/6931)  loss 0.5438  lr 1.35e-04
    step 6075/6931 (global micro  6075/6931, update  6075/6931)  loss 0.5610  lr 1.33e-04
    step 6100/6931 (global micro  6100/6931, update  6100/6931)  loss 0.6208  lr 1.32e-04
    step 6125/6931 (global micro  6125/6931, update  6125/6931)  loss 0.5465  lr 1.30e-04
    step 6150/6931 (global micro  6150/6931, update  6150/6931)  loss 0.6117  lr 1.28e-04
    step 6175/6931 (global micro  6175/6931, update  6175/6931)  loss 0.5293  lr 1.26e-04
    step 6200/6931 (global micro  6200/6931, update  6200/6931)  loss 0.5771  lr 1.24e-04
    step 6225/6931 (global micro  6225/6931, update  6225/6931)  loss 0.5828  lr 1.23e-04
    step 6250/6931 (global micro  6250/6931, update  6250/6931)  loss 0.4112  lr 1.21e-04
    step 6275/6931 (global micro  6275/6931, update  6275/6931)  loss 0.4169  lr 1.20e-04
    step 6300/6931 (global micro  6300/6931, update  6300/6931)  loss 0.6458  lr 1.18e-04
    step 6325/6931 (global micro  6325/6931, update  6325/6931)  loss 0.4986  lr 1.17e-04
    step 6350/6931 (global micro  6350/6931, update  6350/6931)  loss 0.5121  lr 1.16e-04
    step 6375/6931 (global micro  6375/6931, update  6375/6931)  loss 0.5125  lr 1.14e-04
    step 6400/6931 (global micro  6400/6931, update  6400/6931)  loss 0.5830  lr 1.13e-04
    step 6425/6931 (global micro  6425/6931, update  6425/6931)  loss 0.6168  lr 1.12e-04
    step 6450/6931 (global micro  6450/6931, update  6450/6931)  loss 0.6426  lr 1.11e-04
    step 6475/6931 (global micro  6475/6931, update  6475/6931)  loss 0.5888  lr 1.10e-04
    step 6500/6931 (global micro  6500/6931, update  6500/6931)  loss 0.6882  lr 1.09e-04
    step 6525/6931 (global micro  6525/6931, update  6525/6931)  loss 0.6576  lr 1.08e-04
    step 6550/6931 (global micro  6550/6931, update  6550/6931)  loss 0.6774  lr 1.07e-04
    step 6575/6931 (global micro  6575/6931, update  6575/6931)  loss 0.6116  lr 1.06e-04
    step 6600/6931 (global micro  6600/6931, update  6600/6931)  loss 0.5973  lr 1.05e-04
    step 6625/6931 (global micro  6625/6931, update  6625/6931)  loss 0.6098  lr 1.04e-04
    step 6650/6931 (global micro  6650/6931, update  6650/6931)  loss 0.5814  lr 1.04e-04
    step 6675/6931 (global micro  6675/6931, update  6675/6931)  loss 0.5617  lr 1.03e-04
    step 6700/6931 (global micro  6700/6931, update  6700/6931)  loss 0.6654  lr 1.02e-04
    step 6725/6931 (global micro  6725/6931, update  6725/6931)  loss 0.5110  lr 1.02e-04
    step 6750/6931 (global micro  6750/6931, update  6750/6931)  loss 0.4595  lr 1.02e-04
    step 6775/6931 (global micro  6775/6931, update  6775/6931)  loss 0.4962  lr 1.01e-04
    step 6800/6931 (global micro  6800/6931, update  6800/6931)  loss 0.5934  lr 1.01e-04
    step 6825/6931 (global micro  6825/6931, update  6825/6931)  loss 0.8099  lr 1.01e-04
    step 6850/6931 (global micro  6850/6931, update  6850/6931)  loss 0.6952  lr 1.00e-04
    step 6875/6931 (global micro  6875/6931, update  6875/6931)  loss 0.5746  lr 1.00e-04
    step 6900/6931 (global micro  6900/6931, update  6900/6931)  loss 0.6728  lr 1.00e-04
    step 6925/6931 (global micro  6925/6931, update  6925/6931)  loss 0.5626  lr 1.00e-04
    step 6931/6931 (global micro  6931/6931, update  6931/6931)  loss 0.4576  lr 1.00e-04
  epoch   1/1  loss 0.6613  lr 1.00e-04  (2832.7s)

  Best loss: 0.6613
  Checkpoint saved: core/run_10_counting_e1.pt

