  Training audit: PASSED
  Python: /home/aomukai/.unsloth/studio/unsloth_studio/bin/python
  Device: cuda
  Phase: 0
  Seed: 1337
  Resume checkpoint: core/run_1.pt

============================================================
  BDH Phase 0 Training
============================================================
  Data files: ['training/corpus/stories_corpus.txt']
  Total bytes: 123,828
  Pre-loading corpus tensor...
  Corpus tensor: 123,828 tokens
  Model: xl-150m (151.1M params)
  Resuming from: core/run_1.pt
  Seed: 1337  |  Deterministic: enabled
  Epochs: 5  |  Windows/epoch: 483  |  Micro-steps/epoch: 61  |  Optimizer updates/epoch: 61  |  Total optimizer updates: 305  |  LR: 0.0005
  Block size: 256  |  Batch size: 8
  Grad accumulation: 1
  AMP bf16: enabled
  Data mode: phase_text
  VRAM logging: enabled
  Log interval: every 10 step(s)
  Output: core/run_2_grounding_stories_from_run1_e5.pt

    step    1/61 (global micro     1/305, update     1/305)  loss 1.8409  lr 5.00e-04  vram alloc/res/peak 1747/6920/6544MB
    step   10/61 (global micro    10/305, update    10/305)  loss 1.3533  lr 4.99e-04  vram alloc/res/peak 1747/8072/7706MB
    step   20/61 (global micro    20/305, update    20/305)  loss 1.3055  lr 4.95e-04  vram alloc/res/peak 1747/8072/7706MB
    step   30/61 (global micro    30/305, update    30/305)  loss 1.1578  lr 4.89e-04  vram alloc/res/peak 1747/8072/7706MB
    step   40/61 (global micro    40/305, update    40/305)  loss 1.1825  lr 4.81e-04  vram alloc/res/peak 1747/8072/7706MB
    step   50/61 (global micro    50/305, update    50/305)  loss 1.1084  lr 4.71e-04  vram alloc/res/peak 1747/8072/7706MB
    step   60/61 (global micro    60/305, update    60/305)  loss 1.0624  lr 4.58e-04  vram alloc/res/peak 1747/8072/7706MB
    step   61/61 (global micro    61/305, update    61/305)  loss 1.2474  lr 4.57e-04  vram alloc/res/peak 1746/8084/7706MB
  epoch   1/5  loss 1.2690  lr 4.57e-04  (25.6s)
  Epoch checkpoint: core/run_2_grounding_stories_from_run1_e5_e1.pt
    step    1/61 (global micro    62/305, update    62/305)  loss 0.8256  lr 4.56e-04  vram alloc/res/peak 1747/8084/7706MB
    step   10/61 (global micro    71/305, update    71/305)  loss 0.8448  lr 4.42e-04  vram alloc/res/peak 1747/8084/7706MB
    step   20/61 (global micro    81/305, update    81/305)  loss 0.8252  lr 4.26e-04  vram alloc/res/peak 1747/8084/7706MB
    step   30/61 (global micro    91/305, update    91/305)  loss 0.8530  lr 4.08e-04  vram alloc/res/peak 1747/8084/7706MB
    step   40/61 (global micro   101/305, update   101/305)  loss 0.8246  lr 3.89e-04  vram alloc/res/peak 1747/8084/7706MB
    step   50/61 (global micro   111/305, update   111/305)  loss 0.8368  lr 3.68e-04  vram alloc/res/peak 1747/8084/7706MB
    step   60/61 (global micro   121/305, update   121/305)  loss 0.8906  lr 3.47e-04  vram alloc/res/peak 1747/8084/7706MB
    step   61/61 (global micro   122/305, update   122/305)  loss 0.7843  lr 3.45e-04  vram alloc/res/peak 1746/8084/7706MB
  epoch   2/5  loss 0.8427  lr 3.45e-04  (26.0s)
  Epoch checkpoint: core/run_2_grounding_stories_from_run1_e5_e2.pt
    step    1/61 (global micro   123/305, update   123/305)  loss 0.5634  lr 3.42e-04  vram alloc/res/peak 1747/8084/7706MB
    step   10/61 (global micro   132/305, update   132/305)  loss 0.5861  lr 3.22e-04  vram alloc/res/peak 1747/8084/7706MB
    step   20/61 (global micro   142/305, update   142/305)  loss 0.4947  lr 2.99e-04  vram alloc/res/peak 1747/8084/7706MB
    step   30/61 (global micro   152/305, update   152/305)  loss 0.5760  lr 2.76e-04  vram alloc/res/peak 1747/8084/7706MB
    step   40/61 (global micro   162/305, update   162/305)  loss 0.5915  lr 2.53e-04  vram alloc/res/peak 1747/8084/7706MB
    step   50/61 (global micro   172/305, update   172/305)  loss 0.5779  lr 2.30e-04  vram alloc/res/peak 1747/8084/7706MB
    step   60/61 (global micro   182/305, update   182/305)  loss 0.5264  lr 2.08e-04  vram alloc/res/peak 1747/8084/7706MB
    step   61/61 (global micro   183/305, update   183/305)  loss 0.4415  lr 2.05e-04  vram alloc/res/peak 1746/8084/7706MB
  epoch   3/5  loss 0.5384  lr 2.05e-04  (26.1s)
  Epoch checkpoint: core/run_2_grounding_stories_from_run1_e5_e3.pt
    step    1/61 (global micro   184/305, update   184/305)  loss 0.3948  lr 2.03e-04  vram alloc/res/peak 1747/8084/7706MB
    step   10/61 (global micro   193/305, update   193/305)  loss 0.3210  lr 1.84e-04  vram alloc/res/peak 1747/8084/7706MB
    step   20/61 (global micro   203/305, update   203/305)  loss 0.3062  lr 1.63e-04  vram alloc/res/peak 1747/8084/7706MB
    step   30/61 (global micro   213/305, update   213/305)  loss 0.2758  lr 1.44e-04  vram alloc/res/peak 1747/8084/7706MB
    step   40/61 (global micro   223/305, update   223/305)  loss 0.2844  lr 1.26e-04  vram alloc/res/peak 1747/8084/7706MB
    step   50/61 (global micro   233/305, update   233/305)  loss 0.3077  lr 1.09e-04  vram alloc/res/peak 1747/8084/7706MB
    step   60/61 (global micro   243/305, update   243/305)  loss 0.2921  lr 9.43e-05  vram alloc/res/peak 1747/8084/7706MB
    step   61/61 (global micro   244/305, update   244/305)  loss 0.3039  lr 9.30e-05  vram alloc/res/peak 1746/8084/7706MB
  epoch   4/5  loss 0.3004  lr 9.30e-05  (25.4s)
  Epoch checkpoint: core/run_2_grounding_stories_from_run1_e5_e4.pt
    step    1/61 (global micro   245/305, update   245/305)  loss 0.1969  lr 9.16e-05  vram alloc/res/peak 1747/8084/7706MB
    step   10/61 (global micro   254/305, update   254/305)  loss 0.1620  lr 8.03e-05  vram alloc/res/peak 1747/8084/7706MB
    step   20/61 (global micro   264/305, update   264/305)  loss 0.1737  lr 6.98e-05  vram alloc/res/peak 1747/8084/7706MB
    step   30/61 (global micro   274/305, update   274/305)  loss 0.1729  lr 6.14e-05  vram alloc/res/peak 1747/8084/7706MB
    step   40/61 (global micro   284/305, update   284/305)  loss 0.1838  lr 5.52e-05  vram alloc/res/peak 1747/8084/7706MB
    step   50/61 (global micro   294/305, update   294/305)  loss 0.1859  lr 5.14e-05  vram alloc/res/peak 1747/8084/7706MB
    step   60/61 (global micro   304/305, update   304/305)  loss 0.1794  lr 5.00e-05  vram alloc/res/peak 1747/8084/7706MB
    step   61/61 (global micro   305/305, update   305/305)  loss 0.1607  lr 5.00e-05  vram alloc/res/peak 1746/8084/7706MB
  epoch   5/5  loss 0.1789  lr 5.00e-05  (25.9s)
  Epoch checkpoint: core/run_2_grounding_stories_from_run1_e5_e5.pt

  Best loss: 0.1789
  Checkpoint saved: core/run_2_grounding_stories_from_run1_e5.pt

