  Training audit: PASSED
  Python: /home/aomukai/.unsloth/studio/unsloth_studio/bin/python
  Device: cuda
  Phase: 0
  Seed: 1337
  Resume checkpoint: none (fresh start)

============================================================
  BDH Phase 0 Training
============================================================
  Data files: ['training/corpus/full_corpus.txt']
  Total bytes: 13,946,969
  Pre-loading corpus tensor...
  Corpus tensor: 13,946,969 tokens
  Model: xl-150m (151.1M params)
  Training from scratch.
  Seed: 1337  |  Deterministic: enabled
  Epochs: 5  |  Windows/epoch: 54480  |  Micro-steps/epoch: 6810  |  Optimizer updates/epoch: 6810  |  Total optimizer updates: 34050  |  LR: 0.001
  Block size: 256  |  Batch size: 8
  Grad accumulation: 1
  AMP bf16: enabled
  Data mode: phase_text
  VRAM logging: enabled
  Log interval: every 100 step(s)
  Output: core/run_1.pt

    step    1/6810 (global micro     1/34050, update     1/34050)  loss 5.5936  lr 1.00e-03  vram alloc/res/peak 1747/6888/6544MB
    step  100/6810 (global micro   100/34050, update   100/34050)  loss 2.4944  lr 1.00e-03  vram alloc/res/peak 1747/8296/7706MB
    step  200/6810 (global micro   200/34050, update   200/34050)  loss 1.9281  lr 1.00e-03  vram alloc/res/peak 1747/8296/7706MB
    step  300/6810 (global micro   300/34050, update   300/34050)  loss 1.8047  lr 1.00e-03  vram alloc/res/peak 1747/8296/7706MB
    step  400/6810 (global micro   400/34050, update   400/34050)  loss 1.5403  lr 1.00e-03  vram alloc/res/peak 1747/8296/7706MB
    step  500/6810 (global micro   500/34050, update   500/34050)  loss 1.5135  lr 1.00e-03  vram alloc/res/peak 1747/8296/7706MB
    step  600/6810 (global micro   600/34050, update   600/34050)  loss 1.4017  lr 9.99e-04  vram alloc/res/peak 1747/8296/7706MB
    step  700/6810 (global micro   700/34050, update   700/34050)  loss 1.8796  lr 9.99e-04  vram alloc/res/peak 1747/8296/7706MB
    step  800/6810 (global micro   800/34050, update   800/34050)  loss 1.3757  lr 9.99e-04  vram alloc/res/peak 1747/8296/7706MB
    step  900/6810 (global micro   900/34050, update   900/34050)  loss 1.2152  lr 9.98e-04  vram alloc/res/peak 1747/8296/7706MB
    step 1000/6810 (global micro  1000/34050, update  1000/34050)  loss 1.2461  lr 9.98e-04  vram alloc/res/peak 1747/8296/7706MB
    step 1100/6810 (global micro  1100/34050, update  1100/34050)  loss 1.3593  lr 9.98e-04  vram alloc/res/peak 1747/8296/7706MB
    step 1200/6810 (global micro  1200/34050, update  1200/34050)  loss 1.2765  lr 9.97e-04  vram alloc/res/peak 1747/8296/7706MB
    step 1300/6810 (global micro  1300/34050, update  1300/34050)  loss 1.5275  lr 9.97e-04  vram alloc/res/peak 1747/8296/7706MB
    step 1400/6810 (global micro  1400/34050, update  1400/34050)  loss 1.2964  lr 9.96e-04  vram alloc/res/peak 1747/8296/7706MB
    step 1500/6810 (global micro  1500/34050, update  1500/34050)  loss 1.3963  lr 9.96e-04  vram alloc/res/peak 1747/8296/7706MB
    step 1600/6810 (global micro  1600/34050, update  1600/34050)  loss 1.3251  lr 9.95e-04  vram alloc/res/peak 1747/8296/7706MB
    step 1700/6810 (global micro  1700/34050, update  1700/34050)  loss 1.4656  lr 9.94e-04  vram alloc/res/peak 1747/8296/7706MB
    step 1800/6810 (global micro  1800/34050, update  1800/34050)  loss 1.2199  lr 9.94e-04  vram alloc/res/peak 1747/8296/7706MB
    step 1900/6810 (global micro  1900/34050, update  1900/34050)  loss 1.0720  lr 9.93e-04  vram alloc/res/peak 1747/8296/7706MB
    step 2000/6810 (global micro  2000/34050, update  2000/34050)  loss 1.0113  lr 9.92e-04  vram alloc/res/peak 1747/8296/7706MB
    step 2100/6810 (global micro  2100/34050, update  2100/34050)  loss 1.1278  lr 9.92e-04  vram alloc/res/peak 1747/8296/7706MB
    step 2200/6810 (global micro  2200/34050, update  2200/34050)  loss 1.1194  lr 9.91e-04  vram alloc/res/peak 1747/8296/7706MB
    step 2300/6810 (global micro  2300/34050, update  2300/34050)  loss 1.1973  lr 9.90e-04  vram alloc/res/peak 1747/8296/7706MB
    step 2400/6810 (global micro  2400/34050, update  2400/34050)  loss 0.9932  lr 9.89e-04  vram alloc/res/peak 1747/8296/7706MB
    step 2500/6810 (global micro  2500/34050, update  2500/34050)  loss 1.0233  lr 9.88e-04  vram alloc/res/peak 1747/8296/7706MB
    step 2600/6810 (global micro  2600/34050, update  2600/34050)  loss 1.1678  lr 9.87e-04  vram alloc/res/peak 1747/8296/7706MB
    step 2700/6810 (global micro  2700/34050, update  2700/34050)  loss 0.9668  lr 9.86e-04  vram alloc/res/peak 1747/8296/7706MB
    step 2800/6810 (global micro  2800/34050, update  2800/34050)  loss 1.0775  lr 9.85e-04  vram alloc/res/peak 1747/8296/7706MB
    step 2900/6810 (global micro  2900/34050, update  2900/34050)  loss 1.0798  lr 9.84e-04  vram alloc/res/peak 1747/8296/7706MB
    step 3000/6810 (global micro  3000/34050, update  3000/34050)  loss 1.1920  lr 9.83e-04  vram alloc/res/peak 1747/8296/7706MB
    step 3100/6810 (global micro  3100/34050, update  3100/34050)  loss 1.0307  lr 9.82e-04  vram alloc/res/peak 1747/8296/7706MB
    step 3200/6810 (global micro  3200/34050, update  3200/34050)  loss 0.9686  lr 9.81e-04  vram alloc/res/peak 1747/8296/7706MB
    step 3300/6810 (global micro  3300/34050, update  3300/34050)  loss 1.0845  lr 9.79e-04  vram alloc/res/peak 1747/8296/7706MB
    step 3400/6810 (global micro  3400/34050, update  3400/34050)  loss 0.9543  lr 9.78e-04  vram alloc/res/peak 1747/8296/7706MB
    step 3500/6810 (global micro  3500/34050, update  3500/34050)  loss 1.1178  lr 9.77e-04  vram alloc/res/peak 1747/8296/7706MB
    step 3600/6810 (global micro  3600/34050, update  3600/34050)  loss 1.0622  lr 9.75e-04  vram alloc/res/peak 1747/8296/7706MB
    step 3700/6810 (global micro  3700/34050, update  3700/34050)  loss 0.9806  lr 9.74e-04  vram alloc/res/peak 1747/8296/7706MB
    step 3800/6810 (global micro  3800/34050, update  3800/34050)  loss 0.9625  lr 9.73e-04  vram alloc/res/peak 1747/8296/7706MB
    step 3900/6810 (global micro  3900/34050, update  3900/34050)  loss 0.9532  lr 9.71e-04  vram alloc/res/peak 1747/8296/7706MB
    step 4000/6810 (global micro  4000/34050, update  4000/34050)  loss 0.9889  lr 9.70e-04  vram alloc/res/peak 1747/8296/7706MB
    step 4100/6810 (global micro  4100/34050, update  4100/34050)  loss 1.0184  lr 9.68e-04  vram alloc/res/peak 1747/8296/7706MB
    step 4200/6810 (global micro  4200/34050, update  4200/34050)  loss 0.9670  lr 9.67e-04  vram alloc/res/peak 1747/8296/7706MB
    step 4300/6810 (global micro  4300/34050, update  4300/34050)  loss 0.8651  lr 9.65e-04  vram alloc/res/peak 1747/8296/7706MB
    step 4400/6810 (global micro  4400/34050, update  4400/34050)  loss 0.9649  lr 9.63e-04  vram alloc/res/peak 1747/8296/7706MB
    step 4500/6810 (global micro  4500/34050, update  4500/34050)  loss 1.1379  lr 9.62e-04  vram alloc/res/peak 1747/8296/7706MB
    step 4600/6810 (global micro  4600/34050, update  4600/34050)  loss 1.2598  lr 9.60e-04  vram alloc/res/peak 1747/8296/7706MB
    step 4700/6810 (global micro  4700/34050, update  4700/34050)  loss 0.9376  lr 9.58e-04  vram alloc/res/peak 1747/8296/7706MB
    step 4800/6810 (global micro  4800/34050, update  4800/34050)  loss 1.0137  lr 9.57e-04  vram alloc/res/peak 1747/8296/7706MB
    step 4900/6810 (global micro  4900/34050, update  4900/34050)  loss 0.9431  lr 9.55e-04  vram alloc/res/peak 1747/8296/7706MB
    step 5000/6810 (global micro  5000/34050, update  5000/34050)  loss 1.0961  lr 9.53e-04  vram alloc/res/peak 1747/8296/7706MB
    step 5100/6810 (global micro  5100/34050, update  5100/34050)  loss 0.8142  lr 9.51e-04  vram alloc/res/peak 1747/8296/7706MB
    step 5200/6810 (global micro  5200/34050, update  5200/34050)  loss 0.9642  lr 9.49e-04  vram alloc/res/peak 1747/8296/7706MB
    step 5300/6810 (global micro  5300/34050, update  5300/34050)  loss 0.6679  lr 9.47e-04  vram alloc/res/peak 1747/8296/7706MB
    step 5400/6810 (global micro  5400/34050, update  5400/34050)  loss 0.9478  lr 9.45e-04  vram alloc/res/peak 1747/8296/7706MB
    step 5500/6810 (global micro  5500/34050, update  5500/34050)  loss 1.1088  lr 9.43e-04  vram alloc/res/peak 1747/8296/7706MB
    step 5600/6810 (global micro  5600/34050, update  5600/34050)  loss 0.9813  lr 9.41e-04  vram alloc/res/peak 1747/8296/7706MB
    step 5700/6810 (global micro  5700/34050, update  5700/34050)  loss 0.7977  lr 9.39e-04  vram alloc/res/peak 1747/8296/7706MB
    step 5800/6810 (global micro  5800/34050, update  5800/34050)  loss 0.9587  lr 9.37e-04  vram alloc/res/peak 1747/8296/7706MB
    step 5900/6810 (global micro  5900/34050, update  5900/34050)  loss 0.8712  lr 9.35e-04  vram alloc/res/peak 1747/8296/7706MB
    step 6000/6810 (global micro  6000/34050, update  6000/34050)  loss 0.9303  lr 9.33e-04  vram alloc/res/peak 1747/8296/7706MB
    step 6100/6810 (global micro  6100/34050, update  6100/34050)  loss 0.7507  lr 9.31e-04  vram alloc/res/peak 1747/8296/7706MB
    step 6200/6810 (global micro  6200/34050, update  6200/34050)  loss 0.8645  lr 9.28e-04  vram alloc/res/peak 1747/8296/7706MB
    step 6300/6810 (global micro  6300/34050, update  6300/34050)  loss 1.0961  lr 9.26e-04  vram alloc/res/peak 1747/8296/7706MB
    step 6400/6810 (global micro  6400/34050, update  6400/34050)  loss 0.8363  lr 9.24e-04  vram alloc/res/peak 1747/8296/7706MB
    step 6500/6810 (global micro  6500/34050, update  6500/34050)  loss 0.9838  lr 9.21e-04  vram alloc/res/peak 1747/8296/7706MB
    step 6600/6810 (global micro  6600/34050, update  6600/34050)  loss 1.0698  lr 9.19e-04  vram alloc/res/peak 1747/8296/7706MB
    step 6700/6810 (global micro  6700/34050, update  6700/34050)  loss 0.9013  lr 9.17e-04  vram alloc/res/peak 1747/8296/7706MB
    step 6800/6810 (global micro  6800/34050, update  6800/34050)  loss 0.8557  lr 9.14e-04  vram alloc/res/peak 1747/8296/7706MB
    step 6810/6810 (global micro  6810/34050, update  6810/34050)  loss 0.8771  lr 9.14e-04  vram alloc/res/peak 1747/8296/7706MB
  epoch   1/5  loss 1.1348  lr 9.14e-04  (2902.4s)
    step    1/6810 (global micro  6811/34050, update  6811/34050)  loss 0.9246  lr 9.14e-04  vram alloc/res/peak 1747/8296/7706MB
    step  100/6810 (global micro  6910/34050, update  6910/34050)  loss 0.7726  lr 9.12e-04  vram alloc/res/peak 1747/8296/7706MB
    step  200/6810 (global micro  7010/34050, update  7010/34050)  loss 0.9034  lr 9.09e-04  vram alloc/res/peak 1747/8296/7706MB
    step  300/6810 (global micro  7110/34050, update  7110/34050)  loss 0.9229  lr 9.07e-04  vram alloc/res/peak 1747/8296/7706MB
    step  400/6810 (global micro  7210/34050, update  7210/34050)  loss 1.0123  lr 9.04e-04  vram alloc/res/peak 1747/8296/7706MB
    step  500/6810 (global micro  7310/34050, update  7310/34050)  loss 0.6841  lr 9.01e-04  vram alloc/res/peak 1747/8296/7706MB
    step  600/6810 (global micro  7410/34050, update  7410/34050)  loss 0.9652  lr 8.99e-04  vram alloc/res/peak 1747/8296/7706MB
    step  700/6810 (global micro  7510/34050, update  7510/34050)  loss 0.8483  lr 8.96e-04  vram alloc/res/peak 1747/8296/7706MB
    step  800/6810 (global micro  7610/34050, update  7610/34050)  loss 0.9360  lr 8.94e-04  vram alloc/res/peak 1747/8296/7706MB
    step  900/6810 (global micro  7710/34050, update  7710/34050)  loss 0.9376  lr 8.91e-04  vram alloc/res/peak 1747/8296/7706MB
    step 1000/6810 (global micro  7810/34050, update  7810/34050)  loss 0.9197  lr 8.88e-04  vram alloc/res/peak 1747/8296/7706MB
    step 1100/6810 (global micro  7910/34050, update  7910/34050)  loss 0.6793  lr 8.85e-04  vram alloc/res/peak 1747/8296/7706MB
    step 1200/6810 (global micro  8010/34050, update  8010/34050)  loss 0.8172  lr 8.83e-04  vram alloc/res/peak 1747/8296/7706MB
    step 1300/6810 (global micro  8110/34050, update  8110/34050)  loss 0.9007  lr 8.80e-04  vram alloc/res/peak 1747/8296/7706MB
    step 1400/6810 (global micro  8210/34050, update  8210/34050)  loss 0.7662  lr 8.77e-04  vram alloc/res/peak 1747/8296/7706MB
    step 1500/6810 (global micro  8310/34050, update  8310/34050)  loss 0.6599  lr 8.74e-04  vram alloc/res/peak 1747/8296/7706MB
    step 1600/6810 (global micro  8410/34050, update  8410/34050)  loss 0.9192  lr 8.71e-04  vram alloc/res/peak 1747/8296/7706MB
    step 1700/6810 (global micro  8510/34050, update  8510/34050)  loss 0.8487  lr 8.68e-04  vram alloc/res/peak 1747/8296/7706MB
    step 1800/6810 (global micro  8610/34050, update  8610/34050)  loss 0.8207  lr 8.65e-04  vram alloc/res/peak 1747/8296/7706MB
    step 1900/6810 (global micro  8710/34050, update  8710/34050)  loss 0.7963  lr 8.62e-04  vram alloc/res/peak 1747/8296/7706MB
    step 2000/6810 (global micro  8810/34050, update  8810/34050)  loss 0.8195  lr 8.59e-04  vram alloc/res/peak 1747/8296/7706MB
    step 2100/6810 (global micro  8910/34050, update  8910/34050)  loss 0.8481  lr 8.56e-04  vram alloc/res/peak 1747/8296/7706MB
    step 2200/6810 (global micro  9010/34050, update  9010/34050)  loss 0.8608  lr 8.53e-04  vram alloc/res/peak 1747/8296/7706MB
    step 2300/6810 (global micro  9110/34050, update  9110/34050)  loss 0.7829  lr 8.50e-04  vram alloc/res/peak 1747/8296/7706MB
    step 2400/6810 (global micro  9210/34050, update  9210/34050)  loss 0.8540  lr 8.47e-04  vram alloc/res/peak 1747/8296/7706MB
    step 2500/6810 (global micro  9310/34050, update  9310/34050)  loss 0.7320  lr 8.44e-04  vram alloc/res/peak 1747/8296/7706MB
    step 2600/6810 (global micro  9410/34050, update  9410/34050)  loss 0.8197  lr 8.41e-04  vram alloc/res/peak 1747/8296/7706MB
    step 2700/6810 (global micro  9510/34050, update  9510/34050)  loss 1.0198  lr 8.38e-04  vram alloc/res/peak 1747/8296/7706MB
    step 2800/6810 (global micro  9610/34050, update  9610/34050)  loss 0.6977  lr 8.34e-04  vram alloc/res/peak 1747/8296/7706MB
    step 2900/6810 (global micro  9710/34050, update  9710/34050)  loss 0.8269  lr 8.31e-04  vram alloc/res/peak 1747/8296/7706MB
    step 3000/6810 (global micro  9810/34050, update  9810/34050)  loss 0.6589  lr 8.28e-04  vram alloc/res/peak 1747/8296/7706MB
    step 3100/6810 (global micro  9910/34050, update  9910/34050)  loss 0.8135  lr 8.25e-04  vram alloc/res/peak 1747/8296/7706MB
    step 3200/6810 (global micro 10010/34050, update 10010/34050)  loss 0.7870  lr 8.21e-04  vram alloc/res/peak 1747/8296/7706MB
    step 3300/6810 (global micro 10110/34050, update 10110/34050)  loss 0.7876  lr 8.18e-04  vram alloc/res/peak 1747/8296/7706MB
    step 3400/6810 (global micro 10210/34050, update 10210/34050)  loss 0.8606  lr 8.15e-04  vram alloc/res/peak 1747/8296/7706MB
    step 3500/6810 (global micro 10310/34050, update 10310/34050)  loss 1.0333  lr 8.11e-04  vram alloc/res/peak 1747/8296/7706MB
    step 3600/6810 (global micro 10410/34050, update 10410/34050)  loss 0.8736  lr 8.08e-04  vram alloc/res/peak 1747/8296/7706MB
    step 3700/6810 (global micro 10510/34050, update 10510/34050)  loss 0.7322  lr 8.04e-04  vram alloc/res/peak 1747/8296/7706MB
    step 3800/6810 (global micro 10610/34050, update 10610/34050)  loss 0.7019  lr 8.01e-04  vram alloc/res/peak 1747/8296/7706MB
    step 3900/6810 (global micro 10710/34050, update 10710/34050)  loss 0.7972  lr 7.98e-04  vram alloc/res/peak 1747/8296/7706MB
    step 4000/6810 (global micro 10810/34050, update 10810/34050)  loss 0.7912  lr 7.94e-04  vram alloc/res/peak 1747/8296/7706MB
    step 4100/6810 (global micro 10910/34050, update 10910/34050)  loss 0.7180  lr 7.91e-04  vram alloc/res/peak 1747/8296/7706MB
    step 4200/6810 (global micro 11010/34050, update 11010/34050)  loss 0.9137  lr 7.87e-04  vram alloc/res/peak 1747/8296/7706MB
    step 4300/6810 (global micro 11110/34050, update 11110/34050)  loss 0.7732  lr 7.84e-04  vram alloc/res/peak 1747/8296/7706MB
    step 4400/6810 (global micro 11210/34050, update 11210/34050)  loss 0.8786  lr 7.80e-04  vram alloc/res/peak 1747/8296/7706MB
    step 4500/6810 (global micro 11310/34050, update 11310/34050)  loss 0.8510  lr 7.76e-04  vram alloc/res/peak 1747/8296/7706MB
    step 4600/6810 (global micro 11410/34050, update 11410/34050)  loss 0.8529  lr 7.73e-04  vram alloc/res/peak 1747/8296/7706MB
    step 4700/6810 (global micro 11510/34050, update 11510/34050)  loss 0.6258  lr 7.69e-04  vram alloc/res/peak 1747/8296/7706MB
    step 4800/6810 (global micro 11610/34050, update 11610/34050)  loss 0.6865  lr 7.66e-04  vram alloc/res/peak 1747/8296/7706MB
    step 4900/6810 (global micro 11710/34050, update 11710/34050)  loss 0.7760  lr 7.62e-04  vram alloc/res/peak 1747/8296/7706MB
    step 5000/6810 (global micro 11810/34050, update 11810/34050)  loss 0.8154  lr 7.58e-04  vram alloc/res/peak 1747/8296/7706MB
    step 5100/6810 (global micro 11910/34050, update 11910/34050)  loss 0.8070  lr 7.55e-04  vram alloc/res/peak 1747/8296/7706MB
    step 5200/6810 (global micro 12010/34050, update 12010/34050)  loss 0.9025  lr 7.51e-04  vram alloc/res/peak 1747/8296/7706MB
    step 5300/6810 (global micro 12110/34050, update 12110/34050)  loss 0.8209  lr 7.47e-04  vram alloc/res/peak 1747/8296/7706MB
    step 5400/6810 (global micro 12210/34050, update 12210/34050)  loss 0.6732  lr 7.43e-04  vram alloc/res/peak 1747/8296/7706MB
    step 5500/6810 (global micro 12310/34050, update 12310/34050)  loss 0.9125  lr 7.40e-04  vram alloc/res/peak 1747/8296/7706MB
    step 5600/6810 (global micro 12410/34050, update 12410/34050)  loss 0.8198  lr 7.36e-04  vram alloc/res/peak 1747/8296/7706MB
    step 5700/6810 (global micro 12510/34050, update 12510/34050)  loss 0.7522  lr 7.32e-04  vram alloc/res/peak 1747/8296/7706MB
    step 5800/6810 (global micro 12610/34050, update 12610/34050)  loss 0.7523  lr 7.28e-04  vram alloc/res/peak 1747/8296/7706MB
    step 5900/6810 (global micro 12710/34050, update 12710/34050)  loss 0.7750  lr 7.24e-04  vram alloc/res/peak 1747/8296/7706MB
    step 6000/6810 (global micro 12810/34050, update 12810/34050)  loss 0.8337  lr 7.21e-04  vram alloc/res/peak 1747/8296/7706MB
    step 6100/6810 (global micro 12910/34050, update 12910/34050)  loss 0.7822  lr 7.17e-04  vram alloc/res/peak 1747/8296/7706MB
    step 6200/6810 (global micro 13010/34050, update 13010/34050)  loss 0.6478  lr 7.13e-04  vram alloc/res/peak 1747/8296/7706MB
    step 6300/6810 (global micro 13110/34050, update 13110/34050)  loss 0.8058  lr 7.09e-04  vram alloc/res/peak 1747/8296/7706MB
    step 6400/6810 (global micro 13210/34050, update 13210/34050)  loss 0.9194  lr 7.05e-04  vram alloc/res/peak 1747/8296/7706MB
    step 6500/6810 (global micro 13310/34050, update 13310/34050)  loss 0.9599  lr 7.01e-04  vram alloc/res/peak 1747/8296/7706MB
    step 6600/6810 (global micro 13410/34050, update 13410/34050)  loss 0.8031  lr 6.97e-04  vram alloc/res/peak 1747/8296/7706MB
    step 6700/6810 (global micro 13510/34050, update 13510/34050)  loss 0.6718  lr 6.93e-04  vram alloc/res/peak 1747/8296/7706MB
    step 6800/6810 (global micro 13610/34050, update 13610/34050)  loss 0.7939  lr 6.89e-04  vram alloc/res/peak 1747/8296/7706MB
    step 6810/6810 (global micro 13620/34050, update 13620/34050)  loss 0.7401  lr 6.89e-04  vram alloc/res/peak 1747/8296/7706MB
  epoch   2/5  loss 0.8234  lr 6.89e-04  (2922.2s)
    step    1/6810 (global micro 13621/34050, update 13621/34050)  loss 0.7231  lr 6.89e-04  vram alloc/res/peak 1747/8296/7706MB
    step  100/6810 (global micro 13720/34050, update 13720/34050)  loss 0.6204  lr 6.85e-04  vram alloc/res/peak 1747/8296/7706MB
    step  200/6810 (global micro 13820/34050, update 13820/34050)  loss 1.0576  lr 6.81e-04  vram alloc/res/peak 1747/8296/7706MB
    step  300/6810 (global micro 13920/34050, update 13920/34050)  loss 0.6626  lr 6.77e-04  vram alloc/res/peak 1747/8296/7706MB
    step  400/6810 (global micro 14020/34050, update 14020/34050)  loss 0.7752  lr 6.73e-04  vram alloc/res/peak 1747/8296/7706MB
    step  500/6810 (global micro 14120/34050, update 14120/34050)  loss 0.7509  lr 6.69e-04  vram alloc/res/peak 1747/8296/7706MB
    step  600/6810 (global micro 14220/34050, update 14220/34050)  loss 0.7441  lr 6.65e-04  vram alloc/res/peak 1747/8296/7706MB
    step  700/6810 (global micro 14320/34050, update 14320/34050)  loss 0.6023  lr 6.61e-04  vram alloc/res/peak 1747/8296/7706MB
    step  800/6810 (global micro 14420/34050, update 14420/34050)  loss 0.6720  lr 6.57e-04  vram alloc/res/peak 1747/8296/7706MB
    step  900/6810 (global micro 14520/34050, update 14520/34050)  loss 0.7521  lr 6.53e-04  vram alloc/res/peak 1747/8296/7706MB
    step 1000/6810 (global micro 14620/34050, update 14620/34050)  loss 0.7092  lr 6.49e-04  vram alloc/res/peak 1747/8296/7706MB
    step 1100/6810 (global micro 14720/34050, update 14720/34050)  loss 0.7406  lr 6.45e-04  vram alloc/res/peak 1747/8296/7706MB
    step 1200/6810 (global micro 14820/34050, update 14820/34050)  loss 0.9379  lr 6.41e-04  vram alloc/res/peak 1747/8296/7706MB
    step 1300/6810 (global micro 14920/34050, update 14920/34050)  loss 0.8490  lr 6.37e-04  vram alloc/res/peak 1747/8296/7706MB
    step 1400/6810 (global micro 15020/34050, update 15020/34050)  loss 0.7066  lr 6.33e-04  vram alloc/res/peak 1747/8296/7706MB
    step 1500/6810 (global micro 15120/34050, update 15120/34050)  loss 0.6092  lr 6.29e-04  vram alloc/res/peak 1747/8296/7706MB
    step 1600/6810 (global micro 15220/34050, update 15220/34050)  loss 0.6634  lr 6.25e-04  vram alloc/res/peak 1747/8296/7706MB
    step 1700/6810 (global micro 15320/34050, update 15320/34050)  loss 0.6786  lr 6.20e-04  vram alloc/res/peak 1747/8296/7706MB
    step 1800/6810 (global micro 15420/34050, update 15420/34050)  loss 0.8752  lr 6.16e-04  vram alloc/res/peak 1747/8296/7706MB
    step 1900/6810 (global micro 15520/34050, update 15520/34050)  loss 0.7461  lr 6.12e-04  vram alloc/res/peak 1747/8296/7706MB
    step 2000/6810 (global micro 15620/34050, update 15620/34050)  loss 0.7244  lr 6.08e-04  vram alloc/res/peak 1747/8296/7706MB
    step 2100/6810 (global micro 15720/34050, update 15720/34050)  loss 0.6444  lr 6.04e-04  vram alloc/res/peak 1747/8296/7706MB
    step 2200/6810 (global micro 15820/34050, update 15820/34050)  loss 0.6637  lr 6.00e-04  vram alloc/res/peak 1747/8296/7706MB
    step 2300/6810 (global micro 15920/34050, update 15920/34050)  loss 0.7970  lr 5.96e-04  vram alloc/res/peak 1747/8296/7706MB
    step 2400/6810 (global micro 16020/34050, update 16020/34050)  loss 0.7245  lr 5.92e-04  vram alloc/res/peak 1747/8296/7706MB
    step 2500/6810 (global micro 16120/34050, update 16120/34050)  loss 0.6077  lr 5.88e-04  vram alloc/res/peak 1747/8296/7706MB
    step 2600/6810 (global micro 16220/34050, update 16220/34050)  loss 0.7115  lr 5.83e-04  vram alloc/res/peak 1747/8296/7706MB
    step 2700/6810 (global micro 16320/34050, update 16320/34050)  loss 0.5756  lr 5.79e-04  vram alloc/res/peak 1747/8296/7706MB
    step 2800/6810 (global micro 16420/34050, update 16420/34050)  loss 0.6283  lr 5.75e-04  vram alloc/res/peak 1747/8296/7706MB
    step 2900/6810 (global micro 16520/34050, update 16520/34050)  loss 0.8077  lr 5.71e-04  vram alloc/res/peak 1747/8296/7706MB
    step 3000/6810 (global micro 16620/34050, update 16620/34050)  loss 0.8452  lr 5.67e-04  vram alloc/res/peak 1747/8296/7706MB
    step 3100/6810 (global micro 16720/34050, update 16720/34050)  loss 0.7891  lr 5.63e-04  vram alloc/res/peak 1747/8296/7706MB
    step 3200/6810 (global micro 16820/34050, update 16820/34050)  loss 0.7515  lr 5.59e-04  vram alloc/res/peak 1747/8296/7706MB
    step 3300/6810 (global micro 16920/34050, update 16920/34050)  loss 0.6672  lr 5.54e-04  vram alloc/res/peak 1747/8296/7706MB
    step 3400/6810 (global micro 17020/34050, update 17020/34050)  loss 0.8065  lr 5.50e-04  vram alloc/res/peak 1747/8296/7706MB
    step 3500/6810 (global micro 17120/34050, update 17120/34050)  loss 0.7115  lr 5.46e-04  vram alloc/res/peak 1747/8296/7706MB
    step 3600/6810 (global micro 17220/34050, update 17220/34050)  loss 0.8122  lr 5.42e-04  vram alloc/res/peak 1747/8296/7706MB
    step 3700/6810 (global micro 17320/34050, update 17320/34050)  loss 0.8624  lr 5.38e-04  vram alloc/res/peak 1747/8296/7706MB
    step 3800/6810 (global micro 17420/34050, update 17420/34050)  loss 0.6304  lr 5.34e-04  vram alloc/res/peak 1747/8296/7706MB
    step 3900/6810 (global micro 17520/34050, update 17520/34050)  loss 0.6920  lr 5.29e-04  vram alloc/res/peak 1747/8296/7706MB
    step 4000/6810 (global micro 17620/34050, update 17620/34050)  loss 0.6933  lr 5.25e-04  vram alloc/res/peak 1747/8296/7706MB
    step 4100/6810 (global micro 17720/34050, update 17720/34050)  loss 0.6905  lr 5.21e-04  vram alloc/res/peak 1747/8296/7706MB
    step 4200/6810 (global micro 17820/34050, update 17820/34050)  loss 0.7014  lr 5.17e-04  vram alloc/res/peak 1747/8296/7706MB
    step 4300/6810 (global micro 17920/34050, update 17920/34050)  loss 0.7489  lr 5.13e-04  vram alloc/res/peak 1747/8296/7706MB
    step 4400/6810 (global micro 18020/34050, update 18020/34050)  loss 0.6969  lr 5.09e-04  vram alloc/res/peak 1747/8296/7706MB
    step 4500/6810 (global micro 18120/34050, update 18120/34050)  loss 0.6957  lr 5.05e-04  vram alloc/res/peak 1747/8296/7706MB
    step 4600/6810 (global micro 18220/34050, update 18220/34050)  loss 0.7284  lr 5.00e-04  vram alloc/res/peak 1747/8296/7706MB
    step 4700/6810 (global micro 18320/34050, update 18320/34050)  loss 0.8336  lr 4.96e-04  vram alloc/res/peak 1747/8296/7706MB
    step 4800/6810 (global micro 18420/34050, update 18420/34050)  loss 0.6899  lr 4.92e-04  vram alloc/res/peak 1747/8296/7706MB
    step 4900/6810 (global micro 18520/34050, update 18520/34050)  loss 0.7002  lr 4.88e-04  vram alloc/res/peak 1747/8296/7706MB
    step 5000/6810 (global micro 18620/34050, update 18620/34050)  loss 0.5773  lr 4.84e-04  vram alloc/res/peak 1747/8296/7706MB
    step 5100/6810 (global micro 18720/34050, update 18720/34050)  loss 0.7747  lr 4.80e-04  vram alloc/res/peak 1747/8296/7706MB
    step 5200/6810 (global micro 18820/34050, update 18820/34050)  loss 0.7007  lr 4.76e-04  vram alloc/res/peak 1747/8296/7706MB
    step 5300/6810 (global micro 18920/34050, update 18920/34050)  loss 0.6553  lr 4.72e-04  vram alloc/res/peak 1747/8296/7706MB
    step 5400/6810 (global micro 19020/34050, update 19020/34050)  loss 0.7541  lr 4.68e-04  vram alloc/res/peak 1747/8296/7706MB
    step 5500/6810 (global micro 19120/34050, update 19120/34050)  loss 0.5855  lr 4.64e-04  vram alloc/res/peak 1747/8296/7706MB
    step 5600/6810 (global micro 19220/34050, update 19220/34050)  loss 0.6603  lr 4.59e-04  vram alloc/res/peak 1747/8296/7706MB
    step 5700/6810 (global micro 19320/34050, update 19320/34050)  loss 0.6342  lr 4.55e-04  vram alloc/res/peak 1747/8296/7706MB
    step 5800/6810 (global micro 19420/34050, update 19420/34050)  loss 0.9446  lr 4.51e-04  vram alloc/res/peak 1747/8296/7706MB
    step 5900/6810 (global micro 19520/34050, update 19520/34050)  loss 0.8228  lr 4.47e-04  vram alloc/res/peak 1747/8296/7706MB
    step 6000/6810 (global micro 19620/34050, update 19620/34050)  loss 0.6945  lr 4.43e-04  vram alloc/res/peak 1747/8296/7706MB
    step 6100/6810 (global micro 19720/34050, update 19720/34050)  loss 0.7747  lr 4.39e-04  vram alloc/res/peak 1747/8296/7706MB
    step 6200/6810 (global micro 19820/34050, update 19820/34050)  loss 0.7072  lr 4.35e-04  vram alloc/res/peak 1747/8296/7706MB
    step 6300/6810 (global micro 19920/34050, update 19920/34050)  loss 0.7143  lr 4.31e-04  vram alloc/res/peak 1747/8296/7706MB
    step 6400/6810 (global micro 20020/34050, update 20020/34050)  loss 0.6109  lr 4.27e-04  vram alloc/res/peak 1747/8296/7706MB
    step 6500/6810 (global micro 20120/34050, update 20120/34050)  loss 0.5670  lr 4.23e-04  vram alloc/res/peak 1747/8296/7706MB
    step 6600/6810 (global micro 20220/34050, update 20220/34050)  loss 0.7346  lr 4.19e-04  vram alloc/res/peak 1747/8296/7706MB
    step 6700/6810 (global micro 20320/34050, update 20320/34050)  loss 0.6705  lr 4.15e-04  vram alloc/res/peak 1747/8296/7706MB
    step 6800/6810 (global micro 20420/34050, update 20420/34050)  loss 0.6559  lr 4.11e-04  vram alloc/res/peak 1747/8296/7706MB
    step 6810/6810 (global micro 20430/34050, update 20430/34050)  loss 0.6433  lr 4.11e-04  vram alloc/res/peak 1747/8296/7706MB
  epoch   3/5  loss 0.7154  lr 4.11e-04  (2965.5s)
    step    1/6810 (global micro 20431/34050, update 20431/34050)  loss 0.5851  lr 4.11e-04  vram alloc/res/peak 1747/8296/7706MB
    step  100/6810 (global micro 20530/34050, update 20530/34050)  loss 0.6873  lr 4.07e-04  vram alloc/res/peak 1747/8296/7706MB
    step  200/6810 (global micro 20630/34050, update 20630/34050)  loss 0.5962  lr 4.03e-04  vram alloc/res/peak 1747/8296/7706MB
    step  300/6810 (global micro 20730/34050, update 20730/34050)  loss 0.6732  lr 3.99e-04  vram alloc/res/peak 1747/8296/7706MB
    step  400/6810 (global micro 20830/34050, update 20830/34050)  loss 0.5598  lr 3.95e-04  vram alloc/res/peak 1747/8296/7706MB
    step  500/6810 (global micro 20930/34050, update 20930/34050)  loss 0.6349  lr 3.91e-04  vram alloc/res/peak 1747/8296/7706MB
    step  600/6810 (global micro 21030/34050, update 21030/34050)  loss 0.5749  lr 3.87e-04  vram alloc/res/peak 1747/8296/7706MB
    step  700/6810 (global micro 21130/34050, update 21130/34050)  loss 0.5771  lr 3.84e-04  vram alloc/res/peak 1747/8296/7706MB
    step  800/6810 (global micro 21230/34050, update 21230/34050)  loss 0.5606  lr 3.80e-04  vram alloc/res/peak 1747/8296/7706MB
    step  900/6810 (global micro 21330/34050, update 21330/34050)  loss 0.7329  lr 3.76e-04  vram alloc/res/peak 1747/8296/7706MB
    step 1000/6810 (global micro 21430/34050, update 21430/34050)  loss 0.6985  lr 3.72e-04  vram alloc/res/peak 1747/8296/7706MB
    step 1100/6810 (global micro 21530/34050, update 21530/34050)  loss 0.6522  lr 3.68e-04  vram alloc/res/peak 1747/8296/7706MB
    step 1200/6810 (global micro 21630/34050, update 21630/34050)  loss 0.5912  lr 3.65e-04  vram alloc/res/peak 1747/8296/7706MB
    step 1300/6810 (global micro 21730/34050, update 21730/34050)  loss 0.6349  lr 3.61e-04  vram alloc/res/peak 1747/8296/7706MB
    step 1400/6810 (global micro 21830/34050, update 21830/34050)  loss 0.6856  lr 3.57e-04  vram alloc/res/peak 1747/8296/7706MB
    step 1500/6810 (global micro 21930/34050, update 21930/34050)  loss 0.5796  lr 3.53e-04  vram alloc/res/peak 1747/8296/7706MB
    step 1600/6810 (global micro 22030/34050, update 22030/34050)  loss 0.6071  lr 3.50e-04  vram alloc/res/peak 1747/8296/7706MB
    step 1700/6810 (global micro 22130/34050, update 22130/34050)  loss 0.7026  lr 3.46e-04  vram alloc/res/peak 1747/8296/7706MB
    step 1800/6810 (global micro 22230/34050, update 22230/34050)  loss 0.6106  lr 3.42e-04  vram alloc/res/peak 1747/8296/7706MB
    step 1900/6810 (global micro 22330/34050, update 22330/34050)  loss 0.5658  lr 3.38e-04  vram alloc/res/peak 1747/8296/7706MB
    step 2000/6810 (global micro 22430/34050, update 22430/34050)  loss 0.6459  lr 3.35e-04  vram alloc/res/peak 1747/8296/7706MB
    step 2100/6810 (global micro 22530/34050, update 22530/34050)  loss 0.5855  lr 3.31e-04  vram alloc/res/peak 1747/8296/7706MB
    step 2200/6810 (global micro 22630/34050, update 22630/34050)  loss 0.5839  lr 3.28e-04  vram alloc/res/peak 1747/8296/7706MB
    step 2300/6810 (global micro 22730/34050, update 22730/34050)  loss 0.6438  lr 3.24e-04  vram alloc/res/peak 1747/8296/7706MB
    step 2400/6810 (global micro 22830/34050, update 22830/34050)  loss 0.5000  lr 3.20e-04  vram alloc/res/peak 1747/8296/7706MB
    step 2500/6810 (global micro 22930/34050, update 22930/34050)  loss 0.7432  lr 3.17e-04  vram alloc/res/peak 1747/8296/7706MB
    step 2600/6810 (global micro 23030/34050, update 23030/34050)  loss 0.7119  lr 3.13e-04  vram alloc/res/peak 1747/8296/7706MB
    step 2700/6810 (global micro 23130/34050, update 23130/34050)  loss 0.6102  lr 3.10e-04  vram alloc/res/peak 1747/8296/7706MB
    step 2800/6810 (global micro 23230/34050, update 23230/34050)  loss 0.6920  lr 3.06e-04  vram alloc/res/peak 1747/8296/7706MB
    step 2900/6810 (global micro 23330/34050, update 23330/34050)  loss 0.8229  lr 3.03e-04  vram alloc/res/peak 1747/8296/7706MB
    step 3000/6810 (global micro 23430/34050, update 23430/34050)  loss 0.5787  lr 2.99e-04  vram alloc/res/peak 1747/8296/7706MB
    step 3100/6810 (global micro 23530/34050, update 23530/34050)  loss 0.5127  lr 2.96e-04  vram alloc/res/peak 1747/8296/7706MB
    step 3200/6810 (global micro 23630/34050, update 23630/34050)  loss 0.7782  lr 2.92e-04  vram alloc/res/peak 1747/8296/7706MB
    step 3300/6810 (global micro 23730/34050, update 23730/34050)  loss 0.6657  lr 2.89e-04  vram alloc/res/peak 1747/8296/7706MB
    step 3400/6810 (global micro 23830/34050, update 23830/34050)  loss 0.6663  lr 2.86e-04  vram alloc/res/peak 1747/8296/7706MB
    step 3500/6810 (global micro 23930/34050, update 23930/34050)  loss 0.6079  lr 2.82e-04  vram alloc/res/peak 1747/8296/7706MB
    step 3600/6810 (global micro 24030/34050, update 24030/34050)  loss 0.6105  lr 2.79e-04  vram alloc/res/peak 1747/8296/7706MB
    step 3700/6810 (global micro 24130/34050, update 24130/34050)  loss 0.7195  lr 2.76e-04  vram alloc/res/peak 1747/8296/7706MB
    step 3800/6810 (global micro 24230/34050, update 24230/34050)  loss 0.6651  lr 2.72e-04  vram alloc/res/peak 1747/8296/7706MB
    step 3900/6810 (global micro 24330/34050, update 24330/34050)  loss 0.6430  lr 2.69e-04  vram alloc/res/peak 1747/8296/7706MB
    step 4000/6810 (global micro 24430/34050, update 24430/34050)  loss 0.6236  lr 2.66e-04  vram alloc/res/peak 1747/8296/7706MB
    step 4100/6810 (global micro 24530/34050, update 24530/34050)  loss 0.5776  lr 2.63e-04  vram alloc/res/peak 1747/8296/7706MB
    step 4200/6810 (global micro 24630/34050, update 24630/34050)  loss 0.5706  lr 2.60e-04  vram alloc/res/peak 1747/8296/7706MB
    step 4300/6810 (global micro 24730/34050, update 24730/34050)  loss 0.6552  lr 2.56e-04  vram alloc/res/peak 1747/8296/7706MB
    step 4400/6810 (global micro 24830/34050, update 24830/34050)  loss 0.6154  lr 2.53e-04  vram alloc/res/peak 1747/8296/7706MB
    step 4500/6810 (global micro 24930/34050, update 24930/34050)  loss 0.5627  lr 2.50e-04  vram alloc/res/peak 1747/8296/7706MB
    step 4600/6810 (global micro 25030/34050, update 25030/34050)  loss 0.6501  lr 2.47e-04  vram alloc/res/peak 1747/8296/7706MB
    step 4700/6810 (global micro 25130/34050, update 25130/34050)  loss 0.6304  lr 2.44e-04  vram alloc/res/peak 1747/8296/7706MB
    step 4800/6810 (global micro 25230/34050, update 25230/34050)  loss 0.6229  lr 2.41e-04  vram alloc/res/peak 1747/8296/7706MB
    step 4900/6810 (global micro 25330/34050, update 25330/34050)  loss 0.6068  lr 2.38e-04  vram alloc/res/peak 1747/8296/7706MB
    step 5000/6810 (global micro 25430/34050, update 25430/34050)  loss 0.5688  lr 2.35e-04  vram alloc/res/peak 1747/8296/7706MB
    step 5100/6810 (global micro 25530/34050, update 25530/34050)  loss 0.5764  lr 2.32e-04  vram alloc/res/peak 1747/8296/7706MB
    step 5200/6810 (global micro 25630/34050, update 25630/34050)  loss 0.7958  lr 2.29e-04  vram alloc/res/peak 1747/8296/7706MB
    step 5300/6810 (global micro 25730/34050, update 25730/34050)  loss 0.6357  lr 2.26e-04  vram alloc/res/peak 1747/8296/7706MB
    step 5400/6810 (global micro 25830/34050, update 25830/34050)  loss 0.5750  lr 2.23e-04  vram alloc/res/peak 1747/8296/7706MB
    step 5500/6810 (global micro 25930/34050, update 25930/34050)  loss 0.5836  lr 2.20e-04  vram alloc/res/peak 1747/8296/7706MB
    step 5600/6810 (global micro 26030/34050, update 26030/34050)  loss 0.6265  lr 2.18e-04  vram alloc/res/peak 1747/8296/7706MB
    step 5700/6810 (global micro 26130/34050, update 26130/34050)  loss 0.5649  lr 2.15e-04  vram alloc/res/peak 1747/8296/7706MB
    step 5800/6810 (global micro 26230/34050, update 26230/34050)  loss 0.6547  lr 2.12e-04  vram alloc/res/peak 1747/8296/7706MB
    step 5900/6810 (global micro 26330/34050, update 26330/34050)  loss 0.6300  lr 2.09e-04  vram alloc/res/peak 1747/8296/7706MB
    step 6000/6810 (global micro 26430/34050, update 26430/34050)  loss 0.7012  lr 2.07e-04  vram alloc/res/peak 1747/8296/7706MB
    step 6100/6810 (global micro 26530/34050, update 26530/34050)  loss 0.6318  lr 2.04e-04  vram alloc/res/peak 1747/8296/7706MB
    step 6200/6810 (global micro 26630/34050, update 26630/34050)  loss 0.5609  lr 2.01e-04  vram alloc/res/peak 1747/8296/7706MB
    step 6300/6810 (global micro 26730/34050, update 26730/34050)  loss 0.5491  lr 1.99e-04  vram alloc/res/peak 1747/8296/7706MB
    step 6400/6810 (global micro 26830/34050, update 26830/34050)  loss 0.5522  lr 1.96e-04  vram alloc/res/peak 1747/8296/7706MB
    step 6500/6810 (global micro 26930/34050, update 26930/34050)  loss 0.5249  lr 1.94e-04  vram alloc/res/peak 1747/8296/7706MB
    step 6600/6810 (global micro 27030/34050, update 27030/34050)  loss 0.5306  lr 1.91e-04  vram alloc/res/peak 1747/8296/7706MB
    step 6700/6810 (global micro 27130/34050, update 27130/34050)  loss 0.6667  lr 1.89e-04  vram alloc/res/peak 1747/8296/7706MB
    step 6800/6810 (global micro 27230/34050, update 27230/34050)  loss 0.6624  lr 1.86e-04  vram alloc/res/peak 1747/8296/7706MB
    step 6810/6810 (global micro 27240/34050, update 27240/34050)  loss 0.5556  lr 1.86e-04  vram alloc/res/peak 1747/8296/7706MB
  epoch   4/5  loss 0.6137  lr 1.86e-04  (3111.3s)
    step    1/6810 (global micro 27241/34050, update 27241/34050)  loss 0.4250  lr 1.86e-04  vram alloc/res/peak 1747/8296/7706MB
    step  100/6810 (global micro 27340/34050, update 27340/34050)  loss 0.6044  lr 1.84e-04  vram alloc/res/peak 1747/8296/7706MB
    step  200/6810 (global micro 27440/34050, update 27440/34050)  loss 0.5913  lr 1.81e-04  vram alloc/res/peak 1747/8296/7706MB
    step  300/6810 (global micro 27540/34050, update 27540/34050)  loss 0.5348  lr 1.79e-04  vram alloc/res/peak 1747/8296/7706MB
    step  400/6810 (global micro 27640/34050, update 27640/34050)  loss 0.5771  lr 1.76e-04  vram alloc/res/peak 1747/8296/7706MB
    step  500/6810 (global micro 27740/34050, update 27740/34050)  loss 0.5530  lr 1.74e-04  vram alloc/res/peak 1747/8296/7706MB
    step  600/6810 (global micro 27840/34050, update 27840/34050)  loss 0.5222  lr 1.72e-04  vram alloc/res/peak 1747/8296/7706MB
    step  700/6810 (global micro 27940/34050, update 27940/34050)  loss 0.6902  lr 1.70e-04  vram alloc/res/peak 1747/8296/7706MB
    step  800/6810 (global micro 28040/34050, update 28040/34050)  loss 0.5066  lr 1.67e-04  vram alloc/res/peak 1747/8296/7706MB
    step  900/6810 (global micro 28140/34050, update 28140/34050)  loss 0.5737  lr 1.65e-04  vram alloc/res/peak 1747/8296/7706MB
    step 1000/6810 (global micro 28240/34050, update 28240/34050)  loss 0.5338  lr 1.63e-04  vram alloc/res/peak 1747/8296/7706MB
    step 1100/6810 (global micro 28340/34050, update 28340/34050)  loss 0.5331  lr 1.61e-04  vram alloc/res/peak 1747/8296/7706MB
    step 1200/6810 (global micro 28440/34050, update 28440/34050)  loss 0.5088  lr 1.59e-04  vram alloc/res/peak 1747/8296/7706MB
    step 1300/6810 (global micro 28540/34050, update 28540/34050)  loss 0.4739  lr 1.57e-04  vram alloc/res/peak 1747/8296/7706MB
    step 1400/6810 (global micro 28640/34050, update 28640/34050)  loss 0.4581  lr 1.55e-04  vram alloc/res/peak 1747/8296/7706MB
    step 1500/6810 (global micro 28740/34050, update 28740/34050)  loss 0.5235  lr 1.53e-04  vram alloc/res/peak 1747/8296/7706MB
    step 1600/6810 (global micro 28840/34050, update 28840/34050)  loss 0.5470  lr 1.51e-04  vram alloc/res/peak 1747/8296/7706MB
    step 1700/6810 (global micro 28940/34050, update 28940/34050)  loss 0.4468  lr 1.49e-04  vram alloc/res/peak 1747/8296/7706MB
    step 1800/6810 (global micro 29040/34050, update 29040/34050)  loss 0.4829  lr 1.47e-04  vram alloc/res/peak 1747/8296/7706MB
    step 1900/6810 (global micro 29140/34050, update 29140/34050)  loss 0.4508  lr 1.45e-04  vram alloc/res/peak 1747/8296/7706MB
    step 2000/6810 (global micro 29240/34050, update 29240/34050)  loss 0.6154  lr 1.44e-04  vram alloc/res/peak 1747/8296/7706MB
    step 2100/6810 (global micro 29340/34050, update 29340/34050)  loss 0.5700  lr 1.42e-04  vram alloc/res/peak 1747/8296/7706MB
    step 2200/6810 (global micro 29440/34050, update 29440/34050)  loss 0.3960  lr 1.40e-04  vram alloc/res/peak 1747/8296/7706MB
    step 2300/6810 (global micro 29540/34050, update 29540/34050)  loss 0.5453  lr 1.38e-04  vram alloc/res/peak 1747/8296/7706MB
    step 2400/6810 (global micro 29640/34050, update 29640/34050)  loss 0.7537  lr 1.37e-04  vram alloc/res/peak 1747/8296/7706MB
    step 2500/6810 (global micro 29740/34050, update 29740/34050)  loss 0.7672  lr 1.35e-04  vram alloc/res/peak 1747/8296/7706MB
    step 2600/6810 (global micro 29840/34050, update 29840/34050)  loss 0.5392  lr 1.34e-04  vram alloc/res/peak 1747/8296/7706MB
    step 2700/6810 (global micro 29940/34050, update 29940/34050)  loss 0.4399  lr 1.32e-04  vram alloc/res/peak 1747/8296/7706MB
    step 2800/6810 (global micro 30040/34050, update 30040/34050)  loss 0.5313  lr 1.30e-04  vram alloc/res/peak 1747/8296/7706MB
    step 2900/6810 (global micro 30140/34050, update 30140/34050)  loss 0.5247  lr 1.29e-04  vram alloc/res/peak 1747/8296/7706MB
    step 3000/6810 (global micro 30240/34050, update 30240/34050)  loss 0.5378  lr 1.28e-04  vram alloc/res/peak 1747/8296/7706MB
    step 3100/6810 (global micro 30340/34050, update 30340/34050)  loss 0.5473  lr 1.26e-04  vram alloc/res/peak 1747/8296/7706MB
    step 3200/6810 (global micro 30440/34050, update 30440/34050)  loss 0.5155  lr 1.25e-04  vram alloc/res/peak 1747/8296/7706MB
    step 3300/6810 (global micro 30540/34050, update 30540/34050)  loss 0.4907  lr 1.23e-04  vram alloc/res/peak 1747/8296/7706MB
    step 3400/6810 (global micro 30640/34050, update 30640/34050)  loss 0.3925  lr 1.22e-04  vram alloc/res/peak 1747/8296/7706MB
    step 3500/6810 (global micro 30740/34050, update 30740/34050)  loss 0.5202  lr 1.21e-04  vram alloc/res/peak 1747/8296/7706MB
    step 3600/6810 (global micro 30840/34050, update 30840/34050)  loss 0.5617  lr 1.20e-04  vram alloc/res/peak 1747/8296/7706MB
    step 3700/6810 (global micro 30940/34050, update 30940/34050)  loss 0.4763  lr 1.18e-04  vram alloc/res/peak 1747/8296/7706MB
    step 3800/6810 (global micro 31040/34050, update 31040/34050)  loss 0.5335  lr 1.17e-04  vram alloc/res/peak 1747/8296/7706MB
    step 3900/6810 (global micro 31140/34050, update 31140/34050)  loss 0.4634  lr 1.16e-04  vram alloc/res/peak 1747/8296/7706MB
    step 4000/6810 (global micro 31240/34050, update 31240/34050)  loss 0.4796  lr 1.15e-04  vram alloc/res/peak 1747/8296/7706MB
    step 4100/6810 (global micro 31340/34050, update 31340/34050)  loss 0.4811  lr 1.14e-04  vram alloc/res/peak 1747/8296/7706MB
    step 4200/6810 (global micro 31440/34050, update 31440/34050)  loss 0.5007  lr 1.13e-04  vram alloc/res/peak 1747/8296/7706MB
    step 4300/6810 (global micro 31540/34050, update 31540/34050)  loss 0.5594  lr 1.12e-04  vram alloc/res/peak 1747/8296/7706MB
    step 4400/6810 (global micro 31640/34050, update 31640/34050)  loss 0.4854  lr 1.11e-04  vram alloc/res/peak 1747/8296/7706MB
    step 4500/6810 (global micro 31740/34050, update 31740/34050)  loss 0.4967  lr 1.10e-04  vram alloc/res/peak 1747/8296/7706MB
    step 4600/6810 (global micro 31840/34050, update 31840/34050)  loss 0.4676  lr 1.09e-04  vram alloc/res/peak 1747/8296/7706MB
    step 4700/6810 (global micro 31940/34050, update 31940/34050)  loss 0.3942  lr 1.09e-04  vram alloc/res/peak 1747/8296/7706MB
    step 4800/6810 (global micro 32040/34050, update 32040/34050)  loss 0.4473  lr 1.08e-04  vram alloc/res/peak 1747/8296/7706MB
    step 4900/6810 (global micro 32140/34050, update 32140/34050)  loss 0.4123  lr 1.07e-04  vram alloc/res/peak 1747/8296/7706MB
    step 5000/6810 (global micro 32240/34050, update 32240/34050)  loss 0.3842  lr 1.06e-04  vram alloc/res/peak 1747/8296/7706MB
    step 5100/6810 (global micro 32340/34050, update 32340/34050)  loss 0.4955  lr 1.06e-04  vram alloc/res/peak 1747/8296/7706MB
    step 5200/6810 (global micro 32440/34050, update 32440/34050)  loss 0.6225  lr 1.05e-04  vram alloc/res/peak 1747/8296/7706MB
    step 5300/6810 (global micro 32540/34050, update 32540/34050)  loss 0.5640  lr 1.04e-04  vram alloc/res/peak 1747/8296/7706MB
    step 5400/6810 (global micro 32640/34050, update 32640/34050)  loss 0.5486  lr 1.04e-04  vram alloc/res/peak 1747/8296/7706MB
    step 5500/6810 (global micro 32740/34050, update 32740/34050)  loss 0.5042  lr 1.03e-04  vram alloc/res/peak 1747/8296/7706MB
    step 5600/6810 (global micro 32840/34050, update 32840/34050)  loss 0.5668  lr 1.03e-04  vram alloc/res/peak 1747/8296/7706MB
    step 5700/6810 (global micro 32940/34050, update 32940/34050)  loss 0.5755  lr 1.02e-04  vram alloc/res/peak 1747/8296/7706MB
    step 5800/6810 (global micro 33040/34050, update 33040/34050)  loss 0.4218  lr 1.02e-04  vram alloc/res/peak 1747/8296/7706MB
    step 5900/6810 (global micro 33140/34050, update 33140/34050)  loss 0.5736  lr 1.02e-04  vram alloc/res/peak 1747/8296/7706MB
    step 6000/6810 (global micro 33240/34050, update 33240/34050)  loss 0.5116  lr 1.01e-04  vram alloc/res/peak 1747/8296/7706MB
    step 6100/6810 (global micro 33340/34050, update 33340/34050)  loss 0.5325  lr 1.01e-04  vram alloc/res/peak 1747/8296/7706MB
    step 6200/6810 (global micro 33440/34050, update 33440/34050)  loss 0.4503  lr 1.01e-04  vram alloc/res/peak 1747/8296/7706MB
    step 6300/6810 (global micro 33540/34050, update 33540/34050)  loss 0.5389  lr 1.00e-04  vram alloc/res/peak 1747/8296/7706MB
    step 6400/6810 (global micro 33640/34050, update 33640/34050)  loss 0.5887  lr 1.00e-04  vram alloc/res/peak 1747/8296/7706MB
    step 6500/6810 (global micro 33740/34050, update 33740/34050)  loss 0.4668  lr 1.00e-04  vram alloc/res/peak 1747/8296/7706MB
    step 6600/6810 (global micro 33840/34050, update 33840/34050)  loss 0.4499  lr 1.00e-04  vram alloc/res/peak 1747/8296/7706MB
    step 6700/6810 (global micro 33940/34050, update 33940/34050)  loss 0.5017  lr 1.00e-04  vram alloc/res/peak 1747/8296/7706MB
    step 6800/6810 (global micro 34040/34050, update 34040/34050)  loss 0.5012  lr 1.00e-04  vram alloc/res/peak 1747/8296/7706MB
    step 6810/6810 (global micro 34050/34050, update 34050/34050)  loss 0.5658  lr 1.00e-04  vram alloc/res/peak 1747/8296/7706MB
  epoch   5/5  loss 0.5098  lr 1.00e-04  (3107.3s)

  Best loss: 0.5098
  Checkpoint saved: core/run_1.pt

