  Training audit: PASSED
  Python: /home/aomukai/.unsloth/studio/unsloth_studio/bin/python
  Device: cuda
  Phase: 0
  Seed: 1337
  Resume checkpoint: checkpoints/run4_e4.pt

============================================================
  BDH Phase 0 Training
============================================================
  Data files: ['training/corpus/run6_corpus.txt']
  Total bytes: 14,309,499
  Pre-loading corpus tensor...
  Corpus tensor: 14,309,499 tokens
  Model: small-25m (25.3M params)
  Resuming from: checkpoints/run4_e4.pt
  Seed: 1337  |  Deterministic: enabled
  Epochs: 3  |  Windows/epoch: 55896  |  Micro-steps/epoch: 6987  |  Optimizer updates/epoch: 6987  |  Total optimizer updates: 20961  |  LR: 0.001
  Block size: 256  |  Batch size: 8
  Grad accumulation: 1
  AMP bf16: enabled
  Data mode: phase_text
  VRAM logging: disabled
  Log interval: every 25 step(s)
  Output: core/run_6_oversample_reasoning_x2.pt

    step    1/6987 (global micro     1/20961, update     1/20961)  loss 0.5358  lr 1.00e-03
    step   25/6987 (global micro    25/20961, update    25/20961)  loss 0.5464  lr 1.00e-03
    step   50/6987 (global micro    50/20961, update    50/20961)  loss 0.7137  lr 1.00e-03
    step   75/6987 (global micro    75/20961, update    75/20961)  loss 0.5631  lr 1.00e-03
    step  100/6987 (global micro   100/20961, update   100/20961)  loss 0.6194  lr 1.00e-03
    step  125/6987 (global micro   125/20961, update   125/20961)  loss 0.8435  lr 1.00e-03
    step  150/6987 (global micro   150/20961, update   150/20961)  loss 0.7885  lr 1.00e-03
    step  175/6987 (global micro   175/20961, update   175/20961)  loss 0.7880  lr 1.00e-03
    step  200/6987 (global micro   200/20961, update   200/20961)  loss 0.7360  lr 1.00e-03
    step  225/6987 (global micro   225/20961, update   225/20961)  loss 0.7493  lr 1.00e-03
    step  250/6987 (global micro   250/20961, update   250/20961)  loss 0.8030  lr 1.00e-03
    step  275/6987 (global micro   275/20961, update   275/20961)  loss 0.7184  lr 1.00e-03
    step  300/6987 (global micro   300/20961, update   300/20961)  loss 0.7230  lr 1.00e-03
    step  325/6987 (global micro   325/20961, update   325/20961)  loss 0.7012  lr 9.99e-04
    step  350/6987 (global micro   350/20961, update   350/20961)  loss 0.7556  lr 9.99e-04
    step  375/6987 (global micro   375/20961, update   375/20961)  loss 0.5766  lr 9.99e-04
    step  400/6987 (global micro   400/20961, update   400/20961)  loss 0.8320  lr 9.99e-04
    step  425/6987 (global micro   425/20961, update   425/20961)  loss 0.7532  lr 9.99e-04
    step  450/6987 (global micro   450/20961, update   450/20961)  loss 0.6754  lr 9.99e-04
    step  475/6987 (global micro   475/20961, update   475/20961)  loss 0.6054  lr 9.99e-04
    step  500/6987 (global micro   500/20961, update   500/20961)  loss 0.7859  lr 9.99e-04
    step  525/6987 (global micro   525/20961, update   525/20961)  loss 0.7890  lr 9.99e-04
    step  550/6987 (global micro   550/20961, update   550/20961)  loss 0.8464  lr 9.98e-04
    step  575/6987 (global micro   575/20961, update   575/20961)  loss 0.6893  lr 9.98e-04
    step  600/6987 (global micro   600/20961, update   600/20961)  loss 0.7786  lr 9.98e-04
    step  625/6987 (global micro   625/20961, update   625/20961)  loss 0.8205  lr 9.98e-04
    step  650/6987 (global micro   650/20961, update   650/20961)  loss 0.7711  lr 9.98e-04
    step  675/6987 (global micro   675/20961, update   675/20961)  loss 0.6430  lr 9.98e-04
    step  700/6987 (global micro   700/20961, update   700/20961)  loss 0.7182  lr 9.98e-04
    step  725/6987 (global micro   725/20961, update   725/20961)  loss 0.8601  lr 9.97e-04
    step  750/6987 (global micro   750/20961, update   750/20961)  loss 0.6497  lr 9.97e-04
    step  775/6987 (global micro   775/20961, update   775/20961)  loss 0.8530  lr 9.97e-04
    step  800/6987 (global micro   800/20961, update   800/20961)  loss 0.6988  lr 9.97e-04
    step  825/6987 (global micro   825/20961, update   825/20961)  loss 0.6644  lr 9.97e-04
    step  850/6987 (global micro   850/20961, update   850/20961)  loss 0.7750  lr 9.96e-04
    step  875/6987 (global micro   875/20961, update   875/20961)  loss 0.7199  lr 9.96e-04
    step  900/6987 (global micro   900/20961, update   900/20961)  loss 0.8605  lr 9.96e-04
    step  925/6987 (global micro   925/20961, update   925/20961)  loss 0.7703  lr 9.96e-04
    step  950/6987 (global micro   950/20961, update   950/20961)  loss 0.7931  lr 9.95e-04
    step  975/6987 (global micro   975/20961, update   975/20961)  loss 0.8059  lr 9.95e-04
    step 1000/6987 (global micro  1000/20961, update  1000/20961)  loss 0.6400  lr 9.95e-04
    step 1025/6987 (global micro  1025/20961, update  1025/20961)  loss 0.7841  lr 9.95e-04
    step 1050/6987 (global micro  1050/20961, update  1050/20961)  loss 0.7267  lr 9.94e-04
    step 1075/6987 (global micro  1075/20961, update  1075/20961)  loss 0.8371  lr 9.94e-04
    step 1100/6987 (global micro  1100/20961, update  1100/20961)  loss 0.7404  lr 9.94e-04
    step 1125/6987 (global micro  1125/20961, update  1125/20961)  loss 0.7687  lr 9.94e-04
    step 1150/6987 (global micro  1150/20961, update  1150/20961)  loss 0.6315  lr 9.93e-04
    step 1175/6987 (global micro  1175/20961, update  1175/20961)  loss 0.6645  lr 9.93e-04
    step 1200/6987 (global micro  1200/20961, update  1200/20961)  loss 0.7923  lr 9.93e-04
    step 1225/6987 (global micro  1225/20961, update  1225/20961)  loss 0.7896  lr 9.92e-04
    step 1250/6987 (global micro  1250/20961, update  1250/20961)  loss 0.6739  lr 9.92e-04
    step 1275/6987 (global micro  1275/20961, update  1275/20961)  loss 0.6371  lr 9.92e-04
    step 1300/6987 (global micro  1300/20961, update  1300/20961)  loss 0.6210  lr 9.91e-04
    step 1325/6987 (global micro  1325/20961, update  1325/20961)  loss 0.6022  lr 9.91e-04
    step 1350/6987 (global micro  1350/20961, update  1350/20961)  loss 0.9643  lr 9.91e-04
    step 1375/6987 (global micro  1375/20961, update  1375/20961)  loss 0.8214  lr 9.90e-04
    step 1400/6987 (global micro  1400/20961, update  1400/20961)  loss 0.7440  lr 9.90e-04
    step 1425/6987 (global micro  1425/20961, update  1425/20961)  loss 0.7433  lr 9.90e-04
    step 1450/6987 (global micro  1450/20961, update  1450/20961)  loss 0.5643  lr 9.89e-04
    step 1475/6987 (global micro  1475/20961, update  1475/20961)  loss 0.7028  lr 9.89e-04
    step 1500/6987 (global micro  1500/20961, update  1500/20961)  loss 0.7289  lr 9.89e-04
    step 1525/6987 (global micro  1525/20961, update  1525/20961)  loss 0.5475  lr 9.88e-04
    step 1550/6987 (global micro  1550/20961, update  1550/20961)  loss 0.8411  lr 9.88e-04
    step 1575/6987 (global micro  1575/20961, update  1575/20961)  loss 0.8085  lr 9.88e-04
    step 1600/6987 (global micro  1600/20961, update  1600/20961)  loss 0.8849  lr 9.87e-04
    step 1625/6987 (global micro  1625/20961, update  1625/20961)  loss 0.6411  lr 9.87e-04
    step 1650/6987 (global micro  1650/20961, update  1650/20961)  loss 0.7114  lr 9.86e-04
    step 1675/6987 (global micro  1675/20961, update  1675/20961)  loss 0.7190  lr 9.86e-04
    step 1700/6987 (global micro  1700/20961, update  1700/20961)  loss 0.8700  lr 9.85e-04
    step 1725/6987 (global micro  1725/20961, update  1725/20961)  loss 0.8450  lr 9.85e-04
    step 1750/6987 (global micro  1750/20961, update  1750/20961)  loss 0.7406  lr 9.85e-04
    step 1775/6987 (global micro  1775/20961, update  1775/20961)  loss 0.8544  lr 9.84e-04
    step 1800/6987 (global micro  1800/20961, update  1800/20961)  loss 0.9395  lr 9.84e-04
    step 1825/6987 (global micro  1825/20961, update  1825/20961)  loss 0.7620  lr 9.83e-04
    step 1850/6987 (global micro  1850/20961, update  1850/20961)  loss 0.6716  lr 9.83e-04
    step 1875/6987 (global micro  1875/20961, update  1875/20961)  loss 0.8308  lr 9.82e-04
    step 1900/6987 (global micro  1900/20961, update  1900/20961)  loss 0.7074  lr 9.82e-04
    step 1925/6987 (global micro  1925/20961, update  1925/20961)  loss 0.7437  lr 9.81e-04
    step 1950/6987 (global micro  1950/20961, update  1950/20961)  loss 0.7330  lr 9.81e-04
    step 1975/6987 (global micro  1975/20961, update  1975/20961)  loss 0.7731  lr 9.80e-04
    step 2000/6987 (global micro  2000/20961, update  2000/20961)  loss 0.7880  lr 9.80e-04
    step 2025/6987 (global micro  2025/20961, update  2025/20961)  loss 0.8270  lr 9.79e-04
    step 2050/6987 (global micro  2050/20961, update  2050/20961)  loss 0.7528  lr 9.79e-04
    step 2075/6987 (global micro  2075/20961, update  2075/20961)  loss 0.8559  lr 9.78e-04
    step 2100/6987 (global micro  2100/20961, update  2100/20961)  loss 0.7111  lr 9.78e-04
    step 2125/6987 (global micro  2125/20961, update  2125/20961)  loss 0.7638  lr 9.77e-04
    step 2150/6987 (global micro  2150/20961, update  2150/20961)  loss 0.6830  lr 9.77e-04
    step 2175/6987 (global micro  2175/20961, update  2175/20961)  loss 0.6821  lr 9.76e-04
    step 2200/6987 (global micro  2200/20961, update  2200/20961)  loss 0.7484  lr 9.76e-04
    step 2225/6987 (global micro  2225/20961, update  2225/20961)  loss 0.8605  lr 9.75e-04
    step 2250/6987 (global micro  2250/20961, update  2250/20961)  loss 0.7652  lr 9.75e-04
    step 2275/6987 (global micro  2275/20961, update  2275/20961)  loss 0.7348  lr 9.74e-04
    step 2300/6987 (global micro  2300/20961, update  2300/20961)  loss 0.6739  lr 9.74e-04
    step 2325/6987 (global micro  2325/20961, update  2325/20961)  loss 0.7539  lr 9.73e-04
    step 2350/6987 (global micro  2350/20961, update  2350/20961)  loss 0.9409  lr 9.72e-04
    step 2375/6987 (global micro  2375/20961, update  2375/20961)  loss 0.8614  lr 9.72e-04
    step 2400/6987 (global micro  2400/20961, update  2400/20961)  loss 0.7374  lr 9.71e-04
    step 2425/6987 (global micro  2425/20961, update  2425/20961)  loss 0.8331  lr 9.71e-04
    step 2450/6987 (global micro  2450/20961, update  2450/20961)  loss 0.8908  lr 9.70e-04
    step 2475/6987 (global micro  2475/20961, update  2475/20961)  loss 0.6480  lr 9.69e-04
    step 2500/6987 (global micro  2500/20961, update  2500/20961)  loss 0.6875  lr 9.69e-04
    step 2525/6987 (global micro  2525/20961, update  2525/20961)  loss 0.7279  lr 9.68e-04
    step 2550/6987 (global micro  2550/20961, update  2550/20961)  loss 0.7054  lr 9.68e-04
    step 2575/6987 (global micro  2575/20961, update  2575/20961)  loss 0.8244  lr 9.67e-04
    step 2600/6987 (global micro  2600/20961, update  2600/20961)  loss 0.6088  lr 9.66e-04
    step 2625/6987 (global micro  2625/20961, update  2625/20961)  loss 0.6113  lr 9.66e-04
    step 2650/6987 (global micro  2650/20961, update  2650/20961)  loss 0.7874  lr 9.65e-04
    step 2675/6987 (global micro  2675/20961, update  2675/20961)  loss 0.6526  lr 9.64e-04
    step 2700/6987 (global micro  2700/20961, update  2700/20961)  loss 0.6406  lr 9.64e-04
    step 2725/6987 (global micro  2725/20961, update  2725/20961)  loss 0.7060  lr 9.63e-04
    step 2750/6987 (global micro  2750/20961, update  2750/20961)  loss 0.8173  lr 9.62e-04
    step 2775/6987 (global micro  2775/20961, update  2775/20961)  loss 0.6720  lr 9.62e-04
    step 2800/6987 (global micro  2800/20961, update  2800/20961)  loss 0.8366  lr 9.61e-04
    step 2825/6987 (global micro  2825/20961, update  2825/20961)  loss 0.8182  lr 9.60e-04
    step 2850/6987 (global micro  2850/20961, update  2850/20961)  loss 0.7954  lr 9.60e-04
    step 2875/6987 (global micro  2875/20961, update  2875/20961)  loss 0.7977  lr 9.59e-04
    step 2900/6987 (global micro  2900/20961, update  2900/20961)  loss 0.7218  lr 9.58e-04
    step 2925/6987 (global micro  2925/20961, update  2925/20961)  loss 0.7369  lr 9.57e-04
    step 2950/6987 (global micro  2950/20961, update  2950/20961)  loss 0.7357  lr 9.57e-04
    step 2975/6987 (global micro  2975/20961, update  2975/20961)  loss 0.7212  lr 9.56e-04
    step 3000/6987 (global micro  3000/20961, update  3000/20961)  loss 0.7005  lr 9.55e-04
    step 3025/6987 (global micro  3025/20961, update  3025/20961)  loss 0.6342  lr 9.55e-04
    step 3050/6987 (global micro  3050/20961, update  3050/20961)  loss 0.7895  lr 9.54e-04
    step 3075/6987 (global micro  3075/20961, update  3075/20961)  loss 0.6860  lr 9.53e-04
    step 3100/6987 (global micro  3100/20961, update  3100/20961)  loss 0.9036  lr 9.52e-04
    step 3125/6987 (global micro  3125/20961, update  3125/20961)  loss 0.7882  lr 9.52e-04
    step 3150/6987 (global micro  3150/20961, update  3150/20961)  loss 0.6987  lr 9.51e-04
    step 3175/6987 (global micro  3175/20961, update  3175/20961)  loss 0.8666  lr 9.50e-04
    step 3200/6987 (global micro  3200/20961, update  3200/20961)  loss 0.6154  lr 9.49e-04
    step 3225/6987 (global micro  3225/20961, update  3225/20961)  loss 0.6823  lr 9.48e-04
    step 3250/6987 (global micro  3250/20961, update  3250/20961)  loss 0.8122  lr 9.48e-04
    step 3275/6987 (global micro  3275/20961, update  3275/20961)  loss 0.7251  lr 9.47e-04
    step 3300/6987 (global micro  3300/20961, update  3300/20961)  loss 0.6351  lr 9.46e-04
    step 3325/6987 (global micro  3325/20961, update  3325/20961)  loss 0.7532  lr 9.45e-04
    step 3350/6987 (global micro  3350/20961, update  3350/20961)  loss 0.9034  lr 9.44e-04
    step 3375/6987 (global micro  3375/20961, update  3375/20961)  loss 0.9188  lr 9.44e-04
    step 3400/6987 (global micro  3400/20961, update  3400/20961)  loss 0.9040  lr 9.43e-04
    step 3425/6987 (global micro  3425/20961, update  3425/20961)  loss 0.7366  lr 9.42e-04
    step 3450/6987 (global micro  3450/20961, update  3450/20961)  loss 0.7964  lr 9.41e-04
    step 3475/6987 (global micro  3475/20961, update  3475/20961)  loss 0.6374  lr 9.40e-04
    step 3500/6987 (global micro  3500/20961, update  3500/20961)  loss 0.7060  lr 9.39e-04
    step 3525/6987 (global micro  3525/20961, update  3525/20961)  loss 0.6263  lr 9.39e-04
    step 3550/6987 (global micro  3550/20961, update  3550/20961)  loss 0.6757  lr 9.38e-04
    step 3575/6987 (global micro  3575/20961, update  3575/20961)  loss 0.9152  lr 9.37e-04
    step 3600/6987 (global micro  3600/20961, update  3600/20961)  loss 0.6528  lr 9.36e-04
    step 3625/6987 (global micro  3625/20961, update  3625/20961)  loss 0.7346  lr 9.35e-04
    step 3650/6987 (global micro  3650/20961, update  3650/20961)  loss 0.7018  lr 9.34e-04
    step 3675/6987 (global micro  3675/20961, update  3675/20961)  loss 0.6070  lr 9.33e-04
    step 3700/6987 (global micro  3700/20961, update  3700/20961)  loss 0.8539  lr 9.33e-04
    step 3725/6987 (global micro  3725/20961, update  3725/20961)  loss 0.8451  lr 9.32e-04
    step 3750/6987 (global micro  3750/20961, update  3750/20961)  loss 0.8007  lr 9.31e-04
    step 3775/6987 (global micro  3775/20961, update  3775/20961)  loss 0.6226  lr 9.30e-04
    step 3800/6987 (global micro  3800/20961, update  3800/20961)  loss 0.6587  lr 9.29e-04
    step 3825/6987 (global micro  3825/20961, update  3825/20961)  loss 0.7422  lr 9.28e-04
    step 3850/6987 (global micro  3850/20961, update  3850/20961)  loss 0.7732  lr 9.27e-04
    step 3875/6987 (global micro  3875/20961, update  3875/20961)  loss 0.6767  lr 9.26e-04
    step 3900/6987 (global micro  3900/20961, update  3900/20961)  loss 0.6842  lr 9.25e-04
    step 3925/6987 (global micro  3925/20961, update  3925/20961)  loss 0.8047  lr 9.24e-04
    step 3950/6987 (global micro  3950/20961, update  3950/20961)  loss 0.7050  lr 9.23e-04
    step 3975/6987 (global micro  3975/20961, update  3975/20961)  loss 0.6802  lr 9.22e-04
    step 4000/6987 (global micro  4000/20961, update  4000/20961)  loss 0.9499  lr 9.22e-04
    step 4025/6987 (global micro  4025/20961, update  4025/20961)  loss 0.8107  lr 9.21e-04
    step 4050/6987 (global micro  4050/20961, update  4050/20961)  loss 0.6991  lr 9.20e-04
    step 4075/6987 (global micro  4075/20961, update  4075/20961)  loss 0.7594  lr 9.19e-04
    step 4100/6987 (global micro  4100/20961, update  4100/20961)  loss 0.8365  lr 9.18e-04
    step 4125/6987 (global micro  4125/20961, update  4125/20961)  loss 0.7781  lr 9.17e-04
    step 4150/6987 (global micro  4150/20961, update  4150/20961)  loss 0.6418  lr 9.16e-04
    step 4175/6987 (global micro  4175/20961, update  4175/20961)  loss 0.6286  lr 9.15e-04
    step 4200/6987 (global micro  4200/20961, update  4200/20961)  loss 0.6871  lr 9.14e-04
    step 4225/6987 (global micro  4225/20961, update  4225/20961)  loss 0.7830  lr 9.13e-04
    step 4250/6987 (global micro  4250/20961, update  4250/20961)  loss 0.8699  lr 9.12e-04
    step 4275/6987 (global micro  4275/20961, update  4275/20961)  loss 0.8196  lr 9.11e-04
    step 4300/6987 (global micro  4300/20961, update  4300/20961)  loss 0.6919  lr 9.10e-04
    step 4325/6987 (global micro  4325/20961, update  4325/20961)  loss 0.7352  lr 9.09e-04
    step 4350/6987 (global micro  4350/20961, update  4350/20961)  loss 0.7867  lr 9.08e-04
    step 4375/6987 (global micro  4375/20961, update  4375/20961)  loss 0.7458  lr 9.07e-04
    step 4400/6987 (global micro  4400/20961, update  4400/20961)  loss 0.6380  lr 9.06e-04
    step 4425/6987 (global micro  4425/20961, update  4425/20961)  loss 0.6654  lr 9.05e-04
    step 4450/6987 (global micro  4450/20961, update  4450/20961)  loss 0.7577  lr 9.04e-04
    step 4475/6987 (global micro  4475/20961, update  4475/20961)  loss 0.7697  lr 9.03e-04
    step 4500/6987 (global micro  4500/20961, update  4500/20961)  loss 0.7455  lr 9.01e-04
    step 4525/6987 (global micro  4525/20961, update  4525/20961)  loss 0.7101  lr 9.00e-04
    step 4550/6987 (global micro  4550/20961, update  4550/20961)  loss 0.5953  lr 8.99e-04
    step 4575/6987 (global micro  4575/20961, update  4575/20961)  loss 0.6046  lr 8.98e-04
    step 4600/6987 (global micro  4600/20961, update  4600/20961)  loss 0.7117  lr 8.97e-04
    step 4625/6987 (global micro  4625/20961, update  4625/20961)  loss 0.7596  lr 8.96e-04
    step 4650/6987 (global micro  4650/20961, update  4650/20961)  loss 0.7255  lr 8.95e-04
    step 4675/6987 (global micro  4675/20961, update  4675/20961)  loss 0.7496  lr 8.94e-04
    step 4700/6987 (global micro  4700/20961, update  4700/20961)  loss 0.7709  lr 8.93e-04
    step 4725/6987 (global micro  4725/20961, update  4725/20961)  loss 0.5973  lr 8.92e-04
    step 4750/6987 (global micro  4750/20961, update  4750/20961)  loss 0.6439  lr 8.91e-04
    step 4775/6987 (global micro  4775/20961, update  4775/20961)  loss 0.6971  lr 8.90e-04
    step 4800/6987 (global micro  4800/20961, update  4800/20961)  loss 0.8163  lr 8.88e-04
    step 4825/6987 (global micro  4825/20961, update  4825/20961)  loss 0.6612  lr 8.87e-04
    step 4850/6987 (global micro  4850/20961, update  4850/20961)  loss 0.8370  lr 8.86e-04
    step 4875/6987 (global micro  4875/20961, update  4875/20961)  loss 0.6855  lr 8.85e-04
    step 4900/6987 (global micro  4900/20961, update  4900/20961)  loss 0.6596  lr 8.84e-04
    step 4925/6987 (global micro  4925/20961, update  4925/20961)  loss 0.7874  lr 8.83e-04
    step 4950/6987 (global micro  4950/20961, update  4950/20961)  loss 0.7854  lr 8.82e-04
    step 4975/6987 (global micro  4975/20961, update  4975/20961)  loss 0.6389  lr 8.81e-04
    step 5000/6987 (global micro  5000/20961, update  5000/20961)  loss 0.7656  lr 8.79e-04
    step 5025/6987 (global micro  5025/20961, update  5025/20961)  loss 0.7185  lr 8.78e-04
    step 5050/6987 (global micro  5050/20961, update  5050/20961)  loss 0.6885  lr 8.77e-04
    step 5075/6987 (global micro  5075/20961, update  5075/20961)  loss 0.6656  lr 8.76e-04
    step 5100/6987 (global micro  5100/20961, update  5100/20961)  loss 0.6062  lr 8.75e-04
    step 5125/6987 (global micro  5125/20961, update  5125/20961)  loss 0.7694  lr 8.74e-04
    step 5150/6987 (global micro  5150/20961, update  5150/20961)  loss 0.6669  lr 8.72e-04
    step 5175/6987 (global micro  5175/20961, update  5175/20961)  loss 0.6118  lr 8.71e-04
    step 5200/6987 (global micro  5200/20961, update  5200/20961)  loss 0.8456  lr 8.70e-04
    step 5225/6987 (global micro  5225/20961, update  5225/20961)  loss 0.7741  lr 8.69e-04
    step 5250/6987 (global micro  5250/20961, update  5250/20961)  loss 0.5052  lr 8.68e-04
    step 5275/6987 (global micro  5275/20961, update  5275/20961)  loss 0.8640  lr 8.67e-04
    step 5300/6987 (global micro  5300/20961, update  5300/20961)  loss 0.6710  lr 8.65e-04
    step 5325/6987 (global micro  5325/20961, update  5325/20961)  loss 0.7897  lr 8.64e-04
    step 5350/6987 (global micro  5350/20961, update  5350/20961)  loss 0.7572  lr 8.63e-04
    step 5375/6987 (global micro  5375/20961, update  5375/20961)  loss 0.6788  lr 8.62e-04
    step 5400/6987 (global micro  5400/20961, update  5400/20961)  loss 0.7109  lr 8.60e-04
    step 5425/6987 (global micro  5425/20961, update  5425/20961)  loss 0.6543  lr 8.59e-04
    step 5450/6987 (global micro  5450/20961, update  5450/20961)  loss 0.6758  lr 8.58e-04
    step 5475/6987 (global micro  5475/20961, update  5475/20961)  loss 0.8263  lr 8.57e-04
    step 5500/6987 (global micro  5500/20961, update  5500/20961)  loss 0.6239  lr 8.56e-04
    step 5525/6987 (global micro  5525/20961, update  5525/20961)  loss 0.6460  lr 8.54e-04
    step 5550/6987 (global micro  5550/20961, update  5550/20961)  loss 0.7962  lr 8.53e-04
    step 5575/6987 (global micro  5575/20961, update  5575/20961)  loss 0.6308  lr 8.52e-04
    step 5600/6987 (global micro  5600/20961, update  5600/20961)  loss 0.8223  lr 8.51e-04
    step 5625/6987 (global micro  5625/20961, update  5625/20961)  loss 0.8238  lr 8.49e-04
    step 5650/6987 (global micro  5650/20961, update  5650/20961)  loss 0.8300  lr 8.48e-04
    step 5675/6987 (global micro  5675/20961, update  5675/20961)  loss 0.7855  lr 8.47e-04
    step 5700/6987 (global micro  5700/20961, update  5700/20961)  loss 0.7321  lr 8.46e-04
    step 5725/6987 (global micro  5725/20961, update  5725/20961)  loss 0.7660  lr 8.44e-04
    step 5750/6987 (global micro  5750/20961, update  5750/20961)  loss 0.5357  lr 8.43e-04
    step 5775/6987 (global micro  5775/20961, update  5775/20961)  loss 0.8414  lr 8.42e-04
    step 5800/6987 (global micro  5800/20961, update  5800/20961)  loss 0.6637  lr 8.40e-04
    step 5825/6987 (global micro  5825/20961, update  5825/20961)  loss 0.6646  lr 8.39e-04
    step 5850/6987 (global micro  5850/20961, update  5850/20961)  loss 0.8614  lr 8.38e-04
    step 5875/6987 (global micro  5875/20961, update  5875/20961)  loss 0.6558  lr 8.37e-04
    step 5900/6987 (global micro  5900/20961, update  5900/20961)  loss 0.6953  lr 8.35e-04
    step 5925/6987 (global micro  5925/20961, update  5925/20961)  loss 0.8385  lr 8.34e-04
    step 5950/6987 (global micro  5950/20961, update  5950/20961)  loss 0.6469  lr 8.33e-04
    step 5975/6987 (global micro  5975/20961, update  5975/20961)  loss 0.7529  lr 8.31e-04
    step 6000/6987 (global micro  6000/20961, update  6000/20961)  loss 0.7129  lr 8.30e-04
    step 6025/6987 (global micro  6025/20961, update  6025/20961)  loss 0.8606  lr 8.29e-04
    step 6050/6987 (global micro  6050/20961, update  6050/20961)  loss 0.7880  lr 8.27e-04
    step 6075/6987 (global micro  6075/20961, update  6075/20961)  loss 0.8026  lr 8.26e-04
    step 6100/6987 (global micro  6100/20961, update  6100/20961)  loss 0.7145  lr 8.25e-04
    step 6125/6987 (global micro  6125/20961, update  6125/20961)  loss 0.6403  lr 8.23e-04
    step 6150/6987 (global micro  6150/20961, update  6150/20961)  loss 0.7120  lr 8.22e-04
    step 6175/6987 (global micro  6175/20961, update  6175/20961)  loss 0.6309  lr 8.21e-04
    step 6200/6987 (global micro  6200/20961, update  6200/20961)  loss 0.7185  lr 8.19e-04
    step 6225/6987 (global micro  6225/20961, update  6225/20961)  loss 0.7942  lr 8.18e-04
    step 6250/6987 (global micro  6250/20961, update  6250/20961)  loss 0.6121  lr 8.17e-04
    step 6275/6987 (global micro  6275/20961, update  6275/20961)  loss 0.7692  lr 8.15e-04
    step 6300/6987 (global micro  6300/20961, update  6300/20961)  loss 0.9867  lr 8.14e-04
    step 6325/6987 (global micro  6325/20961, update  6325/20961)  loss 0.7566  lr 8.12e-04
    step 6350/6987 (global micro  6350/20961, update  6350/20961)  loss 0.6448  lr 8.11e-04
    step 6375/6987 (global micro  6375/20961, update  6375/20961)  loss 0.9857  lr 8.10e-04
    step 6400/6987 (global micro  6400/20961, update  6400/20961)  loss 0.6218  lr 8.08e-04
    step 6425/6987 (global micro  6425/20961, update  6425/20961)  loss 0.6664  lr 8.07e-04
    step 6450/6987 (global micro  6450/20961, update  6450/20961)  loss 0.6142  lr 8.06e-04
    step 6475/6987 (global micro  6475/20961, update  6475/20961)  loss 0.8324  lr 8.04e-04
    step 6500/6987 (global micro  6500/20961, update  6500/20961)  loss 0.8397  lr 8.03e-04
    step 6525/6987 (global micro  6525/20961, update  6525/20961)  loss 0.5150  lr 8.01e-04
    step 6550/6987 (global micro  6550/20961, update  6550/20961)  loss 0.7711  lr 8.00e-04
    step 6575/6987 (global micro  6575/20961, update  6575/20961)  loss 0.8061  lr 7.99e-04
    step 6600/6987 (global micro  6600/20961, update  6600/20961)  loss 0.6631  lr 7.97e-04
    step 6625/6987 (global micro  6625/20961, update  6625/20961)  loss 0.6775  lr 7.96e-04
    step 6650/6987 (global micro  6650/20961, update  6650/20961)  loss 0.6624  lr 7.94e-04
    step 6675/6987 (global micro  6675/20961, update  6675/20961)  loss 0.7297  lr 7.93e-04
    step 6700/6987 (global micro  6700/20961, update  6700/20961)  loss 0.7555  lr 7.92e-04
    step 6725/6987 (global micro  6725/20961, update  6725/20961)  loss 0.7101  lr 7.90e-04
    step 6750/6987 (global micro  6750/20961, update  6750/20961)  loss 0.6566  lr 7.89e-04
    step 6775/6987 (global micro  6775/20961, update  6775/20961)  loss 0.6936  lr 7.87e-04
    step 6800/6987 (global micro  6800/20961, update  6800/20961)  loss 0.7272  lr 7.86e-04
    step 6825/6987 (global micro  6825/20961, update  6825/20961)  loss 0.9215  lr 7.84e-04
    step 6850/6987 (global micro  6850/20961, update  6850/20961)  loss 0.7502  lr 7.83e-04
    step 6875/6987 (global micro  6875/20961, update  6875/20961)  loss 0.7371  lr 7.82e-04
    step 6900/6987 (global micro  6900/20961, update  6900/20961)  loss 0.8817  lr 7.80e-04
    step 6925/6987 (global micro  6925/20961, update  6925/20961)  loss 0.5494  lr 7.79e-04
    step 6950/6987 (global micro  6950/20961, update  6950/20961)  loss 0.8769  lr 7.77e-04
    step 6975/6987 (global micro  6975/20961, update  6975/20961)  loss 0.8181  lr 7.76e-04
    step 6987/6987 (global micro  6987/20961, update  6987/20961)  loss 0.7815  lr 7.75e-04
  epoch   1/3  loss 0.7291  lr 7.75e-04  (2661.0s)
  Epoch checkpoint: core/run_6_oversample_reasoning_x2_e1.pt
    step    1/6987 (global micro  6988/20961, update  6988/20961)  loss 0.6879  lr 7.75e-04
    step   25/6987 (global micro  7012/20961, update  7012/20961)  loss 0.7522  lr 7.74e-04
    step   50/6987 (global micro  7037/20961, update  7037/20961)  loss 0.6629  lr 7.72e-04
    step   75/6987 (global micro  7062/20961, update  7062/20961)  loss 0.7270  lr 7.71e-04
    step  100/6987 (global micro  7087/20961, update  7087/20961)  loss 0.8114  lr 7.69e-04
    step  125/6987 (global micro  7112/20961, update  7112/20961)  loss 0.6924  lr 7.68e-04
    step  150/6987 (global micro  7137/20961, update  7137/20961)  loss 0.6918  lr 7.66e-04
    step  175/6987 (global micro  7162/20961, update  7162/20961)  loss 0.5466  lr 7.65e-04
    step  200/6987 (global micro  7187/20961, update  7187/20961)  loss 0.5795  lr 7.63e-04
    step  225/6987 (global micro  7212/20961, update  7212/20961)  loss 0.5748  lr 7.62e-04
    step  250/6987 (global micro  7237/20961, update  7237/20961)  loss 0.7239  lr 7.60e-04
    step  275/6987 (global micro  7262/20961, update  7262/20961)  loss 0.7247  lr 7.59e-04
    step  300/6987 (global micro  7287/20961, update  7287/20961)  loss 0.6945  lr 7.57e-04
    step  325/6987 (global micro  7312/20961, update  7312/20961)  loss 0.5797  lr 7.56e-04
    step  350/6987 (global micro  7337/20961, update  7337/20961)  loss 0.7077  lr 7.54e-04
    step  375/6987 (global micro  7362/20961, update  7362/20961)  loss 0.6843  lr 7.53e-04
    step  400/6987 (global micro  7387/20961, update  7387/20961)  loss 0.6865  lr 7.51e-04
    step  425/6987 (global micro  7412/20961, update  7412/20961)  loss 0.7088  lr 7.50e-04
    step  450/6987 (global micro  7437/20961, update  7437/20961)  loss 0.8266  lr 7.48e-04
    step  475/6987 (global micro  7462/20961, update  7462/20961)  loss 0.7515  lr 7.47e-04
    step  500/6987 (global micro  7487/20961, update  7487/20961)  loss 0.8076  lr 7.45e-04
    step  525/6987 (global micro  7512/20961, update  7512/20961)  loss 0.6403  lr 7.44e-04
    step  550/6987 (global micro  7537/20961, update  7537/20961)  loss 0.6040  lr 7.42e-04
    step  575/6987 (global micro  7562/20961, update  7562/20961)  loss 0.7375  lr 7.41e-04
    step  600/6987 (global micro  7587/20961, update  7587/20961)  loss 0.5679  lr 7.39e-04
    step  625/6987 (global micro  7612/20961, update  7612/20961)  loss 0.6973  lr 7.38e-04
    step  650/6987 (global micro  7637/20961, update  7637/20961)  loss 0.5874  lr 7.36e-04
    step  675/6987 (global micro  7662/20961, update  7662/20961)  loss 0.6122  lr 7.34e-04
    step  700/6987 (global micro  7687/20961, update  7687/20961)  loss 0.7114  lr 7.33e-04
    step  725/6987 (global micro  7712/20961, update  7712/20961)  loss 0.8220  lr 7.31e-04
    step  750/6987 (global micro  7737/20961, update  7737/20961)  loss 0.6610  lr 7.30e-04
    step  775/6987 (global micro  7762/20961, update  7762/20961)  loss 0.8409  lr 7.28e-04
    step  800/6987 (global micro  7787/20961, update  7787/20961)  loss 0.6370  lr 7.27e-04
    step  825/6987 (global micro  7812/20961, update  7812/20961)  loss 0.5765  lr 7.25e-04
    step  850/6987 (global micro  7837/20961, update  7837/20961)  loss 0.7199  lr 7.24e-04
    step  875/6987 (global micro  7862/20961, update  7862/20961)  loss 0.7452  lr 7.22e-04
    step  900/6987 (global micro  7887/20961, update  7887/20961)  loss 0.9888  lr 7.21e-04
    step  925/6987 (global micro  7912/20961, update  7912/20961)  loss 0.8013  lr 7.19e-04
    step  950/6987 (global micro  7937/20961, update  7937/20961)  loss 0.5623  lr 7.17e-04
    step  975/6987 (global micro  7962/20961, update  7962/20961)  loss 0.6348  lr 7.16e-04
    step 1000/6987 (global micro  7987/20961, update  7987/20961)  loss 0.7816  lr 7.14e-04
    step 1025/6987 (global micro  8012/20961, update  8012/20961)  loss 0.6022  lr 7.13e-04
    step 1050/6987 (global micro  8037/20961, update  8037/20961)  loss 0.5498  lr 7.11e-04
    step 1075/6987 (global micro  8062/20961, update  8062/20961)  loss 0.5413  lr 7.10e-04
    step 1100/6987 (global micro  8087/20961, update  8087/20961)  loss 0.6428  lr 7.08e-04
    step 1125/6987 (global micro  8112/20961, update  8112/20961)  loss 0.6391  lr 7.06e-04
    step 1150/6987 (global micro  8137/20961, update  8137/20961)  loss 0.6303  lr 7.05e-04
    step 1175/6987 (global micro  8162/20961, update  8162/20961)  loss 0.7829  lr 7.03e-04
    step 1200/6987 (global micro  8187/20961, update  8187/20961)  loss 0.6841  lr 7.02e-04
    step 1225/6987 (global micro  8212/20961, update  8212/20961)  loss 0.5860  lr 7.00e-04
    step 1250/6987 (global micro  8237/20961, update  8237/20961)  loss 0.5314  lr 6.98e-04
    step 1275/6987 (global micro  8262/20961, update  8262/20961)  loss 0.7362  lr 6.97e-04
    step 1300/6987 (global micro  8287/20961, update  8287/20961)  loss 0.6218  lr 6.95e-04
    step 1325/6987 (global micro  8312/20961, update  8312/20961)  loss 0.7066  lr 6.94e-04
    step 1350/6987 (global micro  8337/20961, update  8337/20961)  loss 0.7955  lr 6.92e-04
    step 1375/6987 (global micro  8362/20961, update  8362/20961)  loss 0.8403  lr 6.90e-04
    step 1400/6987 (global micro  8387/20961, update  8387/20961)  loss 0.5761  lr 6.89e-04
    step 1425/6987 (global micro  8412/20961, update  8412/20961)  loss 0.5898  lr 6.87e-04
    step 1450/6987 (global micro  8437/20961, update  8437/20961)  loss 0.7508  lr 6.86e-04
    step 1475/6987 (global micro  8462/20961, update  8462/20961)  loss 0.6333  lr 6.84e-04
    step 1500/6987 (global micro  8487/20961, update  8487/20961)  loss 0.6242  lr 6.82e-04
    step 1525/6987 (global micro  8512/20961, update  8512/20961)  loss 0.8053  lr 6.81e-04
    step 1550/6987 (global micro  8537/20961, update  8537/20961)  loss 0.6307  lr 6.79e-04
    step 1575/6987 (global micro  8562/20961, update  8562/20961)  loss 0.6339  lr 6.78e-04
    step 1600/6987 (global micro  8587/20961, update  8587/20961)  loss 0.5341  lr 6.76e-04
    step 1625/6987 (global micro  8612/20961, update  8612/20961)  loss 0.6538  lr 6.74e-04
    step 1650/6987 (global micro  8637/20961, update  8637/20961)  loss 0.7680  lr 6.73e-04
    step 1675/6987 (global micro  8662/20961, update  8662/20961)  loss 0.5911  lr 6.71e-04
    step 1700/6987 (global micro  8687/20961, update  8687/20961)  loss 0.6996  lr 6.70e-04
    step 1725/6987 (global micro  8712/20961, update  8712/20961)  loss 0.5797  lr 6.68e-04
    step 1750/6987 (global micro  8737/20961, update  8737/20961)  loss 0.7378  lr 6.66e-04
    step 1775/6987 (global micro  8762/20961, update  8762/20961)  loss 0.6393  lr 6.65e-04
    step 1800/6987 (global micro  8787/20961, update  8787/20961)  loss 0.6844  lr 6.63e-04
    step 1825/6987 (global micro  8812/20961, update  8812/20961)  loss 0.7267  lr 6.61e-04
    step 1850/6987 (global micro  8837/20961, update  8837/20961)  loss 0.7910  lr 6.60e-04
    step 1875/6987 (global micro  8862/20961, update  8862/20961)  loss 0.8044  lr 6.58e-04
    step 1900/6987 (global micro  8887/20961, update  8887/20961)  loss 0.5556  lr 6.56e-04
    step 1925/6987 (global micro  8912/20961, update  8912/20961)  loss 0.7572  lr 6.55e-04
    step 1950/6987 (global micro  8937/20961, update  8937/20961)  loss 0.7040  lr 6.53e-04
    step 1975/6987 (global micro  8962/20961, update  8962/20961)  loss 0.7707  lr 6.52e-04
    step 2000/6987 (global micro  8987/20961, update  8987/20961)  loss 0.7025  lr 6.50e-04
    step 2025/6987 (global micro  9012/20961, update  9012/20961)  loss 0.6478  lr 6.48e-04
    step 2050/6987 (global micro  9037/20961, update  9037/20961)  loss 0.6474  lr 6.47e-04
    step 2075/6987 (global micro  9062/20961, update  9062/20961)  loss 0.6549  lr 6.45e-04
    step 2100/6987 (global micro  9087/20961, update  9087/20961)  loss 0.6132  lr 6.43e-04
    step 2125/6987 (global micro  9112/20961, update  9112/20961)  loss 0.7665  lr 6.42e-04
    step 2150/6987 (global micro  9137/20961, update  9137/20961)  loss 0.7185  lr 6.40e-04
    step 2175/6987 (global micro  9162/20961, update  9162/20961)  loss 0.6477  lr 6.38e-04
    step 2200/6987 (global micro  9187/20961, update  9187/20961)  loss 0.6340  lr 6.37e-04
    step 2225/6987 (global micro  9212/20961, update  9212/20961)  loss 0.7781  lr 6.35e-04
    step 2250/6987 (global micro  9237/20961, update  9237/20961)  loss 0.5490  lr 6.33e-04
    step 2275/6987 (global micro  9262/20961, update  9262/20961)  loss 0.6730  lr 6.32e-04
    step 2300/6987 (global micro  9287/20961, update  9287/20961)  loss 0.7230  lr 6.30e-04
    step 2325/6987 (global micro  9312/20961, update  9312/20961)  loss 0.8141  lr 6.28e-04
    step 2350/6987 (global micro  9337/20961, update  9337/20961)  loss 0.5889  lr 6.27e-04
    step 2375/6987 (global micro  9362/20961, update  9362/20961)  loss 0.6521  lr 6.25e-04
    step 2400/6987 (global micro  9387/20961, update  9387/20961)  loss 0.6697  lr 6.23e-04
    step 2425/6987 (global micro  9412/20961, update  9412/20961)  loss 0.6647  lr 6.22e-04
    step 2450/6987 (global micro  9437/20961, update  9437/20961)  loss 0.7340  lr 6.20e-04
    step 2475/6987 (global micro  9462/20961, update  9462/20961)  loss 0.6778  lr 6.18e-04
    step 2500/6987 (global micro  9487/20961, update  9487/20961)  loss 0.7240  lr 6.17e-04
    step 2525/6987 (global micro  9512/20961, update  9512/20961)  loss 0.6692  lr 6.15e-04
    step 2550/6987 (global micro  9537/20961, update  9537/20961)  loss 0.6335  lr 6.13e-04
    step 2575/6987 (global micro  9562/20961, update  9562/20961)  loss 0.5934  lr 6.12e-04
    step 2600/6987 (global micro  9587/20961, update  9587/20961)  loss 0.8064  lr 6.10e-04
    step 2625/6987 (global micro  9612/20961, update  9612/20961)  loss 0.6962  lr 6.08e-04
    step 2650/6987 (global micro  9637/20961, update  9637/20961)  loss 0.7796  lr 6.07e-04
    step 2675/6987 (global micro  9662/20961, update  9662/20961)  loss 0.6067  lr 6.05e-04
    step 2700/6987 (global micro  9687/20961, update  9687/20961)  loss 0.6174  lr 6.03e-04
    step 2725/6987 (global micro  9712/20961, update  9712/20961)  loss 0.5379  lr 6.02e-04
    step 2750/6987 (global micro  9737/20961, update  9737/20961)  loss 0.5724  lr 6.00e-04
    step 2775/6987 (global micro  9762/20961, update  9762/20961)  loss 0.5504  lr 5.98e-04
    step 2800/6987 (global micro  9787/20961, update  9787/20961)  loss 0.6985  lr 5.97e-04
    step 2825/6987 (global micro  9812/20961, update  9812/20961)  loss 0.6719  lr 5.95e-04
    step 2850/6987 (global micro  9837/20961, update  9837/20961)  loss 0.6538  lr 5.93e-04
    step 2875/6987 (global micro  9862/20961, update  9862/20961)  loss 0.6184  lr 5.92e-04
    step 2900/6987 (global micro  9887/20961, update  9887/20961)  loss 0.7932  lr 5.90e-04
    step 2925/6987 (global micro  9912/20961, update  9912/20961)  loss 0.5743  lr 5.88e-04
    step 2950/6987 (global micro  9937/20961, update  9937/20961)  loss 0.6990  lr 5.87e-04
    step 2975/6987 (global micro  9962/20961, update  9962/20961)  loss 0.7429  lr 5.85e-04
    step 3000/6987 (global micro  9987/20961, update  9987/20961)  loss 0.8027  lr 5.83e-04
    step 3025/6987 (global micro 10012/20961, update 10012/20961)  loss 0.7124  lr 5.82e-04
    step 3050/6987 (global micro 10037/20961, update 10037/20961)  loss 0.7813  lr 5.80e-04
    step 3075/6987 (global micro 10062/20961, update 10062/20961)  loss 0.7109  lr 5.78e-04
    step 3100/6987 (global micro 10087/20961, update 10087/20961)  loss 0.6413  lr 5.77e-04
    step 3125/6987 (global micro 10112/20961, update 10112/20961)  loss 0.6943  lr 5.75e-04
    step 3150/6987 (global micro 10137/20961, update 10137/20961)  loss 0.5857  lr 5.73e-04
    step 3175/6987 (global micro 10162/20961, update 10162/20961)  loss 0.6296  lr 5.71e-04
    step 3200/6987 (global micro 10187/20961, update 10187/20961)  loss 0.8837  lr 5.70e-04
    step 3225/6987 (global micro 10212/20961, update 10212/20961)  loss 0.6371  lr 5.68e-04
    step 3250/6987 (global micro 10237/20961, update 10237/20961)  loss 0.7005  lr 5.66e-04
    step 3275/6987 (global micro 10262/20961, update 10262/20961)  loss 0.6752  lr 5.65e-04
    step 3300/6987 (global micro 10287/20961, update 10287/20961)  loss 0.7103  lr 5.63e-04
    step 3325/6987 (global micro 10312/20961, update 10312/20961)  loss 0.6728  lr 5.61e-04
    step 3350/6987 (global micro 10337/20961, update 10337/20961)  loss 0.5623  lr 5.60e-04
    step 3375/6987 (global micro 10362/20961, update 10362/20961)  loss 0.6482  lr 5.58e-04
    step 3400/6987 (global micro 10387/20961, update 10387/20961)  loss 0.6111  lr 5.56e-04
    step 3425/6987 (global micro 10412/20961, update 10412/20961)  loss 0.6546  lr 5.55e-04
    step 3450/6987 (global micro 10437/20961, update 10437/20961)  loss 0.7663  lr 5.53e-04
    step 3475/6987 (global micro 10462/20961, update 10462/20961)  loss 0.6699  lr 5.51e-04
    step 3500/6987 (global micro 10487/20961, update 10487/20961)  loss 0.5692  lr 5.50e-04
    step 3525/6987 (global micro 10512/20961, update 10512/20961)  loss 0.7928  lr 5.48e-04
    step 3550/6987 (global micro 10537/20961, update 10537/20961)  loss 0.7460  lr 5.46e-04
    step 3575/6987 (global micro 10562/20961, update 10562/20961)  loss 0.5246  lr 5.45e-04
    step 3600/6987 (global micro 10587/20961, update 10587/20961)  loss 0.8838  lr 5.43e-04
    step 3625/6987 (global micro 10612/20961, update 10612/20961)  loss 0.5834  lr 5.41e-04
    step 3650/6987 (global micro 10637/20961, update 10637/20961)  loss 0.7272  lr 5.39e-04
    step 3675/6987 (global micro 10662/20961, update 10662/20961)  loss 0.6095  lr 5.38e-04
    step 3700/6987 (global micro 10687/20961, update 10687/20961)  loss 0.6680  lr 5.36e-04
    step 3725/6987 (global micro 10712/20961, update 10712/20961)  loss 0.6713  lr 5.34e-04
    step 3750/6987 (global micro 10737/20961, update 10737/20961)  loss 0.4880  lr 5.33e-04
    step 3775/6987 (global micro 10762/20961, update 10762/20961)  loss 0.6401  lr 5.31e-04
    step 3800/6987 (global micro 10787/20961, update 10787/20961)  loss 0.5498  lr 5.29e-04
    step 3825/6987 (global micro 10812/20961, update 10812/20961)  loss 0.6049  lr 5.28e-04
    step 3850/6987 (global micro 10837/20961, update 10837/20961)  loss 0.4761  lr 5.26e-04
    step 3875/6987 (global micro 10862/20961, update 10862/20961)  loss 0.6939  lr 5.24e-04
    step 3900/6987 (global micro 10887/20961, update 10887/20961)  loss 0.6145  lr 5.23e-04
    step 3925/6987 (global micro 10912/20961, update 10912/20961)  loss 0.7599  lr 5.21e-04
    step 3950/6987 (global micro 10937/20961, update 10937/20961)  loss 0.6615  lr 5.19e-04
    step 3975/6987 (global micro 10962/20961, update 10962/20961)  loss 0.6539  lr 5.18e-04
    step 4000/6987 (global micro 10987/20961, update 10987/20961)  loss 0.5636  lr 5.16e-04
    step 4025/6987 (global micro 11012/20961, update 11012/20961)  loss 0.7187  lr 5.14e-04
    step 4050/6987 (global micro 11037/20961, update 11037/20961)  loss 0.7237  lr 5.13e-04
    step 4075/6987 (global micro 11062/20961, update 11062/20961)  loss 0.5891  lr 5.11e-04
    step 4100/6987 (global micro 11087/20961, update 11087/20961)  loss 0.7178  lr 5.09e-04
    step 4125/6987 (global micro 11112/20961, update 11112/20961)  loss 0.5812  lr 5.07e-04
    step 4150/6987 (global micro 11137/20961, update 11137/20961)  loss 0.5877  lr 5.06e-04
    step 4175/6987 (global micro 11162/20961, update 11162/20961)  loss 0.6967  lr 5.04e-04
    step 4200/6987 (global micro 11187/20961, update 11187/20961)  loss 0.6276  lr 5.02e-04
    step 4225/6987 (global micro 11212/20961, update 11212/20961)  loss 0.7305  lr 5.01e-04
    step 4250/6987 (global micro 11237/20961, update 11237/20961)  loss 0.8074  lr 4.99e-04
    step 4275/6987 (global micro 11262/20961, update 11262/20961)  loss 0.5939  lr 4.97e-04
    step 4300/6987 (global micro 11287/20961, update 11287/20961)  loss 0.5837  lr 4.96e-04
    step 4325/6987 (global micro 11312/20961, update 11312/20961)  loss 0.6786  lr 4.94e-04
    step 4350/6987 (global micro 11337/20961, update 11337/20961)  loss 0.6704  lr 4.92e-04
    step 4375/6987 (global micro 11362/20961, update 11362/20961)  loss 0.7468  lr 4.91e-04
    step 4400/6987 (global micro 11387/20961, update 11387/20961)  loss 0.6149  lr 4.89e-04
    step 4425/6987 (global micro 11412/20961, update 11412/20961)  loss 0.6525  lr 4.87e-04
    step 4450/6987 (global micro 11437/20961, update 11437/20961)  loss 0.5933  lr 4.86e-04
    step 4475/6987 (global micro 11462/20961, update 11462/20961)  loss 0.5873  lr 4.84e-04
    step 4500/6987 (global micro 11487/20961, update 11487/20961)  loss 0.6248  lr 4.82e-04
    step 4525/6987 (global micro 11512/20961, update 11512/20961)  loss 0.6575  lr 4.81e-04
    step 4550/6987 (global micro 11537/20961, update 11537/20961)  loss 0.9960  lr 4.79e-04
    step 4575/6987 (global micro 11562/20961, update 11562/20961)  loss 0.6017  lr 4.77e-04
    step 4600/6987 (global micro 11587/20961, update 11587/20961)  loss 0.6760  lr 4.76e-04
    step 4625/6987 (global micro 11612/20961, update 11612/20961)  loss 0.6457  lr 4.74e-04
    step 4650/6987 (global micro 11637/20961, update 11637/20961)  loss 0.6632  lr 4.72e-04
    step 4675/6987 (global micro 11662/20961, update 11662/20961)  loss 0.5818  lr 4.71e-04
    step 4700/6987 (global micro 11687/20961, update 11687/20961)  loss 0.6281  lr 4.69e-04
    step 4725/6987 (global micro 11712/20961, update 11712/20961)  loss 0.7379  lr 4.67e-04
    step 4750/6987 (global micro 11737/20961, update 11737/20961)  loss 0.5452  lr 4.66e-04
    step 4775/6987 (global micro 11762/20961, update 11762/20961)  loss 0.6173  lr 4.64e-04
    step 4800/6987 (global micro 11787/20961, update 11787/20961)  loss 0.6815  lr 4.62e-04
    step 4825/6987 (global micro 11812/20961, update 11812/20961)  loss 0.6408  lr 4.61e-04
    step 4850/6987 (global micro 11837/20961, update 11837/20961)  loss 0.6752  lr 4.59e-04
    step 4875/6987 (global micro 11862/20961, update 11862/20961)  loss 0.7484  lr 4.57e-04
    step 4900/6987 (global micro 11887/20961, update 11887/20961)  loss 0.5105  lr 4.56e-04
    step 4925/6987 (global micro 11912/20961, update 11912/20961)  loss 0.5540  lr 4.54e-04
    step 4950/6987 (global micro 11937/20961, update 11937/20961)  loss 0.7081  lr 4.53e-04
    step 4975/6987 (global micro 11962/20961, update 11962/20961)  loss 0.5800  lr 4.51e-04
    step 5000/6987 (global micro 11987/20961, update 11987/20961)  loss 0.5976  lr 4.49e-04
    step 5025/6987 (global micro 12012/20961, update 12012/20961)  loss 0.6828  lr 4.48e-04
    step 5050/6987 (global micro 12037/20961, update 12037/20961)  loss 0.6095  lr 4.46e-04
    step 5075/6987 (global micro 12062/20961, update 12062/20961)  loss 0.7395  lr 4.44e-04
    step 5100/6987 (global micro 12087/20961, update 12087/20961)  loss 0.5845  lr 4.43e-04
    step 5125/6987 (global micro 12112/20961, update 12112/20961)  loss 0.6393  lr 4.41e-04
    step 5150/6987 (global micro 12137/20961, update 12137/20961)  loss 0.7372  lr 4.39e-04
    step 5175/6987 (global micro 12162/20961, update 12162/20961)  loss 0.6552  lr 4.38e-04
    step 5200/6987 (global micro 12187/20961, update 12187/20961)  loss 0.7652  lr 4.36e-04
    step 5225/6987 (global micro 12212/20961, update 12212/20961)  loss 0.6054  lr 4.35e-04
    step 5250/6987 (global micro 12237/20961, update 12237/20961)  loss 0.7123  lr 4.33e-04
    step 5275/6987 (global micro 12262/20961, update 12262/20961)  loss 0.7185  lr 4.31e-04
    step 5300/6987 (global micro 12287/20961, update 12287/20961)  loss 0.6905  lr 4.30e-04
    step 5325/6987 (global micro 12312/20961, update 12312/20961)  loss 0.7650  lr 4.28e-04
    step 5350/6987 (global micro 12337/20961, update 12337/20961)  loss 0.6596  lr 4.26e-04
    step 5375/6987 (global micro 12362/20961, update 12362/20961)  loss 0.4952  lr 4.25e-04
    step 5400/6987 (global micro 12387/20961, update 12387/20961)  loss 0.5329  lr 4.23e-04
    step 5425/6987 (global micro 12412/20961, update 12412/20961)  loss 0.6501  lr 4.22e-04
    step 5450/6987 (global micro 12437/20961, update 12437/20961)  loss 0.5764  lr 4.20e-04
    step 5475/6987 (global micro 12462/20961, update 12462/20961)  loss 0.6558  lr 4.18e-04
    step 5500/6987 (global micro 12487/20961, update 12487/20961)  loss 0.6949  lr 4.17e-04
    step 5525/6987 (global micro 12512/20961, update 12512/20961)  loss 0.7131  lr 4.15e-04
    step 5550/6987 (global micro 12537/20961, update 12537/20961)  loss 0.6370  lr 4.13e-04
    step 5575/6987 (global micro 12562/20961, update 12562/20961)  loss 0.7489  lr 4.12e-04
    step 5600/6987 (global micro 12587/20961, update 12587/20961)  loss 0.5907  lr 4.10e-04
    step 5625/6987 (global micro 12612/20961, update 12612/20961)  loss 0.8908  lr 4.09e-04
    step 5650/6987 (global micro 12637/20961, update 12637/20961)  loss 0.5713  lr 4.07e-04
    step 5675/6987 (global micro 12662/20961, update 12662/20961)  loss 0.6210  lr 4.05e-04
    step 5700/6987 (global micro 12687/20961, update 12687/20961)  loss 0.7020  lr 4.04e-04
    step 5725/6987 (global micro 12712/20961, update 12712/20961)  loss 0.6500  lr 4.02e-04
    step 5750/6987 (global micro 12737/20961, update 12737/20961)  loss 0.5212  lr 4.01e-04
    step 5775/6987 (global micro 12762/20961, update 12762/20961)  loss 0.5884  lr 3.99e-04
    step 5800/6987 (global micro 12787/20961, update 12787/20961)  loss 0.6463  lr 3.98e-04
    step 5825/6987 (global micro 12812/20961, update 12812/20961)  loss 0.4750  lr 3.96e-04
    step 5850/6987 (global micro 12837/20961, update 12837/20961)  loss 0.5766  lr 3.94e-04
    step 5875/6987 (global micro 12862/20961, update 12862/20961)  loss 0.6460  lr 3.93e-04
    step 5900/6987 (global micro 12887/20961, update 12887/20961)  loss 0.5928  lr 3.91e-04
    step 5925/6987 (global micro 12912/20961, update 12912/20961)  loss 0.7558  lr 3.90e-04
    step 5950/6987 (global micro 12937/20961, update 12937/20961)  loss 0.5790  lr 3.88e-04
    step 5975/6987 (global micro 12962/20961, update 12962/20961)  loss 0.7495  lr 3.86e-04
    step 6000/6987 (global micro 12987/20961, update 12987/20961)  loss 0.6995  lr 3.85e-04
    step 6025/6987 (global micro 13012/20961, update 13012/20961)  loss 0.5807  lr 3.83e-04
    step 6050/6987 (global micro 13037/20961, update 13037/20961)  loss 0.5724  lr 3.82e-04
    step 6075/6987 (global micro 13062/20961, update 13062/20961)  loss 0.5026  lr 3.80e-04
    step 6100/6987 (global micro 13087/20961, update 13087/20961)  loss 0.5303  lr 3.79e-04
    step 6125/6987 (global micro 13112/20961, update 13112/20961)  loss 0.6654  lr 3.77e-04
    step 6150/6987 (global micro 13137/20961, update 13137/20961)  loss 0.7694  lr 3.76e-04
    step 6175/6987 (global micro 13162/20961, update 13162/20961)  loss 0.6279  lr 3.74e-04
    step 6200/6987 (global micro 13187/20961, update 13187/20961)  loss 0.6547  lr 3.72e-04
    step 6225/6987 (global micro 13212/20961, update 13212/20961)  loss 0.6525  lr 3.71e-04
    step 6250/6987 (global micro 13237/20961, update 13237/20961)  loss 0.6251  lr 3.69e-04
    step 6275/6987 (global micro 13262/20961, update 13262/20961)  loss 0.5591  lr 3.68e-04
    step 6300/6987 (global micro 13287/20961, update 13287/20961)  loss 0.6354  lr 3.66e-04
    step 6325/6987 (global micro 13312/20961, update 13312/20961)  loss 0.6646  lr 3.65e-04
    step 6350/6987 (global micro 13337/20961, update 13337/20961)  loss 0.5839  lr 3.63e-04
    step 6375/6987 (global micro 13362/20961, update 13362/20961)  loss 0.7018  lr 3.62e-04
    step 6400/6987 (global micro 13387/20961, update 13387/20961)  loss 0.7798  lr 3.60e-04
    step 6425/6987 (global micro 13412/20961, update 13412/20961)  loss 0.5097  lr 3.59e-04
    step 6450/6987 (global micro 13437/20961, update 13437/20961)  loss 0.7410  lr 3.57e-04
    step 6475/6987 (global micro 13462/20961, update 13462/20961)  loss 0.6691  lr 3.56e-04
    step 6500/6987 (global micro 13487/20961, update 13487/20961)  loss 0.6665  lr 3.54e-04
    step 6525/6987 (global micro 13512/20961, update 13512/20961)  loss 0.6314  lr 3.53e-04
    step 6550/6987 (global micro 13537/20961, update 13537/20961)  loss 0.6082  lr 3.51e-04
    step 6575/6987 (global micro 13562/20961, update 13562/20961)  loss 0.5768  lr 3.49e-04
    step 6600/6987 (global micro 13587/20961, update 13587/20961)  loss 0.6503  lr 3.48e-04
    step 6625/6987 (global micro 13612/20961, update 13612/20961)  loss 0.6282  lr 3.46e-04
    step 6650/6987 (global micro 13637/20961, update 13637/20961)  loss 0.5560  lr 3.45e-04
    step 6675/6987 (global micro 13662/20961, update 13662/20961)  loss 0.5431  lr 3.43e-04
    step 6700/6987 (global micro 13687/20961, update 13687/20961)  loss 0.6998  lr 3.42e-04
    step 6725/6987 (global micro 13712/20961, update 13712/20961)  loss 0.6144  lr 3.40e-04
    step 6750/6987 (global micro 13737/20961, update 13737/20961)  loss 0.6115  lr 3.39e-04
    step 6775/6987 (global micro 13762/20961, update 13762/20961)  loss 0.7567  lr 3.37e-04
    step 6800/6987 (global micro 13787/20961, update 13787/20961)  loss 0.6551  lr 3.36e-04
    step 6825/6987 (global micro 13812/20961, update 13812/20961)  loss 0.6496  lr 3.35e-04
    step 6850/6987 (global micro 13837/20961, update 13837/20961)  loss 0.5779  lr 3.33e-04
    step 6875/6987 (global micro 13862/20961, update 13862/20961)  loss 0.6156  lr 3.32e-04
    step 6900/6987 (global micro 13887/20961, update 13887/20961)  loss 0.7439  lr 3.30e-04
    step 6925/6987 (global micro 13912/20961, update 13912/20961)  loss 0.5381  lr 3.29e-04
    step 6950/6987 (global micro 13937/20961, update 13937/20961)  loss 0.5071  lr 3.27e-04
    step 6975/6987 (global micro 13962/20961, update 13962/20961)  loss 0.6672  lr 3.26e-04
    step 6987/6987 (global micro 13974/20961, update 13974/20961)  loss 0.5910  lr 3.25e-04
  epoch   2/3  loss 0.6506  lr 3.25e-04  (2732.4s)
  Epoch checkpoint: core/run_6_oversample_reasoning_x2_e2.pt
    step    1/6987 (global micro 13975/20961, update 13975/20961)  loss 0.4852  lr 3.25e-04
    step   25/6987 (global micro 13999/20961, update 13999/20961)  loss 0.4518  lr 3.24e-04
    step   50/6987 (global micro 14024/20961, update 14024/20961)  loss 0.6246  lr 3.22e-04
    step   75/6987 (global micro 14049/20961, update 14049/20961)  loss 0.4404  lr 3.21e-04
    step  100/6987 (global micro 14074/20961, update 14074/20961)  loss 0.4968  lr 3.19e-04
    step  125/6987 (global micro 14099/20961, update 14099/20961)  loss 0.4975  lr 3.18e-04
    step  150/6987 (global micro 14124/20961, update 14124/20961)  loss 0.5803  lr 3.16e-04
    step  175/6987 (global micro 14149/20961, update 14149/20961)  loss 0.5370  lr 3.15e-04
    step  200/6987 (global micro 14174/20961, update 14174/20961)  loss 0.6968  lr 3.13e-04
    step  225/6987 (global micro 14199/20961, update 14199/20961)  loss 0.6574  lr 3.12e-04
    step  250/6987 (global micro 14224/20961, update 14224/20961)  loss 0.5237  lr 3.11e-04
    step  275/6987 (global micro 14249/20961, update 14249/20961)  loss 0.5456  lr 3.09e-04
    step  300/6987 (global micro 14274/20961, update 14274/20961)  loss 0.6977  lr 3.08e-04
    step  325/6987 (global micro 14299/20961, update 14299/20961)  loss 0.5071  lr 3.06e-04
    step  350/6987 (global micro 14324/20961, update 14324/20961)  loss 0.5194  lr 3.05e-04
    step  375/6987 (global micro 14349/20961, update 14349/20961)  loss 0.6435  lr 3.03e-04
    step  400/6987 (global micro 14374/20961, update 14374/20961)  loss 0.5602  lr 3.02e-04
    step  425/6987 (global micro 14399/20961, update 14399/20961)  loss 0.4951  lr 3.01e-04
    step  450/6987 (global micro 14424/20961, update 14424/20961)  loss 0.5887  lr 2.99e-04
    step  475/6987 (global micro 14449/20961, update 14449/20961)  loss 0.4541  lr 2.98e-04
    step  500/6987 (global micro 14474/20961, update 14474/20961)  loss 0.6608  lr 2.96e-04
    step  525/6987 (global micro 14499/20961, update 14499/20961)  loss 0.5499  lr 2.95e-04
    step  550/6987 (global micro 14524/20961, update 14524/20961)  loss 0.6848  lr 2.94e-04
    step  575/6987 (global micro 14549/20961, update 14549/20961)  loss 0.4721  lr 2.92e-04
    step  600/6987 (global micro 14574/20961, update 14574/20961)  loss 0.5625  lr 2.91e-04
    step  625/6987 (global micro 14599/20961, update 14599/20961)  loss 0.5334  lr 2.90e-04
    step  650/6987 (global micro 14624/20961, update 14624/20961)  loss 0.5501  lr 2.88e-04
    step  675/6987 (global micro 14649/20961, update 14649/20961)  loss 0.5890  lr 2.87e-04
    step  700/6987 (global micro 14674/20961, update 14674/20961)  loss 0.5161  lr 2.85e-04
    step  725/6987 (global micro 14699/20961, update 14699/20961)  loss 0.6084  lr 2.84e-04
    step  750/6987 (global micro 14724/20961, update 14724/20961)  loss 0.5317  lr 2.83e-04
    step  775/6987 (global micro 14749/20961, update 14749/20961)  loss 0.6580  lr 2.81e-04
    step  800/6987 (global micro 14774/20961, update 14774/20961)  loss 0.7228  lr 2.80e-04
    step  825/6987 (global micro 14799/20961, update 14799/20961)  loss 0.7058  lr 2.79e-04
    step  850/6987 (global micro 14824/20961, update 14824/20961)  loss 0.5797  lr 2.77e-04
    step  875/6987 (global micro 14849/20961, update 14849/20961)  loss 0.5056  lr 2.76e-04
    step  900/6987 (global micro 14874/20961, update 14874/20961)  loss 0.6437  lr 2.75e-04
    step  925/6987 (global micro 14899/20961, update 14899/20961)  loss 0.4819  lr 2.73e-04
    step  950/6987 (global micro 14924/20961, update 14924/20961)  loss 0.5007  lr 2.72e-04
    step  975/6987 (global micro 14949/20961, update 14949/20961)  loss 0.6226  lr 2.71e-04
    step 1000/6987 (global micro 14974/20961, update 14974/20961)  loss 0.5473  lr 2.69e-04
    step 1025/6987 (global micro 14999/20961, update 14999/20961)  loss 0.5064  lr 2.68e-04
    step 1050/6987 (global micro 15024/20961, update 15024/20961)  loss 0.4967  lr 2.67e-04
    step 1075/6987 (global micro 15049/20961, update 15049/20961)  loss 0.5769  lr 2.65e-04
    step 1100/6987 (global micro 15074/20961, update 15074/20961)  loss 0.4657  lr 2.64e-04
    step 1125/6987 (global micro 15099/20961, update 15099/20961)  loss 0.4935  lr 2.63e-04
    step 1150/6987 (global micro 15124/20961, update 15124/20961)  loss 0.5029  lr 2.61e-04
    step 1175/6987 (global micro 15149/20961, update 15149/20961)  loss 0.7142  lr 2.60e-04
    step 1200/6987 (global micro 15174/20961, update 15174/20961)  loss 0.5350  lr 2.59e-04
    step 1225/6987 (global micro 15199/20961, update 15199/20961)  loss 0.4767  lr 2.58e-04
    step 1250/6987 (global micro 15224/20961, update 15224/20961)  loss 0.6013  lr 2.56e-04
    step 1275/6987 (global micro 15249/20961, update 15249/20961)  loss 0.4843  lr 2.55e-04
    step 1300/6987 (global micro 15274/20961, update 15274/20961)  loss 0.6560  lr 2.54e-04
    step 1325/6987 (global micro 15299/20961, update 15299/20961)  loss 0.5991  lr 2.53e-04
    step 1350/6987 (global micro 15324/20961, update 15324/20961)  loss 0.6002  lr 2.51e-04
    step 1375/6987 (global micro 15349/20961, update 15349/20961)  loss 0.4348  lr 2.50e-04
    step 1400/6987 (global micro 15374/20961, update 15374/20961)  loss 0.5359  lr 2.49e-04
    step 1425/6987 (global micro 15399/20961, update 15399/20961)  loss 0.5776  lr 2.48e-04
    step 1450/6987 (global micro 15424/20961, update 15424/20961)  loss 0.6010  lr 2.46e-04
    step 1475/6987 (global micro 15449/20961, update 15449/20961)  loss 0.6025  lr 2.45e-04
    step 1500/6987 (global micro 15474/20961, update 15474/20961)  loss 0.4279  lr 2.44e-04
    step 1525/6987 (global micro 15499/20961, update 15499/20961)  loss 0.4730  lr 2.43e-04
    step 1550/6987 (global micro 15524/20961, update 15524/20961)  loss 0.5823  lr 2.41e-04
    step 1575/6987 (global micro 15549/20961, update 15549/20961)  loss 0.6527  lr 2.40e-04
    step 1600/6987 (global micro 15574/20961, update 15574/20961)  loss 0.6241  lr 2.39e-04
    step 1625/6987 (global micro 15599/20961, update 15599/20961)  loss 0.4800  lr 2.38e-04
    step 1650/6987 (global micro 15624/20961, update 15624/20961)  loss 0.5867  lr 2.36e-04
    step 1675/6987 (global micro 15649/20961, update 15649/20961)  loss 0.4778  lr 2.35e-04
    step 1700/6987 (global micro 15674/20961, update 15674/20961)  loss 0.6374  lr 2.34e-04
    step 1725/6987 (global micro 15699/20961, update 15699/20961)  loss 0.5150  lr 2.33e-04
    step 1750/6987 (global micro 15724/20961, update 15724/20961)  loss 0.6895  lr 2.32e-04
    step 1775/6987 (global micro 15749/20961, update 15749/20961)  loss 0.6097  lr 2.30e-04
    step 1800/6987 (global micro 15774/20961, update 15774/20961)  loss 0.4578  lr 2.29e-04
    step 1825/6987 (global micro 15799/20961, update 15799/20961)  loss 0.4554  lr 2.28e-04
    step 1850/6987 (global micro 15824/20961, update 15824/20961)  loss 0.5108  lr 2.27e-04
    step 1875/6987 (global micro 15849/20961, update 15849/20961)  loss 0.5706  lr 2.26e-04
    step 1900/6987 (global micro 15874/20961, update 15874/20961)  loss 0.5622  lr 2.25e-04
    step 1925/6987 (global micro 15899/20961, update 15899/20961)  loss 0.4916  lr 2.23e-04
    step 1950/6987 (global micro 15924/20961, update 15924/20961)  loss 0.4877  lr 2.22e-04
    step 1975/6987 (global micro 15949/20961, update 15949/20961)  loss 0.6503  lr 2.21e-04
    step 2000/6987 (global micro 15974/20961, update 15974/20961)  loss 0.5346  lr 2.20e-04
    step 2025/6987 (global micro 15999/20961, update 15999/20961)  loss 0.5237  lr 2.19e-04
    step 2050/6987 (global micro 16024/20961, update 16024/20961)  loss 0.6708  lr 2.18e-04
    step 2075/6987 (global micro 16049/20961, update 16049/20961)  loss 0.5421  lr 2.17e-04
    step 2100/6987 (global micro 16074/20961, update 16074/20961)  loss 0.4912  lr 2.15e-04
    step 2125/6987 (global micro 16099/20961, update 16099/20961)  loss 0.5459  lr 2.14e-04
    step 2150/6987 (global micro 16124/20961, update 16124/20961)  loss 0.5366  lr 2.13e-04
    step 2175/6987 (global micro 16149/20961, update 16149/20961)  loss 0.5752  lr 2.12e-04
    step 2200/6987 (global micro 16174/20961, update 16174/20961)  loss 0.5338  lr 2.11e-04
    step 2225/6987 (global micro 16199/20961, update 16199/20961)  loss 0.5258  lr 2.10e-04
    step 2250/6987 (global micro 16224/20961, update 16224/20961)  loss 0.7189  lr 2.09e-04
    step 2275/6987 (global micro 16249/20961, update 16249/20961)  loss 0.5850  lr 2.08e-04
    step 2300/6987 (global micro 16274/20961, update 16274/20961)  loss 0.5322  lr 2.07e-04
    step 2325/6987 (global micro 16299/20961, update 16299/20961)  loss 0.5023  lr 2.05e-04
    step 2350/6987 (global micro 16324/20961, update 16324/20961)  loss 0.5403  lr 2.04e-04
    step 2375/6987 (global micro 16349/20961, update 16349/20961)  loss 0.6011  lr 2.03e-04
    step 2400/6987 (global micro 16374/20961, update 16374/20961)  loss 0.6683  lr 2.02e-04
    step 2425/6987 (global micro 16399/20961, update 16399/20961)  loss 0.6014  lr 2.01e-04
    step 2450/6987 (global micro 16424/20961, update 16424/20961)  loss 0.4786  lr 2.00e-04
    step 2475/6987 (global micro 16449/20961, update 16449/20961)  loss 0.4297  lr 1.99e-04
    step 2500/6987 (global micro 16474/20961, update 16474/20961)  loss 0.5584  lr 1.98e-04
    step 2525/6987 (global micro 16499/20961, update 16499/20961)  loss 0.5076  lr 1.97e-04
    step 2550/6987 (global micro 16524/20961, update 16524/20961)  loss 0.5378  lr 1.96e-04
    step 2575/6987 (global micro 16549/20961, update 16549/20961)  loss 0.5785  lr 1.95e-04
    step 2600/6987 (global micro 16574/20961, update 16574/20961)  loss 0.6752  lr 1.94e-04
    step 2625/6987 (global micro 16599/20961, update 16599/20961)  loss 0.3968  lr 1.93e-04
    step 2650/6987 (global micro 16624/20961, update 16624/20961)  loss 0.6340  lr 1.92e-04
    step 2675/6987 (global micro 16649/20961, update 16649/20961)  loss 0.5345  lr 1.91e-04
    step 2700/6987 (global micro 16674/20961, update 16674/20961)  loss 0.5850  lr 1.90e-04
    step 2725/6987 (global micro 16699/20961, update 16699/20961)  loss 0.7062  lr 1.89e-04
    step 2750/6987 (global micro 16724/20961, update 16724/20961)  loss 0.5948  lr 1.88e-04
    step 2775/6987 (global micro 16749/20961, update 16749/20961)  loss 0.6453  lr 1.87e-04
    step 2800/6987 (global micro 16774/20961, update 16774/20961)  loss 0.5645  lr 1.86e-04
    step 2825/6987 (global micro 16799/20961, update 16799/20961)  loss 0.6360  lr 1.85e-04
    step 2850/6987 (global micro 16824/20961, update 16824/20961)  loss 0.4695  lr 1.84e-04
    step 2875/6987 (global micro 16849/20961, update 16849/20961)  loss 0.4516  lr 1.83e-04
    step 2900/6987 (global micro 16874/20961, update 16874/20961)  loss 0.4806  lr 1.82e-04
    step 2925/6987 (global micro 16899/20961, update 16899/20961)  loss 0.4091  lr 1.81e-04
    step 2950/6987 (global micro 16924/20961, update 16924/20961)  loss 0.4607  lr 1.80e-04
    step 2975/6987 (global micro 16949/20961, update 16949/20961)  loss 0.5372  lr 1.79e-04
    step 3000/6987 (global micro 16974/20961, update 16974/20961)  loss 0.5275  lr 1.78e-04
    step 3025/6987 (global micro 16999/20961, update 16999/20961)  loss 0.6286  lr 1.77e-04
    step 3050/6987 (global micro 17024/20961, update 17024/20961)  loss 0.6586  lr 1.76e-04
    step 3075/6987 (global micro 17049/20961, update 17049/20961)  loss 0.7561  lr 1.75e-04
    step 3100/6987 (global micro 17074/20961, update 17074/20961)  loss 0.5654  lr 1.74e-04
    step 3125/6987 (global micro 17099/20961, update 17099/20961)  loss 0.5098  lr 1.73e-04
    step 3150/6987 (global micro 17124/20961, update 17124/20961)  loss 0.4925  lr 1.72e-04
    step 3175/6987 (global micro 17149/20961, update 17149/20961)  loss 0.4246  lr 1.71e-04
    step 3200/6987 (global micro 17174/20961, update 17174/20961)  loss 0.4702  lr 1.71e-04
    step 3225/6987 (global micro 17199/20961, update 17199/20961)  loss 0.5575  lr 1.70e-04
    step 3250/6987 (global micro 17224/20961, update 17224/20961)  loss 0.4258  lr 1.69e-04
    step 3275/6987 (global micro 17249/20961, update 17249/20961)  loss 0.4412  lr 1.68e-04
    step 3300/6987 (global micro 17274/20961, update 17274/20961)  loss 0.5379  lr 1.67e-04
    step 3325/6987 (global micro 17299/20961, update 17299/20961)  loss 0.5062  lr 1.66e-04
    step 3350/6987 (global micro 17324/20961, update 17324/20961)  loss 0.5425  lr 1.65e-04
    step 3375/6987 (global micro 17349/20961, update 17349/20961)  loss 0.5352  lr 1.64e-04
    step 3400/6987 (global micro 17374/20961, update 17374/20961)  loss 0.6237  lr 1.63e-04
    step 3425/6987 (global micro 17399/20961, update 17399/20961)  loss 0.4608  lr 1.63e-04
    step 3450/6987 (global micro 17424/20961, update 17424/20961)  loss 0.5594  lr 1.62e-04
    step 3475/6987 (global micro 17449/20961, update 17449/20961)  loss 0.4451  lr 1.61e-04
    step 3500/6987 (global micro 17474/20961, update 17474/20961)  loss 0.5738  lr 1.60e-04
    step 3525/6987 (global micro 17499/20961, update 17499/20961)  loss 0.5649  lr 1.59e-04
    step 3550/6987 (global micro 17524/20961, update 17524/20961)  loss 0.5387  lr 1.58e-04
    step 3575/6987 (global micro 17549/20961, update 17549/20961)  loss 0.6431  lr 1.58e-04
    step 3600/6987 (global micro 17574/20961, update 17574/20961)  loss 0.5674  lr 1.57e-04
    step 3625/6987 (global micro 17599/20961, update 17599/20961)  loss 0.5970  lr 1.56e-04
    step 3650/6987 (global micro 17624/20961, update 17624/20961)  loss 0.6554  lr 1.55e-04
    step 3675/6987 (global micro 17649/20961, update 17649/20961)  loss 0.5191  lr 1.54e-04
    step 3700/6987 (global micro 17674/20961, update 17674/20961)  loss 0.5864  lr 1.54e-04
    step 3725/6987 (global micro 17699/20961, update 17699/20961)  loss 0.5693  lr 1.53e-04
    step 3750/6987 (global micro 17724/20961, update 17724/20961)  loss 0.5820  lr 1.52e-04
    step 3775/6987 (global micro 17749/20961, update 17749/20961)  loss 0.4954  lr 1.51e-04
    step 3800/6987 (global micro 17774/20961, update 17774/20961)  loss 0.5040  lr 1.50e-04
    step 3825/6987 (global micro 17799/20961, update 17799/20961)  loss 0.5077  lr 1.50e-04
    step 3850/6987 (global micro 17824/20961, update 17824/20961)  loss 0.6707  lr 1.49e-04
    step 3875/6987 (global micro 17849/20961, update 17849/20961)  loss 0.6013  lr 1.48e-04
    step 3900/6987 (global micro 17874/20961, update 17874/20961)  loss 0.5997  lr 1.47e-04
    step 3925/6987 (global micro 17899/20961, update 17899/20961)  loss 0.5734  lr 1.47e-04
    step 3950/6987 (global micro 17924/20961, update 17924/20961)  loss 0.5195  lr 1.46e-04
    step 3975/6987 (global micro 17949/20961, update 17949/20961)  loss 0.5057  lr 1.45e-04
    step 4000/6987 (global micro 17974/20961, update 17974/20961)  loss 0.5824  lr 1.44e-04
    step 4025/6987 (global micro 17999/20961, update 17999/20961)  loss 0.5389  lr 1.44e-04
    step 4050/6987 (global micro 18024/20961, update 18024/20961)  loss 0.7546  lr 1.43e-04
    step 4075/6987 (global micro 18049/20961, update 18049/20961)  loss 0.4160  lr 1.42e-04
    step 4100/6987 (global micro 18074/20961, update 18074/20961)  loss 0.5574  lr 1.41e-04
    step 4125/6987 (global micro 18099/20961, update 18099/20961)  loss 0.6787  lr 1.41e-04
    step 4150/6987 (global micro 18124/20961, update 18124/20961)  loss 0.5492  lr 1.40e-04
    step 4175/6987 (global micro 18149/20961, update 18149/20961)  loss 0.4262  lr 1.39e-04
    step 4200/6987 (global micro 18174/20961, update 18174/20961)  loss 0.4711  lr 1.39e-04
    step 4225/6987 (global micro 18199/20961, update 18199/20961)  loss 0.5407  lr 1.38e-04
    step 4250/6987 (global micro 18224/20961, update 18224/20961)  loss 0.6067  lr 1.37e-04
    step 4275/6987 (global micro 18249/20961, update 18249/20961)  loss 0.5602  lr 1.37e-04
    step 4300/6987 (global micro 18274/20961, update 18274/20961)  loss 0.3645  lr 1.36e-04
    step 4325/6987 (global micro 18299/20961, update 18299/20961)  loss 0.4647  lr 1.35e-04
    step 4350/6987 (global micro 18324/20961, update 18324/20961)  loss 0.5191  lr 1.35e-04
    step 4375/6987 (global micro 18349/20961, update 18349/20961)  loss 0.5824  lr 1.34e-04
    step 4400/6987 (global micro 18374/20961, update 18374/20961)  loss 0.7267  lr 1.33e-04
    step 4425/6987 (global micro 18399/20961, update 18399/20961)  loss 0.5828  lr 1.33e-04
    step 4450/6987 (global micro 18424/20961, update 18424/20961)  loss 0.5394  lr 1.32e-04
    step 4475/6987 (global micro 18449/20961, update 18449/20961)  loss 0.4881  lr 1.32e-04
    step 4500/6987 (global micro 18474/20961, update 18474/20961)  loss 0.5080  lr 1.31e-04
    step 4525/6987 (global micro 18499/20961, update 18499/20961)  loss 0.5184  lr 1.30e-04
    step 4550/6987 (global micro 18524/20961, update 18524/20961)  loss 0.4633  lr 1.30e-04
    step 4575/6987 (global micro 18549/20961, update 18549/20961)  loss 0.6003  lr 1.29e-04
    step 4600/6987 (global micro 18574/20961, update 18574/20961)  loss 0.6013  lr 1.28e-04
    step 4625/6987 (global micro 18599/20961, update 18599/20961)  loss 0.4795  lr 1.28e-04
    step 4650/6987 (global micro 18624/20961, update 18624/20961)  loss 0.5916  lr 1.27e-04
    step 4675/6987 (global micro 18649/20961, update 18649/20961)  loss 0.5983  lr 1.27e-04
    step 4700/6987 (global micro 18674/20961, update 18674/20961)  loss 0.3987  lr 1.26e-04
    step 4725/6987 (global micro 18699/20961, update 18699/20961)  loss 0.4940  lr 1.26e-04
    step 4750/6987 (global micro 18724/20961, update 18724/20961)  loss 0.5410  lr 1.25e-04
    step 4775/6987 (global micro 18749/20961, update 18749/20961)  loss 0.6170  lr 1.25e-04
    step 4800/6987 (global micro 18774/20961, update 18774/20961)  loss 0.5605  lr 1.24e-04
    step 4825/6987 (global micro 18799/20961, update 18799/20961)  loss 0.5497  lr 1.23e-04
    step 4850/6987 (global micro 18824/20961, update 18824/20961)  loss 0.5383  lr 1.23e-04
    step 4875/6987 (global micro 18849/20961, update 18849/20961)  loss 0.4727  lr 1.22e-04
    step 4900/6987 (global micro 18874/20961, update 18874/20961)  loss 0.4542  lr 1.22e-04
    step 4925/6987 (global micro 18899/20961, update 18899/20961)  loss 0.5166  lr 1.21e-04
    step 4950/6987 (global micro 18924/20961, update 18924/20961)  loss 0.5119  lr 1.21e-04
    step 4975/6987 (global micro 18949/20961, update 18949/20961)  loss 0.4724  lr 1.20e-04
    step 5000/6987 (global micro 18974/20961, update 18974/20961)  loss 0.5533  lr 1.20e-04
    step 5025/6987 (global micro 18999/20961, update 18999/20961)  loss 0.4218  lr 1.19e-04
    step 5050/6987 (global micro 19024/20961, update 19024/20961)  loss 0.4448  lr 1.19e-04
    step 5075/6987 (global micro 19049/20961, update 19049/20961)  loss 0.5158  lr 1.18e-04
    step 5100/6987 (global micro 19074/20961, update 19074/20961)  loss 0.5591  lr 1.18e-04
    step 5125/6987 (global micro 19099/20961, update 19099/20961)  loss 0.4906  lr 1.17e-04
    step 5150/6987 (global micro 19124/20961, update 19124/20961)  loss 0.3806  lr 1.17e-04
    step 5175/6987 (global micro 19149/20961, update 19149/20961)  loss 0.5227  lr 1.16e-04
    step 5200/6987 (global micro 19174/20961, update 19174/20961)  loss 0.5664  lr 1.16e-04
    step 5225/6987 (global micro 19199/20961, update 19199/20961)  loss 0.4830  lr 1.16e-04
    step 5250/6987 (global micro 19224/20961, update 19224/20961)  loss 0.5555  lr 1.15e-04
    step 5275/6987 (global micro 19249/20961, update 19249/20961)  loss 0.5247  lr 1.15e-04
    step 5300/6987 (global micro 19274/20961, update 19274/20961)  loss 0.5458  lr 1.14e-04
    step 5325/6987 (global micro 19299/20961, update 19299/20961)  loss 0.6094  lr 1.14e-04
    step 5350/6987 (global micro 19324/20961, update 19324/20961)  loss 0.6149  lr 1.13e-04
    step 5375/6987 (global micro 19349/20961, update 19349/20961)  loss 0.6000  lr 1.13e-04
    step 5400/6987 (global micro 19374/20961, update 19374/20961)  loss 0.5234  lr 1.13e-04
    step 5425/6987 (global micro 19399/20961, update 19399/20961)  loss 0.5113  lr 1.12e-04
    step 5450/6987 (global micro 19424/20961, update 19424/20961)  loss 0.4265  lr 1.12e-04
    step 5475/6987 (global micro 19449/20961, update 19449/20961)  loss 0.5460  lr 1.12e-04
    step 5500/6987 (global micro 19474/20961, update 19474/20961)  loss 0.4450  lr 1.11e-04
    step 5525/6987 (global micro 19499/20961, update 19499/20961)  loss 0.4426  lr 1.11e-04
    step 5550/6987 (global micro 19524/20961, update 19524/20961)  loss 0.5141  lr 1.10e-04
    step 5575/6987 (global micro 19549/20961, update 19549/20961)  loss 0.5599  lr 1.10e-04
    step 5600/6987 (global micro 19574/20961, update 19574/20961)  loss 0.5223  lr 1.10e-04
    step 5625/6987 (global micro 19599/20961, update 19599/20961)  loss 0.5381  lr 1.09e-04
    step 5650/6987 (global micro 19624/20961, update 19624/20961)  loss 0.5961  lr 1.09e-04
    step 5675/6987 (global micro 19649/20961, update 19649/20961)  loss 0.6310  lr 1.09e-04
    step 5700/6987 (global micro 19674/20961, update 19674/20961)  loss 0.4846  lr 1.08e-04
    step 5725/6987 (global micro 19699/20961, update 19699/20961)  loss 0.4776  lr 1.08e-04
    step 5750/6987 (global micro 19724/20961, update 19724/20961)  loss 0.6046  lr 1.08e-04
    step 5775/6987 (global micro 19749/20961, update 19749/20961)  loss 0.5526  lr 1.07e-04
    step 5800/6987 (global micro 19774/20961, update 19774/20961)  loss 0.5334  lr 1.07e-04
    step 5825/6987 (global micro 19799/20961, update 19799/20961)  loss 0.3231  lr 1.07e-04
    step 5850/6987 (global micro 19824/20961, update 19824/20961)  loss 0.5359  lr 1.07e-04
    step 5875/6987 (global micro 19849/20961, update 19849/20961)  loss 0.5548  lr 1.06e-04
    step 5900/6987 (global micro 19874/20961, update 19874/20961)  loss 0.5431  lr 1.06e-04
    step 5925/6987 (global micro 19899/20961, update 19899/20961)  loss 0.5255  lr 1.06e-04
    step 5950/6987 (global micro 19924/20961, update 19924/20961)  loss 0.4025  lr 1.05e-04
    step 5975/6987 (global micro 19949/20961, update 19949/20961)  loss 0.4769  lr 1.05e-04
    step 6000/6987 (global micro 19974/20961, update 19974/20961)  loss 0.5775  lr 1.05e-04
    step 6025/6987 (global micro 19999/20961, update 19999/20961)  loss 0.4802  lr 1.05e-04
    step 6050/6987 (global micro 20024/20961, update 20024/20961)  loss 0.4963  lr 1.04e-04
    step 6075/6987 (global micro 20049/20961, update 20049/20961)  loss 0.5646  lr 1.04e-04
    step 6100/6987 (global micro 20074/20961, update 20074/20961)  loss 0.5860  lr 1.04e-04
    step 6125/6987 (global micro 20099/20961, update 20099/20961)  loss 0.4231  lr 1.04e-04
    step 6150/6987 (global micro 20124/20961, update 20124/20961)  loss 0.4916  lr 1.04e-04
    step 6175/6987 (global micro 20149/20961, update 20149/20961)  loss 0.6318  lr 1.03e-04
    step 6200/6987 (global micro 20174/20961, update 20174/20961)  loss 0.5119  lr 1.03e-04
    step 6225/6987 (global micro 20199/20961, update 20199/20961)  loss 0.5990  lr 1.03e-04
    step 6250/6987 (global micro 20224/20961, update 20224/20961)  loss 0.4843  lr 1.03e-04
    step 6275/6987 (global micro 20249/20961, update 20249/20961)  loss 0.4967  lr 1.03e-04
    step 6300/6987 (global micro 20274/20961, update 20274/20961)  loss 0.4533  lr 1.02e-04
    step 6325/6987 (global micro 20299/20961, update 20299/20961)  loss 0.4587  lr 1.02e-04
    step 6350/6987 (global micro 20324/20961, update 20324/20961)  loss 0.6462  lr 1.02e-04
    step 6375/6987 (global micro 20349/20961, update 20349/20961)  loss 0.5575  lr 1.02e-04
    step 6400/6987 (global micro 20374/20961, update 20374/20961)  loss 0.5162  lr 1.02e-04
    step 6425/6987 (global micro 20399/20961, update 20399/20961)  loss 0.5128  lr 1.02e-04
    step 6450/6987 (global micro 20424/20961, update 20424/20961)  loss 0.5534  lr 1.01e-04
    step 6475/6987 (global micro 20449/20961, update 20449/20961)  loss 0.4438  lr 1.01e-04
    step 6500/6987 (global micro 20474/20961, update 20474/20961)  loss 0.5589  lr 1.01e-04
    step 6525/6987 (global micro 20499/20961, update 20499/20961)  loss 0.5782  lr 1.01e-04
    step 6550/6987 (global micro 20524/20961, update 20524/20961)  loss 0.5561  lr 1.01e-04
    step 6575/6987 (global micro 20549/20961, update 20549/20961)  loss 0.5701  lr 1.01e-04
    step 6600/6987 (global micro 20574/20961, update 20574/20961)  loss 0.4497  lr 1.01e-04
    step 6625/6987 (global micro 20599/20961, update 20599/20961)  loss 0.3991  lr 1.01e-04
    step 6650/6987 (global micro 20624/20961, update 20624/20961)  loss 0.4886  lr 1.01e-04
    step 6675/6987 (global micro 20649/20961, update 20649/20961)  loss 0.4891  lr 1.00e-04
    step 6700/6987 (global micro 20674/20961, update 20674/20961)  loss 0.5020  lr 1.00e-04
    step 6725/6987 (global micro 20699/20961, update 20699/20961)  loss 0.6687  lr 1.00e-04
    step 6750/6987 (global micro 20724/20961, update 20724/20961)  loss 0.4528  lr 1.00e-04
    step 6775/6987 (global micro 20749/20961, update 20749/20961)  loss 0.4910  lr 1.00e-04
    step 6800/6987 (global micro 20774/20961, update 20774/20961)  loss 0.6580  lr 1.00e-04
    step 6825/6987 (global micro 20799/20961, update 20799/20961)  loss 0.4953  lr 1.00e-04
    step 6850/6987 (global micro 20824/20961, update 20824/20961)  loss 0.5536  lr 1.00e-04
    step 6875/6987 (global micro 20849/20961, update 20849/20961)  loss 0.5065  lr 1.00e-04
    step 6900/6987 (global micro 20874/20961, update 20874/20961)  loss 0.3894  lr 1.00e-04
    step 6925/6987 (global micro 20899/20961, update 20899/20961)  loss 0.5185  lr 1.00e-04
    step 6950/6987 (global micro 20924/20961, update 20924/20961)  loss 0.4129  lr 1.00e-04
    step 6975/6987 (global micro 20949/20961, update 20949/20961)  loss 0.5961  lr 1.00e-04
    step 6987/6987 (global micro 20961/20961, update 20961/20961)  loss 0.4244  lr 1.00e-04
  epoch   3/3  loss 0.5373  lr 1.00e-04  (2743.1s)
  Epoch checkpoint: core/run_6_oversample_reasoning_x2_e3.pt

  Best loss: 0.5373
  Checkpoint saved: core/run_6_oversample_reasoning_x2.pt

