  Training audit: PASSED
  Python: /home/aomukai/.unsloth/studio/unsloth_studio/bin/python
  Device: cuda
  Phase: 0
  Seed: 1337
  Resume checkpoint: checkpoints/run1_e5.pt

============================================================
  BDH Phase 0 Training
============================================================
  Data files: ['training/corpus/run3_corpus.txt']
  Total bytes: 14,069,529
  Pre-loading corpus tensor...
  Corpus tensor: 14,069,529 tokens
  Model: small-25m (25.3M params)
  Resuming from: checkpoints/run1_e5.pt
  [warn] Missing keys: ['decoder', 'encoder', 'encoder_v']
  [warn] Unexpected keys: ['decoder.0', 'decoder.1', 'decoder.2', 'decoder.3', 'decoder.4']...
  Seed: 1337  |  Deterministic: enabled
  Epochs: 3  |  Windows/epoch: 54959  |  Micro-steps/epoch: 6870  |  Optimizer updates/epoch: 6870  |  Total optimizer updates: 20610  |  LR: 0.001
  Block size: 256  |  Batch size: 8
  Grad accumulation: 1
  AMP bf16: enabled
  Data mode: phase_text
  VRAM logging: disabled
  Log interval: every 25 step(s)
  Output: core/run_3_interleaved.pt

    step    1/6870 (global micro     1/20610, update     1/20610)  loss 7.5443  lr 1.00e-03
    step   25/6870 (global micro    25/20610, update    25/20610)  loss 3.0888  lr 1.00e-03
    step   50/6870 (global micro    50/20610, update    50/20610)  loss 2.9601  lr 1.00e-03
    step   75/6870 (global micro    75/20610, update    75/20610)  loss 2.6184  lr 1.00e-03
    step  100/6870 (global micro   100/20610, update   100/20610)  loss 2.5322  lr 1.00e-03
    step  125/6870 (global micro   125/20610, update   125/20610)  loss 2.5426  lr 1.00e-03
    step  150/6870 (global micro   150/20610, update   150/20610)  loss 2.5130  lr 1.00e-03
    step  175/6870 (global micro   175/20610, update   175/20610)  loss 2.2170  lr 1.00e-03
    step  200/6870 (global micro   200/20610, update   200/20610)  loss 2.0145  lr 1.00e-03
    step  225/6870 (global micro   225/20610, update   225/20610)  loss 1.9800  lr 1.00e-03
    step  250/6870 (global micro   250/20610, update   250/20610)  loss 1.9564  lr 1.00e-03
    step  275/6870 (global micro   275/20610, update   275/20610)  loss 1.9974  lr 1.00e-03
    step  300/6870 (global micro   300/20610, update   300/20610)  loss 1.9498  lr 1.00e-03
    step  325/6870 (global micro   325/20610, update   325/20610)  loss 1.7528  lr 9.99e-04
    step  350/6870 (global micro   350/20610, update   350/20610)  loss 1.8595  lr 9.99e-04
    step  375/6870 (global micro   375/20610, update   375/20610)  loss 1.6424  lr 9.99e-04
    step  400/6870 (global micro   400/20610, update   400/20610)  loss 1.8088  lr 9.99e-04
    step  425/6870 (global micro   425/20610, update   425/20610)  loss 1.8263  lr 9.99e-04
    step  450/6870 (global micro   450/20610, update   450/20610)  loss 1.7639  lr 9.99e-04
    step  475/6870 (global micro   475/20610, update   475/20610)  loss 1.7087  lr 9.99e-04
    step  500/6870 (global micro   500/20610, update   500/20610)  loss 1.6514  lr 9.99e-04
    step  525/6870 (global micro   525/20610, update   525/20610)  loss 1.6287  lr 9.99e-04
    step  550/6870 (global micro   550/20610, update   550/20610)  loss 1.6060  lr 9.98e-04
    step  575/6870 (global micro   575/20610, update   575/20610)  loss 1.8162  lr 9.98e-04
    step  600/6870 (global micro   600/20610, update   600/20610)  loss 1.5331  lr 9.98e-04
    step  625/6870 (global micro   625/20610, update   625/20610)  loss 1.5236  lr 9.98e-04
    step  650/6870 (global micro   650/20610, update   650/20610)  loss 1.4818  lr 9.98e-04
    step  675/6870 (global micro   675/20610, update   675/20610)  loss 1.5219  lr 9.98e-04
    step  700/6870 (global micro   700/20610, update   700/20610)  loss 1.4123  lr 9.97e-04
    step  725/6870 (global micro   725/20610, update   725/20610)  loss 1.6814  lr 9.97e-04
    step  750/6870 (global micro   750/20610, update   750/20610)  loss 1.6169  lr 9.97e-04
    step  775/6870 (global micro   775/20610, update   775/20610)  loss 1.6376  lr 9.97e-04
    step  800/6870 (global micro   800/20610, update   800/20610)  loss 1.4422  lr 9.97e-04
    step  825/6870 (global micro   825/20610, update   825/20610)  loss 1.5621  lr 9.96e-04
    step  850/6870 (global micro   850/20610, update   850/20610)  loss 1.2696  lr 9.96e-04
    step  875/6870 (global micro   875/20610, update   875/20610)  loss 1.5547  lr 9.96e-04
    step  900/6870 (global micro   900/20610, update   900/20610)  loss 1.4199  lr 9.96e-04
    step  925/6870 (global micro   925/20610, update   925/20610)  loss 1.4151  lr 9.96e-04
    step  950/6870 (global micro   950/20610, update   950/20610)  loss 1.5019  lr 9.95e-04
    step  975/6870 (global micro   975/20610, update   975/20610)  loss 1.4719  lr 9.95e-04
    step 1000/6870 (global micro  1000/20610, update  1000/20610)  loss 1.5421  lr 9.95e-04
    step 1025/6870 (global micro  1025/20610, update  1025/20610)  loss 1.3084  lr 9.95e-04
    step 1050/6870 (global micro  1050/20610, update  1050/20610)  loss 1.5347  lr 9.94e-04
    step 1075/6870 (global micro  1075/20610, update  1075/20610)  loss 1.3177  lr 9.94e-04
    step 1100/6870 (global micro  1100/20610, update  1100/20610)  loss 1.3998  lr 9.94e-04
    step 1125/6870 (global micro  1125/20610, update  1125/20610)  loss 1.4954  lr 9.93e-04
    step 1150/6870 (global micro  1150/20610, update  1150/20610)  loss 1.4399  lr 9.93e-04
    step 1175/6870 (global micro  1175/20610, update  1175/20610)  loss 1.2798  lr 9.93e-04
    step 1200/6870 (global micro  1200/20610, update  1200/20610)  loss 1.2607  lr 9.92e-04
    step 1225/6870 (global micro  1225/20610, update  1225/20610)  loss 1.1778  lr 9.92e-04
    step 1250/6870 (global micro  1250/20610, update  1250/20610)  loss 1.4121  lr 9.92e-04
    step 1275/6870 (global micro  1275/20610, update  1275/20610)  loss 1.4319  lr 9.92e-04
    step 1300/6870 (global micro  1300/20610, update  1300/20610)  loss 1.2531  lr 9.91e-04
    step 1325/6870 (global micro  1325/20610, update  1325/20610)  loss 1.4277  lr 9.91e-04
    step 1350/6870 (global micro  1350/20610, update  1350/20610)  loss 1.2758  lr 9.91e-04
    step 1375/6870 (global micro  1375/20610, update  1375/20610)  loss 1.1698  lr 9.90e-04
    step 1400/6870 (global micro  1400/20610, update  1400/20610)  loss 1.2885  lr 9.90e-04
    step 1425/6870 (global micro  1425/20610, update  1425/20610)  loss 1.4012  lr 9.89e-04
    step 1450/6870 (global micro  1450/20610, update  1450/20610)  loss 1.5412  lr 9.89e-04
    step 1475/6870 (global micro  1475/20610, update  1475/20610)  loss 1.1938  lr 9.89e-04
    step 1500/6870 (global micro  1500/20610, update  1500/20610)  loss 1.1651  lr 9.88e-04
    step 1525/6870 (global micro  1525/20610, update  1525/20610)  loss 1.3076  lr 9.88e-04
    step 1550/6870 (global micro  1550/20610, update  1550/20610)  loss 1.1173  lr 9.87e-04
    step 1575/6870 (global micro  1575/20610, update  1575/20610)  loss 1.4994  lr 9.87e-04
    step 1600/6870 (global micro  1600/20610, update  1600/20610)  loss 1.3479  lr 9.87e-04
    step 1625/6870 (global micro  1625/20610, update  1625/20610)  loss 1.1822  lr 9.86e-04
    step 1650/6870 (global micro  1650/20610, update  1650/20610)  loss 1.6478  lr 9.86e-04
    step 1675/6870 (global micro  1675/20610, update  1675/20610)  loss 1.0928  lr 9.85e-04
    step 1700/6870 (global micro  1700/20610, update  1700/20610)  loss 1.1215  lr 9.85e-04
    step 1725/6870 (global micro  1725/20610, update  1725/20610)  loss 1.3021  lr 9.85e-04
    step 1750/6870 (global micro  1750/20610, update  1750/20610)  loss 1.1314  lr 9.84e-04
    step 1775/6870 (global micro  1775/20610, update  1775/20610)  loss 1.1778  lr 9.84e-04
    step 1800/6870 (global micro  1800/20610, update  1800/20610)  loss 1.2408  lr 9.83e-04
    step 1825/6870 (global micro  1825/20610, update  1825/20610)  loss 1.3602  lr 9.83e-04
    step 1850/6870 (global micro  1850/20610, update  1850/20610)  loss 1.1352  lr 9.82e-04
    step 1875/6870 (global micro  1875/20610, update  1875/20610)  loss 1.2645  lr 9.82e-04
    step 1900/6870 (global micro  1900/20610, update  1900/20610)  loss 1.2405  lr 9.81e-04
    step 1925/6870 (global micro  1925/20610, update  1925/20610)  loss 1.1726  lr 9.81e-04
    step 1950/6870 (global micro  1950/20610, update  1950/20610)  loss 1.3317  lr 9.80e-04
    step 1975/6870 (global micro  1975/20610, update  1975/20610)  loss 1.2173  lr 9.80e-04
    step 2000/6870 (global micro  2000/20610, update  2000/20610)  loss 1.2639  lr 9.79e-04
    step 2025/6870 (global micro  2025/20610, update  2025/20610)  loss 1.1026  lr 9.79e-04
    step 2050/6870 (global micro  2050/20610, update  2050/20610)  loss 1.2005  lr 9.78e-04
    step 2075/6870 (global micro  2075/20610, update  2075/20610)  loss 1.3987  lr 9.78e-04
    step 2100/6870 (global micro  2100/20610, update  2100/20610)  loss 1.1847  lr 9.77e-04
    step 2125/6870 (global micro  2125/20610, update  2125/20610)  loss 1.0971  lr 9.77e-04
    step 2150/6870 (global micro  2150/20610, update  2150/20610)  loss 1.3262  lr 9.76e-04
    step 2175/6870 (global micro  2175/20610, update  2175/20610)  loss 1.0492  lr 9.75e-04
    step 2200/6870 (global micro  2200/20610, update  2200/20610)  loss 1.1169  lr 9.75e-04
    step 2225/6870 (global micro  2225/20610, update  2225/20610)  loss 1.1048  lr 9.74e-04
    step 2250/6870 (global micro  2250/20610, update  2250/20610)  loss 1.3058  lr 9.74e-04
    step 2275/6870 (global micro  2275/20610, update  2275/20610)  loss 1.3136  lr 9.73e-04
    step 2300/6870 (global micro  2300/20610, update  2300/20610)  loss 1.1023  lr 9.73e-04
    step 2325/6870 (global micro  2325/20610, update  2325/20610)  loss 1.4449  lr 9.72e-04
    step 2350/6870 (global micro  2350/20610, update  2350/20610)  loss 1.0517  lr 9.71e-04
    step 2375/6870 (global micro  2375/20610, update  2375/20610)  loss 1.2857  lr 9.71e-04
    step 2400/6870 (global micro  2400/20610, update  2400/20610)  loss 1.2784  lr 9.70e-04
    step 2425/6870 (global micro  2425/20610, update  2425/20610)  loss 1.1369  lr 9.70e-04
    step 2450/6870 (global micro  2450/20610, update  2450/20610)  loss 1.1093  lr 9.69e-04
    step 2475/6870 (global micro  2475/20610, update  2475/20610)  loss 1.1752  lr 9.68e-04
    step 2500/6870 (global micro  2500/20610, update  2500/20610)  loss 1.0851  lr 9.68e-04
    step 2525/6870 (global micro  2525/20610, update  2525/20610)  loss 1.1313  lr 9.67e-04
    step 2550/6870 (global micro  2550/20610, update  2550/20610)  loss 1.2312  lr 9.66e-04
    step 2575/6870 (global micro  2575/20610, update  2575/20610)  loss 1.2223  lr 9.66e-04
    step 2600/6870 (global micro  2600/20610, update  2600/20610)  loss 1.2154  lr 9.65e-04
    step 2625/6870 (global micro  2625/20610, update  2625/20610)  loss 1.1112  lr 9.64e-04
    step 2650/6870 (global micro  2650/20610, update  2650/20610)  loss 1.0313  lr 9.64e-04
    step 2675/6870 (global micro  2675/20610, update  2675/20610)  loss 0.9765  lr 9.63e-04
    step 2700/6870 (global micro  2700/20610, update  2700/20610)  loss 1.0616  lr 9.62e-04
    step 2725/6870 (global micro  2725/20610, update  2725/20610)  loss 0.9696  lr 9.62e-04
    step 2750/6870 (global micro  2750/20610, update  2750/20610)  loss 1.1254  lr 9.61e-04
    step 2775/6870 (global micro  2775/20610, update  2775/20610)  loss 1.0813  lr 9.60e-04
    step 2800/6870 (global micro  2800/20610, update  2800/20610)  loss 1.2891  lr 9.60e-04
    step 2825/6870 (global micro  2825/20610, update  2825/20610)  loss 0.9377  lr 9.59e-04
    step 2850/6870 (global micro  2850/20610, update  2850/20610)  loss 1.0115  lr 9.58e-04
    step 2875/6870 (global micro  2875/20610, update  2875/20610)  loss 1.1260  lr 9.57e-04
    step 2900/6870 (global micro  2900/20610, update  2900/20610)  loss 0.9188  lr 9.57e-04
    step 2925/6870 (global micro  2925/20610, update  2925/20610)  loss 1.0775  lr 9.56e-04
    step 2950/6870 (global micro  2950/20610, update  2950/20610)  loss 0.9972  lr 9.55e-04
    step 2975/6870 (global micro  2975/20610, update  2975/20610)  loss 1.1872  lr 9.55e-04
    step 3000/6870 (global micro  3000/20610, update  3000/20610)  loss 1.3600  lr 9.54e-04
    step 3025/6870 (global micro  3025/20610, update  3025/20610)  loss 1.1282  lr 9.53e-04
    step 3050/6870 (global micro  3050/20610, update  3050/20610)  loss 1.0233  lr 9.52e-04
    step 3075/6870 (global micro  3075/20610, update  3075/20610)  loss 1.0278  lr 9.51e-04
    step 3100/6870 (global micro  3100/20610, update  3100/20610)  loss 1.0248  lr 9.51e-04
    step 3125/6870 (global micro  3125/20610, update  3125/20610)  loss 1.0059  lr 9.50e-04
    step 3150/6870 (global micro  3150/20610, update  3150/20610)  loss 1.0593  lr 9.49e-04
    step 3175/6870 (global micro  3175/20610, update  3175/20610)  loss 0.8879  lr 9.48e-04
    step 3200/6870 (global micro  3200/20610, update  3200/20610)  loss 0.9768  lr 9.48e-04
    step 3225/6870 (global micro  3225/20610, update  3225/20610)  loss 1.1026  lr 9.47e-04
    step 3250/6870 (global micro  3250/20610, update  3250/20610)  loss 1.0123  lr 9.46e-04
    step 3275/6870 (global micro  3275/20610, update  3275/20610)  loss 1.1364  lr 9.45e-04
    step 3300/6870 (global micro  3300/20610, update  3300/20610)  loss 0.8996  lr 9.44e-04
    step 3325/6870 (global micro  3325/20610, update  3325/20610)  loss 1.0795  lr 9.43e-04
    step 3350/6870 (global micro  3350/20610, update  3350/20610)  loss 1.1436  lr 9.43e-04
    step 3375/6870 (global micro  3375/20610, update  3375/20610)  loss 1.2194  lr 9.42e-04
    step 3400/6870 (global micro  3400/20610, update  3400/20610)  loss 1.0575  lr 9.41e-04
    step 3425/6870 (global micro  3425/20610, update  3425/20610)  loss 0.9478  lr 9.40e-04
    step 3450/6870 (global micro  3450/20610, update  3450/20610)  loss 1.2285  lr 9.39e-04
    step 3475/6870 (global micro  3475/20610, update  3475/20610)  loss 1.1424  lr 9.38e-04
    step 3500/6870 (global micro  3500/20610, update  3500/20610)  loss 1.1282  lr 9.37e-04
    step 3525/6870 (global micro  3525/20610, update  3525/20610)  loss 1.0241  lr 9.37e-04
    step 3550/6870 (global micro  3550/20610, update  3550/20610)  loss 1.1338  lr 9.36e-04
    step 3575/6870 (global micro  3575/20610, update  3575/20610)  loss 1.1953  lr 9.35e-04
    step 3600/6870 (global micro  3600/20610, update  3600/20610)  loss 0.9443  lr 9.34e-04
    step 3625/6870 (global micro  3625/20610, update  3625/20610)  loss 1.0055  lr 9.33e-04
    step 3650/6870 (global micro  3650/20610, update  3650/20610)  loss 1.0567  lr 9.32e-04
    step 3675/6870 (global micro  3675/20610, update  3675/20610)  loss 1.0992  lr 9.31e-04
    step 3700/6870 (global micro  3700/20610, update  3700/20610)  loss 1.0224  lr 9.30e-04
    step 3725/6870 (global micro  3725/20610, update  3725/20610)  loss 1.1869  lr 9.29e-04
    step 3750/6870 (global micro  3750/20610, update  3750/20610)  loss 1.1098  lr 9.28e-04
    step 3775/6870 (global micro  3775/20610, update  3775/20610)  loss 1.0275  lr 9.28e-04
    step 3800/6870 (global micro  3800/20610, update  3800/20610)  loss 1.0034  lr 9.27e-04
    step 3825/6870 (global micro  3825/20610, update  3825/20610)  loss 1.0886  lr 9.26e-04
    step 3850/6870 (global micro  3850/20610, update  3850/20610)  loss 1.0776  lr 9.25e-04
    step 3875/6870 (global micro  3875/20610, update  3875/20610)  loss 0.9115  lr 9.24e-04
    step 3900/6870 (global micro  3900/20610, update  3900/20610)  loss 1.1380  lr 9.23e-04
    step 3925/6870 (global micro  3925/20610, update  3925/20610)  loss 1.1037  lr 9.22e-04
    step 3950/6870 (global micro  3950/20610, update  3950/20610)  loss 1.0532  lr 9.21e-04
    step 3975/6870 (global micro  3975/20610, update  3975/20610)  loss 1.2158  lr 9.20e-04
    step 4000/6870 (global micro  4000/20610, update  4000/20610)  loss 1.2484  lr 9.19e-04
    step 4025/6870 (global micro  4025/20610, update  4025/20610)  loss 1.0691  lr 9.18e-04
    step 4050/6870 (global micro  4050/20610, update  4050/20610)  loss 0.9944  lr 9.17e-04
    step 4075/6870 (global micro  4075/20610, update  4075/20610)  loss 1.1380  lr 9.16e-04
    step 4100/6870 (global micro  4100/20610, update  4100/20610)  loss 0.9559  lr 9.15e-04
    step 4125/6870 (global micro  4125/20610, update  4125/20610)  loss 0.8625  lr 9.14e-04
    step 4150/6870 (global micro  4150/20610, update  4150/20610)  loss 1.0666  lr 9.13e-04
    step 4175/6870 (global micro  4175/20610, update  4175/20610)  loss 1.0158  lr 9.12e-04
    step 4200/6870 (global micro  4200/20610, update  4200/20610)  loss 0.9937  lr 9.11e-04
    step 4225/6870 (global micro  4225/20610, update  4225/20610)  loss 0.8096  lr 9.10e-04
    step 4250/6870 (global micro  4250/20610, update  4250/20610)  loss 1.0603  lr 9.09e-04
    step 4275/6870 (global micro  4275/20610, update  4275/20610)  loss 0.8251  lr 9.08e-04
    step 4300/6870 (global micro  4300/20610, update  4300/20610)  loss 1.0440  lr 9.07e-04
    step 4325/6870 (global micro  4325/20610, update  4325/20610)  loss 0.9580  lr 9.06e-04
    step 4350/6870 (global micro  4350/20610, update  4350/20610)  loss 0.9788  lr 9.05e-04
    step 4375/6870 (global micro  4375/20610, update  4375/20610)  loss 0.9768  lr 9.04e-04
    step 4400/6870 (global micro  4400/20610, update  4400/20610)  loss 0.8628  lr 9.03e-04
    step 4425/6870 (global micro  4425/20610, update  4425/20610)  loss 1.0671  lr 9.01e-04
    step 4450/6870 (global micro  4450/20610, update  4450/20610)  loss 1.1024  lr 9.00e-04
    step 4475/6870 (global micro  4475/20610, update  4475/20610)  loss 1.0180  lr 8.99e-04
    step 4500/6870 (global micro  4500/20610, update  4500/20610)  loss 0.9822  lr 8.98e-04
    step 4525/6870 (global micro  4525/20610, update  4525/20610)  loss 0.9799  lr 8.97e-04
    step 4550/6870 (global micro  4550/20610, update  4550/20610)  loss 0.8958  lr 8.96e-04
    step 4575/6870 (global micro  4575/20610, update  4575/20610)  loss 0.9146  lr 8.95e-04
    step 4600/6870 (global micro  4600/20610, update  4600/20610)  loss 1.0819  lr 8.94e-04
    step 4625/6870 (global micro  4625/20610, update  4625/20610)  loss 0.8981  lr 8.93e-04
    step 4650/6870 (global micro  4650/20610, update  4650/20610)  loss 1.0129  lr 8.92e-04
    step 4675/6870 (global micro  4675/20610, update  4675/20610)  loss 1.0723  lr 8.90e-04
    step 4700/6870 (global micro  4700/20610, update  4700/20610)  loss 0.9760  lr 8.89e-04
    step 4725/6870 (global micro  4725/20610, update  4725/20610)  loss 1.0366  lr 8.88e-04
    step 4750/6870 (global micro  4750/20610, update  4750/20610)  loss 1.0422  lr 8.87e-04
    step 4775/6870 (global micro  4775/20610, update  4775/20610)  loss 0.9203  lr 8.86e-04
    step 4800/6870 (global micro  4800/20610, update  4800/20610)  loss 0.8777  lr 8.85e-04
    step 4825/6870 (global micro  4825/20610, update  4825/20610)  loss 1.0092  lr 8.84e-04
    step 4850/6870 (global micro  4850/20610, update  4850/20610)  loss 1.0365  lr 8.83e-04
    step 4875/6870 (global micro  4875/20610, update  4875/20610)  loss 1.1143  lr 8.81e-04
    step 4900/6870 (global micro  4900/20610, update  4900/20610)  loss 0.8460  lr 8.80e-04
    step 4925/6870 (global micro  4925/20610, update  4925/20610)  loss 0.8211  lr 8.79e-04
    step 4950/6870 (global micro  4950/20610, update  4950/20610)  loss 1.0007  lr 8.78e-04
    step 4975/6870 (global micro  4975/20610, update  4975/20610)  loss 0.9340  lr 8.77e-04
    step 5000/6870 (global micro  5000/20610, update  5000/20610)  loss 0.8613  lr 8.76e-04
    step 5025/6870 (global micro  5025/20610, update  5025/20610)  loss 0.8963  lr 8.74e-04
    step 5050/6870 (global micro  5050/20610, update  5050/20610)  loss 1.0103  lr 8.73e-04
    step 5075/6870 (global micro  5075/20610, update  5075/20610)  loss 0.8549  lr 8.72e-04
    step 5100/6870 (global micro  5100/20610, update  5100/20610)  loss 0.9236  lr 8.71e-04
    step 5125/6870 (global micro  5125/20610, update  5125/20610)  loss 0.9953  lr 8.70e-04
    step 5150/6870 (global micro  5150/20610, update  5150/20610)  loss 0.9620  lr 8.68e-04
    step 5175/6870 (global micro  5175/20610, update  5175/20610)  loss 1.0217  lr 8.67e-04
    step 5200/6870 (global micro  5200/20610, update  5200/20610)  loss 0.9468  lr 8.66e-04
    step 5225/6870 (global micro  5225/20610, update  5225/20610)  loss 0.8765  lr 8.65e-04
    step 5250/6870 (global micro  5250/20610, update  5250/20610)  loss 0.8385  lr 8.63e-04
    step 5275/6870 (global micro  5275/20610, update  5275/20610)  loss 0.8097  lr 8.62e-04
    step 5300/6870 (global micro  5300/20610, update  5300/20610)  loss 0.8621  lr 8.61e-04
    step 5325/6870 (global micro  5325/20610, update  5325/20610)  loss 1.0838  lr 8.60e-04
    step 5350/6870 (global micro  5350/20610, update  5350/20610)  loss 0.9207  lr 8.58e-04
    step 5375/6870 (global micro  5375/20610, update  5375/20610)  loss 1.2381  lr 8.57e-04
    step 5400/6870 (global micro  5400/20610, update  5400/20610)  loss 1.0847  lr 8.56e-04
    step 5425/6870 (global micro  5425/20610, update  5425/20610)  loss 0.9458  lr 8.55e-04
    step 5450/6870 (global micro  5450/20610, update  5450/20610)  loss 0.7078  lr 8.53e-04
    step 5475/6870 (global micro  5475/20610, update  5475/20610)  loss 0.8618  lr 8.52e-04
    step 5500/6870 (global micro  5500/20610, update  5500/20610)  loss 0.7663  lr 8.51e-04
    step 5525/6870 (global micro  5525/20610, update  5525/20610)  loss 0.8591  lr 8.50e-04
    step 5550/6870 (global micro  5550/20610, update  5550/20610)  loss 1.0094  lr 8.48e-04
    step 5575/6870 (global micro  5575/20610, update  5575/20610)  loss 0.9450  lr 8.47e-04
    step 5600/6870 (global micro  5600/20610, update  5600/20610)  loss 1.0094  lr 8.46e-04
    step 5625/6870 (global micro  5625/20610, update  5625/20610)  loss 0.9479  lr 8.44e-04
    step 5650/6870 (global micro  5650/20610, update  5650/20610)  loss 1.0142  lr 8.43e-04
    step 5675/6870 (global micro  5675/20610, update  5675/20610)  loss 1.1648  lr 8.42e-04
    step 5700/6870 (global micro  5700/20610, update  5700/20610)  loss 0.9988  lr 8.41e-04
    step 5725/6870 (global micro  5725/20610, update  5725/20610)  loss 0.8076  lr 8.39e-04
    step 5750/6870 (global micro  5750/20610, update  5750/20610)  loss 0.9976  lr 8.38e-04
    step 5775/6870 (global micro  5775/20610, update  5775/20610)  loss 0.8530  lr 8.37e-04
    step 5800/6870 (global micro  5800/20610, update  5800/20610)  loss 1.1442  lr 8.35e-04
    step 5825/6870 (global micro  5825/20610, update  5825/20610)  loss 0.9535  lr 8.34e-04
    step 5850/6870 (global micro  5850/20610, update  5850/20610)  loss 0.8872  lr 8.33e-04
    step 5875/6870 (global micro  5875/20610, update  5875/20610)  loss 0.8442  lr 8.31e-04
    step 5900/6870 (global micro  5900/20610, update  5900/20610)  loss 0.8758  lr 8.30e-04
    step 5925/6870 (global micro  5925/20610, update  5925/20610)  loss 1.2655  lr 8.29e-04
    step 5950/6870 (global micro  5950/20610, update  5950/20610)  loss 0.8999  lr 8.27e-04
    step 5975/6870 (global micro  5975/20610, update  5975/20610)  loss 0.8687  lr 8.26e-04
    step 6000/6870 (global micro  6000/20610, update  6000/20610)  loss 1.0410  lr 8.25e-04
    step 6025/6870 (global micro  6025/20610, update  6025/20610)  loss 1.0423  lr 8.23e-04
    step 6050/6870 (global micro  6050/20610, update  6050/20610)  loss 0.8358  lr 8.22e-04
    step 6075/6870 (global micro  6075/20610, update  6075/20610)  loss 0.9450  lr 8.20e-04
    step 6100/6870 (global micro  6100/20610, update  6100/20610)  loss 0.7865  lr 8.19e-04
    step 6125/6870 (global micro  6125/20610, update  6125/20610)  loss 1.0527  lr 8.18e-04
    step 6150/6870 (global micro  6150/20610, update  6150/20610)  loss 1.1170  lr 8.16e-04
    step 6175/6870 (global micro  6175/20610, update  6175/20610)  loss 0.8541  lr 8.15e-04
    step 6200/6870 (global micro  6200/20610, update  6200/20610)  loss 0.9419  lr 8.14e-04
    step 6225/6870 (global micro  6225/20610, update  6225/20610)  loss 1.0299  lr 8.12e-04
    step 6250/6870 (global micro  6250/20610, update  6250/20610)  loss 0.9250  lr 8.11e-04
    step 6275/6870 (global micro  6275/20610, update  6275/20610)  loss 0.9296  lr 8.09e-04
    step 6300/6870 (global micro  6300/20610, update  6300/20610)  loss 0.9702  lr 8.08e-04
    step 6325/6870 (global micro  6325/20610, update  6325/20610)  loss 0.9051  lr 8.07e-04
    step 6350/6870 (global micro  6350/20610, update  6350/20610)  loss 0.9453  lr 8.05e-04
    step 6375/6870 (global micro  6375/20610, update  6375/20610)  loss 0.9469  lr 8.04e-04
    step 6400/6870 (global micro  6400/20610, update  6400/20610)  loss 1.1781  lr 8.02e-04
    step 6425/6870 (global micro  6425/20610, update  6425/20610)  loss 0.9364  lr 8.01e-04
    step 6450/6870 (global micro  6450/20610, update  6450/20610)  loss 0.7657  lr 7.99e-04
    step 6475/6870 (global micro  6475/20610, update  6475/20610)  loss 0.8856  lr 7.98e-04
    step 6500/6870 (global micro  6500/20610, update  6500/20610)  loss 0.9951  lr 7.97e-04
    step 6525/6870 (global micro  6525/20610, update  6525/20610)  loss 0.8553  lr 7.95e-04
    step 6550/6870 (global micro  6550/20610, update  6550/20610)  loss 0.8348  lr 7.94e-04
    step 6575/6870 (global micro  6575/20610, update  6575/20610)  loss 0.8918  lr 7.92e-04
    step 6600/6870 (global micro  6600/20610, update  6600/20610)  loss 0.9119  lr 7.91e-04
    step 6625/6870 (global micro  6625/20610, update  6625/20610)  loss 0.8493  lr 7.89e-04
    step 6650/6870 (global micro  6650/20610, update  6650/20610)  loss 0.9674  lr 7.88e-04
    step 6675/6870 (global micro  6675/20610, update  6675/20610)  loss 0.7859  lr 7.86e-04
    step 6700/6870 (global micro  6700/20610, update  6700/20610)  loss 1.0238  lr 7.85e-04
    step 6725/6870 (global micro  6725/20610, update  6725/20610)  loss 1.0614  lr 7.84e-04
    step 6750/6870 (global micro  6750/20610, update  6750/20610)  loss 0.9185  lr 7.82e-04
    step 6775/6870 (global micro  6775/20610, update  6775/20610)  loss 0.9782  lr 7.81e-04
    step 6800/6870 (global micro  6800/20610, update  6800/20610)  loss 0.9848  lr 7.79e-04
    step 6825/6870 (global micro  6825/20610, update  6825/20610)  loss 0.8648  lr 7.78e-04
    step 6850/6870 (global micro  6850/20610, update  6850/20610)  loss 1.0033  lr 7.76e-04
    step 6870/6870 (global micro  6870/20610, update  6870/20610)  loss 1.0049  lr 7.75e-04
  epoch   1/3  loss 1.1708  lr 7.75e-04  (2639.3s)
  Epoch checkpoint: core/run_3_interleaved_e1.pt
    step    1/6870 (global micro  6871/20610, update  6871/20610)  loss 0.7949  lr 7.75e-04
    step   25/6870 (global micro  6895/20610, update  6895/20610)  loss 0.9209  lr 7.74e-04
    step   50/6870 (global micro  6920/20610, update  6920/20610)  loss 0.7468  lr 7.72e-04
    step   75/6870 (global micro  6945/20610, update  6945/20610)  loss 0.7092  lr 7.71e-04
    step  100/6870 (global micro  6970/20610, update  6970/20610)  loss 1.0643  lr 7.69e-04
    step  125/6870 (global micro  6995/20610, update  6995/20610)  loss 0.9184  lr 7.68e-04
    step  150/6870 (global micro  7020/20610, update  7020/20610)  loss 0.8114  lr 7.66e-04
    step  175/6870 (global micro  7045/20610, update  7045/20610)  loss 0.8367  lr 7.65e-04
    step  200/6870 (global micro  7070/20610, update  7070/20610)  loss 0.7927  lr 7.63e-04
    step  225/6870 (global micro  7095/20610, update  7095/20610)  loss 1.0228  lr 7.62e-04
    step  250/6870 (global micro  7120/20610, update  7120/20610)  loss 0.8933  lr 7.60e-04
    step  275/6870 (global micro  7145/20610, update  7145/20610)  loss 1.0768  lr 7.58e-04
    step  300/6870 (global micro  7170/20610, update  7170/20610)  loss 0.8207  lr 7.57e-04
    step  325/6870 (global micro  7195/20610, update  7195/20610)  loss 0.8571  lr 7.55e-04
    step  350/6870 (global micro  7220/20610, update  7220/20610)  loss 0.7613  lr 7.54e-04
    step  375/6870 (global micro  7245/20610, update  7245/20610)  loss 0.8419  lr 7.52e-04
    step  400/6870 (global micro  7270/20610, update  7270/20610)  loss 0.9143  lr 7.51e-04
    step  425/6870 (global micro  7295/20610, update  7295/20610)  loss 0.9225  lr 7.49e-04
    step  450/6870 (global micro  7320/20610, update  7320/20610)  loss 0.8768  lr 7.48e-04
    step  475/6870 (global micro  7345/20610, update  7345/20610)  loss 0.7818  lr 7.46e-04
    step  500/6870 (global micro  7370/20610, update  7370/20610)  loss 0.7585  lr 7.45e-04
    step  525/6870 (global micro  7395/20610, update  7395/20610)  loss 0.8639  lr 7.43e-04
    step  550/6870 (global micro  7420/20610, update  7420/20610)  loss 0.9069  lr 7.42e-04
    step  575/6870 (global micro  7445/20610, update  7445/20610)  loss 0.9462  lr 7.40e-04
    step  600/6870 (global micro  7470/20610, update  7470/20610)  loss 0.8207  lr 7.38e-04
    step  625/6870 (global micro  7495/20610, update  7495/20610)  loss 0.8328  lr 7.37e-04
    step  650/6870 (global micro  7520/20610, update  7520/20610)  loss 0.7906  lr 7.35e-04
    step  675/6870 (global micro  7545/20610, update  7545/20610)  loss 0.9904  lr 7.34e-04
    step  700/6870 (global micro  7570/20610, update  7570/20610)  loss 0.9018  lr 7.32e-04
    step  725/6870 (global micro  7595/20610, update  7595/20610)  loss 0.9745  lr 7.31e-04
    step  750/6870 (global micro  7620/20610, update  7620/20610)  loss 0.7689  lr 7.29e-04
    step  775/6870 (global micro  7645/20610, update  7645/20610)  loss 0.6864  lr 7.28e-04
    step  800/6870 (global micro  7670/20610, update  7670/20610)  loss 0.9719  lr 7.26e-04
    step  825/6870 (global micro  7695/20610, update  7695/20610)  loss 0.8747  lr 7.24e-04
    step  850/6870 (global micro  7720/20610, update  7720/20610)  loss 0.8858  lr 7.23e-04
    step  875/6870 (global micro  7745/20610, update  7745/20610)  loss 1.0265  lr 7.21e-04
    step  900/6870 (global micro  7770/20610, update  7770/20610)  loss 0.8311  lr 7.20e-04
    step  925/6870 (global micro  7795/20610, update  7795/20610)  loss 0.8625  lr 7.18e-04
    step  950/6870 (global micro  7820/20610, update  7820/20610)  loss 0.7973  lr 7.16e-04
    step  975/6870 (global micro  7845/20610, update  7845/20610)  loss 0.6865  lr 7.15e-04
    step 1000/6870 (global micro  7870/20610, update  7870/20610)  loss 0.8187  lr 7.13e-04
    step 1025/6870 (global micro  7895/20610, update  7895/20610)  loss 0.9277  lr 7.12e-04
    step 1050/6870 (global micro  7920/20610, update  7920/20610)  loss 0.8456  lr 7.10e-04
    step 1075/6870 (global micro  7945/20610, update  7945/20610)  loss 0.7988  lr 7.08e-04
    step 1100/6870 (global micro  7970/20610, update  7970/20610)  loss 0.9232  lr 7.07e-04
    step 1125/6870 (global micro  7995/20610, update  7995/20610)  loss 0.8679  lr 7.05e-04
    step 1150/6870 (global micro  8020/20610, update  8020/20610)  loss 0.8902  lr 7.04e-04
    step 1175/6870 (global micro  8045/20610, update  8045/20610)  loss 0.8735  lr 7.02e-04
    step 1200/6870 (global micro  8070/20610, update  8070/20610)  loss 0.8695  lr 7.00e-04
    step 1225/6870 (global micro  8095/20610, update  8095/20610)  loss 0.8432  lr 6.99e-04
    step 1250/6870 (global micro  8120/20610, update  8120/20610)  loss 0.8527  lr 6.97e-04
    step 1275/6870 (global micro  8145/20610, update  8145/20610)  loss 0.9228  lr 6.95e-04
    step 1300/6870 (global micro  8170/20610, update  8170/20610)  loss 0.8137  lr 6.94e-04
    step 1325/6870 (global micro  8195/20610, update  8195/20610)  loss 0.6729  lr 6.92e-04
    step 1350/6870 (global micro  8220/20610, update  8220/20610)  loss 0.6616  lr 6.91e-04
    step 1375/6870 (global micro  8245/20610, update  8245/20610)  loss 0.7838  lr 6.89e-04
    step 1400/6870 (global micro  8270/20610, update  8270/20610)  loss 0.7881  lr 6.87e-04
    step 1425/6870 (global micro  8295/20610, update  8295/20610)  loss 0.7695  lr 6.86e-04
    step 1450/6870 (global micro  8320/20610, update  8320/20610)  loss 0.8742  lr 6.84e-04
    step 1475/6870 (global micro  8345/20610, update  8345/20610)  loss 0.9461  lr 6.82e-04
    step 1500/6870 (global micro  8370/20610, update  8370/20610)  loss 0.8266  lr 6.81e-04
    step 1525/6870 (global micro  8395/20610, update  8395/20610)  loss 0.6790  lr 6.79e-04
    step 1550/6870 (global micro  8420/20610, update  8420/20610)  loss 0.8631  lr 6.78e-04
    step 1575/6870 (global micro  8445/20610, update  8445/20610)  loss 0.9229  lr 6.76e-04
    step 1600/6870 (global micro  8470/20610, update  8470/20610)  loss 1.0114  lr 6.74e-04
    step 1625/6870 (global micro  8495/20610, update  8495/20610)  loss 0.9005  lr 6.73e-04
    step 1650/6870 (global micro  8520/20610, update  8520/20610)  loss 1.0073  lr 6.71e-04
    step 1675/6870 (global micro  8545/20610, update  8545/20610)  loss 0.8107  lr 6.69e-04
    step 1700/6870 (global micro  8570/20610, update  8570/20610)  loss 0.8464  lr 6.68e-04
    step 1725/6870 (global micro  8595/20610, update  8595/20610)  loss 0.8813  lr 6.66e-04
    step 1750/6870 (global micro  8620/20610, update  8620/20610)  loss 0.9136  lr 6.64e-04
    step 1775/6870 (global micro  8645/20610, update  8645/20610)  loss 0.7948  lr 6.63e-04
    step 1800/6870 (global micro  8670/20610, update  8670/20610)  loss 0.7990  lr 6.61e-04
    step 1825/6870 (global micro  8695/20610, update  8695/20610)  loss 0.9358  lr 6.59e-04
    step 1850/6870 (global micro  8720/20610, update  8720/20610)  loss 0.7321  lr 6.58e-04
    step 1875/6870 (global micro  8745/20610, update  8745/20610)  loss 0.8897  lr 6.56e-04
    step 1900/6870 (global micro  8770/20610, update  8770/20610)  loss 0.7742  lr 6.54e-04
    step 1925/6870 (global micro  8795/20610, update  8795/20610)  loss 0.7993  lr 6.53e-04
    step 1950/6870 (global micro  8820/20610, update  8820/20610)  loss 0.8390  lr 6.51e-04
    step 1975/6870 (global micro  8845/20610, update  8845/20610)  loss 0.9153  lr 6.49e-04
    step 2000/6870 (global micro  8870/20610, update  8870/20610)  loss 0.9936  lr 6.48e-04
    step 2025/6870 (global micro  8895/20610, update  8895/20610)  loss 0.8420  lr 6.46e-04
    step 2050/6870 (global micro  8920/20610, update  8920/20610)  loss 0.8141  lr 6.44e-04
    step 2075/6870 (global micro  8945/20610, update  8945/20610)  loss 0.7784  lr 6.43e-04
    step 2100/6870 (global micro  8970/20610, update  8970/20610)  loss 0.8264  lr 6.41e-04
    step 2125/6870 (global micro  8995/20610, update  8995/20610)  loss 1.0060  lr 6.39e-04
    step 2150/6870 (global micro  9020/20610, update  9020/20610)  loss 0.8681  lr 6.38e-04
    step 2175/6870 (global micro  9045/20610, update  9045/20610)  loss 0.8352  lr 6.36e-04
    step 2200/6870 (global micro  9070/20610, update  9070/20610)  loss 0.8825  lr 6.34e-04
    step 2225/6870 (global micro  9095/20610, update  9095/20610)  loss 0.8500  lr 6.33e-04
    step 2250/6870 (global micro  9120/20610, update  9120/20610)  loss 0.8757  lr 6.31e-04
    step 2275/6870 (global micro  9145/20610, update  9145/20610)  loss 0.9907  lr 6.29e-04
    step 2300/6870 (global micro  9170/20610, update  9170/20610)  loss 0.8786  lr 6.27e-04
    step 2325/6870 (global micro  9195/20610, update  9195/20610)  loss 0.7775  lr 6.26e-04
    step 2350/6870 (global micro  9220/20610, update  9220/20610)  loss 0.8831  lr 6.24e-04
    step 2375/6870 (global micro  9245/20610, update  9245/20610)  loss 0.9505  lr 6.22e-04
    step 2400/6870 (global micro  9270/20610, update  9270/20610)  loss 0.8669  lr 6.21e-04
    step 2425/6870 (global micro  9295/20610, update  9295/20610)  loss 0.8659  lr 6.19e-04
    step 2450/6870 (global micro  9320/20610, update  9320/20610)  loss 0.7324  lr 6.17e-04
    step 2475/6870 (global micro  9345/20610, update  9345/20610)  loss 0.8877  lr 6.16e-04
    step 2500/6870 (global micro  9370/20610, update  9370/20610)  loss 0.9635  lr 6.14e-04
    step 2525/6870 (global micro  9395/20610, update  9395/20610)  loss 0.8885  lr 6.12e-04
    step 2550/6870 (global micro  9420/20610, update  9420/20610)  loss 0.9017  lr 6.11e-04
    step 2575/6870 (global micro  9445/20610, update  9445/20610)  loss 0.8320  lr 6.09e-04
    step 2600/6870 (global micro  9470/20610, update  9470/20610)  loss 0.8965  lr 6.07e-04
    step 2625/6870 (global micro  9495/20610, update  9495/20610)  loss 0.7809  lr 6.05e-04
    step 2650/6870 (global micro  9520/20610, update  9520/20610)  loss 0.6870  lr 6.04e-04
    step 2675/6870 (global micro  9545/20610, update  9545/20610)  loss 0.9585  lr 6.02e-04
    step 2700/6870 (global micro  9570/20610, update  9570/20610)  loss 0.8440  lr 6.00e-04
    step 2725/6870 (global micro  9595/20610, update  9595/20610)  loss 0.9148  lr 5.99e-04
    step 2750/6870 (global micro  9620/20610, update  9620/20610)  loss 0.7276  lr 5.97e-04
    step 2775/6870 (global micro  9645/20610, update  9645/20610)  loss 0.7644  lr 5.95e-04
    step 2800/6870 (global micro  9670/20610, update  9670/20610)  loss 0.8369  lr 5.93e-04
    step 2825/6870 (global micro  9695/20610, update  9695/20610)  loss 0.8847  lr 5.92e-04
    step 2850/6870 (global micro  9720/20610, update  9720/20610)  loss 0.7949  lr 5.90e-04
    step 2875/6870 (global micro  9745/20610, update  9745/20610)  loss 0.9719  lr 5.88e-04
    step 2900/6870 (global micro  9770/20610, update  9770/20610)  loss 0.9168  lr 5.87e-04
    step 2925/6870 (global micro  9795/20610, update  9795/20610)  loss 0.8290  lr 5.85e-04
    step 2950/6870 (global micro  9820/20610, update  9820/20610)  loss 0.8465  lr 5.83e-04
    step 2975/6870 (global micro  9845/20610, update  9845/20610)  loss 0.8310  lr 5.82e-04
    step 3000/6870 (global micro  9870/20610, update  9870/20610)  loss 0.8939  lr 5.80e-04
    step 3025/6870 (global micro  9895/20610, update  9895/20610)  loss 0.7191  lr 5.78e-04
    step 3050/6870 (global micro  9920/20610, update  9920/20610)  loss 0.6738  lr 5.76e-04
    step 3075/6870 (global micro  9945/20610, update  9945/20610)  loss 0.8274  lr 5.75e-04
    step 3100/6870 (global micro  9970/20610, update  9970/20610)  loss 0.8985  lr 5.73e-04
    step 3125/6870 (global micro  9995/20610, update  9995/20610)  loss 0.9268  lr 5.71e-04
    step 3150/6870 (global micro 10020/20610, update 10020/20610)  loss 0.8581  lr 5.70e-04
    step 3175/6870 (global micro 10045/20610, update 10045/20610)  loss 0.8661  lr 5.68e-04
    step 3200/6870 (global micro 10070/20610, update 10070/20610)  loss 0.6886  lr 5.66e-04
    step 3225/6870 (global micro 10095/20610, update 10095/20610)  loss 0.8566  lr 5.64e-04
    step 3250/6870 (global micro 10120/20610, update 10120/20610)  loss 0.7245  lr 5.63e-04
    step 3275/6870 (global micro 10145/20610, update 10145/20610)  loss 0.7819  lr 5.61e-04
    step 3300/6870 (global micro 10170/20610, update 10170/20610)  loss 0.7373  lr 5.59e-04
    step 3325/6870 (global micro 10195/20610, update 10195/20610)  loss 0.9058  lr 5.58e-04
    step 3350/6870 (global micro 10220/20610, update 10220/20610)  loss 0.9006  lr 5.56e-04
    step 3375/6870 (global micro 10245/20610, update 10245/20610)  loss 0.6733  lr 5.54e-04
    step 3400/6870 (global micro 10270/20610, update 10270/20610)  loss 0.7430  lr 5.52e-04
    step 3425/6870 (global micro 10295/20610, update 10295/20610)  loss 0.9406  lr 5.51e-04
    step 3450/6870 (global micro 10320/20610, update 10320/20610)  loss 0.8178  lr 5.49e-04
    step 3475/6870 (global micro 10345/20610, update 10345/20610)  loss 0.8107  lr 5.47e-04
    step 3500/6870 (global micro 10370/20610, update 10370/20610)  loss 0.7273  lr 5.46e-04
    step 3525/6870 (global micro 10395/20610, update 10395/20610)  loss 0.8287  lr 5.44e-04
    step 3550/6870 (global micro 10420/20610, update 10420/20610)  loss 0.9326  lr 5.42e-04
    step 3575/6870 (global micro 10445/20610, update 10445/20610)  loss 0.7516  lr 5.40e-04
    step 3600/6870 (global micro 10470/20610, update 10470/20610)  loss 0.7672  lr 5.39e-04
    step 3625/6870 (global micro 10495/20610, update 10495/20610)  loss 0.7786  lr 5.37e-04
    step 3650/6870 (global micro 10520/20610, update 10520/20610)  loss 0.8337  lr 5.35e-04
    step 3675/6870 (global micro 10545/20610, update 10545/20610)  loss 0.8548  lr 5.34e-04
    step 3700/6870 (global micro 10570/20610, update 10570/20610)  loss 0.7634  lr 5.32e-04
    step 3725/6870 (global micro 10595/20610, update 10595/20610)  loss 0.7446  lr 5.30e-04
    step 3750/6870 (global micro 10620/20610, update 10620/20610)  loss 0.6901  lr 5.28e-04
    step 3775/6870 (global micro 10645/20610, update 10645/20610)  loss 0.7863  lr 5.27e-04
    step 3800/6870 (global micro 10670/20610, update 10670/20610)  loss 0.8247  lr 5.25e-04
    step 3825/6870 (global micro 10695/20610, update 10695/20610)  loss 0.7809  lr 5.23e-04
    step 3850/6870 (global micro 10720/20610, update 10720/20610)  loss 0.8033  lr 5.22e-04
    step 3875/6870 (global micro 10745/20610, update 10745/20610)  loss 0.8815  lr 5.20e-04
    step 3900/6870 (global micro 10770/20610, update 10770/20610)  loss 0.8078  lr 5.18e-04
    step 3925/6870 (global micro 10795/20610, update 10795/20610)  loss 0.7577  lr 5.16e-04
    step 3950/6870 (global micro 10820/20610, update 10820/20610)  loss 0.7654  lr 5.15e-04
    step 3975/6870 (global micro 10845/20610, update 10845/20610)  loss 0.7499  lr 5.13e-04
    step 4000/6870 (global micro 10870/20610, update 10870/20610)  loss 0.8215  lr 5.11e-04
    step 4025/6870 (global micro 10895/20610, update 10895/20610)  loss 0.7928  lr 5.10e-04
    step 4050/6870 (global micro 10920/20610, update 10920/20610)  loss 0.7686  lr 5.08e-04
    step 4075/6870 (global micro 10945/20610, update 10945/20610)  loss 0.8788  lr 5.06e-04
    step 4100/6870 (global micro 10970/20610, update 10970/20610)  loss 0.7956  lr 5.04e-04
    step 4125/6870 (global micro 10995/20610, update 10995/20610)  loss 0.7225  lr 5.03e-04
    step 4150/6870 (global micro 11020/20610, update 11020/20610)  loss 0.7756  lr 5.01e-04
    step 4175/6870 (global micro 11045/20610, update 11045/20610)  loss 0.8378  lr 4.99e-04
    step 4200/6870 (global micro 11070/20610, update 11070/20610)  loss 0.8971  lr 4.98e-04
    step 4225/6870 (global micro 11095/20610, update 11095/20610)  loss 0.7104  lr 4.96e-04
    step 4250/6870 (global micro 11120/20610, update 11120/20610)  loss 0.9287  lr 4.94e-04
    step 4275/6870 (global micro 11145/20610, update 11145/20610)  loss 0.8049  lr 4.93e-04
    step 4300/6870 (global micro 11170/20610, update 11170/20610)  loss 0.7350  lr 4.91e-04
    step 4325/6870 (global micro 11195/20610, update 11195/20610)  loss 0.7659  lr 4.89e-04
    step 4350/6870 (global micro 11220/20610, update 11220/20610)  loss 0.8681  lr 4.87e-04
    step 4375/6870 (global micro 11245/20610, update 11245/20610)  loss 0.7873  lr 4.86e-04
    step 4400/6870 (global micro 11270/20610, update 11270/20610)  loss 0.8359  lr 4.84e-04
    step 4425/6870 (global micro 11295/20610, update 11295/20610)  loss 0.7654  lr 4.82e-04
    step 4450/6870 (global micro 11320/20610, update 11320/20610)  loss 0.7850  lr 4.81e-04
    step 4475/6870 (global micro 11345/20610, update 11345/20610)  loss 1.0662  lr 4.79e-04
    step 4500/6870 (global micro 11370/20610, update 11370/20610)  loss 1.0115  lr 4.77e-04
    step 4525/6870 (global micro 11395/20610, update 11395/20610)  loss 0.8459  lr 4.76e-04
    step 4550/6870 (global micro 11420/20610, update 11420/20610)  loss 0.7958  lr 4.74e-04
    step 4575/6870 (global micro 11445/20610, update 11445/20610)  loss 0.7643  lr 4.72e-04
    step 4600/6870 (global micro 11470/20610, update 11470/20610)  loss 0.8609  lr 4.71e-04
    step 4625/6870 (global micro 11495/20610, update 11495/20610)  loss 0.9021  lr 4.69e-04
    step 4650/6870 (global micro 11520/20610, update 11520/20610)  loss 0.6950  lr 4.67e-04
    step 4675/6870 (global micro 11545/20610, update 11545/20610)  loss 0.7215  lr 4.65e-04
    step 4700/6870 (global micro 11570/20610, update 11570/20610)  loss 0.9427  lr 4.64e-04
    step 4725/6870 (global micro 11595/20610, update 11595/20610)  loss 0.8738  lr 4.62e-04
    step 4750/6870 (global micro 11620/20610, update 11620/20610)  loss 0.7716  lr 4.60e-04
    step 4775/6870 (global micro 11645/20610, update 11645/20610)  loss 0.7475  lr 4.59e-04
    step 4800/6870 (global micro 11670/20610, update 11670/20610)  loss 0.9941  lr 4.57e-04
    step 4825/6870 (global micro 11695/20610, update 11695/20610)  loss 0.7549  lr 4.55e-04
    step 4850/6870 (global micro 11720/20610, update 11720/20610)  loss 0.7831  lr 4.54e-04
    step 4875/6870 (global micro 11745/20610, update 11745/20610)  loss 0.7237  lr 4.52e-04
    step 4900/6870 (global micro 11770/20610, update 11770/20610)  loss 0.7465  lr 4.50e-04
    step 4925/6870 (global micro 11795/20610, update 11795/20610)  loss 0.6997  lr 4.49e-04
    step 4950/6870 (global micro 11820/20610, update 11820/20610)  loss 0.7785  lr 4.47e-04
    step 4975/6870 (global micro 11845/20610, update 11845/20610)  loss 0.7521  lr 4.45e-04
    step 5000/6870 (global micro 11870/20610, update 11870/20610)  loss 0.6789  lr 4.44e-04
    step 5025/6870 (global micro 11895/20610, update 11895/20610)  loss 0.8710  lr 4.42e-04
    step 5050/6870 (global micro 11920/20610, update 11920/20610)  loss 0.7899  lr 4.40e-04
    step 5075/6870 (global micro 11945/20610, update 11945/20610)  loss 0.8618  lr 4.39e-04
    step 5100/6870 (global micro 11970/20610, update 11970/20610)  loss 0.6587  lr 4.37e-04
    step 5125/6870 (global micro 11995/20610, update 11995/20610)  loss 0.6939  lr 4.35e-04
    step 5150/6870 (global micro 12020/20610, update 12020/20610)  loss 0.8666  lr 4.34e-04
    step 5175/6870 (global micro 12045/20610, update 12045/20610)  loss 0.7185  lr 4.32e-04
    step 5200/6870 (global micro 12070/20610, update 12070/20610)  loss 0.7278  lr 4.30e-04
    step 5225/6870 (global micro 12095/20610, update 12095/20610)  loss 0.8255  lr 4.29e-04
    step 5250/6870 (global micro 12120/20610, update 12120/20610)  loss 0.7192  lr 4.27e-04
    step 5275/6870 (global micro 12145/20610, update 12145/20610)  loss 0.8107  lr 4.25e-04
    step 5300/6870 (global micro 12170/20610, update 12170/20610)  loss 0.6550  lr 4.24e-04
    step 5325/6870 (global micro 12195/20610, update 12195/20610)  loss 0.6958  lr 4.22e-04
    step 5350/6870 (global micro 12220/20610, update 12220/20610)  loss 0.6497  lr 4.21e-04
    step 5375/6870 (global micro 12245/20610, update 12245/20610)  loss 0.7917  lr 4.19e-04
    step 5400/6870 (global micro 12270/20610, update 12270/20610)  loss 0.8529  lr 4.17e-04
    step 5425/6870 (global micro 12295/20610, update 12295/20610)  loss 0.8217  lr 4.16e-04
    step 5450/6870 (global micro 12320/20610, update 12320/20610)  loss 0.8653  lr 4.14e-04
    step 5475/6870 (global micro 12345/20610, update 12345/20610)  loss 0.7054  lr 4.12e-04
    step 5500/6870 (global micro 12370/20610, update 12370/20610)  loss 0.8566  lr 4.11e-04
    step 5525/6870 (global micro 12395/20610, update 12395/20610)  loss 0.7316  lr 4.09e-04
    step 5550/6870 (global micro 12420/20610, update 12420/20610)  loss 0.7696  lr 4.07e-04
    step 5575/6870 (global micro 12445/20610, update 12445/20610)  loss 0.8674  lr 4.06e-04
    step 5600/6870 (global micro 12470/20610, update 12470/20610)  loss 0.7386  lr 4.04e-04
    step 5625/6870 (global micro 12495/20610, update 12495/20610)  loss 0.8395  lr 4.03e-04
    step 5650/6870 (global micro 12520/20610, update 12520/20610)  loss 0.8215  lr 4.01e-04
    step 5675/6870 (global micro 12545/20610, update 12545/20610)  loss 0.7730  lr 3.99e-04
    step 5700/6870 (global micro 12570/20610, update 12570/20610)  loss 0.7602  lr 3.98e-04
    step 5725/6870 (global micro 12595/20610, update 12595/20610)  loss 0.6636  lr 3.96e-04
    step 5750/6870 (global micro 12620/20610, update 12620/20610)  loss 0.7864  lr 3.94e-04
    step 5775/6870 (global micro 12645/20610, update 12645/20610)  loss 0.7999  lr 3.93e-04
    step 5800/6870 (global micro 12670/20610, update 12670/20610)  loss 0.7398  lr 3.91e-04
    step 5825/6870 (global micro 12695/20610, update 12695/20610)  loss 0.8824  lr 3.90e-04
    step 5850/6870 (global micro 12720/20610, update 12720/20610)  loss 0.7089  lr 3.88e-04
    step 5875/6870 (global micro 12745/20610, update 12745/20610)  loss 0.7535  lr 3.86e-04
    step 5900/6870 (global micro 12770/20610, update 12770/20610)  loss 0.8284  lr 3.85e-04
    step 5925/6870 (global micro 12795/20610, update 12795/20610)  loss 0.8878  lr 3.83e-04
    step 5950/6870 (global micro 12820/20610, update 12820/20610)  loss 0.8572  lr 3.82e-04
    step 5975/6870 (global micro 12845/20610, update 12845/20610)  loss 0.7041  lr 3.80e-04
    step 6000/6870 (global micro 12870/20610, update 12870/20610)  loss 0.7485  lr 3.79e-04
    step 6025/6870 (global micro 12895/20610, update 12895/20610)  loss 0.7325  lr 3.77e-04
    step 6050/6870 (global micro 12920/20610, update 12920/20610)  loss 0.8131  lr 3.75e-04
    step 6075/6870 (global micro 12945/20610, update 12945/20610)  loss 0.8035  lr 3.74e-04
    step 6100/6870 (global micro 12970/20610, update 12970/20610)  loss 0.8436  lr 3.72e-04
    step 6125/6870 (global micro 12995/20610, update 12995/20610)  loss 0.6711  lr 3.71e-04
    step 6150/6870 (global micro 13020/20610, update 13020/20610)  loss 0.8511  lr 3.69e-04
    step 6175/6870 (global micro 13045/20610, update 13045/20610)  loss 0.9167  lr 3.67e-04
    step 6200/6870 (global micro 13070/20610, update 13070/20610)  loss 0.8545  lr 3.66e-04
    step 6225/6870 (global micro 13095/20610, update 13095/20610)  loss 1.1112  lr 3.64e-04
    step 6250/6870 (global micro 13120/20610, update 13120/20610)  loss 0.8403  lr 3.63e-04
    step 6275/6870 (global micro 13145/20610, update 13145/20610)  loss 0.8738  lr 3.61e-04
    step 6300/6870 (global micro 13170/20610, update 13170/20610)  loss 0.8041  lr 3.60e-04
    step 6325/6870 (global micro 13195/20610, update 13195/20610)  loss 0.8693  lr 3.58e-04
    step 6350/6870 (global micro 13220/20610, update 13220/20610)  loss 0.8665  lr 3.57e-04
    step 6375/6870 (global micro 13245/20610, update 13245/20610)  loss 0.6565  lr 3.55e-04
    step 6400/6870 (global micro 13270/20610, update 13270/20610)  loss 0.8949  lr 3.53e-04
    step 6425/6870 (global micro 13295/20610, update 13295/20610)  loss 0.9433  lr 3.52e-04
    step 6450/6870 (global micro 13320/20610, update 13320/20610)  loss 0.6230  lr 3.50e-04
    step 6475/6870 (global micro 13345/20610, update 13345/20610)  loss 0.8601  lr 3.49e-04
    step 6500/6870 (global micro 13370/20610, update 13370/20610)  loss 0.7220  lr 3.47e-04
    step 6525/6870 (global micro 13395/20610, update 13395/20610)  loss 0.7437  lr 3.46e-04
    step 6550/6870 (global micro 13420/20610, update 13420/20610)  loss 0.6640  lr 3.44e-04
    step 6575/6870 (global micro 13445/20610, update 13445/20610)  loss 0.8695  lr 3.43e-04
    step 6600/6870 (global micro 13470/20610, update 13470/20610)  loss 0.6554  lr 3.41e-04
    step 6625/6870 (global micro 13495/20610, update 13495/20610)  loss 0.6546  lr 3.40e-04
    step 6650/6870 (global micro 13520/20610, update 13520/20610)  loss 0.7674  lr 3.38e-04
    step 6675/6870 (global micro 13545/20610, update 13545/20610)  loss 0.7964  lr 3.37e-04
    step 6700/6870 (global micro 13570/20610, update 13570/20610)  loss 0.6038  lr 3.35e-04
    step 6725/6870 (global micro 13595/20610, update 13595/20610)  loss 0.8698  lr 3.34e-04
    step 6750/6870 (global micro 13620/20610, update 13620/20610)  loss 0.6575  lr 3.32e-04
    step 6775/6870 (global micro 13645/20610, update 13645/20610)  loss 0.6528  lr 3.31e-04
    step 6800/6870 (global micro 13670/20610, update 13670/20610)  loss 0.7977  lr 3.29e-04
    step 6825/6870 (global micro 13695/20610, update 13695/20610)  loss 0.8512  lr 3.28e-04
    step 6850/6870 (global micro 13720/20610, update 13720/20610)  loss 0.7560  lr 3.26e-04
    step 6870/6870 (global micro 13740/20610, update 13740/20610)  loss 0.7385  lr 3.25e-04
  epoch   2/3  loss 0.8216  lr 3.25e-04  (2659.0s)
  Epoch checkpoint: core/run_3_interleaved_e2.pt
    step    1/6870 (global micro 13741/20610, update 13741/20610)  loss 0.6163  lr 3.25e-04
    step   25/6870 (global micro 13765/20610, update 13765/20610)  loss 0.6532  lr 3.24e-04
    step   50/6870 (global micro 13790/20610, update 13790/20610)  loss 0.7053  lr 3.22e-04
    step   75/6870 (global micro 13815/20610, update 13815/20610)  loss 0.5877  lr 3.21e-04
    step  100/6870 (global micro 13840/20610, update 13840/20610)  loss 0.6474  lr 3.19e-04
    step  125/6870 (global micro 13865/20610, update 13865/20610)  loss 0.8772  lr 3.18e-04
    step  150/6870 (global micro 13890/20610, update 13890/20610)  loss 0.8671  lr 3.16e-04
    step  175/6870 (global micro 13915/20610, update 13915/20610)  loss 0.8461  lr 3.15e-04
    step  200/6870 (global micro 13940/20610, update 13940/20610)  loss 0.6436  lr 3.13e-04
    step  225/6870 (global micro 13965/20610, update 13965/20610)  loss 0.9096  lr 3.12e-04
    step  250/6870 (global micro 13990/20610, update 13990/20610)  loss 0.8060  lr 3.10e-04
    step  275/6870 (global micro 14015/20610, update 14015/20610)  loss 0.6330  lr 3.09e-04
    step  300/6870 (global micro 14040/20610, update 14040/20610)  loss 0.6778  lr 3.07e-04
    step  325/6870 (global micro 14065/20610, update 14065/20610)  loss 0.9300  lr 3.06e-04
    step  350/6870 (global micro 14090/20610, update 14090/20610)  loss 0.7079  lr 3.05e-04
    step  375/6870 (global micro 14115/20610, update 14115/20610)  loss 0.6939  lr 3.03e-04
    step  400/6870 (global micro 14140/20610, update 14140/20610)  loss 0.7094  lr 3.02e-04
    step  425/6870 (global micro 14165/20610, update 14165/20610)  loss 0.6598  lr 3.00e-04
    step  450/6870 (global micro 14190/20610, update 14190/20610)  loss 0.7007  lr 2.99e-04
    step  475/6870 (global micro 14215/20610, update 14215/20610)  loss 0.9499  lr 2.97e-04
    step  500/6870 (global micro 14240/20610, update 14240/20610)  loss 0.6141  lr 2.96e-04
    step  525/6870 (global micro 14265/20610, update 14265/20610)  loss 0.6318  lr 2.95e-04
    step  550/6870 (global micro 14290/20610, update 14290/20610)  loss 0.6536  lr 2.93e-04
    step  575/6870 (global micro 14315/20610, update 14315/20610)  loss 0.6476  lr 2.92e-04
    step  600/6870 (global micro 14340/20610, update 14340/20610)  loss 0.7744  lr 2.90e-04
    step  625/6870 (global micro 14365/20610, update 14365/20610)  loss 0.6900  lr 2.89e-04
    step  650/6870 (global micro 14390/20610, update 14390/20610)  loss 0.8624  lr 2.88e-04
    step  675/6870 (global micro 14415/20610, update 14415/20610)  loss 0.7075  lr 2.86e-04
    step  700/6870 (global micro 14440/20610, update 14440/20610)  loss 0.7560  lr 2.85e-04
    step  725/6870 (global micro 14465/20610, update 14465/20610)  loss 0.6815  lr 2.83e-04
    step  750/6870 (global micro 14490/20610, update 14490/20610)  loss 0.6989  lr 2.82e-04
    step  775/6870 (global micro 14515/20610, update 14515/20610)  loss 0.6603  lr 2.81e-04
    step  800/6870 (global micro 14540/20610, update 14540/20610)  loss 0.7275  lr 2.79e-04
    step  825/6870 (global micro 14565/20610, update 14565/20610)  loss 0.5897  lr 2.78e-04
    step  850/6870 (global micro 14590/20610, update 14590/20610)  loss 0.8112  lr 2.77e-04
    step  875/6870 (global micro 14615/20610, update 14615/20610)  loss 0.6079  lr 2.75e-04
    step  900/6870 (global micro 14640/20610, update 14640/20610)  loss 0.5939  lr 2.74e-04
    step  925/6870 (global micro 14665/20610, update 14665/20610)  loss 0.8235  lr 2.72e-04
    step  950/6870 (global micro 14690/20610, update 14690/20610)  loss 0.7298  lr 2.71e-04
    step  975/6870 (global micro 14715/20610, update 14715/20610)  loss 0.6871  lr 2.70e-04
    step 1000/6870 (global micro 14740/20610, update 14740/20610)  loss 0.7194  lr 2.68e-04
    step 1025/6870 (global micro 14765/20610, update 14765/20610)  loss 0.5244  lr 2.67e-04
    step 1050/6870 (global micro 14790/20610, update 14790/20610)  loss 0.7363  lr 2.66e-04
    step 1075/6870 (global micro 14815/20610, update 14815/20610)  loss 0.7451  lr 2.64e-04
    step 1100/6870 (global micro 14840/20610, update 14840/20610)  loss 0.6960  lr 2.63e-04
    step 1125/6870 (global micro 14865/20610, update 14865/20610)  loss 0.7753  lr 2.62e-04
    step 1150/6870 (global micro 14890/20610, update 14890/20610)  loss 0.5730  lr 2.60e-04
    step 1175/6870 (global micro 14915/20610, update 14915/20610)  loss 0.6585  lr 2.59e-04
    step 1200/6870 (global micro 14940/20610, update 14940/20610)  loss 0.6863  lr 2.58e-04
    step 1225/6870 (global micro 14965/20610, update 14965/20610)  loss 0.8323  lr 2.57e-04
    step 1250/6870 (global micro 14990/20610, update 14990/20610)  loss 0.6120  lr 2.55e-04
    step 1275/6870 (global micro 15015/20610, update 15015/20610)  loss 0.7745  lr 2.54e-04
    step 1300/6870 (global micro 15040/20610, update 15040/20610)  loss 0.7255  lr 2.53e-04
    step 1325/6870 (global micro 15065/20610, update 15065/20610)  loss 0.7768  lr 2.51e-04
    step 1350/6870 (global micro 15090/20610, update 15090/20610)  loss 0.5247  lr 2.50e-04
    step 1375/6870 (global micro 15115/20610, update 15115/20610)  loss 0.7244  lr 2.49e-04
    step 1400/6870 (global micro 15140/20610, update 15140/20610)  loss 0.5115  lr 2.48e-04
    step 1425/6870 (global micro 15165/20610, update 15165/20610)  loss 0.6983  lr 2.46e-04
    step 1450/6870 (global micro 15190/20610, update 15190/20610)  loss 0.7006  lr 2.45e-04
    step 1475/6870 (global micro 15215/20610, update 15215/20610)  loss 0.7878  lr 2.44e-04
    step 1500/6870 (global micro 15240/20610, update 15240/20610)  loss 0.7772  lr 2.43e-04
    step 1525/6870 (global micro 15265/20610, update 15265/20610)  loss 0.7237  lr 2.41e-04
    step 1550/6870 (global micro 15290/20610, update 15290/20610)  loss 0.6067  lr 2.40e-04
    step 1575/6870 (global micro 15315/20610, update 15315/20610)  loss 0.6699  lr 2.39e-04
    step 1600/6870 (global micro 15340/20610, update 15340/20610)  loss 0.6562  lr 2.38e-04
    step 1625/6870 (global micro 15365/20610, update 15365/20610)  loss 0.5895  lr 2.36e-04
    step 1650/6870 (global micro 15390/20610, update 15390/20610)  loss 0.6953  lr 2.35e-04
    step 1675/6870 (global micro 15415/20610, update 15415/20610)  loss 0.8119  lr 2.34e-04
    step 1700/6870 (global micro 15440/20610, update 15440/20610)  loss 0.7229  lr 2.33e-04
    step 1725/6870 (global micro 15465/20610, update 15465/20610)  loss 0.7974  lr 2.31e-04
    step 1750/6870 (global micro 15490/20610, update 15490/20610)  loss 0.6125  lr 2.30e-04
    step 1775/6870 (global micro 15515/20610, update 15515/20610)  loss 0.6493  lr 2.29e-04
    step 1800/6870 (global micro 15540/20610, update 15540/20610)  loss 0.7307  lr 2.28e-04
    step 1825/6870 (global micro 15565/20610, update 15565/20610)  loss 0.6698  lr 2.27e-04
    step 1850/6870 (global micro 15590/20610, update 15590/20610)  loss 0.7325  lr 2.25e-04
    step 1875/6870 (global micro 15615/20610, update 15615/20610)  loss 0.7847  lr 2.24e-04
    step 1900/6870 (global micro 15640/20610, update 15640/20610)  loss 0.7358  lr 2.23e-04
    step 1925/6870 (global micro 15665/20610, update 15665/20610)  loss 0.7562  lr 2.22e-04
    step 1950/6870 (global micro 15690/20610, update 15690/20610)  loss 0.7615  lr 2.21e-04
    step 1975/6870 (global micro 15715/20610, update 15715/20610)  loss 0.7412  lr 2.20e-04
    step 2000/6870 (global micro 15740/20610, update 15740/20610)  loss 0.6747  lr 2.18e-04
    step 2025/6870 (global micro 15765/20610, update 15765/20610)  loss 0.9688  lr 2.17e-04
    step 2050/6870 (global micro 15790/20610, update 15790/20610)  loss 0.7382  lr 2.16e-04
    step 2075/6870 (global micro 15815/20610, update 15815/20610)  loss 0.6567  lr 2.15e-04
    step 2100/6870 (global micro 15840/20610, update 15840/20610)  loss 0.7160  lr 2.14e-04
    step 2125/6870 (global micro 15865/20610, update 15865/20610)  loss 0.6777  lr 2.13e-04
    step 2150/6870 (global micro 15890/20610, update 15890/20610)  loss 0.6766  lr 2.12e-04
    step 2175/6870 (global micro 15915/20610, update 15915/20610)  loss 0.6420  lr 2.10e-04
    step 2200/6870 (global micro 15940/20610, update 15940/20610)  loss 0.7713  lr 2.09e-04
    step 2225/6870 (global micro 15965/20610, update 15965/20610)  loss 0.7022  lr 2.08e-04
    step 2250/6870 (global micro 15990/20610, update 15990/20610)  loss 0.6936  lr 2.07e-04
    step 2275/6870 (global micro 16015/20610, update 16015/20610)  loss 0.6955  lr 2.06e-04
    step 2300/6870 (global micro 16040/20610, update 16040/20610)  loss 0.6733  lr 2.05e-04
    step 2325/6870 (global micro 16065/20610, update 16065/20610)  loss 0.6094  lr 2.04e-04
    step 2350/6870 (global micro 16090/20610, update 16090/20610)  loss 0.8558  lr 2.03e-04
    step 2375/6870 (global micro 16115/20610, update 16115/20610)  loss 0.6702  lr 2.02e-04
    step 2400/6870 (global micro 16140/20610, update 16140/20610)  loss 0.6221  lr 2.00e-04
    step 2425/6870 (global micro 16165/20610, update 16165/20610)  loss 0.6420  lr 1.99e-04
    step 2450/6870 (global micro 16190/20610, update 16190/20610)  loss 0.6403  lr 1.98e-04
    step 2475/6870 (global micro 16215/20610, update 16215/20610)  loss 0.8321  lr 1.97e-04
    step 2500/6870 (global micro 16240/20610, update 16240/20610)  loss 0.6641  lr 1.96e-04
    step 2525/6870 (global micro 16265/20610, update 16265/20610)  loss 0.6902  lr 1.95e-04
    step 2550/6870 (global micro 16290/20610, update 16290/20610)  loss 0.6362  lr 1.94e-04
    step 2575/6870 (global micro 16315/20610, update 16315/20610)  loss 0.6632  lr 1.93e-04
    step 2600/6870 (global micro 16340/20610, update 16340/20610)  loss 0.7026  lr 1.92e-04
    step 2625/6870 (global micro 16365/20610, update 16365/20610)  loss 0.6137  lr 1.91e-04
    step 2650/6870 (global micro 16390/20610, update 16390/20610)  loss 0.6219  lr 1.90e-04
    step 2675/6870 (global micro 16415/20610, update 16415/20610)  loss 0.6193  lr 1.89e-04
    step 2700/6870 (global micro 16440/20610, update 16440/20610)  loss 0.5997  lr 1.88e-04
    step 2725/6870 (global micro 16465/20610, update 16465/20610)  loss 0.6860  lr 1.87e-04
    step 2750/6870 (global micro 16490/20610, update 16490/20610)  loss 0.7097  lr 1.86e-04
    step 2775/6870 (global micro 16515/20610, update 16515/20610)  loss 0.7029  lr 1.85e-04
    step 2800/6870 (global micro 16540/20610, update 16540/20610)  loss 0.8715  lr 1.84e-04
    step 2825/6870 (global micro 16565/20610, update 16565/20610)  loss 0.6727  lr 1.83e-04
    step 2850/6870 (global micro 16590/20610, update 16590/20610)  loss 0.6442  lr 1.82e-04
    step 2875/6870 (global micro 16615/20610, update 16615/20610)  loss 0.7191  lr 1.81e-04
    step 2900/6870 (global micro 16640/20610, update 16640/20610)  loss 0.5338  lr 1.80e-04
    step 2925/6870 (global micro 16665/20610, update 16665/20610)  loss 0.6767  lr 1.79e-04
    step 2950/6870 (global micro 16690/20610, update 16690/20610)  loss 0.6932  lr 1.78e-04
    step 2975/6870 (global micro 16715/20610, update 16715/20610)  loss 0.6730  lr 1.77e-04
    step 3000/6870 (global micro 16740/20610, update 16740/20610)  loss 0.6203  lr 1.76e-04
    step 3025/6870 (global micro 16765/20610, update 16765/20610)  loss 0.7249  lr 1.75e-04
    step 3050/6870 (global micro 16790/20610, update 16790/20610)  loss 0.5899  lr 1.74e-04
    step 3075/6870 (global micro 16815/20610, update 16815/20610)  loss 0.8322  lr 1.73e-04
    step 3100/6870 (global micro 16840/20610, update 16840/20610)  loss 0.6030  lr 1.72e-04
    step 3125/6870 (global micro 16865/20610, update 16865/20610)  loss 0.6410  lr 1.71e-04
    step 3150/6870 (global micro 16890/20610, update 16890/20610)  loss 0.5811  lr 1.70e-04
    step 3175/6870 (global micro 16915/20610, update 16915/20610)  loss 0.6440  lr 1.70e-04
    step 3200/6870 (global micro 16940/20610, update 16940/20610)  loss 0.7378  lr 1.69e-04
    step 3225/6870 (global micro 16965/20610, update 16965/20610)  loss 0.8853  lr 1.68e-04
    step 3250/6870 (global micro 16990/20610, update 16990/20610)  loss 0.7323  lr 1.67e-04
    step 3275/6870 (global micro 17015/20610, update 17015/20610)  loss 0.7007  lr 1.66e-04
    step 3300/6870 (global micro 17040/20610, update 17040/20610)  loss 0.6267  lr 1.65e-04
    step 3325/6870 (global micro 17065/20610, update 17065/20610)  loss 0.7290  lr 1.64e-04
    step 3350/6870 (global micro 17090/20610, update 17090/20610)  loss 0.6431  lr 1.63e-04
    step 3375/6870 (global micro 17115/20610, update 17115/20610)  loss 0.6170  lr 1.62e-04
    step 3400/6870 (global micro 17140/20610, update 17140/20610)  loss 0.7909  lr 1.61e-04
    step 3425/6870 (global micro 17165/20610, update 17165/20610)  loss 0.5353  lr 1.61e-04
    step 3450/6870 (global micro 17190/20610, update 17190/20610)  loss 0.5928  lr 1.60e-04
    step 3475/6870 (global micro 17215/20610, update 17215/20610)  loss 0.7012  lr 1.59e-04
    step 3500/6870 (global micro 17240/20610, update 17240/20610)  loss 0.5923  lr 1.58e-04
    step 3525/6870 (global micro 17265/20610, update 17265/20610)  loss 0.7164  lr 1.57e-04
    step 3550/6870 (global micro 17290/20610, update 17290/20610)  loss 0.5191  lr 1.56e-04
    step 3575/6870 (global micro 17315/20610, update 17315/20610)  loss 0.6774  lr 1.56e-04
    step 3600/6870 (global micro 17340/20610, update 17340/20610)  loss 0.5698  lr 1.55e-04
    step 3625/6870 (global micro 17365/20610, update 17365/20610)  loss 0.5755  lr 1.54e-04
    step 3650/6870 (global micro 17390/20610, update 17390/20610)  loss 0.6701  lr 1.53e-04
    step 3675/6870 (global micro 17415/20610, update 17415/20610)  loss 0.6015  lr 1.52e-04
    step 3700/6870 (global micro 17440/20610, update 17440/20610)  loss 0.7877  lr 1.52e-04
    step 3725/6870 (global micro 17465/20610, update 17465/20610)  loss 0.6506  lr 1.51e-04
    step 3750/6870 (global micro 17490/20610, update 17490/20610)  loss 0.6282  lr 1.50e-04
    step 3775/6870 (global micro 17515/20610, update 17515/20610)  loss 0.6504  lr 1.49e-04
    step 3800/6870 (global micro 17540/20610, update 17540/20610)  loss 0.6101  lr 1.48e-04
    step 3825/6870 (global micro 17565/20610, update 17565/20610)  loss 0.6220  lr 1.48e-04
    step 3850/6870 (global micro 17590/20610, update 17590/20610)  loss 0.6473  lr 1.47e-04
    step 3875/6870 (global micro 17615/20610, update 17615/20610)  loss 0.8239  lr 1.46e-04
    step 3900/6870 (global micro 17640/20610, update 17640/20610)  loss 0.6267  lr 1.45e-04
    step 3925/6870 (global micro 17665/20610, update 17665/20610)  loss 0.7976  lr 1.45e-04
    step 3950/6870 (global micro 17690/20610, update 17690/20610)  loss 0.7435  lr 1.44e-04
    step 3975/6870 (global micro 17715/20610, update 17715/20610)  loss 0.7442  lr 1.43e-04
    step 4000/6870 (global micro 17740/20610, update 17740/20610)  loss 0.6593  lr 1.42e-04
    step 4025/6870 (global micro 17765/20610, update 17765/20610)  loss 0.6679  lr 1.42e-04
    step 4050/6870 (global micro 17790/20610, update 17790/20610)  loss 0.6791  lr 1.41e-04
    step 4075/6870 (global micro 17815/20610, update 17815/20610)  loss 0.6179  lr 1.40e-04
    step 4100/6870 (global micro 17840/20610, update 17840/20610)  loss 0.7661  lr 1.40e-04
    step 4125/6870 (global micro 17865/20610, update 17865/20610)  loss 0.6943  lr 1.39e-04
    step 4150/6870 (global micro 17890/20610, update 17890/20610)  loss 0.6542  lr 1.38e-04
    step 4175/6870 (global micro 17915/20610, update 17915/20610)  loss 0.6570  lr 1.37e-04
    step 4200/6870 (global micro 17940/20610, update 17940/20610)  loss 0.6513  lr 1.37e-04
    step 4225/6870 (global micro 17965/20610, update 17965/20610)  loss 0.6744  lr 1.36e-04
    step 4250/6870 (global micro 17990/20610, update 17990/20610)  loss 0.6584  lr 1.35e-04
    step 4275/6870 (global micro 18015/20610, update 18015/20610)  loss 0.6589  lr 1.35e-04
    step 4300/6870 (global micro 18040/20610, update 18040/20610)  loss 0.8561  lr 1.34e-04
    step 4325/6870 (global micro 18065/20610, update 18065/20610)  loss 0.7012  lr 1.33e-04
    step 4350/6870 (global micro 18090/20610, update 18090/20610)  loss 0.6560  lr 1.33e-04
    step 4375/6870 (global micro 18115/20610, update 18115/20610)  loss 0.7282  lr 1.32e-04
    step 4400/6870 (global micro 18140/20610, update 18140/20610)  loss 0.6849  lr 1.32e-04
    step 4425/6870 (global micro 18165/20610, update 18165/20610)  loss 0.5204  lr 1.31e-04
    step 4450/6870 (global micro 18190/20610, update 18190/20610)  loss 0.8788  lr 1.30e-04
    step 4475/6870 (global micro 18215/20610, update 18215/20610)  loss 0.7571  lr 1.30e-04
    step 4500/6870 (global micro 18240/20610, update 18240/20610)  loss 0.7064  lr 1.29e-04
    step 4525/6870 (global micro 18265/20610, update 18265/20610)  loss 0.7687  lr 1.28e-04
    step 4550/6870 (global micro 18290/20610, update 18290/20610)  loss 0.6496  lr 1.28e-04
    step 4575/6870 (global micro 18315/20610, update 18315/20610)  loss 0.6951  lr 1.27e-04
    step 4600/6870 (global micro 18340/20610, update 18340/20610)  loss 0.6215  lr 1.27e-04
    step 4625/6870 (global micro 18365/20610, update 18365/20610)  loss 0.6604  lr 1.26e-04
    step 4650/6870 (global micro 18390/20610, update 18390/20610)  loss 0.6202  lr 1.26e-04
    step 4675/6870 (global micro 18415/20610, update 18415/20610)  loss 0.6696  lr 1.25e-04
    step 4700/6870 (global micro 18440/20610, update 18440/20610)  loss 0.6714  lr 1.24e-04
    step 4725/6870 (global micro 18465/20610, update 18465/20610)  loss 0.6487  lr 1.24e-04
    step 4750/6870 (global micro 18490/20610, update 18490/20610)  loss 0.5937  lr 1.23e-04
    step 4775/6870 (global micro 18515/20610, update 18515/20610)  loss 0.6735  lr 1.23e-04
    step 4800/6870 (global micro 18540/20610, update 18540/20610)  loss 0.5664  lr 1.22e-04
    step 4825/6870 (global micro 18565/20610, update 18565/20610)  loss 0.6948  lr 1.22e-04
    step 4850/6870 (global micro 18590/20610, update 18590/20610)  loss 0.6108  lr 1.21e-04
    step 4875/6870 (global micro 18615/20610, update 18615/20610)  loss 0.6783  lr 1.21e-04
    step 4900/6870 (global micro 18640/20610, update 18640/20610)  loss 0.6177  lr 1.20e-04
    step 4925/6870 (global micro 18665/20610, update 18665/20610)  loss 0.8100  lr 1.20e-04
    step 4950/6870 (global micro 18690/20610, update 18690/20610)  loss 0.8093  lr 1.19e-04
    step 4975/6870 (global micro 18715/20610, update 18715/20610)  loss 0.7409  lr 1.19e-04
    step 5000/6870 (global micro 18740/20610, update 18740/20610)  loss 0.6280  lr 1.18e-04
    step 5025/6870 (global micro 18765/20610, update 18765/20610)  loss 0.5626  lr 1.18e-04
    step 5050/6870 (global micro 18790/20610, update 18790/20610)  loss 0.6480  lr 1.17e-04
    step 5075/6870 (global micro 18815/20610, update 18815/20610)  loss 0.8102  lr 1.17e-04
    step 5100/6870 (global micro 18840/20610, update 18840/20610)  loss 0.7376  lr 1.16e-04
    step 5125/6870 (global micro 18865/20610, update 18865/20610)  loss 0.6023  lr 1.16e-04
    step 5150/6870 (global micro 18890/20610, update 18890/20610)  loss 0.6689  lr 1.15e-04
    step 5175/6870 (global micro 18915/20610, update 18915/20610)  loss 0.5742  lr 1.15e-04
    step 5200/6870 (global micro 18940/20610, update 18940/20610)  loss 0.7091  lr 1.15e-04
    step 5225/6870 (global micro 18965/20610, update 18965/20610)  loss 0.7124  lr 1.14e-04
    step 5250/6870 (global micro 18990/20610, update 18990/20610)  loss 0.6838  lr 1.14e-04
    step 5275/6870 (global micro 19015/20610, update 19015/20610)  loss 0.6087  lr 1.13e-04
    step 5300/6870 (global micro 19040/20610, update 19040/20610)  loss 0.6686  lr 1.13e-04
    step 5325/6870 (global micro 19065/20610, update 19065/20610)  loss 0.7710  lr 1.12e-04
    step 5350/6870 (global micro 19090/20610, update 19090/20610)  loss 0.7712  lr 1.12e-04
    step 5375/6870 (global micro 19115/20610, update 19115/20610)  loss 0.6986  lr 1.12e-04
    step 5400/6870 (global micro 19140/20610, update 19140/20610)  loss 0.6971  lr 1.11e-04
    step 5425/6870 (global micro 19165/20610, update 19165/20610)  loss 0.5364  lr 1.11e-04
    step 5450/6870 (global micro 19190/20610, update 19190/20610)  loss 0.7170  lr 1.11e-04
    step 5475/6870 (global micro 19215/20610, update 19215/20610)  loss 0.5540  lr 1.10e-04
    step 5500/6870 (global micro 19240/20610, update 19240/20610)  loss 0.6113  lr 1.10e-04
    step 5525/6870 (global micro 19265/20610, update 19265/20610)  loss 0.7681  lr 1.09e-04
    step 5550/6870 (global micro 19290/20610, update 19290/20610)  loss 0.6759  lr 1.09e-04
    step 5575/6870 (global micro 19315/20610, update 19315/20610)  loss 0.6394  lr 1.09e-04
    step 5600/6870 (global micro 19340/20610, update 19340/20610)  loss 0.6926  lr 1.08e-04
    step 5625/6870 (global micro 19365/20610, update 19365/20610)  loss 0.6646  lr 1.08e-04
    step 5650/6870 (global micro 19390/20610, update 19390/20610)  loss 0.6042  lr 1.08e-04
    step 5675/6870 (global micro 19415/20610, update 19415/20610)  loss 0.6800  lr 1.07e-04
    step 5700/6870 (global micro 19440/20610, update 19440/20610)  loss 0.5500  lr 1.07e-04
    step 5725/6870 (global micro 19465/20610, update 19465/20610)  loss 0.5802  lr 1.07e-04
    step 5750/6870 (global micro 19490/20610, update 19490/20610)  loss 0.5909  lr 1.07e-04
    step 5775/6870 (global micro 19515/20610, update 19515/20610)  loss 0.7972  lr 1.06e-04
    step 5800/6870 (global micro 19540/20610, update 19540/20610)  loss 0.6088  lr 1.06e-04
    step 5825/6870 (global micro 19565/20610, update 19565/20610)  loss 0.5727  lr 1.06e-04
    step 5850/6870 (global micro 19590/20610, update 19590/20610)  loss 0.5808  lr 1.05e-04
    step 5875/6870 (global micro 19615/20610, update 19615/20610)  loss 0.6510  lr 1.05e-04
    step 5900/6870 (global micro 19640/20610, update 19640/20610)  loss 0.5556  lr 1.05e-04
    step 5925/6870 (global micro 19665/20610, update 19665/20610)  loss 0.6380  lr 1.05e-04
    step 5950/6870 (global micro 19690/20610, update 19690/20610)  loss 0.7915  lr 1.04e-04
    step 5975/6870 (global micro 19715/20610, update 19715/20610)  loss 0.8082  lr 1.04e-04
    step 6000/6870 (global micro 19740/20610, update 19740/20610)  loss 0.6866  lr 1.04e-04
    step 6025/6870 (global micro 19765/20610, update 19765/20610)  loss 0.7105  lr 1.04e-04
    step 6050/6870 (global micro 19790/20610, update 19790/20610)  loss 0.5623  lr 1.04e-04
    step 6075/6870 (global micro 19815/20610, update 19815/20610)  loss 0.6514  lr 1.03e-04
    step 6100/6870 (global micro 19840/20610, update 19840/20610)  loss 0.8158  lr 1.03e-04
    step 6125/6870 (global micro 19865/20610, update 19865/20610)  loss 0.6313  lr 1.03e-04
    step 6150/6870 (global micro 19890/20610, update 19890/20610)  loss 0.6831  lr 1.03e-04
    step 6175/6870 (global micro 19915/20610, update 19915/20610)  loss 0.7358  lr 1.03e-04
    step 6200/6870 (global micro 19940/20610, update 19940/20610)  loss 0.7769  lr 1.02e-04
    step 6225/6870 (global micro 19965/20610, update 19965/20610)  loss 0.7913  lr 1.02e-04
    step 6250/6870 (global micro 19990/20610, update 19990/20610)  loss 0.6870  lr 1.02e-04
    step 6275/6870 (global micro 20015/20610, update 20015/20610)  loss 0.6730  lr 1.02e-04
    step 6300/6870 (global micro 20040/20610, update 20040/20610)  loss 0.5458  lr 1.02e-04
    step 6325/6870 (global micro 20065/20610, update 20065/20610)  loss 0.4451  lr 1.02e-04
    step 6350/6870 (global micro 20090/20610, update 20090/20610)  loss 0.6130  lr 1.01e-04
    step 6375/6870 (global micro 20115/20610, update 20115/20610)  loss 0.5203  lr 1.01e-04
    step 6400/6870 (global micro 20140/20610, update 20140/20610)  loss 0.5739  lr 1.01e-04
    step 6425/6870 (global micro 20165/20610, update 20165/20610)  loss 0.9129  lr 1.01e-04
    step 6450/6870 (global micro 20190/20610, update 20190/20610)  loss 0.6217  lr 1.01e-04
    step 6475/6870 (global micro 20215/20610, update 20215/20610)  loss 0.6190  lr 1.01e-04
    step 6500/6870 (global micro 20240/20610, update 20240/20610)  loss 0.5922  lr 1.01e-04
    step 6525/6870 (global micro 20265/20610, update 20265/20610)  loss 0.7748  lr 1.01e-04
    step 6550/6870 (global micro 20290/20610, update 20290/20610)  loss 0.6208  lr 1.01e-04
    step 6575/6870 (global micro 20315/20610, update 20315/20610)  loss 0.7831  lr 1.00e-04
    step 6600/6870 (global micro 20340/20610, update 20340/20610)  loss 0.6898  lr 1.00e-04
    step 6625/6870 (global micro 20365/20610, update 20365/20610)  loss 0.6183  lr 1.00e-04
    step 6650/6870 (global micro 20390/20610, update 20390/20610)  loss 0.6456  lr 1.00e-04
    step 6675/6870 (global micro 20415/20610, update 20415/20610)  loss 0.8230  lr 1.00e-04
    step 6700/6870 (global micro 20440/20610, update 20440/20610)  loss 0.5490  lr 1.00e-04
    step 6725/6870 (global micro 20465/20610, update 20465/20610)  loss 0.7063  lr 1.00e-04
    step 6750/6870 (global micro 20490/20610, update 20490/20610)  loss 0.7003  lr 1.00e-04
    step 6775/6870 (global micro 20515/20610, update 20515/20610)  loss 0.6292  lr 1.00e-04
    step 6800/6870 (global micro 20540/20610, update 20540/20610)  loss 0.6310  lr 1.00e-04
    step 6825/6870 (global micro 20565/20610, update 20565/20610)  loss 0.6091  lr 1.00e-04
    step 6850/6870 (global micro 20590/20610, update 20590/20610)  loss 0.5177  lr 1.00e-04
    step 6870/6870 (global micro 20610/20610, update 20610/20610)  loss 0.6589  lr 1.00e-04
  epoch   3/3  loss 0.6862  lr 1.00e-04  (2689.7s)
  Epoch checkpoint: core/run_3_interleaved_e3.pt

  Best loss: 0.6862
  Checkpoint saved: core/run_3_interleaved.pt

