  Training audit: PASSED
  Python: /home/aomukai/.unsloth/studio/unsloth_studio/bin/python
  Device: cuda
  Phase: 0
  Seed: 1337
  Resume checkpoint: checkpoints/run7_e1.pt

============================================================
  BDH Phase 0 Training
============================================================
  Data files: ['tmp/msm_run9_correction.txt']
  Total bytes: 1,204
  Pre-loading corpus tensor...
  Corpus tensor: 1,204 tokens
  Model: small-25m (25.3M params)
  Resuming from: checkpoints/run7_e1.pt
  Seed: 1337  |  Deterministic: enabled
  Epochs: 1  |  Windows/epoch: 4  |  Micro-steps/epoch: 1  |  Optimizer updates/epoch: 1  |  Total optimizer updates: 1  |  LR: 0.001
  Block size: 256  |  Batch size: 8
  Grad accumulation: 1
  AMP bf16: enabled
  Data mode: phase_text
  VRAM logging: disabled
  Log interval: every 25 step(s)
  Output: core/run_9_msm_arithmetic_e1.pt

    step    1/1 (global micro     1/1, update     1/1)  loss 0.5221  lr 1.00e-04
  epoch   1/1  loss 0.5221  lr 1.00e-04  (0.5s)

  Best loss: 0.5221
  Checkpoint saved: core/run_9_msm_arithmetic_e1.pt

