  Training audit: PASSED
  Python: /home/aomukai/.unsloth/studio/unsloth_studio/bin/python
  Device: cuda
  Phase: 0
  Seed: 1337
  Resume checkpoint: checkpoints/run7_e1.pt

============================================================
  BDH Phase 0 Training
============================================================
  Data files: ['tmp/counting_corpus.txt']
  Total bytes: 44,916
  Pre-loading corpus tensor...
  Corpus tensor: 44,916 tokens
  Model: small-25m (25.3M params)
  Resuming from: checkpoints/run7_e1.pt
  Seed: 1337  |  Deterministic: enabled
  Epochs: 1  |  Windows/epoch: 175  |  Micro-steps/epoch: 22  |  Optimizer updates/epoch: 22  |  Total optimizer updates: 22  |  LR: 0.001
  Block size: 256  |  Batch size: 8
  Grad accumulation: 1
  AMP bf16: enabled
  Data mode: phase_text
  VRAM logging: disabled
  Log interval: every 25 step(s)
  Output: core/run_10_counting_e1.pt

    step    1/22 (global micro     1/22, update     1/22)  loss 1.2378  lr 9.95e-04
    step   22/22 (global micro    22/22, update    22/22)  loss 0.3923  lr 1.00e-04
  epoch   1/1  loss 0.4819  lr 1.00e-04  (8.5s)

  Best loss: 0.4819
  Checkpoint saved: core/run_10_counting_e1.pt

