  Training audit: PASSED
  Python: /home/aomukai/.unsloth/studio/unsloth_studio/bin/python
  Device: cuda
  Phase: 0
  Seed: 1337
  Data order: seeded-shuffle
  Resume checkpoint: /home/aomukai/Ninereeds/core/c13_Phase_C_bridge_pre_e1.pt

============================================================
  BDH Phase 0 Training
============================================================
  Data files: ['/home/aomukai/Ninereeds/training/corpus/campaign_13_phase_C.txt']
  Total bytes: 5,386,252
  Pre-loading corpus tensor...
  Corpus tensor: 5,386,252 tokens
  Model: small-25m (25.3M params)
  Resuming from: /home/aomukai/Ninereeds/core/c13_Phase_C_bridge_pre_e1.pt
  Seed: 1337  |  Deterministic: enabled  |  Data order: seeded-shuffle
  Epochs: 3  |  Windows/epoch: 21040  |  Micro-steps/epoch: 2630  |  Optimizer updates/epoch: 2630  |  Total optimizer updates: 7890  |  LR: 0.001
  Block size: 256  |  Batch size: 8
  Grad accumulation: 1
  AMP bf16: enabled
  Data mode: phase_text
  VRAM logging: disabled
  Log interval: every 25 step(s)
  Output: /home/aomukai/Ninereeds/core/c13_Phase_C_bridged.pt

    step    1/2630 (global micro     1/7890, update     1/7890)  loss 1.4487  lr 1.00e-03
    step   25/2630 (global micro    25/7890, update    25/7890)  loss 1.0290  lr 1.00e-03
    step   50/2630 (global micro    50/7890, update    50/7890)  loss 0.8966  lr 1.00e-03
    step   75/2630 (global micro    75/7890, update    75/7890)  loss 0.9554  lr 1.00e-03
    step  100/2630 (global micro   100/7890, update   100/7890)  loss 0.7831  lr 1.00e-03
    step  125/2630 (global micro   125/7890, update   125/7890)  loss 0.7664  lr 9.99e-04
    step  150/2630 (global micro   150/7890, update   150/7890)  loss 0.8153  lr 9.99e-04
    step  175/2630 (global micro   175/7890, update   175/7890)  loss 0.8576  lr 9.99e-04
    step  200/2630 (global micro   200/7890, update   200/7890)  loss 0.8927  lr 9.99e-04
    step  225/2630 (global micro   225/7890, update   225/7890)  loss 0.8703  lr 9.98e-04
    step  250/2630 (global micro   250/7890, update   250/7890)  loss 0.8417  lr 9.98e-04
    step  275/2630 (global micro   275/7890, update   275/7890)  loss 0.8552  lr 9.97e-04
    step  300/2630 (global micro   300/7890, update   300/7890)  loss 0.9854  lr 9.97e-04
    step  325/2630 (global micro   325/7890, update   325/7890)  loss 0.7024  lr 9.96e-04
    step  350/2630 (global micro   350/7890, update   350/7890)  loss 0.8379  lr 9.96e-04
    step  375/2630 (global micro   375/7890, update   375/7890)  loss 0.8094  lr 9.95e-04
    step  400/2630 (global micro   400/7890, update   400/7890)  loss 0.9218  lr 9.94e-04
    step  425/2630 (global micro   425/7890, update   425/7890)  loss 0.8669  lr 9.94e-04
    step  450/2630 (global micro   450/7890, update   450/7890)  loss 0.9360  lr 9.93e-04
    step  475/2630 (global micro   475/7890, update   475/7890)  loss 0.9287  lr 9.92e-04
    step  500/2630 (global micro   500/7890, update   500/7890)  loss 0.8228  lr 9.91e-04
    step  525/2630 (global micro   525/7890, update   525/7890)  loss 0.9017  lr 9.90e-04
    step  550/2630 (global micro   550/7890, update   550/7890)  loss 0.9033  lr 9.89e-04
    step  575/2630 (global micro   575/7890, update   575/7890)  loss 0.8256  lr 9.88e-04
    step  600/2630 (global micro   600/7890, update   600/7890)  loss 0.7559  lr 9.87e-04
    step  625/2630 (global micro   625/7890, update   625/7890)  loss 0.7792  lr 9.86e-04
    step  650/2630 (global micro   650/7890, update   650/7890)  loss 0.7980  lr 9.85e-04
    step  675/2630 (global micro   675/7890, update   675/7890)  loss 0.7406  lr 9.84e-04
    step  700/2630 (global micro   700/7890, update   700/7890)  loss 0.7416  lr 9.83e-04
    step  725/2630 (global micro   725/7890, update   725/7890)  loss 0.7645  lr 9.81e-04
    step  750/2630 (global micro   750/7890, update   750/7890)  loss 0.6986  lr 9.80e-04
    step  775/2630 (global micro   775/7890, update   775/7890)  loss 0.7946  lr 9.79e-04
    step  800/2630 (global micro   800/7890, update   800/7890)  loss 0.7530  lr 9.77e-04
    step  825/2630 (global micro   825/7890, update   825/7890)  loss 0.6862  lr 9.76e-04
    step  850/2630 (global micro   850/7890, update   850/7890)  loss 0.7663  lr 9.74e-04
    step  875/2630 (global micro   875/7890, update   875/7890)  loss 0.7205  lr 9.73e-04
    step  900/2630 (global micro   900/7890, update   900/7890)  loss 0.7374  lr 9.71e-04
    step  925/2630 (global micro   925/7890, update   925/7890)  loss 0.7236  lr 9.70e-04
    step  950/2630 (global micro   950/7890, update   950/7890)  loss 0.6912  lr 9.68e-04
    step  975/2630 (global micro   975/7890, update   975/7890)  loss 0.7347  lr 9.67e-04
    step 1000/2630 (global micro  1000/7890, update  1000/7890)  loss 0.7452  lr 9.65e-04
    step 1025/2630 (global micro  1025/7890, update  1025/7890)  loss 0.7729  lr 9.63e-04
    step 1050/2630 (global micro  1050/7890, update  1050/7890)  loss 0.8295  lr 9.61e-04
    step 1075/2630 (global micro  1075/7890, update  1075/7890)  loss 0.6858  lr 9.59e-04
    step 1100/2630 (global micro  1100/7890, update  1100/7890)  loss 0.7777  lr 9.58e-04
    step 1125/2630 (global micro  1125/7890, update  1125/7890)  loss 0.8202  lr 9.56e-04
    step 1150/2630 (global micro  1150/7890, update  1150/7890)  loss 0.7236  lr 9.54e-04
    step 1175/2630 (global micro  1175/7890, update  1175/7890)  loss 0.7897  lr 9.52e-04
    step 1200/2630 (global micro  1200/7890, update  1200/7890)  loss 0.8079  lr 9.50e-04
    step 1225/2630 (global micro  1225/7890, update  1225/7890)  loss 0.7055  lr 9.48e-04
    step 1250/2630 (global micro  1250/7890, update  1250/7890)  loss 0.6981  lr 9.45e-04
    step 1275/2630 (global micro  1275/7890, update  1275/7890)  loss 0.8000  lr 9.43e-04
    step 1300/2630 (global micro  1300/7890, update  1300/7890)  loss 0.7760  lr 9.41e-04
    step 1325/2630 (global micro  1325/7890, update  1325/7890)  loss 0.8582  lr 9.39e-04
    step 1350/2630 (global micro  1350/7890, update  1350/7890)  loss 0.6887  lr 9.37e-04
    step 1375/2630 (global micro  1375/7890, update  1375/7890)  loss 0.8366  lr 9.34e-04
    step 1400/2630 (global micro  1400/7890, update  1400/7890)  loss 0.7346  lr 9.32e-04
    step 1425/2630 (global micro  1425/7890, update  1425/7890)  loss 0.8030  lr 9.29e-04
    step 1450/2630 (global micro  1450/7890, update  1450/7890)  loss 0.7528  lr 9.27e-04
    step 1475/2630 (global micro  1475/7890, update  1475/7890)  loss 0.8132  lr 9.25e-04
    step 1500/2630 (global micro  1500/7890, update  1500/7890)  loss 0.6605  lr 9.22e-04
    step 1525/2630 (global micro  1525/7890, update  1525/7890)  loss 0.7719  lr 9.20e-04
    step 1550/2630 (global micro  1550/7890, update  1550/7890)  loss 0.6485  lr 9.17e-04
    step 1575/2630 (global micro  1575/7890, update  1575/7890)  loss 0.6918  lr 9.14e-04
    step 1600/2630 (global micro  1600/7890, update  1600/7890)  loss 0.7599  lr 9.12e-04
    step 1625/2630 (global micro  1625/7890, update  1625/7890)  loss 0.6450  lr 9.09e-04
    step 1650/2630 (global micro  1650/7890, update  1650/7890)  loss 0.7327  lr 9.06e-04
    step 1675/2630 (global micro  1675/7890, update  1675/7890)  loss 0.7364  lr 9.04e-04
    step 1700/2630 (global micro  1700/7890, update  1700/7890)  loss 0.8160  lr 9.01e-04
    step 1725/2630 (global micro  1725/7890, update  1725/7890)  loss 0.7191  lr 8.98e-04
    step 1750/2630 (global micro  1750/7890, update  1750/7890)  loss 0.8260  lr 8.95e-04
    step 1775/2630 (global micro  1775/7890, update  1775/7890)  loss 0.7734  lr 8.92e-04
    step 1800/2630 (global micro  1800/7890, update  1800/7890)  loss 0.6869  lr 8.89e-04
    step 1825/2630 (global micro  1825/7890, update  1825/7890)  loss 0.8381  lr 8.86e-04
    step 1850/2630 (global micro  1850/7890, update  1850/7890)  loss 0.6094  lr 8.83e-04
    step 1875/2630 (global micro  1875/7890, update  1875/7890)  loss 0.7082  lr 8.80e-04
    step 1900/2630 (global micro  1900/7890, update  1900/7890)  loss 0.6539  lr 8.77e-04
    step 1925/2630 (global micro  1925/7890, update  1925/7890)  loss 0.7368  lr 8.74e-04
    step 1950/2630 (global micro  1950/7890, update  1950/7890)  loss 0.6638  lr 8.71e-04
    step 1975/2630 (global micro  1975/7890, update  1975/7890)  loss 0.7496  lr 8.68e-04
    step 2000/2630 (global micro  2000/7890, update  2000/7890)  loss 0.7445  lr 8.65e-04
    step 2025/2630 (global micro  2025/7890, update  2025/7890)  loss 0.6586  lr 8.61e-04
    step 2050/2630 (global micro  2050/7890, update  2050/7890)  loss 0.8373  lr 8.58e-04
    step 2075/2630 (global micro  2075/7890, update  2075/7890)  loss 0.7209  lr 8.55e-04
    step 2100/2630 (global micro  2100/7890, update  2100/7890)  loss 0.8936  lr 8.52e-04
    step 2125/2630 (global micro  2125/7890, update  2125/7890)  loss 0.7338  lr 8.48e-04
    step 2150/2630 (global micro  2150/7890, update  2150/7890)  loss 0.6280  lr 8.45e-04
    step 2175/2630 (global micro  2175/7890, update  2175/7890)  loss 0.7314  lr 8.42e-04
    step 2200/2630 (global micro  2200/7890, update  2200/7890)  loss 0.6777  lr 8.38e-04
    step 2225/2630 (global micro  2225/7890, update  2225/7890)  loss 0.7169  lr 8.35e-04
    step 2250/2630 (global micro  2250/7890, update  2250/7890)  loss 0.5997  lr 8.31e-04
    step 2275/2630 (global micro  2275/7890, update  2275/7890)  loss 0.6317  lr 8.28e-04
    step 2300/2630 (global micro  2300/7890, update  2300/7890)  loss 0.7034  lr 8.24e-04
    step 2325/2630 (global micro  2325/7890, update  2325/7890)  loss 0.8271  lr 8.21e-04
    step 2350/2630 (global micro  2350/7890, update  2350/7890)  loss 0.7893  lr 8.17e-04
    step 2375/2630 (global micro  2375/7890, update  2375/7890)  loss 0.7084  lr 8.13e-04
    step 2400/2630 (global micro  2400/7890, update  2400/7890)  loss 0.6388  lr 8.10e-04
    step 2425/2630 (global micro  2425/7890, update  2425/7890)  loss 0.8094  lr 8.06e-04
    step 2450/2630 (global micro  2450/7890, update  2450/7890)  loss 0.6757  lr 8.02e-04
    step 2475/2630 (global micro  2475/7890, update  2475/7890)  loss 0.6946  lr 7.99e-04
    step 2500/2630 (global micro  2500/7890, update  2500/7890)  loss 0.6991  lr 7.95e-04
    step 2525/2630 (global micro  2525/7890, update  2525/7890)  loss 0.7958  lr 7.91e-04
    step 2550/2630 (global micro  2550/7890, update  2550/7890)  loss 0.7119  lr 7.87e-04
    step 2575/2630 (global micro  2575/7890, update  2575/7890)  loss 0.5853  lr 7.83e-04
    step 2600/2630 (global micro  2600/7890, update  2600/7890)  loss 0.6440  lr 7.80e-04
    step 2625/2630 (global micro  2625/7890, update  2625/7890)  loss 0.7890  lr 7.76e-04
    step 2630/2630 (global micro  2630/7890, update  2630/7890)  loss 0.7052  lr 7.75e-04
  epoch   1/3  loss 0.7635  lr 7.75e-04  (988.7s)
  Epoch checkpoint: /home/aomukai/Ninereeds/core/c13_Phase_C_bridged_e1.pt
    step    1/2630 (global micro  2631/7890, update  2631/7890)  loss 0.5882  lr 7.75e-04
    step   25/2630 (global micro  2655/7890, update  2655/7890)  loss 0.5470  lr 7.71e-04
    step   50/2630 (global micro  2680/7890, update  2680/7890)  loss 0.7687  lr 7.67e-04
    step   75/2630 (global micro  2705/7890, update  2705/7890)  loss 0.6562  lr 7.63e-04
    step  100/2630 (global micro  2730/7890, update  2730/7890)  loss 0.7638  lr 7.59e-04
    step  125/2630 (global micro  2755/7890, update  2755/7890)  loss 0.5519  lr 7.55e-04
    step  150/2630 (global micro  2780/7890, update  2780/7890)  loss 0.7023  lr 7.51e-04
    step  175/2630 (global micro  2805/7890, update  2805/7890)  loss 0.6643  lr 7.47e-04
    step  200/2630 (global micro  2830/7890, update  2830/7890)  loss 0.6493  lr 7.43e-04
    step  225/2630 (global micro  2855/7890, update  2855/7890)  loss 0.6078  lr 7.39e-04
    step  250/2630 (global micro  2880/7890, update  2880/7890)  loss 0.6043  lr 7.35e-04
    step  275/2630 (global micro  2905/7890, update  2905/7890)  loss 0.5756  lr 7.31e-04
    step  300/2630 (global micro  2930/7890, update  2930/7890)  loss 0.6945  lr 7.27e-04
    step  325/2630 (global micro  2955/7890, update  2955/7890)  loss 0.7260  lr 7.23e-04
    step  350/2630 (global micro  2980/7890, update  2980/7890)  loss 0.6142  lr 7.19e-04
    step  375/2630 (global micro  3005/7890, update  3005/7890)  loss 0.7245  lr 7.15e-04
    step  400/2630 (global micro  3030/7890, update  3030/7890)  loss 0.6976  lr 7.10e-04
    step  425/2630 (global micro  3055/7890, update  3055/7890)  loss 0.6471  lr 7.06e-04
    step  450/2630 (global micro  3080/7890, update  3080/7890)  loss 0.6487  lr 7.02e-04
    step  475/2630 (global micro  3105/7890, update  3105/7890)  loss 0.6201  lr 6.98e-04
    step  500/2630 (global micro  3130/7890, update  3130/7890)  loss 0.5971  lr 6.93e-04
    step  525/2630 (global micro  3155/7890, update  3155/7890)  loss 0.7157  lr 6.89e-04
    step  550/2630 (global micro  3180/7890, update  3180/7890)  loss 0.6403  lr 6.85e-04
    step  575/2630 (global micro  3205/7890, update  3205/7890)  loss 0.6053  lr 6.81e-04
    step  600/2630 (global micro  3230/7890, update  3230/7890)  loss 0.6315  lr 6.76e-04
    step  625/2630 (global micro  3255/7890, update  3255/7890)  loss 0.6984  lr 6.72e-04
    step  650/2630 (global micro  3280/7890, update  3280/7890)  loss 0.7040  lr 6.68e-04
    step  675/2630 (global micro  3305/7890, update  3305/7890)  loss 0.5847  lr 6.63e-04
    step  700/2630 (global micro  3330/7890, update  3330/7890)  loss 0.5900  lr 6.59e-04
    step  725/2630 (global micro  3355/7890, update  3355/7890)  loss 0.5452  lr 6.55e-04
    step  750/2630 (global micro  3380/7890, update  3380/7890)  loss 0.5302  lr 6.50e-04
    step  775/2630 (global micro  3405/7890, update  3405/7890)  loss 0.6849  lr 6.46e-04
    step  800/2630 (global micro  3430/7890, update  3430/7890)  loss 0.5910  lr 6.42e-04
    step  825/2630 (global micro  3455/7890, update  3455/7890)  loss 0.6877  lr 6.37e-04
    step  850/2630 (global micro  3480/7890, update  3480/7890)  loss 0.5649  lr 6.33e-04
    step  875/2630 (global micro  3505/7890, update  3505/7890)  loss 0.6958  lr 6.28e-04
    step  900/2630 (global micro  3530/7890, update  3530/7890)  loss 0.6589  lr 6.24e-04
    step  925/2630 (global micro  3555/7890, update  3555/7890)  loss 0.7061  lr 6.20e-04
    step  950/2630 (global micro  3580/7890, update  3580/7890)  loss 0.6185  lr 6.15e-04
    step  975/2630 (global micro  3605/7890, update  3605/7890)  loss 0.6707  lr 6.11e-04
    step 1000/2630 (global micro  3630/7890, update  3630/7890)  loss 0.6592  lr 6.06e-04
    step 1025/2630 (global micro  3655/7890, update  3655/7890)  loss 0.5639  lr 6.02e-04
    step 1050/2630 (global micro  3680/7890, update  3680/7890)  loss 0.6316  lr 5.97e-04
    step 1075/2630 (global micro  3705/7890, update  3705/7890)  loss 0.6354  lr 5.93e-04
    step 1100/2630 (global micro  3730/7890, update  3730/7890)  loss 0.6438  lr 5.88e-04
    step 1125/2630 (global micro  3755/7890, update  3755/7890)  loss 0.5406  lr 5.84e-04
    step 1150/2630 (global micro  3780/7890, update  3780/7890)  loss 0.7136  lr 5.80e-04
    step 1175/2630 (global micro  3805/7890, update  3805/7890)  loss 0.7082  lr 5.75e-04
    step 1200/2630 (global micro  3830/7890, update  3830/7890)  loss 0.7000  lr 5.71e-04
    step 1225/2630 (global micro  3855/7890, update  3855/7890)  loss 0.6405  lr 5.66e-04
    step 1250/2630 (global micro  3880/7890, update  3880/7890)  loss 0.6217  lr 5.62e-04
    step 1275/2630 (global micro  3905/7890, update  3905/7890)  loss 0.5969  lr 5.57e-04
    step 1300/2630 (global micro  3930/7890, update  3930/7890)  loss 0.6080  lr 5.53e-04
    step 1325/2630 (global micro  3955/7890, update  3955/7890)  loss 0.6676  lr 5.48e-04
    step 1350/2630 (global micro  3980/7890, update  3980/7890)  loss 0.6211  lr 5.44e-04
    step 1375/2630 (global micro  4005/7890, update  4005/7890)  loss 0.6360  lr 5.39e-04
    step 1400/2630 (global micro  4030/7890, update  4030/7890)  loss 0.6134  lr 5.35e-04
    step 1425/2630 (global micro  4055/7890, update  4055/7890)  loss 0.5736  lr 5.30e-04
    step 1450/2630 (global micro  4080/7890, update  4080/7890)  loss 0.5651  lr 5.26e-04
    step 1475/2630 (global micro  4105/7890, update  4105/7890)  loss 0.5426  lr 5.21e-04
    step 1500/2630 (global micro  4130/7890, update  4130/7890)  loss 0.6843  lr 5.17e-04
    step 1525/2630 (global micro  4155/7890, update  4155/7890)  loss 0.5840  lr 5.12e-04
    step 1550/2630 (global micro  4180/7890, update  4180/7890)  loss 0.7017  lr 5.08e-04
    step 1575/2630 (global micro  4205/7890, update  4205/7890)  loss 0.5784  lr 5.03e-04
    step 1600/2630 (global micro  4230/7890, update  4230/7890)  loss 0.6601  lr 4.99e-04
    step 1625/2630 (global micro  4255/7890, update  4255/7890)  loss 0.7613  lr 4.95e-04
    step 1650/2630 (global micro  4280/7890, update  4280/7890)  loss 0.6839  lr 4.90e-04
    step 1675/2630 (global micro  4305/7890, update  4305/7890)  loss 0.5210  lr 4.86e-04
    step 1700/2630 (global micro  4330/7890, update  4330/7890)  loss 0.5894  lr 4.81e-04
    step 1725/2630 (global micro  4355/7890, update  4355/7890)  loss 0.7029  lr 4.77e-04
    step 1750/2630 (global micro  4380/7890, update  4380/7890)  loss 0.6513  lr 4.72e-04
    step 1775/2630 (global micro  4405/7890, update  4405/7890)  loss 0.4609  lr 4.68e-04
    step 1800/2630 (global micro  4430/7890, update  4430/7890)  loss 0.6728  lr 4.64e-04
    step 1825/2630 (global micro  4455/7890, update  4455/7890)  loss 0.5481  lr 4.59e-04
    step 1850/2630 (global micro  4480/7890, update  4480/7890)  loss 0.5793  lr 4.55e-04
    step 1875/2630 (global micro  4505/7890, update  4505/7890)  loss 0.6026  lr 4.50e-04
    step 1900/2630 (global micro  4530/7890, update  4530/7890)  loss 0.5534  lr 4.46e-04
    step 1925/2630 (global micro  4555/7890, update  4555/7890)  loss 0.5450  lr 4.42e-04
    step 1950/2630 (global micro  4580/7890, update  4580/7890)  loss 0.6124  lr 4.37e-04
    step 1975/2630 (global micro  4605/7890, update  4605/7890)  loss 0.6999  lr 4.33e-04
    step 2000/2630 (global micro  4630/7890, update  4630/7890)  loss 0.5576  lr 4.29e-04
    step 2025/2630 (global micro  4655/7890, update  4655/7890)  loss 0.6364  lr 4.24e-04
    step 2050/2630 (global micro  4680/7890, update  4680/7890)  loss 0.4859  lr 4.20e-04
    step 2075/2630 (global micro  4705/7890, update  4705/7890)  loss 0.6579  lr 4.16e-04
    step 2100/2630 (global micro  4730/7890, update  4730/7890)  loss 0.6108  lr 4.12e-04
    step 2125/2630 (global micro  4755/7890, update  4755/7890)  loss 0.6425  lr 4.07e-04
    step 2150/2630 (global micro  4780/7890, update  4780/7890)  loss 0.6253  lr 4.03e-04
    step 2175/2630 (global micro  4805/7890, update  4805/7890)  loss 0.5792  lr 3.99e-04
    step 2200/2630 (global micro  4830/7890, update  4830/7890)  loss 0.7292  lr 3.95e-04
    step 2225/2630 (global micro  4855/7890, update  4855/7890)  loss 0.6919  lr 3.90e-04
    step 2250/2630 (global micro  4880/7890, update  4880/7890)  loss 0.6710  lr 3.86e-04
    step 2275/2630 (global micro  4905/7890, update  4905/7890)  loss 0.6032  lr 3.82e-04
    step 2300/2630 (global micro  4930/7890, update  4930/7890)  loss 0.6392  lr 3.78e-04
    step 2325/2630 (global micro  4955/7890, update  4955/7890)  loss 0.6655  lr 3.74e-04
    step 2350/2630 (global micro  4980/7890, update  4980/7890)  loss 0.6498  lr 3.70e-04
    step 2375/2630 (global micro  5005/7890, update  5005/7890)  loss 0.5504  lr 3.66e-04
    step 2400/2630 (global micro  5030/7890, update  5030/7890)  loss 0.6790  lr 3.62e-04
    step 2425/2630 (global micro  5055/7890, update  5055/7890)  loss 0.4752  lr 3.58e-04
    step 2450/2630 (global micro  5080/7890, update  5080/7890)  loss 0.6695  lr 3.53e-04
    step 2475/2630 (global micro  5105/7890, update  5105/7890)  loss 0.7584  lr 3.49e-04
    step 2500/2630 (global micro  5130/7890, update  5130/7890)  loss 0.6019  lr 3.45e-04
    step 2525/2630 (global micro  5155/7890, update  5155/7890)  loss 0.4938  lr 3.41e-04
    step 2550/2630 (global micro  5180/7890, update  5180/7890)  loss 0.6464  lr 3.38e-04
    step 2575/2630 (global micro  5205/7890, update  5205/7890)  loss 0.5667  lr 3.34e-04
    step 2600/2630 (global micro  5230/7890, update  5230/7890)  loss 0.6086  lr 3.30e-04
    step 2625/2630 (global micro  5255/7890, update  5255/7890)  loss 0.6471  lr 3.26e-04
    step 2630/2630 (global micro  5260/7890, update  5260/7890)  loss 0.6663  lr 3.25e-04
  epoch   2/3  loss 0.6335  lr 3.25e-04  (988.3s)
  Epoch checkpoint: /home/aomukai/Ninereeds/core/c13_Phase_C_bridged_e2.pt
    step    1/2630 (global micro  5261/7890, update  5261/7890)  loss 0.4940  lr 3.25e-04
    step   25/2630 (global micro  5285/7890, update  5285/7890)  loss 0.6060  lr 3.21e-04
    step   50/2630 (global micro  5310/7890, update  5310/7890)  loss 0.5324  lr 3.17e-04
    step   75/2630 (global micro  5335/7890, update  5335/7890)  loss 0.4632  lr 3.13e-04
    step  100/2630 (global micro  5360/7890, update  5360/7890)  loss 0.5144  lr 3.10e-04
    step  125/2630 (global micro  5385/7890, update  5385/7890)  loss 0.6106  lr 3.06e-04
    step  150/2630 (global micro  5410/7890, update  5410/7890)  loss 0.5442  lr 3.02e-04
    step  175/2630 (global micro  5435/7890, update  5435/7890)  loss 0.6116  lr 2.98e-04
    step  200/2630 (global micro  5460/7890, update  5460/7890)  loss 0.4714  lr 2.95e-04
    step  225/2630 (global micro  5485/7890, update  5485/7890)  loss 0.5991  lr 2.91e-04
    step  250/2630 (global micro  5510/7890, update  5510/7890)  loss 0.5182  lr 2.87e-04
    step  275/2630 (global micro  5535/7890, update  5535/7890)  loss 0.5115  lr 2.84e-04
    step  300/2630 (global micro  5560/7890, update  5560/7890)  loss 0.5213  lr 2.80e-04
    step  325/2630 (global micro  5585/7890, update  5585/7890)  loss 0.5422  lr 2.77e-04
    step  350/2630 (global micro  5610/7890, update  5610/7890)  loss 0.5268  lr 2.73e-04
    step  375/2630 (global micro  5635/7890, update  5635/7890)  loss 0.5867  lr 2.70e-04
    step  400/2630 (global micro  5660/7890, update  5660/7890)  loss 0.6130  lr 2.66e-04
    step  425/2630 (global micro  5685/7890, update  5685/7890)  loss 0.5742  lr 2.63e-04
    step  450/2630 (global micro  5710/7890, update  5710/7890)  loss 0.5219  lr 2.59e-04
    step  475/2630 (global micro  5735/7890, update  5735/7890)  loss 0.5616  lr 2.56e-04
    step  500/2630 (global micro  5760/7890, update  5760/7890)  loss 0.5242  lr 2.52e-04
    step  525/2630 (global micro  5785/7890, update  5785/7890)  loss 0.5523  lr 2.49e-04
    step  550/2630 (global micro  5810/7890, update  5810/7890)  loss 0.6462  lr 2.46e-04
    step  575/2630 (global micro  5835/7890, update  5835/7890)  loss 0.5213  lr 2.42e-04
    step  600/2630 (global micro  5860/7890, update  5860/7890)  loss 0.5037  lr 2.39e-04
    step  625/2630 (global micro  5885/7890, update  5885/7890)  loss 0.6050  lr 2.36e-04
    step  650/2630 (global micro  5910/7890, update  5910/7890)  loss 0.5225  lr 2.33e-04
    step  675/2630 (global micro  5935/7890, update  5935/7890)  loss 0.5190  lr 2.30e-04
    step  700/2630 (global micro  5960/7890, update  5960/7890)  loss 0.5355  lr 2.26e-04
    step  725/2630 (global micro  5985/7890, update  5985/7890)  loss 0.5186  lr 2.23e-04
    step  750/2630 (global micro  6010/7890, update  6010/7890)  loss 0.6740  lr 2.20e-04
    step  775/2630 (global micro  6035/7890, update  6035/7890)  loss 0.5933  lr 2.17e-04
    step  800/2630 (global micro  6060/7890, update  6060/7890)  loss 0.5663  lr 2.14e-04
    step  825/2630 (global micro  6085/7890, update  6085/7890)  loss 0.5302  lr 2.11e-04
    step  850/2630 (global micro  6110/7890, update  6110/7890)  loss 0.6183  lr 2.08e-04
    step  875/2630 (global micro  6135/7890, update  6135/7890)  loss 0.6212  lr 2.05e-04
    step  900/2630 (global micro  6160/7890, update  6160/7890)  loss 0.4895  lr 2.03e-04
    step  925/2630 (global micro  6185/7890, update  6185/7890)  loss 0.5554  lr 2.00e-04
    step  950/2630 (global micro  6210/7890, update  6210/7890)  loss 0.5938  lr 1.97e-04
    step  975/2630 (global micro  6235/7890, update  6235/7890)  loss 0.5435  lr 1.94e-04
    step 1000/2630 (global micro  6260/7890, update  6260/7890)  loss 0.5416  lr 1.91e-04
    step 1025/2630 (global micro  6285/7890, update  6285/7890)  loss 0.5641  lr 1.89e-04
    step 1050/2630 (global micro  6310/7890, update  6310/7890)  loss 0.4795  lr 1.86e-04
    step 1075/2630 (global micro  6335/7890, update  6335/7890)  loss 0.5560  lr 1.84e-04
    step 1100/2630 (global micro  6360/7890, update  6360/7890)  loss 0.5359  lr 1.81e-04
    step 1125/2630 (global micro  6385/7890, update  6385/7890)  loss 0.5032  lr 1.78e-04
    step 1150/2630 (global micro  6410/7890, update  6410/7890)  loss 0.5211  lr 1.76e-04
    step 1175/2630 (global micro  6435/7890, update  6435/7890)  loss 0.5379  lr 1.73e-04
    step 1200/2630 (global micro  6460/7890, update  6460/7890)  loss 0.4581  lr 1.71e-04
    step 1225/2630 (global micro  6485/7890, update  6485/7890)  loss 0.6444  lr 1.69e-04
    step 1250/2630 (global micro  6510/7890, update  6510/7890)  loss 0.5846  lr 1.66e-04
    step 1275/2630 (global micro  6535/7890, update  6535/7890)  loss 0.4592  lr 1.64e-04
    step 1300/2630 (global micro  6560/7890, update  6560/7890)  loss 0.5506  lr 1.62e-04
    step 1325/2630 (global micro  6585/7890, update  6585/7890)  loss 0.5421  lr 1.59e-04
    step 1350/2630 (global micro  6610/7890, update  6610/7890)  loss 0.4917  lr 1.57e-04
    step 1375/2630 (global micro  6635/7890, update  6635/7890)  loss 0.4823  lr 1.55e-04
    step 1400/2630 (global micro  6660/7890, update  6660/7890)  loss 0.4447  lr 1.53e-04
    step 1425/2630 (global micro  6685/7890, update  6685/7890)  loss 0.5477  lr 1.51e-04
    step 1450/2630 (global micro  6710/7890, update  6710/7890)  loss 0.6344  lr 1.49e-04
    step 1475/2630 (global micro  6735/7890, update  6735/7890)  loss 0.5507  lr 1.47e-04
    step 1500/2630 (global micro  6760/7890, update  6760/7890)  loss 0.5784  lr 1.45e-04
    step 1525/2630 (global micro  6785/7890, update  6785/7890)  loss 0.4948  lr 1.43e-04
    step 1550/2630 (global micro  6810/7890, update  6810/7890)  loss 0.5770  lr 1.41e-04
    step 1575/2630 (global micro  6835/7890, update  6835/7890)  loss 0.4860  lr 1.39e-04
    step 1600/2630 (global micro  6860/7890, update  6860/7890)  loss 0.4798  lr 1.37e-04
    step 1625/2630 (global micro  6885/7890, update  6885/7890)  loss 0.5092  lr 1.36e-04
    step 1650/2630 (global micro  6910/7890, update  6910/7890)  loss 0.4809  lr 1.34e-04
    step 1675/2630 (global micro  6935/7890, update  6935/7890)  loss 0.4814  lr 1.32e-04
    step 1700/2630 (global micro  6960/7890, update  6960/7890)  loss 0.5491  lr 1.31e-04
    step 1725/2630 (global micro  6985/7890, update  6985/7890)  loss 0.5715  lr 1.29e-04
    step 1750/2630 (global micro  7010/7890, update  7010/7890)  loss 0.5564  lr 1.27e-04
    step 1775/2630 (global micro  7035/7890, update  7035/7890)  loss 0.4418  lr 1.26e-04
    step 1800/2630 (global micro  7060/7890, update  7060/7890)  loss 0.5482  lr 1.24e-04
    step 1825/2630 (global micro  7085/7890, update  7085/7890)  loss 0.4772  lr 1.23e-04
    step 1850/2630 (global micro  7110/7890, update  7110/7890)  loss 0.5933  lr 1.22e-04
    step 1875/2630 (global micro  7135/7890, update  7135/7890)  loss 0.5656  lr 1.20e-04
    step 1900/2630 (global micro  7160/7890, update  7160/7890)  loss 0.4938  lr 1.19e-04
    step 1925/2630 (global micro  7185/7890, update  7185/7890)  loss 0.5813  lr 1.18e-04
    step 1950/2630 (global micro  7210/7890, update  7210/7890)  loss 0.5107  lr 1.16e-04
    step 1975/2630 (global micro  7235/7890, update  7235/7890)  loss 0.4471  lr 1.15e-04
    step 2000/2630 (global micro  7260/7890, update  7260/7890)  loss 0.6903  lr 1.14e-04
    step 2025/2630 (global micro  7285/7890, update  7285/7890)  loss 0.5626  lr 1.13e-04
    step 2050/2630 (global micro  7310/7890, update  7310/7890)  loss 0.4784  lr 1.12e-04
    step 2075/2630 (global micro  7335/7890, update  7335/7890)  loss 0.5695  lr 1.11e-04
    step 2100/2630 (global micro  7360/7890, update  7360/7890)  loss 0.5441  lr 1.10e-04
    step 2125/2630 (global micro  7385/7890, update  7385/7890)  loss 0.5889  lr 1.09e-04
    step 2150/2630 (global micro  7410/7890, update  7410/7890)  loss 0.6313  lr 1.08e-04
    step 2175/2630 (global micro  7435/7890, update  7435/7890)  loss 0.5163  lr 1.07e-04
    step 2200/2630 (global micro  7460/7890, update  7460/7890)  loss 0.5276  lr 1.07e-04
    step 2225/2630 (global micro  7485/7890, update  7485/7890)  loss 0.4599  lr 1.06e-04
    step 2250/2630 (global micro  7510/7890, update  7510/7890)  loss 0.6044  lr 1.05e-04
    step 2275/2630 (global micro  7535/7890, update  7535/7890)  loss 0.4985  lr 1.04e-04
    step 2300/2630 (global micro  7560/7890, update  7560/7890)  loss 0.6454  lr 1.04e-04
    step 2325/2630 (global micro  7585/7890, update  7585/7890)  loss 0.5033  lr 1.03e-04
    step 2350/2630 (global micro  7610/7890, update  7610/7890)  loss 0.5166  lr 1.03e-04
    step 2375/2630 (global micro  7635/7890, update  7635/7890)  loss 0.5568  lr 1.02e-04
    step 2400/2630 (global micro  7660/7890, update  7660/7890)  loss 0.5957  lr 1.02e-04
    step 2425/2630 (global micro  7685/7890, update  7685/7890)  loss 0.4692  lr 1.01e-04
    step 2450/2630 (global micro  7710/7890, update  7710/7890)  loss 0.5902  lr 1.01e-04
    step 2475/2630 (global micro  7735/7890, update  7735/7890)  loss 0.5333  lr 1.01e-04
    step 2500/2630 (global micro  7760/7890, update  7760/7890)  loss 0.6050  lr 1.01e-04
    step 2525/2630 (global micro  7785/7890, update  7785/7890)  loss 0.4706  lr 1.00e-04
    step 2550/2630 (global micro  7810/7890, update  7810/7890)  loss 0.6182  lr 1.00e-04
    step 2575/2630 (global micro  7835/7890, update  7835/7890)  loss 0.4936  lr 1.00e-04
    step 2600/2630 (global micro  7860/7890, update  7860/7890)  loss 0.5501  lr 1.00e-04
    step 2625/2630 (global micro  7885/7890, update  7885/7890)  loss 0.4284  lr 1.00e-04
    step 2630/2630 (global micro  7890/7890, update  7890/7890)  loss 0.4508  lr 1.00e-04
  epoch   3/3  loss 0.5361  lr 1.00e-04  (988.4s)
  Epoch checkpoint: /home/aomukai/Ninereeds/core/c13_Phase_C_bridged_e3.pt

  Best loss: 0.5361
  Checkpoint saved: /home/aomukai/Ninereeds/core/c13_Phase_C_bridged.pt

