  Training audit: PASSED
  Python: /home/aomukai/.unsloth/studio/unsloth_studio/bin/python
  Device: cuda
  Phase: 0
  Seed: 1337
  Data order: seeded-shuffle
  Resume checkpoint: /home/aomukai/Ninereeds/core/c13_Phase_C_direct_e3.pt

============================================================
  BDH Phase 0 Training
============================================================
  Data files: ['/home/aomukai/Ninereeds/training/corpus/campaign_13_phase_B.txt']
  Total bytes: 4,468,980
  Pre-loading corpus tensor...
  Corpus tensor: 4,468,980 tokens
  Model: small-25m (25.3M params)
  Resuming from: /home/aomukai/Ninereeds/core/c13_Phase_C_direct_e3.pt
  Seed: 1337  |  Deterministic: enabled  |  Data order: seeded-shuffle
  Epochs: 3  |  Windows/epoch: 17456  |  Micro-steps/epoch: 8728  |  Optimizer updates/epoch: 8728  |  Total optimizer updates: 26184  |  LR: 0.001
  Block size: 256  |  Batch size: 2
  Grad accumulation: 1
  AMP bf16: enabled
  Data mode: phase_text
  VRAM logging: disabled
  Log interval: every 25 step(s)
  Output: /home/aomukai/Ninereeds/core/c13_Phase_B_direct_retry4.pt

    step    1/8728 (global micro     1/26184, update     1/26184)  loss 0.6801  lr 1.00e-03
    step   25/8728 (global micro    25/26184, update    25/26184)  loss 0.9226  lr 1.00e-03
    step   50/8728 (global micro    50/26184, update    50/26184)  loss 0.8973  lr 1.00e-03
    step   75/8728 (global micro    75/26184, update    75/26184)  loss 1.2748  lr 1.00e-03
    step  100/8728 (global micro   100/26184, update   100/26184)  loss 0.8387  lr 1.00e-03
    step  125/8728 (global micro   125/26184, update   125/26184)  loss 0.8439  lr 1.00e-03
    step  150/8728 (global micro   150/26184, update   150/26184)  loss 0.8024  lr 1.00e-03
    step  175/8728 (global micro   175/26184, update   175/26184)  loss 0.8530  lr 1.00e-03
    step  200/8728 (global micro   200/26184, update   200/26184)  loss 0.6844  lr 1.00e-03
    step  225/8728 (global micro   225/26184, update   225/26184)  loss 0.8997  lr 1.00e-03
    step  250/8728 (global micro   250/26184, update   250/26184)  loss 0.9615  lr 1.00e-03
    step  275/8728 (global micro   275/26184, update   275/26184)  loss 0.9053  lr 1.00e-03
    step  300/8728 (global micro   300/26184, update   300/26184)  loss 0.5773  lr 1.00e-03
    step  325/8728 (global micro   325/26184, update   325/26184)  loss 1.1428  lr 1.00e-03
    step  350/8728 (global micro   350/26184, update   350/26184)  loss 1.0610  lr 1.00e-03
    step  375/8728 (global micro   375/26184, update   375/26184)  loss 1.1292  lr 1.00e-03
    step  400/8728 (global micro   400/26184, update   400/26184)  loss 0.6769  lr 9.99e-04
    step  425/8728 (global micro   425/26184, update   425/26184)  loss 0.9266  lr 9.99e-04
    step  450/8728 (global micro   450/26184, update   450/26184)  loss 0.7588  lr 9.99e-04
    step  475/8728 (global micro   475/26184, update   475/26184)  loss 0.8002  lr 9.99e-04
    step  500/8728 (global micro   500/26184, update   500/26184)  loss 0.9689  lr 9.99e-04
    step  525/8728 (global micro   525/26184, update   525/26184)  loss 0.9290  lr 9.99e-04
    step  550/8728 (global micro   550/26184, update   550/26184)  loss 0.6958  lr 9.99e-04
    step  575/8728 (global micro   575/26184, update   575/26184)  loss 0.6616  lr 9.99e-04
    step  600/8728 (global micro   600/26184, update   600/26184)  loss 1.0838  lr 9.99e-04
    step  625/8728 (global micro   625/26184, update   625/26184)  loss 1.1274  lr 9.99e-04
    step  650/8728 (global micro   650/26184, update   650/26184)  loss 0.7492  lr 9.99e-04
    step  675/8728 (global micro   675/26184, update   675/26184)  loss 0.8356  lr 9.99e-04
    step  700/8728 (global micro   700/26184, update   700/26184)  loss 1.1150  lr 9.98e-04
    step  725/8728 (global micro   725/26184, update   725/26184)  loss 0.7497  lr 9.98e-04
    step  750/8728 (global micro   750/26184, update   750/26184)  loss 0.8871  lr 9.98e-04
    step  775/8728 (global micro   775/26184, update   775/26184)  loss 0.9333  lr 9.98e-04
    step  800/8728 (global micro   800/26184, update   800/26184)  loss 1.0682  lr 9.98e-04
    step  825/8728 (global micro   825/26184, update   825/26184)  loss 1.0906  lr 9.98e-04
    step  850/8728 (global micro   850/26184, update   850/26184)  loss 0.7235  lr 9.98e-04
    step  875/8728 (global micro   875/26184, update   875/26184)  loss 0.8255  lr 9.98e-04
    step  900/8728 (global micro   900/26184, update   900/26184)  loss 0.8858  lr 9.97e-04
    step  925/8728 (global micro   925/26184, update   925/26184)  loss 0.7755  lr 9.97e-04
    step  950/8728 (global micro   950/26184, update   950/26184)  loss 0.5752  lr 9.97e-04
    step  975/8728 (global micro   975/26184, update   975/26184)  loss 0.6839  lr 9.97e-04
    step 1000/8728 (global micro  1000/26184, update  1000/26184)  loss 1.0999  lr 9.97e-04
    step 1025/8728 (global micro  1025/26184, update  1025/26184)  loss 0.7049  lr 9.97e-04
    step 1050/8728 (global micro  1050/26184, update  1050/26184)  loss 0.8558  lr 9.96e-04
    step 1075/8728 (global micro  1075/26184, update  1075/26184)  loss 0.5708  lr 9.96e-04
    step 1100/8728 (global micro  1100/26184, update  1100/26184)  loss 0.9096  lr 9.96e-04
    step 1125/8728 (global micro  1125/26184, update  1125/26184)  loss 0.7893  lr 9.96e-04
    step 1150/8728 (global micro  1150/26184, update  1150/26184)  loss 1.0131  lr 9.96e-04
    step 1175/8728 (global micro  1175/26184, update  1175/26184)  loss 0.9151  lr 9.96e-04
    step 1200/8728 (global micro  1200/26184, update  1200/26184)  loss 0.7758  lr 9.95e-04
    step 1225/8728 (global micro  1225/26184, update  1225/26184)  loss 0.7434  lr 9.95e-04
    step 1250/8728 (global micro  1250/26184, update  1250/26184)  loss 0.9326  lr 9.95e-04
    step 1275/8728 (global micro  1275/26184, update  1275/26184)  loss 0.7167  lr 9.95e-04
    step 1300/8728 (global micro  1300/26184, update  1300/26184)  loss 0.9926  lr 9.95e-04
    step 1325/8728 (global micro  1325/26184, update  1325/26184)  loss 0.6257  lr 9.94e-04
    step 1350/8728 (global micro  1350/26184, update  1350/26184)  loss 0.5869  lr 9.94e-04
    step 1375/8728 (global micro  1375/26184, update  1375/26184)  loss 0.6737  lr 9.94e-04
    step 1400/8728 (global micro  1400/26184, update  1400/26184)  loss 1.0636  lr 9.94e-04
    step 1425/8728 (global micro  1425/26184, update  1425/26184)  loss 0.7984  lr 9.93e-04
    step 1450/8728 (global micro  1450/26184, update  1450/26184)  loss 0.6532  lr 9.93e-04
    step 1475/8728 (global micro  1475/26184, update  1475/26184)  loss 0.8989  lr 9.93e-04
    step 1500/8728 (global micro  1500/26184, update  1500/26184)  loss 1.0013  lr 9.93e-04
    step 1525/8728 (global micro  1525/26184, update  1525/26184)  loss 1.0481  lr 9.92e-04
    step 1550/8728 (global micro  1550/26184, update  1550/26184)  loss 0.8877  lr 9.92e-04
    step 1575/8728 (global micro  1575/26184, update  1575/26184)  loss 0.9847  lr 9.92e-04
    step 1600/8728 (global micro  1600/26184, update  1600/26184)  loss 0.7922  lr 9.92e-04
    step 1625/8728 (global micro  1625/26184, update  1625/26184)  loss 0.7815  lr 9.91e-04
    step 1650/8728 (global micro  1650/26184, update  1650/26184)  loss 1.0017  lr 9.91e-04
    step 1675/8728 (global micro  1675/26184, update  1675/26184)  loss 0.7181  lr 9.91e-04
    step 1700/8728 (global micro  1700/26184, update  1700/26184)  loss 0.8150  lr 9.91e-04
    step 1725/8728 (global micro  1725/26184, update  1725/26184)  loss 0.8129  lr 9.90e-04
    step 1750/8728 (global micro  1750/26184, update  1750/26184)  loss 0.8432  lr 9.90e-04
    step 1775/8728 (global micro  1775/26184, update  1775/26184)  loss 1.1298  lr 9.90e-04
    step 1800/8728 (global micro  1800/26184, update  1800/26184)  loss 0.7468  lr 9.90e-04
    step 1825/8728 (global micro  1825/26184, update  1825/26184)  loss 1.0750  lr 9.89e-04
    step 1850/8728 (global micro  1850/26184, update  1850/26184)  loss 0.9682  lr 9.89e-04
    step 1875/8728 (global micro  1875/26184, update  1875/26184)  loss 1.0722  lr 9.89e-04
    step 1900/8728 (global micro  1900/26184, update  1900/26184)  loss 0.8554  lr 9.88e-04
    step 1925/8728 (global micro  1925/26184, update  1925/26184)  loss 0.6611  lr 9.88e-04
    step 1950/8728 (global micro  1950/26184, update  1950/26184)  loss 1.0087  lr 9.88e-04
    step 1975/8728 (global micro  1975/26184, update  1975/26184)  loss 0.7617  lr 9.87e-04
    step 2000/8728 (global micro  2000/26184, update  2000/26184)  loss 0.9709  lr 9.87e-04
    step 2025/8728 (global micro  2025/26184, update  2025/26184)  loss 0.8629  lr 9.87e-04
    step 2050/8728 (global micro  2050/26184, update  2050/26184)  loss 0.6721  lr 9.86e-04
    step 2075/8728 (global micro  2075/26184, update  2075/26184)  loss 0.6840  lr 9.86e-04
    step 2100/8728 (global micro  2100/26184, update  2100/26184)  loss 1.1136  lr 9.86e-04
    step 2125/8728 (global micro  2125/26184, update  2125/26184)  loss 0.9161  lr 9.85e-04
    step 2150/8728 (global micro  2150/26184, update  2150/26184)  loss 1.0650  lr 9.85e-04
    step 2175/8728 (global micro  2175/26184, update  2175/26184)  loss 0.6550  lr 9.85e-04
    step 2200/8728 (global micro  2200/26184, update  2200/26184)  loss 0.8068  lr 9.84e-04
    step 2225/8728 (global micro  2225/26184, update  2225/26184)  loss 0.9563  lr 9.84e-04
    step 2250/8728 (global micro  2250/26184, update  2250/26184)  loss 0.9677  lr 9.84e-04
    step 2275/8728 (global micro  2275/26184, update  2275/26184)  loss 0.7375  lr 9.83e-04
    step 2300/8728 (global micro  2300/26184, update  2300/26184)  loss 0.5578  lr 9.83e-04
    step 2325/8728 (global micro  2325/26184, update  2325/26184)  loss 0.8070  lr 9.83e-04
    step 2350/8728 (global micro  2350/26184, update  2350/26184)  loss 0.5627  lr 9.82e-04
    step 2375/8728 (global micro  2375/26184, update  2375/26184)  loss 0.8695  lr 9.82e-04
    step 2400/8728 (global micro  2400/26184, update  2400/26184)  loss 1.0331  lr 9.81e-04
    step 2425/8728 (global micro  2425/26184, update  2425/26184)  loss 0.8984  lr 9.81e-04
    step 2450/8728 (global micro  2450/26184, update  2450/26184)  loss 0.9978  lr 9.81e-04
    step 2475/8728 (global micro  2475/26184, update  2475/26184)  loss 0.8916  lr 9.80e-04
    step 2500/8728 (global micro  2500/26184, update  2500/26184)  loss 1.0640  lr 9.80e-04
    step 2525/8728 (global micro  2525/26184, update  2525/26184)  loss 0.8020  lr 9.80e-04
    step 2550/8728 (global micro  2550/26184, update  2550/26184)  loss 0.8245  lr 9.79e-04
    step 2575/8728 (global micro  2575/26184, update  2575/26184)  loss 0.9192  lr 9.79e-04
    step 2600/8728 (global micro  2600/26184, update  2600/26184)  loss 0.8926  lr 9.78e-04
    step 2625/8728 (global micro  2625/26184, update  2625/26184)  loss 0.6776  lr 9.78e-04
    step 2650/8728 (global micro  2650/26184, update  2650/26184)  loss 0.6595  lr 9.77e-04
    step 2675/8728 (global micro  2675/26184, update  2675/26184)  loss 0.9041  lr 9.77e-04
    step 2700/8728 (global micro  2700/26184, update  2700/26184)  loss 0.8136  lr 9.77e-04
    step 2725/8728 (global micro  2725/26184, update  2725/26184)  loss 1.0601  lr 9.76e-04
    step 2750/8728 (global micro  2750/26184, update  2750/26184)  loss 1.1195  lr 9.76e-04
    step 2775/8728 (global micro  2775/26184, update  2775/26184)  loss 1.0462  lr 9.75e-04
    step 2800/8728 (global micro  2800/26184, update  2800/26184)  loss 0.8686  lr 9.75e-04
    step 2825/8728 (global micro  2825/26184, update  2825/26184)  loss 0.9185  lr 9.74e-04
    step 2850/8728 (global micro  2850/26184, update  2850/26184)  loss 0.7403  lr 9.74e-04
    step 2875/8728 (global micro  2875/26184, update  2875/26184)  loss 0.6874  lr 9.73e-04
    step 2900/8728 (global micro  2900/26184, update  2900/26184)  loss 0.9253  lr 9.73e-04
    step 2925/8728 (global micro  2925/26184, update  2925/26184)  loss 0.7420  lr 9.73e-04
    step 2950/8728 (global micro  2950/26184, update  2950/26184)  loss 0.9651  lr 9.72e-04
    step 2975/8728 (global micro  2975/26184, update  2975/26184)  loss 0.6063  lr 9.72e-04
    step 3000/8728 (global micro  3000/26184, update  3000/26184)  loss 0.8391  lr 9.71e-04
    step 3025/8728 (global micro  3025/26184, update  3025/26184)  loss 0.5679  lr 9.71e-04
    step 3050/8728 (global micro  3050/26184, update  3050/26184)  loss 0.9714  lr 9.70e-04
    step 3075/8728 (global micro  3075/26184, update  3075/26184)  loss 0.8256  lr 9.70e-04
    step 3100/8728 (global micro  3100/26184, update  3100/26184)  loss 0.8545  lr 9.69e-04
    step 3125/8728 (global micro  3125/26184, update  3125/26184)  loss 0.7415  lr 9.69e-04
    step 3150/8728 (global micro  3150/26184, update  3150/26184)  loss 0.8850  lr 9.68e-04
    step 3175/8728 (global micro  3175/26184, update  3175/26184)  loss 0.8521  lr 9.68e-04
    step 3200/8728 (global micro  3200/26184, update  3200/26184)  loss 0.8367  lr 9.67e-04
    step 3225/8728 (global micro  3225/26184, update  3225/26184)  loss 0.8419  lr 9.67e-04
    step 3250/8728 (global micro  3250/26184, update  3250/26184)  loss 0.7058  lr 9.66e-04
    step 3275/8728 (global micro  3275/26184, update  3275/26184)  loss 0.6640  lr 9.66e-04
    step 3300/8728 (global micro  3300/26184, update  3300/26184)  loss 0.8714  lr 9.65e-04
    step 3325/8728 (global micro  3325/26184, update  3325/26184)  loss 0.8719  lr 9.65e-04
    step 3350/8728 (global micro  3350/26184, update  3350/26184)  loss 1.0387  lr 9.64e-04
    step 3375/8728 (global micro  3375/26184, update  3375/26184)  loss 0.8535  lr 9.64e-04
    step 3400/8728 (global micro  3400/26184, update  3400/26184)  loss 1.0601  lr 9.63e-04
    step 3425/8728 (global micro  3425/26184, update  3425/26184)  loss 0.9130  lr 9.63e-04
    step 3450/8728 (global micro  3450/26184, update  3450/26184)  loss 0.7310  lr 9.62e-04
    step 3475/8728 (global micro  3475/26184, update  3475/26184)  loss 0.8371  lr 9.61e-04
    step 3500/8728 (global micro  3500/26184, update  3500/26184)  loss 1.1130  lr 9.61e-04
    step 3525/8728 (global micro  3525/26184, update  3525/26184)  loss 0.8842  lr 9.60e-04
    step 3550/8728 (global micro  3550/26184, update  3550/26184)  loss 0.6956  lr 9.60e-04
    step 3575/8728 (global micro  3575/26184, update  3575/26184)  loss 0.9231  lr 9.59e-04
    step 3600/8728 (global micro  3600/26184, update  3600/26184)  loss 1.2779  lr 9.59e-04
    step 3625/8728 (global micro  3625/26184, update  3625/26184)  loss 0.9709  lr 9.58e-04
    step 3650/8728 (global micro  3650/26184, update  3650/26184)  loss 0.8453  lr 9.58e-04
    step 3675/8728 (global micro  3675/26184, update  3675/26184)  loss 0.7318  lr 9.57e-04
    step 3700/8728 (global micro  3700/26184, update  3700/26184)  loss 0.8343  lr 9.56e-04
    step 3725/8728 (global micro  3725/26184, update  3725/26184)  loss 0.8831  lr 9.56e-04
    step 3750/8728 (global micro  3750/26184, update  3750/26184)  loss 0.7696  lr 9.55e-04
    step 3775/8728 (global micro  3775/26184, update  3775/26184)  loss 0.7074  lr 9.55e-04
    step 3800/8728 (global micro  3800/26184, update  3800/26184)  loss 0.8611  lr 9.54e-04
    step 3825/8728 (global micro  3825/26184, update  3825/26184)  loss 0.7108  lr 9.53e-04
    step 3850/8728 (global micro  3850/26184, update  3850/26184)  loss 0.6340  lr 9.53e-04
    step 3875/8728 (global micro  3875/26184, update  3875/26184)  loss 0.8986  lr 9.52e-04
    step 3900/8728 (global micro  3900/26184, update  3900/26184)  loss 1.0006  lr 9.52e-04
    step 3925/8728 (global micro  3925/26184, update  3925/26184)  loss 0.7563  lr 9.51e-04
    step 3950/8728 (global micro  3950/26184, update  3950/26184)  loss 0.8451  lr 9.50e-04
    step 3975/8728 (global micro  3975/26184, update  3975/26184)  loss 0.9401  lr 9.50e-04
    step 4000/8728 (global micro  4000/26184, update  4000/26184)  loss 0.8284  lr 9.49e-04
    step 4025/8728 (global micro  4025/26184, update  4025/26184)  loss 0.6558  lr 9.49e-04
    step 4050/8728 (global micro  4050/26184, update  4050/26184)  loss 0.6716  lr 9.48e-04
    step 4075/8728 (global micro  4075/26184, update  4075/26184)  loss 0.7619  lr 9.47e-04
    step 4100/8728 (global micro  4100/26184, update  4100/26184)  loss 0.7672  lr 9.47e-04
    step 4125/8728 (global micro  4125/26184, update  4125/26184)  loss 0.7040  lr 9.46e-04
    step 4150/8728 (global micro  4150/26184, update  4150/26184)  loss 0.7140  lr 9.45e-04
    step 4175/8728 (global micro  4175/26184, update  4175/26184)  loss 0.8105  lr 9.45e-04
    step 4200/8728 (global micro  4200/26184, update  4200/26184)  loss 0.6522  lr 9.44e-04
    step 4225/8728 (global micro  4225/26184, update  4225/26184)  loss 0.6765  lr 9.43e-04
    step 4250/8728 (global micro  4250/26184, update  4250/26184)  loss 0.6831  lr 9.43e-04
    step 4275/8728 (global micro  4275/26184, update  4275/26184)  loss 0.8471  lr 9.42e-04
    step 4300/8728 (global micro  4300/26184, update  4300/26184)  loss 0.9437  lr 9.41e-04
    step 4325/8728 (global micro  4325/26184, update  4325/26184)  loss 1.0668  lr 9.41e-04
    step 4350/8728 (global micro  4350/26184, update  4350/26184)  loss 1.1317  lr 9.40e-04
    step 4375/8728 (global micro  4375/26184, update  4375/26184)  loss 0.5585  lr 9.39e-04
    step 4400/8728 (global micro  4400/26184, update  4400/26184)  loss 0.7450  lr 9.39e-04
    step 4425/8728 (global micro  4425/26184, update  4425/26184)  loss 0.7736  lr 9.38e-04
    step 4450/8728 (global micro  4450/26184, update  4450/26184)  loss 0.7192  lr 9.37e-04
    step 4475/8728 (global micro  4475/26184, update  4475/26184)  loss 0.6644  lr 9.37e-04
    step 4500/8728 (global micro  4500/26184, update  4500/26184)  loss 0.6266  lr 9.36e-04
    step 4525/8728 (global micro  4525/26184, update  4525/26184)  loss 0.8351  lr 9.35e-04
    step 4550/8728 (global micro  4550/26184, update  4550/26184)  loss 0.7230  lr 9.35e-04
    step 4575/8728 (global micro  4575/26184, update  4575/26184)  loss 0.4683  lr 9.34e-04
    step 4600/8728 (global micro  4600/26184, update  4600/26184)  loss 0.7550  lr 9.33e-04
    step 4625/8728 (global micro  4625/26184, update  4625/26184)  loss 0.7586  lr 9.32e-04
    step 4650/8728 (global micro  4650/26184, update  4650/26184)  loss 0.7600  lr 9.32e-04
    step 4675/8728 (global micro  4675/26184, update  4675/26184)  loss 0.6640  lr 9.31e-04
    step 4700/8728 (global micro  4700/26184, update  4700/26184)  loss 0.7102  lr 9.30e-04
    step 4725/8728 (global micro  4725/26184, update  4725/26184)  loss 0.7558  lr 9.30e-04
    step 4750/8728 (global micro  4750/26184, update  4750/26184)  loss 0.8929  lr 9.29e-04
    step 4775/8728 (global micro  4775/26184, update  4775/26184)  loss 1.0686  lr 9.28e-04
    step 4800/8728 (global micro  4800/26184, update  4800/26184)  loss 0.8813  lr 9.27e-04
    step 4825/8728 (global micro  4825/26184, update  4825/26184)  loss 0.8002  lr 9.27e-04
    step 4850/8728 (global micro  4850/26184, update  4850/26184)  loss 0.6174  lr 9.26e-04
    step 4875/8728 (global micro  4875/26184, update  4875/26184)  loss 1.1154  lr 9.25e-04
    step 4900/8728 (global micro  4900/26184, update  4900/26184)  loss 0.7461  lr 9.24e-04
    step 4925/8728 (global micro  4925/26184, update  4925/26184)  loss 0.5054  lr 9.24e-04
    step 4950/8728 (global micro  4950/26184, update  4950/26184)  loss 0.6309  lr 9.23e-04
    step 4975/8728 (global micro  4975/26184, update  4975/26184)  loss 0.6183  lr 9.22e-04
    step 5000/8728 (global micro  5000/26184, update  5000/26184)  loss 0.8061  lr 9.21e-04
    step 5025/8728 (global micro  5025/26184, update  5025/26184)  loss 0.6544  lr 9.21e-04
    step 5050/8728 (global micro  5050/26184, update  5050/26184)  loss 0.8633  lr 9.20e-04
    step 5075/8728 (global micro  5075/26184, update  5075/26184)  loss 0.6911  lr 9.19e-04
    step 5100/8728 (global micro  5100/26184, update  5100/26184)  loss 1.2004  lr 9.18e-04
    step 5125/8728 (global micro  5125/26184, update  5125/26184)  loss 0.8986  lr 9.18e-04
    step 5150/8728 (global micro  5150/26184, update  5150/26184)  loss 0.6463  lr 9.17e-04
    step 5175/8728 (global micro  5175/26184, update  5175/26184)  loss 0.7682  lr 9.16e-04
    step 5200/8728 (global micro  5200/26184, update  5200/26184)  loss 0.7367  lr 9.15e-04
    step 5225/8728 (global micro  5225/26184, update  5225/26184)  loss 0.7088  lr 9.14e-04
    step 5250/8728 (global micro  5250/26184, update  5250/26184)  loss 0.9196  lr 9.14e-04
    step 5275/8728 (global micro  5275/26184, update  5275/26184)  loss 0.7909  lr 9.13e-04
    step 5300/8728 (global micro  5300/26184, update  5300/26184)  loss 0.7050  lr 9.12e-04
    step 5325/8728 (global micro  5325/26184, update  5325/26184)  loss 0.8821  lr 9.11e-04
    step 5350/8728 (global micro  5350/26184, update  5350/26184)  loss 0.6443  lr 9.10e-04
    step 5375/8728 (global micro  5375/26184, update  5375/26184)  loss 0.6275  lr 9.10e-04
    step 5400/8728 (global micro  5400/26184, update  5400/26184)  loss 0.6386  lr 9.09e-04
    step 5425/8728 (global micro  5425/26184, update  5425/26184)  loss 0.5630  lr 9.08e-04
    step 5450/8728 (global micro  5450/26184, update  5450/26184)  loss 0.9799  lr 9.07e-04
    step 5475/8728 (global micro  5475/26184, update  5475/26184)  loss 0.8486  lr 9.06e-04
    step 5500/8728 (global micro  5500/26184, update  5500/26184)  loss 0.7634  lr 9.06e-04
    step 5525/8728 (global micro  5525/26184, update  5525/26184)  loss 0.9922  lr 9.05e-04
    step 5550/8728 (global micro  5550/26184, update  5550/26184)  loss 0.7621  lr 9.04e-04
    step 5575/8728 (global micro  5575/26184, update  5575/26184)  loss 1.0596  lr 9.03e-04
    step 5600/8728 (global micro  5600/26184, update  5600/26184)  loss 0.6154  lr 9.02e-04
    step 5625/8728 (global micro  5625/26184, update  5625/26184)  loss 0.6486  lr 9.01e-04
    step 5650/8728 (global micro  5650/26184, update  5650/26184)  loss 0.6884  lr 9.01e-04
    step 5675/8728 (global micro  5675/26184, update  5675/26184)  loss 1.0698  lr 9.00e-04
    step 5700/8728 (global micro  5700/26184, update  5700/26184)  loss 0.9385  lr 8.99e-04
    step 5725/8728 (global micro  5725/26184, update  5725/26184)  loss 0.4697  lr 8.98e-04
    step 5750/8728 (global micro  5750/26184, update  5750/26184)  loss 0.8838  lr 8.97e-04
    step 5775/8728 (global micro  5775/26184, update  5775/26184)  loss 0.7592  lr 8.96e-04
    step 5800/8728 (global micro  5800/26184, update  5800/26184)  loss 0.6220  lr 8.95e-04
    step 5825/8728 (global micro  5825/26184, update  5825/26184)  loss 0.9358  lr 8.95e-04
    step 5850/8728 (global micro  5850/26184, update  5850/26184)  loss 0.6964  lr 8.94e-04
    step 5875/8728 (global micro  5875/26184, update  5875/26184)  loss 0.6743  lr 8.93e-04
    step 5900/8728 (global micro  5900/26184, update  5900/26184)  loss 0.8635  lr 8.92e-04
    step 5925/8728 (global micro  5925/26184, update  5925/26184)  loss 0.8095  lr 8.91e-04
    step 5950/8728 (global micro  5950/26184, update  5950/26184)  loss 0.8692  lr 8.90e-04
    step 5975/8728 (global micro  5975/26184, update  5975/26184)  loss 0.7287  lr 8.89e-04
    step 6000/8728 (global micro  6000/26184, update  6000/26184)  loss 0.6866  lr 8.88e-04
    step 6025/8728 (global micro  6025/26184, update  6025/26184)  loss 0.7188  lr 8.87e-04
    step 6050/8728 (global micro  6050/26184, update  6050/26184)  loss 0.7008  lr 8.87e-04
    step 6075/8728 (global micro  6075/26184, update  6075/26184)  loss 0.7124  lr 8.86e-04
    step 6100/8728 (global micro  6100/26184, update  6100/26184)  loss 0.7672  lr 8.85e-04
    step 6125/8728 (global micro  6125/26184, update  6125/26184)  loss 0.8302  lr 8.84e-04
    step 6150/8728 (global micro  6150/26184, update  6150/26184)  loss 0.7588  lr 8.83e-04
    step 6175/8728 (global micro  6175/26184, update  6175/26184)  loss 0.5718  lr 8.82e-04
    step 6200/8728 (global micro  6200/26184, update  6200/26184)  loss 0.5562  lr 8.81e-04
    step 6225/8728 (global micro  6225/26184, update  6225/26184)  loss 0.5561  lr 8.80e-04
    step 6250/8728 (global micro  6250/26184, update  6250/26184)  loss 0.7452  lr 8.79e-04
    step 6275/8728 (global micro  6275/26184, update  6275/26184)  loss 0.8126  lr 8.78e-04
    step 6300/8728 (global micro  6300/26184, update  6300/26184)  loss 0.9272  lr 8.77e-04
    step 6325/8728 (global micro  6325/26184, update  6325/26184)  loss 0.6427  lr 8.77e-04
    step 6350/8728 (global micro  6350/26184, update  6350/26184)  loss 0.7194  lr 8.76e-04
    step 6375/8728 (global micro  6375/26184, update  6375/26184)  loss 0.8880  lr 8.75e-04
    step 6400/8728 (global micro  6400/26184, update  6400/26184)  loss 0.7632  lr 8.74e-04
    step 6425/8728 (global micro  6425/26184, update  6425/26184)  loss 0.7167  lr 8.73e-04
    step 6450/8728 (global micro  6450/26184, update  6450/26184)  loss 0.7429  lr 8.72e-04
    step 6475/8728 (global micro  6475/26184, update  6475/26184)  loss 0.7480  lr 8.71e-04
    step 6500/8728 (global micro  6500/26184, update  6500/26184)  loss 0.5886  lr 8.70e-04
    step 6525/8728 (global micro  6525/26184, update  6525/26184)  loss 0.9897  lr 8.69e-04
    step 6550/8728 (global micro  6550/26184, update  6550/26184)  loss 0.7757  lr 8.68e-04
    step 6575/8728 (global micro  6575/26184, update  6575/26184)  loss 0.7545  lr 8.67e-04
    step 6600/8728 (global micro  6600/26184, update  6600/26184)  loss 0.6736  lr 8.66e-04
    step 6625/8728 (global micro  6625/26184, update  6625/26184)  loss 0.6868  lr 8.65e-04
    step 6650/8728 (global micro  6650/26184, update  6650/26184)  loss 0.7168  lr 8.64e-04
    step 6675/8728 (global micro  6675/26184, update  6675/26184)  loss 0.6222  lr 8.63e-04
    step 6700/8728 (global micro  6700/26184, update  6700/26184)  loss 0.7095  lr 8.62e-04
    step 6725/8728 (global micro  6725/26184, update  6725/26184)  loss 0.5316  lr 8.61e-04
    step 6750/8728 (global micro  6750/26184, update  6750/26184)  loss 0.7237  lr 8.60e-04
    step 6775/8728 (global micro  6775/26184, update  6775/26184)  loss 0.9060  lr 8.59e-04
    step 6800/8728 (global micro  6800/26184, update  6800/26184)  loss 0.6611  lr 8.58e-04
    step 6825/8728 (global micro  6825/26184, update  6825/26184)  loss 0.6833  lr 8.57e-04
    step 6850/8728 (global micro  6850/26184, update  6850/26184)  loss 0.9117  lr 8.56e-04
    step 6875/8728 (global micro  6875/26184, update  6875/26184)  loss 0.8110  lr 8.55e-04
    step 6900/8728 (global micro  6900/26184, update  6900/26184)  loss 0.7451  lr 8.54e-04
    step 6925/8728 (global micro  6925/26184, update  6925/26184)  loss 0.5238  lr 8.53e-04
    step 6950/8728 (global micro  6950/26184, update  6950/26184)  loss 0.6829  lr 8.52e-04
    step 6975/8728 (global micro  6975/26184, update  6975/26184)  loss 0.6063  lr 8.51e-04
    step 7000/8728 (global micro  7000/26184, update  7000/26184)  loss 0.7683  lr 8.50e-04
    step 7025/8728 (global micro  7025/26184, update  7025/26184)  loss 1.0116  lr 8.49e-04
    step 7050/8728 (global micro  7050/26184, update  7050/26184)  loss 0.7316  lr 8.48e-04
    step 7075/8728 (global micro  7075/26184, update  7075/26184)  loss 0.7355  lr 8.47e-04
    step 7100/8728 (global micro  7100/26184, update  7100/26184)  loss 0.6524  lr 8.46e-04
    step 7125/8728 (global micro  7125/26184, update  7125/26184)  loss 0.7430  lr 8.45e-04
    step 7150/8728 (global micro  7150/26184, update  7150/26184)  loss 0.7142  lr 8.44e-04
    step 7175/8728 (global micro  7175/26184, update  7175/26184)  loss 0.8031  lr 8.43e-04
    step 7200/8728 (global micro  7200/26184, update  7200/26184)  loss 0.6033  lr 8.42e-04
    step 7225/8728 (global micro  7225/26184, update  7225/26184)  loss 0.7177  lr 8.41e-04
    step 7250/8728 (global micro  7250/26184, update  7250/26184)  loss 0.6490  lr 8.40e-04
    step 7275/8728 (global micro  7275/26184, update  7275/26184)  loss 0.7202  lr 8.39e-04
    step 7300/8728 (global micro  7300/26184, update  7300/26184)  loss 0.7077  lr 8.38e-04
    step 7325/8728 (global micro  7325/26184, update  7325/26184)  loss 0.7857  lr 8.37e-04
    step 7350/8728 (global micro  7350/26184, update  7350/26184)  loss 0.5715  lr 8.36e-04
    step 7375/8728 (global micro  7375/26184, update  7375/26184)  loss 0.9201  lr 8.35e-04
    step 7400/8728 (global micro  7400/26184, update  7400/26184)  loss 0.6308  lr 8.34e-04
    step 7425/8728 (global micro  7425/26184, update  7425/26184)  loss 0.6121  lr 8.33e-04
    step 7450/8728 (global micro  7450/26184, update  7450/26184)  loss 0.5082  lr 8.32e-04
    step 7475/8728 (global micro  7475/26184, update  7475/26184)  loss 0.9486  lr 8.31e-04
    step 7500/8728 (global micro  7500/26184, update  7500/26184)  loss 1.0944  lr 8.30e-04
    step 7525/8728 (global micro  7525/26184, update  7525/26184)  loss 0.8576  lr 8.29e-04
    step 7550/8728 (global micro  7550/26184, update  7550/26184)  loss 0.6739  lr 8.28e-04
    step 7575/8728 (global micro  7575/26184, update  7575/26184)  loss 0.9739  lr 8.27e-04
    step 7600/8728 (global micro  7600/26184, update  7600/26184)  loss 1.0148  lr 8.26e-04
    step 7625/8728 (global micro  7625/26184, update  7625/26184)  loss 0.7766  lr 8.24e-04
    step 7650/8728 (global micro  7650/26184, update  7650/26184)  loss 0.6679  lr 8.23e-04
    step 7675/8728 (global micro  7675/26184, update  7675/26184)  loss 0.6220  lr 8.22e-04
    step 7700/8728 (global micro  7700/26184, update  7700/26184)  loss 0.8997  lr 8.21e-04
    step 7725/8728 (global micro  7725/26184, update  7725/26184)  loss 0.8075  lr 8.20e-04
    step 7750/8728 (global micro  7750/26184, update  7750/26184)  loss 0.7013  lr 8.19e-04
    step 7775/8728 (global micro  7775/26184, update  7775/26184)  loss 0.6675  lr 8.18e-04
    step 7800/8728 (global micro  7800/26184, update  7800/26184)  loss 0.6549  lr 8.17e-04
    step 7825/8728 (global micro  7825/26184, update  7825/26184)  loss 0.6153  lr 8.16e-04
    step 7850/8728 (global micro  7850/26184, update  7850/26184)  loss 0.7799  lr 8.15e-04
    step 7875/8728 (global micro  7875/26184, update  7875/26184)  loss 0.9025  lr 8.14e-04
    step 7900/8728 (global micro  7900/26184, update  7900/26184)  loss 0.7740  lr 8.13e-04
    step 7925/8728 (global micro  7925/26184, update  7925/26184)  loss 0.6363  lr 8.11e-04
    step 7950/8728 (global micro  7950/26184, update  7950/26184)  loss 0.5485  lr 8.10e-04
    step 7975/8728 (global micro  7975/26184, update  7975/26184)  loss 0.7811  lr 8.09e-04
    step 8000/8728 (global micro  8000/26184, update  8000/26184)  loss 0.6981  lr 8.08e-04
    step 8025/8728 (global micro  8025/26184, update  8025/26184)  loss 0.5946  lr 8.07e-04
    step 8050/8728 (global micro  8050/26184, update  8050/26184)  loss 1.1119  lr 8.06e-04
    step 8075/8728 (global micro  8075/26184, update  8075/26184)  loss 0.6819  lr 8.05e-04
    step 8100/8728 (global micro  8100/26184, update  8100/26184)  loss 0.7537  lr 8.04e-04
    step 8125/8728 (global micro  8125/26184, update  8125/26184)  loss 0.8697  lr 8.03e-04
    step 8150/8728 (global micro  8150/26184, update  8150/26184)  loss 0.7990  lr 8.01e-04
    step 8175/8728 (global micro  8175/26184, update  8175/26184)  loss 0.5747  lr 8.00e-04
    step 8200/8728 (global micro  8200/26184, update  8200/26184)  loss 0.6012  lr 7.99e-04
    step 8225/8728 (global micro  8225/26184, update  8225/26184)  loss 0.6660  lr 7.98e-04
    step 8250/8728 (global micro  8250/26184, update  8250/26184)  loss 0.7042  lr 7.97e-04
    step 8275/8728 (global micro  8275/26184, update  8275/26184)  loss 0.6844  lr 7.96e-04
    step 8300/8728 (global micro  8300/26184, update  8300/26184)  loss 0.7316  lr 7.95e-04
    step 8325/8728 (global micro  8325/26184, update  8325/26184)  loss 0.8605  lr 7.94e-04
    step 8350/8728 (global micro  8350/26184, update  8350/26184)  loss 0.7358  lr 7.92e-04
    step 8375/8728 (global micro  8375/26184, update  8375/26184)  loss 0.7700  lr 7.91e-04
    step 8400/8728 (global micro  8400/26184, update  8400/26184)  loss 0.6329  lr 7.90e-04
    step 8425/8728 (global micro  8425/26184, update  8425/26184)  loss 0.5828  lr 7.89e-04
    step 8450/8728 (global micro  8450/26184, update  8450/26184)  loss 0.6654  lr 7.88e-04
    step 8475/8728 (global micro  8475/26184, update  8475/26184)  loss 0.6943  lr 7.87e-04
    step 8500/8728 (global micro  8500/26184, update  8500/26184)  loss 0.5274  lr 7.86e-04
    step 8525/8728 (global micro  8525/26184, update  8525/26184)  loss 0.5829  lr 7.84e-04
    step 8550/8728 (global micro  8550/26184, update  8550/26184)  loss 0.8745  lr 7.83e-04
    step 8575/8728 (global micro  8575/26184, update  8575/26184)  loss 0.8029  lr 7.82e-04
    step 8600/8728 (global micro  8600/26184, update  8600/26184)  loss 0.8234  lr 7.81e-04
    step 8625/8728 (global micro  8625/26184, update  8625/26184)  loss 0.4713  lr 7.80e-04
    step 8650/8728 (global micro  8650/26184, update  8650/26184)  loss 0.6968  lr 7.79e-04
    step 8675/8728 (global micro  8675/26184, update  8675/26184)  loss 0.4822  lr 7.77e-04
    step 8700/8728 (global micro  8700/26184, update  8700/26184)  loss 0.8395  lr 7.76e-04
    step 8725/8728 (global micro  8725/26184, update  8725/26184)  loss 0.4102  lr 7.75e-04
    step 8728/8728 (global micro  8728/26184, update  8728/26184)  loss 0.5912  lr 7.75e-04
  epoch   1/3  loss 0.8004  lr 7.75e-04  (1540.1s)
  Epoch checkpoint: /home/aomukai/Ninereeds/core/c13_Phase_B_direct_retry4_e1.pt
    step    1/8728 (global micro  8729/26184, update  8729/26184)  loss 0.7765  lr 7.75e-04
    step   25/8728 (global micro  8753/26184, update  8753/26184)  loss 0.7490  lr 7.74e-04
    step   50/8728 (global micro  8778/26184, update  8778/26184)  loss 0.9125  lr 7.73e-04
    step   75/8728 (global micro  8803/26184, update  8803/26184)  loss 0.9368  lr 7.71e-04
    step  100/8728 (global micro  8828/26184, update  8828/26184)  loss 0.7486  lr 7.70e-04
    step  125/8728 (global micro  8853/26184, update  8853/26184)  loss 0.6871  lr 7.69e-04
    step  150/8728 (global micro  8878/26184, update  8878/26184)  loss 0.7159  lr 7.68e-04
    step  175/8728 (global micro  8903/26184, update  8903/26184)  loss 0.7086  lr 7.67e-04
    step  200/8728 (global micro  8928/26184, update  8928/26184)  loss 0.7619  lr 7.66e-04
    step  225/8728 (global micro  8953/26184, update  8953/26184)  loss 0.6188  lr 7.64e-04
    step  250/8728 (global micro  8978/26184, update  8978/26184)  loss 0.6696  lr 7.63e-04
    step  275/8728 (global micro  9003/26184, update  9003/26184)  loss 0.5285  lr 7.62e-04
    step  300/8728 (global micro  9028/26184, update  9028/26184)  loss 1.0471  lr 7.61e-04
    step  325/8728 (global micro  9053/26184, update  9053/26184)  loss 0.7969  lr 7.60e-04
    step  350/8728 (global micro  9078/26184, update  9078/26184)  loss 0.6007  lr 7.58e-04
    step  375/8728 (global micro  9103/26184, update  9103/26184)  loss 0.6700  lr 7.57e-04
    step  400/8728 (global micro  9128/26184, update  9128/26184)  loss 0.6401  lr 7.56e-04
    step  425/8728 (global micro  9153/26184, update  9153/26184)  loss 0.8757  lr 7.55e-04
    step  450/8728 (global micro  9178/26184, update  9178/26184)  loss 0.5887  lr 7.54e-04
    step  475/8728 (global micro  9203/26184, update  9203/26184)  loss 0.5596  lr 7.52e-04
    step  500/8728 (global micro  9228/26184, update  9228/26184)  loss 0.6320  lr 7.51e-04
    step  525/8728 (global micro  9253/26184, update  9253/26184)  loss 0.7695  lr 7.50e-04
    step  550/8728 (global micro  9278/26184, update  9278/26184)  loss 0.7457  lr 7.49e-04
    step  575/8728 (global micro  9303/26184, update  9303/26184)  loss 0.7849  lr 7.48e-04
    step  600/8728 (global micro  9328/26184, update  9328/26184)  loss 0.5228  lr 7.46e-04
    step  625/8728 (global micro  9353/26184, update  9353/26184)  loss 0.6227  lr 7.45e-04
    step  650/8728 (global micro  9378/26184, update  9378/26184)  loss 0.5937  lr 7.44e-04
    step  675/8728 (global micro  9403/26184, update  9403/26184)  loss 0.7661  lr 7.43e-04
    step  700/8728 (global micro  9428/26184, update  9428/26184)  loss 0.6283  lr 7.42e-04
    step  725/8728 (global micro  9453/26184, update  9453/26184)  loss 0.5682  lr 7.40e-04
    step  750/8728 (global micro  9478/26184, update  9478/26184)  loss 0.7375  lr 7.39e-04
    step  775/8728 (global micro  9503/26184, update  9503/26184)  loss 0.8083  lr 7.38e-04
    step  800/8728 (global micro  9528/26184, update  9528/26184)  loss 0.8038  lr 7.37e-04
    step  825/8728 (global micro  9553/26184, update  9553/26184)  loss 0.7059  lr 7.35e-04
    step  850/8728 (global micro  9578/26184, update  9578/26184)  loss 0.7981  lr 7.34e-04
    step  875/8728 (global micro  9603/26184, update  9603/26184)  loss 0.6079  lr 7.33e-04
    step  900/8728 (global micro  9628/26184, update  9628/26184)  loss 0.6221  lr 7.32e-04
    step  925/8728 (global micro  9653/26184, update  9653/26184)  loss 1.0341  lr 7.30e-04
    step  950/8728 (global micro  9678/26184, update  9678/26184)  loss 0.7614  lr 7.29e-04
    step  975/8728 (global micro  9703/26184, update  9703/26184)  loss 0.7850  lr 7.28e-04
    step 1000/8728 (global micro  9728/26184, update  9728/26184)  loss 0.5834  lr 7.27e-04
    step 1025/8728 (global micro  9753/26184, update  9753/26184)  loss 0.7828  lr 7.25e-04
    step 1050/8728 (global micro  9778/26184, update  9778/26184)  loss 0.6946  lr 7.24e-04
    step 1075/8728 (global micro  9803/26184, update  9803/26184)  loss 0.6771  lr 7.23e-04
    step 1100/8728 (global micro  9828/26184, update  9828/26184)  loss 0.4068  lr 7.22e-04
    step 1125/8728 (global micro  9853/26184, update  9853/26184)  loss 0.5868  lr 7.21e-04
    step 1150/8728 (global micro  9878/26184, update  9878/26184)  loss 0.8422  lr 7.19e-04
    step 1175/8728 (global micro  9903/26184, update  9903/26184)  loss 0.6346  lr 7.18e-04
    step 1200/8728 (global micro  9928/26184, update  9928/26184)  loss 0.7943  lr 7.17e-04
    step 1225/8728 (global micro  9953/26184, update  9953/26184)  loss 0.5408  lr 7.16e-04
    step 1250/8728 (global micro  9978/26184, update  9978/26184)  loss 0.7709  lr 7.14e-04
    step 1275/8728 (global micro 10003/26184, update 10003/26184)  loss 0.8353  lr 7.13e-04
    step 1300/8728 (global micro 10028/26184, update 10028/26184)  loss 0.7945  lr 7.12e-04
    step 1325/8728 (global micro 10053/26184, update 10053/26184)  loss 0.8044  lr 7.10e-04
    step 1350/8728 (global micro 10078/26184, update 10078/26184)  loss 0.9127  lr 7.09e-04
    step 1375/8728 (global micro 10103/26184, update 10103/26184)  loss 0.6252  lr 7.08e-04
    step 1400/8728 (global micro 10128/26184, update 10128/26184)  loss 0.8461  lr 7.07e-04
    step 1425/8728 (global micro 10153/26184, update 10153/26184)  loss 0.8503  lr 7.05e-04
    step 1450/8728 (global micro 10178/26184, update 10178/26184)  loss 0.7220  lr 7.04e-04
    step 1475/8728 (global micro 10203/26184, update 10203/26184)  loss 0.5187  lr 7.03e-04
    step 1500/8728 (global micro 10228/26184, update 10228/26184)  loss 0.7764  lr 7.02e-04
    step 1525/8728 (global micro 10253/26184, update 10253/26184)  loss 0.5723  lr 7.00e-04
    step 1550/8728 (global micro 10278/26184, update 10278/26184)  loss 0.5676  lr 6.99e-04
    step 1575/8728 (global micro 10303/26184, update 10303/26184)  loss 0.7134  lr 6.98e-04
    step 1600/8728 (global micro 10328/26184, update 10328/26184)  loss 0.5563  lr 6.97e-04
    step 1625/8728 (global micro 10353/26184, update 10353/26184)  loss 0.7600  lr 6.95e-04
    step 1650/8728 (global micro 10378/26184, update 10378/26184)  loss 0.8459  lr 6.94e-04
    step 1675/8728 (global micro 10403/26184, update 10403/26184)  loss 0.9205  lr 6.93e-04
    step 1700/8728 (global micro 10428/26184, update 10428/26184)  loss 0.6524  lr 6.91e-04
    step 1725/8728 (global micro 10453/26184, update 10453/26184)  loss 1.0590  lr 6.90e-04
    step 1750/8728 (global micro 10478/26184, update 10478/26184)  loss 0.7717  lr 6.89e-04
    step 1775/8728 (global micro 10503/26184, update 10503/26184)  loss 0.6701  lr 6.88e-04
    step 1800/8728 (global micro 10528/26184, update 10528/26184)  loss 0.8218  lr 6.86e-04
    step 1825/8728 (global micro 10553/26184, update 10553/26184)  loss 0.5775  lr 6.85e-04
    step 1850/8728 (global micro 10578/26184, update 10578/26184)  loss 0.5746  lr 6.84e-04
    step 1875/8728 (global micro 10603/26184, update 10603/26184)  loss 0.7885  lr 6.82e-04
    step 1900/8728 (global micro 10628/26184, update 10628/26184)  loss 0.7061  lr 6.81e-04
    step 1925/8728 (global micro 10653/26184, update 10653/26184)  loss 0.6022  lr 6.80e-04
    step 1950/8728 (global micro 10678/26184, update 10678/26184)  loss 0.7782  lr 6.79e-04
    step 1975/8728 (global micro 10703/26184, update 10703/26184)  loss 0.9315  lr 6.77e-04
    step 2000/8728 (global micro 10728/26184, update 10728/26184)  loss 0.6182  lr 6.76e-04
    step 2025/8728 (global micro 10753/26184, update 10753/26184)  loss 0.7919  lr 6.75e-04
    step 2050/8728 (global micro 10778/26184, update 10778/26184)  loss 0.6951  lr 6.73e-04
    step 2075/8728 (global micro 10803/26184, update 10803/26184)  loss 0.6932  lr 6.72e-04
    step 2100/8728 (global micro 10828/26184, update 10828/26184)  loss 0.8825  lr 6.71e-04
    step 2125/8728 (global micro 10853/26184, update 10853/26184)  loss 0.6671  lr 6.69e-04
    step 2150/8728 (global micro 10878/26184, update 10878/26184)  loss 0.7486  lr 6.68e-04
    step 2175/8728 (global micro 10903/26184, update 10903/26184)  loss 0.5191  lr 6.67e-04
    step 2200/8728 (global micro 10928/26184, update 10928/26184)  loss 0.9969  lr 6.66e-04
    step 2225/8728 (global micro 10953/26184, update 10953/26184)  loss 0.6197  lr 6.64e-04
    step 2250/8728 (global micro 10978/26184, update 10978/26184)  loss 1.1383  lr 6.63e-04
    step 2275/8728 (global micro 11003/26184, update 11003/26184)  loss 0.6256  lr 6.62e-04
    step 2300/8728 (global micro 11028/26184, update 11028/26184)  loss 0.5951  lr 6.60e-04
    step 2325/8728 (global micro 11053/26184, update 11053/26184)  loss 0.9597  lr 6.59e-04
    step 2350/8728 (global micro 11078/26184, update 11078/26184)  loss 0.6996  lr 6.58e-04
    step 2375/8728 (global micro 11103/26184, update 11103/26184)  loss 0.7243  lr 6.56e-04
    step 2400/8728 (global micro 11128/26184, update 11128/26184)  loss 0.7149  lr 6.55e-04
    step 2425/8728 (global micro 11153/26184, update 11153/26184)  loss 0.9006  lr 6.54e-04
    step 2450/8728 (global micro 11178/26184, update 11178/26184)  loss 0.7713  lr 6.52e-04
    step 2475/8728 (global micro 11203/26184, update 11203/26184)  loss 0.7229  lr 6.51e-04
    step 2500/8728 (global micro 11228/26184, update 11228/26184)  loss 0.6865  lr 6.50e-04
    step 2525/8728 (global micro 11253/26184, update 11253/26184)  loss 0.6230  lr 6.48e-04
    step 2550/8728 (global micro 11278/26184, update 11278/26184)  loss 0.9359  lr 6.47e-04
    step 2575/8728 (global micro 11303/26184, update 11303/26184)  loss 0.7622  lr 6.46e-04
    step 2600/8728 (global micro 11328/26184, update 11328/26184)  loss 0.7390  lr 6.45e-04
    step 2625/8728 (global micro 11353/26184, update 11353/26184)  loss 0.6143  lr 6.43e-04
    step 2650/8728 (global micro 11378/26184, update 11378/26184)  loss 0.5812  lr 6.42e-04
    step 2675/8728 (global micro 11403/26184, update 11403/26184)  loss 0.8119  lr 6.41e-04
    step 2700/8728 (global micro 11428/26184, update 11428/26184)  loss 0.8218  lr 6.39e-04
    step 2725/8728 (global micro 11453/26184, update 11453/26184)  loss 0.6718  lr 6.38e-04
    step 2750/8728 (global micro 11478/26184, update 11478/26184)  loss 0.5449  lr 6.37e-04
    step 2775/8728 (global micro 11503/26184, update 11503/26184)  loss 0.8206  lr 6.35e-04
    step 2800/8728 (global micro 11528/26184, update 11528/26184)  loss 0.5986  lr 6.34e-04
    step 2825/8728 (global micro 11553/26184, update 11553/26184)  loss 0.8191  lr 6.33e-04
    step 2850/8728 (global micro 11578/26184, update 11578/26184)  loss 0.7120  lr 6.31e-04
    step 2875/8728 (global micro 11603/26184, update 11603/26184)  loss 0.4587  lr 6.30e-04
    step 2900/8728 (global micro 11628/26184, update 11628/26184)  loss 0.8662  lr 6.29e-04
    step 2925/8728 (global micro 11653/26184, update 11653/26184)  loss 0.5933  lr 6.27e-04
    step 2950/8728 (global micro 11678/26184, update 11678/26184)  loss 0.8508  lr 6.26e-04
    step 2975/8728 (global micro 11703/26184, update 11703/26184)  loss 0.7668  lr 6.25e-04
    step 3000/8728 (global micro 11728/26184, update 11728/26184)  loss 0.5933  lr 6.23e-04
    step 3025/8728 (global micro 11753/26184, update 11753/26184)  loss 0.6912  lr 6.22e-04
    step 3050/8728 (global micro 11778/26184, update 11778/26184)  loss 0.7699  lr 6.21e-04
    step 3075/8728 (global micro 11803/26184, update 11803/26184)  loss 0.8543  lr 6.19e-04
    step 3100/8728 (global micro 11828/26184, update 11828/26184)  loss 0.8310  lr 6.18e-04
    step 3125/8728 (global micro 11853/26184, update 11853/26184)  loss 0.7333  lr 6.17e-04
    step 3150/8728 (global micro 11878/26184, update 11878/26184)  loss 0.6825  lr 6.15e-04
    step 3175/8728 (global micro 11903/26184, update 11903/26184)  loss 0.8549  lr 6.14e-04
    step 3200/8728 (global micro 11928/26184, update 11928/26184)  loss 0.5553  lr 6.13e-04
    step 3225/8728 (global micro 11953/26184, update 11953/26184)  loss 0.7568  lr 6.11e-04
    step 3250/8728 (global micro 11978/26184, update 11978/26184)  loss 0.6250  lr 6.10e-04
    step 3275/8728 (global micro 12003/26184, update 12003/26184)  loss 0.6489  lr 6.09e-04
    step 3300/8728 (global micro 12028/26184, update 12028/26184)  loss 0.4399  lr 6.07e-04
    step 3325/8728 (global micro 12053/26184, update 12053/26184)  loss 0.6301  lr 6.06e-04
    step 3350/8728 (global micro 12078/26184, update 12078/26184)  loss 0.7427  lr 6.05e-04
    step 3375/8728 (global micro 12103/26184, update 12103/26184)  loss 0.7777  lr 6.03e-04
    step 3400/8728 (global micro 12128/26184, update 12128/26184)  loss 0.5079  lr 6.02e-04
    step 3425/8728 (global micro 12153/26184, update 12153/26184)  loss 0.7263  lr 6.01e-04
    step 3450/8728 (global micro 12178/26184, update 12178/26184)  loss 0.6779  lr 5.99e-04
    step 3475/8728 (global micro 12203/26184, update 12203/26184)  loss 0.6554  lr 5.98e-04
    step 3500/8728 (global micro 12228/26184, update 12228/26184)  loss 0.7606  lr 5.97e-04
    step 3525/8728 (global micro 12253/26184, update 12253/26184)  loss 0.5864  lr 5.95e-04
    step 3550/8728 (global micro 12278/26184, update 12278/26184)  loss 0.6354  lr 5.94e-04
    step 3575/8728 (global micro 12303/26184, update 12303/26184)  loss 0.6697  lr 5.93e-04
    step 3600/8728 (global micro 12328/26184, update 12328/26184)  loss 0.8424  lr 5.91e-04
    step 3625/8728 (global micro 12353/26184, update 12353/26184)  loss 0.6178  lr 5.90e-04
    step 3650/8728 (global micro 12378/26184, update 12378/26184)  loss 0.7228  lr 5.89e-04
    step 3675/8728 (global micro 12403/26184, update 12403/26184)  loss 0.7153  lr 5.87e-04
    step 3700/8728 (global micro 12428/26184, update 12428/26184)  loss 0.7751  lr 5.86e-04
    step 3725/8728 (global micro 12453/26184, update 12453/26184)  loss 0.9229  lr 5.84e-04
    step 3750/8728 (global micro 12478/26184, update 12478/26184)  loss 0.4801  lr 5.83e-04
    step 3775/8728 (global micro 12503/26184, update 12503/26184)  loss 0.6131  lr 5.82e-04
    step 3800/8728 (global micro 12528/26184, update 12528/26184)  loss 0.5286  lr 5.80e-04
    step 3825/8728 (global micro 12553/26184, update 12553/26184)  loss 0.6320  lr 5.79e-04
    step 3850/8728 (global micro 12578/26184, update 12578/26184)  loss 0.5190  lr 5.78e-04
    step 3875/8728 (global micro 12603/26184, update 12603/26184)  loss 0.6535  lr 5.76e-04
    step 3900/8728 (global micro 12628/26184, update 12628/26184)  loss 0.7184  lr 5.75e-04
    step 3925/8728 (global micro 12653/26184, update 12653/26184)  loss 0.6947  lr 5.74e-04
    step 3950/8728 (global micro 12678/26184, update 12678/26184)  loss 0.6968  lr 5.72e-04
    step 3975/8728 (global micro 12703/26184, update 12703/26184)  loss 0.8776  lr 5.71e-04
    step 4000/8728 (global micro 12728/26184, update 12728/26184)  loss 0.7084  lr 5.70e-04
    step 4025/8728 (global micro 12753/26184, update 12753/26184)  loss 0.5606  lr 5.68e-04
    step 4050/8728 (global micro 12778/26184, update 12778/26184)  loss 0.7393  lr 5.67e-04
    step 4075/8728 (global micro 12803/26184, update 12803/26184)  loss 0.5693  lr 5.66e-04
    step 4100/8728 (global micro 12828/26184, update 12828/26184)  loss 0.5208  lr 5.64e-04
    step 4125/8728 (global micro 12853/26184, update 12853/26184)  loss 0.6558  lr 5.63e-04
    step 4150/8728 (global micro 12878/26184, update 12878/26184)  loss 0.6004  lr 5.62e-04
    step 4175/8728 (global micro 12903/26184, update 12903/26184)  loss 0.6094  lr 5.60e-04
    step 4200/8728 (global micro 12928/26184, update 12928/26184)  loss 0.6851  lr 5.59e-04
    step 4225/8728 (global micro 12953/26184, update 12953/26184)  loss 0.6853  lr 5.58e-04
    step 4250/8728 (global micro 12978/26184, update 12978/26184)  loss 0.5362  lr 5.56e-04
    step 4275/8728 (global micro 13003/26184, update 13003/26184)  loss 0.6113  lr 5.55e-04
    step 4300/8728 (global micro 13028/26184, update 13028/26184)  loss 1.0123  lr 5.53e-04
    step 4325/8728 (global micro 13053/26184, update 13053/26184)  loss 0.9229  lr 5.52e-04
    step 4350/8728 (global micro 13078/26184, update 13078/26184)  loss 0.6906  lr 5.51e-04
    step 4375/8728 (global micro 13103/26184, update 13103/26184)  loss 0.7515  lr 5.49e-04
    step 4400/8728 (global micro 13128/26184, update 13128/26184)  loss 0.5845  lr 5.48e-04
    step 4425/8728 (global micro 13153/26184, update 13153/26184)  loss 0.4930  lr 5.47e-04
    step 4450/8728 (global micro 13178/26184, update 13178/26184)  loss 0.7403  lr 5.45e-04
    step 4475/8728 (global micro 13203/26184, update 13203/26184)  loss 0.5850  lr 5.44e-04
    step 4500/8728 (global micro 13228/26184, update 13228/26184)  loss 0.6963  lr 5.43e-04
    step 4525/8728 (global micro 13253/26184, update 13253/26184)  loss 0.8382  lr 5.41e-04
    step 4550/8728 (global micro 13278/26184, update 13278/26184)  loss 0.5539  lr 5.40e-04
    step 4575/8728 (global micro 13303/26184, update 13303/26184)  loss 0.4678  lr 5.39e-04
    step 4600/8728 (global micro 13328/26184, update 13328/26184)  loss 0.8733  lr 5.37e-04
    step 4625/8728 (global micro 13353/26184, update 13353/26184)  loss 0.6860  lr 5.36e-04
    step 4650/8728 (global micro 13378/26184, update 13378/26184)  loss 0.6167  lr 5.35e-04
    step 4675/8728 (global micro 13403/26184, update 13403/26184)  loss 0.5950  lr 5.33e-04
    step 4700/8728 (global micro 13428/26184, update 13428/26184)  loss 0.6341  lr 5.32e-04
    step 4725/8728 (global micro 13453/26184, update 13453/26184)  loss 0.9945  lr 5.31e-04
    step 4750/8728 (global micro 13478/26184, update 13478/26184)  loss 0.6775  lr 5.29e-04
    step 4775/8728 (global micro 13503/26184, update 13503/26184)  loss 0.3523  lr 5.28e-04
    step 4800/8728 (global micro 13528/26184, update 13528/26184)  loss 0.6843  lr 5.26e-04
    step 4825/8728 (global micro 13553/26184, update 13553/26184)  loss 0.5694  lr 5.25e-04
    step 4850/8728 (global micro 13578/26184, update 13578/26184)  loss 0.6722  lr 5.24e-04
    step 4875/8728 (global micro 13603/26184, update 13603/26184)  loss 0.5391  lr 5.22e-04
    step 4900/8728 (global micro 13628/26184, update 13628/26184)  loss 0.6086  lr 5.21e-04
    step 4925/8728 (global micro 13653/26184, update 13653/26184)  loss 0.9371  lr 5.20e-04
    step 4950/8728 (global micro 13678/26184, update 13678/26184)  loss 0.7207  lr 5.18e-04
    step 4975/8728 (global micro 13703/26184, update 13703/26184)  loss 0.8240  lr 5.17e-04
    step 5000/8728 (global micro 13728/26184, update 13728/26184)  loss 0.7947  lr 5.16e-04
    step 5025/8728 (global micro 13753/26184, update 13753/26184)  loss 0.7462  lr 5.14e-04
    step 5050/8728 (global micro 13778/26184, update 13778/26184)  loss 0.5452  lr 5.13e-04
    step 5075/8728 (global micro 13803/26184, update 13803/26184)  loss 0.6049  lr 5.12e-04
    step 5100/8728 (global micro 13828/26184, update 13828/26184)  loss 0.9314  lr 5.10e-04
    step 5125/8728 (global micro 13853/26184, update 13853/26184)  loss 0.4846  lr 5.09e-04
    step 5150/8728 (global micro 13878/26184, update 13878/26184)  loss 0.6226  lr 5.08e-04
    step 5175/8728 (global micro 13903/26184, update 13903/26184)  loss 0.7921  lr 5.06e-04
    step 5200/8728 (global micro 13928/26184, update 13928/26184)  loss 0.8110  lr 5.05e-04
    step 5225/8728 (global micro 13953/26184, update 13953/26184)  loss 0.8483  lr 5.04e-04
    step 5250/8728 (global micro 13978/26184, update 13978/26184)  loss 0.6246  lr 5.02e-04
    step 5275/8728 (global micro 14003/26184, update 14003/26184)  loss 0.5044  lr 5.01e-04
    step 5300/8728 (global micro 14028/26184, update 14028/26184)  loss 0.7155  lr 5.00e-04
    step 5325/8728 (global micro 14053/26184, update 14053/26184)  loss 0.5833  lr 4.98e-04
    step 5350/8728 (global micro 14078/26184, update 14078/26184)  loss 1.0703  lr 4.97e-04
    step 5375/8728 (global micro 14103/26184, update 14103/26184)  loss 0.8760  lr 4.96e-04
    step 5400/8728 (global micro 14128/26184, update 14128/26184)  loss 0.5265  lr 4.94e-04
    step 5425/8728 (global micro 14153/26184, update 14153/26184)  loss 0.7213  lr 4.93e-04
    step 5450/8728 (global micro 14178/26184, update 14178/26184)  loss 0.6005  lr 4.92e-04
    step 5475/8728 (global micro 14203/26184, update 14203/26184)  loss 0.6311  lr 4.90e-04
    step 5500/8728 (global micro 14228/26184, update 14228/26184)  loss 0.7868  lr 4.89e-04
    step 5525/8728 (global micro 14253/26184, update 14253/26184)  loss 0.5516  lr 4.88e-04
    step 5550/8728 (global micro 14278/26184, update 14278/26184)  loss 0.5779  lr 4.86e-04
    step 5575/8728 (global micro 14303/26184, update 14303/26184)  loss 0.5238  lr 4.85e-04
    step 5600/8728 (global micro 14328/26184, update 14328/26184)  loss 0.7252  lr 4.84e-04
    step 5625/8728 (global micro 14353/26184, update 14353/26184)  loss 0.7520  lr 4.82e-04
    step 5650/8728 (global micro 14378/26184, update 14378/26184)  loss 0.4572  lr 4.81e-04
    step 5675/8728 (global micro 14403/26184, update 14403/26184)  loss 0.6833  lr 4.80e-04
    step 5700/8728 (global micro 14428/26184, update 14428/26184)  loss 0.5085  lr 4.78e-04
    step 5725/8728 (global micro 14453/26184, update 14453/26184)  loss 0.7873  lr 4.77e-04
    step 5750/8728 (global micro 14478/26184, update 14478/26184)  loss 0.5731  lr 4.76e-04
    step 5775/8728 (global micro 14503/26184, update 14503/26184)  loss 0.6962  lr 4.74e-04
    step 5800/8728 (global micro 14528/26184, update 14528/26184)  loss 0.6668  lr 4.73e-04
    step 5825/8728 (global micro 14553/26184, update 14553/26184)  loss 0.7143  lr 4.72e-04
    step 5850/8728 (global micro 14578/26184, update 14578/26184)  loss 0.6785  lr 4.70e-04
    step 5875/8728 (global micro 14603/26184, update 14603/26184)  loss 0.7587  lr 4.69e-04
    step 5900/8728 (global micro 14628/26184, update 14628/26184)  loss 0.4547  lr 4.68e-04
    step 5925/8728 (global micro 14653/26184, update 14653/26184)  loss 0.6101  lr 4.66e-04
    step 5950/8728 (global micro 14678/26184, update 14678/26184)  loss 0.6872  lr 4.65e-04
    step 5975/8728 (global micro 14703/26184, update 14703/26184)  loss 0.8747  lr 4.64e-04
    step 6000/8728 (global micro 14728/26184, update 14728/26184)  loss 0.6959  lr 4.62e-04
    step 6025/8728 (global micro 14753/26184, update 14753/26184)  loss 0.5663  lr 4.61e-04
    step 6050/8728 (global micro 14778/26184, update 14778/26184)  loss 0.6022  lr 4.60e-04
    step 6075/8728 (global micro 14803/26184, update 14803/26184)  loss 0.5065  lr 4.58e-04
    step 6100/8728 (global micro 14828/26184, update 14828/26184)  loss 0.5544  lr 4.57e-04
    step 6125/8728 (global micro 14853/26184, update 14853/26184)  loss 0.6000  lr 4.56e-04
    step 6150/8728 (global micro 14878/26184, update 14878/26184)  loss 0.5951  lr 4.54e-04
    step 6175/8728 (global micro 14903/26184, update 14903/26184)  loss 0.6739  lr 4.53e-04
    step 6200/8728 (global micro 14928/26184, update 14928/26184)  loss 0.5057  lr 4.52e-04
    step 6225/8728 (global micro 14953/26184, update 14953/26184)  loss 0.7973  lr 4.50e-04
    step 6250/8728 (global micro 14978/26184, update 14978/26184)  loss 0.6878  lr 4.49e-04
    step 6275/8728 (global micro 15003/26184, update 15003/26184)  loss 0.8281  lr 4.48e-04
    step 6300/8728 (global micro 15028/26184, update 15028/26184)  loss 0.4190  lr 4.46e-04
    step 6325/8728 (global micro 15053/26184, update 15053/26184)  loss 0.5216  lr 4.45e-04
    step 6350/8728 (global micro 15078/26184, update 15078/26184)  loss 0.6922  lr 4.44e-04
    step 6375/8728 (global micro 15103/26184, update 15103/26184)  loss 0.8150  lr 4.42e-04
    step 6400/8728 (global micro 15128/26184, update 15128/26184)  loss 0.4605  lr 4.41e-04
    step 6425/8728 (global micro 15153/26184, update 15153/26184)  loss 0.6795  lr 4.40e-04
    step 6450/8728 (global micro 15178/26184, update 15178/26184)  loss 0.6033  lr 4.39e-04
    step 6475/8728 (global micro 15203/26184, update 15203/26184)  loss 0.5761  lr 4.37e-04
    step 6500/8728 (global micro 15228/26184, update 15228/26184)  loss 0.6105  lr 4.36e-04
    step 6525/8728 (global micro 15253/26184, update 15253/26184)  loss 0.6033  lr 4.35e-04
    step 6550/8728 (global micro 15278/26184, update 15278/26184)  loss 0.8919  lr 4.33e-04
    step 6575/8728 (global micro 15303/26184, update 15303/26184)  loss 0.6014  lr 4.32e-04
    step 6600/8728 (global micro 15328/26184, update 15328/26184)  loss 0.6411  lr 4.31e-04
    step 6625/8728 (global micro 15353/26184, update 15353/26184)  loss 0.4930  lr 4.29e-04
    step 6650/8728 (global micro 15378/26184, update 15378/26184)  loss 0.4983  lr 4.28e-04
    step 6675/8728 (global micro 15403/26184, update 15403/26184)  loss 0.6138  lr 4.27e-04
    step 6700/8728 (global micro 15428/26184, update 15428/26184)  loss 0.7973  lr 4.26e-04
    step 6725/8728 (global micro 15453/26184, update 15453/26184)  loss 0.9136  lr 4.24e-04
    step 6750/8728 (global micro 15478/26184, update 15478/26184)  loss 0.4407  lr 4.23e-04
    step 6775/8728 (global micro 15503/26184, update 15503/26184)  loss 0.6504  lr 4.22e-04
    step 6800/8728 (global micro 15528/26184, update 15528/26184)  loss 0.5053  lr 4.20e-04
    step 6825/8728 (global micro 15553/26184, update 15553/26184)  loss 0.7045  lr 4.19e-04
    step 6850/8728 (global micro 15578/26184, update 15578/26184)  loss 0.6275  lr 4.18e-04
    step 6875/8728 (global micro 15603/26184, update 15603/26184)  loss 0.7799  lr 4.16e-04
    step 6900/8728 (global micro 15628/26184, update 15628/26184)  loss 0.4575  lr 4.15e-04
    step 6925/8728 (global micro 15653/26184, update 15653/26184)  loss 0.5307  lr 4.14e-04
    step 6950/8728 (global micro 15678/26184, update 15678/26184)  loss 0.8319  lr 4.13e-04
    step 6975/8728 (global micro 15703/26184, update 15703/26184)  loss 0.6049  lr 4.11e-04
    step 7000/8728 (global micro 15728/26184, update 15728/26184)  loss 0.5980  lr 4.10e-04
    step 7025/8728 (global micro 15753/26184, update 15753/26184)  loss 0.7126  lr 4.09e-04
    step 7050/8728 (global micro 15778/26184, update 15778/26184)  loss 0.6621  lr 4.07e-04
    step 7075/8728 (global micro 15803/26184, update 15803/26184)  loss 0.7533  lr 4.06e-04
    step 7100/8728 (global micro 15828/26184, update 15828/26184)  loss 0.4728  lr 4.05e-04
    step 7125/8728 (global micro 15853/26184, update 15853/26184)  loss 0.6731  lr 4.04e-04
    step 7150/8728 (global micro 15878/26184, update 15878/26184)  loss 0.3872  lr 4.02e-04
    step 7175/8728 (global micro 15903/26184, update 15903/26184)  loss 0.6440  lr 4.01e-04
    step 7200/8728 (global micro 15928/26184, update 15928/26184)  loss 0.6035  lr 4.00e-04
    step 7225/8728 (global micro 15953/26184, update 15953/26184)  loss 0.5340  lr 3.99e-04
    step 7250/8728 (global micro 15978/26184, update 15978/26184)  loss 0.5395  lr 3.97e-04
    step 7275/8728 (global micro 16003/26184, update 16003/26184)  loss 0.7299  lr 3.96e-04
    step 7300/8728 (global micro 16028/26184, update 16028/26184)  loss 0.5502  lr 3.95e-04
    step 7325/8728 (global micro 16053/26184, update 16053/26184)  loss 0.5598  lr 3.93e-04
    step 7350/8728 (global micro 16078/26184, update 16078/26184)  loss 0.6628  lr 3.92e-04
    step 7375/8728 (global micro 16103/26184, update 16103/26184)  loss 0.5137  lr 3.91e-04
    step 7400/8728 (global micro 16128/26184, update 16128/26184)  loss 0.5365  lr 3.90e-04
    step 7425/8728 (global micro 16153/26184, update 16153/26184)  loss 0.5127  lr 3.88e-04
    step 7450/8728 (global micro 16178/26184, update 16178/26184)  loss 0.6977  lr 3.87e-04
    step 7475/8728 (global micro 16203/26184, update 16203/26184)  loss 0.7700  lr 3.86e-04
    step 7500/8728 (global micro 16228/26184, update 16228/26184)  loss 0.6419  lr 3.85e-04
    step 7525/8728 (global micro 16253/26184, update 16253/26184)  loss 0.7588  lr 3.83e-04
    step 7550/8728 (global micro 16278/26184, update 16278/26184)  loss 0.8360  lr 3.82e-04
    step 7575/8728 (global micro 16303/26184, update 16303/26184)  loss 0.6515  lr 3.81e-04
    step 7600/8728 (global micro 16328/26184, update 16328/26184)  loss 0.5852  lr 3.80e-04
    step 7625/8728 (global micro 16353/26184, update 16353/26184)  loss 0.5210  lr 3.78e-04
    step 7650/8728 (global micro 16378/26184, update 16378/26184)  loss 0.6351  lr 3.77e-04
    step 7675/8728 (global micro 16403/26184, update 16403/26184)  loss 0.5870  lr 3.76e-04
    step 7700/8728 (global micro 16428/26184, update 16428/26184)  loss 0.6738  lr 3.75e-04
    step 7725/8728 (global micro 16453/26184, update 16453/26184)  loss 0.6374  lr 3.73e-04
    step 7750/8728 (global micro 16478/26184, update 16478/26184)  loss 0.5332  lr 3.72e-04
    step 7775/8728 (global micro 16503/26184, update 16503/26184)  loss 0.4598  lr 3.71e-04
    step 7800/8728 (global micro 16528/26184, update 16528/26184)  loss 0.6484  lr 3.70e-04
    step 7825/8728 (global micro 16553/26184, update 16553/26184)  loss 0.3895  lr 3.68e-04
    step 7850/8728 (global micro 16578/26184, update 16578/26184)  loss 0.5827  lr 3.67e-04
    step 7875/8728 (global micro 16603/26184, update 16603/26184)  loss 0.7050  lr 3.66e-04
    step 7900/8728 (global micro 16628/26184, update 16628/26184)  loss 0.6311  lr 3.65e-04
    step 7925/8728 (global micro 16653/26184, update 16653/26184)  loss 0.6213  lr 3.64e-04
    step 7950/8728 (global micro 16678/26184, update 16678/26184)  loss 0.7621  lr 3.62e-04
    step 7975/8728 (global micro 16703/26184, update 16703/26184)  loss 0.9857  lr 3.61e-04
    step 8000/8728 (global micro 16728/26184, update 16728/26184)  loss 0.7192  lr 3.60e-04
    step 8025/8728 (global micro 16753/26184, update 16753/26184)  loss 0.5869  lr 3.59e-04
    step 8050/8728 (global micro 16778/26184, update 16778/26184)  loss 0.6677  lr 3.57e-04
    step 8075/8728 (global micro 16803/26184, update 16803/26184)  loss 0.3961  lr 3.56e-04
    step 8100/8728 (global micro 16828/26184, update 16828/26184)  loss 0.5342  lr 3.55e-04
    step 8125/8728 (global micro 16853/26184, update 16853/26184)  loss 0.6684  lr 3.54e-04
    step 8150/8728 (global micro 16878/26184, update 16878/26184)  loss 0.6484  lr 3.53e-04
    step 8175/8728 (global micro 16903/26184, update 16903/26184)  loss 0.8337  lr 3.51e-04
    step 8200/8728 (global micro 16928/26184, update 16928/26184)  loss 0.4690  lr 3.50e-04
    step 8225/8728 (global micro 16953/26184, update 16953/26184)  loss 0.6141  lr 3.49e-04
    step 8250/8728 (global micro 16978/26184, update 16978/26184)  loss 0.3995  lr 3.48e-04
    step 8275/8728 (global micro 17003/26184, update 17003/26184)  loss 0.5617  lr 3.47e-04
    step 8300/8728 (global micro 17028/26184, update 17028/26184)  loss 0.5575  lr 3.45e-04
    step 8325/8728 (global micro 17053/26184, update 17053/26184)  loss 0.6639  lr 3.44e-04
    step 8350/8728 (global micro 17078/26184, update 17078/26184)  loss 0.6084  lr 3.43e-04
    step 8375/8728 (global micro 17103/26184, update 17103/26184)  loss 0.7096  lr 3.42e-04
    step 8400/8728 (global micro 17128/26184, update 17128/26184)  loss 0.6648  lr 3.41e-04
    step 8425/8728 (global micro 17153/26184, update 17153/26184)  loss 0.6770  lr 3.39e-04
    step 8450/8728 (global micro 17178/26184, update 17178/26184)  loss 0.5124  lr 3.38e-04
    step 8475/8728 (global micro 17203/26184, update 17203/26184)  loss 0.4858  lr 3.37e-04
    step 8500/8728 (global micro 17228/26184, update 17228/26184)  loss 0.7433  lr 3.36e-04
    step 8525/8728 (global micro 17253/26184, update 17253/26184)  loss 0.7392  lr 3.35e-04
    step 8550/8728 (global micro 17278/26184, update 17278/26184)  loss 0.6722  lr 3.33e-04
    step 8575/8728 (global micro 17303/26184, update 17303/26184)  loss 0.6906  lr 3.32e-04
    step 8600/8728 (global micro 17328/26184, update 17328/26184)  loss 0.5306  lr 3.31e-04
    step 8625/8728 (global micro 17353/26184, update 17353/26184)  loss 0.6558  lr 3.30e-04
    step 8650/8728 (global micro 17378/26184, update 17378/26184)  loss 0.6401  lr 3.29e-04
    step 8675/8728 (global micro 17403/26184, update 17403/26184)  loss 0.4513  lr 3.27e-04
    step 8700/8728 (global micro 17428/26184, update 17428/26184)  loss 0.7286  lr 3.26e-04
    step 8725/8728 (global micro 17453/26184, update 17453/26184)  loss 0.7140  lr 3.25e-04
    step 8728/8728 (global micro 17456/26184, update 17456/26184)  loss 0.5401  lr 3.25e-04
  epoch   2/3  loss 0.6748  lr 3.25e-04  (1541.5s)
  Epoch checkpoint: /home/aomukai/Ninereeds/core/c13_Phase_B_direct_retry4_e2.pt
    step    1/8728 (global micro 17457/26184, update 17457/26184)  loss 0.2482  lr 3.25e-04
    step   25/8728 (global micro 17481/26184, update 17481/26184)  loss 0.7191  lr 3.24e-04
    step   50/8728 (global micro 17506/26184, update 17506/26184)  loss 0.3993  lr 3.23e-04
    step   75/8728 (global micro 17531/26184, update 17531/26184)  loss 0.5197  lr 3.22e-04
    step  100/8728 (global micro 17556/26184, update 17556/26184)  loss 0.6458  lr 3.20e-04
    step  125/8728 (global micro 17581/26184, update 17581/26184)  loss 0.6035  lr 3.19e-04
    step  150/8728 (global micro 17606/26184, update 17606/26184)  loss 0.6826  lr 3.18e-04
    step  175/8728 (global micro 17631/26184, update 17631/26184)  loss 0.6616  lr 3.17e-04
    step  200/8728 (global micro 17656/26184, update 17656/26184)  loss 0.5649  lr 3.16e-04
    step  225/8728 (global micro 17681/26184, update 17681/26184)  loss 0.5078  lr 3.15e-04
    step  250/8728 (global micro 17706/26184, update 17706/26184)  loss 0.5758  lr 3.13e-04
    step  275/8728 (global micro 17731/26184, update 17731/26184)  loss 0.5641  lr 3.12e-04
    step  300/8728 (global micro 17756/26184, update 17756/26184)  loss 0.6746  lr 3.11e-04
    step  325/8728 (global micro 17781/26184, update 17781/26184)  loss 0.6824  lr 3.10e-04
    step  350/8728 (global micro 17806/26184, update 17806/26184)  loss 0.6536  lr 3.09e-04
    step  375/8728 (global micro 17831/26184, update 17831/26184)  loss 0.4000  lr 3.08e-04
    step  400/8728 (global micro 17856/26184, update 17856/26184)  loss 0.4703  lr 3.07e-04
    step  425/8728 (global micro 17881/26184, update 17881/26184)  loss 0.7547  lr 3.05e-04
    step  450/8728 (global micro 17906/26184, update 17906/26184)  loss 0.6307  lr 3.04e-04
    step  475/8728 (global micro 17931/26184, update 17931/26184)  loss 0.6856  lr 3.03e-04
    step  500/8728 (global micro 17956/26184, update 17956/26184)  loss 0.5335  lr 3.02e-04
    step  525/8728 (global micro 17981/26184, update 17981/26184)  loss 0.6834  lr 3.01e-04
    step  550/8728 (global micro 18006/26184, update 18006/26184)  loss 0.4908  lr 3.00e-04
    step  575/8728 (global micro 18031/26184, update 18031/26184)  loss 0.5576  lr 2.99e-04
    step  600/8728 (global micro 18056/26184, update 18056/26184)  loss 0.5597  lr 2.98e-04
    step  625/8728 (global micro 18081/26184, update 18081/26184)  loss 0.8932  lr 2.96e-04
    step  650/8728 (global micro 18106/26184, update 18106/26184)  loss 0.6852  lr 2.95e-04
    step  675/8728 (global micro 18131/26184, update 18131/26184)  loss 0.3209  lr 2.94e-04
    step  700/8728 (global micro 18156/26184, update 18156/26184)  loss 0.6869  lr 2.93e-04
    step  725/8728 (global micro 18181/26184, update 18181/26184)  loss 0.5460  lr 2.92e-04
    step  750/8728 (global micro 18206/26184, update 18206/26184)  loss 0.6594  lr 2.91e-04
    step  775/8728 (global micro 18231/26184, update 18231/26184)  loss 0.5534  lr 2.90e-04
    step  800/8728 (global micro 18256/26184, update 18256/26184)  loss 0.5743  lr 2.89e-04
    step  825/8728 (global micro 18281/26184, update 18281/26184)  loss 0.7039  lr 2.88e-04
    step  850/8728 (global micro 18306/26184, update 18306/26184)  loss 0.7440  lr 2.86e-04
    step  875/8728 (global micro 18331/26184, update 18331/26184)  loss 0.4465  lr 2.85e-04
    step  900/8728 (global micro 18356/26184, update 18356/26184)  loss 0.3905  lr 2.84e-04
    step  925/8728 (global micro 18381/26184, update 18381/26184)  loss 0.4649  lr 2.83e-04
    step  950/8728 (global micro 18406/26184, update 18406/26184)  loss 0.4675  lr 2.82e-04
    step  975/8728 (global micro 18431/26184, update 18431/26184)  loss 0.4367  lr 2.81e-04
    step 1000/8728 (global micro 18456/26184, update 18456/26184)  loss 0.5833  lr 2.80e-04
    step 1025/8728 (global micro 18481/26184, update 18481/26184)  loss 0.5840  lr 2.79e-04
    step 1050/8728 (global micro 18506/26184, update 18506/26184)  loss 0.5121  lr 2.78e-04
    step 1075/8728 (global micro 18531/26184, update 18531/26184)  loss 0.5427  lr 2.77e-04
    step 1100/8728 (global micro 18556/26184, update 18556/26184)  loss 0.5606  lr 2.76e-04
    step 1125/8728 (global micro 18581/26184, update 18581/26184)  loss 0.5237  lr 2.75e-04
    step 1150/8728 (global micro 18606/26184, update 18606/26184)  loss 0.3522  lr 2.74e-04
    step 1175/8728 (global micro 18631/26184, update 18631/26184)  loss 0.7229  lr 2.72e-04
    step 1200/8728 (global micro 18656/26184, update 18656/26184)  loss 0.5975  lr 2.71e-04
    step 1225/8728 (global micro 18681/26184, update 18681/26184)  loss 0.6223  lr 2.70e-04
    step 1250/8728 (global micro 18706/26184, update 18706/26184)  loss 0.6424  lr 2.69e-04
    step 1275/8728 (global micro 18731/26184, update 18731/26184)  loss 0.4820  lr 2.68e-04
    step 1300/8728 (global micro 18756/26184, update 18756/26184)  loss 0.5725  lr 2.67e-04
    step 1325/8728 (global micro 18781/26184, update 18781/26184)  loss 0.4666  lr 2.66e-04
    step 1350/8728 (global micro 18806/26184, update 18806/26184)  loss 0.4921  lr 2.65e-04
    step 1375/8728 (global micro 18831/26184, update 18831/26184)  loss 0.3444  lr 2.64e-04
    step 1400/8728 (global micro 18856/26184, update 18856/26184)  loss 0.4306  lr 2.63e-04
    step 1425/8728 (global micro 18881/26184, update 18881/26184)  loss 0.5810  lr 2.62e-04
    step 1450/8728 (global micro 18906/26184, update 18906/26184)  loss 0.5700  lr 2.61e-04
    step 1475/8728 (global micro 18931/26184, update 18931/26184)  loss 0.7792  lr 2.60e-04
    step 1500/8728 (global micro 18956/26184, update 18956/26184)  loss 0.6604  lr 2.59e-04
    step 1525/8728 (global micro 18981/26184, update 18981/26184)  loss 0.8535  lr 2.58e-04
    step 1550/8728 (global micro 19006/26184, update 19006/26184)  loss 0.4569  lr 2.57e-04
    step 1575/8728 (global micro 19031/26184, update 19031/26184)  loss 0.6628  lr 2.56e-04
    step 1600/8728 (global micro 19056/26184, update 19056/26184)  loss 0.5758  lr 2.55e-04
    step 1625/8728 (global micro 19081/26184, update 19081/26184)  loss 0.5701  lr 2.54e-04
    step 1650/8728 (global micro 19106/26184, update 19106/26184)  loss 0.6128  lr 2.53e-04
    step 1675/8728 (global micro 19131/26184, update 19131/26184)  loss 0.4545  lr 2.52e-04
    step 1700/8728 (global micro 19156/26184, update 19156/26184)  loss 0.6767  lr 2.51e-04
    step 1725/8728 (global micro 19181/26184, update 19181/26184)  loss 0.6811  lr 2.50e-04
    step 1750/8728 (global micro 19206/26184, update 19206/26184)  loss 0.5633  lr 2.49e-04
    step 1775/8728 (global micro 19231/26184, update 19231/26184)  loss 0.5146  lr 2.48e-04
    step 1800/8728 (global micro 19256/26184, update 19256/26184)  loss 0.4529  lr 2.47e-04
    step 1825/8728 (global micro 19281/26184, update 19281/26184)  loss 0.4902  lr 2.46e-04
    step 1850/8728 (global micro 19306/26184, update 19306/26184)  loss 0.5518  lr 2.45e-04
    step 1875/8728 (global micro 19331/26184, update 19331/26184)  loss 0.4921  lr 2.44e-04
    step 1900/8728 (global micro 19356/26184, update 19356/26184)  loss 0.4452  lr 2.43e-04
    step 1925/8728 (global micro 19381/26184, update 19381/26184)  loss 0.5012  lr 2.42e-04
    step 1950/8728 (global micro 19406/26184, update 19406/26184)  loss 0.6156  lr 2.41e-04
    step 1975/8728 (global micro 19431/26184, update 19431/26184)  loss 0.4057  lr 2.40e-04
    step 2000/8728 (global micro 19456/26184, update 19456/26184)  loss 0.5975  lr 2.39e-04
    step 2025/8728 (global micro 19481/26184, update 19481/26184)  loss 0.4517  lr 2.38e-04
    step 2050/8728 (global micro 19506/26184, update 19506/26184)  loss 0.6244  lr 2.37e-04
    step 2075/8728 (global micro 19531/26184, update 19531/26184)  loss 0.7811  lr 2.36e-04
    step 2100/8728 (global micro 19556/26184, update 19556/26184)  loss 0.5084  lr 2.35e-04
    step 2125/8728 (global micro 19581/26184, update 19581/26184)  loss 0.2572  lr 2.34e-04
    step 2150/8728 (global micro 19606/26184, update 19606/26184)  loss 0.7516  lr 2.33e-04
    step 2175/8728 (global micro 19631/26184, update 19631/26184)  loss 0.3796  lr 2.32e-04
    step 2200/8728 (global micro 19656/26184, update 19656/26184)  loss 0.5244  lr 2.31e-04
    step 2225/8728 (global micro 19681/26184, update 19681/26184)  loss 0.5870  lr 2.30e-04
    step 2250/8728 (global micro 19706/26184, update 19706/26184)  loss 0.5303  lr 2.29e-04
    step 2275/8728 (global micro 19731/26184, update 19731/26184)  loss 0.4974  lr 2.28e-04
    step 2300/8728 (global micro 19756/26184, update 19756/26184)  loss 0.7846  lr 2.27e-04
    step 2325/8728 (global micro 19781/26184, update 19781/26184)  loss 0.4595  lr 2.26e-04
    step 2350/8728 (global micro 19806/26184, update 19806/26184)  loss 0.5397  lr 2.25e-04
    step 2375/8728 (global micro 19831/26184, update 19831/26184)  loss 0.6376  lr 2.25e-04
    step 2400/8728 (global micro 19856/26184, update 19856/26184)  loss 0.7183  lr 2.24e-04
    step 2425/8728 (global micro 19881/26184, update 19881/26184)  loss 0.3748  lr 2.23e-04
    step 2450/8728 (global micro 19906/26184, update 19906/26184)  loss 0.7645  lr 2.22e-04
    step 2475/8728 (global micro 19931/26184, update 19931/26184)  loss 0.7694  lr 2.21e-04
    step 2500/8728 (global micro 19956/26184, update 19956/26184)  loss 0.6166  lr 2.20e-04
    step 2525/8728 (global micro 19981/26184, update 19981/26184)  loss 0.6865  lr 2.19e-04
    step 2550/8728 (global micro 20006/26184, update 20006/26184)  loss 0.4448  lr 2.18e-04
    step 2575/8728 (global micro 20031/26184, update 20031/26184)  loss 0.5899  lr 2.17e-04
    step 2600/8728 (global micro 20056/26184, update 20056/26184)  loss 0.6253  lr 2.16e-04
    step 2625/8728 (global micro 20081/26184, update 20081/26184)  loss 0.5742  lr 2.15e-04
    step 2650/8728 (global micro 20106/26184, update 20106/26184)  loss 0.7341  lr 2.14e-04
    step 2675/8728 (global micro 20131/26184, update 20131/26184)  loss 0.4860  lr 2.14e-04
    step 2700/8728 (global micro 20156/26184, update 20156/26184)  loss 0.6047  lr 2.13e-04
    step 2725/8728 (global micro 20181/26184, update 20181/26184)  loss 0.6261  lr 2.12e-04
    step 2750/8728 (global micro 20206/26184, update 20206/26184)  loss 0.5314  lr 2.11e-04
    step 2775/8728 (global micro 20231/26184, update 20231/26184)  loss 0.5124  lr 2.10e-04
    step 2800/8728 (global micro 20256/26184, update 20256/26184)  loss 0.5886  lr 2.09e-04
    step 2825/8728 (global micro 20281/26184, update 20281/26184)  loss 0.6937  lr 2.08e-04
    step 2850/8728 (global micro 20306/26184, update 20306/26184)  loss 0.7588  lr 2.07e-04
    step 2875/8728 (global micro 20331/26184, update 20331/26184)  loss 0.5742  lr 2.06e-04
    step 2900/8728 (global micro 20356/26184, update 20356/26184)  loss 0.4850  lr 2.06e-04
    step 2925/8728 (global micro 20381/26184, update 20381/26184)  loss 0.4959  lr 2.05e-04
    step 2950/8728 (global micro 20406/26184, update 20406/26184)  loss 0.6404  lr 2.04e-04
    step 2975/8728 (global micro 20431/26184, update 20431/26184)  loss 0.3703  lr 2.03e-04
    step 3000/8728 (global micro 20456/26184, update 20456/26184)  loss 0.3482  lr 2.02e-04
    step 3025/8728 (global micro 20481/26184, update 20481/26184)  loss 0.4388  lr 2.01e-04
    step 3050/8728 (global micro 20506/26184, update 20506/26184)  loss 0.4890  lr 2.00e-04
    step 3075/8728 (global micro 20531/26184, update 20531/26184)  loss 0.8166  lr 2.00e-04
    step 3100/8728 (global micro 20556/26184, update 20556/26184)  loss 0.4714  lr 1.99e-04
    step 3125/8728 (global micro 20581/26184, update 20581/26184)  loss 0.5777  lr 1.98e-04
    step 3150/8728 (global micro 20606/26184, update 20606/26184)  loss 0.6252  lr 1.97e-04
    step 3175/8728 (global micro 20631/26184, update 20631/26184)  loss 0.7154  lr 1.96e-04
    step 3200/8728 (global micro 20656/26184, update 20656/26184)  loss 0.4714  lr 1.95e-04
    step 3225/8728 (global micro 20681/26184, update 20681/26184)  loss 0.5529  lr 1.95e-04
    step 3250/8728 (global micro 20706/26184, update 20706/26184)  loss 0.5945  lr 1.94e-04
    step 3275/8728 (global micro 20731/26184, update 20731/26184)  loss 0.7014  lr 1.93e-04
    step 3300/8728 (global micro 20756/26184, update 20756/26184)  loss 0.5575  lr 1.92e-04
    step 3325/8728 (global micro 20781/26184, update 20781/26184)  loss 0.5168  lr 1.91e-04
    step 3350/8728 (global micro 20806/26184, update 20806/26184)  loss 0.6705  lr 1.90e-04
    step 3375/8728 (global micro 20831/26184, update 20831/26184)  loss 0.4487  lr 1.90e-04
    step 3400/8728 (global micro 20856/26184, update 20856/26184)  loss 0.3730  lr 1.89e-04
    step 3425/8728 (global micro 20881/26184, update 20881/26184)  loss 0.6457  lr 1.88e-04
    step 3450/8728 (global micro 20906/26184, update 20906/26184)  loss 0.5368  lr 1.87e-04
    step 3475/8728 (global micro 20931/26184, update 20931/26184)  loss 0.6461  lr 1.86e-04
    step 3500/8728 (global micro 20956/26184, update 20956/26184)  loss 0.6031  lr 1.86e-04
    step 3525/8728 (global micro 20981/26184, update 20981/26184)  loss 0.5846  lr 1.85e-04
    step 3550/8728 (global micro 21006/26184, update 21006/26184)  loss 0.6179  lr 1.84e-04
    step 3575/8728 (global micro 21031/26184, update 21031/26184)  loss 0.5084  lr 1.83e-04
    step 3600/8728 (global micro 21056/26184, update 21056/26184)  loss 0.6033  lr 1.83e-04
    step 3625/8728 (global micro 21081/26184, update 21081/26184)  loss 0.7027  lr 1.82e-04
    step 3650/8728 (global micro 21106/26184, update 21106/26184)  loss 0.5186  lr 1.81e-04
    step 3675/8728 (global micro 21131/26184, update 21131/26184)  loss 0.4650  lr 1.80e-04
    step 3700/8728 (global micro 21156/26184, update 21156/26184)  loss 0.6197  lr 1.79e-04
    step 3725/8728 (global micro 21181/26184, update 21181/26184)  loss 0.4954  lr 1.79e-04
    step 3750/8728 (global micro 21206/26184, update 21206/26184)  loss 0.5772  lr 1.78e-04
    step 3775/8728 (global micro 21231/26184, update 21231/26184)  loss 0.5849  lr 1.77e-04
    step 3800/8728 (global micro 21256/26184, update 21256/26184)  loss 0.5038  lr 1.76e-04
    step 3825/8728 (global micro 21281/26184, update 21281/26184)  loss 0.4838  lr 1.76e-04
    step 3850/8728 (global micro 21306/26184, update 21306/26184)  loss 0.5361  lr 1.75e-04
    step 3875/8728 (global micro 21331/26184, update 21331/26184)  loss 0.4308  lr 1.74e-04
    step 3900/8728 (global micro 21356/26184, update 21356/26184)  loss 0.5443  lr 1.73e-04
    step 3925/8728 (global micro 21381/26184, update 21381/26184)  loss 0.4347  lr 1.73e-04
    step 3950/8728 (global micro 21406/26184, update 21406/26184)  loss 0.5549  lr 1.72e-04
    step 3975/8728 (global micro 21431/26184, update 21431/26184)  loss 0.5641  lr 1.71e-04
    step 4000/8728 (global micro 21456/26184, update 21456/26184)  loss 0.4205  lr 1.70e-04
    step 4025/8728 (global micro 21481/26184, update 21481/26184)  loss 0.5013  lr 1.70e-04
    step 4050/8728 (global micro 21506/26184, update 21506/26184)  loss 0.4826  lr 1.69e-04
    step 4075/8728 (global micro 21531/26184, update 21531/26184)  loss 0.5245  lr 1.68e-04
    step 4100/8728 (global micro 21556/26184, update 21556/26184)  loss 0.4351  lr 1.68e-04
    step 4125/8728 (global micro 21581/26184, update 21581/26184)  loss 0.3747  lr 1.67e-04
    step 4150/8728 (global micro 21606/26184, update 21606/26184)  loss 0.4937  lr 1.66e-04
    step 4175/8728 (global micro 21631/26184, update 21631/26184)  loss 0.3635  lr 1.65e-04
    step 4200/8728 (global micro 21656/26184, update 21656/26184)  loss 0.4061  lr 1.65e-04
    step 4225/8728 (global micro 21681/26184, update 21681/26184)  loss 0.5345  lr 1.64e-04
    step 4250/8728 (global micro 21706/26184, update 21706/26184)  loss 0.6210  lr 1.63e-04
    step 4275/8728 (global micro 21731/26184, update 21731/26184)  loss 0.5532  lr 1.63e-04
    step 4300/8728 (global micro 21756/26184, update 21756/26184)  loss 0.5533  lr 1.62e-04
    step 4325/8728 (global micro 21781/26184, update 21781/26184)  loss 0.5669  lr 1.61e-04
    step 4350/8728 (global micro 21806/26184, update 21806/26184)  loss 0.5775  lr 1.61e-04
    step 4375/8728 (global micro 21831/26184, update 21831/26184)  loss 0.6634  lr 1.60e-04
    step 4400/8728 (global micro 21856/26184, update 21856/26184)  loss 0.6457  lr 1.59e-04
    step 4425/8728 (global micro 21881/26184, update 21881/26184)  loss 0.5116  lr 1.59e-04
    step 4450/8728 (global micro 21906/26184, update 21906/26184)  loss 0.7271  lr 1.58e-04
    step 4475/8728 (global micro 21931/26184, update 21931/26184)  loss 0.6029  lr 1.57e-04
    step 4500/8728 (global micro 21956/26184, update 21956/26184)  loss 0.4675  lr 1.57e-04
    step 4525/8728 (global micro 21981/26184, update 21981/26184)  loss 0.4776  lr 1.56e-04
    step 4550/8728 (global micro 22006/26184, update 22006/26184)  loss 0.5295  lr 1.55e-04
    step 4575/8728 (global micro 22031/26184, update 22031/26184)  loss 0.4728  lr 1.55e-04
    step 4600/8728 (global micro 22056/26184, update 22056/26184)  loss 0.5088  lr 1.54e-04
    step 4625/8728 (global micro 22081/26184, update 22081/26184)  loss 0.5424  lr 1.53e-04
    step 4650/8728 (global micro 22106/26184, update 22106/26184)  loss 0.4091  lr 1.53e-04
    step 4675/8728 (global micro 22131/26184, update 22131/26184)  loss 0.6491  lr 1.52e-04
    step 4700/8728 (global micro 22156/26184, update 22156/26184)  loss 0.4949  lr 1.52e-04
    step 4725/8728 (global micro 22181/26184, update 22181/26184)  loss 0.7685  lr 1.51e-04
    step 4750/8728 (global micro 22206/26184, update 22206/26184)  loss 0.4929  lr 1.50e-04
    step 4775/8728 (global micro 22231/26184, update 22231/26184)  loss 0.5239  lr 1.50e-04
    step 4800/8728 (global micro 22256/26184, update 22256/26184)  loss 0.5367  lr 1.49e-04
    step 4825/8728 (global micro 22281/26184, update 22281/26184)  loss 0.5034  lr 1.48e-04
    step 4850/8728 (global micro 22306/26184, update 22306/26184)  loss 0.5643  lr 1.48e-04
    step 4875/8728 (global micro 22331/26184, update 22331/26184)  loss 0.5924  lr 1.47e-04
    step 4900/8728 (global micro 22356/26184, update 22356/26184)  loss 0.7290  lr 1.47e-04
    step 4925/8728 (global micro 22381/26184, update 22381/26184)  loss 0.5830  lr 1.46e-04
    step 4950/8728 (global micro 22406/26184, update 22406/26184)  loss 0.6059  lr 1.45e-04
    step 4975/8728 (global micro 22431/26184, update 22431/26184)  loss 0.5686  lr 1.45e-04
    step 5000/8728 (global micro 22456/26184, update 22456/26184)  loss 0.5513  lr 1.44e-04
    step 5025/8728 (global micro 22481/26184, update 22481/26184)  loss 0.5013  lr 1.44e-04
    step 5050/8728 (global micro 22506/26184, update 22506/26184)  loss 0.4618  lr 1.43e-04
    step 5075/8728 (global micro 22531/26184, update 22531/26184)  loss 0.6504  lr 1.43e-04
    step 5100/8728 (global micro 22556/26184, update 22556/26184)  loss 0.6616  lr 1.42e-04
    step 5125/8728 (global micro 22581/26184, update 22581/26184)  loss 0.7453  lr 1.41e-04
    step 5150/8728 (global micro 22606/26184, update 22606/26184)  loss 0.5203  lr 1.41e-04
    step 5175/8728 (global micro 22631/26184, update 22631/26184)  loss 0.3481  lr 1.40e-04
    step 5200/8728 (global micro 22656/26184, update 22656/26184)  loss 0.5780  lr 1.40e-04
    step 5225/8728 (global micro 22681/26184, update 22681/26184)  loss 0.5373  lr 1.39e-04
    step 5250/8728 (global micro 22706/26184, update 22706/26184)  loss 0.5669  lr 1.39e-04
    step 5275/8728 (global micro 22731/26184, update 22731/26184)  loss 0.4049  lr 1.38e-04
    step 5300/8728 (global micro 22756/26184, update 22756/26184)  loss 0.6665  lr 1.38e-04
    step 5325/8728 (global micro 22781/26184, update 22781/26184)  loss 0.5103  lr 1.37e-04
    step 5350/8728 (global micro 22806/26184, update 22806/26184)  loss 0.5508  lr 1.36e-04
    step 5375/8728 (global micro 22831/26184, update 22831/26184)  loss 0.5822  lr 1.36e-04
    step 5400/8728 (global micro 22856/26184, update 22856/26184)  loss 0.5861  lr 1.35e-04
    step 5425/8728 (global micro 22881/26184, update 22881/26184)  loss 0.5429  lr 1.35e-04
    step 5450/8728 (global micro 22906/26184, update 22906/26184)  loss 0.4331  lr 1.34e-04
    step 5475/8728 (global micro 22931/26184, update 22931/26184)  loss 0.5228  lr 1.34e-04
    step 5500/8728 (global micro 22956/26184, update 22956/26184)  loss 0.3670  lr 1.33e-04
    step 5525/8728 (global micro 22981/26184, update 22981/26184)  loss 0.4995  lr 1.33e-04
    step 5550/8728 (global micro 23006/26184, update 23006/26184)  loss 0.5748  lr 1.32e-04
    step 5575/8728 (global micro 23031/26184, update 23031/26184)  loss 0.5538  lr 1.32e-04
    step 5600/8728 (global micro 23056/26184, update 23056/26184)  loss 0.6546  lr 1.31e-04
    step 5625/8728 (global micro 23081/26184, update 23081/26184)  loss 0.4673  lr 1.31e-04
    step 5650/8728 (global micro 23106/26184, update 23106/26184)  loss 0.6222  lr 1.30e-04
    step 5675/8728 (global micro 23131/26184, update 23131/26184)  loss 0.3426  lr 1.30e-04
    step 5700/8728 (global micro 23156/26184, update 23156/26184)  loss 0.4728  lr 1.29e-04
    step 5725/8728 (global micro 23181/26184, update 23181/26184)  loss 0.5587  lr 1.29e-04
    step 5750/8728 (global micro 23206/26184, update 23206/26184)  loss 0.5684  lr 1.28e-04
    step 5775/8728 (global micro 23231/26184, update 23231/26184)  loss 0.4138  lr 1.28e-04
    step 5800/8728 (global micro 23256/26184, update 23256/26184)  loss 0.6591  lr 1.27e-04
    step 5825/8728 (global micro 23281/26184, update 23281/26184)  loss 0.7277  lr 1.27e-04
    step 5850/8728 (global micro 23306/26184, update 23306/26184)  loss 0.4220  lr 1.27e-04
    step 5875/8728 (global micro 23331/26184, update 23331/26184)  loss 0.4108  lr 1.26e-04
    step 5900/8728 (global micro 23356/26184, update 23356/26184)  loss 0.4287  lr 1.26e-04
    step 5925/8728 (global micro 23381/26184, update 23381/26184)  loss 0.4724  lr 1.25e-04
    step 5950/8728 (global micro 23406/26184, update 23406/26184)  loss 0.5343  lr 1.25e-04
    step 5975/8728 (global micro 23431/26184, update 23431/26184)  loss 0.4054  lr 1.24e-04
    step 6000/8728 (global micro 23456/26184, update 23456/26184)  loss 0.5166  lr 1.24e-04
    step 6025/8728 (global micro 23481/26184, update 23481/26184)  loss 0.6085  lr 1.23e-04
    step 6050/8728 (global micro 23506/26184, update 23506/26184)  loss 0.3977  lr 1.23e-04
    step 6075/8728 (global micro 23531/26184, update 23531/26184)  loss 0.5219  lr 1.23e-04
    step 6100/8728 (global micro 23556/26184, update 23556/26184)  loss 0.4112  lr 1.22e-04
    step 6125/8728 (global micro 23581/26184, update 23581/26184)  loss 0.3283  lr 1.22e-04
    step 6150/8728 (global micro 23606/26184, update 23606/26184)  loss 0.4779  lr 1.21e-04
    step 6175/8728 (global micro 23631/26184, update 23631/26184)  loss 0.5309  lr 1.21e-04
    step 6200/8728 (global micro 23656/26184, update 23656/26184)  loss 0.4417  lr 1.21e-04
    step 6225/8728 (global micro 23681/26184, update 23681/26184)  loss 0.4370  lr 1.20e-04
    step 6250/8728 (global micro 23706/26184, update 23706/26184)  loss 0.5256  lr 1.20e-04
    step 6275/8728 (global micro 23731/26184, update 23731/26184)  loss 0.6302  lr 1.19e-04
    step 6300/8728 (global micro 23756/26184, update 23756/26184)  loss 0.4750  lr 1.19e-04
    step 6325/8728 (global micro 23781/26184, update 23781/26184)  loss 0.5084  lr 1.19e-04
    step 6350/8728 (global micro 23806/26184, update 23806/26184)  loss 0.4397  lr 1.18e-04
    step 6375/8728 (global micro 23831/26184, update 23831/26184)  loss 0.5148  lr 1.18e-04
    step 6400/8728 (global micro 23856/26184, update 23856/26184)  loss 0.3871  lr 1.17e-04
    step 6425/8728 (global micro 23881/26184, update 23881/26184)  loss 0.6870  lr 1.17e-04
    step 6450/8728 (global micro 23906/26184, update 23906/26184)  loss 0.5125  lr 1.17e-04
    step 6475/8728 (global micro 23931/26184, update 23931/26184)  loss 0.5929  lr 1.16e-04
    step 6500/8728 (global micro 23956/26184, update 23956/26184)  loss 0.4386  lr 1.16e-04
    step 6525/8728 (global micro 23981/26184, update 23981/26184)  loss 0.6079  lr 1.16e-04
    step 6550/8728 (global micro 24006/26184, update 24006/26184)  loss 0.6885  lr 1.15e-04
    step 6575/8728 (global micro 24031/26184, update 24031/26184)  loss 0.6644  lr 1.15e-04
    step 6600/8728 (global micro 24056/26184, update 24056/26184)  loss 0.5301  lr 1.15e-04
    step 6625/8728 (global micro 24081/26184, update 24081/26184)  loss 0.5044  lr 1.14e-04
    step 6650/8728 (global micro 24106/26184, update 24106/26184)  loss 0.5683  lr 1.14e-04
    step 6675/8728 (global micro 24131/26184, update 24131/26184)  loss 0.6689  lr 1.14e-04
    step 6700/8728 (global micro 24156/26184, update 24156/26184)  loss 0.3716  lr 1.13e-04
    step 6725/8728 (global micro 24181/26184, update 24181/26184)  loss 0.4910  lr 1.13e-04
    step 6750/8728 (global micro 24206/26184, update 24206/26184)  loss 0.4153  lr 1.13e-04
    step 6775/8728 (global micro 24231/26184, update 24231/26184)  loss 0.5957  lr 1.12e-04
    step 6800/8728 (global micro 24256/26184, update 24256/26184)  loss 0.4969  lr 1.12e-04
    step 6825/8728 (global micro 24281/26184, update 24281/26184)  loss 0.5309  lr 1.12e-04
    step 6850/8728 (global micro 24306/26184, update 24306/26184)  loss 0.4721  lr 1.11e-04
    step 6875/8728 (global micro 24331/26184, update 24331/26184)  loss 0.4528  lr 1.11e-04
    step 6900/8728 (global micro 24356/26184, update 24356/26184)  loss 0.4924  lr 1.11e-04
    step 6925/8728 (global micro 24381/26184, update 24381/26184)  loss 0.6689  lr 1.10e-04
    step 6950/8728 (global micro 24406/26184, update 24406/26184)  loss 0.3127  lr 1.10e-04
    step 6975/8728 (global micro 24431/26184, update 24431/26184)  loss 0.5107  lr 1.10e-04
    step 7000/8728 (global micro 24456/26184, update 24456/26184)  loss 0.5310  lr 1.10e-04
    step 7025/8728 (global micro 24481/26184, update 24481/26184)  loss 0.4419  lr 1.09e-04
    step 7050/8728 (global micro 24506/26184, update 24506/26184)  loss 0.5672  lr 1.09e-04
    step 7075/8728 (global micro 24531/26184, update 24531/26184)  loss 0.4596  lr 1.09e-04
    step 7100/8728 (global micro 24556/26184, update 24556/26184)  loss 0.4151  lr 1.09e-04
    step 7125/8728 (global micro 24581/26184, update 24581/26184)  loss 0.4442  lr 1.08e-04
    step 7150/8728 (global micro 24606/26184, update 24606/26184)  loss 0.4218  lr 1.08e-04
    step 7175/8728 (global micro 24631/26184, update 24631/26184)  loss 0.5874  lr 1.08e-04
    step 7200/8728 (global micro 24656/26184, update 24656/26184)  loss 0.6296  lr 1.08e-04
    step 7225/8728 (global micro 24681/26184, update 24681/26184)  loss 0.5675  lr 1.07e-04
    step 7250/8728 (global micro 24706/26184, update 24706/26184)  loss 0.5444  lr 1.07e-04
    step 7275/8728 (global micro 24731/26184, update 24731/26184)  loss 0.5790  lr 1.07e-04
    step 7300/8728 (global micro 24756/26184, update 24756/26184)  loss 0.5652  lr 1.07e-04
    step 7325/8728 (global micro 24781/26184, update 24781/26184)  loss 0.6490  lr 1.06e-04
    step 7350/8728 (global micro 24806/26184, update 24806/26184)  loss 0.5857  lr 1.06e-04
    step 7375/8728 (global micro 24831/26184, update 24831/26184)  loss 0.4989  lr 1.06e-04
    step 7400/8728 (global micro 24856/26184, update 24856/26184)  loss 0.6541  lr 1.06e-04
    step 7425/8728 (global micro 24881/26184, update 24881/26184)  loss 0.6886  lr 1.05e-04
    step 7450/8728 (global micro 24906/26184, update 24906/26184)  loss 0.4055  lr 1.05e-04
    step 7475/8728 (global micro 24931/26184, update 24931/26184)  loss 0.5582  lr 1.05e-04
    step 7500/8728 (global micro 24956/26184, update 24956/26184)  loss 0.5313  lr 1.05e-04
    step 7525/8728 (global micro 24981/26184, update 24981/26184)  loss 0.4587  lr 1.05e-04
    step 7550/8728 (global micro 25006/26184, update 25006/26184)  loss 0.4099  lr 1.04e-04
    step 7575/8728 (global micro 25031/26184, update 25031/26184)  loss 0.4736  lr 1.04e-04
    step 7600/8728 (global micro 25056/26184, update 25056/26184)  loss 0.5648  lr 1.04e-04
    step 7625/8728 (global micro 25081/26184, update 25081/26184)  loss 0.5085  lr 1.04e-04
    step 7650/8728 (global micro 25106/26184, update 25106/26184)  loss 0.4957  lr 1.04e-04
    step 7675/8728 (global micro 25131/26184, update 25131/26184)  loss 0.5128  lr 1.04e-04
    step 7700/8728 (global micro 25156/26184, update 25156/26184)  loss 0.4757  lr 1.03e-04
    step 7725/8728 (global micro 25181/26184, update 25181/26184)  loss 0.5311  lr 1.03e-04
    step 7750/8728 (global micro 25206/26184, update 25206/26184)  loss 0.3964  lr 1.03e-04
    step 7775/8728 (global micro 25231/26184, update 25231/26184)  loss 0.6060  lr 1.03e-04
    step 7800/8728 (global micro 25256/26184, update 25256/26184)  loss 0.3766  lr 1.03e-04
    step 7825/8728 (global micro 25281/26184, update 25281/26184)  loss 0.6617  lr 1.03e-04
    step 7850/8728 (global micro 25306/26184, update 25306/26184)  loss 0.6190  lr 1.02e-04
    step 7875/8728 (global micro 25331/26184, update 25331/26184)  loss 0.3765  lr 1.02e-04
    step 7900/8728 (global micro 25356/26184, update 25356/26184)  loss 0.4608  lr 1.02e-04
    step 7925/8728 (global micro 25381/26184, update 25381/26184)  loss 0.5088  lr 1.02e-04
    step 7950/8728 (global micro 25406/26184, update 25406/26184)  loss 0.5547  lr 1.02e-04
    step 7975/8728 (global micro 25431/26184, update 25431/26184)  loss 0.6122  lr 1.02e-04
    step 8000/8728 (global micro 25456/26184, update 25456/26184)  loss 0.6306  lr 1.02e-04
    step 8025/8728 (global micro 25481/26184, update 25481/26184)  loss 0.3209  lr 1.02e-04
    step 8050/8728 (global micro 25506/26184, update 25506/26184)  loss 0.4989  lr 1.01e-04
    step 8075/8728 (global micro 25531/26184, update 25531/26184)  loss 0.6584  lr 1.01e-04
    step 8100/8728 (global micro 25556/26184, update 25556/26184)  loss 0.5599  lr 1.01e-04
    step 8125/8728 (global micro 25581/26184, update 25581/26184)  loss 0.4111  lr 1.01e-04
    step 8150/8728 (global micro 25606/26184, update 25606/26184)  loss 0.6484  lr 1.01e-04
    step 8175/8728 (global micro 25631/26184, update 25631/26184)  loss 0.5687  lr 1.01e-04
    step 8200/8728 (global micro 25656/26184, update 25656/26184)  loss 0.4237  lr 1.01e-04
    step 8225/8728 (global micro 25681/26184, update 25681/26184)  loss 0.6270  lr 1.01e-04
    step 8250/8728 (global micro 25706/26184, update 25706/26184)  loss 0.5215  lr 1.01e-04
    step 8275/8728 (global micro 25731/26184, update 25731/26184)  loss 0.5181  lr 1.01e-04
    step 8300/8728 (global micro 25756/26184, update 25756/26184)  loss 0.5930  lr 1.01e-04
    step 8325/8728 (global micro 25781/26184, update 25781/26184)  loss 0.5979  lr 1.01e-04
    step 8350/8728 (global micro 25806/26184, update 25806/26184)  loss 0.5657  lr 1.00e-04
    step 8375/8728 (global micro 25831/26184, update 25831/26184)  loss 0.5564  lr 1.00e-04
    step 8400/8728 (global micro 25856/26184, update 25856/26184)  loss 0.5042  lr 1.00e-04
    step 8425/8728 (global micro 25881/26184, update 25881/26184)  loss 0.3771  lr 1.00e-04
    step 8450/8728 (global micro 25906/26184, update 25906/26184)  loss 0.4818  lr 1.00e-04
    step 8475/8728 (global micro 25931/26184, update 25931/26184)  loss 0.6234  lr 1.00e-04
    step 8500/8728 (global micro 25956/26184, update 25956/26184)  loss 0.6245  lr 1.00e-04
    step 8525/8728 (global micro 25981/26184, update 25981/26184)  loss 0.3033  lr 1.00e-04
    step 8550/8728 (global micro 26006/26184, update 26006/26184)  loss 0.6899  lr 1.00e-04
    step 8575/8728 (global micro 26031/26184, update 26031/26184)  loss 0.4916  lr 1.00e-04
    step 8600/8728 (global micro 26056/26184, update 26056/26184)  loss 0.5941  lr 1.00e-04
    step 8625/8728 (global micro 26081/26184, update 26081/26184)  loss 0.5734  lr 1.00e-04
    step 8650/8728 (global micro 26106/26184, update 26106/26184)  loss 0.4708  lr 1.00e-04
    step 8675/8728 (global micro 26131/26184, update 26131/26184)  loss 0.4935  lr 1.00e-04
    step 8700/8728 (global micro 26156/26184, update 26156/26184)  loss 0.6136  lr 1.00e-04
    step 8725/8728 (global micro 26181/26184, update 26181/26184)  loss 0.5987  lr 1.00e-04
    step 8728/8728 (global micro 26184/26184, update 26184/26184)  loss 0.6441  lr 1.00e-04
  epoch   3/3  loss 0.5503  lr 1.00e-04  (1532.4s)
  Epoch checkpoint: /home/aomukai/Ninereeds/core/c13_Phase_B_direct_retry4_e3.pt

  Best loss: 0.5503
  Checkpoint saved: /home/aomukai/Ninereeds/core/c13_Phase_B_direct_retry4.pt

