  Training audit: PASSED
  Python: /home/aomukai/.unsloth/studio/unsloth_studio/bin/python
  Device: cuda
  Phase: 0
  Seed: 1337
  Data order: seeded-shuffle
  Resume checkpoint: /home/aomukai/Ninereeds/core/c13_Phase_C_direct_e3.pt

============================================================
  BDH Phase 0 Training
============================================================
  Data files: ['/home/aomukai/Ninereeds/training/corpus/campaign_13_phase_E.txt']
  Total bytes: 3,181,919
  Pre-loading corpus tensor...
  Corpus tensor: 3,181,919 tokens
  Model: small-25m (25.3M params)
  Resuming from: /home/aomukai/Ninereeds/core/c13_Phase_C_direct_e3.pt
  Seed: 1337  |  Deterministic: enabled  |  Data order: seeded-shuffle
  Epochs: 3  |  Windows/epoch: 12429  |  Micro-steps/epoch: 1554  |  Optimizer updates/epoch: 1554  |  Total optimizer updates: 4662  |  LR: 0.001
  Block size: 256  |  Batch size: 8
  Grad accumulation: 1
  AMP bf16: enabled
  Data mode: phase_text
  VRAM logging: disabled
  Log interval: every 25 step(s)
  Output: /home/aomukai/Ninereeds/core/c13_Phase_E_direct.pt

    step    1/1554 (global micro     1/4662, update     1/4662)  loss 0.8202  lr 1.00e-03
    step   25/1554 (global micro    25/4662, update    25/4662)  loss 0.6106  lr 1.00e-03
    step   50/1554 (global micro    50/4662, update    50/4662)  loss 0.6645  lr 1.00e-03
    step   75/1554 (global micro    75/4662, update    75/4662)  loss 0.7266  lr 9.99e-04
    step  100/1554 (global micro   100/4662, update   100/4662)  loss 0.6814  lr 9.99e-04
    step  125/1554 (global micro   125/4662, update   125/4662)  loss 0.7528  lr 9.98e-04
    step  150/1554 (global micro   150/4662, update   150/4662)  loss 0.6254  lr 9.98e-04
    step  175/1554 (global micro   175/4662, update   175/4662)  loss 0.7962  lr 9.97e-04
    step  200/1554 (global micro   200/4662, update   200/4662)  loss 0.6322  lr 9.96e-04
    step  225/1554 (global micro   225/4662, update   225/4662)  loss 0.6457  lr 9.95e-04
    step  250/1554 (global micro   250/4662, update   250/4662)  loss 0.6615  lr 9.94e-04
    step  275/1554 (global micro   275/4662, update   275/4662)  loss 0.7357  lr 9.92e-04
    step  300/1554 (global micro   300/4662, update   300/4662)  loss 0.6813  lr 9.91e-04
    step  325/1554 (global micro   325/4662, update   325/4662)  loss 0.6614  lr 9.89e-04
    step  350/1554 (global micro   350/4662, update   350/4662)  loss 0.7162  lr 9.88e-04
    step  375/1554 (global micro   375/4662, update   375/4662)  loss 0.6493  lr 9.86e-04
    step  400/1554 (global micro   400/4662, update   400/4662)  loss 0.7019  lr 9.84e-04
    step  425/1554 (global micro   425/4662, update   425/4662)  loss 0.6642  lr 9.82e-04
    step  450/1554 (global micro   450/4662, update   450/4662)  loss 0.6794  lr 9.79e-04
    step  475/1554 (global micro   475/4662, update   475/4662)  loss 0.6749  lr 9.77e-04
    step  500/1554 (global micro   500/4662, update   500/4662)  loss 0.6301  lr 9.75e-04
    step  525/1554 (global micro   525/4662, update   525/4662)  loss 0.7200  lr 9.72e-04
    step  550/1554 (global micro   550/4662, update   550/4662)  loss 0.7108  lr 9.69e-04
    step  575/1554 (global micro   575/4662, update   575/4662)  loss 0.7043  lr 9.67e-04
    step  600/1554 (global micro   600/4662, update   600/4662)  loss 0.8562  lr 9.64e-04
    step  625/1554 (global micro   625/4662, update   625/4662)  loss 0.6694  lr 9.61e-04
    step  650/1554 (global micro   650/4662, update   650/4662)  loss 0.6707  lr 9.58e-04
    step  675/1554 (global micro   675/4662, update   675/4662)  loss 0.6695  lr 9.54e-04
    step  700/1554 (global micro   700/4662, update   700/4662)  loss 0.6344  lr 9.51e-04
    step  725/1554 (global micro   725/4662, update   725/4662)  loss 0.5482  lr 9.47e-04
    step  750/1554 (global micro   750/4662, update   750/4662)  loss 0.5247  lr 9.44e-04
    step  775/1554 (global micro   775/4662, update   775/4662)  loss 0.6476  lr 9.40e-04
    step  800/1554 (global micro   800/4662, update   800/4662)  loss 0.6653  lr 9.36e-04
    step  825/1554 (global micro   825/4662, update   825/4662)  loss 0.6269  lr 9.32e-04
    step  850/1554 (global micro   850/4662, update   850/4662)  loss 0.6719  lr 9.28e-04
    step  875/1554 (global micro   875/4662, update   875/4662)  loss 0.6547  lr 9.24e-04
    step  900/1554 (global micro   900/4662, update   900/4662)  loss 0.6239  lr 9.20e-04
    step  925/1554 (global micro   925/4662, update   925/4662)  loss 0.6156  lr 9.15e-04
    step  950/1554 (global micro   950/4662, update   950/4662)  loss 0.6512  lr 9.11e-04
    step  975/1554 (global micro   975/4662, update   975/4662)  loss 0.5595  lr 9.06e-04
    step 1000/1554 (global micro  1000/4662, update  1000/4662)  loss 0.6626  lr 9.02e-04
    step 1025/1554 (global micro  1025/4662, update  1025/4662)  loss 0.6052  lr 8.97e-04
    step 1050/1554 (global micro  1050/4662, update  1050/4662)  loss 0.7048  lr 8.92e-04
    step 1075/1554 (global micro  1075/4662, update  1075/4662)  loss 0.7107  lr 8.87e-04
    step 1100/1554 (global micro  1100/4662, update  1100/4662)  loss 0.7197  lr 8.82e-04
    step 1125/1554 (global micro  1125/4662, update  1125/4662)  loss 0.6328  lr 8.77e-04
    step 1150/1554 (global micro  1150/4662, update  1150/4662)  loss 0.6857  lr 8.72e-04
    step 1175/1554 (global micro  1175/4662, update  1175/4662)  loss 0.6169  lr 8.66e-04
    step 1200/1554 (global micro  1200/4662, update  1200/4662)  loss 0.6014  lr 8.61e-04
    step 1225/1554 (global micro  1225/4662, update  1225/4662)  loss 0.7379  lr 8.55e-04
    step 1250/1554 (global micro  1250/4662, update  1250/4662)  loss 0.5869  lr 8.50e-04
    step 1275/1554 (global micro  1275/4662, update  1275/4662)  loss 0.5761  lr 8.44e-04
    step 1300/1554 (global micro  1300/4662, update  1300/4662)  loss 0.7416  lr 8.38e-04
    step 1325/1554 (global micro  1325/4662, update  1325/4662)  loss 0.7160  lr 8.32e-04
    step 1350/1554 (global micro  1350/4662, update  1350/4662)  loss 0.5116  lr 8.26e-04
    step 1375/1554 (global micro  1375/4662, update  1375/4662)  loss 0.7532  lr 8.20e-04
    step 1400/1554 (global micro  1400/4662, update  1400/4662)  loss 0.6253  lr 8.14e-04
    step 1425/1554 (global micro  1425/4662, update  1425/4662)  loss 0.5458  lr 8.08e-04
    step 1450/1554 (global micro  1450/4662, update  1450/4662)  loss 0.6298  lr 8.02e-04
    step 1475/1554 (global micro  1475/4662, update  1475/4662)  loss 0.5708  lr 7.95e-04
    step 1500/1554 (global micro  1500/4662, update  1500/4662)  loss 0.7306  lr 7.89e-04
    step 1525/1554 (global micro  1525/4662, update  1525/4662)  loss 0.8174  lr 7.83e-04
    step 1550/1554 (global micro  1550/4662, update  1550/4662)  loss 0.7714  lr 7.76e-04
    step 1554/1554 (global micro  1554/4662, update  1554/4662)  loss 0.6363  lr 7.75e-04
  epoch   1/3  loss 0.6742  lr 7.75e-04  (584.2s)
  Epoch checkpoint: /home/aomukai/Ninereeds/core/c13_Phase_E_direct_e1.pt
    step    1/1554 (global micro  1555/4662, update  1555/4662)  loss 0.5043  lr 7.75e-04
    step   25/1554 (global micro  1579/4662, update  1579/4662)  loss 0.5529  lr 7.68e-04
    step   50/1554 (global micro  1604/4662, update  1604/4662)  loss 0.5929  lr 7.62e-04
    step   75/1554 (global micro  1629/4662, update  1629/4662)  loss 0.4862  lr 7.55e-04
    step  100/1554 (global micro  1654/4662, update  1654/4662)  loss 0.5797  lr 7.48e-04
    step  125/1554 (global micro  1679/4662, update  1679/4662)  loss 0.5169  lr 7.41e-04
    step  150/1554 (global micro  1704/4662, update  1704/4662)  loss 0.7075  lr 7.35e-04
    step  175/1554 (global micro  1729/4662, update  1729/4662)  loss 0.4850  lr 7.28e-04
    step  200/1554 (global micro  1754/4662, update  1754/4662)  loss 0.6015  lr 7.21e-04
    step  225/1554 (global micro  1779/4662, update  1779/4662)  loss 0.4521  lr 7.14e-04
    step  250/1554 (global micro  1804/4662, update  1804/4662)  loss 0.4852  lr 7.06e-04
    step  275/1554 (global micro  1829/4662, update  1829/4662)  loss 0.5884  lr 6.99e-04
    step  300/1554 (global micro  1854/4662, update  1854/4662)  loss 0.5689  lr 6.92e-04
    step  325/1554 (global micro  1879/4662, update  1879/4662)  loss 0.5112  lr 6.85e-04
    step  350/1554 (global micro  1904/4662, update  1904/4662)  loss 0.5542  lr 6.78e-04
    step  375/1554 (global micro  1929/4662, update  1929/4662)  loss 0.5921  lr 6.70e-04
    step  400/1554 (global micro  1954/4662, update  1954/4662)  loss 0.5226  lr 6.63e-04
    step  425/1554 (global micro  1979/4662, update  1979/4662)  loss 0.5673  lr 6.56e-04
    step  450/1554 (global micro  2004/4662, update  2004/4662)  loss 0.5825  lr 6.48e-04
    step  475/1554 (global micro  2029/4662, update  2029/4662)  loss 0.5968  lr 6.41e-04
    step  500/1554 (global micro  2054/4662, update  2054/4662)  loss 0.6161  lr 6.34e-04
    step  525/1554 (global micro  2079/4662, update  2079/4662)  loss 0.5060  lr 6.26e-04
    step  550/1554 (global micro  2104/4662, update  2104/4662)  loss 0.4945  lr 6.19e-04
    step  575/1554 (global micro  2129/4662, update  2129/4662)  loss 0.5372  lr 6.11e-04
    step  600/1554 (global micro  2154/4662, update  2154/4662)  loss 0.6444  lr 6.04e-04
    step  625/1554 (global micro  2179/4662, update  2179/4662)  loss 0.5503  lr 5.96e-04
    step  650/1554 (global micro  2204/4662, update  2204/4662)  loss 0.5343  lr 5.88e-04
    step  675/1554 (global micro  2229/4662, update  2229/4662)  loss 0.5975  lr 5.81e-04
    step  700/1554 (global micro  2254/4662, update  2254/4662)  loss 0.6356  lr 5.73e-04
    step  725/1554 (global micro  2279/4662, update  2279/4662)  loss 0.5193  lr 5.66e-04
    step  750/1554 (global micro  2304/4662, update  2304/4662)  loss 0.5003  lr 5.58e-04
    step  775/1554 (global micro  2329/4662, update  2329/4662)  loss 0.6096  lr 5.51e-04
    step  800/1554 (global micro  2354/4662, update  2354/4662)  loss 0.6452  lr 5.43e-04
    step  825/1554 (global micro  2379/4662, update  2379/4662)  loss 0.5901  lr 5.35e-04
    step  850/1554 (global micro  2404/4662, update  2404/4662)  loss 0.5851  lr 5.28e-04
    step  875/1554 (global micro  2429/4662, update  2429/4662)  loss 0.6317  lr 5.20e-04
    step  900/1554 (global micro  2454/4662, update  2454/4662)  loss 0.5331  lr 5.13e-04
    step  925/1554 (global micro  2479/4662, update  2479/4662)  loss 0.5390  lr 5.05e-04
    step  950/1554 (global micro  2504/4662, update  2504/4662)  loss 0.5314  lr 4.98e-04
    step  975/1554 (global micro  2529/4662, update  2529/4662)  loss 0.5531  lr 4.90e-04
    step 1000/1554 (global micro  2554/4662, update  2554/4662)  loss 0.4983  lr 4.83e-04
    step 1025/1554 (global micro  2579/4662, update  2579/4662)  loss 0.6326  lr 4.75e-04
    step 1050/1554 (global micro  2604/4662, update  2604/4662)  loss 0.5444  lr 4.68e-04
    step 1075/1554 (global micro  2629/4662, update  2629/4662)  loss 0.5187  lr 4.60e-04
    step 1100/1554 (global micro  2654/4662, update  2654/4662)  loss 0.6000  lr 4.53e-04
    step 1125/1554 (global micro  2679/4662, update  2679/4662)  loss 0.4781  lr 4.45e-04
    step 1150/1554 (global micro  2704/4662, update  2704/4662)  loss 0.5733  lr 4.38e-04
    step 1175/1554 (global micro  2729/4662, update  2729/4662)  loss 0.5544  lr 4.31e-04
    step 1200/1554 (global micro  2754/4662, update  2754/4662)  loss 0.5504  lr 4.23e-04
    step 1225/1554 (global micro  2779/4662, update  2779/4662)  loss 0.5874  lr 4.16e-04
    step 1250/1554 (global micro  2804/4662, update  2804/4662)  loss 0.4527  lr 4.09e-04
    step 1275/1554 (global micro  2829/4662, update  2829/4662)  loss 0.5537  lr 4.02e-04
    step 1300/1554 (global micro  2854/4662, update  2854/4662)  loss 0.5732  lr 3.95e-04
    step 1325/1554 (global micro  2879/4662, update  2879/4662)  loss 0.5214  lr 3.88e-04
    step 1350/1554 (global micro  2904/4662, update  2904/4662)  loss 0.4680  lr 3.81e-04
    step 1375/1554 (global micro  2929/4662, update  2929/4662)  loss 0.4646  lr 3.74e-04
    step 1400/1554 (global micro  2954/4662, update  2954/4662)  loss 0.5063  lr 3.67e-04
    step 1425/1554 (global micro  2979/4662, update  2979/4662)  loss 0.5204  lr 3.60e-04
    step 1450/1554 (global micro  3004/4662, update  3004/4662)  loss 0.5093  lr 3.53e-04
    step 1475/1554 (global micro  3029/4662, update  3029/4662)  loss 0.5149  lr 3.46e-04
    step 1500/1554 (global micro  3054/4662, update  3054/4662)  loss 0.5775  lr 3.39e-04
    step 1525/1554 (global micro  3079/4662, update  3079/4662)  loss 0.4718  lr 3.33e-04
    step 1550/1554 (global micro  3104/4662, update  3104/4662)  loss 0.6340  lr 3.26e-04
    step 1554/1554 (global micro  3108/4662, update  3108/4662)  loss 0.6217  lr 3.25e-04
  epoch   2/3  loss 0.5647  lr 3.25e-04  (583.9s)
  Epoch checkpoint: /home/aomukai/Ninereeds/core/c13_Phase_E_direct_e2.pt
    step    1/1554 (global micro  3109/4662, update  3109/4662)  loss 0.4421  lr 3.25e-04
    step   25/1554 (global micro  3133/4662, update  3133/4662)  loss 0.5110  lr 3.18e-04
    step   50/1554 (global micro  3158/4662, update  3158/4662)  loss 0.4538  lr 3.12e-04
    step   75/1554 (global micro  3183/4662, update  3183/4662)  loss 0.4446  lr 3.06e-04
    step  100/1554 (global micro  3208/4662, update  3208/4662)  loss 0.4521  lr 2.99e-04
    step  125/1554 (global micro  3233/4662, update  3233/4662)  loss 0.5104  lr 2.93e-04
    step  150/1554 (global micro  3258/4662, update  3258/4662)  loss 0.4843  lr 2.87e-04
    step  175/1554 (global micro  3283/4662, update  3283/4662)  loss 0.3525  lr 2.81e-04
    step  200/1554 (global micro  3308/4662, update  3308/4662)  loss 0.5400  lr 2.75e-04
    step  225/1554 (global micro  3333/4662, update  3333/4662)  loss 0.5059  lr 2.69e-04
    step  250/1554 (global micro  3358/4662, update  3358/4662)  loss 0.4610  lr 2.63e-04
    step  275/1554 (global micro  3383/4662, update  3383/4662)  loss 0.4802  lr 2.57e-04
    step  300/1554 (global micro  3408/4662, update  3408/4662)  loss 0.5130  lr 2.51e-04
    step  325/1554 (global micro  3433/4662, update  3433/4662)  loss 0.4837  lr 2.46e-04
    step  350/1554 (global micro  3458/4662, update  3458/4662)  loss 0.4196  lr 2.40e-04
    step  375/1554 (global micro  3483/4662, update  3483/4662)  loss 0.4001  lr 2.35e-04
    step  400/1554 (global micro  3508/4662, update  3508/4662)  loss 0.4129  lr 2.29e-04
    step  425/1554 (global micro  3533/4662, update  3533/4662)  loss 0.3959  lr 2.24e-04
    step  450/1554 (global micro  3558/4662, update  3558/4662)  loss 0.4325  lr 2.19e-04
    step  475/1554 (global micro  3583/4662, update  3583/4662)  loss 0.4459  lr 2.14e-04
    step  500/1554 (global micro  3608/4662, update  3608/4662)  loss 0.4712  lr 2.09e-04
    step  525/1554 (global micro  3633/4662, update  3633/4662)  loss 0.4209  lr 2.04e-04
    step  550/1554 (global micro  3658/4662, update  3658/4662)  loss 0.5109  lr 1.99e-04
    step  575/1554 (global micro  3683/4662, update  3683/4662)  loss 0.4635  lr 1.94e-04
    step  600/1554 (global micro  3708/4662, update  3708/4662)  loss 0.4630  lr 1.90e-04
    step  625/1554 (global micro  3733/4662, update  3733/4662)  loss 0.4336  lr 1.85e-04
    step  650/1554 (global micro  3758/4662, update  3758/4662)  loss 0.4833  lr 1.81e-04
    step  675/1554 (global micro  3783/4662, update  3783/4662)  loss 0.3988  lr 1.77e-04
    step  700/1554 (global micro  3808/4662, update  3808/4662)  loss 0.5069  lr 1.72e-04
    step  725/1554 (global micro  3833/4662, update  3833/4662)  loss 0.4110  lr 1.68e-04
    step  750/1554 (global micro  3858/4662, update  3858/4662)  loss 0.4878  lr 1.64e-04
    step  775/1554 (global micro  3883/4662, update  3883/4662)  loss 0.4719  lr 1.61e-04
    step  800/1554 (global micro  3908/4662, update  3908/4662)  loss 0.4856  lr 1.57e-04
    step  825/1554 (global micro  3933/4662, update  3933/4662)  loss 0.4372  lr 1.53e-04
    step  850/1554 (global micro  3958/4662, update  3958/4662)  loss 0.4201  lr 1.50e-04
    step  875/1554 (global micro  3983/4662, update  3983/4662)  loss 0.3633  lr 1.46e-04
    step  900/1554 (global micro  4008/4662, update  4008/4662)  loss 0.5151  lr 1.43e-04
    step  925/1554 (global micro  4033/4662, update  4033/4662)  loss 0.4896  lr 1.40e-04
    step  950/1554 (global micro  4058/4662, update  4058/4662)  loss 0.4676  lr 1.37e-04
    step  975/1554 (global micro  4083/4662, update  4083/4662)  loss 0.4929  lr 1.34e-04
    step 1000/1554 (global micro  4108/4662, update  4108/4662)  loss 0.4723  lr 1.31e-04
    step 1025/1554 (global micro  4133/4662, update  4133/4662)  loss 0.4651  lr 1.28e-04
    step 1050/1554 (global micro  4158/4662, update  4158/4662)  loss 0.4393  lr 1.26e-04
    step 1075/1554 (global micro  4183/4662, update  4183/4662)  loss 0.4443  lr 1.23e-04
    step 1100/1554 (global micro  4208/4662, update  4208/4662)  loss 0.4018  lr 1.21e-04
    step 1125/1554 (global micro  4233/4662, update  4233/4662)  loss 0.4691  lr 1.19e-04
    step 1150/1554 (global micro  4258/4662, update  4258/4662)  loss 0.5166  lr 1.17e-04
    step 1175/1554 (global micro  4283/4662, update  4283/4662)  loss 0.5432  lr 1.15e-04
    step 1200/1554 (global micro  4308/4662, update  4308/4662)  loss 0.4789  lr 1.13e-04
    step 1225/1554 (global micro  4333/4662, update  4333/4662)  loss 0.4493  lr 1.11e-04
    step 1250/1554 (global micro  4358/4662, update  4358/4662)  loss 0.4415  lr 1.09e-04
    step 1275/1554 (global micro  4383/4662, update  4383/4662)  loss 0.4522  lr 1.08e-04
    step 1300/1554 (global micro  4408/4662, update  4408/4662)  loss 0.4609  lr 1.07e-04
    step 1325/1554 (global micro  4433/4662, update  4433/4662)  loss 0.4770  lr 1.05e-04
    step 1350/1554 (global micro  4458/4662, update  4458/4662)  loss 0.4567  lr 1.04e-04
    step 1375/1554 (global micro  4483/4662, update  4483/4662)  loss 0.4893  lr 1.03e-04
    step 1400/1554 (global micro  4508/4662, update  4508/4662)  loss 0.3949  lr 1.02e-04
    step 1425/1554 (global micro  4533/4662, update  4533/4662)  loss 0.4499  lr 1.02e-04
    step 1450/1554 (global micro  4558/4662, update  4558/4662)  loss 0.3702  lr 1.01e-04
    step 1475/1554 (global micro  4583/4662, update  4583/4662)  loss 0.4552  lr 1.01e-04
    step 1500/1554 (global micro  4608/4662, update  4608/4662)  loss 0.4894  lr 1.00e-04
    step 1525/1554 (global micro  4633/4662, update  4633/4662)  loss 0.4403  lr 1.00e-04
    step 1550/1554 (global micro  4658/4662, update  4658/4662)  loss 0.5211  lr 1.00e-04
    step 1554/1554 (global micro  4662/4662, update  4662/4662)  loss 0.5230  lr 1.00e-04
  epoch   3/3  loss 0.4649  lr 1.00e-04  (583.9s)
  Epoch checkpoint: /home/aomukai/Ninereeds/core/c13_Phase_E_direct_e3.pt

  Best loss: 0.4649
  Checkpoint saved: /home/aomukai/Ninereeds/core/c13_Phase_E_direct.pt

