  Training audit: PASSED
  Python: /home/aomukai/.unsloth/studio/unsloth_studio/bin/python
  Device: cuda
  Phase: 0
  Seed: 1337
  Data order: seeded-shuffle
  Resume checkpoint: /home/aomukai/Ninereeds/checkpoints/c13_Phase_C_winner.pt

============================================================
  BDH Phase 0 Training
============================================================
  Data files: ['/home/aomukai/Ninereeds/training/corpus/campaign_13_phase_D.txt']
  Total bytes: 3,617,436
  Pre-loading corpus tensor...
  Corpus tensor: 3,617,436 tokens
  Model: small-25m (25.3M params)
  Resuming from: /home/aomukai/Ninereeds/checkpoints/c13_Phase_C_winner.pt
  Seed: 1337  |  Deterministic: enabled  |  Data order: seeded-shuffle
  Epochs: 5  |  Windows/epoch: 14130  |  Micro-steps/epoch: 3533  |  Optimizer updates/epoch: 3533  |  Total optimizer updates: 17665  |  LR: 0.001
  Block size: 256  |  Batch size: 4
  Grad accumulation: 1
  AMP bf16: enabled
  Data mode: phase_text
  VRAM logging: disabled
  Log interval: every 25 step(s)
  Output: /home/aomukai/Ninereeds/core/c13_Phase_D_ext_p1.pt

    step    1/3533 (global micro     1/17665, update     1/17665)  loss 0.5887  lr 1.00e-03
    step   25/3533 (global micro    25/17665, update    25/17665)  loss 0.7223  lr 1.00e-03
    step   50/3533 (global micro    50/17665, update    50/17665)  loss 0.7534  lr 1.00e-03
    step   75/3533 (global micro    75/17665, update    75/17665)  loss 0.7616  lr 1.00e-03
    step  100/3533 (global micro   100/17665, update   100/17665)  loss 0.7117  lr 1.00e-03
    step  125/3533 (global micro   125/17665, update   125/17665)  loss 0.6665  lr 1.00e-03
    step  150/3533 (global micro   150/17665, update   150/17665)  loss 0.7614  lr 1.00e-03
    step  175/3533 (global micro   175/17665, update   175/17665)  loss 0.7946  lr 1.00e-03
    step  200/3533 (global micro   200/17665, update   200/17665)  loss 0.8711  lr 1.00e-03
    step  225/3533 (global micro   225/17665, update   225/17665)  loss 0.7105  lr 1.00e-03
    step  250/3533 (global micro   250/17665, update   250/17665)  loss 0.7717  lr 1.00e-03
    step  275/3533 (global micro   275/17665, update   275/17665)  loss 0.8025  lr 9.99e-04
    step  300/3533 (global micro   300/17665, update   300/17665)  loss 0.8023  lr 9.99e-04
    step  325/3533 (global micro   325/17665, update   325/17665)  loss 0.9930  lr 9.99e-04
    step  350/3533 (global micro   350/17665, update   350/17665)  loss 0.9078  lr 9.99e-04
    step  375/3533 (global micro   375/17665, update   375/17665)  loss 0.8701  lr 9.99e-04
    step  400/3533 (global micro   400/17665, update   400/17665)  loss 0.7429  lr 9.99e-04
    step  425/3533 (global micro   425/17665, update   425/17665)  loss 0.6208  lr 9.99e-04
    step  450/3533 (global micro   450/17665, update   450/17665)  loss 0.6772  lr 9.99e-04
    step  475/3533 (global micro   475/17665, update   475/17665)  loss 0.8432  lr 9.98e-04
    step  500/3533 (global micro   500/17665, update   500/17665)  loss 0.7049  lr 9.98e-04
    step  525/3533 (global micro   525/17665, update   525/17665)  loss 0.8617  lr 9.98e-04
    step  550/3533 (global micro   550/17665, update   550/17665)  loss 0.9032  lr 9.98e-04
    step  575/3533 (global micro   575/17665, update   575/17665)  loss 0.4199  lr 9.98e-04
    step  600/3533 (global micro   600/17665, update   600/17665)  loss 0.7460  lr 9.97e-04
    step  625/3533 (global micro   625/17665, update   625/17665)  loss 0.9529  lr 9.97e-04
    step  650/3533 (global micro   650/17665, update   650/17665)  loss 0.7262  lr 9.97e-04
    step  675/3533 (global micro   675/17665, update   675/17665)  loss 0.6204  lr 9.97e-04
    step  700/3533 (global micro   700/17665, update   700/17665)  loss 0.7561  lr 9.97e-04
    step  725/3533 (global micro   725/17665, update   725/17665)  loss 0.6921  lr 9.96e-04
    step  750/3533 (global micro   750/17665, update   750/17665)  loss 0.8253  lr 9.96e-04
    step  775/3533 (global micro   775/17665, update   775/17665)  loss 0.7705  lr 9.96e-04
    step  800/3533 (global micro   800/17665, update   800/17665)  loss 0.6955  lr 9.95e-04
    step  825/3533 (global micro   825/17665, update   825/17665)  loss 0.6020  lr 9.95e-04
    step  850/3533 (global micro   850/17665, update   850/17665)  loss 0.6755  lr 9.95e-04
    step  875/3533 (global micro   875/17665, update   875/17665)  loss 0.8927  lr 9.95e-04
    step  900/3533 (global micro   900/17665, update   900/17665)  loss 0.9628  lr 9.94e-04
    step  925/3533 (global micro   925/17665, update   925/17665)  loss 0.7907  lr 9.94e-04
    step  950/3533 (global micro   950/17665, update   950/17665)  loss 0.7015  lr 9.94e-04
    step  975/3533 (global micro   975/17665, update   975/17665)  loss 0.9589  lr 9.93e-04
    step 1000/3533 (global micro  1000/17665, update  1000/17665)  loss 0.6470  lr 9.93e-04
    step 1025/3533 (global micro  1025/17665, update  1025/17665)  loss 0.7084  lr 9.93e-04
    step 1050/3533 (global micro  1050/17665, update  1050/17665)  loss 0.6535  lr 9.92e-04
    step 1075/3533 (global micro  1075/17665, update  1075/17665)  loss 0.7441  lr 9.92e-04
    step 1100/3533 (global micro  1100/17665, update  1100/17665)  loss 0.7894  lr 9.91e-04
    step 1125/3533 (global micro  1125/17665, update  1125/17665)  loss 0.7985  lr 9.91e-04
    step 1150/3533 (global micro  1150/17665, update  1150/17665)  loss 0.6932  lr 9.91e-04
    step 1175/3533 (global micro  1175/17665, update  1175/17665)  loss 0.7080  lr 9.90e-04
    step 1200/3533 (global micro  1200/17665, update  1200/17665)  loss 0.6859  lr 9.90e-04
    step 1225/3533 (global micro  1225/17665, update  1225/17665)  loss 0.6004  lr 9.89e-04
    step 1250/3533 (global micro  1250/17665, update  1250/17665)  loss 0.5741  lr 9.89e-04
    step 1275/3533 (global micro  1275/17665, update  1275/17665)  loss 0.6583  lr 9.88e-04
    step 1300/3533 (global micro  1300/17665, update  1300/17665)  loss 0.7424  lr 9.88e-04
    step 1325/3533 (global micro  1325/17665, update  1325/17665)  loss 0.7393  lr 9.88e-04
    step 1350/3533 (global micro  1350/17665, update  1350/17665)  loss 0.6163  lr 9.87e-04
    step 1375/3533 (global micro  1375/17665, update  1375/17665)  loss 0.7667  lr 9.87e-04
    step 1400/3533 (global micro  1400/17665, update  1400/17665)  loss 0.6646  lr 9.86e-04
    step 1425/3533 (global micro  1425/17665, update  1425/17665)  loss 0.6955  lr 9.86e-04
    step 1450/3533 (global micro  1450/17665, update  1450/17665)  loss 0.6708  lr 9.85e-04
    step 1475/3533 (global micro  1475/17665, update  1475/17665)  loss 0.8362  lr 9.85e-04
    step 1500/3533 (global micro  1500/17665, update  1500/17665)  loss 0.7820  lr 9.84e-04
    step 1525/3533 (global micro  1525/17665, update  1525/17665)  loss 0.6693  lr 9.84e-04
    step 1550/3533 (global micro  1550/17665, update  1550/17665)  loss 0.8342  lr 9.83e-04
    step 1575/3533 (global micro  1575/17665, update  1575/17665)  loss 0.6453  lr 9.82e-04
    step 1600/3533 (global micro  1600/17665, update  1600/17665)  loss 0.7318  lr 9.82e-04
    step 1625/3533 (global micro  1625/17665, update  1625/17665)  loss 0.5843  lr 9.81e-04
    step 1650/3533 (global micro  1650/17665, update  1650/17665)  loss 0.7345  lr 9.81e-04
    step 1675/3533 (global micro  1675/17665, update  1675/17665)  loss 0.8220  lr 9.80e-04
    step 1700/3533 (global micro  1700/17665, update  1700/17665)  loss 0.9255  lr 9.80e-04
    step 1725/3533 (global micro  1725/17665, update  1725/17665)  loss 0.5806  lr 9.79e-04
    step 1750/3533 (global micro  1750/17665, update  1750/17665)  loss 0.6023  lr 9.78e-04
    step 1775/3533 (global micro  1775/17665, update  1775/17665)  loss 0.6662  lr 9.78e-04
    step 1800/3533 (global micro  1800/17665, update  1800/17665)  loss 0.8066  lr 9.77e-04
    step 1825/3533 (global micro  1825/17665, update  1825/17665)  loss 0.7572  lr 9.77e-04
    step 1850/3533 (global micro  1850/17665, update  1850/17665)  loss 0.7618  lr 9.76e-04
    step 1875/3533 (global micro  1875/17665, update  1875/17665)  loss 0.7182  lr 9.75e-04
    step 1900/3533 (global micro  1900/17665, update  1900/17665)  loss 0.8142  lr 9.75e-04
    step 1925/3533 (global micro  1925/17665, update  1925/17665)  loss 0.7676  lr 9.74e-04
    step 1950/3533 (global micro  1950/17665, update  1950/17665)  loss 0.7410  lr 9.73e-04
    step 1975/3533 (global micro  1975/17665, update  1975/17665)  loss 0.7632  lr 9.73e-04
    step 2000/3533 (global micro  2000/17665, update  2000/17665)  loss 0.5950  lr 9.72e-04
    step 2025/3533 (global micro  2025/17665, update  2025/17665)  loss 0.5623  lr 9.71e-04
    step 2050/3533 (global micro  2050/17665, update  2050/17665)  loss 0.8365  lr 9.70e-04
    step 2075/3533 (global micro  2075/17665, update  2075/17665)  loss 0.7724  lr 9.70e-04
    step 2100/3533 (global micro  2100/17665, update  2100/17665)  loss 0.6482  lr 9.69e-04
    step 2125/3533 (global micro  2125/17665, update  2125/17665)  loss 0.8937  lr 9.68e-04
    step 2150/3533 (global micro  2150/17665, update  2150/17665)  loss 0.5266  lr 9.68e-04
    step 2175/3533 (global micro  2175/17665, update  2175/17665)  loss 0.7871  lr 9.67e-04
    step 2200/3533 (global micro  2200/17665, update  2200/17665)  loss 0.6563  lr 9.66e-04
    step 2225/3533 (global micro  2225/17665, update  2225/17665)  loss 0.5662  lr 9.65e-04
    step 2250/3533 (global micro  2250/17665, update  2250/17665)  loss 0.7935  lr 9.64e-04
    step 2275/3533 (global micro  2275/17665, update  2275/17665)  loss 0.6942  lr 9.64e-04
    step 2300/3533 (global micro  2300/17665, update  2300/17665)  loss 0.6056  lr 9.63e-04
    step 2325/3533 (global micro  2325/17665, update  2325/17665)  loss 0.7568  lr 9.62e-04
    step 2350/3533 (global micro  2350/17665, update  2350/17665)  loss 0.8492  lr 9.61e-04
    step 2375/3533 (global micro  2375/17665, update  2375/17665)  loss 0.6710  lr 9.60e-04
    step 2400/3533 (global micro  2400/17665, update  2400/17665)  loss 0.8348  lr 9.60e-04
    step 2425/3533 (global micro  2425/17665, update  2425/17665)  loss 0.6011  lr 9.59e-04
    step 2450/3533 (global micro  2450/17665, update  2450/17665)  loss 0.7132  lr 9.58e-04
    step 2475/3533 (global micro  2475/17665, update  2475/17665)  loss 0.5753  lr 9.57e-04
    step 2500/3533 (global micro  2500/17665, update  2500/17665)  loss 0.9605  lr 9.56e-04
    step 2525/3533 (global micro  2525/17665, update  2525/17665)  loss 0.6056  lr 9.55e-04
    step 2550/3533 (global micro  2550/17665, update  2550/17665)  loss 0.6628  lr 9.55e-04
    step 2575/3533 (global micro  2575/17665, update  2575/17665)  loss 0.5405  lr 9.54e-04
    step 2600/3533 (global micro  2600/17665, update  2600/17665)  loss 0.7150  lr 9.53e-04
    step 2625/3533 (global micro  2625/17665, update  2625/17665)  loss 0.6464  lr 9.52e-04
    step 2650/3533 (global micro  2650/17665, update  2650/17665)  loss 0.6253  lr 9.51e-04
    step 2675/3533 (global micro  2675/17665, update  2675/17665)  loss 0.7181  lr 9.50e-04
    step 2700/3533 (global micro  2700/17665, update  2700/17665)  loss 0.6194  lr 9.49e-04
    step 2725/3533 (global micro  2725/17665, update  2725/17665)  loss 0.7011  lr 9.48e-04
    step 2750/3533 (global micro  2750/17665, update  2750/17665)  loss 0.8018  lr 9.47e-04
    step 2775/3533 (global micro  2775/17665, update  2775/17665)  loss 0.8093  lr 9.46e-04
    step 2800/3533 (global micro  2800/17665, update  2800/17665)  loss 0.6396  lr 9.45e-04
    step 2825/3533 (global micro  2825/17665, update  2825/17665)  loss 0.6045  lr 9.44e-04
    step 2850/3533 (global micro  2850/17665, update  2850/17665)  loss 0.6599  lr 9.43e-04
    step 2875/3533 (global micro  2875/17665, update  2875/17665)  loss 0.7169  lr 9.42e-04
    step 2900/3533 (global micro  2900/17665, update  2900/17665)  loss 0.9829  lr 9.41e-04
    step 2925/3533 (global micro  2925/17665, update  2925/17665)  loss 0.6011  lr 9.40e-04
    step 2950/3533 (global micro  2950/17665, update  2950/17665)  loss 0.8497  lr 9.39e-04
    step 2975/3533 (global micro  2975/17665, update  2975/17665)  loss 0.5369  lr 9.38e-04
    step 3000/3533 (global micro  3000/17665, update  3000/17665)  loss 0.5866  lr 9.37e-04
    step 3025/3533 (global micro  3025/17665, update  3025/17665)  loss 0.6638  lr 9.36e-04
    step 3050/3533 (global micro  3050/17665, update  3050/17665)  loss 0.6115  lr 9.35e-04
    step 3075/3533 (global micro  3075/17665, update  3075/17665)  loss 0.5397  lr 9.34e-04
    step 3100/3533 (global micro  3100/17665, update  3100/17665)  loss 0.5484  lr 9.33e-04
    step 3125/3533 (global micro  3125/17665, update  3125/17665)  loss 0.6588  lr 9.32e-04
    step 3150/3533 (global micro  3150/17665, update  3150/17665)  loss 0.5243  lr 9.31e-04
    step 3175/3533 (global micro  3175/17665, update  3175/17665)  loss 0.7699  lr 9.30e-04
    step 3200/3533 (global micro  3200/17665, update  3200/17665)  loss 0.7446  lr 9.29e-04
    step 3225/3533 (global micro  3225/17665, update  3225/17665)  loss 0.7184  lr 9.28e-04
    step 3250/3533 (global micro  3250/17665, update  3250/17665)  loss 0.9174  lr 9.27e-04
    step 3275/3533 (global micro  3275/17665, update  3275/17665)  loss 0.5926  lr 9.26e-04
    step 3300/3533 (global micro  3300/17665, update  3300/17665)  loss 0.7324  lr 9.25e-04
    step 3325/3533 (global micro  3325/17665, update  3325/17665)  loss 0.7216  lr 9.24e-04
    step 3350/3533 (global micro  3350/17665, update  3350/17665)  loss 0.7101  lr 9.22e-04
    step 3375/3533 (global micro  3375/17665, update  3375/17665)  loss 0.6175  lr 9.21e-04
    step 3400/3533 (global micro  3400/17665, update  3400/17665)  loss 0.6666  lr 9.20e-04
    step 3425/3533 (global micro  3425/17665, update  3425/17665)  loss 0.7490  lr 9.19e-04
    step 3450/3533 (global micro  3450/17665, update  3450/17665)  loss 0.7411  lr 9.18e-04
    step 3475/3533 (global micro  3475/17665, update  3475/17665)  loss 0.6517  lr 9.17e-04
    step 3500/3533 (global micro  3500/17665, update  3500/17665)  loss 0.5976  lr 9.16e-04
    step 3525/3533 (global micro  3525/17665, update  3525/17665)  loss 0.8385  lr 9.14e-04
    step 3533/3533 (global micro  3533/17665, update  3533/17665)  loss 0.7356  lr 9.14e-04
  epoch   1/5  loss 0.7109  lr 9.14e-04  (692.7s)
  Epoch checkpoint: /home/aomukai/Ninereeds/core/c13_Phase_D_ext_p1_e1.pt
    step    1/3533 (global micro  3534/17665, update  3534/17665)  loss 0.6951  lr 9.14e-04
    step   25/3533 (global micro  3558/17665, update  3558/17665)  loss 0.6207  lr 9.13e-04
    step   50/3533 (global micro  3583/17665, update  3583/17665)  loss 0.8036  lr 9.12e-04
    step   75/3533 (global micro  3608/17665, update  3608/17665)  loss 0.5035  lr 9.10e-04
    step  100/3533 (global micro  3633/17665, update  3633/17665)  loss 0.7489  lr 9.09e-04
    step  125/3533 (global micro  3658/17665, update  3658/17665)  loss 0.5170  lr 9.08e-04
    step  150/3533 (global micro  3683/17665, update  3683/17665)  loss 0.7916  lr 9.07e-04
    step  175/3533 (global micro  3708/17665, update  3708/17665)  loss 0.7951  lr 9.06e-04
    step  200/3533 (global micro  3733/17665, update  3733/17665)  loss 0.5891  lr 9.04e-04
    step  225/3533 (global micro  3758/17665, update  3758/17665)  loss 0.7150  lr 9.03e-04
    step  250/3533 (global micro  3783/17665, update  3783/17665)  loss 0.5501  lr 9.02e-04
    step  275/3533 (global micro  3808/17665, update  3808/17665)  loss 0.7504  lr 9.01e-04
    step  300/3533 (global micro  3833/17665, update  3833/17665)  loss 0.6338  lr 8.99e-04
    step  325/3533 (global micro  3858/17665, update  3858/17665)  loss 0.6382  lr 8.98e-04
    step  350/3533 (global micro  3883/17665, update  3883/17665)  loss 0.7573  lr 8.97e-04
    step  375/3533 (global micro  3908/17665, update  3908/17665)  loss 0.6235  lr 8.96e-04
    step  400/3533 (global micro  3933/17665, update  3933/17665)  loss 0.6983  lr 8.94e-04
    step  425/3533 (global micro  3958/17665, update  3958/17665)  loss 0.6116  lr 8.93e-04
    step  450/3533 (global micro  3983/17665, update  3983/17665)  loss 0.6636  lr 8.92e-04
    step  475/3533 (global micro  4008/17665, update  4008/17665)  loss 0.5308  lr 8.90e-04
    step  500/3533 (global micro  4033/17665, update  4033/17665)  loss 0.5797  lr 8.89e-04
    step  525/3533 (global micro  4058/17665, update  4058/17665)  loss 0.5823  lr 8.88e-04
    step  550/3533 (global micro  4083/17665, update  4083/17665)  loss 0.6860  lr 8.86e-04
    step  575/3533 (global micro  4108/17665, update  4108/17665)  loss 0.6124  lr 8.85e-04
    step  600/3533 (global micro  4133/17665, update  4133/17665)  loss 0.6208  lr 8.84e-04
    step  625/3533 (global micro  4158/17665, update  4158/17665)  loss 0.6165  lr 8.82e-04
    step  650/3533 (global micro  4183/17665, update  4183/17665)  loss 0.6863  lr 8.81e-04
    step  675/3533 (global micro  4208/17665, update  4208/17665)  loss 0.5131  lr 8.80e-04
    step  700/3533 (global micro  4233/17665, update  4233/17665)  loss 0.5499  lr 8.78e-04
    step  725/3533 (global micro  4258/17665, update  4258/17665)  loss 0.6580  lr 8.77e-04
    step  750/3533 (global micro  4283/17665, update  4283/17665)  loss 0.7144  lr 8.76e-04
    step  775/3533 (global micro  4308/17665, update  4308/17665)  loss 0.6254  lr 8.74e-04
    step  800/3533 (global micro  4333/17665, update  4333/17665)  loss 0.7802  lr 8.73e-04
    step  825/3533 (global micro  4358/17665, update  4358/17665)  loss 0.7852  lr 8.71e-04
    step  850/3533 (global micro  4383/17665, update  4383/17665)  loss 0.7923  lr 8.70e-04
    step  875/3533 (global micro  4408/17665, update  4408/17665)  loss 0.7352  lr 8.69e-04
    step  900/3533 (global micro  4433/17665, update  4433/17665)  loss 0.5377  lr 8.67e-04
    step  925/3533 (global micro  4458/17665, update  4458/17665)  loss 0.6286  lr 8.66e-04
    step  950/3533 (global micro  4483/17665, update  4483/17665)  loss 0.7446  lr 8.64e-04
    step  975/3533 (global micro  4508/17665, update  4508/17665)  loss 0.8649  lr 8.63e-04
    step 1000/3533 (global micro  4533/17665, update  4533/17665)  loss 0.6869  lr 8.62e-04
    step 1025/3533 (global micro  4558/17665, update  4558/17665)  loss 0.8779  lr 8.60e-04
    step 1050/3533 (global micro  4583/17665, update  4583/17665)  loss 0.6917  lr 8.59e-04
    step 1075/3533 (global micro  4608/17665, update  4608/17665)  loss 0.6312  lr 8.57e-04
    step 1100/3533 (global micro  4633/17665, update  4633/17665)  loss 0.6167  lr 8.56e-04
    step 1125/3533 (global micro  4658/17665, update  4658/17665)  loss 0.6853  lr 8.54e-04
    step 1150/3533 (global micro  4683/17665, update  4683/17665)  loss 0.7030  lr 8.53e-04
    step 1175/3533 (global micro  4708/17665, update  4708/17665)  loss 0.6213  lr 8.51e-04
    step 1200/3533 (global micro  4733/17665, update  4733/17665)  loss 0.5722  lr 8.50e-04
    step 1225/3533 (global micro  4758/17665, update  4758/17665)  loss 0.7588  lr 8.48e-04
    step 1250/3533 (global micro  4783/17665, update  4783/17665)  loss 0.5711  lr 8.47e-04
    step 1275/3533 (global micro  4808/17665, update  4808/17665)  loss 0.4534  lr 8.45e-04
    step 1300/3533 (global micro  4833/17665, update  4833/17665)  loss 0.4663  lr 8.44e-04
    step 1325/3533 (global micro  4858/17665, update  4858/17665)  loss 0.6754  lr 8.42e-04
    step 1350/3533 (global micro  4883/17665, update  4883/17665)  loss 0.7229  lr 8.41e-04
    step 1375/3533 (global micro  4908/17665, update  4908/17665)  loss 0.5502  lr 8.39e-04
    step 1400/3533 (global micro  4933/17665, update  4933/17665)  loss 0.7093  lr 8.38e-04
    step 1425/3533 (global micro  4958/17665, update  4958/17665)  loss 0.6177  lr 8.36e-04
    step 1450/3533 (global micro  4983/17665, update  4983/17665)  loss 0.6250  lr 8.35e-04
    step 1475/3533 (global micro  5008/17665, update  5008/17665)  loss 0.5487  lr 8.33e-04
    step 1500/3533 (global micro  5033/17665, update  5033/17665)  loss 0.7203  lr 8.31e-04
    step 1525/3533 (global micro  5058/17665, update  5058/17665)  loss 0.6090  lr 8.30e-04
    step 1550/3533 (global micro  5083/17665, update  5083/17665)  loss 0.5821  lr 8.28e-04
    step 1575/3533 (global micro  5108/17665, update  5108/17665)  loss 0.6499  lr 8.27e-04
    step 1600/3533 (global micro  5133/17665, update  5133/17665)  loss 0.7230  lr 8.25e-04
    step 1625/3533 (global micro  5158/17665, update  5158/17665)  loss 0.7011  lr 8.24e-04
    step 1650/3533 (global micro  5183/17665, update  5183/17665)  loss 0.5992  lr 8.22e-04
    step 1675/3533 (global micro  5208/17665, update  5208/17665)  loss 0.6900  lr 8.20e-04
    step 1700/3533 (global micro  5233/17665, update  5233/17665)  loss 0.6364  lr 8.19e-04
    step 1725/3533 (global micro  5258/17665, update  5258/17665)  loss 0.6777  lr 8.17e-04
    step 1750/3533 (global micro  5283/17665, update  5283/17665)  loss 0.7428  lr 8.16e-04
    step 1775/3533 (global micro  5308/17665, update  5308/17665)  loss 0.5846  lr 8.14e-04
    step 1800/3533 (global micro  5333/17665, update  5333/17665)  loss 0.6617  lr 8.12e-04
    step 1825/3533 (global micro  5358/17665, update  5358/17665)  loss 0.7252  lr 8.11e-04
    step 1850/3533 (global micro  5383/17665, update  5383/17665)  loss 0.4831  lr 8.09e-04
    step 1875/3533 (global micro  5408/17665, update  5408/17665)  loss 0.7103  lr 8.07e-04
    step 1900/3533 (global micro  5433/17665, update  5433/17665)  loss 0.6175  lr 8.06e-04
    step 1925/3533 (global micro  5458/17665, update  5458/17665)  loss 0.5529  lr 8.04e-04
    step 1950/3533 (global micro  5483/17665, update  5483/17665)  loss 0.5818  lr 8.02e-04
    step 1975/3533 (global micro  5508/17665, update  5508/17665)  loss 0.6104  lr 8.01e-04
    step 2000/3533 (global micro  5533/17665, update  5533/17665)  loss 0.6553  lr 7.99e-04
    step 2025/3533 (global micro  5558/17665, update  5558/17665)  loss 0.5082  lr 7.97e-04
    step 2050/3533 (global micro  5583/17665, update  5583/17665)  loss 0.4969  lr 7.96e-04
    step 2075/3533 (global micro  5608/17665, update  5608/17665)  loss 0.4419  lr 7.94e-04
    step 2100/3533 (global micro  5633/17665, update  5633/17665)  loss 0.4889  lr 7.92e-04
    step 2125/3533 (global micro  5658/17665, update  5658/17665)  loss 0.6444  lr 7.91e-04
    step 2150/3533 (global micro  5683/17665, update  5683/17665)  loss 0.5007  lr 7.89e-04
    step 2175/3533 (global micro  5708/17665, update  5708/17665)  loss 0.7222  lr 7.87e-04
    step 2200/3533 (global micro  5733/17665, update  5733/17665)  loss 0.6485  lr 7.86e-04
    step 2225/3533 (global micro  5758/17665, update  5758/17665)  loss 0.7076  lr 7.84e-04
    step 2250/3533 (global micro  5783/17665, update  5783/17665)  loss 0.6182  lr 7.82e-04
    step 2275/3533 (global micro  5808/17665, update  5808/17665)  loss 0.5644  lr 7.81e-04
    step 2300/3533 (global micro  5833/17665, update  5833/17665)  loss 0.5914  lr 7.79e-04
    step 2325/3533 (global micro  5858/17665, update  5858/17665)  loss 0.7322  lr 7.77e-04
    step 2350/3533 (global micro  5883/17665, update  5883/17665)  loss 0.5521  lr 7.75e-04
    step 2375/3533 (global micro  5908/17665, update  5908/17665)  loss 0.8121  lr 7.74e-04
    step 2400/3533 (global micro  5933/17665, update  5933/17665)  loss 0.6229  lr 7.72e-04
    step 2425/3533 (global micro  5958/17665, update  5958/17665)  loss 0.6508  lr 7.70e-04
    step 2450/3533 (global micro  5983/17665, update  5983/17665)  loss 0.6183  lr 7.68e-04
    step 2475/3533 (global micro  6008/17665, update  6008/17665)  loss 0.6703  lr 7.67e-04
    step 2500/3533 (global micro  6033/17665, update  6033/17665)  loss 0.8243  lr 7.65e-04
    step 2525/3533 (global micro  6058/17665, update  6058/17665)  loss 0.6009  lr 7.63e-04
    step 2550/3533 (global micro  6083/17665, update  6083/17665)  loss 0.5114  lr 7.61e-04
    step 2575/3533 (global micro  6108/17665, update  6108/17665)  loss 0.6625  lr 7.60e-04
    step 2600/3533 (global micro  6133/17665, update  6133/17665)  loss 0.5902  lr 7.58e-04
    step 2625/3533 (global micro  6158/17665, update  6158/17665)  loss 0.6135  lr 7.56e-04
    step 2650/3533 (global micro  6183/17665, update  6183/17665)  loss 0.6005  lr 7.54e-04
    step 2675/3533 (global micro  6208/17665, update  6208/17665)  loss 0.4442  lr 7.52e-04
    step 2700/3533 (global micro  6233/17665, update  6233/17665)  loss 0.6401  lr 7.51e-04
    step 2725/3533 (global micro  6258/17665, update  6258/17665)  loss 0.4967  lr 7.49e-04
    step 2750/3533 (global micro  6283/17665, update  6283/17665)  loss 0.5447  lr 7.47e-04
    step 2775/3533 (global micro  6308/17665, update  6308/17665)  loss 0.6428  lr 7.45e-04
    step 2800/3533 (global micro  6333/17665, update  6333/17665)  loss 0.7260  lr 7.44e-04
    step 2825/3533 (global micro  6358/17665, update  6358/17665)  loss 0.5032  lr 7.42e-04
    step 2850/3533 (global micro  6383/17665, update  6383/17665)  loss 0.6015  lr 7.40e-04
    step 2875/3533 (global micro  6408/17665, update  6408/17665)  loss 0.6115  lr 7.38e-04
    step 2900/3533 (global micro  6433/17665, update  6433/17665)  loss 0.6373  lr 7.36e-04
    step 2925/3533 (global micro  6458/17665, update  6458/17665)  loss 0.7169  lr 7.34e-04
    step 2950/3533 (global micro  6483/17665, update  6483/17665)  loss 0.3951  lr 7.33e-04
    step 2975/3533 (global micro  6508/17665, update  6508/17665)  loss 0.5169  lr 7.31e-04
    step 3000/3533 (global micro  6533/17665, update  6533/17665)  loss 0.4574  lr 7.29e-04
    step 3025/3533 (global micro  6558/17665, update  6558/17665)  loss 0.6537  lr 7.27e-04
    step 3050/3533 (global micro  6583/17665, update  6583/17665)  loss 0.6305  lr 7.25e-04
    step 3075/3533 (global micro  6608/17665, update  6608/17665)  loss 0.6939  lr 7.23e-04
    step 3100/3533 (global micro  6633/17665, update  6633/17665)  loss 0.5827  lr 7.22e-04
    step 3125/3533 (global micro  6658/17665, update  6658/17665)  loss 0.6031  lr 7.20e-04
    step 3150/3533 (global micro  6683/17665, update  6683/17665)  loss 0.6907  lr 7.18e-04
    step 3175/3533 (global micro  6708/17665, update  6708/17665)  loss 0.8492  lr 7.16e-04
    step 3200/3533 (global micro  6733/17665, update  6733/17665)  loss 0.5053  lr 7.14e-04
    step 3225/3533 (global micro  6758/17665, update  6758/17665)  loss 0.6517  lr 7.12e-04
    step 3250/3533 (global micro  6783/17665, update  6783/17665)  loss 0.8189  lr 7.10e-04
    step 3275/3533 (global micro  6808/17665, update  6808/17665)  loss 0.4941  lr 7.09e-04
    step 3300/3533 (global micro  6833/17665, update  6833/17665)  loss 0.4305  lr 7.07e-04
    step 3325/3533 (global micro  6858/17665, update  6858/17665)  loss 0.5890  lr 7.05e-04
    step 3350/3533 (global micro  6883/17665, update  6883/17665)  loss 0.5357  lr 7.03e-04
    step 3375/3533 (global micro  6908/17665, update  6908/17665)  loss 0.7038  lr 7.01e-04
    step 3400/3533 (global micro  6933/17665, update  6933/17665)  loss 0.6682  lr 6.99e-04
    step 3425/3533 (global micro  6958/17665, update  6958/17665)  loss 0.6342  lr 6.97e-04
    step 3450/3533 (global micro  6983/17665, update  6983/17665)  loss 0.4547  lr 6.95e-04
    step 3475/3533 (global micro  7008/17665, update  7008/17665)  loss 0.7596  lr 6.93e-04
    step 3500/3533 (global micro  7033/17665, update  7033/17665)  loss 0.5990  lr 6.92e-04
    step 3525/3533 (global micro  7058/17665, update  7058/17665)  loss 0.5967  lr 6.90e-04
    step 3533/3533 (global micro  7066/17665, update  7066/17665)  loss 0.6607  lr 6.89e-04
  epoch   2/5  loss 0.6296  lr 6.89e-04  (692.4s)
  Epoch checkpoint: /home/aomukai/Ninereeds/core/c13_Phase_D_ext_p1_e2.pt
    step    1/3533 (global micro  7067/17665, update  7067/17665)  loss 0.5985  lr 6.89e-04
    step   25/3533 (global micro  7091/17665, update  7091/17665)  loss 0.5224  lr 6.87e-04
    step   50/3533 (global micro  7116/17665, update  7116/17665)  loss 0.6399  lr 6.85e-04
    step   75/3533 (global micro  7141/17665, update  7141/17665)  loss 0.5323  lr 6.83e-04
    step  100/3533 (global micro  7166/17665, update  7166/17665)  loss 0.4113  lr 6.81e-04
    step  125/3533 (global micro  7191/17665, update  7191/17665)  loss 0.5322  lr 6.80e-04
    step  150/3533 (global micro  7216/17665, update  7216/17665)  loss 0.5540  lr 6.78e-04
    step  175/3533 (global micro  7241/17665, update  7241/17665)  loss 0.6781  lr 6.76e-04
    step  200/3533 (global micro  7266/17665, update  7266/17665)  loss 0.5822  lr 6.74e-04
    step  225/3533 (global micro  7291/17665, update  7291/17665)  loss 0.4475  lr 6.72e-04
    step  250/3533 (global micro  7316/17665, update  7316/17665)  loss 0.5492  lr 6.70e-04
    step  275/3533 (global micro  7341/17665, update  7341/17665)  loss 0.4752  lr 6.68e-04
    step  300/3533 (global micro  7366/17665, update  7366/17665)  loss 0.5735  lr 6.66e-04
    step  325/3533 (global micro  7391/17665, update  7391/17665)  loss 0.5544  lr 6.64e-04
    step  350/3533 (global micro  7416/17665, update  7416/17665)  loss 0.5897  lr 6.62e-04
    step  375/3533 (global micro  7441/17665, update  7441/17665)  loss 0.5941  lr 6.60e-04
    step  400/3533 (global micro  7466/17665, update  7466/17665)  loss 0.6725  lr 6.58e-04
    step  425/3533 (global micro  7491/17665, update  7491/17665)  loss 0.5272  lr 6.56e-04
    step  450/3533 (global micro  7516/17665, update  7516/17665)  loss 0.5808  lr 6.54e-04
    step  475/3533 (global micro  7541/17665, update  7541/17665)  loss 0.4639  lr 6.52e-04
    step  500/3533 (global micro  7566/17665, update  7566/17665)  loss 0.6666  lr 6.51e-04
    step  525/3533 (global micro  7591/17665, update  7591/17665)  loss 0.5128  lr 6.49e-04
    step  550/3533 (global micro  7616/17665, update  7616/17665)  loss 0.5885  lr 6.47e-04
    step  575/3533 (global micro  7641/17665, update  7641/17665)  loss 0.5674  lr 6.45e-04
    step  600/3533 (global micro  7666/17665, update  7666/17665)  loss 0.7463  lr 6.43e-04
    step  625/3533 (global micro  7691/17665, update  7691/17665)  loss 0.4845  lr 6.41e-04
    step  650/3533 (global micro  7716/17665, update  7716/17665)  loss 0.7437  lr 6.39e-04
    step  675/3533 (global micro  7741/17665, update  7741/17665)  loss 0.5373  lr 6.37e-04
    step  700/3533 (global micro  7766/17665, update  7766/17665)  loss 0.5917  lr 6.35e-04
    step  725/3533 (global micro  7791/17665, update  7791/17665)  loss 0.3499  lr 6.33e-04
    step  750/3533 (global micro  7816/17665, update  7816/17665)  loss 0.5108  lr 6.31e-04
    step  775/3533 (global micro  7841/17665, update  7841/17665)  loss 0.5597  lr 6.29e-04
    step  800/3533 (global micro  7866/17665, update  7866/17665)  loss 0.5939  lr 6.27e-04
    step  825/3533 (global micro  7891/17665, update  7891/17665)  loss 0.7703  lr 6.25e-04
    step  850/3533 (global micro  7916/17665, update  7916/17665)  loss 0.5612  lr 6.23e-04
    step  875/3533 (global micro  7941/17665, update  7941/17665)  loss 0.5665  lr 6.21e-04
    step  900/3533 (global micro  7966/17665, update  7966/17665)  loss 0.5031  lr 6.19e-04
    step  925/3533 (global micro  7991/17665, update  7991/17665)  loss 0.5293  lr 6.17e-04
    step  950/3533 (global micro  8016/17665, update  8016/17665)  loss 0.4448  lr 6.15e-04
    step  975/3533 (global micro  8041/17665, update  8041/17665)  loss 0.4718  lr 6.13e-04
    step 1000/3533 (global micro  8066/17665, update  8066/17665)  loss 0.5449  lr 6.11e-04
    step 1025/3533 (global micro  8091/17665, update  8091/17665)  loss 0.5988  lr 6.09e-04
    step 1050/3533 (global micro  8116/17665, update  8116/17665)  loss 0.4289  lr 6.07e-04
    step 1075/3533 (global micro  8141/17665, update  8141/17665)  loss 0.4965  lr 6.05e-04
    step 1100/3533 (global micro  8166/17665, update  8166/17665)  loss 0.5624  lr 6.03e-04
    step 1125/3533 (global micro  8191/17665, update  8191/17665)  loss 0.5386  lr 6.01e-04
    step 1150/3533 (global micro  8216/17665, update  8216/17665)  loss 0.6173  lr 5.99e-04
    step 1175/3533 (global micro  8241/17665, update  8241/17665)  loss 0.6155  lr 5.97e-04
    step 1200/3533 (global micro  8266/17665, update  8266/17665)  loss 0.4015  lr 5.95e-04
    step 1225/3533 (global micro  8291/17665, update  8291/17665)  loss 0.6235  lr 5.93e-04
    step 1250/3533 (global micro  8316/17665, update  8316/17665)  loss 0.5437  lr 5.91e-04
    step 1275/3533 (global micro  8341/17665, update  8341/17665)  loss 0.6764  lr 5.89e-04
    step 1300/3533 (global micro  8366/17665, update  8366/17665)  loss 0.6383  lr 5.87e-04
    step 1325/3533 (global micro  8391/17665, update  8391/17665)  loss 0.5433  lr 5.85e-04
    step 1350/3533 (global micro  8416/17665, update  8416/17665)  loss 0.5353  lr 5.83e-04
    step 1375/3533 (global micro  8441/17665, update  8441/17665)  loss 0.5671  lr 5.81e-04
    step 1400/3533 (global micro  8466/17665, update  8466/17665)  loss 0.6046  lr 5.79e-04
    step 1425/3533 (global micro  8491/17665, update  8491/17665)  loss 0.5088  lr 5.77e-04
    step 1450/3533 (global micro  8516/17665, update  8516/17665)  loss 0.6749  lr 5.75e-04
    step 1475/3533 (global micro  8541/17665, update  8541/17665)  loss 0.4902  lr 5.73e-04
    step 1500/3533 (global micro  8566/17665, update  8566/17665)  loss 0.4201  lr 5.71e-04
    step 1525/3533 (global micro  8591/17665, update  8591/17665)  loss 0.4242  lr 5.69e-04
    step 1550/3533 (global micro  8616/17665, update  8616/17665)  loss 0.7147  lr 5.67e-04
    step 1575/3533 (global micro  8641/17665, update  8641/17665)  loss 0.4976  lr 5.65e-04
    step 1600/3533 (global micro  8666/17665, update  8666/17665)  loss 0.5622  lr 5.63e-04
    step 1625/3533 (global micro  8691/17665, update  8691/17665)  loss 0.4624  lr 5.61e-04
    step 1650/3533 (global micro  8716/17665, update  8716/17665)  loss 0.5532  lr 5.59e-04
    step 1675/3533 (global micro  8741/17665, update  8741/17665)  loss 0.6194  lr 5.57e-04
    step 1700/3533 (global micro  8766/17665, update  8766/17665)  loss 0.5932  lr 5.55e-04
    step 1725/3533 (global micro  8791/17665, update  8791/17665)  loss 0.5636  lr 5.53e-04
    step 1750/3533 (global micro  8816/17665, update  8816/17665)  loss 0.5672  lr 5.51e-04
    step 1775/3533 (global micro  8841/17665, update  8841/17665)  loss 0.5761  lr 5.49e-04
    step 1800/3533 (global micro  8866/17665, update  8866/17665)  loss 0.4925  lr 5.47e-04
    step 1825/3533 (global micro  8891/17665, update  8891/17665)  loss 0.5179  lr 5.45e-04
    step 1850/3533 (global micro  8916/17665, update  8916/17665)  loss 0.6644  lr 5.43e-04
    step 1875/3533 (global micro  8941/17665, update  8941/17665)  loss 0.4880  lr 5.41e-04
    step 1900/3533 (global micro  8966/17665, update  8966/17665)  loss 0.5356  lr 5.39e-04
    step 1925/3533 (global micro  8991/17665, update  8991/17665)  loss 0.5352  lr 5.37e-04
    step 1950/3533 (global micro  9016/17665, update  9016/17665)  loss 0.5573  lr 5.35e-04
    step 1975/3533 (global micro  9041/17665, update  9041/17665)  loss 0.5696  lr 5.33e-04
    step 2000/3533 (global micro  9066/17665, update  9066/17665)  loss 0.5738  lr 5.31e-04
    step 2025/3533 (global micro  9091/17665, update  9091/17665)  loss 0.5652  lr 5.29e-04
    step 2050/3533 (global micro  9116/17665, update  9116/17665)  loss 0.3235  lr 5.27e-04
    step 2075/3533 (global micro  9141/17665, update  9141/17665)  loss 0.5577  lr 5.25e-04
    step 2100/3533 (global micro  9166/17665, update  9166/17665)  loss 0.5186  lr 5.23e-04
    step 2125/3533 (global micro  9191/17665, update  9191/17665)  loss 0.4876  lr 5.21e-04
    step 2150/3533 (global micro  9216/17665, update  9216/17665)  loss 0.4327  lr 5.19e-04
    step 2175/3533 (global micro  9241/17665, update  9241/17665)  loss 0.5808  lr 5.17e-04
    step 2200/3533 (global micro  9266/17665, update  9266/17665)  loss 0.6931  lr 5.15e-04
    step 2225/3533 (global micro  9291/17665, update  9291/17665)  loss 0.4127  lr 5.13e-04
    step 2250/3533 (global micro  9316/17665, update  9316/17665)  loss 0.6271  lr 5.11e-04
    step 2275/3533 (global micro  9341/17665, update  9341/17665)  loss 0.4578  lr 5.09e-04
    step 2300/3533 (global micro  9366/17665, update  9366/17665)  loss 0.4646  lr 5.07e-04
    step 2325/3533 (global micro  9391/17665, update  9391/17665)  loss 0.4848  lr 5.05e-04
    step 2350/3533 (global micro  9416/17665, update  9416/17665)  loss 0.6707  lr 5.03e-04
    step 2375/3533 (global micro  9441/17665, update  9441/17665)  loss 0.6760  lr 5.01e-04
    step 2400/3533 (global micro  9466/17665, update  9466/17665)  loss 0.5469  lr 4.99e-04
    step 2425/3533 (global micro  9491/17665, update  9491/17665)  loss 0.5336  lr 4.97e-04
    step 2450/3533 (global micro  9516/17665, update  9516/17665)  loss 0.5056  lr 4.95e-04
    step 2475/3533 (global micro  9541/17665, update  9541/17665)  loss 0.3870  lr 4.93e-04
    step 2500/3533 (global micro  9566/17665, update  9566/17665)  loss 0.4925  lr 4.91e-04
    step 2525/3533 (global micro  9591/17665, update  9591/17665)  loss 0.4696  lr 4.89e-04
    step 2550/3533 (global micro  9616/17665, update  9616/17665)  loss 0.6265  lr 4.87e-04
    step 2575/3533 (global micro  9641/17665, update  9641/17665)  loss 0.4760  lr 4.86e-04
    step 2600/3533 (global micro  9666/17665, update  9666/17665)  loss 0.5912  lr 4.84e-04
    step 2625/3533 (global micro  9691/17665, update  9691/17665)  loss 0.5698  lr 4.82e-04
    step 2650/3533 (global micro  9716/17665, update  9716/17665)  loss 0.4759  lr 4.80e-04
    step 2675/3533 (global micro  9741/17665, update  9741/17665)  loss 0.5122  lr 4.78e-04
    step 2700/3533 (global micro  9766/17665, update  9766/17665)  loss 0.6446  lr 4.76e-04
    step 2725/3533 (global micro  9791/17665, update  9791/17665)  loss 0.5123  lr 4.74e-04
    step 2750/3533 (global micro  9816/17665, update  9816/17665)  loss 0.5499  lr 4.72e-04
    step 2775/3533 (global micro  9841/17665, update  9841/17665)  loss 0.7286  lr 4.70e-04
    step 2800/3533 (global micro  9866/17665, update  9866/17665)  loss 0.5919  lr 4.68e-04
    step 2825/3533 (global micro  9891/17665, update  9891/17665)  loss 0.4534  lr 4.66e-04
    step 2850/3533 (global micro  9916/17665, update  9916/17665)  loss 0.5300  lr 4.64e-04
    step 2875/3533 (global micro  9941/17665, update  9941/17665)  loss 0.6550  lr 4.62e-04
    step 2900/3533 (global micro  9966/17665, update  9966/17665)  loss 0.4501  lr 4.60e-04
    step 2925/3533 (global micro  9991/17665, update  9991/17665)  loss 0.5032  lr 4.58e-04
    step 2950/3533 (global micro 10016/17665, update 10016/17665)  loss 0.6634  lr 4.56e-04
    step 2975/3533 (global micro 10041/17665, update 10041/17665)  loss 0.4970  lr 4.54e-04
    step 3000/3533 (global micro 10066/17665, update 10066/17665)  loss 0.5504  lr 4.52e-04
    step 3025/3533 (global micro 10091/17665, update 10091/17665)  loss 0.5336  lr 4.50e-04
    step 3050/3533 (global micro 10116/17665, update 10116/17665)  loss 0.4649  lr 4.48e-04
    step 3075/3533 (global micro 10141/17665, update 10141/17665)  loss 0.5435  lr 4.46e-04
    step 3100/3533 (global micro 10166/17665, update 10166/17665)  loss 0.5857  lr 4.44e-04
    step 3125/3533 (global micro 10191/17665, update 10191/17665)  loss 0.5147  lr 4.42e-04
    step 3150/3533 (global micro 10216/17665, update 10216/17665)  loss 0.5267  lr 4.40e-04
    step 3175/3533 (global micro 10241/17665, update 10241/17665)  loss 0.5633  lr 4.38e-04
    step 3200/3533 (global micro 10266/17665, update 10266/17665)  loss 0.5682  lr 4.37e-04
    step 3225/3533 (global micro 10291/17665, update 10291/17665)  loss 0.6617  lr 4.35e-04
    step 3250/3533 (global micro 10316/17665, update 10316/17665)  loss 0.5161  lr 4.33e-04
    step 3275/3533 (global micro 10341/17665, update 10341/17665)  loss 0.5203  lr 4.31e-04
    step 3300/3533 (global micro 10366/17665, update 10366/17665)  loss 0.5654  lr 4.29e-04
    step 3325/3533 (global micro 10391/17665, update 10391/17665)  loss 0.6123  lr 4.27e-04
    step 3350/3533 (global micro 10416/17665, update 10416/17665)  loss 0.5270  lr 4.25e-04
    step 3375/3533 (global micro 10441/17665, update 10441/17665)  loss 0.6013  lr 4.23e-04
    step 3400/3533 (global micro 10466/17665, update 10466/17665)  loss 0.5605  lr 4.21e-04
    step 3425/3533 (global micro 10491/17665, update 10491/17665)  loss 0.5187  lr 4.19e-04
    step 3450/3533 (global micro 10516/17665, update 10516/17665)  loss 0.6222  lr 4.17e-04
    step 3475/3533 (global micro 10541/17665, update 10541/17665)  loss 0.4062  lr 4.15e-04
    step 3500/3533 (global micro 10566/17665, update 10566/17665)  loss 0.4790  lr 4.13e-04
    step 3525/3533 (global micro 10591/17665, update 10591/17665)  loss 0.5077  lr 4.12e-04
    step 3533/3533 (global micro 10599/17665, update 10599/17665)  loss 0.4631  lr 4.11e-04
  epoch   3/5  loss 0.5567  lr 4.11e-04  (692.5s)
  Epoch checkpoint: /home/aomukai/Ninereeds/core/c13_Phase_D_ext_p1_e3.pt
    step    1/3533 (global micro 10600/17665, update 10600/17665)  loss 0.3867  lr 4.11e-04
    step   25/3533 (global micro 10624/17665, update 10624/17665)  loss 0.4898  lr 4.09e-04
    step   50/3533 (global micro 10649/17665, update 10649/17665)  loss 0.4644  lr 4.07e-04
    step   75/3533 (global micro 10674/17665, update 10674/17665)  loss 0.4711  lr 4.05e-04
    step  100/3533 (global micro 10699/17665, update 10699/17665)  loss 0.4485  lr 4.03e-04
    step  125/3533 (global micro 10724/17665, update 10724/17665)  loss 0.4727  lr 4.01e-04
    step  150/3533 (global micro 10749/17665, update 10749/17665)  loss 0.3715  lr 4.00e-04
    step  175/3533 (global micro 10774/17665, update 10774/17665)  loss 0.5074  lr 3.98e-04
    step  200/3533 (global micro 10799/17665, update 10799/17665)  loss 0.4587  lr 3.96e-04
    step  225/3533 (global micro 10824/17665, update 10824/17665)  loss 0.5159  lr 3.94e-04
    step  250/3533 (global micro 10849/17665, update 10849/17665)  loss 0.4230  lr 3.92e-04
    step  275/3533 (global micro 10874/17665, update 10874/17665)  loss 0.4879  lr 3.90e-04
    step  300/3533 (global micro 10899/17665, update 10899/17665)  loss 0.5387  lr 3.88e-04
    step  325/3533 (global micro 10924/17665, update 10924/17665)  loss 0.4503  lr 3.86e-04
    step  350/3533 (global micro 10949/17665, update 10949/17665)  loss 0.5409  lr 3.85e-04
    step  375/3533 (global micro 10974/17665, update 10974/17665)  loss 0.4808  lr 3.83e-04
    step  400/3533 (global micro 10999/17665, update 10999/17665)  loss 0.5166  lr 3.81e-04
    step  425/3533 (global micro 11024/17665, update 11024/17665)  loss 0.5254  lr 3.79e-04
    step  450/3533 (global micro 11049/17665, update 11049/17665)  loss 0.4792  lr 3.77e-04
    step  475/3533 (global micro 11074/17665, update 11074/17665)  loss 0.4256  lr 3.75e-04
    step  500/3533 (global micro 11099/17665, update 11099/17665)  loss 0.5654  lr 3.73e-04
    step  525/3533 (global micro 11124/17665, update 11124/17665)  loss 0.3765  lr 3.72e-04
    step  550/3533 (global micro 11149/17665, update 11149/17665)  loss 0.5383  lr 3.70e-04
    step  575/3533 (global micro 11174/17665, update 11174/17665)  loss 0.3679  lr 3.68e-04
    step  600/3533 (global micro 11199/17665, update 11199/17665)  loss 0.5382  lr 3.66e-04
    step  625/3533 (global micro 11224/17665, update 11224/17665)  loss 0.4262  lr 3.64e-04
    step  650/3533 (global micro 11249/17665, update 11249/17665)  loss 0.4761  lr 3.63e-04
    step  675/3533 (global micro 11274/17665, update 11274/17665)  loss 0.5043  lr 3.61e-04
    step  700/3533 (global micro 11299/17665, update 11299/17665)  loss 0.4341  lr 3.59e-04
    step  725/3533 (global micro 11324/17665, update 11324/17665)  loss 0.4944  lr 3.57e-04
    step  750/3533 (global micro 11349/17665, update 11349/17665)  loss 0.3675  lr 3.55e-04
    step  775/3533 (global micro 11374/17665, update 11374/17665)  loss 0.4337  lr 3.53e-04
    step  800/3533 (global micro 11399/17665, update 11399/17665)  loss 0.4352  lr 3.52e-04
    step  825/3533 (global micro 11424/17665, update 11424/17665)  loss 0.5368  lr 3.50e-04
    step  850/3533 (global micro 11449/17665, update 11449/17665)  loss 0.5347  lr 3.48e-04
    step  875/3533 (global micro 11474/17665, update 11474/17665)  loss 0.5517  lr 3.46e-04
    step  900/3533 (global micro 11499/17665, update 11499/17665)  loss 0.3732  lr 3.45e-04
    step  925/3533 (global micro 11524/17665, update 11524/17665)  loss 0.4441  lr 3.43e-04
    step  950/3533 (global micro 11549/17665, update 11549/17665)  loss 0.3380  lr 3.41e-04
    step  975/3533 (global micro 11574/17665, update 11574/17665)  loss 0.4705  lr 3.39e-04
    step 1000/3533 (global micro 11599/17665, update 11599/17665)  loss 0.4414  lr 3.37e-04
    step 1025/3533 (global micro 11624/17665, update 11624/17665)  loss 0.4536  lr 3.36e-04
    step 1050/3533 (global micro 11649/17665, update 11649/17665)  loss 0.4948  lr 3.34e-04
    step 1075/3533 (global micro 11674/17665, update 11674/17665)  loss 0.3984  lr 3.32e-04
    step 1100/3533 (global micro 11699/17665, update 11699/17665)  loss 0.4455  lr 3.30e-04
    step 1125/3533 (global micro 11724/17665, update 11724/17665)  loss 0.4440  lr 3.29e-04
    step 1150/3533 (global micro 11749/17665, update 11749/17665)  loss 0.4292  lr 3.27e-04
    step 1175/3533 (global micro 11774/17665, update 11774/17665)  loss 0.4788  lr 3.25e-04
    step 1200/3533 (global micro 11799/17665, update 11799/17665)  loss 0.4824  lr 3.23e-04
    step 1225/3533 (global micro 11824/17665, update 11824/17665)  loss 0.4400  lr 3.22e-04
    step 1250/3533 (global micro 11849/17665, update 11849/17665)  loss 0.4565  lr 3.20e-04
    step 1275/3533 (global micro 11874/17665, update 11874/17665)  loss 0.3678  lr 3.18e-04
    step 1300/3533 (global micro 11899/17665, update 11899/17665)  loss 0.4324  lr 3.17e-04
    step 1325/3533 (global micro 11924/17665, update 11924/17665)  loss 0.5013  lr 3.15e-04
    step 1350/3533 (global micro 11949/17665, update 11949/17665)  loss 0.5254  lr 3.13e-04
    step 1375/3533 (global micro 11974/17665, update 11974/17665)  loss 0.5959  lr 3.11e-04
    step 1400/3533 (global micro 11999/17665, update 11999/17665)  loss 0.4336  lr 3.10e-04
    step 1425/3533 (global micro 12024/17665, update 12024/17665)  loss 0.4342  lr 3.08e-04
    step 1450/3533 (global micro 12049/17665, update 12049/17665)  loss 0.3849  lr 3.06e-04
    step 1475/3533 (global micro 12074/17665, update 12074/17665)  loss 0.5507  lr 3.05e-04
    step 1500/3533 (global micro 12099/17665, update 12099/17665)  loss 0.5268  lr 3.03e-04
    step 1525/3533 (global micro 12124/17665, update 12124/17665)  loss 0.5404  lr 3.01e-04
    step 1550/3533 (global micro 12149/17665, update 12149/17665)  loss 0.4099  lr 3.00e-04
    step 1575/3533 (global micro 12174/17665, update 12174/17665)  loss 0.5461  lr 2.98e-04
    step 1600/3533 (global micro 12199/17665, update 12199/17665)  loss 0.4401  lr 2.96e-04
    step 1625/3533 (global micro 12224/17665, update 12224/17665)  loss 0.4643  lr 2.95e-04
    step 1650/3533 (global micro 12249/17665, update 12249/17665)  loss 0.4825  lr 2.93e-04
    step 1675/3533 (global micro 12274/17665, update 12274/17665)  loss 0.5356  lr 2.91e-04
    step 1700/3533 (global micro 12299/17665, update 12299/17665)  loss 0.4618  lr 2.90e-04
    step 1725/3533 (global micro 12324/17665, update 12324/17665)  loss 0.4918  lr 2.88e-04
    step 1750/3533 (global micro 12349/17665, update 12349/17665)  loss 0.5297  lr 2.87e-04
    step 1775/3533 (global micro 12374/17665, update 12374/17665)  loss 0.5426  lr 2.85e-04
    step 1800/3533 (global micro 12399/17665, update 12399/17665)  loss 0.4191  lr 2.83e-04
    step 1825/3533 (global micro 12424/17665, update 12424/17665)  loss 0.4952  lr 2.82e-04
    step 1850/3533 (global micro 12449/17665, update 12449/17665)  loss 0.5521  lr 2.80e-04
    step 1875/3533 (global micro 12474/17665, update 12474/17665)  loss 0.3847  lr 2.79e-04
    step 1900/3533 (global micro 12499/17665, update 12499/17665)  loss 0.5032  lr 2.77e-04
    step 1925/3533 (global micro 12524/17665, update 12524/17665)  loss 0.4764  lr 2.75e-04
    step 1950/3533 (global micro 12549/17665, update 12549/17665)  loss 0.5309  lr 2.74e-04
    step 1975/3533 (global micro 12574/17665, update 12574/17665)  loss 0.3777  lr 2.72e-04
    step 2000/3533 (global micro 12599/17665, update 12599/17665)  loss 0.4543  lr 2.71e-04
    step 2025/3533 (global micro 12624/17665, update 12624/17665)  loss 0.5680  lr 2.69e-04
    step 2050/3533 (global micro 12649/17665, update 12649/17665)  loss 0.3580  lr 2.67e-04
    step 2075/3533 (global micro 12674/17665, update 12674/17665)  loss 0.5165  lr 2.66e-04
    step 2100/3533 (global micro 12699/17665, update 12699/17665)  loss 0.5004  lr 2.64e-04
    step 2125/3533 (global micro 12724/17665, update 12724/17665)  loss 0.4897  lr 2.63e-04
    step 2150/3533 (global micro 12749/17665, update 12749/17665)  loss 0.4610  lr 2.61e-04
    step 2175/3533 (global micro 12774/17665, update 12774/17665)  loss 0.5409  lr 2.60e-04
    step 2200/3533 (global micro 12799/17665, update 12799/17665)  loss 0.4748  lr 2.58e-04
    step 2225/3533 (global micro 12824/17665, update 12824/17665)  loss 0.3839  lr 2.57e-04
    step 2250/3533 (global micro 12849/17665, update 12849/17665)  loss 0.4259  lr 2.55e-04
    step 2275/3533 (global micro 12874/17665, update 12874/17665)  loss 0.5065  lr 2.54e-04
    step 2300/3533 (global micro 12899/17665, update 12899/17665)  loss 0.4157  lr 2.52e-04
    step 2325/3533 (global micro 12924/17665, update 12924/17665)  loss 0.5768  lr 2.51e-04
    step 2350/3533 (global micro 12949/17665, update 12949/17665)  loss 0.6035  lr 2.49e-04
    step 2375/3533 (global micro 12974/17665, update 12974/17665)  loss 0.4229  lr 2.48e-04
    step 2400/3533 (global micro 12999/17665, update 12999/17665)  loss 0.4068  lr 2.46e-04
    step 2425/3533 (global micro 13024/17665, update 13024/17665)  loss 0.5489  lr 2.45e-04
    step 2450/3533 (global micro 13049/17665, update 13049/17665)  loss 0.4721  lr 2.43e-04
    step 2475/3533 (global micro 13074/17665, update 13074/17665)  loss 0.4121  lr 2.42e-04
    step 2500/3533 (global micro 13099/17665, update 13099/17665)  loss 0.4753  lr 2.40e-04
    step 2525/3533 (global micro 13124/17665, update 13124/17665)  loss 0.4286  lr 2.39e-04
    step 2550/3533 (global micro 13149/17665, update 13149/17665)  loss 0.4709  lr 2.37e-04
    step 2575/3533 (global micro 13174/17665, update 13174/17665)  loss 0.5030  lr 2.36e-04
    step 2600/3533 (global micro 13199/17665, update 13199/17665)  loss 0.4698  lr 2.35e-04
    step 2625/3533 (global micro 13224/17665, update 13224/17665)  loss 0.3968  lr 2.33e-04
    step 2650/3533 (global micro 13249/17665, update 13249/17665)  loss 0.5138  lr 2.32e-04
    step 2675/3533 (global micro 13274/17665, update 13274/17665)  loss 0.4147  lr 2.30e-04
    step 2700/3533 (global micro 13299/17665, update 13299/17665)  loss 0.4360  lr 2.29e-04
    step 2725/3533 (global micro 13324/17665, update 13324/17665)  loss 0.4089  lr 2.28e-04
    step 2750/3533 (global micro 13349/17665, update 13349/17665)  loss 0.4167  lr 2.26e-04
    step 2775/3533 (global micro 13374/17665, update 13374/17665)  loss 0.4060  lr 2.25e-04
    step 2800/3533 (global micro 13399/17665, update 13399/17665)  loss 0.4047  lr 2.23e-04
    step 2825/3533 (global micro 13424/17665, update 13424/17665)  loss 0.5003  lr 2.22e-04
    step 2850/3533 (global micro 13449/17665, update 13449/17665)  loss 0.3706  lr 2.21e-04
    step 2875/3533 (global micro 13474/17665, update 13474/17665)  loss 0.5181  lr 2.19e-04
    step 2900/3533 (global micro 13499/17665, update 13499/17665)  loss 0.4317  lr 2.18e-04
    step 2925/3533 (global micro 13524/17665, update 13524/17665)  loss 0.4651  lr 2.17e-04
    step 2950/3533 (global micro 13549/17665, update 13549/17665)  loss 0.3985  lr 2.15e-04
    step 2975/3533 (global micro 13574/17665, update 13574/17665)  loss 0.5185  lr 2.14e-04
    step 3000/3533 (global micro 13599/17665, update 13599/17665)  loss 0.4571  lr 2.13e-04
    step 3025/3533 (global micro 13624/17665, update 13624/17665)  loss 0.4850  lr 2.11e-04
    step 3050/3533 (global micro 13649/17665, update 13649/17665)  loss 0.4249  lr 2.10e-04
    step 3075/3533 (global micro 13674/17665, update 13674/17665)  loss 0.4437  lr 2.09e-04
    step 3100/3533 (global micro 13699/17665, update 13699/17665)  loss 0.4735  lr 2.07e-04
    step 3125/3533 (global micro 13724/17665, update 13724/17665)  loss 0.4752  lr 2.06e-04
    step 3150/3533 (global micro 13749/17665, update 13749/17665)  loss 0.3768  lr 2.05e-04
    step 3175/3533 (global micro 13774/17665, update 13774/17665)  loss 0.5321  lr 2.04e-04
    step 3200/3533 (global micro 13799/17665, update 13799/17665)  loss 0.4512  lr 2.02e-04
    step 3225/3533 (global micro 13824/17665, update 13824/17665)  loss 0.5723  lr 2.01e-04
    step 3250/3533 (global micro 13849/17665, update 13849/17665)  loss 0.4471  lr 2.00e-04
    step 3275/3533 (global micro 13874/17665, update 13874/17665)  loss 0.4677  lr 1.98e-04
    step 3300/3533 (global micro 13899/17665, update 13899/17665)  loss 0.3828  lr 1.97e-04
    step 3325/3533 (global micro 13924/17665, update 13924/17665)  loss 0.4208  lr 1.96e-04
    step 3350/3533 (global micro 13949/17665, update 13949/17665)  loss 0.5627  lr 1.95e-04
    step 3375/3533 (global micro 13974/17665, update 13974/17665)  loss 0.4742  lr 1.94e-04
    step 3400/3533 (global micro 13999/17665, update 13999/17665)  loss 0.5248  lr 1.92e-04
    step 3425/3533 (global micro 14024/17665, update 14024/17665)  loss 0.5538  lr 1.91e-04
    step 3450/3533 (global micro 14049/17665, update 14049/17665)  loss 0.4023  lr 1.90e-04
    step 3475/3533 (global micro 14074/17665, update 14074/17665)  loss 0.4669  lr 1.89e-04
    step 3500/3533 (global micro 14099/17665, update 14099/17665)  loss 0.3461  lr 1.88e-04
    step 3525/3533 (global micro 14124/17665, update 14124/17665)  loss 0.5188  lr 1.86e-04
    step 3533/3533 (global micro 14132/17665, update 14132/17665)  loss 0.4277  lr 1.86e-04
  epoch   4/5  loss 0.4732  lr 1.86e-04  (692.3s)
  Epoch checkpoint: /home/aomukai/Ninereeds/core/c13_Phase_D_ext_p1_e4.pt
    step    1/3533 (global micro 14133/17665, update 14133/17665)  loss 0.3372  lr 1.86e-04
    step   25/3533 (global micro 14157/17665, update 14157/17665)  loss 0.3641  lr 1.85e-04
    step   50/3533 (global micro 14182/17665, update 14182/17665)  loss 0.4179  lr 1.84e-04
    step   75/3533 (global micro 14207/17665, update 14207/17665)  loss 0.4057  lr 1.82e-04
    step  100/3533 (global micro 14232/17665, update 14232/17665)  loss 0.4353  lr 1.81e-04
    step  125/3533 (global micro 14257/17665, update 14257/17665)  loss 0.4082  lr 1.80e-04
    step  150/3533 (global micro 14282/17665, update 14282/17665)  loss 0.3939  lr 1.79e-04
    step  175/3533 (global micro 14307/17665, update 14307/17665)  loss 0.3394  lr 1.78e-04
    step  200/3533 (global micro 14332/17665, update 14332/17665)  loss 0.3869  lr 1.77e-04
    step  225/3533 (global micro 14357/17665, update 14357/17665)  loss 0.3283  lr 1.76e-04
    step  250/3533 (global micro 14382/17665, update 14382/17665)  loss 0.3287  lr 1.75e-04
    step  275/3533 (global micro 14407/17665, update 14407/17665)  loss 0.3481  lr 1.73e-04
    step  300/3533 (global micro 14432/17665, update 14432/17665)  loss 0.4052  lr 1.72e-04
    step  325/3533 (global micro 14457/17665, update 14457/17665)  loss 0.5003  lr 1.71e-04
    step  350/3533 (global micro 14482/17665, update 14482/17665)  loss 0.4720  lr 1.70e-04
    step  375/3533 (global micro 14507/17665, update 14507/17665)  loss 0.3014  lr 1.69e-04
    step  400/3533 (global micro 14532/17665, update 14532/17665)  loss 0.3769  lr 1.68e-04
    step  425/3533 (global micro 14557/17665, update 14557/17665)  loss 0.3436  lr 1.67e-04
    step  450/3533 (global micro 14582/17665, update 14582/17665)  loss 0.3373  lr 1.66e-04
    step  475/3533 (global micro 14607/17665, update 14607/17665)  loss 0.4096  lr 1.65e-04
    step  500/3533 (global micro 14632/17665, update 14632/17665)  loss 0.4430  lr 1.64e-04
    step  525/3533 (global micro 14657/17665, update 14657/17665)  loss 0.3884  lr 1.63e-04
    step  550/3533 (global micro 14682/17665, update 14682/17665)  loss 0.3230  lr 1.62e-04
    step  575/3533 (global micro 14707/17665, update 14707/17665)  loss 0.3666  lr 1.61e-04
    step  600/3533 (global micro 14732/17665, update 14732/17665)  loss 0.2864  lr 1.60e-04
    step  625/3533 (global micro 14757/17665, update 14757/17665)  loss 0.4105  lr 1.59e-04
    step  650/3533 (global micro 14782/17665, update 14782/17665)  loss 0.4033  lr 1.58e-04
    step  675/3533 (global micro 14807/17665, update 14807/17665)  loss 0.4177  lr 1.57e-04
    step  700/3533 (global micro 14832/17665, update 14832/17665)  loss 0.3629  lr 1.56e-04
    step  725/3533 (global micro 14857/17665, update 14857/17665)  loss 0.4401  lr 1.55e-04
    step  750/3533 (global micro 14882/17665, update 14882/17665)  loss 0.3810  lr 1.54e-04
    step  775/3533 (global micro 14907/17665, update 14907/17665)  loss 0.3866  lr 1.53e-04
    step  800/3533 (global micro 14932/17665, update 14932/17665)  loss 0.3621  lr 1.52e-04
    step  825/3533 (global micro 14957/17665, update 14957/17665)  loss 0.3246  lr 1.51e-04
    step  850/3533 (global micro 14982/17665, update 14982/17665)  loss 0.3249  lr 1.50e-04
    step  875/3533 (global micro 15007/17665, update 15007/17665)  loss 0.3724  lr 1.49e-04
    step  900/3533 (global micro 15032/17665, update 15032/17665)  loss 0.4003  lr 1.48e-04
    step  925/3533 (global micro 15057/17665, update 15057/17665)  loss 0.3981  lr 1.48e-04
    step  950/3533 (global micro 15082/17665, update 15082/17665)  loss 0.3720  lr 1.47e-04
    step  975/3533 (global micro 15107/17665, update 15107/17665)  loss 0.2931  lr 1.46e-04
    step 1000/3533 (global micro 15132/17665, update 15132/17665)  loss 0.4469  lr 1.45e-04
    step 1025/3533 (global micro 15157/17665, update 15157/17665)  loss 0.3703  lr 1.44e-04
    step 1050/3533 (global micro 15182/17665, update 15182/17665)  loss 0.3716  lr 1.43e-04
    step 1075/3533 (global micro 15207/17665, update 15207/17665)  loss 0.4513  lr 1.42e-04
    step 1100/3533 (global micro 15232/17665, update 15232/17665)  loss 0.3242  lr 1.41e-04
    step 1125/3533 (global micro 15257/17665, update 15257/17665)  loss 0.3891  lr 1.41e-04
    step 1150/3533 (global micro 15282/17665, update 15282/17665)  loss 0.3694  lr 1.40e-04
    step 1175/3533 (global micro 15307/17665, update 15307/17665)  loss 0.4004  lr 1.39e-04
    step 1200/3533 (global micro 15332/17665, update 15332/17665)  loss 0.3852  lr 1.38e-04
    step 1225/3533 (global micro 15357/17665, update 15357/17665)  loss 0.4091  lr 1.37e-04
    step 1250/3533 (global micro 15382/17665, update 15382/17665)  loss 0.3803  lr 1.37e-04
    step 1275/3533 (global micro 15407/17665, update 15407/17665)  loss 0.3440  lr 1.36e-04
    step 1300/3533 (global micro 15432/17665, update 15432/17665)  loss 0.4622  lr 1.35e-04
    step 1325/3533 (global micro 15457/17665, update 15457/17665)  loss 0.4749  lr 1.34e-04
    step 1350/3533 (global micro 15482/17665, update 15482/17665)  loss 0.4214  lr 1.33e-04
    step 1375/3533 (global micro 15507/17665, update 15507/17665)  loss 0.4749  lr 1.33e-04
    step 1400/3533 (global micro 15532/17665, update 15532/17665)  loss 0.3434  lr 1.32e-04
    step 1425/3533 (global micro 15557/17665, update 15557/17665)  loss 0.3648  lr 1.31e-04
    step 1450/3533 (global micro 15582/17665, update 15582/17665)  loss 0.3637  lr 1.31e-04
    step 1475/3533 (global micro 15607/17665, update 15607/17665)  loss 0.4880  lr 1.30e-04
    step 1500/3533 (global micro 15632/17665, update 15632/17665)  loss 0.4067  lr 1.29e-04
    step 1525/3533 (global micro 15657/17665, update 15657/17665)  loss 0.3312  lr 1.28e-04
    step 1550/3533 (global micro 15682/17665, update 15682/17665)  loss 0.3890  lr 1.28e-04
    step 1575/3533 (global micro 15707/17665, update 15707/17665)  loss 0.3250  lr 1.27e-04
    step 1600/3533 (global micro 15732/17665, update 15732/17665)  loss 0.3865  lr 1.26e-04
    step 1625/3533 (global micro 15757/17665, update 15757/17665)  loss 0.4378  lr 1.26e-04
    step 1650/3533 (global micro 15782/17665, update 15782/17665)  loss 0.5491  lr 1.25e-04
    step 1675/3533 (global micro 15807/17665, update 15807/17665)  loss 0.3408  lr 1.24e-04
    step 1700/3533 (global micro 15832/17665, update 15832/17665)  loss 0.4166  lr 1.24e-04
    step 1725/3533 (global micro 15857/17665, update 15857/17665)  loss 0.3537  lr 1.23e-04
    step 1750/3533 (global micro 15882/17665, update 15882/17665)  loss 0.4405  lr 1.22e-04
    step 1775/3533 (global micro 15907/17665, update 15907/17665)  loss 0.3540  lr 1.22e-04
    step 1800/3533 (global micro 15932/17665, update 15932/17665)  loss 0.3792  lr 1.21e-04
    step 1825/3533 (global micro 15957/17665, update 15957/17665)  loss 0.3044  lr 1.21e-04
    step 1850/3533 (global micro 15982/17665, update 15982/17665)  loss 0.3847  lr 1.20e-04
    step 1875/3533 (global micro 16007/17665, update 16007/17665)  loss 0.2663  lr 1.19e-04
    step 1900/3533 (global micro 16032/17665, update 16032/17665)  loss 0.3092  lr 1.19e-04
    step 1925/3533 (global micro 16057/17665, update 16057/17665)  loss 0.4025  lr 1.18e-04
    step 1950/3533 (global micro 16082/17665, update 16082/17665)  loss 0.4538  lr 1.18e-04
    step 1975/3533 (global micro 16107/17665, update 16107/17665)  loss 0.3616  lr 1.17e-04
    step 2000/3533 (global micro 16132/17665, update 16132/17665)  loss 0.4276  lr 1.17e-04
    step 2025/3533 (global micro 16157/17665, update 16157/17665)  loss 0.4875  lr 1.16e-04
    step 2050/3533 (global micro 16182/17665, update 16182/17665)  loss 0.3389  lr 1.16e-04
    step 2075/3533 (global micro 16207/17665, update 16207/17665)  loss 0.3770  lr 1.15e-04
    step 2100/3533 (global micro 16232/17665, update 16232/17665)  loss 0.3383  lr 1.15e-04
    step 2125/3533 (global micro 16257/17665, update 16257/17665)  loss 0.4151  lr 1.14e-04
    step 2150/3533 (global micro 16282/17665, update 16282/17665)  loss 0.3999  lr 1.14e-04
    step 2175/3533 (global micro 16307/17665, update 16307/17665)  loss 0.3567  lr 1.13e-04
    step 2200/3533 (global micro 16332/17665, update 16332/17665)  loss 0.3973  lr 1.13e-04
    step 2225/3533 (global micro 16357/17665, update 16357/17665)  loss 0.3207  lr 1.12e-04
    step 2250/3533 (global micro 16382/17665, update 16382/17665)  loss 0.4833  lr 1.12e-04
    step 2275/3533 (global micro 16407/17665, update 16407/17665)  loss 0.3306  lr 1.11e-04
    step 2300/3533 (global micro 16432/17665, update 16432/17665)  loss 0.4036  lr 1.11e-04
    step 2325/3533 (global micro 16457/17665, update 16457/17665)  loss 0.3366  lr 1.10e-04
    step 2350/3533 (global micro 16482/17665, update 16482/17665)  loss 0.3316  lr 1.10e-04
    step 2375/3533 (global micro 16507/17665, update 16507/17665)  loss 0.4312  lr 1.10e-04
    step 2400/3533 (global micro 16532/17665, update 16532/17665)  loss 0.3278  lr 1.09e-04
    step 2425/3533 (global micro 16557/17665, update 16557/17665)  loss 0.3711  lr 1.09e-04
    step 2450/3533 (global micro 16582/17665, update 16582/17665)  loss 0.5026  lr 1.08e-04
    step 2475/3533 (global micro 16607/17665, update 16607/17665)  loss 0.2984  lr 1.08e-04
    step 2500/3533 (global micro 16632/17665, update 16632/17665)  loss 0.4029  lr 1.08e-04
    step 2525/3533 (global micro 16657/17665, update 16657/17665)  loss 0.3139  lr 1.07e-04
    step 2550/3533 (global micro 16682/17665, update 16682/17665)  loss 0.3327  lr 1.07e-04
    step 2575/3533 (global micro 16707/17665, update 16707/17665)  loss 0.3187  lr 1.07e-04
    step 2600/3533 (global micro 16732/17665, update 16732/17665)  loss 0.4571  lr 1.06e-04
    step 2625/3533 (global micro 16757/17665, update 16757/17665)  loss 0.4613  lr 1.06e-04
    step 2650/3533 (global micro 16782/17665, update 16782/17665)  loss 0.3248  lr 1.06e-04
    step 2675/3533 (global micro 16807/17665, update 16807/17665)  loss 0.4674  lr 1.05e-04
    step 2700/3533 (global micro 16832/17665, update 16832/17665)  loss 0.3970  lr 1.05e-04
    step 2725/3533 (global micro 16857/17665, update 16857/17665)  loss 0.3444  lr 1.05e-04
    step 2750/3533 (global micro 16882/17665, update 16882/17665)  loss 0.4506  lr 1.04e-04
    step 2775/3533 (global micro 16907/17665, update 16907/17665)  loss 0.4077  lr 1.04e-04
    step 2800/3533 (global micro 16932/17665, update 16932/17665)  loss 0.4769  lr 1.04e-04
    step 2825/3533 (global micro 16957/17665, update 16957/17665)  loss 0.4437  lr 1.04e-04
    step 2850/3533 (global micro 16982/17665, update 16982/17665)  loss 0.3240  lr 1.03e-04
    step 2875/3533 (global micro 17007/17665, update 17007/17665)  loss 0.4497  lr 1.03e-04
    step 2900/3533 (global micro 17032/17665, update 17032/17665)  loss 0.3166  lr 1.03e-04
    step 2925/3533 (global micro 17057/17665, update 17057/17665)  loss 0.3760  lr 1.03e-04
    step 2950/3533 (global micro 17082/17665, update 17082/17665)  loss 0.3856  lr 1.02e-04
    step 2975/3533 (global micro 17107/17665, update 17107/17665)  loss 0.4294  lr 1.02e-04
    step 3000/3533 (global micro 17132/17665, update 17132/17665)  loss 0.4594  lr 1.02e-04
    step 3025/3533 (global micro 17157/17665, update 17157/17665)  loss 0.4301  lr 1.02e-04
    step 3050/3533 (global micro 17182/17665, update 17182/17665)  loss 0.3947  lr 1.02e-04
    step 3075/3533 (global micro 17207/17665, update 17207/17665)  loss 0.3979  lr 1.01e-04
    step 3100/3533 (global micro 17232/17665, update 17232/17665)  loss 0.5114  lr 1.01e-04
    step 3125/3533 (global micro 17257/17665, update 17257/17665)  loss 0.4959  lr 1.01e-04
    step 3150/3533 (global micro 17282/17665, update 17282/17665)  loss 0.4498  lr 1.01e-04
    step 3175/3533 (global micro 17307/17665, update 17307/17665)  loss 0.4619  lr 1.01e-04
    step 3200/3533 (global micro 17332/17665, update 17332/17665)  loss 0.3234  lr 1.01e-04
    step 3225/3533 (global micro 17357/17665, update 17357/17665)  loss 0.3607  lr 1.01e-04
    step 3250/3533 (global micro 17382/17665, update 17382/17665)  loss 0.3076  lr 1.01e-04
    step 3275/3533 (global micro 17407/17665, update 17407/17665)  loss 0.4033  lr 1.00e-04
    step 3300/3533 (global micro 17432/17665, update 17432/17665)  loss 0.3746  lr 1.00e-04
    step 3325/3533 (global micro 17457/17665, update 17457/17665)  loss 0.4083  lr 1.00e-04
    step 3350/3533 (global micro 17482/17665, update 17482/17665)  loss 0.3680  lr 1.00e-04
    step 3375/3533 (global micro 17507/17665, update 17507/17665)  loss 0.3384  lr 1.00e-04
    step 3400/3533 (global micro 17532/17665, update 17532/17665)  loss 0.3763  lr 1.00e-04
    step 3425/3533 (global micro 17557/17665, update 17557/17665)  loss 0.3828  lr 1.00e-04
    step 3450/3533 (global micro 17582/17665, update 17582/17665)  loss 0.4933  lr 1.00e-04
    step 3475/3533 (global micro 17607/17665, update 17607/17665)  loss 0.3354  lr 1.00e-04
    step 3500/3533 (global micro 17632/17665, update 17632/17665)  loss 0.4642  lr 1.00e-04
    step 3525/3533 (global micro 17657/17665, update 17657/17665)  loss 0.3520  lr 1.00e-04
    step 3533/3533 (global micro 17665/17665, update 17665/17665)  loss 0.3019  lr 1.00e-04
  epoch   5/5  loss 0.3848  lr 1.00e-04  (692.4s)
  Epoch checkpoint: /home/aomukai/Ninereeds/core/c13_Phase_D_ext_p1_e5.pt

  Best loss: 0.3848
  Checkpoint saved: /home/aomukai/Ninereeds/core/c13_Phase_D_ext_p1.pt

