  Training audit: PASSED
  Python: /home/aomukai/.unsloth/studio/unsloth_studio/bin/python
  Device: cuda
  Phase: 0
  Seed: 1337
  Data order: seeded-shuffle
  Resume checkpoint: /home/aomukai/Ninereeds/core/c13_fresh_bridge_phaseA_e2.pt

============================================================
  BDH Phase 0 Training
============================================================
  Data files: ['/home/aomukai/Ninereeds/training/corpus/campaign_13_bridge.txt']
  Total bytes: 62,681
  Pre-loading corpus tensor...
  Corpus tensor: 62,681 tokens
  Model: small-25m (25.3M params)
  Resuming from: /home/aomukai/Ninereeds/core/c13_fresh_bridge_phaseA_e2.pt
  Seed: 1337  |  Deterministic: enabled  |  Data order: seeded-shuffle
  Epochs: 1  |  Windows/epoch: 244  |  Micro-steps/epoch: 31  |  Optimizer updates/epoch: 31  |  Total optimizer updates: 31  |  LR: 0.001
  Block size: 256  |  Batch size: 8
  Grad accumulation: 1
  AMP bf16: enabled
  Data mode: phase_text
  VRAM logging: disabled
  Log interval: every 25 step(s)
  Output: /home/aomukai/Ninereeds/core/c13_Phase_B_bridge_pre.pt

    step    1/31 (global micro     1/31, update     1/31)  loss 4.1482  lr 9.98e-04
    step   25/31 (global micro    25/31, update    25/31)  loss 0.5571  lr 1.81e-04
    step   31/31 (global micro    31/31, update    31/31)  loss 0.5144  lr 1.00e-04
  epoch   1/1  loss 1.1220  lr 1.00e-04  (11.6s)
  Epoch checkpoint: /home/aomukai/Ninereeds/core/c13_Phase_B_bridge_pre_e1.pt

  Best loss: 1.1220
  Checkpoint saved: /home/aomukai/Ninereeds/core/c13_Phase_B_bridge_pre.pt

