  Training audit: PASSED
  Python: /home/aomukai/.unsloth/studio/unsloth_studio/bin/python
  Device: cuda
  Phase: 0
  Seed: 1337
  Data order: seeded-shuffle
  Resume checkpoint: /home/aomukai/Ninereeds/core/c13_Phase_C_direct_e3.pt

============================================================
  BDH Phase 0 Training
============================================================
  Data files: ['/home/aomukai/Ninereeds/training/corpus/campaign_13_phase_D.txt']
  Total bytes: 3,617,436
  Pre-loading corpus tensor...
  Corpus tensor: 3,617,436 tokens
  Model: small-25m (25.3M params)
  Resuming from: /home/aomukai/Ninereeds/core/c13_Phase_C_direct_e3.pt
  Seed: 1337  |  Deterministic: enabled  |  Data order: seeded-shuffle
  Epochs: 3  |  Windows/epoch: 14130  |  Micro-steps/epoch: 3533  |  Optimizer updates/epoch: 3533  |  Total optimizer updates: 10599  |  LR: 0.001
  Block size: 256  |  Batch size: 4
  Grad accumulation: 1
  AMP bf16: enabled
  Data mode: phase_text
  VRAM logging: disabled
  Log interval: every 25 step(s)
  Output: /home/aomukai/Ninereeds/core/c13_Phase_D_direct_retry4.pt

    step    1/3533 (global micro     1/10599, update     1/10599)  loss 0.5887  lr 1.00e-03
    step   25/3533 (global micro    25/10599, update    25/10599)  loss 0.7232  lr 1.00e-03
    step   50/3533 (global micro    50/10599, update    50/10599)  loss 0.7559  lr 1.00e-03
    step   75/3533 (global micro    75/10599, update    75/10599)  loss 0.7737  lr 1.00e-03
    step  100/3533 (global micro   100/10599, update   100/10599)  loss 0.7234  lr 1.00e-03
    step  125/3533 (global micro   125/10599, update   125/10599)  loss 0.6602  lr 1.00e-03
    step  150/3533 (global micro   150/10599, update   150/10599)  loss 0.7577  lr 1.00e-03
    step  175/3533 (global micro   175/10599, update   175/10599)  loss 0.7994  lr 9.99e-04
    step  200/3533 (global micro   200/10599, update   200/10599)  loss 0.8433  lr 9.99e-04
    step  225/3533 (global micro   225/10599, update   225/10599)  loss 0.7041  lr 9.99e-04
    step  250/3533 (global micro   250/10599, update   250/10599)  loss 0.8054  lr 9.99e-04
    step  275/3533 (global micro   275/10599, update   275/10599)  loss 0.8039  lr 9.99e-04
    step  300/3533 (global micro   300/10599, update   300/10599)  loss 0.8116  lr 9.98e-04
    step  325/3533 (global micro   325/10599, update   325/10599)  loss 0.9954  lr 9.98e-04
    step  350/3533 (global micro   350/10599, update   350/10599)  loss 0.9273  lr 9.98e-04
    step  375/3533 (global micro   375/10599, update   375/10599)  loss 0.8525  lr 9.97e-04
    step  400/3533 (global micro   400/10599, update   400/10599)  loss 0.7589  lr 9.97e-04
    step  425/3533 (global micro   425/10599, update   425/10599)  loss 0.6086  lr 9.96e-04
    step  450/3533 (global micro   450/10599, update   450/10599)  loss 0.6908  lr 9.96e-04
    step  475/3533 (global micro   475/10599, update   475/10599)  loss 0.8549  lr 9.96e-04
    step  500/3533 (global micro   500/10599, update   500/10599)  loss 0.7156  lr 9.95e-04
    step  525/3533 (global micro   525/10599, update   525/10599)  loss 0.8644  lr 9.95e-04
    step  550/3533 (global micro   550/10599, update   550/10599)  loss 0.9047  lr 9.94e-04
    step  575/3533 (global micro   575/10599, update   575/10599)  loss 0.4257  lr 9.93e-04
    step  600/3533 (global micro   600/10599, update   600/10599)  loss 0.7386  lr 9.93e-04
    step  625/3533 (global micro   625/10599, update   625/10599)  loss 0.9335  lr 9.92e-04
    step  650/3533 (global micro   650/10599, update   650/10599)  loss 0.7275  lr 9.92e-04
    step  675/3533 (global micro   675/10599, update   675/10599)  loss 0.6148  lr 9.91e-04
    step  700/3533 (global micro   700/10599, update   700/10599)  loss 0.7443  lr 9.90e-04
    step  725/3533 (global micro   725/10599, update   725/10599)  loss 0.6909  lr 9.90e-04
    step  750/3533 (global micro   750/10599, update   750/10599)  loss 0.8425  lr 9.89e-04
    step  775/3533 (global micro   775/10599, update   775/10599)  loss 0.7928  lr 9.88e-04
    step  800/3533 (global micro   800/10599, update   800/10599)  loss 0.6981  lr 9.87e-04
    step  825/3533 (global micro   825/10599, update   825/10599)  loss 0.6169  lr 9.87e-04
    step  850/3533 (global micro   850/10599, update   850/10599)  loss 0.6605  lr 9.86e-04
    step  875/3533 (global micro   875/10599, update   875/10599)  loss 0.8768  lr 9.85e-04
    step  900/3533 (global micro   900/10599, update   900/10599)  loss 0.9517  lr 9.84e-04
    step  925/3533 (global micro   925/10599, update   925/10599)  loss 0.7976  lr 9.83e-04
    step  950/3533 (global micro   950/10599, update   950/10599)  loss 0.7045  lr 9.82e-04
    step  975/3533 (global micro   975/10599, update   975/10599)  loss 0.9912  lr 9.81e-04
    step 1000/3533 (global micro  1000/10599, update  1000/10599)  loss 0.6669  lr 9.80e-04
    step 1025/3533 (global micro  1025/10599, update  1025/10599)  loss 0.6967  lr 9.79e-04
    step 1050/3533 (global micro  1050/10599, update  1050/10599)  loss 0.6528  lr 9.78e-04
    step 1075/3533 (global micro  1075/10599, update  1075/10599)  loss 0.7117  lr 9.77e-04
    step 1100/3533 (global micro  1100/10599, update  1100/10599)  loss 0.7980  lr 9.76e-04
    step 1125/3533 (global micro  1125/10599, update  1125/10599)  loss 0.8410  lr 9.75e-04
    step 1150/3533 (global micro  1150/10599, update  1150/10599)  loss 0.6891  lr 9.74e-04
    step 1175/3533 (global micro  1175/10599, update  1175/10599)  loss 0.7154  lr 9.73e-04
    step 1200/3533 (global micro  1200/10599, update  1200/10599)  loss 0.6763  lr 9.72e-04
    step 1225/3533 (global micro  1225/10599, update  1225/10599)  loss 0.6499  lr 9.71e-04
    step 1250/3533 (global micro  1250/10599, update  1250/10599)  loss 0.5653  lr 9.69e-04
    step 1275/3533 (global micro  1275/10599, update  1275/10599)  loss 0.6186  lr 9.68e-04
    step 1300/3533 (global micro  1300/10599, update  1300/10599)  loss 0.7635  lr 9.67e-04
    step 1325/3533 (global micro  1325/10599, update  1325/10599)  loss 0.7346  lr 9.66e-04
    step 1350/3533 (global micro  1350/10599, update  1350/10599)  loss 0.6456  lr 9.64e-04
    step 1375/3533 (global micro  1375/10599, update  1375/10599)  loss 0.8006  lr 9.63e-04
    step 1400/3533 (global micro  1400/10599, update  1400/10599)  loss 0.6427  lr 9.62e-04
    step 1425/3533 (global micro  1425/10599, update  1425/10599)  loss 0.6934  lr 9.60e-04
    step 1450/3533 (global micro  1450/10599, update  1450/10599)  loss 0.6489  lr 9.59e-04
    step 1475/3533 (global micro  1475/10599, update  1475/10599)  loss 0.8117  lr 9.58e-04
    step 1500/3533 (global micro  1500/10599, update  1500/10599)  loss 0.7798  lr 9.56e-04
    step 1525/3533 (global micro  1525/10599, update  1525/10599)  loss 0.6664  lr 9.55e-04
    step 1550/3533 (global micro  1550/10599, update  1550/10599)  loss 0.8473  lr 9.53e-04
    step 1575/3533 (global micro  1575/10599, update  1575/10599)  loss 0.6371  lr 9.52e-04
    step 1600/3533 (global micro  1600/10599, update  1600/10599)  loss 0.7219  lr 9.50e-04
    step 1625/3533 (global micro  1625/10599, update  1625/10599)  loss 0.5853  lr 9.49e-04
    step 1650/3533 (global micro  1650/10599, update  1650/10599)  loss 0.7496  lr 9.47e-04
    step 1675/3533 (global micro  1675/10599, update  1675/10599)  loss 0.8190  lr 9.46e-04
    step 1700/3533 (global micro  1700/10599, update  1700/10599)  loss 0.8614  lr 9.44e-04
    step 1725/3533 (global micro  1725/10599, update  1725/10599)  loss 0.5713  lr 9.42e-04
    step 1750/3533 (global micro  1750/10599, update  1750/10599)  loss 0.5934  lr 9.41e-04
    step 1775/3533 (global micro  1775/10599, update  1775/10599)  loss 0.6574  lr 9.39e-04
    step 1800/3533 (global micro  1800/10599, update  1800/10599)  loss 0.8257  lr 9.37e-04
    step 1825/3533 (global micro  1825/10599, update  1825/10599)  loss 0.7620  lr 9.36e-04
    step 1850/3533 (global micro  1850/10599, update  1850/10599)  loss 0.7565  lr 9.34e-04
    step 1875/3533 (global micro  1875/10599, update  1875/10599)  loss 0.7396  lr 9.32e-04
    step 1900/3533 (global micro  1900/10599, update  1900/10599)  loss 0.8171  lr 9.31e-04
    step 1925/3533 (global micro  1925/10599, update  1925/10599)  loss 0.7572  lr 9.29e-04
    step 1950/3533 (global micro  1950/10599, update  1950/10599)  loss 0.6938  lr 9.27e-04
    step 1975/3533 (global micro  1975/10599, update  1975/10599)  loss 0.7251  lr 9.25e-04
    step 2000/3533 (global micro  2000/10599, update  2000/10599)  loss 0.5756  lr 9.23e-04
    step 2025/3533 (global micro  2025/10599, update  2025/10599)  loss 0.5556  lr 9.21e-04
    step 2050/3533 (global micro  2050/10599, update  2050/10599)  loss 0.8482  lr 9.19e-04
    step 2075/3533 (global micro  2075/10599, update  2075/10599)  loss 0.7334  lr 9.18e-04
    step 2100/3533 (global micro  2100/10599, update  2100/10599)  loss 0.6386  lr 9.16e-04
    step 2125/3533 (global micro  2125/10599, update  2125/10599)  loss 0.8782  lr 9.14e-04
    step 2150/3533 (global micro  2150/10599, update  2150/10599)  loss 0.5446  lr 9.12e-04
    step 2175/3533 (global micro  2175/10599, update  2175/10599)  loss 0.8016  lr 9.10e-04
    step 2200/3533 (global micro  2200/10599, update  2200/10599)  loss 0.6171  lr 9.08e-04
    step 2225/3533 (global micro  2225/10599, update  2225/10599)  loss 0.5627  lr 9.06e-04
    step 2250/3533 (global micro  2250/10599, update  2250/10599)  loss 0.8007  lr 9.04e-04
    step 2275/3533 (global micro  2275/10599, update  2275/10599)  loss 0.6936  lr 9.02e-04
    step 2300/3533 (global micro  2300/10599, update  2300/10599)  loss 0.5940  lr 8.99e-04
    step 2325/3533 (global micro  2325/10599, update  2325/10599)  loss 0.7180  lr 8.97e-04
    step 2350/3533 (global micro  2350/10599, update  2350/10599)  loss 0.8464  lr 8.95e-04
    step 2375/3533 (global micro  2375/10599, update  2375/10599)  loss 0.6560  lr 8.93e-04
    step 2400/3533 (global micro  2400/10599, update  2400/10599)  loss 0.8349  lr 8.91e-04
    step 2425/3533 (global micro  2425/10599, update  2425/10599)  loss 0.5796  lr 8.89e-04
    step 2450/3533 (global micro  2450/10599, update  2450/10599)  loss 0.7034  lr 8.86e-04
    step 2475/3533 (global micro  2475/10599, update  2475/10599)  loss 0.5776  lr 8.84e-04
    step 2500/3533 (global micro  2500/10599, update  2500/10599)  loss 0.9222  lr 8.82e-04
    step 2525/3533 (global micro  2525/10599, update  2525/10599)  loss 0.5608  lr 8.80e-04
    step 2550/3533 (global micro  2550/10599, update  2550/10599)  loss 0.6602  lr 8.77e-04
    step 2575/3533 (global micro  2575/10599, update  2575/10599)  loss 0.5569  lr 8.75e-04
    step 2600/3533 (global micro  2600/10599, update  2600/10599)  loss 0.7061  lr 8.73e-04
    step 2625/3533 (global micro  2625/10599, update  2625/10599)  loss 0.6332  lr 8.71e-04
    step 2650/3533 (global micro  2650/10599, update  2650/10599)  loss 0.6100  lr 8.68e-04
    step 2675/3533 (global micro  2675/10599, update  2675/10599)  loss 0.7123  lr 8.66e-04
    step 2700/3533 (global micro  2700/10599, update  2700/10599)  loss 0.5915  lr 8.63e-04
    step 2725/3533 (global micro  2725/10599, update  2725/10599)  loss 0.6548  lr 8.61e-04
    step 2750/3533 (global micro  2750/10599, update  2750/10599)  loss 0.7692  lr 8.59e-04
    step 2775/3533 (global micro  2775/10599, update  2775/10599)  loss 0.8022  lr 8.56e-04
    step 2800/3533 (global micro  2800/10599, update  2800/10599)  loss 0.6717  lr 8.54e-04
    step 2825/3533 (global micro  2825/10599, update  2825/10599)  loss 0.6083  lr 8.51e-04
    step 2850/3533 (global micro  2850/10599, update  2850/10599)  loss 0.6507  lr 8.49e-04
    step 2875/3533 (global micro  2875/10599, update  2875/10599)  loss 0.7222  lr 8.46e-04
    step 2900/3533 (global micro  2900/10599, update  2900/10599)  loss 0.9594  lr 8.44e-04
    step 2925/3533 (global micro  2925/10599, update  2925/10599)  loss 0.5944  lr 8.41e-04
    step 2950/3533 (global micro  2950/10599, update  2950/10599)  loss 0.8201  lr 8.39e-04
    step 2975/3533 (global micro  2975/10599, update  2975/10599)  loss 0.5465  lr 8.36e-04
    step 3000/3533 (global micro  3000/10599, update  3000/10599)  loss 0.5829  lr 8.34e-04
    step 3025/3533 (global micro  3025/10599, update  3025/10599)  loss 0.6417  lr 8.31e-04
    step 3050/3533 (global micro  3050/10599, update  3050/10599)  loss 0.5952  lr 8.28e-04
    step 3075/3533 (global micro  3075/10599, update  3075/10599)  loss 0.5019  lr 8.26e-04
    step 3100/3533 (global micro  3100/10599, update  3100/10599)  loss 0.5318  lr 8.23e-04
    step 3125/3533 (global micro  3125/10599, update  3125/10599)  loss 0.6418  lr 8.20e-04
    step 3150/3533 (global micro  3150/10599, update  3150/10599)  loss 0.5104  lr 8.18e-04
    step 3175/3533 (global micro  3175/10599, update  3175/10599)  loss 0.7468  lr 8.15e-04
    step 3200/3533 (global micro  3200/10599, update  3200/10599)  loss 0.6909  lr 8.12e-04
    step 3225/3533 (global micro  3225/10599, update  3225/10599)  loss 0.7039  lr 8.10e-04
    step 3250/3533 (global micro  3250/10599, update  3250/10599)  loss 0.9133  lr 8.07e-04
    step 3275/3533 (global micro  3275/10599, update  3275/10599)  loss 0.5770  lr 8.04e-04
    step 3300/3533 (global micro  3300/10599, update  3300/10599)  loss 0.7095  lr 8.01e-04
    step 3325/3533 (global micro  3325/10599, update  3325/10599)  loss 0.6964  lr 7.99e-04
    step 3350/3533 (global micro  3350/10599, update  3350/10599)  loss 0.6889  lr 7.96e-04
    step 3375/3533 (global micro  3375/10599, update  3375/10599)  loss 0.6102  lr 7.93e-04
    step 3400/3533 (global micro  3400/10599, update  3400/10599)  loss 0.6310  lr 7.90e-04
    step 3425/3533 (global micro  3425/10599, update  3425/10599)  loss 0.7357  lr 7.87e-04
    step 3450/3533 (global micro  3450/10599, update  3450/10599)  loss 0.7394  lr 7.85e-04
    step 3475/3533 (global micro  3475/10599, update  3475/10599)  loss 0.6330  lr 7.82e-04
    step 3500/3533 (global micro  3500/10599, update  3500/10599)  loss 0.5829  lr 7.79e-04
    step 3525/3533 (global micro  3525/10599, update  3525/10599)  loss 0.8321  lr 7.76e-04
    step 3533/3533 (global micro  3533/10599, update  3533/10599)  loss 0.7092  lr 7.75e-04
  epoch   1/3  loss 0.7047  lr 7.75e-04  (692.8s)
  Epoch checkpoint: /home/aomukai/Ninereeds/core/c13_Phase_D_direct_retry4_e1.pt
    step    1/3533 (global micro  3534/10599, update  3534/10599)  loss 0.6590  lr 7.75e-04
    step   25/3533 (global micro  3558/10599, update  3558/10599)  loss 0.6096  lr 7.72e-04
    step   50/3533 (global micro  3583/10599, update  3583/10599)  loss 0.7732  lr 7.69e-04
    step   75/3533 (global micro  3608/10599, update  3608/10599)  loss 0.4765  lr 7.66e-04
    step  100/3533 (global micro  3633/10599, update  3633/10599)  loss 0.7170  lr 7.63e-04
    step  125/3533 (global micro  3658/10599, update  3658/10599)  loss 0.4936  lr 7.60e-04
    step  150/3533 (global micro  3683/10599, update  3683/10599)  loss 0.7495  lr 7.57e-04
    step  175/3533 (global micro  3708/10599, update  3708/10599)  loss 0.7639  lr 7.54e-04
    step  200/3533 (global micro  3733/10599, update  3733/10599)  loss 0.5859  lr 7.52e-04
    step  225/3533 (global micro  3758/10599, update  3758/10599)  loss 0.6871  lr 7.49e-04
    step  250/3533 (global micro  3783/10599, update  3783/10599)  loss 0.5322  lr 7.46e-04
    step  275/3533 (global micro  3808/10599, update  3808/10599)  loss 0.7230  lr 7.43e-04
    step  300/3533 (global micro  3833/10599, update  3833/10599)  loss 0.6081  lr 7.40e-04
    step  325/3533 (global micro  3858/10599, update  3858/10599)  loss 0.6293  lr 7.36e-04
    step  350/3533 (global micro  3883/10599, update  3883/10599)  loss 0.7501  lr 7.33e-04
    step  375/3533 (global micro  3908/10599, update  3908/10599)  loss 0.6112  lr 7.30e-04
    step  400/3533 (global micro  3933/10599, update  3933/10599)  loss 0.6856  lr 7.27e-04
    step  425/3533 (global micro  3958/10599, update  3958/10599)  loss 0.6004  lr 7.24e-04
    step  450/3533 (global micro  3983/10599, update  3983/10599)  loss 0.6224  lr 7.21e-04
    step  475/3533 (global micro  4008/10599, update  4008/10599)  loss 0.5284  lr 7.18e-04
    step  500/3533 (global micro  4033/10599, update  4033/10599)  loss 0.5492  lr 7.15e-04
    step  525/3533 (global micro  4058/10599, update  4058/10599)  loss 0.5506  lr 7.12e-04
    step  550/3533 (global micro  4083/10599, update  4083/10599)  loss 0.6371  lr 7.09e-04
    step  575/3533 (global micro  4108/10599, update  4108/10599)  loss 0.5851  lr 7.06e-04
    step  600/3533 (global micro  4133/10599, update  4133/10599)  loss 0.5843  lr 7.03e-04
    step  625/3533 (global micro  4158/10599, update  4158/10599)  loss 0.5903  lr 6.99e-04
    step  650/3533 (global micro  4183/10599, update  4183/10599)  loss 0.6699  lr 6.96e-04
    step  675/3533 (global micro  4208/10599, update  4208/10599)  loss 0.5126  lr 6.93e-04
    step  700/3533 (global micro  4233/10599, update  4233/10599)  loss 0.5081  lr 6.90e-04
    step  725/3533 (global micro  4258/10599, update  4258/10599)  loss 0.6365  lr 6.87e-04
    step  750/3533 (global micro  4283/10599, update  4283/10599)  loss 0.6750  lr 6.84e-04
    step  775/3533 (global micro  4308/10599, update  4308/10599)  loss 0.5870  lr 6.80e-04
    step  800/3533 (global micro  4333/10599, update  4333/10599)  loss 0.7276  lr 6.77e-04
    step  825/3533 (global micro  4358/10599, update  4358/10599)  loss 0.7351  lr 6.74e-04
    step  850/3533 (global micro  4383/10599, update  4383/10599)  loss 0.7546  lr 6.71e-04
    step  875/3533 (global micro  4408/10599, update  4408/10599)  loss 0.6830  lr 6.68e-04
    step  900/3533 (global micro  4433/10599, update  4433/10599)  loss 0.5177  lr 6.64e-04
    step  925/3533 (global micro  4458/10599, update  4458/10599)  loss 0.5990  lr 6.61e-04
    step  950/3533 (global micro  4483/10599, update  4483/10599)  loss 0.7172  lr 6.58e-04
    step  975/3533 (global micro  4508/10599, update  4508/10599)  loss 0.8298  lr 6.55e-04
    step 1000/3533 (global micro  4533/10599, update  4533/10599)  loss 0.6477  lr 6.51e-04
    step 1025/3533 (global micro  4558/10599, update  4558/10599)  loss 0.8166  lr 6.48e-04
    step 1050/3533 (global micro  4583/10599, update  4583/10599)  loss 0.6573  lr 6.45e-04
    step 1075/3533 (global micro  4608/10599, update  4608/10599)  loss 0.6033  lr 6.42e-04
    step 1100/3533 (global micro  4633/10599, update  4633/10599)  loss 0.5348  lr 6.38e-04
    step 1125/3533 (global micro  4658/10599, update  4658/10599)  loss 0.6453  lr 6.35e-04
    step 1150/3533 (global micro  4683/10599, update  4683/10599)  loss 0.6478  lr 6.32e-04
    step 1175/3533 (global micro  4708/10599, update  4708/10599)  loss 0.5870  lr 6.28e-04
    step 1200/3533 (global micro  4733/10599, update  4733/10599)  loss 0.5464  lr 6.25e-04
    step 1225/3533 (global micro  4758/10599, update  4758/10599)  loss 0.7274  lr 6.22e-04
    step 1250/3533 (global micro  4783/10599, update  4783/10599)  loss 0.5380  lr 6.19e-04
    step 1275/3533 (global micro  4808/10599, update  4808/10599)  loss 0.4298  lr 6.15e-04
    step 1300/3533 (global micro  4833/10599, update  4833/10599)  loss 0.4324  lr 6.12e-04
    step 1325/3533 (global micro  4858/10599, update  4858/10599)  loss 0.6461  lr 6.09e-04
    step 1350/3533 (global micro  4883/10599, update  4883/10599)  loss 0.6874  lr 6.05e-04
    step 1375/3533 (global micro  4908/10599, update  4908/10599)  loss 0.5209  lr 6.02e-04
    step 1400/3533 (global micro  4933/10599, update  4933/10599)  loss 0.6683  lr 5.99e-04
    step 1425/3533 (global micro  4958/10599, update  4958/10599)  loss 0.5924  lr 5.95e-04
    step 1450/3533 (global micro  4983/10599, update  4983/10599)  loss 0.5907  lr 5.92e-04
    step 1475/3533 (global micro  5008/10599, update  5008/10599)  loss 0.5257  lr 5.89e-04
    step 1500/3533 (global micro  5033/10599, update  5033/10599)  loss 0.6684  lr 5.86e-04
    step 1525/3533 (global micro  5058/10599, update  5058/10599)  loss 0.5628  lr 5.82e-04
    step 1550/3533 (global micro  5083/10599, update  5083/10599)  loss 0.5490  lr 5.79e-04
    step 1575/3533 (global micro  5108/10599, update  5108/10599)  loss 0.6112  lr 5.76e-04
    step 1600/3533 (global micro  5133/10599, update  5133/10599)  loss 0.6678  lr 5.72e-04
    step 1625/3533 (global micro  5158/10599, update  5158/10599)  loss 0.6417  lr 5.69e-04
    step 1650/3533 (global micro  5183/10599, update  5183/10599)  loss 0.5365  lr 5.66e-04
    step 1675/3533 (global micro  5208/10599, update  5208/10599)  loss 0.6555  lr 5.62e-04
    step 1700/3533 (global micro  5233/10599, update  5233/10599)  loss 0.5894  lr 5.59e-04
    step 1725/3533 (global micro  5258/10599, update  5258/10599)  loss 0.6486  lr 5.56e-04
    step 1750/3533 (global micro  5283/10599, update  5283/10599)  loss 0.7082  lr 5.52e-04
    step 1775/3533 (global micro  5308/10599, update  5308/10599)  loss 0.5499  lr 5.49e-04
    step 1800/3533 (global micro  5333/10599, update  5333/10599)  loss 0.6204  lr 5.46e-04
    step 1825/3533 (global micro  5358/10599, update  5358/10599)  loss 0.6973  lr 5.42e-04
    step 1850/3533 (global micro  5383/10599, update  5383/10599)  loss 0.4479  lr 5.39e-04
    step 1875/3533 (global micro  5408/10599, update  5408/10599)  loss 0.6639  lr 5.36e-04
    step 1900/3533 (global micro  5433/10599, update  5433/10599)  loss 0.5776  lr 5.32e-04
    step 1925/3533 (global micro  5458/10599, update  5458/10599)  loss 0.5110  lr 5.29e-04
    step 1950/3533 (global micro  5483/10599, update  5483/10599)  loss 0.5291  lr 5.26e-04
    step 1975/3533 (global micro  5508/10599, update  5508/10599)  loss 0.5591  lr 5.22e-04
    step 2000/3533 (global micro  5533/10599, update  5533/10599)  loss 0.5968  lr 5.19e-04
    step 2025/3533 (global micro  5558/10599, update  5558/10599)  loss 0.4729  lr 5.16e-04
    step 2050/3533 (global micro  5583/10599, update  5583/10599)  loss 0.4490  lr 5.12e-04
    step 2075/3533 (global micro  5608/10599, update  5608/10599)  loss 0.4164  lr 5.09e-04
    step 2100/3533 (global micro  5633/10599, update  5633/10599)  loss 0.4750  lr 5.06e-04
    step 2125/3533 (global micro  5658/10599, update  5658/10599)  loss 0.5938  lr 5.02e-04
    step 2150/3533 (global micro  5683/10599, update  5683/10599)  loss 0.4652  lr 4.99e-04
    step 2175/3533 (global micro  5708/10599, update  5708/10599)  loss 0.6804  lr 4.96e-04
    step 2200/3533 (global micro  5733/10599, update  5733/10599)  loss 0.6089  lr 4.92e-04
    step 2225/3533 (global micro  5758/10599, update  5758/10599)  loss 0.6744  lr 4.89e-04
    step 2250/3533 (global micro  5783/10599, update  5783/10599)  loss 0.5766  lr 4.86e-04
    step 2275/3533 (global micro  5808/10599, update  5808/10599)  loss 0.5269  lr 4.82e-04
    step 2300/3533 (global micro  5833/10599, update  5833/10599)  loss 0.5579  lr 4.79e-04
    step 2325/3533 (global micro  5858/10599, update  5858/10599)  loss 0.7110  lr 4.76e-04
    step 2350/3533 (global micro  5883/10599, update  5883/10599)  loss 0.5303  lr 4.73e-04
    step 2375/3533 (global micro  5908/10599, update  5908/10599)  loss 0.7374  lr 4.69e-04
    step 2400/3533 (global micro  5933/10599, update  5933/10599)  loss 0.5760  lr 4.66e-04
    step 2425/3533 (global micro  5958/10599, update  5958/10599)  loss 0.5839  lr 4.63e-04
    step 2450/3533 (global micro  5983/10599, update  5983/10599)  loss 0.5809  lr 4.59e-04
    step 2475/3533 (global micro  6008/10599, update  6008/10599)  loss 0.6306  lr 4.56e-04
    step 2500/3533 (global micro  6033/10599, update  6033/10599)  loss 0.7416  lr 4.53e-04
    step 2525/3533 (global micro  6058/10599, update  6058/10599)  loss 0.5622  lr 4.50e-04
    step 2550/3533 (global micro  6083/10599, update  6083/10599)  loss 0.4643  lr 4.46e-04
    step 2575/3533 (global micro  6108/10599, update  6108/10599)  loss 0.6234  lr 4.43e-04
    step 2600/3533 (global micro  6133/10599, update  6133/10599)  loss 0.5276  lr 4.40e-04
    step 2625/3533 (global micro  6158/10599, update  6158/10599)  loss 0.5678  lr 4.37e-04
    step 2650/3533 (global micro  6183/10599, update  6183/10599)  loss 0.5468  lr 4.33e-04
    step 2675/3533 (global micro  6208/10599, update  6208/10599)  loss 0.4011  lr 4.30e-04
    step 2700/3533 (global micro  6233/10599, update  6233/10599)  loss 0.5863  lr 4.27e-04
    step 2725/3533 (global micro  6258/10599, update  6258/10599)  loss 0.4505  lr 4.24e-04
    step 2750/3533 (global micro  6283/10599, update  6283/10599)  loss 0.5139  lr 4.21e-04
    step 2775/3533 (global micro  6308/10599, update  6308/10599)  loss 0.6058  lr 4.17e-04
    step 2800/3533 (global micro  6333/10599, update  6333/10599)  loss 0.6596  lr 4.14e-04
    step 2825/3533 (global micro  6358/10599, update  6358/10599)  loss 0.4539  lr 4.11e-04
    step 2850/3533 (global micro  6383/10599, update  6383/10599)  loss 0.5726  lr 4.08e-04
    step 2875/3533 (global micro  6408/10599, update  6408/10599)  loss 0.5758  lr 4.05e-04
    step 2900/3533 (global micro  6433/10599, update  6433/10599)  loss 0.5993  lr 4.02e-04
    step 2925/3533 (global micro  6458/10599, update  6458/10599)  loss 0.6684  lr 3.98e-04
    step 2950/3533 (global micro  6483/10599, update  6483/10599)  loss 0.3726  lr 3.95e-04
    step 2975/3533 (global micro  6508/10599, update  6508/10599)  loss 0.4742  lr 3.92e-04
    step 3000/3533 (global micro  6533/10599, update  6533/10599)  loss 0.4272  lr 3.89e-04
    step 3025/3533 (global micro  6558/10599, update  6558/10599)  loss 0.6175  lr 3.86e-04
    step 3050/3533 (global micro  6583/10599, update  6583/10599)  loss 0.5716  lr 3.83e-04
    step 3075/3533 (global micro  6608/10599, update  6608/10599)  loss 0.6153  lr 3.80e-04
    step 3100/3533 (global micro  6633/10599, update  6633/10599)  loss 0.5525  lr 3.77e-04
    step 3125/3533 (global micro  6658/10599, update  6658/10599)  loss 0.5480  lr 3.74e-04
    step 3150/3533 (global micro  6683/10599, update  6683/10599)  loss 0.6129  lr 3.71e-04
    step 3175/3533 (global micro  6708/10599, update  6708/10599)  loss 0.7253  lr 3.68e-04
    step 3200/3533 (global micro  6733/10599, update  6733/10599)  loss 0.4617  lr 3.64e-04
    step 3225/3533 (global micro  6758/10599, update  6758/10599)  loss 0.5990  lr 3.61e-04
    step 3250/3533 (global micro  6783/10599, update  6783/10599)  loss 0.7531  lr 3.58e-04
    step 3275/3533 (global micro  6808/10599, update  6808/10599)  loss 0.4671  lr 3.55e-04
    step 3300/3533 (global micro  6833/10599, update  6833/10599)  loss 0.3935  lr 3.52e-04
    step 3325/3533 (global micro  6858/10599, update  6858/10599)  loss 0.5621  lr 3.49e-04
    step 3350/3533 (global micro  6883/10599, update  6883/10599)  loss 0.4995  lr 3.46e-04
    step 3375/3533 (global micro  6908/10599, update  6908/10599)  loss 0.6141  lr 3.43e-04
    step 3400/3533 (global micro  6933/10599, update  6933/10599)  loss 0.6171  lr 3.41e-04
    step 3425/3533 (global micro  6958/10599, update  6958/10599)  loss 0.5697  lr 3.38e-04
    step 3450/3533 (global micro  6983/10599, update  6983/10599)  loss 0.4073  lr 3.35e-04
    step 3475/3533 (global micro  7008/10599, update  7008/10599)  loss 0.7002  lr 3.32e-04
    step 3500/3533 (global micro  7033/10599, update  7033/10599)  loss 0.5474  lr 3.29e-04
    step 3525/3533 (global micro  7058/10599, update  7058/10599)  loss 0.5580  lr 3.26e-04
    step 3533/3533 (global micro  7066/10599, update  7066/10599)  loss 0.6075  lr 3.25e-04
  epoch   2/3  loss 0.5903  lr 3.25e-04  (692.4s)
  Epoch checkpoint: /home/aomukai/Ninereeds/core/c13_Phase_D_direct_retry4_e2.pt
    step    1/3533 (global micro  7067/10599, update  7067/10599)  loss 0.5408  lr 3.25e-04
    step   25/3533 (global micro  7091/10599, update  7091/10599)  loss 0.4733  lr 3.22e-04
    step   50/3533 (global micro  7116/10599, update  7116/10599)  loss 0.5577  lr 3.19e-04
    step   75/3533 (global micro  7141/10599, update  7141/10599)  loss 0.4549  lr 3.16e-04
    step  100/3533 (global micro  7166/10599, update  7166/10599)  loss 0.3414  lr 3.14e-04
    step  125/3533 (global micro  7191/10599, update  7191/10599)  loss 0.4623  lr 3.11e-04
    step  150/3533 (global micro  7216/10599, update  7216/10599)  loss 0.4845  lr 3.08e-04
    step  175/3533 (global micro  7241/10599, update  7241/10599)  loss 0.6018  lr 3.05e-04
    step  200/3533 (global micro  7266/10599, update  7266/10599)  loss 0.5089  lr 3.02e-04
    step  225/3533 (global micro  7291/10599, update  7291/10599)  loss 0.3980  lr 3.00e-04
    step  250/3533 (global micro  7316/10599, update  7316/10599)  loss 0.4565  lr 2.97e-04
    step  275/3533 (global micro  7341/10599, update  7341/10599)  loss 0.4280  lr 2.94e-04
    step  300/3533 (global micro  7366/10599, update  7366/10599)  loss 0.4901  lr 2.91e-04
    step  325/3533 (global micro  7391/10599, update  7391/10599)  loss 0.4885  lr 2.89e-04
    step  350/3533 (global micro  7416/10599, update  7416/10599)  loss 0.5226  lr 2.86e-04
    step  375/3533 (global micro  7441/10599, update  7441/10599)  loss 0.4852  lr 2.83e-04
    step  400/3533 (global micro  7466/10599, update  7466/10599)  loss 0.6146  lr 2.80e-04
    step  425/3533 (global micro  7491/10599, update  7491/10599)  loss 0.4583  lr 2.78e-04
    step  450/3533 (global micro  7516/10599, update  7516/10599)  loss 0.5252  lr 2.75e-04
    step  475/3533 (global micro  7541/10599, update  7541/10599)  loss 0.4074  lr 2.73e-04
    step  500/3533 (global micro  7566/10599, update  7566/10599)  loss 0.5656  lr 2.70e-04
    step  525/3533 (global micro  7591/10599, update  7591/10599)  loss 0.4745  lr 2.67e-04
    step  550/3533 (global micro  7616/10599, update  7616/10599)  loss 0.5339  lr 2.65e-04
    step  575/3533 (global micro  7641/10599, update  7641/10599)  loss 0.4838  lr 2.62e-04
    step  600/3533 (global micro  7666/10599, update  7666/10599)  loss 0.6424  lr 2.60e-04
    step  625/3533 (global micro  7691/10599, update  7691/10599)  loss 0.4014  lr 2.57e-04
    step  650/3533 (global micro  7716/10599, update  7716/10599)  loss 0.6510  lr 2.55e-04
    step  675/3533 (global micro  7741/10599, update  7741/10599)  loss 0.4679  lr 2.52e-04
    step  700/3533 (global micro  7766/10599, update  7766/10599)  loss 0.4994  lr 2.50e-04
    step  725/3533 (global micro  7791/10599, update  7791/10599)  loss 0.3158  lr 2.47e-04
    step  750/3533 (global micro  7816/10599, update  7816/10599)  loss 0.4422  lr 2.45e-04
    step  775/3533 (global micro  7841/10599, update  7841/10599)  loss 0.4761  lr 2.42e-04
    step  800/3533 (global micro  7866/10599, update  7866/10599)  loss 0.5066  lr 2.40e-04
    step  825/3533 (global micro  7891/10599, update  7891/10599)  loss 0.6796  lr 2.37e-04
    step  850/3533 (global micro  7916/10599, update  7916/10599)  loss 0.4823  lr 2.35e-04
    step  875/3533 (global micro  7941/10599, update  7941/10599)  loss 0.4864  lr 2.33e-04
    step  900/3533 (global micro  7966/10599, update  7966/10599)  loss 0.4306  lr 2.30e-04
    step  925/3533 (global micro  7991/10599, update  7991/10599)  loss 0.4674  lr 2.28e-04
    step  950/3533 (global micro  8016/10599, update  8016/10599)  loss 0.4148  lr 2.26e-04
    step  975/3533 (global micro  8041/10599, update  8041/10599)  loss 0.4177  lr 2.23e-04
    step 1000/3533 (global micro  8066/10599, update  8066/10599)  loss 0.4883  lr 2.21e-04
    step 1025/3533 (global micro  8091/10599, update  8091/10599)  loss 0.5142  lr 2.19e-04
    step 1050/3533 (global micro  8116/10599, update  8116/10599)  loss 0.3833  lr 2.16e-04
    step 1075/3533 (global micro  8141/10599, update  8141/10599)  loss 0.4241  lr 2.14e-04
    step 1100/3533 (global micro  8166/10599, update  8166/10599)  loss 0.4981  lr 2.12e-04
    step 1125/3533 (global micro  8191/10599, update  8191/10599)  loss 0.4636  lr 2.10e-04
    step 1150/3533 (global micro  8216/10599, update  8216/10599)  loss 0.4818  lr 2.08e-04
    step 1175/3533 (global micro  8241/10599, update  8241/10599)  loss 0.5038  lr 2.06e-04
    step 1200/3533 (global micro  8266/10599, update  8266/10599)  loss 0.3446  lr 2.03e-04
    step 1225/3533 (global micro  8291/10599, update  8291/10599)  loss 0.5280  lr 2.01e-04
    step 1250/3533 (global micro  8316/10599, update  8316/10599)  loss 0.4666  lr 1.99e-04
    step 1275/3533 (global micro  8341/10599, update  8341/10599)  loss 0.6021  lr 1.97e-04
    step 1300/3533 (global micro  8366/10599, update  8366/10599)  loss 0.5301  lr 1.95e-04
    step 1325/3533 (global micro  8391/10599, update  8391/10599)  loss 0.4576  lr 1.93e-04
    step 1350/3533 (global micro  8416/10599, update  8416/10599)  loss 0.4576  lr 1.91e-04
    step 1375/3533 (global micro  8441/10599, update  8441/10599)  loss 0.4918  lr 1.89e-04
    step 1400/3533 (global micro  8466/10599, update  8466/10599)  loss 0.5184  lr 1.87e-04
    step 1425/3533 (global micro  8491/10599, update  8491/10599)  loss 0.4418  lr 1.85e-04
    step 1450/3533 (global micro  8516/10599, update  8516/10599)  loss 0.5731  lr 1.83e-04
    step 1475/3533 (global micro  8541/10599, update  8541/10599)  loss 0.4112  lr 1.81e-04
    step 1500/3533 (global micro  8566/10599, update  8566/10599)  loss 0.3813  lr 1.79e-04
    step 1525/3533 (global micro  8591/10599, update  8591/10599)  loss 0.3781  lr 1.77e-04
    step 1550/3533 (global micro  8616/10599, update  8616/10599)  loss 0.6341  lr 1.76e-04
    step 1575/3533 (global micro  8641/10599, update  8641/10599)  loss 0.3973  lr 1.74e-04
    step 1600/3533 (global micro  8666/10599, update  8666/10599)  loss 0.4762  lr 1.72e-04
    step 1625/3533 (global micro  8691/10599, update  8691/10599)  loss 0.4005  lr 1.70e-04
    step 1650/3533 (global micro  8716/10599, update  8716/10599)  loss 0.4799  lr 1.68e-04
    step 1675/3533 (global micro  8741/10599, update  8741/10599)  loss 0.5236  lr 1.67e-04
    step 1700/3533 (global micro  8766/10599, update  8766/10599)  loss 0.5183  lr 1.65e-04
    step 1725/3533 (global micro  8791/10599, update  8791/10599)  loss 0.4946  lr 1.63e-04
    step 1750/3533 (global micro  8816/10599, update  8816/10599)  loss 0.5018  lr 1.61e-04
    step 1775/3533 (global micro  8841/10599, update  8841/10599)  loss 0.4743  lr 1.60e-04
    step 1800/3533 (global micro  8866/10599, update  8866/10599)  loss 0.4172  lr 1.58e-04
    step 1825/3533 (global micro  8891/10599, update  8891/10599)  loss 0.4445  lr 1.56e-04
    step 1850/3533 (global micro  8916/10599, update  8916/10599)  loss 0.5546  lr 1.55e-04
    step 1875/3533 (global micro  8941/10599, update  8941/10599)  loss 0.4164  lr 1.53e-04
    step 1900/3533 (global micro  8966/10599, update  8966/10599)  loss 0.4704  lr 1.52e-04
    step 1925/3533 (global micro  8991/10599, update  8991/10599)  loss 0.4533  lr 1.50e-04
    step 1950/3533 (global micro  9016/10599, update  9016/10599)  loss 0.4595  lr 1.49e-04
    step 1975/3533 (global micro  9041/10599, update  9041/10599)  loss 0.4891  lr 1.47e-04
    step 2000/3533 (global micro  9066/10599, update  9066/10599)  loss 0.4701  lr 1.46e-04
    step 2025/3533 (global micro  9091/10599, update  9091/10599)  loss 0.4599  lr 1.44e-04
    step 2050/3533 (global micro  9116/10599, update  9116/10599)  loss 0.2945  lr 1.43e-04
    step 2075/3533 (global micro  9141/10599, update  9141/10599)  loss 0.4904  lr 1.41e-04
    step 2100/3533 (global micro  9166/10599, update  9166/10599)  loss 0.4603  lr 1.40e-04
    step 2125/3533 (global micro  9191/10599, update  9191/10599)  loss 0.4163  lr 1.39e-04
    step 2150/3533 (global micro  9216/10599, update  9216/10599)  loss 0.3816  lr 1.37e-04
    step 2175/3533 (global micro  9241/10599, update  9241/10599)  loss 0.5094  lr 1.36e-04
    step 2200/3533 (global micro  9266/10599, update  9266/10599)  loss 0.6199  lr 1.35e-04
    step 2225/3533 (global micro  9291/10599, update  9291/10599)  loss 0.3497  lr 1.33e-04
    step 2250/3533 (global micro  9316/10599, update  9316/10599)  loss 0.5229  lr 1.32e-04
    step 2275/3533 (global micro  9341/10599, update  9341/10599)  loss 0.3926  lr 1.31e-04
    step 2300/3533 (global micro  9366/10599, update  9366/10599)  loss 0.4071  lr 1.30e-04
    step 2325/3533 (global micro  9391/10599, update  9391/10599)  loss 0.4120  lr 1.29e-04
    step 2350/3533 (global micro  9416/10599, update  9416/10599)  loss 0.5721  lr 1.27e-04
    step 2375/3533 (global micro  9441/10599, update  9441/10599)  loss 0.5867  lr 1.26e-04
    step 2400/3533 (global micro  9466/10599, update  9466/10599)  loss 0.4697  lr 1.25e-04
    step 2425/3533 (global micro  9491/10599, update  9491/10599)  loss 0.4382  lr 1.24e-04
    step 2450/3533 (global micro  9516/10599, update  9516/10599)  loss 0.4196  lr 1.23e-04
    step 2475/3533 (global micro  9541/10599, update  9541/10599)  loss 0.3344  lr 1.22e-04
    step 2500/3533 (global micro  9566/10599, update  9566/10599)  loss 0.4400  lr 1.21e-04
    step 2525/3533 (global micro  9591/10599, update  9591/10599)  loss 0.4190  lr 1.20e-04
    step 2550/3533 (global micro  9616/10599, update  9616/10599)  loss 0.5416  lr 1.19e-04
    step 2575/3533 (global micro  9641/10599, update  9641/10599)  loss 0.4032  lr 1.18e-04
    step 2600/3533 (global micro  9666/10599, update  9666/10599)  loss 0.5153  lr 1.17e-04
    step 2625/3533 (global micro  9691/10599, update  9691/10599)  loss 0.4820  lr 1.16e-04
    step 2650/3533 (global micro  9716/10599, update  9716/10599)  loss 0.4210  lr 1.15e-04
    step 2675/3533 (global micro  9741/10599, update  9741/10599)  loss 0.4391  lr 1.14e-04
    step 2700/3533 (global micro  9766/10599, update  9766/10599)  loss 0.5469  lr 1.14e-04
    step 2725/3533 (global micro  9791/10599, update  9791/10599)  loss 0.4200  lr 1.13e-04
    step 2750/3533 (global micro  9816/10599, update  9816/10599)  loss 0.4720  lr 1.12e-04
    step 2775/3533 (global micro  9841/10599, update  9841/10599)  loss 0.6159  lr 1.11e-04
    step 2800/3533 (global micro  9866/10599, update  9866/10599)  loss 0.5365  lr 1.11e-04
    step 2825/3533 (global micro  9891/10599, update  9891/10599)  loss 0.3835  lr 1.10e-04
    step 2850/3533 (global micro  9916/10599, update  9916/10599)  loss 0.4602  lr 1.09e-04
    step 2875/3533 (global micro  9941/10599, update  9941/10599)  loss 0.5718  lr 1.09e-04
    step 2900/3533 (global micro  9966/10599, update  9966/10599)  loss 0.3815  lr 1.08e-04
    step 2925/3533 (global micro  9991/10599, update  9991/10599)  loss 0.4317  lr 1.07e-04
    step 2950/3533 (global micro 10016/10599, update 10016/10599)  loss 0.5880  lr 1.07e-04
    step 2975/3533 (global micro 10041/10599, update 10041/10599)  loss 0.4088  lr 1.06e-04
    step 3000/3533 (global micro 10066/10599, update 10066/10599)  loss 0.4670  lr 1.06e-04
    step 3025/3533 (global micro 10091/10599, update 10091/10599)  loss 0.4590  lr 1.05e-04
    step 3050/3533 (global micro 10116/10599, update 10116/10599)  loss 0.4152  lr 1.05e-04
    step 3075/3533 (global micro 10141/10599, update 10141/10599)  loss 0.4909  lr 1.04e-04
    step 3100/3533 (global micro 10166/10599, update 10166/10599)  loss 0.4737  lr 1.04e-04
    step 3125/3533 (global micro 10191/10599, update 10191/10599)  loss 0.4710  lr 1.03e-04
    step 3150/3533 (global micro 10216/10599, update 10216/10599)  loss 0.4503  lr 1.03e-04
    step 3175/3533 (global micro 10241/10599, update 10241/10599)  loss 0.5034  lr 1.03e-04
    step 3200/3533 (global micro 10266/10599, update 10266/10599)  loss 0.4984  lr 1.02e-04
    step 3225/3533 (global micro 10291/10599, update 10291/10599)  loss 0.5632  lr 1.02e-04
    step 3250/3533 (global micro 10316/10599, update 10316/10599)  loss 0.4566  lr 1.02e-04
    step 3275/3533 (global micro 10341/10599, update 10341/10599)  loss 0.4491  lr 1.01e-04
    step 3300/3533 (global micro 10366/10599, update 10366/10599)  loss 0.4907  lr 1.01e-04
    step 3325/3533 (global micro 10391/10599, update 10391/10599)  loss 0.5251  lr 1.01e-04
    step 3350/3533 (global micro 10416/10599, update 10416/10599)  loss 0.4751  lr 1.01e-04
    step 3375/3533 (global micro 10441/10599, update 10441/10599)  loss 0.5186  lr 1.00e-04
    step 3400/3533 (global micro 10466/10599, update 10466/10599)  loss 0.5005  lr 1.00e-04
    step 3425/3533 (global micro 10491/10599, update 10491/10599)  loss 0.4522  lr 1.00e-04
    step 3450/3533 (global micro 10516/10599, update 10516/10599)  loss 0.5556  lr 1.00e-04
    step 3475/3533 (global micro 10541/10599, update 10541/10599)  loss 0.3557  lr 1.00e-04
    step 3500/3533 (global micro 10566/10599, update 10566/10599)  loss 0.4035  lr 1.00e-04
    step 3525/3533 (global micro 10591/10599, update 10591/10599)  loss 0.4372  lr 1.00e-04
    step 3533/3533 (global micro 10599/10599, update 10599/10599)  loss 0.4484  lr 1.00e-04
  epoch   3/3  loss 0.4805  lr 1.00e-04  (692.4s)
  Epoch checkpoint: /home/aomukai/Ninereeds/core/c13_Phase_D_direct_retry4_e3.pt

  Best loss: 0.4805
  Checkpoint saved: /home/aomukai/Ninereeds/core/c13_Phase_D_direct_retry4.pt

