  Training audit: PASSED
  Python: /home/aomukai/.unsloth/studio/unsloth_studio/bin/python
  Device: cuda
  Phase: 0
  Seed: 1337
  Data order: seeded-shuffle
  Resume checkpoint: /home/aomukai/Ninereeds/core/c13_Phase_D_bridge_pre_e1.pt

============================================================
  BDH Phase 0 Training
============================================================
  Data files: ['/home/aomukai/Ninereeds/training/corpus/campaign_13_phase_D.txt']
  Total bytes: 3,617,436
  Pre-loading corpus tensor...
  Corpus tensor: 3,617,436 tokens
  Model: small-25m (25.3M params)
  Resuming from: /home/aomukai/Ninereeds/core/c13_Phase_D_bridge_pre_e1.pt
  Seed: 1337  |  Deterministic: enabled  |  Data order: seeded-shuffle
  Epochs: 3  |  Windows/epoch: 14130  |  Micro-steps/epoch: 1767  |  Optimizer updates/epoch: 1767  |  Total optimizer updates: 5301  |  LR: 0.001
  Block size: 256  |  Batch size: 8
  Grad accumulation: 1
  AMP bf16: enabled
  Data mode: phase_text
  VRAM logging: disabled
  Log interval: every 25 step(s)
  Output: /home/aomukai/Ninereeds/core/c13_Phase_D_bridged.pt

    step    1/1767 (global micro     1/5301, update     1/5301)  loss 1.1357  lr 1.00e-03
    step   25/1767 (global micro    25/5301, update    25/5301)  loss 0.6759  lr 1.00e-03
    step   50/1767 (global micro    50/5301, update    50/5301)  loss 0.6863  lr 1.00e-03
    step   75/1767 (global micro    75/5301, update    75/5301)  loss 0.7063  lr 1.00e-03
    step  100/1767 (global micro   100/5301, update   100/5301)  loss 0.6639  lr 9.99e-04
    step  125/1767 (global micro   125/5301, update   125/5301)  loss 0.7357  lr 9.99e-04
    step  150/1767 (global micro   150/5301, update   150/5301)  loss 0.6879  lr 9.98e-04
    step  175/1767 (global micro   175/5301, update   175/5301)  loss 0.7097  lr 9.98e-04
    step  200/1767 (global micro   200/5301, update   200/5301)  loss 0.6200  lr 9.97e-04
    step  225/1767 (global micro   225/5301, update   225/5301)  loss 0.6463  lr 9.96e-04
    step  250/1767 (global micro   250/5301, update   250/5301)  loss 0.6788  lr 9.95e-04
    step  275/1767 (global micro   275/5301, update   275/5301)  loss 0.8988  lr 9.94e-04
    step  300/1767 (global micro   300/5301, update   300/5301)  loss 0.6804  lr 9.93e-04
    step  325/1767 (global micro   325/5301, update   325/5301)  loss 0.6610  lr 9.92e-04
    step  350/1767 (global micro   350/5301, update   350/5301)  loss 0.7009  lr 9.90e-04
    step  375/1767 (global micro   375/5301, update   375/5301)  loss 0.6926  lr 9.89e-04
    step  400/1767 (global micro   400/5301, update   400/5301)  loss 0.7626  lr 9.87e-04
    step  425/1767 (global micro   425/5301, update   425/5301)  loss 0.6130  lr 9.86e-04
    step  450/1767 (global micro   450/5301, update   450/5301)  loss 0.7859  lr 9.84e-04
    step  475/1767 (global micro   475/5301, update   475/5301)  loss 0.6797  lr 9.82e-04
    step  500/1767 (global micro   500/5301, update   500/5301)  loss 0.7259  lr 9.80e-04
    step  525/1767 (global micro   525/5301, update   525/5301)  loss 0.5679  lr 9.78e-04
    step  550/1767 (global micro   550/5301, update   550/5301)  loss 0.6840  lr 9.76e-04
    step  575/1767 (global micro   575/5301, update   575/5301)  loss 0.6271  lr 9.74e-04
    step  600/1767 (global micro   600/5301, update   600/5301)  loss 0.6617  lr 9.72e-04
    step  625/1767 (global micro   625/5301, update   625/5301)  loss 0.5795  lr 9.69e-04
    step  650/1767 (global micro   650/5301, update   650/5301)  loss 0.7329  lr 9.67e-04
    step  675/1767 (global micro   675/5301, update   675/5301)  loss 0.6200  lr 9.64e-04
    step  700/1767 (global micro   700/5301, update   700/5301)  loss 0.6499  lr 9.62e-04
    step  725/1767 (global micro   725/5301, update   725/5301)  loss 0.6813  lr 9.59e-04
    step  750/1767 (global micro   750/5301, update   750/5301)  loss 0.7086  lr 9.56e-04
    step  775/1767 (global micro   775/5301, update   775/5301)  loss 0.8128  lr 9.53e-04
    step  800/1767 (global micro   800/5301, update   800/5301)  loss 0.7909  lr 9.50e-04
    step  825/1767 (global micro   825/5301, update   825/5301)  loss 0.6344  lr 9.47e-04
    step  850/1767 (global micro   850/5301, update   850/5301)  loss 0.7408  lr 9.44e-04
    step  875/1767 (global micro   875/5301, update   875/5301)  loss 0.5826  lr 9.41e-04
    step  900/1767 (global micro   900/5301, update   900/5301)  loss 0.6866  lr 9.37e-04
    step  925/1767 (global micro   925/5301, update   925/5301)  loss 0.6795  lr 9.34e-04
    step  950/1767 (global micro   950/5301, update   950/5301)  loss 0.7210  lr 9.31e-04
    step  975/1767 (global micro   975/5301, update   975/5301)  loss 0.7287  lr 9.27e-04
    step 1000/1767 (global micro  1000/5301, update  1000/5301)  loss 0.5421  lr 9.23e-04
    step 1025/1767 (global micro  1025/5301, update  1025/5301)  loss 0.6637  lr 9.19e-04
    step 1050/1767 (global micro  1050/5301, update  1050/5301)  loss 0.6707  lr 9.16e-04
    step 1075/1767 (global micro  1075/5301, update  1075/5301)  loss 0.5882  lr 9.12e-04
    step 1100/1767 (global micro  1100/5301, update  1100/5301)  loss 0.5991  lr 9.08e-04
    step 1125/1767 (global micro  1125/5301, update  1125/5301)  loss 0.7230  lr 9.04e-04
    step 1150/1767 (global micro  1150/5301, update  1150/5301)  loss 0.5805  lr 8.99e-04
    step 1175/1767 (global micro  1175/5301, update  1175/5301)  loss 0.7001  lr 8.95e-04
    step 1200/1767 (global micro  1200/5301, update  1200/5301)  loss 0.7347  lr 8.91e-04
    step 1225/1767 (global micro  1225/5301, update  1225/5301)  loss 0.7306  lr 8.87e-04
    step 1250/1767 (global micro  1250/5301, update  1250/5301)  loss 0.8313  lr 8.82e-04
    step 1275/1767 (global micro  1275/5301, update  1275/5301)  loss 0.6882  lr 8.78e-04
    step 1300/1767 (global micro  1300/5301, update  1300/5301)  loss 0.6902  lr 8.73e-04
    step 1325/1767 (global micro  1325/5301, update  1325/5301)  loss 0.5839  lr 8.68e-04
    step 1350/1767 (global micro  1350/5301, update  1350/5301)  loss 0.6216  lr 8.63e-04
    step 1375/1767 (global micro  1375/5301, update  1375/5301)  loss 0.7131  lr 8.59e-04
    step 1400/1767 (global micro  1400/5301, update  1400/5301)  loss 0.5604  lr 8.54e-04
    step 1425/1767 (global micro  1425/5301, update  1425/5301)  loss 0.6062  lr 8.49e-04
    step 1450/1767 (global micro  1450/5301, update  1450/5301)  loss 0.7421  lr 8.44e-04
    step 1475/1767 (global micro  1475/5301, update  1475/5301)  loss 0.6551  lr 8.39e-04
    step 1500/1767 (global micro  1500/5301, update  1500/5301)  loss 0.5883  lr 8.34e-04
    step 1525/1767 (global micro  1525/5301, update  1525/5301)  loss 0.6013  lr 8.28e-04
    step 1550/1767 (global micro  1550/5301, update  1550/5301)  loss 0.5520  lr 8.23e-04
    step 1575/1767 (global micro  1575/5301, update  1575/5301)  loss 0.6993  lr 8.18e-04
    step 1600/1767 (global micro  1600/5301, update  1600/5301)  loss 0.5766  lr 8.12e-04
    step 1625/1767 (global micro  1625/5301, update  1625/5301)  loss 0.8076  lr 8.07e-04
    step 1650/1767 (global micro  1650/5301, update  1650/5301)  loss 0.7397  lr 8.01e-04
    step 1675/1767 (global micro  1675/5301, update  1675/5301)  loss 0.6725  lr 7.96e-04
    step 1700/1767 (global micro  1700/5301, update  1700/5301)  loss 0.5777  lr 7.90e-04
    step 1725/1767 (global micro  1725/5301, update  1725/5301)  loss 0.7221  lr 7.85e-04
    step 1750/1767 (global micro  1750/5301, update  1750/5301)  loss 0.6175  lr 7.79e-04
    step 1767/1767 (global micro  1767/5301, update  1767/5301)  loss 0.6475  lr 7.75e-04
  epoch   1/3  loss 0.6629  lr 7.75e-04  (664.2s)
  Epoch checkpoint: /home/aomukai/Ninereeds/core/c13_Phase_D_bridged_e1.pt
    step    1/1767 (global micro  1768/5301, update  1768/5301)  loss 0.6009  lr 7.75e-04
    step   25/1767 (global micro  1792/5301, update  1792/5301)  loss 0.6131  lr 7.69e-04
    step   50/1767 (global micro  1817/5301, update  1817/5301)  loss 0.6647  lr 7.63e-04
    step   75/1767 (global micro  1842/5301, update  1842/5301)  loss 0.6211  lr 7.57e-04
    step  100/1767 (global micro  1867/5301, update  1867/5301)  loss 0.5075  lr 7.52e-04
    step  125/1767 (global micro  1892/5301, update  1892/5301)  loss 0.4911  lr 7.46e-04
    step  150/1767 (global micro  1917/5301, update  1917/5301)  loss 0.5983  lr 7.40e-04
    step  175/1767 (global micro  1942/5301, update  1942/5301)  loss 0.5704  lr 7.33e-04
    step  200/1767 (global micro  1967/5301, update  1967/5301)  loss 0.6298  lr 7.27e-04
    step  225/1767 (global micro  1992/5301, update  1992/5301)  loss 0.5927  lr 7.21e-04
    step  250/1767 (global micro  2017/5301, update  2017/5301)  loss 0.5105  lr 7.15e-04
    step  275/1767 (global micro  2042/5301, update  2042/5301)  loss 0.5638  lr 7.09e-04
    step  300/1767 (global micro  2067/5301, update  2067/5301)  loss 0.4827  lr 7.03e-04
    step  325/1767 (global micro  2092/5301, update  2092/5301)  loss 0.6521  lr 6.96e-04
    step  350/1767 (global micro  2117/5301, update  2117/5301)  loss 0.5023  lr 6.90e-04
    step  375/1767 (global micro  2142/5301, update  2142/5301)  loss 0.5793  lr 6.84e-04
    step  400/1767 (global micro  2167/5301, update  2167/5301)  loss 0.6130  lr 6.77e-04
    step  425/1767 (global micro  2192/5301, update  2192/5301)  loss 0.6760  lr 6.71e-04
    step  450/1767 (global micro  2217/5301, update  2217/5301)  loss 0.4556  lr 6.64e-04
    step  475/1767 (global micro  2242/5301, update  2242/5301)  loss 0.5974  lr 6.58e-04
    step  500/1767 (global micro  2267/5301, update  2267/5301)  loss 0.5352  lr 6.51e-04
    step  525/1767 (global micro  2292/5301, update  2292/5301)  loss 0.5724  lr 6.45e-04
    step  550/1767 (global micro  2317/5301, update  2317/5301)  loss 0.5314  lr 6.38e-04
    step  575/1767 (global micro  2342/5301, update  2342/5301)  loss 0.5634  lr 6.32e-04
    step  600/1767 (global micro  2367/5301, update  2367/5301)  loss 0.5358  lr 6.25e-04
    step  625/1767 (global micro  2392/5301, update  2392/5301)  loss 0.5397  lr 6.19e-04
    step  650/1767 (global micro  2417/5301, update  2417/5301)  loss 0.4697  lr 6.12e-04
    step  675/1767 (global micro  2442/5301, update  2442/5301)  loss 0.5740  lr 6.05e-04
    step  700/1767 (global micro  2467/5301, update  2467/5301)  loss 0.5962  lr 5.99e-04
    step  725/1767 (global micro  2492/5301, update  2492/5301)  loss 0.5127  lr 5.92e-04
    step  750/1767 (global micro  2517/5301, update  2517/5301)  loss 0.5552  lr 5.86e-04
    step  775/1767 (global micro  2542/5301, update  2542/5301)  loss 0.5099  lr 5.79e-04
    step  800/1767 (global micro  2567/5301, update  2567/5301)  loss 0.5697  lr 5.72e-04
    step  825/1767 (global micro  2592/5301, update  2592/5301)  loss 0.5574  lr 5.66e-04
    step  850/1767 (global micro  2617/5301, update  2617/5301)  loss 0.5256  lr 5.59e-04
    step  875/1767 (global micro  2642/5301, update  2642/5301)  loss 0.5744  lr 5.52e-04
    step  900/1767 (global micro  2667/5301, update  2667/5301)  loss 0.5870  lr 5.46e-04
    step  925/1767 (global micro  2692/5301, update  2692/5301)  loss 0.4284  lr 5.39e-04
    step  950/1767 (global micro  2717/5301, update  2717/5301)  loss 0.5573  lr 5.32e-04
    step  975/1767 (global micro  2742/5301, update  2742/5301)  loss 0.5583  lr 5.26e-04
    step 1000/1767 (global micro  2767/5301, update  2767/5301)  loss 0.5977  lr 5.19e-04
    step 1025/1767 (global micro  2792/5301, update  2792/5301)  loss 0.5084  lr 5.12e-04
    step 1050/1767 (global micro  2817/5301, update  2817/5301)  loss 0.4866  lr 5.06e-04
    step 1075/1767 (global micro  2842/5301, update  2842/5301)  loss 0.4751  lr 4.99e-04
    step 1100/1767 (global micro  2867/5301, update  2867/5301)  loss 0.5401  lr 4.92e-04
    step 1125/1767 (global micro  2892/5301, update  2892/5301)  loss 0.5743  lr 4.86e-04
    step 1150/1767 (global micro  2917/5301, update  2917/5301)  loss 0.5425  lr 4.79e-04
    step 1175/1767 (global micro  2942/5301, update  2942/5301)  loss 0.5128  lr 4.73e-04
    step 1200/1767 (global micro  2967/5301, update  2967/5301)  loss 0.5894  lr 4.66e-04
    step 1225/1767 (global micro  2992/5301, update  2992/5301)  loss 0.4880  lr 4.60e-04
    step 1250/1767 (global micro  3017/5301, update  3017/5301)  loss 0.6141  lr 4.53e-04
    step 1275/1767 (global micro  3042/5301, update  3042/5301)  loss 0.4626  lr 4.47e-04
    step 1300/1767 (global micro  3067/5301, update  3067/5301)  loss 0.4555  lr 4.40e-04
    step 1325/1767 (global micro  3092/5301, update  3092/5301)  loss 0.4985  lr 4.34e-04
    step 1350/1767 (global micro  3117/5301, update  3117/5301)  loss 0.5621  lr 4.27e-04
    step 1375/1767 (global micro  3142/5301, update  3142/5301)  loss 0.5083  lr 4.21e-04
    step 1400/1767 (global micro  3167/5301, update  3167/5301)  loss 0.6170  lr 4.14e-04
    step 1425/1767 (global micro  3192/5301, update  3192/5301)  loss 0.4999  lr 4.08e-04
    step 1450/1767 (global micro  3217/5301, update  3217/5301)  loss 0.4912  lr 4.02e-04
    step 1475/1767 (global micro  3242/5301, update  3242/5301)  loss 0.4963  lr 3.95e-04
    step 1500/1767 (global micro  3267/5301, update  3267/5301)  loss 0.5896  lr 3.89e-04
    step 1525/1767 (global micro  3292/5301, update  3292/5301)  loss 0.5502  lr 3.83e-04
    step 1550/1767 (global micro  3317/5301, update  3317/5301)  loss 0.5843  lr 3.77e-04
    step 1575/1767 (global micro  3342/5301, update  3342/5301)  loss 0.5277  lr 3.71e-04
    step 1600/1767 (global micro  3367/5301, update  3367/5301)  loss 0.5125  lr 3.65e-04
    step 1625/1767 (global micro  3392/5301, update  3392/5301)  loss 0.6428  lr 3.59e-04
    step 1650/1767 (global micro  3417/5301, update  3417/5301)  loss 0.4318  lr 3.53e-04
    step 1675/1767 (global micro  3442/5301, update  3442/5301)  loss 0.5105  lr 3.47e-04
    step 1700/1767 (global micro  3467/5301, update  3467/5301)  loss 0.5716  lr 3.41e-04
    step 1725/1767 (global micro  3492/5301, update  3492/5301)  loss 0.3795  lr 3.35e-04
    step 1750/1767 (global micro  3517/5301, update  3517/5301)  loss 0.5357  lr 3.29e-04
    step 1767/1767 (global micro  3534/5301, update  3534/5301)  loss 0.5993  lr 3.25e-04
  epoch   2/3  loss 0.5553  lr 3.25e-04  (663.9s)
  Epoch checkpoint: /home/aomukai/Ninereeds/core/c13_Phase_D_bridged_e2.pt
    step    1/1767 (global micro  3535/5301, update  3535/5301)  loss 0.4947  lr 3.25e-04
    step   25/1767 (global micro  3559/5301, update  3559/5301)  loss 0.5144  lr 3.19e-04
    step   50/1767 (global micro  3584/5301, update  3584/5301)  loss 0.4273  lr 3.14e-04
    step   75/1767 (global micro  3609/5301, update  3609/5301)  loss 0.4357  lr 3.08e-04
    step  100/1767 (global micro  3634/5301, update  3634/5301)  loss 0.4942  lr 3.02e-04
    step  125/1767 (global micro  3659/5301, update  3659/5301)  loss 0.4581  lr 2.97e-04
    step  150/1767 (global micro  3684/5301, update  3684/5301)  loss 0.4133  lr 2.91e-04
    step  175/1767 (global micro  3709/5301, update  3709/5301)  loss 0.4421  lr 2.86e-04
    step  200/1767 (global micro  3734/5301, update  3734/5301)  loss 0.5353  lr 2.80e-04
    step  225/1767 (global micro  3759/5301, update  3759/5301)  loss 0.4554  lr 2.75e-04
    step  250/1767 (global micro  3784/5301, update  3784/5301)  loss 0.5272  lr 2.70e-04
    step  275/1767 (global micro  3809/5301, update  3809/5301)  loss 0.4980  lr 2.65e-04
    step  300/1767 (global micro  3834/5301, update  3834/5301)  loss 0.4644  lr 2.60e-04
    step  325/1767 (global micro  3859/5301, update  3859/5301)  loss 0.5857  lr 2.55e-04
    step  350/1767 (global micro  3884/5301, update  3884/5301)  loss 0.4567  lr 2.50e-04
    step  375/1767 (global micro  3909/5301, update  3909/5301)  loss 0.5002  lr 2.45e-04
    step  400/1767 (global micro  3934/5301, update  3934/5301)  loss 0.4124  lr 2.40e-04
    step  425/1767 (global micro  3959/5301, update  3959/5301)  loss 0.4442  lr 2.35e-04
    step  450/1767 (global micro  3984/5301, update  3984/5301)  loss 0.4373  lr 2.30e-04
    step  475/1767 (global micro  4009/5301, update  4009/5301)  loss 0.4495  lr 2.26e-04
    step  500/1767 (global micro  4034/5301, update  4034/5301)  loss 0.5158  lr 2.21e-04
    step  525/1767 (global micro  4059/5301, update  4059/5301)  loss 0.4190  lr 2.16e-04
    step  550/1767 (global micro  4084/5301, update  4084/5301)  loss 0.4641  lr 2.12e-04
    step  575/1767 (global micro  4109/5301, update  4109/5301)  loss 0.4563  lr 2.08e-04
    step  600/1767 (global micro  4134/5301, update  4134/5301)  loss 0.3700  lr 2.03e-04
    step  625/1767 (global micro  4159/5301, update  4159/5301)  loss 0.4083  lr 1.99e-04
    step  650/1767 (global micro  4184/5301, update  4184/5301)  loss 0.5210  lr 1.95e-04
    step  675/1767 (global micro  4209/5301, update  4209/5301)  loss 0.4432  lr 1.91e-04
    step  700/1767 (global micro  4234/5301, update  4234/5301)  loss 0.4960  lr 1.87e-04
    step  725/1767 (global micro  4259/5301, update  4259/5301)  loss 0.5474  lr 1.83e-04
    step  750/1767 (global micro  4284/5301, update  4284/5301)  loss 0.3915  lr 1.79e-04
    step  775/1767 (global micro  4309/5301, update  4309/5301)  loss 0.4836  lr 1.76e-04
    step  800/1767 (global micro  4334/5301, update  4334/5301)  loss 0.4227  lr 1.72e-04
    step  825/1767 (global micro  4359/5301, update  4359/5301)  loss 0.4439  lr 1.68e-04
    step  850/1767 (global micro  4384/5301, update  4384/5301)  loss 0.4352  lr 1.65e-04
    step  875/1767 (global micro  4409/5301, update  4409/5301)  loss 0.4147  lr 1.61e-04
    step  900/1767 (global micro  4434/5301, update  4434/5301)  loss 0.4418  lr 1.58e-04
    step  925/1767 (global micro  4459/5301, update  4459/5301)  loss 0.4739  lr 1.55e-04
    step  950/1767 (global micro  4484/5301, update  4484/5301)  loss 0.4433  lr 1.52e-04
    step  975/1767 (global micro  4509/5301, update  4509/5301)  loss 0.4352  lr 1.49e-04
    step 1000/1767 (global micro  4534/5301, update  4534/5301)  loss 0.4094  lr 1.46e-04
    step 1025/1767 (global micro  4559/5301, update  4559/5301)  loss 0.4648  lr 1.43e-04
    step 1050/1767 (global micro  4584/5301, update  4584/5301)  loss 0.4855  lr 1.40e-04
    step 1075/1767 (global micro  4609/5301, update  4609/5301)  loss 0.3997  lr 1.37e-04
    step 1100/1767 (global micro  4634/5301, update  4634/5301)  loss 0.4481  lr 1.35e-04
    step 1125/1767 (global micro  4659/5301, update  4659/5301)  loss 0.4503  lr 1.32e-04
    step 1150/1767 (global micro  4684/5301, update  4684/5301)  loss 0.4441  lr 1.30e-04
    step 1175/1767 (global micro  4709/5301, update  4709/5301)  loss 0.4691  lr 1.27e-04
    step 1200/1767 (global micro  4734/5301, update  4734/5301)  loss 0.4176  lr 1.25e-04
    step 1225/1767 (global micro  4759/5301, update  4759/5301)  loss 0.4052  lr 1.23e-04
    step 1250/1767 (global micro  4784/5301, update  4784/5301)  loss 0.4387  lr 1.21e-04
    step 1275/1767 (global micro  4809/5301, update  4809/5301)  loss 0.4712  lr 1.19e-04
    step 1300/1767 (global micro  4834/5301, update  4834/5301)  loss 0.4349  lr 1.17e-04
    step 1325/1767 (global micro  4859/5301, update  4859/5301)  loss 0.4060  lr 1.15e-04
    step 1350/1767 (global micro  4884/5301, update  4884/5301)  loss 0.4997  lr 1.14e-04
    step 1375/1767 (global micro  4909/5301, update  4909/5301)  loss 0.4464  lr 1.12e-04
    step 1400/1767 (global micro  4934/5301, update  4934/5301)  loss 0.4310  lr 1.11e-04
    step 1425/1767 (global micro  4959/5301, update  4959/5301)  loss 0.4044  lr 1.09e-04
    step 1450/1767 (global micro  4984/5301, update  4984/5301)  loss 0.4954  lr 1.08e-04
    step 1475/1767 (global micro  5009/5301, update  5009/5301)  loss 0.5063  lr 1.07e-04
    step 1500/1767 (global micro  5034/5301, update  5034/5301)  loss 0.4320  lr 1.06e-04
    step 1525/1767 (global micro  5059/5301, update  5059/5301)  loss 0.3963  lr 1.05e-04
    step 1550/1767 (global micro  5084/5301, update  5084/5301)  loss 0.4381  lr 1.04e-04
    step 1575/1767 (global micro  5109/5301, update  5109/5301)  loss 0.4860  lr 1.03e-04
    step 1600/1767 (global micro  5134/5301, update  5134/5301)  loss 0.4706  lr 1.02e-04
    step 1625/1767 (global micro  5159/5301, update  5159/5301)  loss 0.4613  lr 1.02e-04
    step 1650/1767 (global micro  5184/5301, update  5184/5301)  loss 0.4384  lr 1.01e-04
    step 1675/1767 (global micro  5209/5301, update  5209/5301)  loss 0.4322  lr 1.01e-04
    step 1700/1767 (global micro  5234/5301, update  5234/5301)  loss 0.4630  lr 1.00e-04
    step 1725/1767 (global micro  5259/5301, update  5259/5301)  loss 0.4972  lr 1.00e-04
    step 1750/1767 (global micro  5284/5301, update  5284/5301)  loss 0.4134  lr 1.00e-04
    step 1767/1767 (global micro  5301/5301, update  5301/5301)  loss 0.4338  lr 1.00e-04
  epoch   3/3  loss 0.4564  lr 1.00e-04  (663.8s)
  Epoch checkpoint: /home/aomukai/Ninereeds/core/c13_Phase_D_bridged_e3.pt

  Best loss: 0.4564
  Checkpoint saved: /home/aomukai/Ninereeds/core/c13_Phase_D_bridged.pt

