  Training audit: PASSED
  Python: /home/aomukai/.unsloth/studio/unsloth_studio/bin/python
  Device: cuda
  Phase: 0
  Seed: 1337
  Data order: seeded-shuffle
  Resume checkpoint: /home/aomukai/Ninereeds/checkpoints/c13_Phase_C_winner.pt

============================================================
  BDH Phase 0 Training
============================================================
  Data files: ['/home/aomukai/Ninereeds/training/corpus/campaign_13_phase_C.txt']
  Total bytes: 5,386,252
  Pre-loading corpus tensor...
  Corpus tensor: 5,386,252 tokens
  Model: small-25m (25.3M params)
  Resuming from: /home/aomukai/Ninereeds/checkpoints/c13_Phase_C_winner.pt
  Seed: 1337  |  Deterministic: enabled  |  Data order: seeded-shuffle
  Epochs: 2  |  Windows/epoch: 21040  |  Micro-steps/epoch: 5260  |  Optimizer updates/epoch: 5260  |  Total optimizer updates: 10520  |  LR: 0.001
  Block size: 256  |  Batch size: 4
  Grad accumulation: 1
  AMP bf16: enabled
  Data mode: phase_text
  VRAM logging: disabled
  Log interval: every 25 step(s)
  Output: /home/aomukai/Ninereeds/core/c13_Phase_C_ext_p1.pt

    step    1/5260 (global micro     1/10520, update     1/10520)  loss 0.5208  lr 1.00e-03
    step   25/5260 (global micro    25/10520, update    25/10520)  loss 0.5395  lr 1.00e-03
    step   50/5260 (global micro    50/10520, update    50/10520)  loss 0.7087  lr 1.00e-03
    step   75/5260 (global micro    75/10520, update    75/10520)  loss 0.7622  lr 1.00e-03
    step  100/5260 (global micro   100/10520, update   100/10520)  loss 0.6746  lr 1.00e-03
    step  125/5260 (global micro   125/10520, update   125/10520)  loss 0.7629  lr 1.00e-03
    step  150/5260 (global micro   150/10520, update   150/10520)  loss 0.7967  lr 1.00e-03
    step  175/5260 (global micro   175/10520, update   175/10520)  loss 0.6544  lr 9.99e-04
    step  200/5260 (global micro   200/10520, update   200/10520)  loss 0.4997  lr 9.99e-04
    step  225/5260 (global micro   225/10520, update   225/10520)  loss 0.7500  lr 9.99e-04
    step  250/5260 (global micro   250/10520, update   250/10520)  loss 0.7135  lr 9.99e-04
    step  275/5260 (global micro   275/10520, update   275/10520)  loss 0.7480  lr 9.98e-04
    step  300/5260 (global micro   300/10520, update   300/10520)  loss 0.6209  lr 9.98e-04
    step  325/5260 (global micro   325/10520, update   325/10520)  loss 0.7804  lr 9.98e-04
    step  350/5260 (global micro   350/10520, update   350/10520)  loss 0.5835  lr 9.98e-04
    step  375/5260 (global micro   375/10520, update   375/10520)  loss 0.8740  lr 9.97e-04
    step  400/5260 (global micro   400/10520, update   400/10520)  loss 0.8006  lr 9.97e-04
    step  425/5260 (global micro   425/10520, update   425/10520)  loss 0.6369  lr 9.96e-04
    step  450/5260 (global micro   450/10520, update   450/10520)  loss 0.7603  lr 9.96e-04
    step  475/5260 (global micro   475/10520, update   475/10520)  loss 0.7981  lr 9.95e-04
    step  500/5260 (global micro   500/10520, update   500/10520)  loss 0.7419  lr 9.95e-04
    step  525/5260 (global micro   525/10520, update   525/10520)  loss 0.6322  lr 9.94e-04
    step  550/5260 (global micro   550/10520, update   550/10520)  loss 0.6757  lr 9.94e-04
    step  575/5260 (global micro   575/10520, update   575/10520)  loss 0.5955  lr 9.93e-04
    step  600/5260 (global micro   600/10520, update   600/10520)  loss 0.7513  lr 9.93e-04
    step  625/5260 (global micro   625/10520, update   625/10520)  loss 0.7214  lr 9.92e-04
    step  650/5260 (global micro   650/10520, update   650/10520)  loss 0.6679  lr 9.92e-04
    step  675/5260 (global micro   675/10520, update   675/10520)  loss 0.5790  lr 9.91e-04
    step  700/5260 (global micro   700/10520, update   700/10520)  loss 0.5945  lr 9.90e-04
    step  725/5260 (global micro   725/10520, update   725/10520)  loss 0.8241  lr 9.89e-04
    step  750/5260 (global micro   750/10520, update   750/10520)  loss 0.7502  lr 9.89e-04
    step  775/5260 (global micro   775/10520, update   775/10520)  loss 0.7213  lr 9.88e-04
    step  800/5260 (global micro   800/10520, update   800/10520)  loss 0.8700  lr 9.87e-04
    step  825/5260 (global micro   825/10520, update   825/10520)  loss 0.5359  lr 9.86e-04
    step  850/5260 (global micro   850/10520, update   850/10520)  loss 0.6569  lr 9.86e-04
    step  875/5260 (global micro   875/10520, update   875/10520)  loss 0.7482  lr 9.85e-04
    step  900/5260 (global micro   900/10520, update   900/10520)  loss 0.8817  lr 9.84e-04
    step  925/5260 (global micro   925/10520, update   925/10520)  loss 0.6417  lr 9.83e-04
    step  950/5260 (global micro   950/10520, update   950/10520)  loss 0.6528  lr 9.82e-04
    step  975/5260 (global micro   975/10520, update   975/10520)  loss 0.7924  lr 9.81e-04
    step 1000/5260 (global micro  1000/10520, update  1000/10520)  loss 0.7742  lr 9.80e-04
    step 1025/5260 (global micro  1025/10520, update  1025/10520)  loss 0.5892  lr 9.79e-04
    step 1050/5260 (global micro  1050/10520, update  1050/10520)  loss 0.6979  lr 9.78e-04
    step 1075/5260 (global micro  1075/10520, update  1075/10520)  loss 0.6456  lr 9.77e-04
    step 1100/5260 (global micro  1100/10520, update  1100/10520)  loss 0.9361  lr 9.76e-04
    step 1125/5260 (global micro  1125/10520, update  1125/10520)  loss 0.6759  lr 9.75e-04
    step 1150/5260 (global micro  1150/10520, update  1150/10520)  loss 0.9025  lr 9.74e-04
    step 1175/5260 (global micro  1175/10520, update  1175/10520)  loss 0.6180  lr 9.73e-04
    step 1200/5260 (global micro  1200/10520, update  1200/10520)  loss 0.6500  lr 9.71e-04
    step 1225/5260 (global micro  1225/10520, update  1225/10520)  loss 0.6879  lr 9.70e-04
    step 1250/5260 (global micro  1250/10520, update  1250/10520)  loss 0.6453  lr 9.69e-04
    step 1275/5260 (global micro  1275/10520, update  1275/10520)  loss 0.6597  lr 9.68e-04
    step 1300/5260 (global micro  1300/10520, update  1300/10520)  loss 0.6359  lr 9.67e-04
    step 1325/5260 (global micro  1325/10520, update  1325/10520)  loss 0.8731  lr 9.65e-04
    step 1350/5260 (global micro  1350/10520, update  1350/10520)  loss 0.6557  lr 9.64e-04
    step 1375/5260 (global micro  1375/10520, update  1375/10520)  loss 0.6410  lr 9.63e-04
    step 1400/5260 (global micro  1400/10520, update  1400/10520)  loss 0.6423  lr 9.61e-04
    step 1425/5260 (global micro  1425/10520, update  1425/10520)  loss 0.6681  lr 9.60e-04
    step 1450/5260 (global micro  1450/10520, update  1450/10520)  loss 0.6255  lr 9.58e-04
    step 1475/5260 (global micro  1475/10520, update  1475/10520)  loss 0.7908  lr 9.57e-04
    step 1500/5260 (global micro  1500/10520, update  1500/10520)  loss 0.6450  lr 9.56e-04
    step 1525/5260 (global micro  1525/10520, update  1525/10520)  loss 0.7680  lr 9.54e-04
    step 1550/5260 (global micro  1550/10520, update  1550/10520)  loss 0.7748  lr 9.53e-04
    step 1575/5260 (global micro  1575/10520, update  1575/10520)  loss 0.8486  lr 9.51e-04
    step 1600/5260 (global micro  1600/10520, update  1600/10520)  loss 0.6856  lr 9.50e-04
    step 1625/5260 (global micro  1625/10520, update  1625/10520)  loss 0.7027  lr 9.48e-04
    step 1650/5260 (global micro  1650/10520, update  1650/10520)  loss 0.6446  lr 9.46e-04
    step 1675/5260 (global micro  1675/10520, update  1675/10520)  loss 0.6669  lr 9.45e-04
    step 1700/5260 (global micro  1700/10520, update  1700/10520)  loss 0.5938  lr 9.43e-04
    step 1725/5260 (global micro  1725/10520, update  1725/10520)  loss 0.7601  lr 9.42e-04
    step 1750/5260 (global micro  1750/10520, update  1750/10520)  loss 0.5894  lr 9.40e-04
    step 1775/5260 (global micro  1775/10520, update  1775/10520)  loss 0.5988  lr 9.38e-04
    step 1800/5260 (global micro  1800/10520, update  1800/10520)  loss 0.7207  lr 9.37e-04
    step 1825/5260 (global micro  1825/10520, update  1825/10520)  loss 0.6995  lr 9.35e-04
    step 1850/5260 (global micro  1850/10520, update  1850/10520)  loss 0.7377  lr 9.33e-04
    step 1875/5260 (global micro  1875/10520, update  1875/10520)  loss 0.7154  lr 9.31e-04
    step 1900/5260 (global micro  1900/10520, update  1900/10520)  loss 0.5655  lr 9.29e-04
    step 1925/5260 (global micro  1925/10520, update  1925/10520)  loss 0.6267  lr 9.28e-04
    step 1950/5260 (global micro  1950/10520, update  1950/10520)  loss 0.6772  lr 9.26e-04
    step 1975/5260 (global micro  1975/10520, update  1975/10520)  loss 0.6122  lr 9.24e-04
    step 2000/5260 (global micro  2000/10520, update  2000/10520)  loss 0.6984  lr 9.22e-04
    step 2025/5260 (global micro  2025/10520, update  2025/10520)  loss 0.6909  lr 9.20e-04
    step 2050/5260 (global micro  2050/10520, update  2050/10520)  loss 0.6892  lr 9.18e-04
    step 2075/5260 (global micro  2075/10520, update  2075/10520)  loss 0.7325  lr 9.16e-04
    step 2100/5260 (global micro  2100/10520, update  2100/10520)  loss 0.6958  lr 9.14e-04
    step 2125/5260 (global micro  2125/10520, update  2125/10520)  loss 0.7332  lr 9.12e-04
    step 2150/5260 (global micro  2150/10520, update  2150/10520)  loss 0.6377  lr 9.10e-04
    step 2175/5260 (global micro  2175/10520, update  2175/10520)  loss 0.6759  lr 9.08e-04
    step 2200/5260 (global micro  2200/10520, update  2200/10520)  loss 0.6855  lr 9.06e-04
    step 2225/5260 (global micro  2225/10520, update  2225/10520)  loss 0.7348  lr 9.04e-04
    step 2250/5260 (global micro  2250/10520, update  2250/10520)  loss 0.8126  lr 9.02e-04
    step 2275/5260 (global micro  2275/10520, update  2275/10520)  loss 0.7621  lr 9.00e-04
    step 2300/5260 (global micro  2300/10520, update  2300/10520)  loss 0.5563  lr 8.98e-04
    step 2325/5260 (global micro  2325/10520, update  2325/10520)  loss 0.6924  lr 8.96e-04
    step 2350/5260 (global micro  2350/10520, update  2350/10520)  loss 0.7472  lr 8.94e-04
    step 2375/5260 (global micro  2375/10520, update  2375/10520)  loss 0.8350  lr 8.91e-04
    step 2400/5260 (global micro  2400/10520, update  2400/10520)  loss 0.7541  lr 8.89e-04
    step 2425/5260 (global micro  2425/10520, update  2425/10520)  loss 0.7312  lr 8.87e-04
    step 2450/5260 (global micro  2450/10520, update  2450/10520)  loss 0.6134  lr 8.85e-04
    step 2475/5260 (global micro  2475/10520, update  2475/10520)  loss 0.6985  lr 8.83e-04
    step 2500/5260 (global micro  2500/10520, update  2500/10520)  loss 0.6677  lr 8.80e-04
    step 2525/5260 (global micro  2525/10520, update  2525/10520)  loss 0.7225  lr 8.78e-04
    step 2550/5260 (global micro  2550/10520, update  2550/10520)  loss 0.7606  lr 8.76e-04
    step 2575/5260 (global micro  2575/10520, update  2575/10520)  loss 0.6098  lr 8.73e-04
    step 2600/5260 (global micro  2600/10520, update  2600/10520)  loss 0.6713  lr 8.71e-04
    step 2625/5260 (global micro  2625/10520, update  2625/10520)  loss 0.6901  lr 8.69e-04
    step 2650/5260 (global micro  2650/10520, update  2650/10520)  loss 0.7819  lr 8.66e-04
    step 2675/5260 (global micro  2675/10520, update  2675/10520)  loss 0.6470  lr 8.64e-04
    step 2700/5260 (global micro  2700/10520, update  2700/10520)  loss 0.5539  lr 8.61e-04
    step 2725/5260 (global micro  2725/10520, update  2725/10520)  loss 0.8898  lr 8.59e-04
    step 2750/5260 (global micro  2750/10520, update  2750/10520)  loss 0.6533  lr 8.57e-04
    step 2775/5260 (global micro  2775/10520, update  2775/10520)  loss 0.4936  lr 8.54e-04
    step 2800/5260 (global micro  2800/10520, update  2800/10520)  loss 0.5373  lr 8.52e-04
    step 2825/5260 (global micro  2825/10520, update  2825/10520)  loss 0.5215  lr 8.49e-04
    step 2850/5260 (global micro  2850/10520, update  2850/10520)  loss 0.6742  lr 8.47e-04
    step 2875/5260 (global micro  2875/10520, update  2875/10520)  loss 0.7121  lr 8.44e-04
    step 2900/5260 (global micro  2900/10520, update  2900/10520)  loss 0.6257  lr 8.42e-04
    step 2925/5260 (global micro  2925/10520, update  2925/10520)  loss 0.5641  lr 8.39e-04
    step 2950/5260 (global micro  2950/10520, update  2950/10520)  loss 0.7023  lr 8.36e-04
    step 2975/5260 (global micro  2975/10520, update  2975/10520)  loss 0.9005  lr 8.34e-04
    step 3000/5260 (global micro  3000/10520, update  3000/10520)  loss 0.6785  lr 8.31e-04
    step 3025/5260 (global micro  3025/10520, update  3025/10520)  loss 0.7497  lr 8.29e-04
    step 3050/5260 (global micro  3050/10520, update  3050/10520)  loss 0.6582  lr 8.26e-04
    step 3075/5260 (global micro  3075/10520, update  3075/10520)  loss 0.5962  lr 8.23e-04
    step 3100/5260 (global micro  3100/10520, update  3100/10520)  loss 0.5116  lr 8.21e-04
    step 3125/5260 (global micro  3125/10520, update  3125/10520)  loss 0.7170  lr 8.18e-04
    step 3150/5260 (global micro  3150/10520, update  3150/10520)  loss 0.7440  lr 8.15e-04
    step 3175/5260 (global micro  3175/10520, update  3175/10520)  loss 0.5233  lr 8.12e-04
    step 3200/5260 (global micro  3200/10520, update  3200/10520)  loss 0.7233  lr 8.10e-04
    step 3225/5260 (global micro  3225/10520, update  3225/10520)  loss 0.7600  lr 8.07e-04
    step 3250/5260 (global micro  3250/10520, update  3250/10520)  loss 0.5662  lr 8.04e-04
    step 3275/5260 (global micro  3275/10520, update  3275/10520)  loss 0.8710  lr 8.01e-04
    step 3300/5260 (global micro  3300/10520, update  3300/10520)  loss 0.6663  lr 7.99e-04
    step 3325/5260 (global micro  3325/10520, update  3325/10520)  loss 0.7154  lr 7.96e-04
    step 3350/5260 (global micro  3350/10520, update  3350/10520)  loss 0.6591  lr 7.93e-04
    step 3375/5260 (global micro  3375/10520, update  3375/10520)  loss 0.6380  lr 7.90e-04
    step 3400/5260 (global micro  3400/10520, update  3400/10520)  loss 0.7837  lr 7.87e-04
    step 3425/5260 (global micro  3425/10520, update  3425/10520)  loss 0.8474  lr 7.84e-04
    step 3450/5260 (global micro  3450/10520, update  3450/10520)  loss 0.6483  lr 7.82e-04
    step 3475/5260 (global micro  3475/10520, update  3475/10520)  loss 0.7330  lr 7.79e-04
    step 3500/5260 (global micro  3500/10520, update  3500/10520)  loss 0.7211  lr 7.76e-04
    step 3525/5260 (global micro  3525/10520, update  3525/10520)  loss 0.6150  lr 7.73e-04
    step 3550/5260 (global micro  3550/10520, update  3550/10520)  loss 0.7300  lr 7.70e-04
    step 3575/5260 (global micro  3575/10520, update  3575/10520)  loss 0.6470  lr 7.67e-04
    step 3600/5260 (global micro  3600/10520, update  3600/10520)  loss 0.5200  lr 7.64e-04
    step 3625/5260 (global micro  3625/10520, update  3625/10520)  loss 0.6668  lr 7.61e-04
    step 3650/5260 (global micro  3650/10520, update  3650/10520)  loss 0.8726  lr 7.58e-04
    step 3675/5260 (global micro  3675/10520, update  3675/10520)  loss 0.6960  lr 7.55e-04
    step 3700/5260 (global micro  3700/10520, update  3700/10520)  loss 0.5744  lr 7.52e-04
    step 3725/5260 (global micro  3725/10520, update  3725/10520)  loss 0.6814  lr 7.49e-04
    step 3750/5260 (global micro  3750/10520, update  3750/10520)  loss 0.6053  lr 7.46e-04
    step 3775/5260 (global micro  3775/10520, update  3775/10520)  loss 0.6824  lr 7.43e-04
    step 3800/5260 (global micro  3800/10520, update  3800/10520)  loss 0.5722  lr 7.40e-04
    step 3825/5260 (global micro  3825/10520, update  3825/10520)  loss 0.5585  lr 7.37e-04
    step 3850/5260 (global micro  3850/10520, update  3850/10520)  loss 0.7470  lr 7.34e-04
    step 3875/5260 (global micro  3875/10520, update  3875/10520)  loss 0.7754  lr 7.31e-04
    step 3900/5260 (global micro  3900/10520, update  3900/10520)  loss 0.5953  lr 7.28e-04
    step 3925/5260 (global micro  3925/10520, update  3925/10520)  loss 0.7319  lr 7.25e-04
    step 3950/5260 (global micro  3950/10520, update  3950/10520)  loss 0.6465  lr 7.22e-04
    step 3975/5260 (global micro  3975/10520, update  3975/10520)  loss 0.6782  lr 7.18e-04
    step 4000/5260 (global micro  4000/10520, update  4000/10520)  loss 0.6473  lr 7.15e-04
    step 4025/5260 (global micro  4025/10520, update  4025/10520)  loss 0.8257  lr 7.12e-04
    step 4050/5260 (global micro  4050/10520, update  4050/10520)  loss 0.5285  lr 7.09e-04
    step 4075/5260 (global micro  4075/10520, update  4075/10520)  loss 0.6929  lr 7.06e-04
    step 4100/5260 (global micro  4100/10520, update  4100/10520)  loss 0.8461  lr 7.03e-04
    step 4125/5260 (global micro  4125/10520, update  4125/10520)  loss 0.7055  lr 7.00e-04
    step 4150/5260 (global micro  4150/10520, update  4150/10520)  loss 0.6321  lr 6.96e-04
    step 4175/5260 (global micro  4175/10520, update  4175/10520)  loss 0.8244  lr 6.93e-04
    step 4200/5260 (global micro  4200/10520, update  4200/10520)  loss 0.8764  lr 6.90e-04
    step 4225/5260 (global micro  4225/10520, update  4225/10520)  loss 0.6297  lr 6.87e-04
    step 4250/5260 (global micro  4250/10520, update  4250/10520)  loss 0.6466  lr 6.84e-04
    step 4275/5260 (global micro  4275/10520, update  4275/10520)  loss 0.5986  lr 6.80e-04
    step 4300/5260 (global micro  4300/10520, update  4300/10520)  loss 0.6663  lr 6.77e-04
    step 4325/5260 (global micro  4325/10520, update  4325/10520)  loss 0.7749  lr 6.74e-04
    step 4350/5260 (global micro  4350/10520, update  4350/10520)  loss 0.5564  lr 6.71e-04
    step 4375/5260 (global micro  4375/10520, update  4375/10520)  loss 0.5991  lr 6.68e-04
    step 4400/5260 (global micro  4400/10520, update  4400/10520)  loss 0.6974  lr 6.64e-04
    step 4425/5260 (global micro  4425/10520, update  4425/10520)  loss 0.6289  lr 6.61e-04
    step 4450/5260 (global micro  4450/10520, update  4450/10520)  loss 0.6150  lr 6.58e-04
    step 4475/5260 (global micro  4475/10520, update  4475/10520)  loss 0.6543  lr 6.55e-04
    step 4500/5260 (global micro  4500/10520, update  4500/10520)  loss 0.5616  lr 6.51e-04
    step 4525/5260 (global micro  4525/10520, update  4525/10520)  loss 0.5973  lr 6.48e-04
    step 4550/5260 (global micro  4550/10520, update  4550/10520)  loss 0.5747  lr 6.45e-04
    step 4575/5260 (global micro  4575/10520, update  4575/10520)  loss 0.7638  lr 6.41e-04
    step 4600/5260 (global micro  4600/10520, update  4600/10520)  loss 0.5732  lr 6.38e-04
    step 4625/5260 (global micro  4625/10520, update  4625/10520)  loss 0.5347  lr 6.35e-04
    step 4650/5260 (global micro  4650/10520, update  4650/10520)  loss 0.9239  lr 6.32e-04
    step 4675/5260 (global micro  4675/10520, update  4675/10520)  loss 0.6235  lr 6.28e-04
    step 4700/5260 (global micro  4700/10520, update  4700/10520)  loss 0.7038  lr 6.25e-04
    step 4725/5260 (global micro  4725/10520, update  4725/10520)  loss 0.5178  lr 6.22e-04
    step 4750/5260 (global micro  4750/10520, update  4750/10520)  loss 0.6117  lr 6.18e-04
    step 4775/5260 (global micro  4775/10520, update  4775/10520)  loss 0.6924  lr 6.15e-04
    step 4800/5260 (global micro  4800/10520, update  4800/10520)  loss 0.5839  lr 6.12e-04
    step 4825/5260 (global micro  4825/10520, update  4825/10520)  loss 0.6607  lr 6.08e-04
    step 4850/5260 (global micro  4850/10520, update  4850/10520)  loss 0.7136  lr 6.05e-04
    step 4875/5260 (global micro  4875/10520, update  4875/10520)  loss 0.6690  lr 6.02e-04
    step 4900/5260 (global micro  4900/10520, update  4900/10520)  loss 0.6411  lr 5.98e-04
    step 4925/5260 (global micro  4925/10520, update  4925/10520)  loss 0.6105  lr 5.95e-04
    step 4950/5260 (global micro  4950/10520, update  4950/10520)  loss 0.6988  lr 5.92e-04
    step 4975/5260 (global micro  4975/10520, update  4975/10520)  loss 0.7883  lr 5.88e-04
    step 5000/5260 (global micro  5000/10520, update  5000/10520)  loss 0.7312  lr 5.85e-04
    step 5025/5260 (global micro  5025/10520, update  5025/10520)  loss 0.6494  lr 5.82e-04
    step 5050/5260 (global micro  5050/10520, update  5050/10520)  loss 0.7656  lr 5.78e-04
    step 5075/5260 (global micro  5075/10520, update  5075/10520)  loss 0.8903  lr 5.75e-04
    step 5100/5260 (global micro  5100/10520, update  5100/10520)  loss 0.7338  lr 5.71e-04
    step 5125/5260 (global micro  5125/10520, update  5125/10520)  loss 0.6139  lr 5.68e-04
    step 5150/5260 (global micro  5150/10520, update  5150/10520)  loss 0.5415  lr 5.65e-04
    step 5175/5260 (global micro  5175/10520, update  5175/10520)  loss 0.6513  lr 5.61e-04
    step 5200/5260 (global micro  5200/10520, update  5200/10520)  loss 0.5379  lr 5.58e-04
    step 5225/5260 (global micro  5225/10520, update  5225/10520)  loss 0.5728  lr 5.55e-04
    step 5250/5260 (global micro  5250/10520, update  5250/10520)  loss 0.8104  lr 5.51e-04
    step 5260/5260 (global micro  5260/10520, update  5260/10520)  loss 0.6613  lr 5.50e-04
  epoch   1/2  loss 0.6760  lr 5.50e-04  (1031.3s)
  Epoch checkpoint: /home/aomukai/Ninereeds/core/c13_Phase_C_ext_p1_e1.pt
    step    1/5260 (global micro  5261/10520, update  5261/10520)  loss 0.5499  lr 5.50e-04
    step   25/5260 (global micro  5285/10520, update  5285/10520)  loss 0.6168  lr 5.47e-04
    step   50/5260 (global micro  5310/10520, update  5310/10520)  loss 0.4446  lr 5.43e-04
    step   75/5260 (global micro  5335/10520, update  5335/10520)  loss 0.7441  lr 5.40e-04
    step  100/5260 (global micro  5360/10520, update  5360/10520)  loss 0.6359  lr 5.37e-04
    step  125/5260 (global micro  5385/10520, update  5385/10520)  loss 0.5513  lr 5.33e-04
    step  150/5260 (global micro  5410/10520, update  5410/10520)  loss 0.6408  lr 5.30e-04
    step  175/5260 (global micro  5435/10520, update  5435/10520)  loss 0.5215  lr 5.26e-04
    step  200/5260 (global micro  5460/10520, update  5460/10520)  loss 0.6370  lr 5.23e-04
    step  225/5260 (global micro  5485/10520, update  5485/10520)  loss 0.5898  lr 5.20e-04
    step  250/5260 (global micro  5510/10520, update  5510/10520)  loss 0.5597  lr 5.16e-04
    step  275/5260 (global micro  5535/10520, update  5535/10520)  loss 0.6554  lr 5.13e-04
    step  300/5260 (global micro  5560/10520, update  5560/10520)  loss 0.5091  lr 5.10e-04
    step  325/5260 (global micro  5585/10520, update  5585/10520)  loss 0.6344  lr 5.06e-04
    step  350/5260 (global micro  5610/10520, update  5610/10520)  loss 0.6591  lr 5.03e-04
    step  375/5260 (global micro  5635/10520, update  5635/10520)  loss 0.5385  lr 5.00e-04
    step  400/5260 (global micro  5660/10520, update  5660/10520)  loss 0.5795  lr 4.96e-04
    step  425/5260 (global micro  5685/10520, update  5685/10520)  loss 0.5530  lr 4.93e-04
    step  450/5260 (global micro  5710/10520, update  5710/10520)  loss 0.5379  lr 4.90e-04
    step  475/5260 (global micro  5735/10520, update  5735/10520)  loss 0.6331  lr 4.86e-04
    step  500/5260 (global micro  5760/10520, update  5760/10520)  loss 0.5241  lr 4.83e-04
    step  525/5260 (global micro  5785/10520, update  5785/10520)  loss 0.6016  lr 4.80e-04
    step  550/5260 (global micro  5810/10520, update  5810/10520)  loss 0.4884  lr 4.76e-04
    step  575/5260 (global micro  5835/10520, update  5835/10520)  loss 0.6054  lr 4.73e-04
    step  600/5260 (global micro  5860/10520, update  5860/10520)  loss 0.5177  lr 4.70e-04
    step  625/5260 (global micro  5885/10520, update  5885/10520)  loss 0.5149  lr 4.66e-04
    step  650/5260 (global micro  5910/10520, update  5910/10520)  loss 0.6480  lr 4.63e-04
    step  675/5260 (global micro  5935/10520, update  5935/10520)  loss 0.6024  lr 4.60e-04
    step  700/5260 (global micro  5960/10520, update  5960/10520)  loss 0.5696  lr 4.57e-04
    step  725/5260 (global micro  5985/10520, update  5985/10520)  loss 0.6405  lr 4.53e-04
    step  750/5260 (global micro  6010/10520, update  6010/10520)  loss 0.7071  lr 4.50e-04
    step  775/5260 (global micro  6035/10520, update  6035/10520)  loss 0.4535  lr 4.47e-04
    step  800/5260 (global micro  6060/10520, update  6060/10520)  loss 0.7103  lr 4.44e-04
    step  825/5260 (global micro  6085/10520, update  6085/10520)  loss 0.6389  lr 4.40e-04
    step  850/5260 (global micro  6110/10520, update  6110/10520)  loss 0.5732  lr 4.37e-04
    step  875/5260 (global micro  6135/10520, update  6135/10520)  loss 0.5981  lr 4.34e-04
    step  900/5260 (global micro  6160/10520, update  6160/10520)  loss 0.5033  lr 4.31e-04
    step  925/5260 (global micro  6185/10520, update  6185/10520)  loss 0.6075  lr 4.27e-04
    step  950/5260 (global micro  6210/10520, update  6210/10520)  loss 0.5568  lr 4.24e-04
    step  975/5260 (global micro  6235/10520, update  6235/10520)  loss 0.5678  lr 4.21e-04
    step 1000/5260 (global micro  6260/10520, update  6260/10520)  loss 0.6090  lr 4.18e-04
    step 1025/5260 (global micro  6285/10520, update  6285/10520)  loss 0.5399  lr 4.14e-04
    step 1050/5260 (global micro  6310/10520, update  6310/10520)  loss 0.6831  lr 4.11e-04
    step 1075/5260 (global micro  6335/10520, update  6335/10520)  loss 0.5217  lr 4.08e-04
    step 1100/5260 (global micro  6360/10520, update  6360/10520)  loss 0.6277  lr 4.05e-04
    step 1125/5260 (global micro  6385/10520, update  6385/10520)  loss 0.7408  lr 4.02e-04
    step 1150/5260 (global micro  6410/10520, update  6410/10520)  loss 0.5511  lr 3.98e-04
    step 1175/5260 (global micro  6435/10520, update  6435/10520)  loss 0.4826  lr 3.95e-04
    step 1200/5260 (global micro  6460/10520, update  6460/10520)  loss 0.5952  lr 3.92e-04
    step 1225/5260 (global micro  6485/10520, update  6485/10520)  loss 0.5591  lr 3.89e-04
    step 1250/5260 (global micro  6510/10520, update  6510/10520)  loss 0.5698  lr 3.86e-04
    step 1275/5260 (global micro  6535/10520, update  6535/10520)  loss 0.6482  lr 3.83e-04
    step 1300/5260 (global micro  6560/10520, update  6560/10520)  loss 0.5710  lr 3.80e-04
    step 1325/5260 (global micro  6585/10520, update  6585/10520)  loss 0.5919  lr 3.77e-04
    step 1350/5260 (global micro  6610/10520, update  6610/10520)  loss 0.5156  lr 3.73e-04
    step 1375/5260 (global micro  6635/10520, update  6635/10520)  loss 0.6186  lr 3.70e-04
    step 1400/5260 (global micro  6660/10520, update  6660/10520)  loss 0.4288  lr 3.67e-04
    step 1425/5260 (global micro  6685/10520, update  6685/10520)  loss 0.5150  lr 3.64e-04
    step 1450/5260 (global micro  6710/10520, update  6710/10520)  loss 0.4525  lr 3.61e-04
    step 1475/5260 (global micro  6735/10520, update  6735/10520)  loss 0.5724  lr 3.58e-04
    step 1500/5260 (global micro  6760/10520, update  6760/10520)  loss 0.4996  lr 3.55e-04
    step 1525/5260 (global micro  6785/10520, update  6785/10520)  loss 0.4409  lr 3.52e-04
    step 1550/5260 (global micro  6810/10520, update  6810/10520)  loss 0.6039  lr 3.49e-04
    step 1575/5260 (global micro  6835/10520, update  6835/10520)  loss 0.4616  lr 3.46e-04
    step 1600/5260 (global micro  6860/10520, update  6860/10520)  loss 0.4993  lr 3.43e-04
    step 1625/5260 (global micro  6885/10520, update  6885/10520)  loss 0.4737  lr 3.40e-04
    step 1650/5260 (global micro  6910/10520, update  6910/10520)  loss 0.6142  lr 3.37e-04
    step 1675/5260 (global micro  6935/10520, update  6935/10520)  loss 0.6148  lr 3.34e-04
    step 1700/5260 (global micro  6960/10520, update  6960/10520)  loss 0.5441  lr 3.31e-04
    step 1725/5260 (global micro  6985/10520, update  6985/10520)  loss 0.5660  lr 3.28e-04
    step 1750/5260 (global micro  7010/10520, update  7010/10520)  loss 0.6031  lr 3.25e-04
    step 1775/5260 (global micro  7035/10520, update  7035/10520)  loss 0.5413  lr 3.22e-04
    step 1800/5260 (global micro  7060/10520, update  7060/10520)  loss 0.5491  lr 3.20e-04
    step 1825/5260 (global micro  7085/10520, update  7085/10520)  loss 0.6493  lr 3.17e-04
    step 1850/5260 (global micro  7110/10520, update  7110/10520)  loss 0.6825  lr 3.14e-04
    step 1875/5260 (global micro  7135/10520, update  7135/10520)  loss 0.4886  lr 3.11e-04
    step 1900/5260 (global micro  7160/10520, update  7160/10520)  loss 0.5183  lr 3.08e-04
    step 1925/5260 (global micro  7185/10520, update  7185/10520)  loss 0.5500  lr 3.05e-04
    step 1950/5260 (global micro  7210/10520, update  7210/10520)  loss 0.5153  lr 3.03e-04
    step 1975/5260 (global micro  7235/10520, update  7235/10520)  loss 0.5106  lr 3.00e-04
    step 2000/5260 (global micro  7260/10520, update  7260/10520)  loss 0.6412  lr 2.97e-04
    step 2025/5260 (global micro  7285/10520, update  7285/10520)  loss 0.6053  lr 2.94e-04
    step 2050/5260 (global micro  7310/10520, update  7310/10520)  loss 0.4831  lr 2.91e-04
    step 2075/5260 (global micro  7335/10520, update  7335/10520)  loss 0.5843  lr 2.89e-04
    step 2100/5260 (global micro  7360/10520, update  7360/10520)  loss 0.6091  lr 2.86e-04
    step 2125/5260 (global micro  7385/10520, update  7385/10520)  loss 0.5959  lr 2.83e-04
    step 2150/5260 (global micro  7410/10520, update  7410/10520)  loss 0.5443  lr 2.81e-04
    step 2175/5260 (global micro  7435/10520, update  7435/10520)  loss 0.4646  lr 2.78e-04
    step 2200/5260 (global micro  7460/10520, update  7460/10520)  loss 0.5092  lr 2.75e-04
    step 2225/5260 (global micro  7485/10520, update  7485/10520)  loss 0.5239  lr 2.73e-04
    step 2250/5260 (global micro  7510/10520, update  7510/10520)  loss 0.4729  lr 2.70e-04
    step 2275/5260 (global micro  7535/10520, update  7535/10520)  loss 0.4161  lr 2.67e-04
    step 2300/5260 (global micro  7560/10520, update  7560/10520)  loss 0.5860  lr 2.65e-04
    step 2325/5260 (global micro  7585/10520, update  7585/10520)  loss 0.5280  lr 2.62e-04
    step 2350/5260 (global micro  7610/10520, update  7610/10520)  loss 0.7023  lr 2.59e-04
    step 2375/5260 (global micro  7635/10520, update  7635/10520)  loss 0.5910  lr 2.57e-04
    step 2400/5260 (global micro  7660/10520, update  7660/10520)  loss 0.6358  lr 2.54e-04
    step 2425/5260 (global micro  7685/10520, update  7685/10520)  loss 0.6235  lr 2.52e-04
    step 2450/5260 (global micro  7710/10520, update  7710/10520)  loss 0.6234  lr 2.49e-04
    step 2475/5260 (global micro  7735/10520, update  7735/10520)  loss 0.5751  lr 2.47e-04
    step 2500/5260 (global micro  7760/10520, update  7760/10520)  loss 0.5908  lr 2.44e-04
    step 2525/5260 (global micro  7785/10520, update  7785/10520)  loss 0.3365  lr 2.42e-04
    step 2550/5260 (global micro  7810/10520, update  7810/10520)  loss 0.4782  lr 2.39e-04
    step 2575/5260 (global micro  7835/10520, update  7835/10520)  loss 0.4942  lr 2.37e-04
    step 2600/5260 (global micro  7860/10520, update  7860/10520)  loss 0.5957  lr 2.35e-04
    step 2625/5260 (global micro  7885/10520, update  7885/10520)  loss 0.6320  lr 2.32e-04
    step 2650/5260 (global micro  7910/10520, update  7910/10520)  loss 0.6303  lr 2.30e-04
    step 2675/5260 (global micro  7935/10520, update  7935/10520)  loss 0.6317  lr 2.28e-04
    step 2700/5260 (global micro  7960/10520, update  7960/10520)  loss 0.5232  lr 2.25e-04
    step 2725/5260 (global micro  7985/10520, update  7985/10520)  loss 0.5333  lr 2.23e-04
    step 2750/5260 (global micro  8010/10520, update  8010/10520)  loss 0.4540  lr 2.21e-04
    step 2775/5260 (global micro  8035/10520, update  8035/10520)  loss 0.4654  lr 2.18e-04
    step 2800/5260 (global micro  8060/10520, update  8060/10520)  loss 0.4645  lr 2.16e-04
    step 2825/5260 (global micro  8085/10520, update  8085/10520)  loss 0.7066  lr 2.14e-04
    step 2850/5260 (global micro  8110/10520, update  8110/10520)  loss 0.5031  lr 2.12e-04
    step 2875/5260 (global micro  8135/10520, update  8135/10520)  loss 0.4280  lr 2.09e-04
    step 2900/5260 (global micro  8160/10520, update  8160/10520)  loss 0.4064  lr 2.07e-04
    step 2925/5260 (global micro  8185/10520, update  8185/10520)  loss 0.5656  lr 2.05e-04
    step 2950/5260 (global micro  8210/10520, update  8210/10520)  loss 0.5265  lr 2.03e-04
    step 2975/5260 (global micro  8235/10520, update  8235/10520)  loss 0.6487  lr 2.01e-04
    step 3000/5260 (global micro  8260/10520, update  8260/10520)  loss 0.5719  lr 1.99e-04
    step 3025/5260 (global micro  8285/10520, update  8285/10520)  loss 0.5489  lr 1.97e-04
    step 3050/5260 (global micro  8310/10520, update  8310/10520)  loss 0.5795  lr 1.94e-04
    step 3075/5260 (global micro  8335/10520, update  8335/10520)  loss 0.4570  lr 1.92e-04
    step 3100/5260 (global micro  8360/10520, update  8360/10520)  loss 0.5430  lr 1.90e-04
    step 3125/5260 (global micro  8385/10520, update  8385/10520)  loss 0.6086  lr 1.88e-04
    step 3150/5260 (global micro  8410/10520, update  8410/10520)  loss 0.5400  lr 1.86e-04
    step 3175/5260 (global micro  8435/10520, update  8435/10520)  loss 0.5281  lr 1.84e-04
    step 3200/5260 (global micro  8460/10520, update  8460/10520)  loss 0.6238  lr 1.82e-04
    step 3225/5260 (global micro  8485/10520, update  8485/10520)  loss 0.5201  lr 1.81e-04
    step 3250/5260 (global micro  8510/10520, update  8510/10520)  loss 0.6653  lr 1.79e-04
    step 3275/5260 (global micro  8535/10520, update  8535/10520)  loss 0.6422  lr 1.77e-04
    step 3300/5260 (global micro  8560/10520, update  8560/10520)  loss 0.6193  lr 1.75e-04
    step 3325/5260 (global micro  8585/10520, update  8585/10520)  loss 0.4561  lr 1.73e-04
    step 3350/5260 (global micro  8610/10520, update  8610/10520)  loss 0.3103  lr 1.71e-04
    step 3375/5260 (global micro  8635/10520, update  8635/10520)  loss 0.5835  lr 1.69e-04
    step 3400/5260 (global micro  8660/10520, update  8660/10520)  loss 0.4689  lr 1.68e-04
    step 3425/5260 (global micro  8685/10520, update  8685/10520)  loss 0.5519  lr 1.66e-04
    step 3450/5260 (global micro  8710/10520, update  8710/10520)  loss 0.6505  lr 1.64e-04
    step 3475/5260 (global micro  8735/10520, update  8735/10520)  loss 0.5114  lr 1.62e-04
    step 3500/5260 (global micro  8760/10520, update  8760/10520)  loss 0.5438  lr 1.61e-04
    step 3525/5260 (global micro  8785/10520, update  8785/10520)  loss 0.4825  lr 1.59e-04
    step 3550/5260 (global micro  8810/10520, update  8810/10520)  loss 0.4627  lr 1.57e-04
    step 3575/5260 (global micro  8835/10520, update  8835/10520)  loss 0.5150  lr 1.56e-04
    step 3600/5260 (global micro  8860/10520, update  8860/10520)  loss 0.5688  lr 1.54e-04
    step 3625/5260 (global micro  8885/10520, update  8885/10520)  loss 0.4991  lr 1.53e-04
    step 3650/5260 (global micro  8910/10520, update  8910/10520)  loss 0.5393  lr 1.51e-04
    step 3675/5260 (global micro  8935/10520, update  8935/10520)  loss 0.4851  lr 1.49e-04
    step 3700/5260 (global micro  8960/10520, update  8960/10520)  loss 0.6002  lr 1.48e-04
    step 3725/5260 (global micro  8985/10520, update  8985/10520)  loss 0.3935  lr 1.46e-04
    step 3750/5260 (global micro  9010/10520, update  9010/10520)  loss 0.4687  lr 1.45e-04
    step 3775/5260 (global micro  9035/10520, update  9035/10520)  loss 0.5438  lr 1.44e-04
    step 3800/5260 (global micro  9060/10520, update  9060/10520)  loss 0.5297  lr 1.42e-04
    step 3825/5260 (global micro  9085/10520, update  9085/10520)  loss 0.6305  lr 1.41e-04
    step 3850/5260 (global micro  9110/10520, update  9110/10520)  loss 0.4420  lr 1.39e-04
    step 3875/5260 (global micro  9135/10520, update  9135/10520)  loss 0.4929  lr 1.38e-04
    step 3900/5260 (global micro  9160/10520, update  9160/10520)  loss 0.5265  lr 1.37e-04
    step 3925/5260 (global micro  9185/10520, update  9185/10520)  loss 0.4443  lr 1.35e-04
    step 3950/5260 (global micro  9210/10520, update  9210/10520)  loss 0.5856  lr 1.34e-04
    step 3975/5260 (global micro  9235/10520, update  9235/10520)  loss 0.6325  lr 1.33e-04
    step 4000/5260 (global micro  9260/10520, update  9260/10520)  loss 0.5423  lr 1.31e-04
    step 4025/5260 (global micro  9285/10520, update  9285/10520)  loss 0.5401  lr 1.30e-04
    step 4050/5260 (global micro  9310/10520, update  9310/10520)  loss 0.5371  lr 1.29e-04
    step 4075/5260 (global micro  9335/10520, update  9335/10520)  loss 0.5979  lr 1.28e-04
    step 4100/5260 (global micro  9360/10520, update  9360/10520)  loss 0.4638  lr 1.27e-04
    step 4125/5260 (global micro  9385/10520, update  9385/10520)  loss 0.6627  lr 1.26e-04
    step 4150/5260 (global micro  9410/10520, update  9410/10520)  loss 0.6140  lr 1.24e-04
    step 4175/5260 (global micro  9435/10520, update  9435/10520)  loss 0.6312  lr 1.23e-04
    step 4200/5260 (global micro  9460/10520, update  9460/10520)  loss 0.5749  lr 1.22e-04
    step 4225/5260 (global micro  9485/10520, update  9485/10520)  loss 0.6753  lr 1.21e-04
    step 4250/5260 (global micro  9510/10520, update  9510/10520)  loss 0.5960  lr 1.20e-04
    step 4275/5260 (global micro  9535/10520, update  9535/10520)  loss 0.4613  lr 1.19e-04
    step 4300/5260 (global micro  9560/10520, update  9560/10520)  loss 0.4745  lr 1.18e-04
    step 4325/5260 (global micro  9585/10520, update  9585/10520)  loss 0.5379  lr 1.17e-04
    step 4350/5260 (global micro  9610/10520, update  9610/10520)  loss 0.4943  lr 1.17e-04
    step 4375/5260 (global micro  9635/10520, update  9635/10520)  loss 0.4945  lr 1.16e-04
    step 4400/5260 (global micro  9660/10520, update  9660/10520)  loss 0.6249  lr 1.15e-04
    step 4425/5260 (global micro  9685/10520, update  9685/10520)  loss 0.4650  lr 1.14e-04
    step 4450/5260 (global micro  9710/10520, update  9710/10520)  loss 0.5973  lr 1.13e-04
    step 4475/5260 (global micro  9735/10520, update  9735/10520)  loss 0.6839  lr 1.12e-04
    step 4500/5260 (global micro  9760/10520, update  9760/10520)  loss 0.5939  lr 1.12e-04
    step 4525/5260 (global micro  9785/10520, update  9785/10520)  loss 0.5029  lr 1.11e-04
    step 4550/5260 (global micro  9810/10520, update  9810/10520)  loss 0.5561  lr 1.10e-04
    step 4575/5260 (global micro  9835/10520, update  9835/10520)  loss 0.4438  lr 1.09e-04
    step 4600/5260 (global micro  9860/10520, update  9860/10520)  loss 0.6097  lr 1.09e-04
    step 4625/5260 (global micro  9885/10520, update  9885/10520)  loss 0.4732  lr 1.08e-04
    step 4650/5260 (global micro  9910/10520, update  9910/10520)  loss 0.5710  lr 1.07e-04
    step 4675/5260 (global micro  9935/10520, update  9935/10520)  loss 0.4223  lr 1.07e-04
    step 4700/5260 (global micro  9960/10520, update  9960/10520)  loss 0.4532  lr 1.06e-04
    step 4725/5260 (global micro  9985/10520, update  9985/10520)  loss 0.4589  lr 1.06e-04
    step 4750/5260 (global micro 10010/10520, update 10010/10520)  loss 0.5777  lr 1.05e-04
    step 4775/5260 (global micro 10035/10520, update 10035/10520)  loss 0.5265  lr 1.05e-04
    step 4800/5260 (global micro 10060/10520, update 10060/10520)  loss 0.4504  lr 1.04e-04
    step 4825/5260 (global micro 10085/10520, update 10085/10520)  loss 0.4874  lr 1.04e-04
    step 4850/5260 (global micro 10110/10520, update 10110/10520)  loss 0.3957  lr 1.03e-04
    step 4875/5260 (global micro 10135/10520, update 10135/10520)  loss 0.4876  lr 1.03e-04
    step 4900/5260 (global micro 10160/10520, update 10160/10520)  loss 0.4743  lr 1.03e-04
    step 4925/5260 (global micro 10185/10520, update 10185/10520)  loss 0.4829  lr 1.02e-04
    step 4950/5260 (global micro 10210/10520, update 10210/10520)  loss 0.6853  lr 1.02e-04
    step 4975/5260 (global micro 10235/10520, update 10235/10520)  loss 0.5638  lr 1.02e-04
    step 5000/5260 (global micro 10260/10520, update 10260/10520)  loss 0.6031  lr 1.01e-04
    step 5025/5260 (global micro 10285/10520, update 10285/10520)  loss 0.4061  lr 1.01e-04
    step 5050/5260 (global micro 10310/10520, update 10310/10520)  loss 0.3903  lr 1.01e-04
    step 5075/5260 (global micro 10335/10520, update 10335/10520)  loss 0.6122  lr 1.01e-04
    step 5100/5260 (global micro 10360/10520, update 10360/10520)  loss 0.5481  lr 1.01e-04
    step 5125/5260 (global micro 10385/10520, update 10385/10520)  loss 0.5175  lr 1.00e-04
    step 5150/5260 (global micro 10410/10520, update 10410/10520)  loss 0.5372  lr 1.00e-04
    step 5175/5260 (global micro 10435/10520, update 10435/10520)  loss 0.5045  lr 1.00e-04
    step 5200/5260 (global micro 10460/10520, update 10460/10520)  loss 0.4942  lr 1.00e-04
    step 5225/5260 (global micro 10485/10520, update 10485/10520)  loss 0.5534  lr 1.00e-04
    step 5250/5260 (global micro 10510/10520, update 10510/10520)  loss 0.5744  lr 1.00e-04
    step 5260/5260 (global micro 10520/10520, update 10520/10520)  loss 0.5672  lr 1.00e-04
  epoch   2/2  loss 0.5561  lr 1.00e-04  (1030.8s)
  Epoch checkpoint: /home/aomukai/Ninereeds/core/c13_Phase_C_ext_p1_e2.pt

  Best loss: 0.5561
  Checkpoint saved: /home/aomukai/Ninereeds/core/c13_Phase_C_ext_p1.pt

