  Training audit: PASSED
  Python: /home/aomukai/.unsloth/studio/unsloth_studio/bin/python
  Device: cuda
  Phase: 0
  Seed: 1337
  Data order: seeded-shuffle
  Resume checkpoint: /home/aomukai/Ninereeds/core/c13_Phase_E_bridge_pre_e1.pt

============================================================
  BDH Phase 0 Training
============================================================
  Data files: ['/home/aomukai/Ninereeds/training/corpus/campaign_13_phase_E.txt']
  Total bytes: 3,181,919
  Pre-loading corpus tensor...
  Corpus tensor: 3,181,919 tokens
  Model: small-25m (25.3M params)
  Resuming from: /home/aomukai/Ninereeds/core/c13_Phase_E_bridge_pre_e1.pt
  Seed: 1337  |  Deterministic: enabled  |  Data order: seeded-shuffle
  Epochs: 3  |  Windows/epoch: 12429  |  Micro-steps/epoch: 1554  |  Optimizer updates/epoch: 1554  |  Total optimizer updates: 4662  |  LR: 0.001
  Block size: 256  |  Batch size: 8
  Grad accumulation: 1
  AMP bf16: enabled
  Data mode: phase_text
  VRAM logging: disabled
  Log interval: every 25 step(s)
  Output: /home/aomukai/Ninereeds/core/c13_Phase_E_bridged.pt

    step    1/1554 (global micro     1/4662, update     1/4662)  loss 1.2047  lr 1.00e-03
    step   25/1554 (global micro    25/4662, update    25/4662)  loss 0.6266  lr 1.00e-03
    step   50/1554 (global micro    50/4662, update    50/4662)  loss 0.6593  lr 1.00e-03
    step   75/1554 (global micro    75/4662, update    75/4662)  loss 0.7266  lr 9.99e-04
    step  100/1554 (global micro   100/4662, update   100/4662)  loss 0.6726  lr 9.99e-04
    step  125/1554 (global micro   125/4662, update   125/4662)  loss 0.7363  lr 9.98e-04
    step  150/1554 (global micro   150/4662, update   150/4662)  loss 0.6354  lr 9.98e-04
    step  175/1554 (global micro   175/4662, update   175/4662)  loss 0.7986  lr 9.97e-04
    step  200/1554 (global micro   200/4662, update   200/4662)  loss 0.6361  lr 9.96e-04
    step  225/1554 (global micro   225/4662, update   225/4662)  loss 0.6426  lr 9.95e-04
    step  250/1554 (global micro   250/4662, update   250/4662)  loss 0.6546  lr 9.94e-04
    step  275/1554 (global micro   275/4662, update   275/4662)  loss 0.7448  lr 9.92e-04
    step  300/1554 (global micro   300/4662, update   300/4662)  loss 0.6945  lr 9.91e-04
    step  325/1554 (global micro   325/4662, update   325/4662)  loss 0.6774  lr 9.89e-04
    step  350/1554 (global micro   350/4662, update   350/4662)  loss 0.6924  lr 9.88e-04
    step  375/1554 (global micro   375/4662, update   375/4662)  loss 0.6521  lr 9.86e-04
    step  400/1554 (global micro   400/4662, update   400/4662)  loss 0.7063  lr 9.84e-04
    step  425/1554 (global micro   425/4662, update   425/4662)  loss 0.6546  lr 9.82e-04
    step  450/1554 (global micro   450/4662, update   450/4662)  loss 0.6904  lr 9.79e-04
    step  475/1554 (global micro   475/4662, update   475/4662)  loss 0.6696  lr 9.77e-04
    step  500/1554 (global micro   500/4662, update   500/4662)  loss 0.6120  lr 9.75e-04
    step  525/1554 (global micro   525/4662, update   525/4662)  loss 0.7075  lr 9.72e-04
    step  550/1554 (global micro   550/4662, update   550/4662)  loss 0.7220  lr 9.69e-04
    step  575/1554 (global micro   575/4662, update   575/4662)  loss 0.7093  lr 9.67e-04
    step  600/1554 (global micro   600/4662, update   600/4662)  loss 0.8602  lr 9.64e-04
    step  625/1554 (global micro   625/4662, update   625/4662)  loss 0.6647  lr 9.61e-04
    step  650/1554 (global micro   650/4662, update   650/4662)  loss 0.6594  lr 9.58e-04
    step  675/1554 (global micro   675/4662, update   675/4662)  loss 0.6563  lr 9.54e-04
    step  700/1554 (global micro   700/4662, update   700/4662)  loss 0.6208  lr 9.51e-04
    step  725/1554 (global micro   725/4662, update   725/4662)  loss 0.5675  lr 9.47e-04
    step  750/1554 (global micro   750/4662, update   750/4662)  loss 0.5364  lr 9.44e-04
    step  775/1554 (global micro   775/4662, update   775/4662)  loss 0.6482  lr 9.40e-04
    step  800/1554 (global micro   800/4662, update   800/4662)  loss 0.6616  lr 9.36e-04
    step  825/1554 (global micro   825/4662, update   825/4662)  loss 0.6253  lr 9.32e-04
    step  850/1554 (global micro   850/4662, update   850/4662)  loss 0.6606  lr 9.28e-04
    step  875/1554 (global micro   875/4662, update   875/4662)  loss 0.6599  lr 9.24e-04
    step  900/1554 (global micro   900/4662, update   900/4662)  loss 0.6287  lr 9.20e-04
    step  925/1554 (global micro   925/4662, update   925/4662)  loss 0.6143  lr 9.15e-04
    step  950/1554 (global micro   950/4662, update   950/4662)  loss 0.6518  lr 9.11e-04
    step  975/1554 (global micro   975/4662, update   975/4662)  loss 0.5628  lr 9.06e-04
    step 1000/1554 (global micro  1000/4662, update  1000/4662)  loss 0.6586  lr 9.02e-04
    step 1025/1554 (global micro  1025/4662, update  1025/4662)  loss 0.6107  lr 8.97e-04
    step 1050/1554 (global micro  1050/4662, update  1050/4662)  loss 0.7085  lr 8.92e-04
    step 1075/1554 (global micro  1075/4662, update  1075/4662)  loss 0.7167  lr 8.87e-04
    step 1100/1554 (global micro  1100/4662, update  1100/4662)  loss 0.7205  lr 8.82e-04
    step 1125/1554 (global micro  1125/4662, update  1125/4662)  loss 0.6464  lr 8.77e-04
    step 1150/1554 (global micro  1150/4662, update  1150/4662)  loss 0.6761  lr 8.72e-04
    step 1175/1554 (global micro  1175/4662, update  1175/4662)  loss 0.6245  lr 8.66e-04
    step 1200/1554 (global micro  1200/4662, update  1200/4662)  loss 0.6013  lr 8.61e-04
    step 1225/1554 (global micro  1225/4662, update  1225/4662)  loss 0.7366  lr 8.55e-04
    step 1250/1554 (global micro  1250/4662, update  1250/4662)  loss 0.5914  lr 8.50e-04
    step 1275/1554 (global micro  1275/4662, update  1275/4662)  loss 0.5788  lr 8.44e-04
    step 1300/1554 (global micro  1300/4662, update  1300/4662)  loss 0.7443  lr 8.38e-04
    step 1325/1554 (global micro  1325/4662, update  1325/4662)  loss 0.7256  lr 8.32e-04
    step 1350/1554 (global micro  1350/4662, update  1350/4662)  loss 0.5102  lr 8.26e-04
    step 1375/1554 (global micro  1375/4662, update  1375/4662)  loss 0.7637  lr 8.20e-04
    step 1400/1554 (global micro  1400/4662, update  1400/4662)  loss 0.6168  lr 8.14e-04
    step 1425/1554 (global micro  1425/4662, update  1425/4662)  loss 0.5506  lr 8.08e-04
    step 1450/1554 (global micro  1450/4662, update  1450/4662)  loss 0.6370  lr 8.02e-04
    step 1475/1554 (global micro  1475/4662, update  1475/4662)  loss 0.5632  lr 7.95e-04
    step 1500/1554 (global micro  1500/4662, update  1500/4662)  loss 0.7201  lr 7.89e-04
    step 1525/1554 (global micro  1525/4662, update  1525/4662)  loss 0.8288  lr 7.83e-04
    step 1550/1554 (global micro  1550/4662, update  1550/4662)  loss 0.7774  lr 7.76e-04
    step 1554/1554 (global micro  1554/4662, update  1554/4662)  loss 0.6590  lr 7.75e-04
  epoch   1/3  loss 0.6759  lr 7.75e-04  (584.1s)
  Epoch checkpoint: /home/aomukai/Ninereeds/core/c13_Phase_E_bridged_e1.pt
    step    1/1554 (global micro  1555/4662, update  1555/4662)  loss 0.5148  lr 7.75e-04
    step   25/1554 (global micro  1579/4662, update  1579/4662)  loss 0.5482  lr 7.68e-04
    step   50/1554 (global micro  1604/4662, update  1604/4662)  loss 0.5998  lr 7.62e-04
    step   75/1554 (global micro  1629/4662, update  1629/4662)  loss 0.4920  lr 7.55e-04
    step  100/1554 (global micro  1654/4662, update  1654/4662)  loss 0.5842  lr 7.48e-04
    step  125/1554 (global micro  1679/4662, update  1679/4662)  loss 0.5137  lr 7.41e-04
    step  150/1554 (global micro  1704/4662, update  1704/4662)  loss 0.7198  lr 7.35e-04
    step  175/1554 (global micro  1729/4662, update  1729/4662)  loss 0.4876  lr 7.28e-04
    step  200/1554 (global micro  1754/4662, update  1754/4662)  loss 0.6198  lr 7.21e-04
    step  225/1554 (global micro  1779/4662, update  1779/4662)  loss 0.4610  lr 7.14e-04
    step  250/1554 (global micro  1804/4662, update  1804/4662)  loss 0.4864  lr 7.06e-04
    step  275/1554 (global micro  1829/4662, update  1829/4662)  loss 0.5918  lr 6.99e-04
    step  300/1554 (global micro  1854/4662, update  1854/4662)  loss 0.5673  lr 6.92e-04
    step  325/1554 (global micro  1879/4662, update  1879/4662)  loss 0.5083  lr 6.85e-04
    step  350/1554 (global micro  1904/4662, update  1904/4662)  loss 0.5628  lr 6.78e-04
    step  375/1554 (global micro  1929/4662, update  1929/4662)  loss 0.6052  lr 6.70e-04
    step  400/1554 (global micro  1954/4662, update  1954/4662)  loss 0.5282  lr 6.63e-04
    step  425/1554 (global micro  1979/4662, update  1979/4662)  loss 0.5782  lr 6.56e-04
    step  450/1554 (global micro  2004/4662, update  2004/4662)  loss 0.5876  lr 6.48e-04
    step  475/1554 (global micro  2029/4662, update  2029/4662)  loss 0.5828  lr 6.41e-04
    step  500/1554 (global micro  2054/4662, update  2054/4662)  loss 0.6106  lr 6.34e-04
    step  525/1554 (global micro  2079/4662, update  2079/4662)  loss 0.5030  lr 6.26e-04
    step  550/1554 (global micro  2104/4662, update  2104/4662)  loss 0.4904  lr 6.19e-04
    step  575/1554 (global micro  2129/4662, update  2129/4662)  loss 0.5318  lr 6.11e-04
    step  600/1554 (global micro  2154/4662, update  2154/4662)  loss 0.6402  lr 6.04e-04
    step  625/1554 (global micro  2179/4662, update  2179/4662)  loss 0.5474  lr 5.96e-04
    step  650/1554 (global micro  2204/4662, update  2204/4662)  loss 0.5351  lr 5.88e-04
    step  675/1554 (global micro  2229/4662, update  2229/4662)  loss 0.5987  lr 5.81e-04
    step  700/1554 (global micro  2254/4662, update  2254/4662)  loss 0.6318  lr 5.73e-04
    step  725/1554 (global micro  2279/4662, update  2279/4662)  loss 0.5228  lr 5.66e-04
    step  750/1554 (global micro  2304/4662, update  2304/4662)  loss 0.4982  lr 5.58e-04
    step  775/1554 (global micro  2329/4662, update  2329/4662)  loss 0.6127  lr 5.51e-04
    step  800/1554 (global micro  2354/4662, update  2354/4662)  loss 0.6401  lr 5.43e-04
    step  825/1554 (global micro  2379/4662, update  2379/4662)  loss 0.5809  lr 5.35e-04
    step  850/1554 (global micro  2404/4662, update  2404/4662)  loss 0.5776  lr 5.28e-04
    step  875/1554 (global micro  2429/4662, update  2429/4662)  loss 0.6172  lr 5.20e-04
    step  900/1554 (global micro  2454/4662, update  2454/4662)  loss 0.5413  lr 5.13e-04
    step  925/1554 (global micro  2479/4662, update  2479/4662)  loss 0.5423  lr 5.05e-04
    step  950/1554 (global micro  2504/4662, update  2504/4662)  loss 0.5357  lr 4.98e-04
    step  975/1554 (global micro  2529/4662, update  2529/4662)  loss 0.5631  lr 4.90e-04
    step 1000/1554 (global micro  2554/4662, update  2554/4662)  loss 0.4933  lr 4.83e-04
    step 1025/1554 (global micro  2579/4662, update  2579/4662)  loss 0.6257  lr 4.75e-04
    step 1050/1554 (global micro  2604/4662, update  2604/4662)  loss 0.5330  lr 4.68e-04
    step 1075/1554 (global micro  2629/4662, update  2629/4662)  loss 0.5155  lr 4.60e-04
    step 1100/1554 (global micro  2654/4662, update  2654/4662)  loss 0.5939  lr 4.53e-04
    step 1125/1554 (global micro  2679/4662, update  2679/4662)  loss 0.4815  lr 4.45e-04
    step 1150/1554 (global micro  2704/4662, update  2704/4662)  loss 0.5791  lr 4.38e-04
    step 1175/1554 (global micro  2729/4662, update  2729/4662)  loss 0.5603  lr 4.31e-04
    step 1200/1554 (global micro  2754/4662, update  2754/4662)  loss 0.5464  lr 4.23e-04
    step 1225/1554 (global micro  2779/4662, update  2779/4662)  loss 0.5802  lr 4.16e-04
    step 1250/1554 (global micro  2804/4662, update  2804/4662)  loss 0.4527  lr 4.09e-04
    step 1275/1554 (global micro  2829/4662, update  2829/4662)  loss 0.5538  lr 4.02e-04
    step 1300/1554 (global micro  2854/4662, update  2854/4662)  loss 0.5771  lr 3.95e-04
    step 1325/1554 (global micro  2879/4662, update  2879/4662)  loss 0.5126  lr 3.88e-04
    step 1350/1554 (global micro  2904/4662, update  2904/4662)  loss 0.4803  lr 3.81e-04
    step 1375/1554 (global micro  2929/4662, update  2929/4662)  loss 0.4603  lr 3.74e-04
    step 1400/1554 (global micro  2954/4662, update  2954/4662)  loss 0.5163  lr 3.67e-04
    step 1425/1554 (global micro  2979/4662, update  2979/4662)  loss 0.5231  lr 3.60e-04
    step 1450/1554 (global micro  3004/4662, update  3004/4662)  loss 0.5033  lr 3.53e-04
    step 1475/1554 (global micro  3029/4662, update  3029/4662)  loss 0.5139  lr 3.46e-04
    step 1500/1554 (global micro  3054/4662, update  3054/4662)  loss 0.5818  lr 3.39e-04
    step 1525/1554 (global micro  3079/4662, update  3079/4662)  loss 0.4795  lr 3.33e-04
    step 1550/1554 (global micro  3104/4662, update  3104/4662)  loss 0.6365  lr 3.26e-04
    step 1554/1554 (global micro  3108/4662, update  3108/4662)  loss 0.6305  lr 3.25e-04
  epoch   2/3  loss 0.5653  lr 3.25e-04  (583.9s)
  Epoch checkpoint: /home/aomukai/Ninereeds/core/c13_Phase_E_bridged_e2.pt
    step    1/1554 (global micro  3109/4662, update  3109/4662)  loss 0.4560  lr 3.25e-04
    step   25/1554 (global micro  3133/4662, update  3133/4662)  loss 0.5127  lr 3.18e-04
    step   50/1554 (global micro  3158/4662, update  3158/4662)  loss 0.4553  lr 3.12e-04
    step   75/1554 (global micro  3183/4662, update  3183/4662)  loss 0.4397  lr 3.06e-04
    step  100/1554 (global micro  3208/4662, update  3208/4662)  loss 0.4508  lr 2.99e-04
    step  125/1554 (global micro  3233/4662, update  3233/4662)  loss 0.4900  lr 2.93e-04
    step  150/1554 (global micro  3258/4662, update  3258/4662)  loss 0.4785  lr 2.87e-04
    step  175/1554 (global micro  3283/4662, update  3283/4662)  loss 0.3547  lr 2.81e-04
    step  200/1554 (global micro  3308/4662, update  3308/4662)  loss 0.5365  lr 2.75e-04
    step  225/1554 (global micro  3333/4662, update  3333/4662)  loss 0.4987  lr 2.69e-04
    step  250/1554 (global micro  3358/4662, update  3358/4662)  loss 0.4563  lr 2.63e-04
    step  275/1554 (global micro  3383/4662, update  3383/4662)  loss 0.4839  lr 2.57e-04
    step  300/1554 (global micro  3408/4662, update  3408/4662)  loss 0.5086  lr 2.51e-04
    step  325/1554 (global micro  3433/4662, update  3433/4662)  loss 0.4975  lr 2.46e-04
    step  350/1554 (global micro  3458/4662, update  3458/4662)  loss 0.4208  lr 2.40e-04
    step  375/1554 (global micro  3483/4662, update  3483/4662)  loss 0.4118  lr 2.35e-04
    step  400/1554 (global micro  3508/4662, update  3508/4662)  loss 0.4295  lr 2.29e-04
    step  425/1554 (global micro  3533/4662, update  3533/4662)  loss 0.3980  lr 2.24e-04
    step  450/1554 (global micro  3558/4662, update  3558/4662)  loss 0.4237  lr 2.19e-04
    step  475/1554 (global micro  3583/4662, update  3583/4662)  loss 0.4406  lr 2.14e-04
    step  500/1554 (global micro  3608/4662, update  3608/4662)  loss 0.4707  lr 2.09e-04
    step  525/1554 (global micro  3633/4662, update  3633/4662)  loss 0.4268  lr 2.04e-04
    step  550/1554 (global micro  3658/4662, update  3658/4662)  loss 0.5079  lr 1.99e-04
    step  575/1554 (global micro  3683/4662, update  3683/4662)  loss 0.4657  lr 1.94e-04
    step  600/1554 (global micro  3708/4662, update  3708/4662)  loss 0.4647  lr 1.90e-04
    step  625/1554 (global micro  3733/4662, update  3733/4662)  loss 0.4357  lr 1.85e-04
    step  650/1554 (global micro  3758/4662, update  3758/4662)  loss 0.4862  lr 1.81e-04
    step  675/1554 (global micro  3783/4662, update  3783/4662)  loss 0.3982  lr 1.77e-04
    step  700/1554 (global micro  3808/4662, update  3808/4662)  loss 0.5034  lr 1.72e-04
    step  725/1554 (global micro  3833/4662, update  3833/4662)  loss 0.4160  lr 1.68e-04
    step  750/1554 (global micro  3858/4662, update  3858/4662)  loss 0.5000  lr 1.64e-04
    step  775/1554 (global micro  3883/4662, update  3883/4662)  loss 0.4831  lr 1.61e-04
    step  800/1554 (global micro  3908/4662, update  3908/4662)  loss 0.4880  lr 1.57e-04
    step  825/1554 (global micro  3933/4662, update  3933/4662)  loss 0.4325  lr 1.53e-04
    step  850/1554 (global micro  3958/4662, update  3958/4662)  loss 0.4271  lr 1.50e-04
    step  875/1554 (global micro  3983/4662, update  3983/4662)  loss 0.3625  lr 1.46e-04
    step  900/1554 (global micro  4008/4662, update  4008/4662)  loss 0.5060  lr 1.43e-04
    step  925/1554 (global micro  4033/4662, update  4033/4662)  loss 0.4965  lr 1.40e-04
    step  950/1554 (global micro  4058/4662, update  4058/4662)  loss 0.4642  lr 1.37e-04
    step  975/1554 (global micro  4083/4662, update  4083/4662)  loss 0.4821  lr 1.34e-04
    step 1000/1554 (global micro  4108/4662, update  4108/4662)  loss 0.4735  lr 1.31e-04
    step 1025/1554 (global micro  4133/4662, update  4133/4662)  loss 0.4638  lr 1.28e-04
    step 1050/1554 (global micro  4158/4662, update  4158/4662)  loss 0.4435  lr 1.26e-04
    step 1075/1554 (global micro  4183/4662, update  4183/4662)  loss 0.4402  lr 1.23e-04
    step 1100/1554 (global micro  4208/4662, update  4208/4662)  loss 0.4003  lr 1.21e-04
    step 1125/1554 (global micro  4233/4662, update  4233/4662)  loss 0.4725  lr 1.19e-04
    step 1150/1554 (global micro  4258/4662, update  4258/4662)  loss 0.5204  lr 1.17e-04
    step 1175/1554 (global micro  4283/4662, update  4283/4662)  loss 0.5456  lr 1.15e-04
    step 1200/1554 (global micro  4308/4662, update  4308/4662)  loss 0.4780  lr 1.13e-04
    step 1225/1554 (global micro  4333/4662, update  4333/4662)  loss 0.4473  lr 1.11e-04
    step 1250/1554 (global micro  4358/4662, update  4358/4662)  loss 0.4471  lr 1.09e-04
    step 1275/1554 (global micro  4383/4662, update  4383/4662)  loss 0.4557  lr 1.08e-04
    step 1300/1554 (global micro  4408/4662, update  4408/4662)  loss 0.4631  lr 1.07e-04
    step 1325/1554 (global micro  4433/4662, update  4433/4662)  loss 0.4831  lr 1.05e-04
    step 1350/1554 (global micro  4458/4662, update  4458/4662)  loss 0.4600  lr 1.04e-04
    step 1375/1554 (global micro  4483/4662, update  4483/4662)  loss 0.4979  lr 1.03e-04
    step 1400/1554 (global micro  4508/4662, update  4508/4662)  loss 0.3968  lr 1.02e-04
    step 1425/1554 (global micro  4533/4662, update  4533/4662)  loss 0.4543  lr 1.02e-04
    step 1450/1554 (global micro  4558/4662, update  4558/4662)  loss 0.3783  lr 1.01e-04
    step 1475/1554 (global micro  4583/4662, update  4583/4662)  loss 0.4610  lr 1.01e-04
    step 1500/1554 (global micro  4608/4662, update  4608/4662)  loss 0.4875  lr 1.00e-04
    step 1525/1554 (global micro  4633/4662, update  4633/4662)  loss 0.4414  lr 1.00e-04
    step 1550/1554 (global micro  4658/4662, update  4658/4662)  loss 0.5233  lr 1.00e-04
    step 1554/1554 (global micro  4662/4662, update  4662/4662)  loss 0.5317  lr 1.00e-04
  epoch   3/3  loss 0.4653  lr 1.00e-04  (583.8s)
  Epoch checkpoint: /home/aomukai/Ninereeds/core/c13_Phase_E_bridged_e3.pt

  Best loss: 0.4653
  Checkpoint saved: /home/aomukai/Ninereeds/core/c13_Phase_E_bridged.pt

