  Training audit: PASSED
  Python: /home/aomukai/.unsloth/studio/unsloth_studio/bin/python
  Device: cuda
  Phase: 0
  Seed: 1337
  Data order: seeded-shuffle
  Resume checkpoint: /home/aomukai/Ninereeds/core/c13_Phase_C_direct_e3.pt

============================================================
  BDH Phase 0 Training
============================================================
  Data files: ['/home/aomukai/Ninereeds/training/corpus/campaign_13_phase_E.txt']
  Total bytes: 3,181,919
  Pre-loading corpus tensor...
  Corpus tensor: 3,181,919 tokens
  Model: small-25m (25.3M params)
  Resuming from: /home/aomukai/Ninereeds/core/c13_Phase_C_direct_e3.pt
  Seed: 1337  |  Deterministic: enabled  |  Data order: seeded-shuffle
  Epochs: 3  |  Windows/epoch: 12429  |  Micro-steps/epoch: 3108  |  Optimizer updates/epoch: 3108  |  Total optimizer updates: 9324  |  LR: 0.001
  Block size: 256  |  Batch size: 4
  Grad accumulation: 1
  AMP bf16: enabled
  Data mode: phase_text
  VRAM logging: disabled
  Log interval: every 25 step(s)
  Output: /home/aomukai/Ninereeds/core/c13_Phase_E_direct_retry3.pt

    step    1/3108 (global micro     1/9324, update     1/9324)  loss 0.6520  lr 1.00e-03
    step   25/3108 (global micro    25/9324, update    25/9324)  loss 0.8091  lr 1.00e-03
    step   50/3108 (global micro    50/9324, update    50/9324)  loss 0.6294  lr 1.00e-03
    step   75/3108 (global micro    75/9324, update    75/9324)  loss 0.7191  lr 1.00e-03
    step  100/3108 (global micro   100/9324, update   100/9324)  loss 0.6350  lr 1.00e-03
    step  125/3108 (global micro   125/9324, update   125/9324)  loss 0.8196  lr 1.00e-03
    step  150/3108 (global micro   150/9324, update   150/9324)  loss 0.7455  lr 9.99e-04
    step  175/3108 (global micro   175/9324, update   175/9324)  loss 0.7840  lr 9.99e-04
    step  200/3108 (global micro   200/9324, update   200/9324)  loss 0.6700  lr 9.99e-04
    step  225/3108 (global micro   225/9324, update   225/9324)  loss 0.7665  lr 9.99e-04
    step  250/3108 (global micro   250/9324, update   250/9324)  loss 0.7691  lr 9.98e-04
    step  275/3108 (global micro   275/9324, update   275/9324)  loss 0.7474  lr 9.98e-04
    step  300/3108 (global micro   300/9324, update   300/9324)  loss 0.6249  lr 9.98e-04
    step  325/3108 (global micro   325/9324, update   325/9324)  loss 0.7965  lr 9.97e-04
    step  350/3108 (global micro   350/9324, update   350/9324)  loss 0.8424  lr 9.97e-04
    step  375/3108 (global micro   375/9324, update   375/9324)  loss 0.6520  lr 9.96e-04
    step  400/3108 (global micro   400/9324, update   400/9324)  loss 0.6324  lr 9.96e-04
    step  425/3108 (global micro   425/9324, update   425/9324)  loss 0.6567  lr 9.95e-04
    step  450/3108 (global micro   450/9324, update   450/9324)  loss 0.6180  lr 9.95e-04
    step  475/3108 (global micro   475/9324, update   475/9324)  loss 0.6162  lr 9.94e-04
    step  500/3108 (global micro   500/9324, update   500/9324)  loss 0.6306  lr 9.94e-04
    step  525/3108 (global micro   525/9324, update   525/9324)  loss 0.7014  lr 9.93e-04
    step  550/3108 (global micro   550/9324, update   550/9324)  loss 0.7680  lr 9.92e-04
    step  575/3108 (global micro   575/9324, update   575/9324)  loss 0.7453  lr 9.92e-04
    step  600/3108 (global micro   600/9324, update   600/9324)  loss 0.7917  lr 9.91e-04
    step  625/3108 (global micro   625/9324, update   625/9324)  loss 0.7731  lr 9.90e-04
    step  650/3108 (global micro   650/9324, update   650/9324)  loss 0.6407  lr 9.89e-04
    step  675/3108 (global micro   675/9324, update   675/9324)  loss 0.7448  lr 9.88e-04
    step  700/3108 (global micro   700/9324, update   700/9324)  loss 0.7699  lr 9.88e-04
    step  725/3108 (global micro   725/9324, update   725/9324)  loss 0.6516  lr 9.87e-04
    step  750/3108 (global micro   750/9324, update   750/9324)  loss 0.7348  lr 9.86e-04
    step  775/3108 (global micro   775/9324, update   775/9324)  loss 0.7582  lr 9.85e-04
    step  800/3108 (global micro   800/9324, update   800/9324)  loss 0.6817  lr 9.84e-04
    step  825/3108 (global micro   825/9324, update   825/9324)  loss 0.6625  lr 9.83e-04
    step  850/3108 (global micro   850/9324, update   850/9324)  loss 0.7126  lr 9.82e-04
    step  875/3108 (global micro   875/9324, update   875/9324)  loss 0.7175  lr 9.81e-04
    step  900/3108 (global micro   900/9324, update   900/9324)  loss 0.8272  lr 9.79e-04
    step  925/3108 (global micro   925/9324, update   925/9324)  loss 0.7018  lr 9.78e-04
    step  950/3108 (global micro   950/9324, update   950/9324)  loss 0.7082  lr 9.77e-04
    step  975/3108 (global micro   975/9324, update   975/9324)  loss 0.6491  lr 9.76e-04
    step 1000/3108 (global micro  1000/9324, update  1000/9324)  loss 0.6378  lr 9.75e-04
    step 1025/3108 (global micro  1025/9324, update  1025/9324)  loss 0.7123  lr 9.73e-04
    step 1050/3108 (global micro  1050/9324, update  1050/9324)  loss 0.8357  lr 9.72e-04
    step 1075/3108 (global micro  1075/9324, update  1075/9324)  loss 0.6605  lr 9.71e-04
    step 1100/3108 (global micro  1100/9324, update  1100/9324)  loss 0.7774  lr 9.69e-04
    step 1125/3108 (global micro  1125/9324, update  1125/9324)  loss 0.8940  lr 9.68e-04
    step 1150/3108 (global micro  1150/9324, update  1150/9324)  loss 0.8946  lr 9.67e-04
    step 1175/3108 (global micro  1175/9324, update  1175/9324)  loss 0.7300  lr 9.65e-04
    step 1200/3108 (global micro  1200/9324, update  1200/9324)  loss 0.8597  lr 9.64e-04
    step 1225/3108 (global micro  1225/9324, update  1225/9324)  loss 0.8263  lr 9.62e-04
    step 1250/3108 (global micro  1250/9324, update  1250/9324)  loss 0.6195  lr 9.61e-04
    step 1275/3108 (global micro  1275/9324, update  1275/9324)  loss 1.0005  lr 9.59e-04
    step 1300/3108 (global micro  1300/9324, update  1300/9324)  loss 0.5670  lr 9.58e-04
    step 1325/3108 (global micro  1325/9324, update  1325/9324)  loss 0.5642  lr 9.56e-04
    step 1350/3108 (global micro  1350/9324, update  1350/9324)  loss 0.6521  lr 9.54e-04
    step 1375/3108 (global micro  1375/9324, update  1375/9324)  loss 0.7796  lr 9.53e-04
    step 1400/3108 (global micro  1400/9324, update  1400/9324)  loss 0.6376  lr 9.51e-04
    step 1425/3108 (global micro  1425/9324, update  1425/9324)  loss 0.7881  lr 9.49e-04
    step 1450/3108 (global micro  1450/9324, update  1450/9324)  loss 0.5722  lr 9.47e-04
    step 1475/3108 (global micro  1475/9324, update  1475/9324)  loss 0.5908  lr 9.46e-04
    step 1500/3108 (global micro  1500/9324, update  1500/9324)  loss 0.5443  lr 9.44e-04
    step 1525/3108 (global micro  1525/9324, update  1525/9324)  loss 0.7788  lr 9.42e-04
    step 1550/3108 (global micro  1550/9324, update  1550/9324)  loss 0.6912  lr 9.40e-04
    step 1575/3108 (global micro  1575/9324, update  1575/9324)  loss 0.7676  lr 9.38e-04
    step 1600/3108 (global micro  1600/9324, update  1600/9324)  loss 0.7247  lr 9.36e-04
    step 1625/3108 (global micro  1625/9324, update  1625/9324)  loss 0.6596  lr 9.34e-04
    step 1650/3108 (global micro  1650/9324, update  1650/9324)  loss 0.7998  lr 9.32e-04
    step 1675/3108 (global micro  1675/9324, update  1675/9324)  loss 0.7761  lr 9.30e-04
    step 1700/3108 (global micro  1700/9324, update  1700/9324)  loss 0.7653  lr 9.28e-04
    step 1725/3108 (global micro  1725/9324, update  1725/9324)  loss 0.5912  lr 9.26e-04
    step 1750/3108 (global micro  1750/9324, update  1750/9324)  loss 0.7548  lr 9.24e-04
    step 1775/3108 (global micro  1775/9324, update  1775/9324)  loss 0.7017  lr 9.22e-04
    step 1800/3108 (global micro  1800/9324, update  1800/9324)  loss 0.6749  lr 9.20e-04
    step 1825/3108 (global micro  1825/9324, update  1825/9324)  loss 0.8757  lr 9.18e-04
    step 1850/3108 (global micro  1850/9324, update  1850/9324)  loss 0.7522  lr 9.15e-04
    step 1875/3108 (global micro  1875/9324, update  1875/9324)  loss 0.7329  lr 9.13e-04
    step 1900/3108 (global micro  1900/9324, update  1900/9324)  loss 0.6504  lr 9.11e-04
    step 1925/3108 (global micro  1925/9324, update  1925/9324)  loss 0.6820  lr 9.09e-04
    step 1950/3108 (global micro  1950/9324, update  1950/9324)  loss 0.6625  lr 9.06e-04
    step 1975/3108 (global micro  1975/9324, update  1975/9324)  loss 0.6956  lr 9.04e-04
    step 2000/3108 (global micro  2000/9324, update  2000/9324)  loss 0.7281  lr 9.02e-04
    step 2025/3108 (global micro  2025/9324, update  2025/9324)  loss 0.8556  lr 8.99e-04
    step 2050/3108 (global micro  2050/9324, update  2050/9324)  loss 0.6535  lr 8.97e-04
    step 2075/3108 (global micro  2075/9324, update  2075/9324)  loss 0.8457  lr 8.94e-04
    step 2100/3108 (global micro  2100/9324, update  2100/9324)  loss 0.7850  lr 8.92e-04
    step 2125/3108 (global micro  2125/9324, update  2125/9324)  loss 0.7883  lr 8.89e-04
    step 2150/3108 (global micro  2150/9324, update  2150/9324)  loss 0.7850  lr 8.87e-04
    step 2175/3108 (global micro  2175/9324, update  2175/9324)  loss 0.6993  lr 8.84e-04
    step 2200/3108 (global micro  2200/9324, update  2200/9324)  loss 0.6924  lr 8.82e-04
    step 2225/3108 (global micro  2225/9324, update  2225/9324)  loss 0.8072  lr 8.79e-04
    step 2250/3108 (global micro  2250/9324, update  2250/9324)  loss 0.6789  lr 8.77e-04
    step 2275/3108 (global micro  2275/9324, update  2275/9324)  loss 0.5813  lr 8.74e-04
    step 2300/3108 (global micro  2300/9324, update  2300/9324)  loss 0.7809  lr 8.72e-04
    step 2325/3108 (global micro  2325/9324, update  2325/9324)  loss 0.8548  lr 8.69e-04
    step 2350/3108 (global micro  2350/9324, update  2350/9324)  loss 0.7427  lr 8.66e-04
    step 2375/3108 (global micro  2375/9324, update  2375/9324)  loss 0.6512  lr 8.63e-04
    step 2400/3108 (global micro  2400/9324, update  2400/9324)  loss 0.6572  lr 8.61e-04
    step 2425/3108 (global micro  2425/9324, update  2425/9324)  loss 0.6069  lr 8.58e-04
    step 2450/3108 (global micro  2450/9324, update  2450/9324)  loss 0.8185  lr 8.55e-04
    step 2475/3108 (global micro  2475/9324, update  2475/9324)  loss 0.8968  lr 8.52e-04
    step 2500/3108 (global micro  2500/9324, update  2500/9324)  loss 0.6180  lr 8.50e-04
    step 2525/3108 (global micro  2525/9324, update  2525/9324)  loss 0.7440  lr 8.47e-04
    step 2550/3108 (global micro  2550/9324, update  2550/9324)  loss 0.6521  lr 8.44e-04
    step 2575/3108 (global micro  2575/9324, update  2575/9324)  loss 0.6648  lr 8.41e-04
    step 2600/3108 (global micro  2600/9324, update  2600/9324)  loss 0.7458  lr 8.38e-04
    step 2625/3108 (global micro  2625/9324, update  2625/9324)  loss 0.7243  lr 8.35e-04
    step 2650/3108 (global micro  2650/9324, update  2650/9324)  loss 0.6887  lr 8.32e-04
    step 2675/3108 (global micro  2675/9324, update  2675/9324)  loss 0.7058  lr 8.29e-04
    step 2700/3108 (global micro  2700/9324, update  2700/9324)  loss 0.5033  lr 8.26e-04
    step 2725/3108 (global micro  2725/9324, update  2725/9324)  loss 0.6221  lr 8.23e-04
    step 2750/3108 (global micro  2750/9324, update  2750/9324)  loss 0.6688  lr 8.20e-04
    step 2775/3108 (global micro  2775/9324, update  2775/9324)  loss 0.9087  lr 8.17e-04
    step 2800/3108 (global micro  2800/9324, update  2800/9324)  loss 0.6552  lr 8.14e-04
    step 2825/3108 (global micro  2825/9324, update  2825/9324)  loss 0.7785  lr 8.11e-04
    step 2850/3108 (global micro  2850/9324, update  2850/9324)  loss 0.5837  lr 8.08e-04
    step 2875/3108 (global micro  2875/9324, update  2875/9324)  loss 0.7250  lr 8.05e-04
    step 2900/3108 (global micro  2900/9324, update  2900/9324)  loss 0.7264  lr 8.02e-04
    step 2925/3108 (global micro  2925/9324, update  2925/9324)  loss 0.7999  lr 7.99e-04
    step 2950/3108 (global micro  2950/9324, update  2950/9324)  loss 0.6180  lr 7.95e-04
    step 2975/3108 (global micro  2975/9324, update  2975/9324)  loss 0.6880  lr 7.92e-04
    step 3000/3108 (global micro  3000/9324, update  3000/9324)  loss 0.7419  lr 7.89e-04
    step 3025/3108 (global micro  3025/9324, update  3025/9324)  loss 0.5366  lr 7.86e-04
    step 3050/3108 (global micro  3050/9324, update  3050/9324)  loss 0.7425  lr 7.83e-04
    step 3075/3108 (global micro  3075/9324, update  3075/9324)  loss 0.6353  lr 7.79e-04
    step 3100/3108 (global micro  3100/9324, update  3100/9324)  loss 0.7908  lr 7.76e-04
    step 3108/3108 (global micro  3108/9324, update  3108/9324)  loss 0.6733  lr 7.75e-04
  epoch   1/3  loss 0.7154  lr 7.75e-04  (991.2s)
  Epoch checkpoint: /home/aomukai/Ninereeds/core/c13_Phase_E_direct_retry3_e1.pt
    step    1/3108 (global micro  3109/9324, update  3109/9324)  loss 0.5862  lr 7.75e-04
    step   25/3108 (global micro  3133/9324, update  3133/9324)  loss 0.6187  lr 7.72e-04
    step   50/3108 (global micro  3158/9324, update  3158/9324)  loss 0.5357  lr 7.68e-04
    step   75/3108 (global micro  3183/9324, update  3183/9324)  loss 0.5350  lr 7.65e-04
    step  100/3108 (global micro  3208/9324, update  3208/9324)  loss 0.6725  lr 7.62e-04
    step  125/3108 (global micro  3233/9324, update  3233/9324)  loss 0.6116  lr 7.58e-04
    step  150/3108 (global micro  3258/9324, update  3258/9324)  loss 0.4956  lr 7.55e-04
    step  175/3108 (global micro  3283/9324, update  3283/9324)  loss 0.4970  lr 7.52e-04
    step  200/3108 (global micro  3308/9324, update  3308/9324)  loss 0.6458  lr 7.48e-04
    step  225/3108 (global micro  3333/9324, update  3333/9324)  loss 0.6657  lr 7.45e-04
    step  250/3108 (global micro  3358/9324, update  3358/9324)  loss 0.5798  lr 7.41e-04
    step  275/3108 (global micro  3383/9324, update  3383/9324)  loss 0.6466  lr 7.38e-04
    step  300/3108 (global micro  3408/9324, update  3408/9324)  loss 0.7740  lr 7.35e-04
    step  325/3108 (global micro  3433/9324, update  3433/9324)  loss 0.5698  lr 7.31e-04
    step  350/3108 (global micro  3458/9324, update  3458/9324)  loss 0.5018  lr 7.28e-04
    step  375/3108 (global micro  3483/9324, update  3483/9324)  loss 0.7211  lr 7.24e-04
    step  400/3108 (global micro  3508/9324, update  3508/9324)  loss 0.5426  lr 7.21e-04
    step  425/3108 (global micro  3533/9324, update  3533/9324)  loss 0.5219  lr 7.17e-04
    step  450/3108 (global micro  3558/9324, update  3558/9324)  loss 0.4722  lr 7.14e-04
    step  475/3108 (global micro  3583/9324, update  3583/9324)  loss 0.7498  lr 7.10e-04
    step  500/3108 (global micro  3608/9324, update  3608/9324)  loss 0.5307  lr 7.06e-04
    step  525/3108 (global micro  3633/9324, update  3633/9324)  loss 0.5628  lr 7.03e-04
    step  550/3108 (global micro  3658/9324, update  3658/9324)  loss 0.6187  lr 6.99e-04
    step  575/3108 (global micro  3683/9324, update  3683/9324)  loss 0.6600  lr 6.96e-04
    step  600/3108 (global micro  3708/9324, update  3708/9324)  loss 0.5997  lr 6.92e-04
    step  625/3108 (global micro  3733/9324, update  3733/9324)  loss 0.6289  lr 6.89e-04
    step  650/3108 (global micro  3758/9324, update  3758/9324)  loss 0.4740  lr 6.85e-04
    step  675/3108 (global micro  3783/9324, update  3783/9324)  loss 0.4942  lr 6.81e-04
    step  700/3108 (global micro  3808/9324, update  3808/9324)  loss 0.6968  lr 6.78e-04
    step  725/3108 (global micro  3833/9324, update  3833/9324)  loss 0.7390  lr 6.74e-04
    step  750/3108 (global micro  3858/9324, update  3858/9324)  loss 0.6568  lr 6.70e-04
    step  775/3108 (global micro  3883/9324, update  3883/9324)  loss 0.5995  lr 6.67e-04
    step  800/3108 (global micro  3908/9324, update  3908/9324)  loss 0.5600  lr 6.63e-04
    step  825/3108 (global micro  3933/9324, update  3933/9324)  loss 0.6946  lr 6.59e-04
    step  850/3108 (global micro  3958/9324, update  3958/9324)  loss 0.6184  lr 6.56e-04
    step  875/3108 (global micro  3983/9324, update  3983/9324)  loss 0.4729  lr 6.52e-04
    step  900/3108 (global micro  4008/9324, update  4008/9324)  loss 0.6991  lr 6.48e-04
    step  925/3108 (global micro  4033/9324, update  4033/9324)  loss 0.5788  lr 6.45e-04
    step  950/3108 (global micro  4058/9324, update  4058/9324)  loss 0.6040  lr 6.41e-04
    step  975/3108 (global micro  4083/9324, update  4083/9324)  loss 0.5154  lr 6.37e-04
    step 1000/3108 (global micro  4108/9324, update  4108/9324)  loss 0.6451  lr 6.34e-04
    step 1025/3108 (global micro  4133/9324, update  4133/9324)  loss 0.5352  lr 6.30e-04
    step 1050/3108 (global micro  4158/9324, update  4158/9324)  loss 0.5419  lr 6.26e-04
    step 1075/3108 (global micro  4183/9324, update  4183/9324)  loss 0.4976  lr 6.22e-04
    step 1100/3108 (global micro  4208/9324, update  4208/9324)  loss 0.6063  lr 6.19e-04
    step 1125/3108 (global micro  4233/9324, update  4233/9324)  loss 0.7113  lr 6.15e-04
    step 1150/3108 (global micro  4258/9324, update  4258/9324)  loss 0.5051  lr 6.11e-04
    step 1175/3108 (global micro  4283/9324, update  4283/9324)  loss 0.6567  lr 6.07e-04
    step 1200/3108 (global micro  4308/9324, update  4308/9324)  loss 0.5988  lr 6.04e-04
    step 1225/3108 (global micro  4333/9324, update  4333/9324)  loss 0.7149  lr 6.00e-04
    step 1250/3108 (global micro  4358/9324, update  4358/9324)  loss 0.5658  lr 5.96e-04
    step 1275/3108 (global micro  4383/9324, update  4383/9324)  loss 0.7123  lr 5.92e-04
    step 1300/3108 (global micro  4408/9324, update  4408/9324)  loss 0.5409  lr 5.88e-04
    step 1325/3108 (global micro  4433/9324, update  4433/9324)  loss 0.4471  lr 5.85e-04
    step 1350/3108 (global micro  4458/9324, update  4458/9324)  loss 0.7048  lr 5.81e-04
    step 1375/3108 (global micro  4483/9324, update  4483/9324)  loss 0.4619  lr 5.77e-04
    step 1400/3108 (global micro  4508/9324, update  4508/9324)  loss 0.7359  lr 5.73e-04
    step 1425/3108 (global micro  4533/9324, update  4533/9324)  loss 0.5405  lr 5.70e-04
    step 1450/3108 (global micro  4558/9324, update  4558/9324)  loss 0.5500  lr 5.66e-04
    step 1475/3108 (global micro  4583/9324, update  4583/9324)  loss 0.7689  lr 5.62e-04
    step 1500/3108 (global micro  4608/9324, update  4608/9324)  loss 0.5405  lr 5.58e-04
    step 1525/3108 (global micro  4633/9324, update  4633/9324)  loss 0.5791  lr 5.54e-04
    step 1550/3108 (global micro  4658/9324, update  4658/9324)  loss 0.5248  lr 5.51e-04
    step 1575/3108 (global micro  4683/9324, update  4683/9324)  loss 0.5864  lr 5.47e-04
    step 1600/3108 (global micro  4708/9324, update  4708/9324)  loss 0.6721  lr 5.43e-04
    step 1625/3108 (global micro  4733/9324, update  4733/9324)  loss 0.5052  lr 5.39e-04
    step 1650/3108 (global micro  4758/9324, update  4758/9324)  loss 0.6134  lr 5.35e-04
    step 1675/3108 (global micro  4783/9324, update  4783/9324)  loss 0.6194  lr 5.32e-04
    step 1700/3108 (global micro  4808/9324, update  4808/9324)  loss 0.5566  lr 5.28e-04
    step 1725/3108 (global micro  4833/9324, update  4833/9324)  loss 0.5398  lr 5.24e-04
    step 1750/3108 (global micro  4858/9324, update  4858/9324)  loss 0.7017  lr 5.20e-04
    step 1775/3108 (global micro  4883/9324, update  4883/9324)  loss 0.6798  lr 5.17e-04
    step 1800/3108 (global micro  4908/9324, update  4908/9324)  loss 0.6144  lr 5.13e-04
    step 1825/3108 (global micro  4933/9324, update  4933/9324)  loss 0.5097  lr 5.09e-04
    step 1850/3108 (global micro  4958/9324, update  4958/9324)  loss 0.5512  lr 5.05e-04
    step 1875/3108 (global micro  4983/9324, update  4983/9324)  loss 0.7321  lr 5.01e-04
    step 1900/3108 (global micro  5008/9324, update  5008/9324)  loss 0.5638  lr 4.98e-04
    step 1925/3108 (global micro  5033/9324, update  5033/9324)  loss 0.5737  lr 4.94e-04
    step 1950/3108 (global micro  5058/9324, update  5058/9324)  loss 0.5944  lr 4.90e-04
    step 1975/3108 (global micro  5083/9324, update  5083/9324)  loss 0.7031  lr 4.86e-04
    step 2000/3108 (global micro  5108/9324, update  5108/9324)  loss 0.5406  lr 4.83e-04
    step 2025/3108 (global micro  5133/9324, update  5133/9324)  loss 0.4658  lr 4.79e-04
    step 2050/3108 (global micro  5158/9324, update  5158/9324)  loss 0.6553  lr 4.75e-04
    step 2075/3108 (global micro  5183/9324, update  5183/9324)  loss 0.6855  lr 4.71e-04
    step 2100/3108 (global micro  5208/9324, update  5208/9324)  loss 0.5927  lr 4.68e-04
    step 2125/3108 (global micro  5233/9324, update  5233/9324)  loss 0.4696  lr 4.64e-04
    step 2150/3108 (global micro  5258/9324, update  5258/9324)  loss 0.5095  lr 4.60e-04
    step 2175/3108 (global micro  5283/9324, update  5283/9324)  loss 0.6027  lr 4.57e-04
    step 2200/3108 (global micro  5308/9324, update  5308/9324)  loss 0.6498  lr 4.53e-04
    step 2225/3108 (global micro  5333/9324, update  5333/9324)  loss 0.5512  lr 4.49e-04
    step 2250/3108 (global micro  5358/9324, update  5358/9324)  loss 0.5265  lr 4.45e-04
    step 2275/3108 (global micro  5383/9324, update  5383/9324)  loss 0.6579  lr 4.42e-04
    step 2300/3108 (global micro  5408/9324, update  5408/9324)  loss 0.5944  lr 4.38e-04
    step 2325/3108 (global micro  5433/9324, update  5433/9324)  loss 0.6016  lr 4.34e-04
    step 2350/3108 (global micro  5458/9324, update  5458/9324)  loss 0.6029  lr 4.31e-04
    step 2375/3108 (global micro  5483/9324, update  5483/9324)  loss 0.5058  lr 4.27e-04
    step 2400/3108 (global micro  5508/9324, update  5508/9324)  loss 0.6179  lr 4.23e-04
    step 2425/3108 (global micro  5533/9324, update  5533/9324)  loss 0.6484  lr 4.20e-04
    step 2450/3108 (global micro  5558/9324, update  5558/9324)  loss 0.6696  lr 4.16e-04
    step 2475/3108 (global micro  5583/9324, update  5583/9324)  loss 0.5466  lr 4.13e-04
    step 2500/3108 (global micro  5608/9324, update  5608/9324)  loss 0.5151  lr 4.09e-04
    step 2525/3108 (global micro  5633/9324, update  5633/9324)  loss 0.5392  lr 4.05e-04
    step 2550/3108 (global micro  5658/9324, update  5658/9324)  loss 0.6021  lr 4.02e-04
    step 2575/3108 (global micro  5683/9324, update  5683/9324)  loss 0.6410  lr 3.98e-04
    step 2600/3108 (global micro  5708/9324, update  5708/9324)  loss 0.6963  lr 3.95e-04
    step 2625/3108 (global micro  5733/9324, update  5733/9324)  loss 0.5339  lr 3.91e-04
    step 2650/3108 (global micro  5758/9324, update  5758/9324)  loss 0.5343  lr 3.88e-04
    step 2675/3108 (global micro  5783/9324, update  5783/9324)  loss 0.4956  lr 3.84e-04
    step 2700/3108 (global micro  5808/9324, update  5808/9324)  loss 0.5448  lr 3.81e-04
    step 2725/3108 (global micro  5833/9324, update  5833/9324)  loss 0.4967  lr 3.77e-04
    step 2750/3108 (global micro  5858/9324, update  5858/9324)  loss 0.4883  lr 3.74e-04
    step 2775/3108 (global micro  5883/9324, update  5883/9324)  loss 0.5058  lr 3.70e-04
    step 2800/3108 (global micro  5908/9324, update  5908/9324)  loss 0.6408  lr 3.67e-04
    step 2825/3108 (global micro  5933/9324, update  5933/9324)  loss 0.4980  lr 3.63e-04
    step 2850/3108 (global micro  5958/9324, update  5958/9324)  loss 0.5161  lr 3.60e-04
    step 2875/3108 (global micro  5983/9324, update  5983/9324)  loss 0.5194  lr 3.56e-04
    step 2900/3108 (global micro  6008/9324, update  6008/9324)  loss 0.5659  lr 3.53e-04
    step 2925/3108 (global micro  6033/9324, update  6033/9324)  loss 0.5787  lr 3.49e-04
    step 2950/3108 (global micro  6058/9324, update  6058/9324)  loss 0.5865  lr 3.46e-04
    step 2975/3108 (global micro  6083/9324, update  6083/9324)  loss 0.5711  lr 3.43e-04
    step 3000/3108 (global micro  6108/9324, update  6108/9324)  loss 0.5861  lr 3.39e-04
    step 3025/3108 (global micro  6133/9324, update  6133/9324)  loss 0.5474  lr 3.36e-04
    step 3050/3108 (global micro  6158/9324, update  6158/9324)  loss 0.4243  lr 3.33e-04
    step 3075/3108 (global micro  6183/9324, update  6183/9324)  loss 0.5462  lr 3.29e-04
    step 3100/3108 (global micro  6208/9324, update  6208/9324)  loss 0.7079  lr 3.26e-04
    step 3108/3108 (global micro  6216/9324, update  6216/9324)  loss 0.4986  lr 3.25e-04
  epoch   2/3  loss 0.5998  lr 3.25e-04  (994.9s)
  Epoch checkpoint: /home/aomukai/Ninereeds/core/c13_Phase_E_direct_retry3_e2.pt
    step    1/3108 (global micro  6217/9324, update  6217/9324)  loss 0.4585  lr 3.25e-04
    step   25/3108 (global micro  6241/9324, update  6241/9324)  loss 0.5493  lr 3.22e-04
    step   50/3108 (global micro  6266/9324, update  6266/9324)  loss 0.6461  lr 3.18e-04
    step   75/3108 (global micro  6291/9324, update  6291/9324)  loss 0.4659  lr 3.15e-04
    step  100/3108 (global micro  6316/9324, update  6316/9324)  loss 0.5225  lr 3.12e-04
    step  125/3108 (global micro  6341/9324, update  6341/9324)  loss 0.5792  lr 3.09e-04
    step  150/3108 (global micro  6366/9324, update  6366/9324)  loss 0.4827  lr 3.06e-04
    step  175/3108 (global micro  6391/9324, update  6391/9324)  loss 0.4487  lr 3.02e-04
    step  200/3108 (global micro  6416/9324, update  6416/9324)  loss 0.4212  lr 2.99e-04
    step  225/3108 (global micro  6441/9324, update  6441/9324)  loss 0.4079  lr 2.96e-04
    step  250/3108 (global micro  6466/9324, update  6466/9324)  loss 0.5367  lr 2.93e-04
    step  275/3108 (global micro  6491/9324, update  6491/9324)  loss 0.5587  lr 2.90e-04
    step  300/3108 (global micro  6516/9324, update  6516/9324)  loss 0.5445  lr 2.87e-04
    step  325/3108 (global micro  6541/9324, update  6541/9324)  loss 0.5143  lr 2.84e-04
    step  350/3108 (global micro  6566/9324, update  6566/9324)  loss 0.4104  lr 2.81e-04
    step  375/3108 (global micro  6591/9324, update  6591/9324)  loss 0.4471  lr 2.78e-04
    step  400/3108 (global micro  6616/9324, update  6616/9324)  loss 0.6029  lr 2.75e-04
    step  425/3108 (global micro  6641/9324, update  6641/9324)  loss 0.3954  lr 2.72e-04
    step  450/3108 (global micro  6666/9324, update  6666/9324)  loss 0.6445  lr 2.69e-04
    step  475/3108 (global micro  6691/9324, update  6691/9324)  loss 0.6703  lr 2.66e-04
    step  500/3108 (global micro  6716/9324, update  6716/9324)  loss 0.5346  lr 2.63e-04
    step  525/3108 (global micro  6741/9324, update  6741/9324)  loss 0.5133  lr 2.60e-04
    step  550/3108 (global micro  6766/9324, update  6766/9324)  loss 0.5082  lr 2.57e-04
    step  575/3108 (global micro  6791/9324, update  6791/9324)  loss 0.5495  lr 2.54e-04
    step  600/3108 (global micro  6816/9324, update  6816/9324)  loss 0.5377  lr 2.51e-04
    step  625/3108 (global micro  6841/9324, update  6841/9324)  loss 0.4377  lr 2.49e-04
    step  650/3108 (global micro  6866/9324, update  6866/9324)  loss 0.5689  lr 2.46e-04
    step  675/3108 (global micro  6891/9324, update  6891/9324)  loss 0.5183  lr 2.43e-04
    step  700/3108 (global micro  6916/9324, update  6916/9324)  loss 0.4402  lr 2.40e-04
    step  725/3108 (global micro  6941/9324, update  6941/9324)  loss 0.4746  lr 2.37e-04
    step  750/3108 (global micro  6966/9324, update  6966/9324)  loss 0.5453  lr 2.35e-04
    step  775/3108 (global micro  6991/9324, update  6991/9324)  loss 0.5290  lr 2.32e-04
    step  800/3108 (global micro  7016/9324, update  7016/9324)  loss 0.4199  lr 2.29e-04
    step  825/3108 (global micro  7041/9324, update  7041/9324)  loss 0.5023  lr 2.27e-04
    step  850/3108 (global micro  7066/9324, update  7066/9324)  loss 0.4556  lr 2.24e-04
    step  875/3108 (global micro  7091/9324, update  7091/9324)  loss 0.4811  lr 2.21e-04
    step  900/3108 (global micro  7116/9324, update  7116/9324)  loss 0.4241  lr 2.19e-04
    step  925/3108 (global micro  7141/9324, update  7141/9324)  loss 0.5849  lr 2.16e-04
    step  950/3108 (global micro  7166/9324, update  7166/9324)  loss 0.5584  lr 2.14e-04
    step  975/3108 (global micro  7191/9324, update  7191/9324)  loss 0.5939  lr 2.11e-04
    step 1000/3108 (global micro  7216/9324, update  7216/9324)  loss 0.5307  lr 2.09e-04
    step 1025/3108 (global micro  7241/9324, update  7241/9324)  loss 0.4726  lr 2.06e-04
    step 1050/3108 (global micro  7266/9324, update  7266/9324)  loss 0.4129  lr 2.04e-04
    step 1075/3108 (global micro  7291/9324, update  7291/9324)  loss 0.5660  lr 2.02e-04
    step 1100/3108 (global micro  7316/9324, update  7316/9324)  loss 0.4768  lr 1.99e-04
    step 1125/3108 (global micro  7341/9324, update  7341/9324)  loss 0.5031  lr 1.97e-04
    step 1150/3108 (global micro  7366/9324, update  7366/9324)  loss 0.4653  lr 1.94e-04
    step 1175/3108 (global micro  7391/9324, update  7391/9324)  loss 0.4742  lr 1.92e-04
    step 1200/3108 (global micro  7416/9324, update  7416/9324)  loss 0.4869  lr 1.90e-04
    step 1225/3108 (global micro  7441/9324, update  7441/9324)  loss 0.3818  lr 1.88e-04
    step 1250/3108 (global micro  7466/9324, update  7466/9324)  loss 0.4266  lr 1.85e-04
    step 1275/3108 (global micro  7491/9324, update  7491/9324)  loss 0.5121  lr 1.83e-04
    step 1300/3108 (global micro  7516/9324, update  7516/9324)  loss 0.4734  lr 1.81e-04
    step 1325/3108 (global micro  7541/9324, update  7541/9324)  loss 0.4208  lr 1.79e-04
    step 1350/3108 (global micro  7566/9324, update  7566/9324)  loss 0.4281  lr 1.77e-04
    step 1375/3108 (global micro  7591/9324, update  7591/9324)  loss 0.4980  lr 1.75e-04
    step 1400/3108 (global micro  7616/9324, update  7616/9324)  loss 0.5210  lr 1.72e-04
    step 1425/3108 (global micro  7641/9324, update  7641/9324)  loss 0.4985  lr 1.70e-04
    step 1450/3108 (global micro  7666/9324, update  7666/9324)  loss 0.3855  lr 1.68e-04
    step 1475/3108 (global micro  7691/9324, update  7691/9324)  loss 0.5308  lr 1.66e-04
    step 1500/3108 (global micro  7716/9324, update  7716/9324)  loss 0.4570  lr 1.64e-04
    step 1525/3108 (global micro  7741/9324, update  7741/9324)  loss 0.5889  lr 1.63e-04
    step 1550/3108 (global micro  7766/9324, update  7766/9324)  loss 0.4803  lr 1.61e-04
    step 1575/3108 (global micro  7791/9324, update  7791/9324)  loss 0.4590  lr 1.59e-04
    step 1600/3108 (global micro  7816/9324, update  7816/9324)  loss 0.5382  lr 1.57e-04
    step 1625/3108 (global micro  7841/9324, update  7841/9324)  loss 0.4260  lr 1.55e-04
    step 1650/3108 (global micro  7866/9324, update  7866/9324)  loss 0.5355  lr 1.53e-04
    step 1675/3108 (global micro  7891/9324, update  7891/9324)  loss 0.4756  lr 1.51e-04
    step 1700/3108 (global micro  7916/9324, update  7916/9324)  loss 0.4192  lr 1.50e-04
    step 1725/3108 (global micro  7941/9324, update  7941/9324)  loss 0.6923  lr 1.48e-04
    step 1750/3108 (global micro  7966/9324, update  7966/9324)  loss 0.3679  lr 1.46e-04
    step 1775/3108 (global micro  7991/9324, update  7991/9324)  loss 0.5153  lr 1.45e-04
    step 1800/3108 (global micro  8016/9324, update  8016/9324)  loss 0.5355  lr 1.43e-04
    step 1825/3108 (global micro  8041/9324, update  8041/9324)  loss 0.4962  lr 1.41e-04
    step 1850/3108 (global micro  8066/9324, update  8066/9324)  loss 0.5188  lr 1.40e-04
    step 1875/3108 (global micro  8091/9324, update  8091/9324)  loss 0.4245  lr 1.38e-04
    step 1900/3108 (global micro  8116/9324, update  8116/9324)  loss 0.5025  lr 1.37e-04
    step 1925/3108 (global micro  8141/9324, update  8141/9324)  loss 0.4779  lr 1.35e-04
    step 1950/3108 (global micro  8166/9324, update  8166/9324)  loss 0.6325  lr 1.34e-04
    step 1975/3108 (global micro  8191/9324, update  8191/9324)  loss 0.3804  lr 1.32e-04
    step 2000/3108 (global micro  8216/9324, update  8216/9324)  loss 0.4261  lr 1.31e-04
    step 2025/3108 (global micro  8241/9324, update  8241/9324)  loss 0.5057  lr 1.30e-04
    step 2050/3108 (global micro  8266/9324, update  8266/9324)  loss 0.5075  lr 1.28e-04
    step 2075/3108 (global micro  8291/9324, update  8291/9324)  loss 0.4027  lr 1.27e-04
    step 2100/3108 (global micro  8316/9324, update  8316/9324)  loss 0.4571  lr 1.26e-04
    step 2125/3108 (global micro  8341/9324, update  8341/9324)  loss 0.6706  lr 1.24e-04
    step 2150/3108 (global micro  8366/9324, update  8366/9324)  loss 0.5217  lr 1.23e-04
    step 2175/3108 (global micro  8391/9324, update  8391/9324)  loss 0.4004  lr 1.22e-04
    step 2200/3108 (global micro  8416/9324, update  8416/9324)  loss 0.3475  lr 1.21e-04
    step 2225/3108 (global micro  8441/9324, update  8441/9324)  loss 0.3764  lr 1.20e-04
    step 2250/3108 (global micro  8466/9324, update  8466/9324)  loss 0.4830  lr 1.19e-04
    step 2275/3108 (global micro  8491/9324, update  8491/9324)  loss 0.4588  lr 1.18e-04
    step 2300/3108 (global micro  8516/9324, update  8516/9324)  loss 0.5510  lr 1.17e-04
    step 2325/3108 (global micro  8541/9324, update  8541/9324)  loss 0.4653  lr 1.16e-04
    step 2350/3108 (global micro  8566/9324, update  8566/9324)  loss 0.6689  lr 1.15e-04
    step 2375/3108 (global micro  8591/9324, update  8591/9324)  loss 0.4269  lr 1.14e-04
    step 2400/3108 (global micro  8616/9324, update  8616/9324)  loss 0.4768  lr 1.13e-04
    step 2425/3108 (global micro  8641/9324, update  8641/9324)  loss 0.5229  lr 1.12e-04
    step 2450/3108 (global micro  8666/9324, update  8666/9324)  loss 0.3740  lr 1.11e-04
    step 2475/3108 (global micro  8691/9324, update  8691/9324)  loss 0.3656  lr 1.10e-04
    step 2500/3108 (global micro  8716/9324, update  8716/9324)  loss 0.4401  lr 1.09e-04
    step 2525/3108 (global micro  8741/9324, update  8741/9324)  loss 0.4955  lr 1.09e-04
    step 2550/3108 (global micro  8766/9324, update  8766/9324)  loss 0.4786  lr 1.08e-04
    step 2575/3108 (global micro  8791/9324, update  8791/9324)  loss 0.4411  lr 1.07e-04
    step 2600/3108 (global micro  8816/9324, update  8816/9324)  loss 0.4825  lr 1.07e-04
    step 2625/3108 (global micro  8841/9324, update  8841/9324)  loss 0.4236  lr 1.06e-04
    step 2650/3108 (global micro  8866/9324, update  8866/9324)  loss 0.4747  lr 1.05e-04
    step 2675/3108 (global micro  8891/9324, update  8891/9324)  loss 0.4259  lr 1.05e-04
    step 2700/3108 (global micro  8916/9324, update  8916/9324)  loss 0.5413  lr 1.04e-04
    step 2725/3108 (global micro  8941/9324, update  8941/9324)  loss 0.4416  lr 1.04e-04
    step 2750/3108 (global micro  8966/9324, update  8966/9324)  loss 0.4855  lr 1.03e-04
    step 2775/3108 (global micro  8991/9324, update  8991/9324)  loss 0.5323  lr 1.03e-04
    step 2800/3108 (global micro  9016/9324, update  9016/9324)  loss 0.4670  lr 1.02e-04
    step 2825/3108 (global micro  9041/9324, update  9041/9324)  loss 0.6947  lr 1.02e-04
    step 2850/3108 (global micro  9066/9324, update  9066/9324)  loss 0.5032  lr 1.02e-04
    step 2875/3108 (global micro  9091/9324, update  9091/9324)  loss 0.3775  lr 1.01e-04
    step 2900/3108 (global micro  9116/9324, update  9116/9324)  loss 0.3693  lr 1.01e-04
    step 2925/3108 (global micro  9141/9324, update  9141/9324)  loss 0.4815  lr 1.01e-04
    step 2950/3108 (global micro  9166/9324, update  9166/9324)  loss 0.4457  lr 1.01e-04
    step 2975/3108 (global micro  9191/9324, update  9191/9324)  loss 0.4620  lr 1.00e-04
    step 3000/3108 (global micro  9216/9324, update  9216/9324)  loss 0.5000  lr 1.00e-04
    step 3025/3108 (global micro  9241/9324, update  9241/9324)  loss 0.5617  lr 1.00e-04
    step 3050/3108 (global micro  9266/9324, update  9266/9324)  loss 0.4611  lr 1.00e-04
    step 3075/3108 (global micro  9291/9324, update  9291/9324)  loss 0.5239  lr 1.00e-04
    step 3100/3108 (global micro  9316/9324, update  9316/9324)  loss 0.5054  lr 1.00e-04
    step 3108/3108 (global micro  9324/9324, update  9324/9324)  loss 0.6672  lr 1.00e-04
  epoch   3/3  loss 0.4886  lr 1.00e-04  (971.0s)
  Epoch checkpoint: /home/aomukai/Ninereeds/core/c13_Phase_E_direct_retry3_e3.pt

  Best loss: 0.4886
  Checkpoint saved: /home/aomukai/Ninereeds/core/c13_Phase_E_direct_retry3.pt

