  Training audit: PASSED
  Python: /home/aomukai/.unsloth/studio/unsloth_studio/bin/python
  Device: cuda
  Phase: 0
  Seed: 1337
  Data order: seeded-shuffle
  Resume checkpoint: /home/aomukai/Ninereeds/checkpoints/c13_Phase_C_winner.pt

============================================================
  BDH Phase 0 Training
============================================================
  Data files: ['/home/aomukai/Ninereeds/training/corpus/campaign_13_phase_A.txt']
  Total bytes: 5,981,721
  Pre-loading corpus tensor...
  Corpus tensor: 5,981,721 tokens
  Model: small-25m (25.3M params)
  Resuming from: /home/aomukai/Ninereeds/checkpoints/c13_Phase_C_winner.pt
  Seed: 1337  |  Deterministic: enabled  |  Data order: seeded-shuffle
  Epochs: 2  |  Windows/epoch: 23366  |  Micro-steps/epoch: 5842  |  Optimizer updates/epoch: 5842  |  Total optimizer updates: 11684  |  LR: 0.001
  Block size: 256  |  Batch size: 4
  Grad accumulation: 1
  AMP bf16: enabled
  Data mode: phase_text
  VRAM logging: disabled
  Log interval: every 25 step(s)
  Output: /home/aomukai/Ninereeds/core/c13_Phase_A_ext_p1.pt

    step    1/5842 (global micro     1/11684, update     1/11684)  loss 0.6726  lr 1.00e-03
    step   25/5842 (global micro    25/11684, update    25/11684)  loss 0.5457  lr 1.00e-03
    step   50/5842 (global micro    50/11684, update    50/11684)  loss 0.7684  lr 1.00e-03
    step   75/5842 (global micro    75/11684, update    75/11684)  loss 0.7605  lr 1.00e-03
    step  100/5842 (global micro   100/11684, update   100/11684)  loss 0.6376  lr 1.00e-03
    step  125/5842 (global micro   125/11684, update   125/11684)  loss 0.6910  lr 1.00e-03
    step  150/5842 (global micro   150/11684, update   150/11684)  loss 0.7215  lr 1.00e-03
    step  175/5842 (global micro   175/11684, update   175/11684)  loss 0.7433  lr 1.00e-03
    step  200/5842 (global micro   200/11684, update   200/11684)  loss 0.8590  lr 9.99e-04
    step  225/5842 (global micro   225/11684, update   225/11684)  loss 0.7542  lr 9.99e-04
    step  250/5842 (global micro   250/11684, update   250/11684)  loss 0.7543  lr 9.99e-04
    step  275/5842 (global micro   275/11684, update   275/11684)  loss 0.6425  lr 9.99e-04
    step  300/5842 (global micro   300/11684, update   300/11684)  loss 0.7276  lr 9.99e-04
    step  325/5842 (global micro   325/11684, update   325/11684)  loss 0.7063  lr 9.98e-04
    step  350/5842 (global micro   350/11684, update   350/11684)  loss 0.6563  lr 9.98e-04
    step  375/5842 (global micro   375/11684, update   375/11684)  loss 0.6025  lr 9.98e-04
    step  400/5842 (global micro   400/11684, update   400/11684)  loss 0.8038  lr 9.97e-04
    step  425/5842 (global micro   425/11684, update   425/11684)  loss 0.9236  lr 9.97e-04
    step  450/5842 (global micro   450/11684, update   450/11684)  loss 0.7016  lr 9.97e-04
    step  475/5842 (global micro   475/11684, update   475/11684)  loss 0.6501  lr 9.96e-04
    step  500/5842 (global micro   500/11684, update   500/11684)  loss 0.7828  lr 9.96e-04
    step  525/5842 (global micro   525/11684, update   525/11684)  loss 0.8840  lr 9.96e-04
    step  550/5842 (global micro   550/11684, update   550/11684)  loss 0.6692  lr 9.95e-04
    step  575/5842 (global micro   575/11684, update   575/11684)  loss 0.6976  lr 9.95e-04
    step  600/5842 (global micro   600/11684, update   600/11684)  loss 0.6653  lr 9.94e-04
    step  625/5842 (global micro   625/11684, update   625/11684)  loss 0.9315  lr 9.94e-04
    step  650/5842 (global micro   650/11684, update   650/11684)  loss 0.5946  lr 9.93e-04
    step  675/5842 (global micro   675/11684, update   675/11684)  loss 0.7108  lr 9.93e-04
    step  700/5842 (global micro   700/11684, update   700/11684)  loss 0.7228  lr 9.92e-04
    step  725/5842 (global micro   725/11684, update   725/11684)  loss 0.8177  lr 9.91e-04
    step  750/5842 (global micro   750/11684, update   750/11684)  loss 0.7167  lr 9.91e-04
    step  775/5842 (global micro   775/11684, update   775/11684)  loss 0.8011  lr 9.90e-04
    step  800/5842 (global micro   800/11684, update   800/11684)  loss 0.6236  lr 9.90e-04
    step  825/5842 (global micro   825/11684, update   825/11684)  loss 0.7690  lr 9.89e-04
    step  850/5842 (global micro   850/11684, update   850/11684)  loss 0.4928  lr 9.88e-04
    step  875/5842 (global micro   875/11684, update   875/11684)  loss 0.7232  lr 9.88e-04
    step  900/5842 (global micro   900/11684, update   900/11684)  loss 0.6687  lr 9.87e-04
    step  925/5842 (global micro   925/11684, update   925/11684)  loss 0.7018  lr 9.86e-04
    step  950/5842 (global micro   950/11684, update   950/11684)  loss 0.6785  lr 9.85e-04
    step  975/5842 (global micro   975/11684, update   975/11684)  loss 0.9166  lr 9.85e-04
    step 1000/5842 (global micro  1000/11684, update  1000/11684)  loss 0.6789  lr 9.84e-04
    step 1025/5842 (global micro  1025/11684, update  1025/11684)  loss 0.6746  lr 9.83e-04
    step 1050/5842 (global micro  1050/11684, update  1050/11684)  loss 0.7896  lr 9.82e-04
    step 1075/5842 (global micro  1075/11684, update  1075/11684)  loss 0.6699  lr 9.81e-04
    step 1100/5842 (global micro  1100/11684, update  1100/11684)  loss 0.5693  lr 9.80e-04
    step 1125/5842 (global micro  1125/11684, update  1125/11684)  loss 0.7911  lr 9.80e-04
    step 1150/5842 (global micro  1150/11684, update  1150/11684)  loss 0.7915  lr 9.79e-04
    step 1175/5842 (global micro  1175/11684, update  1175/11684)  loss 0.6405  lr 9.78e-04
    step 1200/5842 (global micro  1200/11684, update  1200/11684)  loss 0.8385  lr 9.77e-04
    step 1225/5842 (global micro  1225/11684, update  1225/11684)  loss 0.8221  lr 9.76e-04
    step 1250/5842 (global micro  1250/11684, update  1250/11684)  loss 0.6674  lr 9.75e-04
    step 1275/5842 (global micro  1275/11684, update  1275/11684)  loss 0.5847  lr 9.74e-04
    step 1300/5842 (global micro  1300/11684, update  1300/11684)  loss 0.7817  lr 9.73e-04
    step 1325/5842 (global micro  1325/11684, update  1325/11684)  loss 0.7253  lr 9.72e-04
    step 1350/5842 (global micro  1350/11684, update  1350/11684)  loss 0.8652  lr 9.71e-04
    step 1375/5842 (global micro  1375/11684, update  1375/11684)  loss 0.7067  lr 9.70e-04
    step 1400/5842 (global micro  1400/11684, update  1400/11684)  loss 0.6629  lr 9.68e-04
    step 1425/5842 (global micro  1425/11684, update  1425/11684)  loss 0.8513  lr 9.67e-04
    step 1450/5842 (global micro  1450/11684, update  1450/11684)  loss 0.6759  lr 9.66e-04
    step 1475/5842 (global micro  1475/11684, update  1475/11684)  loss 0.8110  lr 9.65e-04
    step 1500/5842 (global micro  1500/11684, update  1500/11684)  loss 0.6768  lr 9.64e-04
    step 1525/5842 (global micro  1525/11684, update  1525/11684)  loss 0.6395  lr 9.63e-04
    step 1550/5842 (global micro  1550/11684, update  1550/11684)  loss 0.9232  lr 9.61e-04
    step 1575/5842 (global micro  1575/11684, update  1575/11684)  loss 0.8404  lr 9.60e-04
    step 1600/5842 (global micro  1600/11684, update  1600/11684)  loss 0.6446  lr 9.59e-04
    step 1625/5842 (global micro  1625/11684, update  1625/11684)  loss 0.6483  lr 9.58e-04
    step 1650/5842 (global micro  1650/11684, update  1650/11684)  loss 0.8197  lr 9.56e-04
    step 1675/5842 (global micro  1675/11684, update  1675/11684)  loss 0.7161  lr 9.55e-04
    step 1700/5842 (global micro  1700/11684, update  1700/11684)  loss 0.5919  lr 9.54e-04
    step 1725/5842 (global micro  1725/11684, update  1725/11684)  loss 0.6498  lr 9.52e-04
    step 1750/5842 (global micro  1750/11684, update  1750/11684)  loss 0.8100  lr 9.51e-04
    step 1775/5842 (global micro  1775/11684, update  1775/11684)  loss 0.6834  lr 9.50e-04
    step 1800/5842 (global micro  1800/11684, update  1800/11684)  loss 0.7498  lr 9.48e-04
    step 1825/5842 (global micro  1825/11684, update  1825/11684)  loss 0.5511  lr 9.47e-04
    step 1850/5842 (global micro  1850/11684, update  1850/11684)  loss 0.6628  lr 9.45e-04
    step 1875/5842 (global micro  1875/11684, update  1875/11684)  loss 0.5677  lr 9.44e-04
    step 1900/5842 (global micro  1900/11684, update  1900/11684)  loss 0.6474  lr 9.43e-04
    step 1925/5842 (global micro  1925/11684, update  1925/11684)  loss 0.7094  lr 9.41e-04
    step 1950/5842 (global micro  1950/11684, update  1950/11684)  loss 0.7822  lr 9.40e-04
    step 1975/5842 (global micro  1975/11684, update  1975/11684)  loss 0.7434  lr 9.38e-04
    step 2000/5842 (global micro  2000/11684, update  2000/11684)  loss 0.8250  lr 9.36e-04
    step 2025/5842 (global micro  2025/11684, update  2025/11684)  loss 0.8486  lr 9.35e-04
    step 2050/5842 (global micro  2050/11684, update  2050/11684)  loss 0.5273  lr 9.33e-04
    step 2075/5842 (global micro  2075/11684, update  2075/11684)  loss 0.6445  lr 9.32e-04
    step 2100/5842 (global micro  2100/11684, update  2100/11684)  loss 0.8201  lr 9.30e-04
    step 2125/5842 (global micro  2125/11684, update  2125/11684)  loss 0.5629  lr 9.29e-04
    step 2150/5842 (global micro  2150/11684, update  2150/11684)  loss 0.8085  lr 9.27e-04
    step 2175/5842 (global micro  2175/11684, update  2175/11684)  loss 0.6622  lr 9.25e-04
    step 2200/5842 (global micro  2200/11684, update  2200/11684)  loss 0.7133  lr 9.24e-04
    step 2225/5842 (global micro  2225/11684, update  2225/11684)  loss 0.7865  lr 9.22e-04
    step 2250/5842 (global micro  2250/11684, update  2250/11684)  loss 0.4681  lr 9.20e-04
    step 2275/5842 (global micro  2275/11684, update  2275/11684)  loss 0.6495  lr 9.18e-04
    step 2300/5842 (global micro  2300/11684, update  2300/11684)  loss 0.7170  lr 9.17e-04
    step 2325/5842 (global micro  2325/11684, update  2325/11684)  loss 0.7233  lr 9.15e-04
    step 2350/5842 (global micro  2350/11684, update  2350/11684)  loss 0.5258  lr 9.13e-04
    step 2375/5842 (global micro  2375/11684, update  2375/11684)  loss 0.7498  lr 9.11e-04
    step 2400/5842 (global micro  2400/11684, update  2400/11684)  loss 0.6307  lr 9.10e-04
    step 2425/5842 (global micro  2425/11684, update  2425/11684)  loss 0.7449  lr 9.08e-04
    step 2450/5842 (global micro  2450/11684, update  2450/11684)  loss 0.6317  lr 9.06e-04
    step 2475/5842 (global micro  2475/11684, update  2475/11684)  loss 0.7758  lr 9.04e-04
    step 2500/5842 (global micro  2500/11684, update  2500/11684)  loss 0.9629  lr 9.02e-04
    step 2525/5842 (global micro  2525/11684, update  2525/11684)  loss 0.7031  lr 9.00e-04
    step 2550/5842 (global micro  2550/11684, update  2550/11684)  loss 0.7142  lr 8.98e-04
    step 2575/5842 (global micro  2575/11684, update  2575/11684)  loss 0.6631  lr 8.96e-04
    step 2600/5842 (global micro  2600/11684, update  2600/11684)  loss 0.6850  lr 8.94e-04
    step 2625/5842 (global micro  2625/11684, update  2625/11684)  loss 0.6316  lr 8.92e-04
    step 2650/5842 (global micro  2650/11684, update  2650/11684)  loss 0.7907  lr 8.91e-04
    step 2675/5842 (global micro  2675/11684, update  2675/11684)  loss 0.7024  lr 8.89e-04
    step 2700/5842 (global micro  2700/11684, update  2700/11684)  loss 0.6956  lr 8.87e-04
    step 2725/5842 (global micro  2725/11684, update  2725/11684)  loss 0.6801  lr 8.85e-04
    step 2750/5842 (global micro  2750/11684, update  2750/11684)  loss 0.7245  lr 8.82e-04
    step 2775/5842 (global micro  2775/11684, update  2775/11684)  loss 0.8675  lr 8.80e-04
    step 2800/5842 (global micro  2800/11684, update  2800/11684)  loss 0.5441  lr 8.78e-04
    step 2825/5842 (global micro  2825/11684, update  2825/11684)  loss 0.6220  lr 8.76e-04
    step 2850/5842 (global micro  2850/11684, update  2850/11684)  loss 0.7224  lr 8.74e-04
    step 2875/5842 (global micro  2875/11684, update  2875/11684)  loss 0.7635  lr 8.72e-04
    step 2900/5842 (global micro  2900/11684, update  2900/11684)  loss 0.5308  lr 8.70e-04
    step 2925/5842 (global micro  2925/11684, update  2925/11684)  loss 0.8957  lr 8.68e-04
    step 2950/5842 (global micro  2950/11684, update  2950/11684)  loss 0.7315  lr 8.66e-04
    step 2975/5842 (global micro  2975/11684, update  2975/11684)  loss 0.5325  lr 8.64e-04
    step 3000/5842 (global micro  3000/11684, update  3000/11684)  loss 0.6928  lr 8.61e-04
    step 3025/5842 (global micro  3025/11684, update  3025/11684)  loss 0.7101  lr 8.59e-04
    step 3050/5842 (global micro  3050/11684, update  3050/11684)  loss 0.6378  lr 8.57e-04
    step 3075/5842 (global micro  3075/11684, update  3075/11684)  loss 0.7820  lr 8.55e-04
    step 3100/5842 (global micro  3100/11684, update  3100/11684)  loss 0.6615  lr 8.53e-04
    step 3125/5842 (global micro  3125/11684, update  3125/11684)  loss 0.7652  lr 8.50e-04
    step 3150/5842 (global micro  3150/11684, update  3150/11684)  loss 0.8585  lr 8.48e-04
    step 3175/5842 (global micro  3175/11684, update  3175/11684)  loss 0.6209  lr 8.46e-04
    step 3200/5842 (global micro  3200/11684, update  3200/11684)  loss 0.6191  lr 8.43e-04
    step 3225/5842 (global micro  3225/11684, update  3225/11684)  loss 0.6208  lr 8.41e-04
    step 3250/5842 (global micro  3250/11684, update  3250/11684)  loss 0.7471  lr 8.39e-04
    step 3275/5842 (global micro  3275/11684, update  3275/11684)  loss 0.7905  lr 8.37e-04
    step 3300/5842 (global micro  3300/11684, update  3300/11684)  loss 0.8688  lr 8.34e-04
    step 3325/5842 (global micro  3325/11684, update  3325/11684)  loss 0.6898  lr 8.32e-04
    step 3350/5842 (global micro  3350/11684, update  3350/11684)  loss 0.7744  lr 8.29e-04
    step 3375/5842 (global micro  3375/11684, update  3375/11684)  loss 0.7184  lr 8.27e-04
    step 3400/5842 (global micro  3400/11684, update  3400/11684)  loss 0.8177  lr 8.25e-04
    step 3425/5842 (global micro  3425/11684, update  3425/11684)  loss 0.5250  lr 8.22e-04
    step 3450/5842 (global micro  3450/11684, update  3450/11684)  loss 0.7762  lr 8.20e-04
    step 3475/5842 (global micro  3475/11684, update  3475/11684)  loss 0.6311  lr 8.17e-04
    step 3500/5842 (global micro  3500/11684, update  3500/11684)  loss 0.6572  lr 8.15e-04
    step 3525/5842 (global micro  3525/11684, update  3525/11684)  loss 0.8099  lr 8.13e-04
    step 3550/5842 (global micro  3550/11684, update  3550/11684)  loss 0.7264  lr 8.10e-04
    step 3575/5842 (global micro  3575/11684, update  3575/11684)  loss 0.5727  lr 8.08e-04
    step 3600/5842 (global micro  3600/11684, update  3600/11684)  loss 0.8346  lr 8.05e-04
    step 3625/5842 (global micro  3625/11684, update  3625/11684)  loss 0.6852  lr 8.03e-04
    step 3650/5842 (global micro  3650/11684, update  3650/11684)  loss 0.6050  lr 8.00e-04
    step 3675/5842 (global micro  3675/11684, update  3675/11684)  loss 0.7114  lr 7.98e-04
    step 3700/5842 (global micro  3700/11684, update  3700/11684)  loss 0.6253  lr 7.95e-04
    step 3725/5842 (global micro  3725/11684, update  3725/11684)  loss 0.9648  lr 7.93e-04
    step 3750/5842 (global micro  3750/11684, update  3750/11684)  loss 0.5890  lr 7.90e-04
    step 3775/5842 (global micro  3775/11684, update  3775/11684)  loss 0.7732  lr 7.87e-04
    step 3800/5842 (global micro  3800/11684, update  3800/11684)  loss 0.6402  lr 7.85e-04
    step 3825/5842 (global micro  3825/11684, update  3825/11684)  loss 0.5422  lr 7.82e-04
    step 3850/5842 (global micro  3850/11684, update  3850/11684)  loss 0.7442  lr 7.80e-04
    step 3875/5842 (global micro  3875/11684, update  3875/11684)  loss 0.6411  lr 7.77e-04
    step 3900/5842 (global micro  3900/11684, update  3900/11684)  loss 0.5961  lr 7.74e-04
    step 3925/5842 (global micro  3925/11684, update  3925/11684)  loss 0.7404  lr 7.72e-04
    step 3950/5842 (global micro  3950/11684, update  3950/11684)  loss 0.6682  lr 7.69e-04
    step 3975/5842 (global micro  3975/11684, update  3975/11684)  loss 0.5135  lr 7.67e-04
    step 4000/5842 (global micro  4000/11684, update  4000/11684)  loss 0.5818  lr 7.64e-04
    step 4025/5842 (global micro  4025/11684, update  4025/11684)  loss 0.6532  lr 7.61e-04
    step 4050/5842 (global micro  4050/11684, update  4050/11684)  loss 0.7315  lr 7.59e-04
    step 4075/5842 (global micro  4075/11684, update  4075/11684)  loss 0.6201  lr 7.56e-04
    step 4100/5842 (global micro  4100/11684, update  4100/11684)  loss 0.6541  lr 7.53e-04
    step 4125/5842 (global micro  4125/11684, update  4125/11684)  loss 0.6541  lr 7.50e-04
    step 4150/5842 (global micro  4150/11684, update  4150/11684)  loss 0.7431  lr 7.48e-04
    step 4175/5842 (global micro  4175/11684, update  4175/11684)  loss 0.7293  lr 7.45e-04
    step 4200/5842 (global micro  4200/11684, update  4200/11684)  loss 0.5640  lr 7.42e-04
    step 4225/5842 (global micro  4225/11684, update  4225/11684)  loss 0.7032  lr 7.40e-04
    step 4250/5842 (global micro  4250/11684, update  4250/11684)  loss 0.5371  lr 7.37e-04
    step 4275/5842 (global micro  4275/11684, update  4275/11684)  loss 0.6404  lr 7.34e-04
    step 4300/5842 (global micro  4300/11684, update  4300/11684)  loss 0.7063  lr 7.31e-04
    step 4325/5842 (global micro  4325/11684, update  4325/11684)  loss 0.7151  lr 7.29e-04
    step 4350/5842 (global micro  4350/11684, update  4350/11684)  loss 0.5706  lr 7.26e-04
    step 4375/5842 (global micro  4375/11684, update  4375/11684)  loss 0.8194  lr 7.23e-04
    step 4400/5842 (global micro  4400/11684, update  4400/11684)  loss 0.8594  lr 7.20e-04
    step 4425/5842 (global micro  4425/11684, update  4425/11684)  loss 0.6095  lr 7.17e-04
    step 4450/5842 (global micro  4450/11684, update  4450/11684)  loss 0.7152  lr 7.15e-04
    step 4475/5842 (global micro  4475/11684, update  4475/11684)  loss 0.6097  lr 7.12e-04
    step 4500/5842 (global micro  4500/11684, update  4500/11684)  loss 0.7424  lr 7.09e-04
    step 4525/5842 (global micro  4525/11684, update  4525/11684)  loss 0.6953  lr 7.06e-04
    step 4550/5842 (global micro  4550/11684, update  4550/11684)  loss 0.4855  lr 7.03e-04
    step 4575/5842 (global micro  4575/11684, update  4575/11684)  loss 0.6336  lr 7.00e-04
    step 4600/5842 (global micro  4600/11684, update  4600/11684)  loss 0.6391  lr 6.97e-04
    step 4625/5842 (global micro  4625/11684, update  4625/11684)  loss 0.8362  lr 6.95e-04
    step 4650/5842 (global micro  4650/11684, update  4650/11684)  loss 0.5350  lr 6.92e-04
    step 4675/5842 (global micro  4675/11684, update  4675/11684)  loss 0.6320  lr 6.89e-04
    step 4700/5842 (global micro  4700/11684, update  4700/11684)  loss 0.5240  lr 6.86e-04
    step 4725/5842 (global micro  4725/11684, update  4725/11684)  loss 0.7846  lr 6.83e-04
    step 4750/5842 (global micro  4750/11684, update  4750/11684)  loss 0.6490  lr 6.80e-04
    step 4775/5842 (global micro  4775/11684, update  4775/11684)  loss 0.6759  lr 6.77e-04
    step 4800/5842 (global micro  4800/11684, update  4800/11684)  loss 0.6262  lr 6.74e-04
    step 4825/5842 (global micro  4825/11684, update  4825/11684)  loss 0.7468  lr 6.72e-04
    step 4850/5842 (global micro  4850/11684, update  4850/11684)  loss 0.5093  lr 6.69e-04
    step 4875/5842 (global micro  4875/11684, update  4875/11684)  loss 0.5131  lr 6.66e-04
    step 4900/5842 (global micro  4900/11684, update  4900/11684)  loss 0.6040  lr 6.63e-04
    step 4925/5842 (global micro  4925/11684, update  4925/11684)  loss 0.7607  lr 6.60e-04
    step 4950/5842 (global micro  4950/11684, update  4950/11684)  loss 0.6893  lr 6.57e-04
    step 4975/5842 (global micro  4975/11684, update  4975/11684)  loss 0.6229  lr 6.54e-04
    step 5000/5842 (global micro  5000/11684, update  5000/11684)  loss 0.7208  lr 6.51e-04
    step 5025/5842 (global micro  5025/11684, update  5025/11684)  loss 0.5794  lr 6.48e-04
    step 5050/5842 (global micro  5050/11684, update  5050/11684)  loss 0.5999  lr 6.45e-04
    step 5075/5842 (global micro  5075/11684, update  5075/11684)  loss 0.5890  lr 6.42e-04
    step 5100/5842 (global micro  5100/11684, update  5100/11684)  loss 0.6451  lr 6.39e-04
    step 5125/5842 (global micro  5125/11684, update  5125/11684)  loss 0.7103  lr 6.36e-04
    step 5150/5842 (global micro  5150/11684, update  5150/11684)  loss 0.6905  lr 6.33e-04
    step 5175/5842 (global micro  5175/11684, update  5175/11684)  loss 0.7079  lr 6.30e-04
    step 5200/5842 (global micro  5200/11684, update  5200/11684)  loss 0.7516  lr 6.27e-04
    step 5225/5842 (global micro  5225/11684, update  5225/11684)  loss 0.6918  lr 6.24e-04
    step 5250/5842 (global micro  5250/11684, update  5250/11684)  loss 0.8118  lr 6.21e-04
    step 5275/5842 (global micro  5275/11684, update  5275/11684)  loss 0.6524  lr 6.18e-04
    step 5300/5842 (global micro  5300/11684, update  5300/11684)  loss 0.5550  lr 6.15e-04
    step 5325/5842 (global micro  5325/11684, update  5325/11684)  loss 0.6252  lr 6.12e-04
    step 5350/5842 (global micro  5350/11684, update  5350/11684)  loss 0.9298  lr 6.09e-04
    step 5375/5842 (global micro  5375/11684, update  5375/11684)  loss 0.6216  lr 6.06e-04
    step 5400/5842 (global micro  5400/11684, update  5400/11684)  loss 0.7409  lr 6.03e-04
    step 5425/5842 (global micro  5425/11684, update  5425/11684)  loss 0.4496  lr 6.00e-04
    step 5450/5842 (global micro  5450/11684, update  5450/11684)  loss 0.7011  lr 5.97e-04
    step 5475/5842 (global micro  5475/11684, update  5475/11684)  loss 0.5948  lr 5.94e-04
    step 5500/5842 (global micro  5500/11684, update  5500/11684)  loss 0.4394  lr 5.91e-04
    step 5525/5842 (global micro  5525/11684, update  5525/11684)  loss 0.8010  lr 5.88e-04
    step 5550/5842 (global micro  5550/11684, update  5550/11684)  loss 0.5395  lr 5.85e-04
    step 5575/5842 (global micro  5575/11684, update  5575/11684)  loss 0.4649  lr 5.82e-04
    step 5600/5842 (global micro  5600/11684, update  5600/11684)  loss 0.5734  lr 5.79e-04
    step 5625/5842 (global micro  5625/11684, update  5625/11684)  loss 0.7274  lr 5.76e-04
    step 5650/5842 (global micro  5650/11684, update  5650/11684)  loss 0.4646  lr 5.73e-04
    step 5675/5842 (global micro  5675/11684, update  5675/11684)  loss 0.6242  lr 5.70e-04
    step 5700/5842 (global micro  5700/11684, update  5700/11684)  loss 0.4622  lr 5.67e-04
    step 5725/5842 (global micro  5725/11684, update  5725/11684)  loss 0.6528  lr 5.64e-04
    step 5750/5842 (global micro  5750/11684, update  5750/11684)  loss 0.6117  lr 5.61e-04
    step 5775/5842 (global micro  5775/11684, update  5775/11684)  loss 0.6338  lr 5.58e-04
    step 5800/5842 (global micro  5800/11684, update  5800/11684)  loss 0.4790  lr 5.55e-04
    step 5825/5842 (global micro  5825/11684, update  5825/11684)  loss 0.7184  lr 5.52e-04
    step 5842/5842 (global micro  5842/11684, update  5842/11684)  loss 0.4668  lr 5.50e-04
  epoch   1/2  loss 0.6964  lr 5.50e-04  (1145.4s)
  Epoch checkpoint: /home/aomukai/Ninereeds/core/c13_Phase_A_ext_p1_e1.pt
    step    1/5842 (global micro  5843/11684, update  5843/11684)  loss 0.5033  lr 5.50e-04
    step   25/5842 (global micro  5867/11684, update  5867/11684)  loss 0.5056  lr 5.47e-04
    step   50/5842 (global micro  5892/11684, update  5892/11684)  loss 0.6246  lr 5.44e-04
    step   75/5842 (global micro  5917/11684, update  5917/11684)  loss 0.5853  lr 5.41e-04
    step  100/5842 (global micro  5942/11684, update  5942/11684)  loss 0.5656  lr 5.38e-04
    step  125/5842 (global micro  5967/11684, update  5967/11684)  loss 0.4986  lr 5.35e-04
    step  150/5842 (global micro  5992/11684, update  5992/11684)  loss 0.6769  lr 5.32e-04
    step  175/5842 (global micro  6017/11684, update  6017/11684)  loss 0.3932  lr 5.29e-04
    step  200/5842 (global micro  6042/11684, update  6042/11684)  loss 0.6153  lr 5.26e-04
    step  225/5842 (global micro  6067/11684, update  6067/11684)  loss 0.6703  lr 5.23e-04
    step  250/5842 (global micro  6092/11684, update  6092/11684)  loss 0.5754  lr 5.20e-04
    step  275/5842 (global micro  6117/11684, update  6117/11684)  loss 0.4709  lr 5.17e-04
    step  300/5842 (global micro  6142/11684, update  6142/11684)  loss 0.4744  lr 5.14e-04
    step  325/5842 (global micro  6167/11684, update  6167/11684)  loss 0.5866  lr 5.11e-04
    step  350/5842 (global micro  6192/11684, update  6192/11684)  loss 0.6493  lr 5.08e-04
    step  375/5842 (global micro  6217/11684, update  6217/11684)  loss 0.6830  lr 5.05e-04
    step  400/5842 (global micro  6242/11684, update  6242/11684)  loss 0.8453  lr 5.02e-04
    step  425/5842 (global micro  6267/11684, update  6267/11684)  loss 0.5468  lr 4.99e-04
    step  450/5842 (global micro  6292/11684, update  6292/11684)  loss 0.5279  lr 4.96e-04
    step  475/5842 (global micro  6317/11684, update  6317/11684)  loss 0.5946  lr 4.93e-04
    step  500/5842 (global micro  6342/11684, update  6342/11684)  loss 0.6445  lr 4.90e-04
    step  525/5842 (global micro  6367/11684, update  6367/11684)  loss 0.6747  lr 4.87e-04
    step  550/5842 (global micro  6392/11684, update  6392/11684)  loss 0.7019  lr 4.84e-04
    step  575/5842 (global micro  6417/11684, update  6417/11684)  loss 0.4448  lr 4.81e-04
    step  600/5842 (global micro  6442/11684, update  6442/11684)  loss 0.5807  lr 4.78e-04
    step  625/5842 (global micro  6467/11684, update  6467/11684)  loss 0.6552  lr 4.75e-04
    step  650/5842 (global micro  6492/11684, update  6492/11684)  loss 0.6052  lr 4.72e-04
    step  675/5842 (global micro  6517/11684, update  6517/11684)  loss 0.5761  lr 4.69e-04
    step  700/5842 (global micro  6542/11684, update  6542/11684)  loss 0.6386  lr 4.66e-04
    step  725/5842 (global micro  6567/11684, update  6567/11684)  loss 0.5259  lr 4.63e-04
    step  750/5842 (global micro  6592/11684, update  6592/11684)  loss 0.5716  lr 4.60e-04
    step  775/5842 (global micro  6617/11684, update  6617/11684)  loss 0.7477  lr 4.57e-04
    step  800/5842 (global micro  6642/11684, update  6642/11684)  loss 0.5271  lr 4.54e-04
    step  825/5842 (global micro  6667/11684, update  6667/11684)  loss 0.6400  lr 4.51e-04
    step  850/5842 (global micro  6692/11684, update  6692/11684)  loss 0.5072  lr 4.48e-04
    step  875/5842 (global micro  6717/11684, update  6717/11684)  loss 0.5395  lr 4.45e-04
    step  900/5842 (global micro  6742/11684, update  6742/11684)  loss 0.6148  lr 4.42e-04
    step  925/5842 (global micro  6767/11684, update  6767/11684)  loss 0.5768  lr 4.39e-04
    step  950/5842 (global micro  6792/11684, update  6792/11684)  loss 0.7394  lr 4.36e-04
    step  975/5842 (global micro  6817/11684, update  6817/11684)  loss 0.6512  lr 4.33e-04
    step 1000/5842 (global micro  6842/11684, update  6842/11684)  loss 0.6499  lr 4.30e-04
    step 1025/5842 (global micro  6867/11684, update  6867/11684)  loss 0.6642  lr 4.28e-04
    step 1050/5842 (global micro  6892/11684, update  6892/11684)  loss 0.4876  lr 4.25e-04
    step 1075/5842 (global micro  6917/11684, update  6917/11684)  loss 0.5181  lr 4.22e-04
    step 1100/5842 (global micro  6942/11684, update  6942/11684)  loss 0.4598  lr 4.19e-04
    step 1125/5842 (global micro  6967/11684, update  6967/11684)  loss 0.4841  lr 4.16e-04
    step 1150/5842 (global micro  6992/11684, update  6992/11684)  loss 0.4261  lr 4.13e-04
    step 1175/5842 (global micro  7017/11684, update  7017/11684)  loss 0.4943  lr 4.10e-04
    step 1200/5842 (global micro  7042/11684, update  7042/11684)  loss 0.4926  lr 4.07e-04
    step 1225/5842 (global micro  7067/11684, update  7067/11684)  loss 0.4847  lr 4.04e-04
    step 1250/5842 (global micro  7092/11684, update  7092/11684)  loss 0.5096  lr 4.02e-04
    step 1275/5842 (global micro  7117/11684, update  7117/11684)  loss 0.5959  lr 3.99e-04
    step 1300/5842 (global micro  7142/11684, update  7142/11684)  loss 0.5088  lr 3.96e-04
    step 1325/5842 (global micro  7167/11684, update  7167/11684)  loss 0.6691  lr 3.93e-04
    step 1350/5842 (global micro  7192/11684, update  7192/11684)  loss 0.3917  lr 3.90e-04
    step 1375/5842 (global micro  7217/11684, update  7217/11684)  loss 0.5273  lr 3.87e-04
    step 1400/5842 (global micro  7242/11684, update  7242/11684)  loss 0.6232  lr 3.85e-04
    step 1425/5842 (global micro  7267/11684, update  7267/11684)  loss 0.6162  lr 3.82e-04
    step 1450/5842 (global micro  7292/11684, update  7292/11684)  loss 0.5504  lr 3.79e-04
    step 1475/5842 (global micro  7317/11684, update  7317/11684)  loss 0.5527  lr 3.76e-04
    step 1500/5842 (global micro  7342/11684, update  7342/11684)  loss 0.6635  lr 3.73e-04
    step 1525/5842 (global micro  7367/11684, update  7367/11684)  loss 0.5599  lr 3.71e-04
    step 1550/5842 (global micro  7392/11684, update  7392/11684)  loss 0.4712  lr 3.68e-04
    step 1575/5842 (global micro  7417/11684, update  7417/11684)  loss 0.7155  lr 3.65e-04
    step 1600/5842 (global micro  7442/11684, update  7442/11684)  loss 0.6117  lr 3.62e-04
    step 1625/5842 (global micro  7467/11684, update  7467/11684)  loss 0.5154  lr 3.60e-04
    step 1650/5842 (global micro  7492/11684, update  7492/11684)  loss 0.4685  lr 3.57e-04
    step 1675/5842 (global micro  7517/11684, update  7517/11684)  loss 0.4313  lr 3.54e-04
    step 1700/5842 (global micro  7542/11684, update  7542/11684)  loss 0.5424  lr 3.51e-04
    step 1725/5842 (global micro  7567/11684, update  7567/11684)  loss 0.6218  lr 3.49e-04
    step 1750/5842 (global micro  7592/11684, update  7592/11684)  loss 0.5607  lr 3.46e-04
    step 1775/5842 (global micro  7617/11684, update  7617/11684)  loss 0.5546  lr 3.43e-04
    step 1800/5842 (global micro  7642/11684, update  7642/11684)  loss 0.5576  lr 3.41e-04
    step 1825/5842 (global micro  7667/11684, update  7667/11684)  loss 0.4761  lr 3.38e-04
    step 1850/5842 (global micro  7692/11684, update  7692/11684)  loss 0.5183  lr 3.35e-04
    step 1875/5842 (global micro  7717/11684, update  7717/11684)  loss 0.7086  lr 3.33e-04
    step 1900/5842 (global micro  7742/11684, update  7742/11684)  loss 0.5977  lr 3.30e-04
    step 1925/5842 (global micro  7767/11684, update  7767/11684)  loss 0.5990  lr 3.27e-04
    step 1950/5842 (global micro  7792/11684, update  7792/11684)  loss 0.4947  lr 3.25e-04
    step 1975/5842 (global micro  7817/11684, update  7817/11684)  loss 0.5158  lr 3.22e-04
    step 2000/5842 (global micro  7842/11684, update  7842/11684)  loss 0.5597  lr 3.20e-04
    step 2025/5842 (global micro  7867/11684, update  7867/11684)  loss 0.6150  lr 3.17e-04
    step 2050/5842 (global micro  7892/11684, update  7892/11684)  loss 0.6652  lr 3.14e-04
    step 2075/5842 (global micro  7917/11684, update  7917/11684)  loss 0.5317  lr 3.12e-04
    step 2100/5842 (global micro  7942/11684, update  7942/11684)  loss 0.7131  lr 3.09e-04
    step 2125/5842 (global micro  7967/11684, update  7967/11684)  loss 0.5866  lr 3.07e-04
    step 2150/5842 (global micro  7992/11684, update  7992/11684)  loss 0.4123  lr 3.04e-04
    step 2175/5842 (global micro  8017/11684, update  8017/11684)  loss 0.5041  lr 3.02e-04
    step 2200/5842 (global micro  8042/11684, update  8042/11684)  loss 0.5502  lr 2.99e-04
    step 2225/5842 (global micro  8067/11684, update  8067/11684)  loss 0.6071  lr 2.97e-04
    step 2250/5842 (global micro  8092/11684, update  8092/11684)  loss 0.7077  lr 2.94e-04
    step 2275/5842 (global micro  8117/11684, update  8117/11684)  loss 0.6236  lr 2.92e-04
    step 2300/5842 (global micro  8142/11684, update  8142/11684)  loss 0.5946  lr 2.89e-04
    step 2325/5842 (global micro  8167/11684, update  8167/11684)  loss 0.7086  lr 2.87e-04
    step 2350/5842 (global micro  8192/11684, update  8192/11684)  loss 0.5157  lr 2.84e-04
    step 2375/5842 (global micro  8217/11684, update  8217/11684)  loss 0.4798  lr 2.82e-04
    step 2400/5842 (global micro  8242/11684, update  8242/11684)  loss 0.5080  lr 2.79e-04
    step 2425/5842 (global micro  8267/11684, update  8267/11684)  loss 0.6628  lr 2.77e-04
    step 2450/5842 (global micro  8292/11684, update  8292/11684)  loss 0.4729  lr 2.75e-04
    step 2475/5842 (global micro  8317/11684, update  8317/11684)  loss 0.5463  lr 2.72e-04
    step 2500/5842 (global micro  8342/11684, update  8342/11684)  loss 0.5402  lr 2.70e-04
    step 2525/5842 (global micro  8367/11684, update  8367/11684)  loss 0.6098  lr 2.67e-04
    step 2550/5842 (global micro  8392/11684, update  8392/11684)  loss 0.5221  lr 2.65e-04
    step 2575/5842 (global micro  8417/11684, update  8417/11684)  loss 0.4594  lr 2.63e-04
    step 2600/5842 (global micro  8442/11684, update  8442/11684)  loss 0.6932  lr 2.60e-04
    step 2625/5842 (global micro  8467/11684, update  8467/11684)  loss 0.5597  lr 2.58e-04
    step 2650/5842 (global micro  8492/11684, update  8492/11684)  loss 0.5311  lr 2.56e-04
    step 2675/5842 (global micro  8517/11684, update  8517/11684)  loss 0.4957  lr 2.54e-04
    step 2700/5842 (global micro  8542/11684, update  8542/11684)  loss 0.6272  lr 2.51e-04
    step 2725/5842 (global micro  8567/11684, update  8567/11684)  loss 0.5092  lr 2.49e-04
    step 2750/5842 (global micro  8592/11684, update  8592/11684)  loss 0.4300  lr 2.47e-04
    step 2775/5842 (global micro  8617/11684, update  8617/11684)  loss 0.4901  lr 2.45e-04
    step 2800/5842 (global micro  8642/11684, update  8642/11684)  loss 0.4810  lr 2.42e-04
    step 2825/5842 (global micro  8667/11684, update  8667/11684)  loss 0.5510  lr 2.40e-04
    step 2850/5842 (global micro  8692/11684, update  8692/11684)  loss 0.5393  lr 2.38e-04
    step 2875/5842 (global micro  8717/11684, update  8717/11684)  loss 0.5375  lr 2.36e-04
    step 2900/5842 (global micro  8742/11684, update  8742/11684)  loss 0.5072  lr 2.34e-04
    step 2925/5842 (global micro  8767/11684, update  8767/11684)  loss 0.3631  lr 2.31e-04
    step 2950/5842 (global micro  8792/11684, update  8792/11684)  loss 0.6338  lr 2.29e-04
    step 2975/5842 (global micro  8817/11684, update  8817/11684)  loss 0.5830  lr 2.27e-04
    step 3000/5842 (global micro  8842/11684, update  8842/11684)  loss 0.5505  lr 2.25e-04
    step 3025/5842 (global micro  8867/11684, update  8867/11684)  loss 0.5911  lr 2.23e-04
    step 3050/5842 (global micro  8892/11684, update  8892/11684)  loss 0.5993  lr 2.21e-04
    step 3075/5842 (global micro  8917/11684, update  8917/11684)  loss 0.6992  lr 2.19e-04
    step 3100/5842 (global micro  8942/11684, update  8942/11684)  loss 0.5269  lr 2.17e-04
    step 3125/5842 (global micro  8967/11684, update  8967/11684)  loss 0.5461  lr 2.15e-04
    step 3150/5842 (global micro  8992/11684, update  8992/11684)  loss 0.5166  lr 2.13e-04
    step 3175/5842 (global micro  9017/11684, update  9017/11684)  loss 0.6822  lr 2.11e-04
    step 3200/5842 (global micro  9042/11684, update  9042/11684)  loss 0.5748  lr 2.09e-04
    step 3225/5842 (global micro  9067/11684, update  9067/11684)  loss 0.5764  lr 2.07e-04
    step 3250/5842 (global micro  9092/11684, update  9092/11684)  loss 0.5327  lr 2.05e-04
    step 3275/5842 (global micro  9117/11684, update  9117/11684)  loss 0.4613  lr 2.03e-04
    step 3300/5842 (global micro  9142/11684, update  9142/11684)  loss 0.5251  lr 2.01e-04
    step 3325/5842 (global micro  9167/11684, update  9167/11684)  loss 0.6735  lr 1.99e-04
    step 3350/5842 (global micro  9192/11684, update  9192/11684)  loss 0.5332  lr 1.97e-04
    step 3375/5842 (global micro  9217/11684, update  9217/11684)  loss 0.4350  lr 1.95e-04
    step 3400/5842 (global micro  9242/11684, update  9242/11684)  loss 0.4100  lr 1.94e-04
    step 3425/5842 (global micro  9267/11684, update  9267/11684)  loss 0.4928  lr 1.92e-04
    step 3450/5842 (global micro  9292/11684, update  9292/11684)  loss 0.6128  lr 1.90e-04
    step 3475/5842 (global micro  9317/11684, update  9317/11684)  loss 0.5099  lr 1.88e-04
    step 3500/5842 (global micro  9342/11684, update  9342/11684)  loss 0.5566  lr 1.86e-04
    step 3525/5842 (global micro  9367/11684, update  9367/11684)  loss 0.4886  lr 1.85e-04
    step 3550/5842 (global micro  9392/11684, update  9392/11684)  loss 0.5234  lr 1.83e-04
    step 3575/5842 (global micro  9417/11684, update  9417/11684)  loss 0.5608  lr 1.81e-04
    step 3600/5842 (global micro  9442/11684, update  9442/11684)  loss 0.5284  lr 1.79e-04
    step 3625/5842 (global micro  9467/11684, update  9467/11684)  loss 0.4815  lr 1.78e-04
    step 3650/5842 (global micro  9492/11684, update  9492/11684)  loss 0.4930  lr 1.76e-04
    step 3675/5842 (global micro  9517/11684, update  9517/11684)  loss 0.3918  lr 1.74e-04
    step 3700/5842 (global micro  9542/11684, update  9542/11684)  loss 0.5768  lr 1.73e-04
    step 3725/5842 (global micro  9567/11684, update  9567/11684)  loss 0.4390  lr 1.71e-04
    step 3750/5842 (global micro  9592/11684, update  9592/11684)  loss 0.4796  lr 1.69e-04
    step 3775/5842 (global micro  9617/11684, update  9617/11684)  loss 0.5440  lr 1.68e-04
    step 3800/5842 (global micro  9642/11684, update  9642/11684)  loss 0.5117  lr 1.66e-04
    step 3825/5842 (global micro  9667/11684, update  9667/11684)  loss 0.6041  lr 1.65e-04
    step 3850/5842 (global micro  9692/11684, update  9692/11684)  loss 0.5789  lr 1.63e-04
    step 3875/5842 (global micro  9717/11684, update  9717/11684)  loss 0.5853  lr 1.61e-04
    step 3900/5842 (global micro  9742/11684, update  9742/11684)  loss 0.5053  lr 1.60e-04
    step 3925/5842 (global micro  9767/11684, update  9767/11684)  loss 0.6071  lr 1.58e-04
    step 3950/5842 (global micro  9792/11684, update  9792/11684)  loss 0.5650  lr 1.57e-04
    step 3975/5842 (global micro  9817/11684, update  9817/11684)  loss 0.5136  lr 1.56e-04
    step 4000/5842 (global micro  9842/11684, update  9842/11684)  loss 0.4238  lr 1.54e-04
    step 4025/5842 (global micro  9867/11684, update  9867/11684)  loss 0.5457  lr 1.53e-04
    step 4050/5842 (global micro  9892/11684, update  9892/11684)  loss 0.3955  lr 1.51e-04
    step 4075/5842 (global micro  9917/11684, update  9917/11684)  loss 0.5004  lr 1.50e-04
    step 4100/5842 (global micro  9942/11684, update  9942/11684)  loss 0.4956  lr 1.48e-04
    step 4125/5842 (global micro  9967/11684, update  9967/11684)  loss 0.5574  lr 1.47e-04
    step 4150/5842 (global micro  9992/11684, update  9992/11684)  loss 0.5029  lr 1.46e-04
    step 4175/5842 (global micro 10017/11684, update 10017/11684)  loss 0.4932  lr 1.44e-04
    step 4200/5842 (global micro 10042/11684, update 10042/11684)  loss 0.5502  lr 1.43e-04
    step 4225/5842 (global micro 10067/11684, update 10067/11684)  loss 0.5719  lr 1.42e-04
    step 4250/5842 (global micro 10092/11684, update 10092/11684)  loss 0.6102  lr 1.41e-04
    step 4275/5842 (global micro 10117/11684, update 10117/11684)  loss 0.5578  lr 1.39e-04
    step 4300/5842 (global micro 10142/11684, update 10142/11684)  loss 0.4709  lr 1.38e-04
    step 4325/5842 (global micro 10167/11684, update 10167/11684)  loss 0.6120  lr 1.37e-04
    step 4350/5842 (global micro 10192/11684, update 10192/11684)  loss 0.6299  lr 1.36e-04
    step 4375/5842 (global micro 10217/11684, update 10217/11684)  loss 0.6547  lr 1.35e-04
    step 4400/5842 (global micro 10242/11684, update 10242/11684)  loss 0.4401  lr 1.33e-04
    step 4425/5842 (global micro 10267/11684, update 10267/11684)  loss 0.5423  lr 1.32e-04
    step 4450/5842 (global micro 10292/11684, update 10292/11684)  loss 0.4902  lr 1.31e-04
    step 4475/5842 (global micro 10317/11684, update 10317/11684)  loss 0.5144  lr 1.30e-04
    step 4500/5842 (global micro 10342/11684, update 10342/11684)  loss 0.6319  lr 1.29e-04
    step 4525/5842 (global micro 10367/11684, update 10367/11684)  loss 0.4348  lr 1.28e-04
    step 4550/5842 (global micro 10392/11684, update 10392/11684)  loss 0.5657  lr 1.27e-04
    step 4575/5842 (global micro 10417/11684, update 10417/11684)  loss 0.4415  lr 1.26e-04
    step 4600/5842 (global micro 10442/11684, update 10442/11684)  loss 0.5477  lr 1.25e-04
    step 4625/5842 (global micro 10467/11684, update 10467/11684)  loss 0.4483  lr 1.24e-04
    step 4650/5842 (global micro 10492/11684, update 10492/11684)  loss 0.6123  lr 1.23e-04
    step 4675/5842 (global micro 10517/11684, update 10517/11684)  loss 0.4346  lr 1.22e-04
    step 4700/5842 (global micro 10542/11684, update 10542/11684)  loss 0.4676  lr 1.21e-04
    step 4725/5842 (global micro 10567/11684, update 10567/11684)  loss 0.4171  lr 1.20e-04
    step 4750/5842 (global micro 10592/11684, update 10592/11684)  loss 0.4708  lr 1.19e-04
    step 4775/5842 (global micro 10617/11684, update 10617/11684)  loss 0.5075  lr 1.18e-04
    step 4800/5842 (global micro 10642/11684, update 10642/11684)  loss 0.5403  lr 1.18e-04
    step 4825/5842 (global micro 10667/11684, update 10667/11684)  loss 0.5622  lr 1.17e-04
    step 4850/5842 (global micro 10692/11684, update 10692/11684)  loss 0.5647  lr 1.16e-04
    step 4875/5842 (global micro 10717/11684, update 10717/11684)  loss 0.4622  lr 1.15e-04
    step 4900/5842 (global micro 10742/11684, update 10742/11684)  loss 0.3964  lr 1.14e-04
    step 4925/5842 (global micro 10767/11684, update 10767/11684)  loss 0.5014  lr 1.14e-04
    step 4950/5842 (global micro 10792/11684, update 10792/11684)  loss 0.5231  lr 1.13e-04
    step 4975/5842 (global micro 10817/11684, update 10817/11684)  loss 0.5368  lr 1.12e-04
    step 5000/5842 (global micro 10842/11684, update 10842/11684)  loss 0.4802  lr 1.11e-04
    step 5025/5842 (global micro 10867/11684, update 10867/11684)  loss 0.6273  lr 1.11e-04
    step 5050/5842 (global micro 10892/11684, update 10892/11684)  loss 0.5307  lr 1.10e-04
    step 5075/5842 (global micro 10917/11684, update 10917/11684)  loss 0.4056  lr 1.10e-04
    step 5100/5842 (global micro 10942/11684, update 10942/11684)  loss 0.5742  lr 1.09e-04
    step 5125/5842 (global micro 10967/11684, update 10967/11684)  loss 0.4791  lr 1.08e-04
    step 5150/5842 (global micro 10992/11684, update 10992/11684)  loss 0.4551  lr 1.08e-04
    step 5175/5842 (global micro 11017/11684, update 11017/11684)  loss 0.4631  lr 1.07e-04
    step 5200/5842 (global micro 11042/11684, update 11042/11684)  loss 0.4529  lr 1.07e-04
    step 5225/5842 (global micro 11067/11684, update 11067/11684)  loss 0.5241  lr 1.06e-04
    step 5250/5842 (global micro 11092/11684, update 11092/11684)  loss 0.4950  lr 1.06e-04
    step 5275/5842 (global micro 11117/11684, update 11117/11684)  loss 0.6109  lr 1.05e-04
    step 5300/5842 (global micro 11142/11684, update 11142/11684)  loss 0.4807  lr 1.05e-04
    step 5325/5842 (global micro 11167/11684, update 11167/11684)  loss 0.5233  lr 1.04e-04
    step 5350/5842 (global micro 11192/11684, update 11192/11684)  loss 0.6524  lr 1.04e-04
    step 5375/5842 (global micro 11217/11684, update 11217/11684)  loss 0.5354  lr 1.04e-04
    step 5400/5842 (global micro 11242/11684, update 11242/11684)  loss 0.6495  lr 1.03e-04
    step 5425/5842 (global micro 11267/11684, update 11267/11684)  loss 0.5205  lr 1.03e-04
    step 5450/5842 (global micro 11292/11684, update 11292/11684)  loss 0.4429  lr 1.02e-04
    step 5475/5842 (global micro 11317/11684, update 11317/11684)  loss 0.6354  lr 1.02e-04
    step 5500/5842 (global micro 11342/11684, update 11342/11684)  loss 0.4272  lr 1.02e-04
    step 5525/5842 (global micro 11367/11684, update 11367/11684)  loss 0.6392  lr 1.02e-04
    step 5550/5842 (global micro 11392/11684, update 11392/11684)  loss 0.5712  lr 1.01e-04
    step 5575/5842 (global micro 11417/11684, update 11417/11684)  loss 0.5205  lr 1.01e-04
    step 5600/5842 (global micro 11442/11684, update 11442/11684)  loss 0.5479  lr 1.01e-04
    step 5625/5842 (global micro 11467/11684, update 11467/11684)  loss 0.5270  lr 1.01e-04
    step 5650/5842 (global micro 11492/11684, update 11492/11684)  loss 0.7113  lr 1.01e-04
    step 5675/5842 (global micro 11517/11684, update 11517/11684)  loss 0.4562  lr 1.00e-04
    step 5700/5842 (global micro 11542/11684, update 11542/11684)  loss 0.6346  lr 1.00e-04
    step 5725/5842 (global micro 11567/11684, update 11567/11684)  loss 0.5004  lr 1.00e-04
    step 5750/5842 (global micro 11592/11684, update 11592/11684)  loss 0.5727  lr 1.00e-04
    step 5775/5842 (global micro 11617/11684, update 11617/11684)  loss 0.5377  lr 1.00e-04
    step 5800/5842 (global micro 11642/11684, update 11642/11684)  loss 0.6399  lr 1.00e-04
    step 5825/5842 (global micro 11667/11684, update 11667/11684)  loss 0.5182  lr 1.00e-04
    step 5842/5842 (global micro 11684/11684, update 11684/11684)  loss 0.4560  lr 1.00e-04
  epoch   2/2  loss 0.5539  lr 1.00e-04  (1144.9s)
  Epoch checkpoint: /home/aomukai/Ninereeds/core/c13_Phase_A_ext_p1_e2.pt

  Best loss: 0.5539
  Checkpoint saved: /home/aomukai/Ninereeds/core/c13_Phase_A_ext_p1.pt

