  Training audit: PASSED
  Python: /home/aomukai/.unsloth/studio/unsloth_studio/bin/python
  Device: cuda
  Phase: 0
  Seed: 1337
  Data order: seeded-shuffle
  Resume checkpoint: /home/aomukai/Ninereeds/core/c13_fresh_bridge_e1.pt

============================================================
  BDH Phase 0 Training
============================================================
  Data files: ['/home/aomukai/Ninereeds/training/corpus/campaign_13_phase_A.txt']
  Total bytes: 5,981,721
  Pre-loading corpus tensor...
  Corpus tensor: 5,981,721 tokens
  Model: small-25m (25.3M params)
  Resuming from: /home/aomukai/Ninereeds/core/c13_fresh_bridge_e1.pt
  Seed: 1337  |  Deterministic: enabled  |  Data order: seeded-shuffle
  Epochs: 3  |  Windows/epoch: 23366  |  Micro-steps/epoch: 2921  |  Optimizer updates/epoch: 2921  |  Total optimizer updates: 8763  |  LR: 0.001
  Block size: 256  |  Batch size: 8
  Grad accumulation: 1
  AMP bf16: enabled
  Data mode: phase_text
  VRAM logging: disabled
  Log interval: every 25 step(s)
  Output: /home/aomukai/Ninereeds/core/c13_fresh_bridge_phaseA.pt

    step    1/2921 (global micro     1/8763, update     1/8763)  loss 4.0937  lr 1.00e-03
    step   25/2921 (global micro    25/8763, update    25/8763)  loss 2.9078  lr 1.00e-03
    step   50/2921 (global micro    50/8763, update    50/8763)  loss 2.8685  lr 1.00e-03
    step   75/2921 (global micro    75/8763, update    75/8763)  loss 2.5010  lr 1.00e-03
    step  100/2921 (global micro   100/8763, update   100/8763)  loss 2.4601  lr 1.00e-03
    step  125/2921 (global micro   125/8763, update   125/8763)  loss 2.3996  lr 1.00e-03
    step  150/2921 (global micro   150/8763, update   150/8763)  loss 2.1571  lr 9.99e-04
    step  175/2921 (global micro   175/8763, update   175/8763)  loss 1.9678  lr 9.99e-04
    step  200/2921 (global micro   200/8763, update   200/8763)  loss 1.8322  lr 9.99e-04
    step  225/2921 (global micro   225/8763, update   225/8763)  loss 1.8737  lr 9.99e-04
    step  250/2921 (global micro   250/8763, update   250/8763)  loss 1.8160  lr 9.98e-04
    step  275/2921 (global micro   275/8763, update   275/8763)  loss 1.8864  lr 9.98e-04
    step  300/2921 (global micro   300/8763, update   300/8763)  loss 1.5230  lr 9.97e-04
    step  325/2921 (global micro   325/8763, update   325/8763)  loss 1.5135  lr 9.97e-04
    step  350/2921 (global micro   350/8763, update   350/8763)  loss 1.8214  lr 9.96e-04
    step  375/2921 (global micro   375/8763, update   375/8763)  loss 1.5032  lr 9.96e-04
    step  400/2921 (global micro   400/8763, update   400/8763)  loss 1.5890  lr 9.95e-04
    step  425/2921 (global micro   425/8763, update   425/8763)  loss 1.4214  lr 9.95e-04
    step  450/2921 (global micro   450/8763, update   450/8763)  loss 1.6674  lr 9.94e-04
    step  475/2921 (global micro   475/8763, update   475/8763)  loss 1.6489  lr 9.93e-04
    step  500/2921 (global micro   500/8763, update   500/8763)  loss 1.5945  lr 9.93e-04
    step  525/2921 (global micro   525/8763, update   525/8763)  loss 1.6045  lr 9.92e-04
    step  550/2921 (global micro   550/8763, update   550/8763)  loss 1.5835  lr 9.91e-04
    step  575/2921 (global micro   575/8763, update   575/8763)  loss 1.6527  lr 9.90e-04
    step  600/2921 (global micro   600/8763, update   600/8763)  loss 1.7132  lr 9.90e-04
    step  625/2921 (global micro   625/8763, update   625/8763)  loss 1.5486  lr 9.89e-04
    step  650/2921 (global micro   650/8763, update   650/8763)  loss 1.7015  lr 9.88e-04
    step  675/2921 (global micro   675/8763, update   675/8763)  loss 1.6858  lr 9.87e-04
    step  700/2921 (global micro   700/8763, update   700/8763)  loss 1.4809  lr 9.86e-04
    step  725/2921 (global micro   725/8763, update   725/8763)  loss 1.4072  lr 9.85e-04
    step  750/2921 (global micro   750/8763, update   750/8763)  loss 1.3292  lr 9.84e-04
    step  775/2921 (global micro   775/8763, update   775/8763)  loss 1.5722  lr 9.83e-04
    step  800/2921 (global micro   800/8763, update   800/8763)  loss 1.3576  lr 9.82e-04
    step  825/2921 (global micro   825/8763, update   825/8763)  loss 1.5350  lr 9.80e-04
    step  850/2921 (global micro   850/8763, update   850/8763)  loss 1.3443  lr 9.79e-04
    step  875/2921 (global micro   875/8763, update   875/8763)  loss 1.5014  lr 9.78e-04
    step  900/2921 (global micro   900/8763, update   900/8763)  loss 1.6127  lr 9.77e-04
    step  925/2921 (global micro   925/8763, update   925/8763)  loss 1.3044  lr 9.75e-04
    step  950/2921 (global micro   950/8763, update   950/8763)  loss 1.4743  lr 9.74e-04
    step  975/2921 (global micro   975/8763, update   975/8763)  loss 1.3337  lr 9.73e-04
    step 1000/2921 (global micro  1000/8763, update  1000/8763)  loss 1.5325  lr 9.71e-04
    step 1025/2921 (global micro  1025/8763, update  1025/8763)  loss 1.0412  lr 9.70e-04
    step 1050/2921 (global micro  1050/8763, update  1050/8763)  loss 1.3509  lr 9.68e-04
    step 1075/2921 (global micro  1075/8763, update  1075/8763)  loss 1.4719  lr 9.67e-04
    step 1100/2921 (global micro  1100/8763, update  1100/8763)  loss 1.1008  lr 9.65e-04
    step 1125/2921 (global micro  1125/8763, update  1125/8763)  loss 1.0672  lr 9.64e-04
    step 1150/2921 (global micro  1150/8763, update  1150/8763)  loss 1.1312  lr 9.62e-04
    step 1175/2921 (global micro  1175/8763, update  1175/8763)  loss 1.1495  lr 9.61e-04
    step 1200/2921 (global micro  1200/8763, update  1200/8763)  loss 1.2246  lr 9.59e-04
    step 1225/2921 (global micro  1225/8763, update  1225/8763)  loss 1.1676  lr 9.57e-04
    step 1250/2921 (global micro  1250/8763, update  1250/8763)  loss 1.4654  lr 9.56e-04
    step 1275/2921 (global micro  1275/8763, update  1275/8763)  loss 1.1606  lr 9.54e-04
    step 1300/2921 (global micro  1300/8763, update  1300/8763)  loss 1.1041  lr 9.52e-04
    step 1325/2921 (global micro  1325/8763, update  1325/8763)  loss 1.1530  lr 9.50e-04
    step 1350/2921 (global micro  1350/8763, update  1350/8763)  loss 1.2063  lr 9.48e-04
    step 1375/2921 (global micro  1375/8763, update  1375/8763)  loss 1.1995  lr 9.46e-04
    step 1400/2921 (global micro  1400/8763, update  1400/8763)  loss 1.0150  lr 9.44e-04
    step 1425/2921 (global micro  1425/8763, update  1425/8763)  loss 1.2307  lr 9.43e-04
    step 1450/2921 (global micro  1450/8763, update  1450/8763)  loss 1.1389  lr 9.41e-04
    step 1475/2921 (global micro  1475/8763, update  1475/8763)  loss 1.0986  lr 9.39e-04
    step 1500/2921 (global micro  1500/8763, update  1500/8763)  loss 1.2330  lr 9.36e-04
    step 1525/2921 (global micro  1525/8763, update  1525/8763)  loss 1.0708  lr 9.34e-04
    step 1550/2921 (global micro  1550/8763, update  1550/8763)  loss 0.8757  lr 9.32e-04
    step 1575/2921 (global micro  1575/8763, update  1575/8763)  loss 1.2868  lr 9.30e-04
    step 1600/2921 (global micro  1600/8763, update  1600/8763)  loss 1.1441  lr 9.28e-04
    step 1625/2921 (global micro  1625/8763, update  1625/8763)  loss 1.0426  lr 9.26e-04
    step 1650/2921 (global micro  1650/8763, update  1650/8763)  loss 1.3162  lr 9.24e-04
    step 1675/2921 (global micro  1675/8763, update  1675/8763)  loss 1.1144  lr 9.21e-04
    step 1700/2921 (global micro  1700/8763, update  1700/8763)  loss 1.0667  lr 9.19e-04
    step 1725/2921 (global micro  1725/8763, update  1725/8763)  loss 1.1695  lr 9.17e-04
    step 1750/2921 (global micro  1750/8763, update  1750/8763)  loss 0.8881  lr 9.14e-04
    step 1775/2921 (global micro  1775/8763, update  1775/8763)  loss 1.0870  lr 9.12e-04
    step 1800/2921 (global micro  1800/8763, update  1800/8763)  loss 1.1042  lr 9.10e-04
    step 1825/2921 (global micro  1825/8763, update  1825/8763)  loss 0.8702  lr 9.07e-04
    step 1850/2921 (global micro  1850/8763, update  1850/8763)  loss 1.0659  lr 9.05e-04
    step 1875/2921 (global micro  1875/8763, update  1875/8763)  loss 0.9963  lr 9.02e-04
    step 1900/2921 (global micro  1900/8763, update  1900/8763)  loss 0.8856  lr 9.00e-04
    step 1925/2921 (global micro  1925/8763, update  1925/8763)  loss 1.1586  lr 8.97e-04
    step 1950/2921 (global micro  1950/8763, update  1950/8763)  loss 0.9513  lr 8.94e-04
    step 1975/2921 (global micro  1975/8763, update  1975/8763)  loss 0.8310  lr 8.92e-04
    step 2000/2921 (global micro  2000/8763, update  2000/8763)  loss 0.9594  lr 8.89e-04
    step 2025/2921 (global micro  2025/8763, update  2025/8763)  loss 1.2607  lr 8.87e-04
    step 2050/2921 (global micro  2050/8763, update  2050/8763)  loss 0.8708  lr 8.84e-04
    step 2075/2921 (global micro  2075/8763, update  2075/8763)  loss 0.8807  lr 8.81e-04
    step 2100/2921 (global micro  2100/8763, update  2100/8763)  loss 1.0537  lr 8.78e-04
    step 2125/2921 (global micro  2125/8763, update  2125/8763)  loss 0.9177  lr 8.76e-04
    step 2150/2921 (global micro  2150/8763, update  2150/8763)  loss 1.0668  lr 8.73e-04
    step 2175/2921 (global micro  2175/8763, update  2175/8763)  loss 0.8198  lr 8.70e-04
    step 2200/2921 (global micro  2200/8763, update  2200/8763)  loss 1.0455  lr 8.67e-04
    step 2225/2921 (global micro  2225/8763, update  2225/8763)  loss 0.9797  lr 8.64e-04
    step 2250/2921 (global micro  2250/8763, update  2250/8763)  loss 1.0585  lr 8.61e-04
    step 2275/2921 (global micro  2275/8763, update  2275/8763)  loss 1.0399  lr 8.58e-04
    step 2300/2921 (global micro  2300/8763, update  2300/8763)  loss 0.9500  lr 8.55e-04
    step 2325/2921 (global micro  2325/8763, update  2325/8763)  loss 0.9681  lr 8.53e-04
    step 2350/2921 (global micro  2350/8763, update  2350/8763)  loss 0.8901  lr 8.50e-04
    step 2375/2921 (global micro  2375/8763, update  2375/8763)  loss 0.8003  lr 8.47e-04
    step 2400/2921 (global micro  2400/8763, update  2400/8763)  loss 0.8165  lr 8.43e-04
    step 2425/2921 (global micro  2425/8763, update  2425/8763)  loss 0.9945  lr 8.40e-04
    step 2450/2921 (global micro  2450/8763, update  2450/8763)  loss 0.9857  lr 8.37e-04
    step 2475/2921 (global micro  2475/8763, update  2475/8763)  loss 0.9319  lr 8.34e-04
    step 2500/2921 (global micro  2500/8763, update  2500/8763)  loss 1.0242  lr 8.31e-04
    step 2525/2921 (global micro  2525/8763, update  2525/8763)  loss 0.7887  lr 8.28e-04
    step 2550/2921 (global micro  2550/8763, update  2550/8763)  loss 0.8225  lr 8.25e-04
    step 2575/2921 (global micro  2575/8763, update  2575/8763)  loss 0.9422  lr 8.21e-04
    step 2600/2921 (global micro  2600/8763, update  2600/8763)  loss 0.8462  lr 8.18e-04
    step 2625/2921 (global micro  2625/8763, update  2625/8763)  loss 1.0090  lr 8.15e-04
    step 2650/2921 (global micro  2650/8763, update  2650/8763)  loss 0.7520  lr 8.12e-04
    step 2675/2921 (global micro  2675/8763, update  2675/8763)  loss 0.9874  lr 8.08e-04
    step 2700/2921 (global micro  2700/8763, update  2700/8763)  loss 0.9534  lr 8.05e-04
    step 2725/2921 (global micro  2725/8763, update  2725/8763)  loss 0.8650  lr 8.02e-04
    step 2750/2921 (global micro  2750/8763, update  2750/8763)  loss 0.7073  lr 7.98e-04
    step 2775/2921 (global micro  2775/8763, update  2775/8763)  loss 0.7660  lr 7.95e-04
    step 2800/2921 (global micro  2800/8763, update  2800/8763)  loss 0.7491  lr 7.92e-04
    step 2825/2921 (global micro  2825/8763, update  2825/8763)  loss 0.6585  lr 7.88e-04
    step 2850/2921 (global micro  2850/8763, update  2850/8763)  loss 0.7992  lr 7.85e-04
    step 2875/2921 (global micro  2875/8763, update  2875/8763)  loss 0.7885  lr 7.81e-04
    step 2900/2921 (global micro  2900/8763, update  2900/8763)  loss 0.7621  lr 7.78e-04
    step 2921/2921 (global micro  2921/8763, update  2921/8763)  loss 0.6891  lr 7.75e-04
  epoch   1/3  loss 1.2726  lr 7.75e-04  (1098.7s)
  Epoch checkpoint: /home/aomukai/Ninereeds/core/c13_fresh_bridge_phaseA_e1.pt
    step    1/2921 (global micro  2922/8763, update  2922/8763)  loss 0.7879  lr 7.75e-04
    step   25/2921 (global micro  2946/8763, update  2946/8763)  loss 0.7694  lr 7.71e-04
    step   50/2921 (global micro  2971/8763, update  2971/8763)  loss 0.7537  lr 7.68e-04
    step   75/2921 (global micro  2996/8763, update  2996/8763)  loss 0.7901  lr 7.64e-04
    step  100/2921 (global micro  3021/8763, update  3021/8763)  loss 0.7530  lr 7.61e-04
    step  125/2921 (global micro  3046/8763, update  3046/8763)  loss 0.7452  lr 7.57e-04
    step  150/2921 (global micro  3071/8763, update  3071/8763)  loss 0.6587  lr 7.54e-04
    step  175/2921 (global micro  3096/8763, update  3096/8763)  loss 0.7386  lr 7.50e-04
    step  200/2921 (global micro  3121/8763, update  3121/8763)  loss 0.9328  lr 7.47e-04
    step  225/2921 (global micro  3146/8763, update  3146/8763)  loss 0.6174  lr 7.43e-04
    step  250/2921 (global micro  3171/8763, update  3171/8763)  loss 0.8357  lr 7.39e-04
    step  275/2921 (global micro  3196/8763, update  3196/8763)  loss 0.8433  lr 7.36e-04
    step  300/2921 (global micro  3221/8763, update  3221/8763)  loss 0.6720  lr 7.32e-04
    step  325/2921 (global micro  3246/8763, update  3246/8763)  loss 0.7328  lr 7.28e-04
    step  350/2921 (global micro  3271/8763, update  3271/8763)  loss 0.7993  lr 7.24e-04
    step  375/2921 (global micro  3296/8763, update  3296/8763)  loss 0.7146  lr 7.21e-04
    step  400/2921 (global micro  3321/8763, update  3321/8763)  loss 0.8301  lr 7.17e-04
    step  425/2921 (global micro  3346/8763, update  3346/8763)  loss 0.7643  lr 7.13e-04
    step  450/2921 (global micro  3371/8763, update  3371/8763)  loss 0.7473  lr 7.09e-04
    step  475/2921 (global micro  3396/8763, update  3396/8763)  loss 0.8518  lr 7.06e-04
    step  500/2921 (global micro  3421/8763, update  3421/8763)  loss 0.6929  lr 7.02e-04
    step  525/2921 (global micro  3446/8763, update  3446/8763)  loss 0.8035  lr 6.98e-04
    step  550/2921 (global micro  3471/8763, update  3471/8763)  loss 0.7427  lr 6.94e-04
    step  575/2921 (global micro  3496/8763, update  3496/8763)  loss 0.6247  lr 6.90e-04
    step  600/2921 (global micro  3521/8763, update  3521/8763)  loss 0.6493  lr 6.87e-04
    step  625/2921 (global micro  3546/8763, update  3546/8763)  loss 0.7097  lr 6.83e-04
    step  650/2921 (global micro  3571/8763, update  3571/8763)  loss 0.6223  lr 6.79e-04
    step  675/2921 (global micro  3596/8763, update  3596/8763)  loss 0.7393  lr 6.75e-04
    step  700/2921 (global micro  3621/8763, update  3621/8763)  loss 0.8189  lr 6.71e-04
    step  725/2921 (global micro  3646/8763, update  3646/8763)  loss 0.7713  lr 6.67e-04
    step  750/2921 (global micro  3671/8763, update  3671/8763)  loss 0.7619  lr 6.63e-04
    step  775/2921 (global micro  3696/8763, update  3696/8763)  loss 0.5558  lr 6.59e-04
    step  800/2921 (global micro  3721/8763, update  3721/8763)  loss 0.7768  lr 6.56e-04
    step  825/2921 (global micro  3746/8763, update  3746/8763)  loss 0.5906  lr 6.52e-04
    step  850/2921 (global micro  3771/8763, update  3771/8763)  loss 0.7712  lr 6.48e-04
    step  875/2921 (global micro  3796/8763, update  3796/8763)  loss 0.6553  lr 6.44e-04
    step  900/2921 (global micro  3821/8763, update  3821/8763)  loss 0.6918  lr 6.40e-04
    step  925/2921 (global micro  3846/8763, update  3846/8763)  loss 0.6600  lr 6.36e-04
    step  950/2921 (global micro  3871/8763, update  3871/8763)  loss 0.7839  lr 6.32e-04
    step  975/2921 (global micro  3896/8763, update  3896/8763)  loss 0.6448  lr 6.28e-04
    step 1000/2921 (global micro  3921/8763, update  3921/8763)  loss 0.6919  lr 6.24e-04
    step 1025/2921 (global micro  3946/8763, update  3946/8763)  loss 0.8863  lr 6.20e-04
    step 1050/2921 (global micro  3971/8763, update  3971/8763)  loss 0.7736  lr 6.16e-04
    step 1075/2921 (global micro  3996/8763, update  3996/8763)  loss 0.6309  lr 6.12e-04
    step 1100/2921 (global micro  4021/8763, update  4021/8763)  loss 0.6840  lr 6.08e-04
    step 1125/2921 (global micro  4046/8763, update  4046/8763)  loss 0.7913  lr 6.04e-04
    step 1150/2921 (global micro  4071/8763, update  4071/8763)  loss 0.7262  lr 6.00e-04
    step 1175/2921 (global micro  4096/8763, update  4096/8763)  loss 0.7316  lr 5.96e-04
    step 1200/2921 (global micro  4121/8763, update  4121/8763)  loss 0.8280  lr 5.92e-04
    step 1225/2921 (global micro  4146/8763, update  4146/8763)  loss 0.6752  lr 5.88e-04
    step 1250/2921 (global micro  4171/8763, update  4171/8763)  loss 0.6991  lr 5.84e-04
    step 1275/2921 (global micro  4196/8763, update  4196/8763)  loss 0.7296  lr 5.80e-04
    step 1300/2921 (global micro  4221/8763, update  4221/8763)  loss 0.7668  lr 5.76e-04
    step 1325/2921 (global micro  4246/8763, update  4246/8763)  loss 0.7450  lr 5.72e-04
    step 1350/2921 (global micro  4271/8763, update  4271/8763)  loss 0.7204  lr 5.68e-04
    step 1375/2921 (global micro  4296/8763, update  4296/8763)  loss 0.6352  lr 5.64e-04
    step 1400/2921 (global micro  4321/8763, update  4321/8763)  loss 0.6718  lr 5.60e-04
    step 1425/2921 (global micro  4346/8763, update  4346/8763)  loss 0.7467  lr 5.56e-04
    step 1450/2921 (global micro  4371/8763, update  4371/8763)  loss 0.6572  lr 5.52e-04
    step 1475/2921 (global micro  4396/8763, update  4396/8763)  loss 0.7894  lr 5.48e-04
    step 1500/2921 (global micro  4421/8763, update  4421/8763)  loss 0.6819  lr 5.44e-04
    step 1525/2921 (global micro  4446/8763, update  4446/8763)  loss 0.8221  lr 5.40e-04
    step 1550/2921 (global micro  4471/8763, update  4471/8763)  loss 0.6903  lr 5.36e-04
    step 1575/2921 (global micro  4496/8763, update  4496/8763)  loss 0.7329  lr 5.32e-04
    step 1600/2921 (global micro  4521/8763, update  4521/8763)  loss 0.7221  lr 5.28e-04
    step 1625/2921 (global micro  4546/8763, update  4546/8763)  loss 0.6750  lr 5.23e-04
    step 1650/2921 (global micro  4571/8763, update  4571/8763)  loss 0.7481  lr 5.19e-04
    step 1675/2921 (global micro  4596/8763, update  4596/8763)  loss 0.7102  lr 5.15e-04
    step 1700/2921 (global micro  4621/8763, update  4621/8763)  loss 0.5499  lr 5.11e-04
    step 1725/2921 (global micro  4646/8763, update  4646/8763)  loss 0.7513  lr 5.07e-04
    step 1750/2921 (global micro  4671/8763, update  4671/8763)  loss 0.7004  lr 5.03e-04
    step 1775/2921 (global micro  4696/8763, update  4696/8763)  loss 0.5644  lr 4.99e-04
    step 1800/2921 (global micro  4721/8763, update  4721/8763)  loss 0.6813  lr 4.95e-04
    step 1825/2921 (global micro  4746/8763, update  4746/8763)  loss 0.6900  lr 4.91e-04
    step 1850/2921 (global micro  4771/8763, update  4771/8763)  loss 0.6472  lr 4.87e-04
    step 1875/2921 (global micro  4796/8763, update  4796/8763)  loss 0.7153  lr 4.83e-04
    step 1900/2921 (global micro  4821/8763, update  4821/8763)  loss 0.6132  lr 4.79e-04
    step 1925/2921 (global micro  4846/8763, update  4846/8763)  loss 0.7336  lr 4.75e-04
    step 1950/2921 (global micro  4871/8763, update  4871/8763)  loss 0.5669  lr 4.71e-04
    step 1975/2921 (global micro  4896/8763, update  4896/8763)  loss 0.6499  lr 4.67e-04
    step 2000/2921 (global micro  4921/8763, update  4921/8763)  loss 0.6052  lr 4.64e-04
    step 2025/2921 (global micro  4946/8763, update  4946/8763)  loss 0.6351  lr 4.60e-04
    step 2050/2921 (global micro  4971/8763, update  4971/8763)  loss 0.7006  lr 4.56e-04
    step 2075/2921 (global micro  4996/8763, update  4996/8763)  loss 0.6897  lr 4.52e-04
    step 2100/2921 (global micro  5021/8763, update  5021/8763)  loss 0.7393  lr 4.48e-04
    step 2125/2921 (global micro  5046/8763, update  5046/8763)  loss 0.7835  lr 4.44e-04
    step 2150/2921 (global micro  5071/8763, update  5071/8763)  loss 0.6406  lr 4.40e-04
    step 2175/2921 (global micro  5096/8763, update  5096/8763)  loss 0.7922  lr 4.36e-04
    step 2200/2921 (global micro  5121/8763, update  5121/8763)  loss 0.5499  lr 4.32e-04
    step 2225/2921 (global micro  5146/8763, update  5146/8763)  loss 0.6019  lr 4.28e-04
    step 2250/2921 (global micro  5171/8763, update  5171/8763)  loss 0.8236  lr 4.24e-04
    step 2275/2921 (global micro  5196/8763, update  5196/8763)  loss 0.6565  lr 4.20e-04
    step 2300/2921 (global micro  5221/8763, update  5221/8763)  loss 0.7585  lr 4.17e-04
    step 2325/2921 (global micro  5246/8763, update  5246/8763)  loss 0.8159  lr 4.13e-04
    step 2350/2921 (global micro  5271/8763, update  5271/8763)  loss 0.5397  lr 4.09e-04
    step 2375/2921 (global micro  5296/8763, update  5296/8763)  loss 0.6169  lr 4.05e-04
    step 2400/2921 (global micro  5321/8763, update  5321/8763)  loss 0.6787  lr 4.01e-04
    step 2425/2921 (global micro  5346/8763, update  5346/8763)  loss 0.7112  lr 3.97e-04
    step 2450/2921 (global micro  5371/8763, update  5371/8763)  loss 0.5230  lr 3.94e-04
    step 2475/2921 (global micro  5396/8763, update  5396/8763)  loss 0.5830  lr 3.90e-04
    step 2500/2921 (global micro  5421/8763, update  5421/8763)  loss 0.6321  lr 3.86e-04
    step 2525/2921 (global micro  5446/8763, update  5446/8763)  loss 0.7484  lr 3.82e-04
    step 2550/2921 (global micro  5471/8763, update  5471/8763)  loss 0.6864  lr 3.79e-04
    step 2575/2921 (global micro  5496/8763, update  5496/8763)  loss 0.6262  lr 3.75e-04
    step 2600/2921 (global micro  5521/8763, update  5521/8763)  loss 0.5620  lr 3.71e-04
    step 2625/2921 (global micro  5546/8763, update  5546/8763)  loss 0.7102  lr 3.68e-04
    step 2650/2921 (global micro  5571/8763, update  5571/8763)  loss 0.6684  lr 3.64e-04
    step 2675/2921 (global micro  5596/8763, update  5596/8763)  loss 0.7322  lr 3.60e-04
    step 2700/2921 (global micro  5621/8763, update  5621/8763)  loss 0.7930  lr 3.57e-04
    step 2725/2921 (global micro  5646/8763, update  5646/8763)  loss 0.5700  lr 3.53e-04
    step 2750/2921 (global micro  5671/8763, update  5671/8763)  loss 0.5962  lr 3.49e-04
    step 2775/2921 (global micro  5696/8763, update  5696/8763)  loss 0.7591  lr 3.46e-04
    step 2800/2921 (global micro  5721/8763, update  5721/8763)  loss 0.6660  lr 3.42e-04
    step 2825/2921 (global micro  5746/8763, update  5746/8763)  loss 0.6813  lr 3.39e-04
    step 2850/2921 (global micro  5771/8763, update  5771/8763)  loss 0.7888  lr 3.35e-04
    step 2875/2921 (global micro  5796/8763, update  5796/8763)  loss 0.6566  lr 3.31e-04
    step 2900/2921 (global micro  5821/8763, update  5821/8763)  loss 0.7498  lr 3.28e-04
    step 2921/2921 (global micro  5842/8763, update  5842/8763)  loss 0.5339  lr 3.25e-04
  epoch   2/3  loss 0.7102  lr 3.25e-04  (1097.8s)
  Epoch checkpoint: /home/aomukai/Ninereeds/core/c13_fresh_bridge_phaseA_e2.pt
    step    1/2921 (global micro  5843/8763, update  5843/8763)  loss 0.5559  lr 3.25e-04
    step   25/2921 (global micro  5867/8763, update  5867/8763)  loss 0.7093  lr 3.22e-04
    step   50/2921 (global micro  5892/8763, update  5892/8763)  loss 0.6454  lr 3.18e-04
    step   75/2921 (global micro  5917/8763, update  5917/8763)  loss 0.6593  lr 3.15e-04
    step  100/2921 (global micro  5942/8763, update  5942/8763)  loss 0.6774  lr 3.11e-04
    step  125/2921 (global micro  5967/8763, update  5967/8763)  loss 0.6257  lr 3.08e-04
    step  150/2921 (global micro  5992/8763, update  5992/8763)  loss 0.5011  lr 3.04e-04
    step  175/2921 (global micro  6017/8763, update  6017/8763)  loss 0.6250  lr 3.01e-04
    step  200/2921 (global micro  6042/8763, update  6042/8763)  loss 0.5674  lr 2.98e-04
    step  225/2921 (global micro  6067/8763, update  6067/8763)  loss 0.6465  lr 2.94e-04
    step  250/2921 (global micro  6092/8763, update  6092/8763)  loss 0.5794  lr 2.91e-04
    step  275/2921 (global micro  6117/8763, update  6117/8763)  loss 0.4692  lr 2.88e-04
    step  300/2921 (global micro  6142/8763, update  6142/8763)  loss 0.6095  lr 2.84e-04
    step  325/2921 (global micro  6167/8763, update  6167/8763)  loss 0.5736  lr 2.81e-04
    step  350/2921 (global micro  6192/8763, update  6192/8763)  loss 0.6325  lr 2.78e-04
    step  375/2921 (global micro  6217/8763, update  6217/8763)  loss 0.6007  lr 2.75e-04
    step  400/2921 (global micro  6242/8763, update  6242/8763)  loss 0.5337  lr 2.72e-04
    step  425/2921 (global micro  6267/8763, update  6267/8763)  loss 0.6187  lr 2.68e-04
    step  450/2921 (global micro  6292/8763, update  6292/8763)  loss 0.5289  lr 2.65e-04
    step  475/2921 (global micro  6317/8763, update  6317/8763)  loss 0.5291  lr 2.62e-04
    step  500/2921 (global micro  6342/8763, update  6342/8763)  loss 0.5992  lr 2.59e-04
    step  525/2921 (global micro  6367/8763, update  6367/8763)  loss 0.6100  lr 2.56e-04
    step  550/2921 (global micro  6392/8763, update  6392/8763)  loss 0.5689  lr 2.53e-04
    step  575/2921 (global micro  6417/8763, update  6417/8763)  loss 0.6145  lr 2.50e-04
    step  600/2921 (global micro  6442/8763, update  6442/8763)  loss 0.6738  lr 2.47e-04
    step  625/2921 (global micro  6467/8763, update  6467/8763)  loss 0.5637  lr 2.44e-04
    step  650/2921 (global micro  6492/8763, update  6492/8763)  loss 0.5154  lr 2.41e-04
    step  675/2921 (global micro  6517/8763, update  6517/8763)  loss 0.6647  lr 2.38e-04
    step  700/2921 (global micro  6542/8763, update  6542/8763)  loss 0.5333  lr 2.35e-04
    step  725/2921 (global micro  6567/8763, update  6567/8763)  loss 0.6084  lr 2.32e-04
    step  750/2921 (global micro  6592/8763, update  6592/8763)  loss 0.6677  lr 2.30e-04
    step  775/2921 (global micro  6617/8763, update  6617/8763)  loss 0.5243  lr 2.27e-04
    step  800/2921 (global micro  6642/8763, update  6642/8763)  loss 0.5363  lr 2.24e-04
    step  825/2921 (global micro  6667/8763, update  6667/8763)  loss 0.5302  lr 2.21e-04
    step  850/2921 (global micro  6692/8763, update  6692/8763)  loss 0.5945  lr 2.18e-04
    step  875/2921 (global micro  6717/8763, update  6717/8763)  loss 0.5774  lr 2.16e-04
    step  900/2921 (global micro  6742/8763, update  6742/8763)  loss 0.6441  lr 2.13e-04
    step  925/2921 (global micro  6767/8763, update  6767/8763)  loss 0.5610  lr 2.10e-04
    step  950/2921 (global micro  6792/8763, update  6792/8763)  loss 0.6445  lr 2.08e-04
    step  975/2921 (global micro  6817/8763, update  6817/8763)  loss 0.4563  lr 2.05e-04
    step 1000/2921 (global micro  6842/8763, update  6842/8763)  loss 0.5354  lr 2.03e-04
    step 1025/2921 (global micro  6867/8763, update  6867/8763)  loss 0.6679  lr 2.00e-04
    step 1050/2921 (global micro  6892/8763, update  6892/8763)  loss 0.5948  lr 1.97e-04
    step 1075/2921 (global micro  6917/8763, update  6917/8763)  loss 0.4844  lr 1.95e-04
    step 1100/2921 (global micro  6942/8763, update  6942/8763)  loss 0.5794  lr 1.93e-04
    step 1125/2921 (global micro  6967/8763, update  6967/8763)  loss 0.5814  lr 1.90e-04
    step 1150/2921 (global micro  6992/8763, update  6992/8763)  loss 0.5249  lr 1.88e-04
    step 1175/2921 (global micro  7017/8763, update  7017/8763)  loss 0.5535  lr 1.85e-04
    step 1200/2921 (global micro  7042/8763, update  7042/8763)  loss 0.5602  lr 1.83e-04
    step 1225/2921 (global micro  7067/8763, update  7067/8763)  loss 0.5977  lr 1.81e-04
    step 1250/2921 (global micro  7092/8763, update  7092/8763)  loss 0.5591  lr 1.78e-04
    step 1275/2921 (global micro  7117/8763, update  7117/8763)  loss 0.6048  lr 1.76e-04
    step 1300/2921 (global micro  7142/8763, update  7142/8763)  loss 0.5756  lr 1.74e-04
    step 1325/2921 (global micro  7167/8763, update  7167/8763)  loss 0.5830  lr 1.72e-04
    step 1350/2921 (global micro  7192/8763, update  7192/8763)  loss 0.5200  lr 1.70e-04
    step 1375/2921 (global micro  7217/8763, update  7217/8763)  loss 0.5246  lr 1.67e-04
    step 1400/2921 (global micro  7242/8763, update  7242/8763)  loss 0.5655  lr 1.65e-04
    step 1425/2921 (global micro  7267/8763, update  7267/8763)  loss 0.6015  lr 1.63e-04
    step 1450/2921 (global micro  7292/8763, update  7292/8763)  loss 0.4962  lr 1.61e-04
    step 1475/2921 (global micro  7317/8763, update  7317/8763)  loss 0.5844  lr 1.59e-04
    step 1500/2921 (global micro  7342/8763, update  7342/8763)  loss 0.5043  lr 1.57e-04
    step 1525/2921 (global micro  7367/8763, update  7367/8763)  loss 0.4832  lr 1.55e-04
    step 1550/2921 (global micro  7392/8763, update  7392/8763)  loss 0.6680  lr 1.53e-04
    step 1575/2921 (global micro  7417/8763, update  7417/8763)  loss 0.6282  lr 1.51e-04
    step 1600/2921 (global micro  7442/8763, update  7442/8763)  loss 0.6090  lr 1.50e-04
    step 1625/2921 (global micro  7467/8763, update  7467/8763)  loss 0.5848  lr 1.48e-04
    step 1650/2921 (global micro  7492/8763, update  7492/8763)  loss 0.6294  lr 1.46e-04
    step 1675/2921 (global micro  7517/8763, update  7517/8763)  loss 0.6789  lr 1.44e-04
    step 1700/2921 (global micro  7542/8763, update  7542/8763)  loss 0.6691  lr 1.42e-04
    step 1725/2921 (global micro  7567/8763, update  7567/8763)  loss 0.5379  lr 1.41e-04
    step 1750/2921 (global micro  7592/8763, update  7592/8763)  loss 0.5349  lr 1.39e-04
    step 1775/2921 (global micro  7617/8763, update  7617/8763)  loss 0.6056  lr 1.37e-04
    step 1800/2921 (global micro  7642/8763, update  7642/8763)  loss 0.7087  lr 1.36e-04
    step 1825/2921 (global micro  7667/8763, update  7667/8763)  loss 0.5978  lr 1.34e-04
    step 1850/2921 (global micro  7692/8763, update  7692/8763)  loss 0.5600  lr 1.33e-04
    step 1875/2921 (global micro  7717/8763, update  7717/8763)  loss 0.5406  lr 1.31e-04
    step 1900/2921 (global micro  7742/8763, update  7742/8763)  loss 0.6900  lr 1.30e-04
    step 1925/2921 (global micro  7767/8763, update  7767/8763)  loss 0.5478  lr 1.28e-04
    step 1950/2921 (global micro  7792/8763, update  7792/8763)  loss 0.6386  lr 1.27e-04
    step 1975/2921 (global micro  7817/8763, update  7817/8763)  loss 0.5975  lr 1.26e-04
    step 2000/2921 (global micro  7842/8763, update  7842/8763)  loss 0.5285  lr 1.24e-04
    step 2025/2921 (global micro  7867/8763, update  7867/8763)  loss 0.5398  lr 1.23e-04
    step 2050/2921 (global micro  7892/8763, update  7892/8763)  loss 0.3840  lr 1.22e-04
    step 2075/2921 (global micro  7917/8763, update  7917/8763)  loss 0.6502  lr 1.21e-04
    step 2100/2921 (global micro  7942/8763, update  7942/8763)  loss 0.6058  lr 1.19e-04
    step 2125/2921 (global micro  7967/8763, update  7967/8763)  loss 0.5022  lr 1.18e-04
    step 2150/2921 (global micro  7992/8763, update  7992/8763)  loss 0.5780  lr 1.17e-04
    step 2175/2921 (global micro  8017/8763, update  8017/8763)  loss 0.4851  lr 1.16e-04
    step 2200/2921 (global micro  8042/8763, update  8042/8763)  loss 0.6508  lr 1.15e-04
    step 2225/2921 (global micro  8067/8763, update  8067/8763)  loss 0.6136  lr 1.14e-04
    step 2250/2921 (global micro  8092/8763, update  8092/8763)  loss 0.5787  lr 1.13e-04
    step 2275/2921 (global micro  8117/8763, update  8117/8763)  loss 0.5634  lr 1.12e-04
    step 2300/2921 (global micro  8142/8763, update  8142/8763)  loss 0.5061  lr 1.11e-04
    step 2325/2921 (global micro  8167/8763, update  8167/8763)  loss 0.6011  lr 1.10e-04
    step 2350/2921 (global micro  8192/8763, update  8192/8763)  loss 0.6719  lr 1.09e-04
    step 2375/2921 (global micro  8217/8763, update  8217/8763)  loss 0.6695  lr 1.09e-04
    step 2400/2921 (global micro  8242/8763, update  8242/8763)  loss 0.6228  lr 1.08e-04
    step 2425/2921 (global micro  8267/8763, update  8267/8763)  loss 0.5235  lr 1.07e-04
    step 2450/2921 (global micro  8292/8763, update  8292/8763)  loss 0.4833  lr 1.06e-04
    step 2475/2921 (global micro  8317/8763, update  8317/8763)  loss 0.5767  lr 1.06e-04
    step 2500/2921 (global micro  8342/8763, update  8342/8763)  loss 0.5078  lr 1.05e-04
    step 2525/2921 (global micro  8367/8763, update  8367/8763)  loss 0.6113  lr 1.05e-04
    step 2550/2921 (global micro  8392/8763, update  8392/8763)  loss 0.6323  lr 1.04e-04
    step 2575/2921 (global micro  8417/8763, update  8417/8763)  loss 0.4058  lr 1.03e-04
    step 2600/2921 (global micro  8442/8763, update  8442/8763)  loss 0.5040  lr 1.03e-04
    step 2625/2921 (global micro  8467/8763, update  8467/8763)  loss 0.5307  lr 1.03e-04
    step 2650/2921 (global micro  8492/8763, update  8492/8763)  loss 0.5628  lr 1.02e-04
    step 2675/2921 (global micro  8517/8763, update  8517/8763)  loss 0.5967  lr 1.02e-04
    step 2700/2921 (global micro  8542/8763, update  8542/8763)  loss 0.6184  lr 1.01e-04
    step 2725/2921 (global micro  8567/8763, update  8567/8763)  loss 0.5768  lr 1.01e-04
    step 2750/2921 (global micro  8592/8763, update  8592/8763)  loss 0.5608  lr 1.01e-04
    step 2775/2921 (global micro  8617/8763, update  8617/8763)  loss 0.5818  lr 1.01e-04
    step 2800/2921 (global micro  8642/8763, update  8642/8763)  loss 0.5937  lr 1.00e-04
    step 2825/2921 (global micro  8667/8763, update  8667/8763)  loss 0.5675  lr 1.00e-04
    step 2850/2921 (global micro  8692/8763, update  8692/8763)  loss 0.5965  lr 1.00e-04
    step 2875/2921 (global micro  8717/8763, update  8717/8763)  loss 0.5470  lr 1.00e-04
    step 2900/2921 (global micro  8742/8763, update  8742/8763)  loss 0.5218  lr 1.00e-04
    step 2921/2921 (global micro  8763/8763, update  8763/8763)  loss 0.6312  lr 1.00e-04
  epoch   3/3  loss 0.5828  lr 1.00e-04  (1097.8s)
  Epoch checkpoint: /home/aomukai/Ninereeds/core/c13_fresh_bridge_phaseA_e3.pt

  Best loss: 0.5828
  Checkpoint saved: /home/aomukai/Ninereeds/core/c13_fresh_bridge_phaseA.pt

