  Training audit: PASSED
  Python: /home/aomukai/.unsloth/studio/unsloth_studio/bin/python
  Device: cuda
  Phase: 0
  Seed: 1337
  Data order: seeded-shuffle
  Resume checkpoint: /home/aomukai/Ninereeds/core/c13_Phase_B_bridge_pre_e1.pt

============================================================
  BDH Phase 0 Training
============================================================
  Data files: ['/home/aomukai/Ninereeds/training/corpus/campaign_13_phase_B.txt']
  Total bytes: 4,468,980
  Pre-loading corpus tensor...
  Corpus tensor: 4,468,980 tokens
  Model: small-25m (25.3M params)
  Resuming from: /home/aomukai/Ninereeds/core/c13_Phase_B_bridge_pre_e1.pt
  Seed: 1337  |  Deterministic: enabled  |  Data order: seeded-shuffle
  Epochs: 3  |  Windows/epoch: 17456  |  Micro-steps/epoch: 2182  |  Optimizer updates/epoch: 2182  |  Total optimizer updates: 6546  |  LR: 0.001
  Block size: 256  |  Batch size: 8
  Grad accumulation: 1
  AMP bf16: enabled
  Data mode: phase_text
  VRAM logging: disabled
  Log interval: every 25 step(s)
  Output: /home/aomukai/Ninereeds/core/c13_Phase_B_bridged.pt

    step    1/2182 (global micro     1/6546, update     1/6546)  loss 1.3330  lr 1.00e-03
    step   25/2182 (global micro    25/6546, update    25/6546)  loss 0.8679  lr 1.00e-03
    step   50/2182 (global micro    50/6546, update    50/6546)  loss 0.7878  lr 1.00e-03
    step   75/2182 (global micro    75/6546, update    75/6546)  loss 0.7777  lr 1.00e-03
    step  100/2182 (global micro   100/6546, update   100/6546)  loss 0.9206  lr 9.99e-04
    step  125/2182 (global micro   125/6546, update   125/6546)  loss 0.8609  lr 9.99e-04
    step  150/2182 (global micro   150/6546, update   150/6546)  loss 0.8508  lr 9.99e-04
    step  175/2182 (global micro   175/6546, update   175/6546)  loss 0.8960  lr 9.98e-04
    step  200/2182 (global micro   200/6546, update   200/6546)  loss 0.8250  lr 9.98e-04
    step  225/2182 (global micro   225/6546, update   225/6546)  loss 0.8605  lr 9.97e-04
    step  250/2182 (global micro   250/6546, update   250/6546)  loss 0.8292  lr 9.97e-04
    step  275/2182 (global micro   275/6546, update   275/6546)  loss 0.9380  lr 9.96e-04
    step  300/2182 (global micro   300/6546, update   300/6546)  loss 0.9056  lr 9.95e-04
    step  325/2182 (global micro   325/6546, update   325/6546)  loss 0.8356  lr 9.95e-04
    step  350/2182 (global micro   350/6546, update   350/6546)  loss 0.8345  lr 9.94e-04
    step  375/2182 (global micro   375/6546, update   375/6546)  loss 0.9480  lr 9.93e-04
    step  400/2182 (global micro   400/6546, update   400/6546)  loss 0.7447  lr 9.92e-04
    step  425/2182 (global micro   425/6546, update   425/6546)  loss 0.7320  lr 9.91e-04
    step  450/2182 (global micro   450/6546, update   450/6546)  loss 0.8517  lr 9.90e-04
    step  475/2182 (global micro   475/6546, update   475/6546)  loss 0.9153  lr 9.88e-04
    step  500/2182 (global micro   500/6546, update   500/6546)  loss 0.8662  lr 9.87e-04
    step  525/2182 (global micro   525/6546, update   525/6546)  loss 0.6879  lr 9.86e-04
    step  550/2182 (global micro   550/6546, update   550/6546)  loss 0.6485  lr 9.84e-04
    step  575/2182 (global micro   575/6546, update   575/6546)  loss 0.6308  lr 9.83e-04
    step  600/2182 (global micro   600/6546, update   600/6546)  loss 0.8387  lr 9.81e-04
    step  625/2182 (global micro   625/6546, update   625/6546)  loss 0.7594  lr 9.80e-04
    step  650/2182 (global micro   650/6546, update   650/6546)  loss 0.7168  lr 9.78e-04
    step  675/2182 (global micro   675/6546, update   675/6546)  loss 0.7868  lr 9.77e-04
    step  700/2182 (global micro   700/6546, update   700/6546)  loss 0.8005  lr 9.75e-04
    step  725/2182 (global micro   725/6546, update   725/6546)  loss 0.7775  lr 9.73e-04
    step  750/2182 (global micro   750/6546, update   750/6546)  loss 0.7829  lr 9.71e-04
    step  775/2182 (global micro   775/6546, update   775/6546)  loss 0.7638  lr 9.69e-04
    step  800/2182 (global micro   800/6546, update   800/6546)  loss 0.6961  lr 9.67e-04
    step  825/2182 (global micro   825/6546, update   825/6546)  loss 0.7724  lr 9.65e-04
    step  850/2182 (global micro   850/6546, update   850/6546)  loss 0.7211  lr 9.63e-04
    step  875/2182 (global micro   875/6546, update   875/6546)  loss 0.8927  lr 9.61e-04
    step  900/2182 (global micro   900/6546, update   900/6546)  loss 0.8647  lr 9.59e-04
    step  925/2182 (global micro   925/6546, update   925/6546)  loss 0.7462  lr 9.56e-04
    step  950/2182 (global micro   950/6546, update   950/6546)  loss 0.6498  lr 9.54e-04
    step  975/2182 (global micro   975/6546, update   975/6546)  loss 0.8772  lr 9.52e-04
    step 1000/2182 (global micro  1000/6546, update  1000/6546)  loss 0.7968  lr 9.49e-04
    step 1025/2182 (global micro  1025/6546, update  1025/6546)  loss 0.7700  lr 9.47e-04
    step 1050/2182 (global micro  1050/6546, update  1050/6546)  loss 0.6450  lr 9.44e-04
    step 1075/2182 (global micro  1075/6546, update  1075/6546)  loss 0.8476  lr 9.41e-04
    step 1100/2182 (global micro  1100/6546, update  1100/6546)  loss 0.6727  lr 9.39e-04
    step 1125/2182 (global micro  1125/6546, update  1125/6546)  loss 0.7253  lr 9.36e-04
    step 1150/2182 (global micro  1150/6546, update  1150/6546)  loss 0.6697  lr 9.33e-04
    step 1175/2182 (global micro  1175/6546, update  1175/6546)  loss 0.6979  lr 9.30e-04
    step 1200/2182 (global micro  1200/6546, update  1200/6546)  loss 0.8171  lr 9.27e-04
    step 1225/2182 (global micro  1225/6546, update  1225/6546)  loss 0.7493  lr 9.24e-04
    step 1250/2182 (global micro  1250/6546, update  1250/6546)  loss 0.7230  lr 9.21e-04
    step 1275/2182 (global micro  1275/6546, update  1275/6546)  loss 0.8475  lr 9.18e-04
    step 1300/2182 (global micro  1300/6546, update  1300/6546)  loss 0.7423  lr 9.15e-04
    step 1325/2182 (global micro  1325/6546, update  1325/6546)  loss 0.7421  lr 9.12e-04
    step 1350/2182 (global micro  1350/6546, update  1350/6546)  loss 0.7802  lr 9.09e-04
    step 1375/2182 (global micro  1375/6546, update  1375/6546)  loss 0.7795  lr 9.06e-04
    step 1400/2182 (global micro  1400/6546, update  1400/6546)  loss 0.6792  lr 9.02e-04
    step 1425/2182 (global micro  1425/6546, update  1425/6546)  loss 0.8278  lr 8.99e-04
    step 1450/2182 (global micro  1450/6546, update  1450/6546)  loss 0.6280  lr 8.95e-04
    step 1475/2182 (global micro  1475/6546, update  1475/6546)  loss 0.8250  lr 8.92e-04
    step 1500/2182 (global micro  1500/6546, update  1500/6546)  loss 0.6388  lr 8.88e-04
    step 1525/2182 (global micro  1525/6546, update  1525/6546)  loss 0.7620  lr 8.85e-04
    step 1550/2182 (global micro  1550/6546, update  1550/6546)  loss 0.7165  lr 8.81e-04
    step 1575/2182 (global micro  1575/6546, update  1575/6546)  loss 0.7931  lr 8.77e-04
    step 1600/2182 (global micro  1600/6546, update  1600/6546)  loss 0.7686  lr 8.74e-04
    step 1625/2182 (global micro  1625/6546, update  1625/6546)  loss 0.7422  lr 8.70e-04
    step 1650/2182 (global micro  1650/6546, update  1650/6546)  loss 0.6234  lr 8.66e-04
    step 1675/2182 (global micro  1675/6546, update  1675/6546)  loss 0.7450  lr 8.62e-04
    step 1700/2182 (global micro  1700/6546, update  1700/6546)  loss 0.6192  lr 8.58e-04
    step 1725/2182 (global micro  1725/6546, update  1725/6546)  loss 0.6510  lr 8.54e-04
    step 1750/2182 (global micro  1750/6546, update  1750/6546)  loss 0.6809  lr 8.50e-04
    step 1775/2182 (global micro  1775/6546, update  1775/6546)  loss 0.6923  lr 8.46e-04
    step 1800/2182 (global micro  1800/6546, update  1800/6546)  loss 0.6464  lr 8.42e-04
    step 1825/2182 (global micro  1825/6546, update  1825/6546)  loss 0.6777  lr 8.38e-04
    step 1850/2182 (global micro  1850/6546, update  1850/6546)  loss 0.6955  lr 8.34e-04
    step 1875/2182 (global micro  1875/6546, update  1875/6546)  loss 0.8594  lr 8.30e-04
    step 1900/2182 (global micro  1900/6546, update  1900/6546)  loss 0.7520  lr 8.26e-04
    step 1925/2182 (global micro  1925/6546, update  1925/6546)  loss 0.7425  lr 8.21e-04
    step 1950/2182 (global micro  1950/6546, update  1950/6546)  loss 0.6361  lr 8.17e-04
    step 1975/2182 (global micro  1975/6546, update  1975/6546)  loss 0.6513  lr 8.13e-04
    step 2000/2182 (global micro  2000/6546, update  2000/6546)  loss 0.6848  lr 8.08e-04
    step 2025/2182 (global micro  2025/6546, update  2025/6546)  loss 0.8524  lr 8.04e-04
    step 2050/2182 (global micro  2050/6546, update  2050/6546)  loss 0.6447  lr 7.99e-04
    step 2075/2182 (global micro  2075/6546, update  2075/6546)  loss 0.6773  lr 7.95e-04
    step 2100/2182 (global micro  2100/6546, update  2100/6546)  loss 0.6359  lr 7.90e-04
    step 2125/2182 (global micro  2125/6546, update  2125/6546)  loss 0.6139  lr 7.86e-04
    step 2150/2182 (global micro  2150/6546, update  2150/6546)  loss 0.7911  lr 7.81e-04
    step 2175/2182 (global micro  2175/6546, update  2175/6546)  loss 0.8168  lr 7.76e-04
    step 2182/2182 (global micro  2182/6546, update  2182/6546)  loss 0.5901  lr 7.75e-04
  epoch   1/3  loss 0.7608  lr 7.75e-04  (820.3s)
  Epoch checkpoint: /home/aomukai/Ninereeds/core/c13_Phase_B_bridged_e1.pt
    step    1/2182 (global micro  2183/6546, update  2183/6546)  loss 0.6811  lr 7.75e-04
    step   25/2182 (global micro  2207/6546, update  2207/6546)  loss 0.7515  lr 7.70e-04
    step   50/2182 (global micro  2232/6546, update  2232/6546)  loss 0.7336  lr 7.66e-04
    step   75/2182 (global micro  2257/6546, update  2257/6546)  loss 0.7163  lr 7.61e-04
    step  100/2182 (global micro  2282/6546, update  2282/6546)  loss 0.6149  lr 7.56e-04
    step  125/2182 (global micro  2307/6546, update  2307/6546)  loss 0.6287  lr 7.51e-04
    step  150/2182 (global micro  2332/6546, update  2332/6546)  loss 0.5088  lr 7.46e-04
    step  175/2182 (global micro  2357/6546, update  2357/6546)  loss 0.6435  lr 7.42e-04
    step  200/2182 (global micro  2382/6546, update  2382/6546)  loss 0.6137  lr 7.37e-04
    step  225/2182 (global micro  2407/6546, update  2407/6546)  loss 0.5893  lr 7.32e-04
    step  250/2182 (global micro  2432/6546, update  2432/6546)  loss 0.5852  lr 7.27e-04
    step  275/2182 (global micro  2457/6546, update  2457/6546)  loss 0.5051  lr 7.22e-04
    step  300/2182 (global micro  2482/6546, update  2482/6546)  loss 0.6761  lr 7.17e-04
    step  325/2182 (global micro  2507/6546, update  2507/6546)  loss 0.6218  lr 7.12e-04
    step  350/2182 (global micro  2532/6546, update  2532/6546)  loss 0.6175  lr 7.07e-04
    step  375/2182 (global micro  2557/6546, update  2557/6546)  loss 0.6070  lr 7.02e-04
    step  400/2182 (global micro  2582/6546, update  2582/6546)  loss 0.6232  lr 6.97e-04
    step  425/2182 (global micro  2607/6546, update  2607/6546)  loss 0.6377  lr 6.91e-04
    step  450/2182 (global micro  2632/6546, update  2632/6546)  loss 0.7038  lr 6.86e-04
    step  475/2182 (global micro  2657/6546, update  2657/6546)  loss 0.7054  lr 6.81e-04
    step  500/2182 (global micro  2682/6546, update  2682/6546)  loss 0.6380  lr 6.76e-04
    step  525/2182 (global micro  2707/6546, update  2707/6546)  loss 0.7791  lr 6.71e-04
    step  550/2182 (global micro  2732/6546, update  2732/6546)  loss 0.7342  lr 6.66e-04
    step  575/2182 (global micro  2757/6546, update  2757/6546)  loss 0.6933  lr 6.60e-04
    step  600/2182 (global micro  2782/6546, update  2782/6546)  loss 0.6934  lr 6.55e-04
    step  625/2182 (global micro  2807/6546, update  2807/6546)  loss 0.6158  lr 6.50e-04
    step  650/2182 (global micro  2832/6546, update  2832/6546)  loss 0.6681  lr 6.45e-04
    step  675/2182 (global micro  2857/6546, update  2857/6546)  loss 0.6506  lr 6.39e-04
    step  700/2182 (global micro  2882/6546, update  2882/6546)  loss 0.6347  lr 6.34e-04
    step  725/2182 (global micro  2907/6546, update  2907/6546)  loss 0.6679  lr 6.29e-04
    step  750/2182 (global micro  2932/6546, update  2932/6546)  loss 0.6440  lr 6.23e-04
    step  775/2182 (global micro  2957/6546, update  2957/6546)  loss 0.7812  lr 6.18e-04
    step  800/2182 (global micro  2982/6546, update  2982/6546)  loss 0.6692  lr 6.13e-04
    step  825/2182 (global micro  3007/6546, update  3007/6546)  loss 0.5895  lr 6.07e-04
    step  850/2182 (global micro  3032/6546, update  3032/6546)  loss 0.5130  lr 6.02e-04
    step  875/2182 (global micro  3057/6546, update  3057/6546)  loss 0.7043  lr 5.97e-04
    step  900/2182 (global micro  3082/6546, update  3082/6546)  loss 0.7489  lr 5.91e-04
    step  925/2182 (global micro  3107/6546, update  3107/6546)  loss 0.6789  lr 5.86e-04
    step  950/2182 (global micro  3132/6546, update  3132/6546)  loss 0.6366  lr 5.80e-04
    step  975/2182 (global micro  3157/6546, update  3157/6546)  loss 0.6329  lr 5.75e-04
    step 1000/2182 (global micro  3182/6546, update  3182/6546)  loss 0.6537  lr 5.70e-04
    step 1025/2182 (global micro  3207/6546, update  3207/6546)  loss 0.6974  lr 5.64e-04
    step 1050/2182 (global micro  3232/6546, update  3232/6546)  loss 0.5955  lr 5.59e-04
    step 1075/2182 (global micro  3257/6546, update  3257/6546)  loss 0.7181  lr 5.53e-04
    step 1100/2182 (global micro  3282/6546, update  3282/6546)  loss 0.6988  lr 5.48e-04
    step 1125/2182 (global micro  3307/6546, update  3307/6546)  loss 0.5976  lr 5.43e-04
    step 1150/2182 (global micro  3332/6546, update  3332/6546)  loss 0.6381  lr 5.37e-04
    step 1175/2182 (global micro  3357/6546, update  3357/6546)  loss 0.7098  lr 5.32e-04
    step 1200/2182 (global micro  3382/6546, update  3382/6546)  loss 0.6342  lr 5.26e-04
    step 1225/2182 (global micro  3407/6546, update  3407/6546)  loss 0.6089  lr 5.21e-04
    step 1250/2182 (global micro  3432/6546, update  3432/6546)  loss 0.6538  lr 5.16e-04
    step 1275/2182 (global micro  3457/6546, update  3457/6546)  loss 0.6971  lr 5.10e-04
    step 1300/2182 (global micro  3482/6546, update  3482/6546)  loss 0.7066  lr 5.05e-04
    step 1325/2182 (global micro  3507/6546, update  3507/6546)  loss 0.7365  lr 5.00e-04
    step 1350/2182 (global micro  3532/6546, update  3532/6546)  loss 0.6282  lr 4.94e-04
    step 1375/2182 (global micro  3557/6546, update  3557/6546)  loss 0.7259  lr 4.89e-04
    step 1400/2182 (global micro  3582/6546, update  3582/6546)  loss 0.6553  lr 4.84e-04
    step 1425/2182 (global micro  3607/6546, update  3607/6546)  loss 0.6134  lr 4.78e-04
    step 1450/2182 (global micro  3632/6546, update  3632/6546)  loss 0.5549  lr 4.73e-04
    step 1475/2182 (global micro  3657/6546, update  3657/6546)  loss 0.5912  lr 4.68e-04
    step 1500/2182 (global micro  3682/6546, update  3682/6546)  loss 0.6371  lr 4.62e-04
    step 1525/2182 (global micro  3707/6546, update  3707/6546)  loss 0.5772  lr 4.57e-04
    step 1550/2182 (global micro  3732/6546, update  3732/6546)  loss 0.5554  lr 4.52e-04
    step 1575/2182 (global micro  3757/6546, update  3757/6546)  loss 0.6112  lr 4.46e-04
    step 1600/2182 (global micro  3782/6546, update  3782/6546)  loss 0.6260  lr 4.41e-04
    step 1625/2182 (global micro  3807/6546, update  3807/6546)  loss 0.5291  lr 4.36e-04
    step 1650/2182 (global micro  3832/6546, update  3832/6546)  loss 0.6632  lr 4.31e-04
    step 1675/2182 (global micro  3857/6546, update  3857/6546)  loss 0.6964  lr 4.26e-04
    step 1700/2182 (global micro  3882/6546, update  3882/6546)  loss 0.6017  lr 4.20e-04
    step 1725/2182 (global micro  3907/6546, update  3907/6546)  loss 0.6864  lr 4.15e-04
    step 1750/2182 (global micro  3932/6546, update  3932/6546)  loss 0.6276  lr 4.10e-04
    step 1775/2182 (global micro  3957/6546, update  3957/6546)  loss 0.5085  lr 4.05e-04
    step 1800/2182 (global micro  3982/6546, update  3982/6546)  loss 0.5743  lr 4.00e-04
    step 1825/2182 (global micro  4007/6546, update  4007/6546)  loss 0.5588  lr 3.95e-04
    step 1850/2182 (global micro  4032/6546, update  4032/6546)  loss 0.5416  lr 3.90e-04
    step 1875/2182 (global micro  4057/6546, update  4057/6546)  loss 0.6281  lr 3.85e-04
    step 1900/2182 (global micro  4082/6546, update  4082/6546)  loss 0.6834  lr 3.80e-04
    step 1925/2182 (global micro  4107/6546, update  4107/6546)  loss 0.7683  lr 3.75e-04
    step 1950/2182 (global micro  4132/6546, update  4132/6546)  loss 0.6070  lr 3.70e-04
    step 1975/2182 (global micro  4157/6546, update  4157/6546)  loss 0.6480  lr 3.65e-04
    step 2000/2182 (global micro  4182/6546, update  4182/6546)  loss 0.7279  lr 3.60e-04
    step 2025/2182 (global micro  4207/6546, update  4207/6546)  loss 0.6422  lr 3.55e-04
    step 2050/2182 (global micro  4232/6546, update  4232/6546)  loss 0.6216  lr 3.50e-04
    step 2075/2182 (global micro  4257/6546, update  4257/6546)  loss 0.6485  lr 3.45e-04
    step 2100/2182 (global micro  4282/6546, update  4282/6546)  loss 0.6372  lr 3.41e-04
    step 2125/2182 (global micro  4307/6546, update  4307/6546)  loss 0.6377  lr 3.36e-04
    step 2150/2182 (global micro  4332/6546, update  4332/6546)  loss 0.4819  lr 3.31e-04
    step 2175/2182 (global micro  4357/6546, update  4357/6546)  loss 0.5808  lr 3.26e-04
    step 2182/2182 (global micro  4364/6546, update  4364/6546)  loss 0.5875  lr 3.25e-04
  epoch   2/3  loss 0.6310  lr 3.25e-04  (820.1s)
  Epoch checkpoint: /home/aomukai/Ninereeds/core/c13_Phase_B_bridged_e2.pt
    step    1/2182 (global micro  4365/6546, update  4365/6546)  loss 0.5465  lr 3.25e-04
    step   25/2182 (global micro  4389/6546, update  4389/6546)  loss 0.6604  lr 3.20e-04
    step   50/2182 (global micro  4414/6546, update  4414/6546)  loss 0.5411  lr 3.16e-04
    step   75/2182 (global micro  4439/6546, update  4439/6546)  loss 0.5320  lr 3.11e-04
    step  100/2182 (global micro  4464/6546, update  4464/6546)  loss 0.5394  lr 3.07e-04
    step  125/2182 (global micro  4489/6546, update  4489/6546)  loss 0.6277  lr 3.02e-04
    step  150/2182 (global micro  4514/6546, update  4514/6546)  loss 0.4923  lr 2.98e-04
    step  175/2182 (global micro  4539/6546, update  4539/6546)  loss 0.5617  lr 2.93e-04
    step  200/2182 (global micro  4564/6546, update  4564/6546)  loss 0.5144  lr 2.89e-04
    step  225/2182 (global micro  4589/6546, update  4589/6546)  loss 0.4989  lr 2.84e-04
    step  250/2182 (global micro  4614/6546, update  4614/6546)  loss 0.5346  lr 2.80e-04
    step  275/2182 (global micro  4639/6546, update  4639/6546)  loss 0.5022  lr 2.76e-04
    step  300/2182 (global micro  4664/6546, update  4664/6546)  loss 0.5173  lr 2.71e-04
    step  325/2182 (global micro  4689/6546, update  4689/6546)  loss 0.5615  lr 2.67e-04
    step  350/2182 (global micro  4714/6546, update  4714/6546)  loss 0.5131  lr 2.63e-04
    step  375/2182 (global micro  4739/6546, update  4739/6546)  loss 0.5642  lr 2.59e-04
    step  400/2182 (global micro  4764/6546, update  4764/6546)  loss 0.5823  lr 2.55e-04
    step  425/2182 (global micro  4789/6546, update  4789/6546)  loss 0.5412  lr 2.51e-04
    step  450/2182 (global micro  4814/6546, update  4814/6546)  loss 0.5613  lr 2.47e-04
    step  475/2182 (global micro  4839/6546, update  4839/6546)  loss 0.4142  lr 2.43e-04
    step  500/2182 (global micro  4864/6546, update  4864/6546)  loss 0.5865  lr 2.39e-04
    step  525/2182 (global micro  4889/6546, update  4889/6546)  loss 0.5154  lr 2.35e-04
    step  550/2182 (global micro  4914/6546, update  4914/6546)  loss 0.5201  lr 2.31e-04
    step  575/2182 (global micro  4939/6546, update  4939/6546)  loss 0.6494  lr 2.27e-04
    step  600/2182 (global micro  4964/6546, update  4964/6546)  loss 0.5176  lr 2.24e-04
    step  625/2182 (global micro  4989/6546, update  4989/6546)  loss 0.4247  lr 2.20e-04
    step  650/2182 (global micro  5014/6546, update  5014/6546)  loss 0.5439  lr 2.16e-04
    step  675/2182 (global micro  5039/6546, update  5039/6546)  loss 0.5604  lr 2.13e-04
    step  700/2182 (global micro  5064/6546, update  5064/6546)  loss 0.4795  lr 2.09e-04
    step  725/2182 (global micro  5089/6546, update  5089/6546)  loss 0.4794  lr 2.06e-04
    step  750/2182 (global micro  5114/6546, update  5114/6546)  loss 0.4974  lr 2.02e-04
    step  775/2182 (global micro  5139/6546, update  5139/6546)  loss 0.4992  lr 1.99e-04
    step  800/2182 (global micro  5164/6546, update  5164/6546)  loss 0.5057  lr 1.95e-04
    step  825/2182 (global micro  5189/6546, update  5189/6546)  loss 0.5135  lr 1.92e-04
    step  850/2182 (global micro  5214/6546, update  5214/6546)  loss 0.5166  lr 1.89e-04
    step  875/2182 (global micro  5239/6546, update  5239/6546)  loss 0.5949  lr 1.86e-04
    step  900/2182 (global micro  5264/6546, update  5264/6546)  loss 0.5159  lr 1.83e-04
    step  925/2182 (global micro  5289/6546, update  5289/6546)  loss 0.5788  lr 1.79e-04
    step  950/2182 (global micro  5314/6546, update  5314/6546)  loss 0.4672  lr 1.76e-04
    step  975/2182 (global micro  5339/6546, update  5339/6546)  loss 0.5554  lr 1.73e-04
    step 1000/2182 (global micro  5364/6546, update  5364/6546)  loss 0.4838  lr 1.70e-04
    step 1025/2182 (global micro  5389/6546, update  5389/6546)  loss 0.4955  lr 1.68e-04
    step 1050/2182 (global micro  5414/6546, update  5414/6546)  loss 0.5422  lr 1.65e-04
    step 1075/2182 (global micro  5439/6546, update  5439/6546)  loss 0.5118  lr 1.62e-04
    step 1100/2182 (global micro  5464/6546, update  5464/6546)  loss 0.4992  lr 1.59e-04
    step 1125/2182 (global micro  5489/6546, update  5489/6546)  loss 0.4618  lr 1.57e-04
    step 1150/2182 (global micro  5514/6546, update  5514/6546)  loss 0.4886  lr 1.54e-04
    step 1175/2182 (global micro  5539/6546, update  5539/6546)  loss 0.4991  lr 1.52e-04
    step 1200/2182 (global micro  5564/6546, update  5564/6546)  loss 0.5737  lr 1.49e-04
    step 1225/2182 (global micro  5589/6546, update  5589/6546)  loss 0.5198  lr 1.47e-04
    step 1250/2182 (global micro  5614/6546, update  5614/6546)  loss 0.5118  lr 1.44e-04
    step 1275/2182 (global micro  5639/6546, update  5639/6546)  loss 0.5908  lr 1.42e-04
    step 1300/2182 (global micro  5664/6546, update  5664/6546)  loss 0.5224  lr 1.40e-04
    step 1325/2182 (global micro  5689/6546, update  5689/6546)  loss 0.4805  lr 1.38e-04
    step 1350/2182 (global micro  5714/6546, update  5714/6546)  loss 0.4626  lr 1.35e-04
    step 1375/2182 (global micro  5739/6546, update  5739/6546)  loss 0.4609  lr 1.33e-04
    step 1400/2182 (global micro  5764/6546, update  5764/6546)  loss 0.5803  lr 1.31e-04
    step 1425/2182 (global micro  5789/6546, update  5789/6546)  loss 0.5120  lr 1.29e-04
    step 1450/2182 (global micro  5814/6546, update  5814/6546)  loss 0.4926  lr 1.27e-04
    step 1475/2182 (global micro  5839/6546, update  5839/6546)  loss 0.5450  lr 1.26e-04
    step 1500/2182 (global micro  5864/6546, update  5864/6546)  loss 0.4531  lr 1.24e-04
    step 1525/2182 (global micro  5889/6546, update  5889/6546)  loss 0.5221  lr 1.22e-04
    step 1550/2182 (global micro  5914/6546, update  5914/6546)  loss 0.4664  lr 1.21e-04
    step 1575/2182 (global micro  5939/6546, update  5939/6546)  loss 0.4330  lr 1.19e-04
    step 1600/2182 (global micro  5964/6546, update  5964/6546)  loss 0.5006  lr 1.17e-04
    step 1625/2182 (global micro  5989/6546, update  5989/6546)  loss 0.4457  lr 1.16e-04
    step 1650/2182 (global micro  6014/6546, update  6014/6546)  loss 0.5092  lr 1.15e-04
    step 1675/2182 (global micro  6039/6546, update  6039/6546)  loss 0.4983  lr 1.13e-04
    step 1700/2182 (global micro  6064/6546, update  6064/6546)  loss 0.4435  lr 1.12e-04
    step 1725/2182 (global micro  6089/6546, update  6089/6546)  loss 0.4826  lr 1.11e-04
    step 1750/2182 (global micro  6114/6546, update  6114/6546)  loss 0.5030  lr 1.10e-04
    step 1775/2182 (global micro  6139/6546, update  6139/6546)  loss 0.4912  lr 1.09e-04
    step 1800/2182 (global micro  6164/6546, update  6164/6546)  loss 0.5904  lr 1.08e-04
    step 1825/2182 (global micro  6189/6546, update  6189/6546)  loss 0.5319  lr 1.07e-04
    step 1850/2182 (global micro  6214/6546, update  6214/6546)  loss 0.5808  lr 1.06e-04
    step 1875/2182 (global micro  6239/6546, update  6239/6546)  loss 0.4733  lr 1.05e-04
    step 1900/2182 (global micro  6264/6546, update  6264/6546)  loss 0.5076  lr 1.04e-04
    step 1925/2182 (global micro  6289/6546, update  6289/6546)  loss 0.5096  lr 1.03e-04
    step 1950/2182 (global micro  6314/6546, update  6314/6546)  loss 0.4794  lr 1.03e-04
    step 1975/2182 (global micro  6339/6546, update  6339/6546)  loss 0.5067  lr 1.02e-04
    step 2000/2182 (global micro  6364/6546, update  6364/6546)  loss 0.4947  lr 1.02e-04
    step 2025/2182 (global micro  6389/6546, update  6389/6546)  loss 0.6123  lr 1.01e-04
    step 2050/2182 (global micro  6414/6546, update  6414/6546)  loss 0.4801  lr 1.01e-04
    step 2075/2182 (global micro  6439/6546, update  6439/6546)  loss 0.5467  lr 1.01e-04
    step 2100/2182 (global micro  6464/6546, update  6464/6546)  loss 0.6415  lr 1.00e-04
    step 2125/2182 (global micro  6489/6546, update  6489/6546)  loss 0.5219  lr 1.00e-04
    step 2150/2182 (global micro  6514/6546, update  6514/6546)  loss 0.5606  lr 1.00e-04
    step 2175/2182 (global micro  6539/6546, update  6539/6546)  loss 0.5261  lr 1.00e-04
    step 2182/2182 (global micro  6546/6546, update  6546/6546)  loss 0.5051  lr 1.00e-04
  epoch   3/3  loss 0.5277  lr 1.00e-04  (820.0s)
  Epoch checkpoint: /home/aomukai/Ninereeds/core/c13_Phase_B_bridged_e3.pt

  Best loss: 0.5277
  Checkpoint saved: /home/aomukai/Ninereeds/core/c13_Phase_B_bridged.pt

