  Training audit: PASSED
  Python: /home/aomukai/.unsloth/studio/unsloth_studio/bin/python
  Device: cuda
  Phase: 0
  Seed: 1337
  Data order: seeded-shuffle
  Resume checkpoint: /home/aomukai/Ninereeds/core/c13_fresh_bridge_phaseA_e2.pt

============================================================
  BDH Phase 0 Training
============================================================
  Data files: ['/home/aomukai/Ninereeds/training/corpus/campaign_13_phase_B.txt']
  Total bytes: 4,468,980
  Pre-loading corpus tensor...
  Corpus tensor: 4,468,980 tokens
  Model: small-25m (25.3M params)
  Resuming from: /home/aomukai/Ninereeds/core/c13_fresh_bridge_phaseA_e2.pt
  Seed: 1337  |  Deterministic: enabled  |  Data order: seeded-shuffle
  Epochs: 3  |  Windows/epoch: 17456  |  Micro-steps/epoch: 2182  |  Optimizer updates/epoch: 2182  |  Total optimizer updates: 6546  |  LR: 0.001
  Block size: 256  |  Batch size: 8
  Grad accumulation: 1
  AMP bf16: enabled
  Data mode: phase_text
  VRAM logging: disabled
  Log interval: every 25 step(s)
  Output: /home/aomukai/Ninereeds/core/c13_Phase_B_direct.pt

    step    1/2182 (global micro     1/6546, update     1/6546)  loss 0.7397  lr 1.00e-03
    step   25/2182 (global micro    25/6546, update    25/6546)  loss 0.8569  lr 1.00e-03
    step   50/2182 (global micro    50/6546, update    50/6546)  loss 0.7830  lr 1.00e-03
    step   75/2182 (global micro    75/6546, update    75/6546)  loss 0.7767  lr 1.00e-03
    step  100/2182 (global micro   100/6546, update   100/6546)  loss 0.9259  lr 9.99e-04
    step  125/2182 (global micro   125/6546, update   125/6546)  loss 0.8635  lr 9.99e-04
    step  150/2182 (global micro   150/6546, update   150/6546)  loss 0.8440  lr 9.99e-04
    step  175/2182 (global micro   175/6546, update   175/6546)  loss 0.9053  lr 9.98e-04
    step  200/2182 (global micro   200/6546, update   200/6546)  loss 0.8182  lr 9.98e-04
    step  225/2182 (global micro   225/6546, update   225/6546)  loss 0.8651  lr 9.97e-04
    step  250/2182 (global micro   250/6546, update   250/6546)  loss 0.8170  lr 9.97e-04
    step  275/2182 (global micro   275/6546, update   275/6546)  loss 0.9284  lr 9.96e-04
    step  300/2182 (global micro   300/6546, update   300/6546)  loss 0.9197  lr 9.95e-04
    step  325/2182 (global micro   325/6546, update   325/6546)  loss 0.8381  lr 9.95e-04
    step  350/2182 (global micro   350/6546, update   350/6546)  loss 0.8287  lr 9.94e-04
    step  375/2182 (global micro   375/6546, update   375/6546)  loss 0.9428  lr 9.93e-04
    step  400/2182 (global micro   400/6546, update   400/6546)  loss 0.7377  lr 9.92e-04
    step  425/2182 (global micro   425/6546, update   425/6546)  loss 0.7465  lr 9.91e-04
    step  450/2182 (global micro   450/6546, update   450/6546)  loss 0.8656  lr 9.90e-04
    step  475/2182 (global micro   475/6546, update   475/6546)  loss 0.9211  lr 9.88e-04
    step  500/2182 (global micro   500/6546, update   500/6546)  loss 0.8741  lr 9.87e-04
    step  525/2182 (global micro   525/6546, update   525/6546)  loss 0.6966  lr 9.86e-04
    step  550/2182 (global micro   550/6546, update   550/6546)  loss 0.6474  lr 9.84e-04
    step  575/2182 (global micro   575/6546, update   575/6546)  loss 0.6211  lr 9.83e-04
    step  600/2182 (global micro   600/6546, update   600/6546)  loss 0.8382  lr 9.81e-04
    step  625/2182 (global micro   625/6546, update   625/6546)  loss 0.7497  lr 9.80e-04
    step  650/2182 (global micro   650/6546, update   650/6546)  loss 0.7207  lr 9.78e-04
    step  675/2182 (global micro   675/6546, update   675/6546)  loss 0.7976  lr 9.77e-04
    step  700/2182 (global micro   700/6546, update   700/6546)  loss 0.8007  lr 9.75e-04
    step  725/2182 (global micro   725/6546, update   725/6546)  loss 0.7765  lr 9.73e-04
    step  750/2182 (global micro   750/6546, update   750/6546)  loss 0.7785  lr 9.71e-04
    step  775/2182 (global micro   775/6546, update   775/6546)  loss 0.7656  lr 9.69e-04
    step  800/2182 (global micro   800/6546, update   800/6546)  loss 0.6898  lr 9.67e-04
    step  825/2182 (global micro   825/6546, update   825/6546)  loss 0.7820  lr 9.65e-04
    step  850/2182 (global micro   850/6546, update   850/6546)  loss 0.7260  lr 9.63e-04
    step  875/2182 (global micro   875/6546, update   875/6546)  loss 0.8898  lr 9.61e-04
    step  900/2182 (global micro   900/6546, update   900/6546)  loss 0.8579  lr 9.59e-04
    step  925/2182 (global micro   925/6546, update   925/6546)  loss 0.7449  lr 9.56e-04
    step  950/2182 (global micro   950/6546, update   950/6546)  loss 0.6610  lr 9.54e-04
    step  975/2182 (global micro   975/6546, update   975/6546)  loss 0.8768  lr 9.52e-04
    step 1000/2182 (global micro  1000/6546, update  1000/6546)  loss 0.8027  lr 9.49e-04
    step 1025/2182 (global micro  1025/6546, update  1025/6546)  loss 0.7694  lr 9.47e-04
    step 1050/2182 (global micro  1050/6546, update  1050/6546)  loss 0.6483  lr 9.44e-04
    step 1075/2182 (global micro  1075/6546, update  1075/6546)  loss 0.8371  lr 9.41e-04
    step 1100/2182 (global micro  1100/6546, update  1100/6546)  loss 0.6747  lr 9.39e-04
    step 1125/2182 (global micro  1125/6546, update  1125/6546)  loss 0.7220  lr 9.36e-04
    step 1150/2182 (global micro  1150/6546, update  1150/6546)  loss 0.6762  lr 9.33e-04
    step 1175/2182 (global micro  1175/6546, update  1175/6546)  loss 0.7083  lr 9.30e-04
    step 1200/2182 (global micro  1200/6546, update  1200/6546)  loss 0.8232  lr 9.27e-04
    step 1225/2182 (global micro  1225/6546, update  1225/6546)  loss 0.7500  lr 9.24e-04
    step 1250/2182 (global micro  1250/6546, update  1250/6546)  loss 0.7220  lr 9.21e-04
    step 1275/2182 (global micro  1275/6546, update  1275/6546)  loss 0.8619  lr 9.18e-04
    step 1300/2182 (global micro  1300/6546, update  1300/6546)  loss 0.7366  lr 9.15e-04
    step 1325/2182 (global micro  1325/6546, update  1325/6546)  loss 0.7589  lr 9.12e-04
    step 1350/2182 (global micro  1350/6546, update  1350/6546)  loss 0.7814  lr 9.09e-04
    step 1375/2182 (global micro  1375/6546, update  1375/6546)  loss 0.7819  lr 9.06e-04
    step 1400/2182 (global micro  1400/6546, update  1400/6546)  loss 0.6734  lr 9.02e-04
    step 1425/2182 (global micro  1425/6546, update  1425/6546)  loss 0.8129  lr 8.99e-04
    step 1450/2182 (global micro  1450/6546, update  1450/6546)  loss 0.6383  lr 8.95e-04
    step 1475/2182 (global micro  1475/6546, update  1475/6546)  loss 0.8082  lr 8.92e-04
    step 1500/2182 (global micro  1500/6546, update  1500/6546)  loss 0.6407  lr 8.88e-04
    step 1525/2182 (global micro  1525/6546, update  1525/6546)  loss 0.7711  lr 8.85e-04
    step 1550/2182 (global micro  1550/6546, update  1550/6546)  loss 0.7109  lr 8.81e-04
    step 1575/2182 (global micro  1575/6546, update  1575/6546)  loss 0.7898  lr 8.77e-04
    step 1600/2182 (global micro  1600/6546, update  1600/6546)  loss 0.7641  lr 8.74e-04
    step 1625/2182 (global micro  1625/6546, update  1625/6546)  loss 0.7477  lr 8.70e-04
    step 1650/2182 (global micro  1650/6546, update  1650/6546)  loss 0.6155  lr 8.66e-04
    step 1675/2182 (global micro  1675/6546, update  1675/6546)  loss 0.7486  lr 8.62e-04
    step 1700/2182 (global micro  1700/6546, update  1700/6546)  loss 0.6269  lr 8.58e-04
    step 1725/2182 (global micro  1725/6546, update  1725/6546)  loss 0.6481  lr 8.54e-04
    step 1750/2182 (global micro  1750/6546, update  1750/6546)  loss 0.6808  lr 8.50e-04
    step 1775/2182 (global micro  1775/6546, update  1775/6546)  loss 0.6909  lr 8.46e-04
    step 1800/2182 (global micro  1800/6546, update  1800/6546)  loss 0.6572  lr 8.42e-04
    step 1825/2182 (global micro  1825/6546, update  1825/6546)  loss 0.6715  lr 8.38e-04
    step 1850/2182 (global micro  1850/6546, update  1850/6546)  loss 0.6827  lr 8.34e-04
    step 1875/2182 (global micro  1875/6546, update  1875/6546)  loss 0.8719  lr 8.30e-04
    step 1900/2182 (global micro  1900/6546, update  1900/6546)  loss 0.7379  lr 8.26e-04
    step 1925/2182 (global micro  1925/6546, update  1925/6546)  loss 0.7476  lr 8.21e-04
    step 1950/2182 (global micro  1950/6546, update  1950/6546)  loss 0.6429  lr 8.17e-04
    step 1975/2182 (global micro  1975/6546, update  1975/6546)  loss 0.6504  lr 8.13e-04
    step 2000/2182 (global micro  2000/6546, update  2000/6546)  loss 0.6758  lr 8.08e-04
    step 2025/2182 (global micro  2025/6546, update  2025/6546)  loss 0.8408  lr 8.04e-04
    step 2050/2182 (global micro  2050/6546, update  2050/6546)  loss 0.6394  lr 7.99e-04
    step 2075/2182 (global micro  2075/6546, update  2075/6546)  loss 0.6630  lr 7.95e-04
    step 2100/2182 (global micro  2100/6546, update  2100/6546)  loss 0.6472  lr 7.90e-04
    step 2125/2182 (global micro  2125/6546, update  2125/6546)  loss 0.6128  lr 7.86e-04
    step 2150/2182 (global micro  2150/6546, update  2150/6546)  loss 0.7933  lr 7.81e-04
    step 2175/2182 (global micro  2175/6546, update  2175/6546)  loss 0.8258  lr 7.76e-04
    step 2182/2182 (global micro  2182/6546, update  2182/6546)  loss 0.5930  lr 7.75e-04
  epoch   1/3  loss 0.7592  lr 7.75e-04  (820.3s)
  Epoch checkpoint: /home/aomukai/Ninereeds/core/c13_Phase_B_direct_e1.pt
    step    1/2182 (global micro  2183/6546, update  2183/6546)  loss 0.6731  lr 7.75e-04
    step   25/2182 (global micro  2207/6546, update  2207/6546)  loss 0.7538  lr 7.70e-04
    step   50/2182 (global micro  2232/6546, update  2232/6546)  loss 0.7377  lr 7.66e-04
    step   75/2182 (global micro  2257/6546, update  2257/6546)  loss 0.7078  lr 7.61e-04
    step  100/2182 (global micro  2282/6546, update  2282/6546)  loss 0.6121  lr 7.56e-04
    step  125/2182 (global micro  2307/6546, update  2307/6546)  loss 0.6114  lr 7.51e-04
    step  150/2182 (global micro  2332/6546, update  2332/6546)  loss 0.5051  lr 7.46e-04
    step  175/2182 (global micro  2357/6546, update  2357/6546)  loss 0.6497  lr 7.42e-04
    step  200/2182 (global micro  2382/6546, update  2382/6546)  loss 0.6193  lr 7.37e-04
    step  225/2182 (global micro  2407/6546, update  2407/6546)  loss 0.5844  lr 7.32e-04
    step  250/2182 (global micro  2432/6546, update  2432/6546)  loss 0.5901  lr 7.27e-04
    step  275/2182 (global micro  2457/6546, update  2457/6546)  loss 0.5080  lr 7.22e-04
    step  300/2182 (global micro  2482/6546, update  2482/6546)  loss 0.6901  lr 7.17e-04
    step  325/2182 (global micro  2507/6546, update  2507/6546)  loss 0.6228  lr 7.12e-04
    step  350/2182 (global micro  2532/6546, update  2532/6546)  loss 0.6224  lr 7.07e-04
    step  375/2182 (global micro  2557/6546, update  2557/6546)  loss 0.5953  lr 7.02e-04
    step  400/2182 (global micro  2582/6546, update  2582/6546)  loss 0.6178  lr 6.97e-04
    step  425/2182 (global micro  2607/6546, update  2607/6546)  loss 0.6275  lr 6.91e-04
    step  450/2182 (global micro  2632/6546, update  2632/6546)  loss 0.6985  lr 6.86e-04
    step  475/2182 (global micro  2657/6546, update  2657/6546)  loss 0.6935  lr 6.81e-04
    step  500/2182 (global micro  2682/6546, update  2682/6546)  loss 0.6369  lr 6.76e-04
    step  525/2182 (global micro  2707/6546, update  2707/6546)  loss 0.7877  lr 6.71e-04
    step  550/2182 (global micro  2732/6546, update  2732/6546)  loss 0.7321  lr 6.66e-04
    step  575/2182 (global micro  2757/6546, update  2757/6546)  loss 0.7003  lr 6.60e-04
    step  600/2182 (global micro  2782/6546, update  2782/6546)  loss 0.6843  lr 6.55e-04
    step  625/2182 (global micro  2807/6546, update  2807/6546)  loss 0.6154  lr 6.50e-04
    step  650/2182 (global micro  2832/6546, update  2832/6546)  loss 0.6632  lr 6.45e-04
    step  675/2182 (global micro  2857/6546, update  2857/6546)  loss 0.6448  lr 6.39e-04
    step  700/2182 (global micro  2882/6546, update  2882/6546)  loss 0.6137  lr 6.34e-04
    step  725/2182 (global micro  2907/6546, update  2907/6546)  loss 0.6716  lr 6.29e-04
    step  750/2182 (global micro  2932/6546, update  2932/6546)  loss 0.6464  lr 6.23e-04
    step  775/2182 (global micro  2957/6546, update  2957/6546)  loss 0.7800  lr 6.18e-04
    step  800/2182 (global micro  2982/6546, update  2982/6546)  loss 0.6807  lr 6.13e-04
    step  825/2182 (global micro  3007/6546, update  3007/6546)  loss 0.5876  lr 6.07e-04
    step  850/2182 (global micro  3032/6546, update  3032/6546)  loss 0.5061  lr 6.02e-04
    step  875/2182 (global micro  3057/6546, update  3057/6546)  loss 0.7055  lr 5.97e-04
    step  900/2182 (global micro  3082/6546, update  3082/6546)  loss 0.7528  lr 5.91e-04
    step  925/2182 (global micro  3107/6546, update  3107/6546)  loss 0.6820  lr 5.86e-04
    step  950/2182 (global micro  3132/6546, update  3132/6546)  loss 0.6368  lr 5.80e-04
    step  975/2182 (global micro  3157/6546, update  3157/6546)  loss 0.6204  lr 5.75e-04
    step 1000/2182 (global micro  3182/6546, update  3182/6546)  loss 0.6665  lr 5.70e-04
    step 1025/2182 (global micro  3207/6546, update  3207/6546)  loss 0.7044  lr 5.64e-04
    step 1050/2182 (global micro  3232/6546, update  3232/6546)  loss 0.5874  lr 5.59e-04
    step 1075/2182 (global micro  3257/6546, update  3257/6546)  loss 0.7113  lr 5.53e-04
    step 1100/2182 (global micro  3282/6546, update  3282/6546)  loss 0.6767  lr 5.48e-04
    step 1125/2182 (global micro  3307/6546, update  3307/6546)  loss 0.6024  lr 5.43e-04
    step 1150/2182 (global micro  3332/6546, update  3332/6546)  loss 0.6358  lr 5.37e-04
    step 1175/2182 (global micro  3357/6546, update  3357/6546)  loss 0.7062  lr 5.32e-04
    step 1200/2182 (global micro  3382/6546, update  3382/6546)  loss 0.6275  lr 5.26e-04
    step 1225/2182 (global micro  3407/6546, update  3407/6546)  loss 0.6165  lr 5.21e-04
    step 1250/2182 (global micro  3432/6546, update  3432/6546)  loss 0.6588  lr 5.16e-04
    step 1275/2182 (global micro  3457/6546, update  3457/6546)  loss 0.6900  lr 5.10e-04
    step 1300/2182 (global micro  3482/6546, update  3482/6546)  loss 0.7190  lr 5.05e-04
    step 1325/2182 (global micro  3507/6546, update  3507/6546)  loss 0.7320  lr 5.00e-04
    step 1350/2182 (global micro  3532/6546, update  3532/6546)  loss 0.6343  lr 4.94e-04
    step 1375/2182 (global micro  3557/6546, update  3557/6546)  loss 0.7419  lr 4.89e-04
    step 1400/2182 (global micro  3582/6546, update  3582/6546)  loss 0.6634  lr 4.84e-04
    step 1425/2182 (global micro  3607/6546, update  3607/6546)  loss 0.6238  lr 4.78e-04
    step 1450/2182 (global micro  3632/6546, update  3632/6546)  loss 0.5583  lr 4.73e-04
    step 1475/2182 (global micro  3657/6546, update  3657/6546)  loss 0.5773  lr 4.68e-04
    step 1500/2182 (global micro  3682/6546, update  3682/6546)  loss 0.6347  lr 4.62e-04
    step 1525/2182 (global micro  3707/6546, update  3707/6546)  loss 0.5876  lr 4.57e-04
    step 1550/2182 (global micro  3732/6546, update  3732/6546)  loss 0.5478  lr 4.52e-04
    step 1575/2182 (global micro  3757/6546, update  3757/6546)  loss 0.6125  lr 4.46e-04
    step 1600/2182 (global micro  3782/6546, update  3782/6546)  loss 0.6307  lr 4.41e-04
    step 1625/2182 (global micro  3807/6546, update  3807/6546)  loss 0.5388  lr 4.36e-04
    step 1650/2182 (global micro  3832/6546, update  3832/6546)  loss 0.6647  lr 4.31e-04
    step 1675/2182 (global micro  3857/6546, update  3857/6546)  loss 0.6938  lr 4.26e-04
    step 1700/2182 (global micro  3882/6546, update  3882/6546)  loss 0.5989  lr 4.20e-04
    step 1725/2182 (global micro  3907/6546, update  3907/6546)  loss 0.6919  lr 4.15e-04
    step 1750/2182 (global micro  3932/6546, update  3932/6546)  loss 0.6170  lr 4.10e-04
    step 1775/2182 (global micro  3957/6546, update  3957/6546)  loss 0.5063  lr 4.05e-04
    step 1800/2182 (global micro  3982/6546, update  3982/6546)  loss 0.5771  lr 4.00e-04
    step 1825/2182 (global micro  4007/6546, update  4007/6546)  loss 0.5596  lr 3.95e-04
    step 1850/2182 (global micro  4032/6546, update  4032/6546)  loss 0.5426  lr 3.90e-04
    step 1875/2182 (global micro  4057/6546, update  4057/6546)  loss 0.6251  lr 3.85e-04
    step 1900/2182 (global micro  4082/6546, update  4082/6546)  loss 0.6774  lr 3.80e-04
    step 1925/2182 (global micro  4107/6546, update  4107/6546)  loss 0.7734  lr 3.75e-04
    step 1950/2182 (global micro  4132/6546, update  4132/6546)  loss 0.6016  lr 3.70e-04
    step 1975/2182 (global micro  4157/6546, update  4157/6546)  loss 0.6481  lr 3.65e-04
    step 2000/2182 (global micro  4182/6546, update  4182/6546)  loss 0.7338  lr 3.60e-04
    step 2025/2182 (global micro  4207/6546, update  4207/6546)  loss 0.6425  lr 3.55e-04
    step 2050/2182 (global micro  4232/6546, update  4232/6546)  loss 0.6120  lr 3.50e-04
    step 2075/2182 (global micro  4257/6546, update  4257/6546)  loss 0.6345  lr 3.45e-04
    step 2100/2182 (global micro  4282/6546, update  4282/6546)  loss 0.6492  lr 3.41e-04
    step 2125/2182 (global micro  4307/6546, update  4307/6546)  loss 0.6387  lr 3.36e-04
    step 2150/2182 (global micro  4332/6546, update  4332/6546)  loss 0.4853  lr 3.31e-04
    step 2175/2182 (global micro  4357/6546, update  4357/6546)  loss 0.5836  lr 3.26e-04
    step 2182/2182 (global micro  4364/6546, update  4364/6546)  loss 0.5850  lr 3.25e-04
  epoch   2/3  loss 0.6304  lr 3.25e-04  (820.0s)
  Epoch checkpoint: /home/aomukai/Ninereeds/core/c13_Phase_B_direct_e2.pt
    step    1/2182 (global micro  4365/6546, update  4365/6546)  loss 0.5421  lr 3.25e-04
    step   25/2182 (global micro  4389/6546, update  4389/6546)  loss 0.6632  lr 3.20e-04
    step   50/2182 (global micro  4414/6546, update  4414/6546)  loss 0.5354  lr 3.16e-04
    step   75/2182 (global micro  4439/6546, update  4439/6546)  loss 0.5251  lr 3.11e-04
    step  100/2182 (global micro  4464/6546, update  4464/6546)  loss 0.5453  lr 3.07e-04
    step  125/2182 (global micro  4489/6546, update  4489/6546)  loss 0.6352  lr 3.02e-04
    step  150/2182 (global micro  4514/6546, update  4514/6546)  loss 0.4977  lr 2.98e-04
    step  175/2182 (global micro  4539/6546, update  4539/6546)  loss 0.5572  lr 2.93e-04
    step  200/2182 (global micro  4564/6546, update  4564/6546)  loss 0.5305  lr 2.89e-04
    step  225/2182 (global micro  4589/6546, update  4589/6546)  loss 0.4930  lr 2.84e-04
    step  250/2182 (global micro  4614/6546, update  4614/6546)  loss 0.5392  lr 2.80e-04
    step  275/2182 (global micro  4639/6546, update  4639/6546)  loss 0.4867  lr 2.76e-04
    step  300/2182 (global micro  4664/6546, update  4664/6546)  loss 0.5106  lr 2.71e-04
    step  325/2182 (global micro  4689/6546, update  4689/6546)  loss 0.5480  lr 2.67e-04
    step  350/2182 (global micro  4714/6546, update  4714/6546)  loss 0.5186  lr 2.63e-04
    step  375/2182 (global micro  4739/6546, update  4739/6546)  loss 0.5636  lr 2.59e-04
    step  400/2182 (global micro  4764/6546, update  4764/6546)  loss 0.5869  lr 2.55e-04
    step  425/2182 (global micro  4789/6546, update  4789/6546)  loss 0.5374  lr 2.51e-04
    step  450/2182 (global micro  4814/6546, update  4814/6546)  loss 0.5657  lr 2.47e-04
    step  475/2182 (global micro  4839/6546, update  4839/6546)  loss 0.4176  lr 2.43e-04
    step  500/2182 (global micro  4864/6546, update  4864/6546)  loss 0.5873  lr 2.39e-04
    step  525/2182 (global micro  4889/6546, update  4889/6546)  loss 0.5230  lr 2.35e-04
    step  550/2182 (global micro  4914/6546, update  4914/6546)  loss 0.5071  lr 2.31e-04
    step  575/2182 (global micro  4939/6546, update  4939/6546)  loss 0.6494  lr 2.27e-04
    step  600/2182 (global micro  4964/6546, update  4964/6546)  loss 0.5085  lr 2.24e-04
    step  625/2182 (global micro  4989/6546, update  4989/6546)  loss 0.4270  lr 2.20e-04
    step  650/2182 (global micro  5014/6546, update  5014/6546)  loss 0.5519  lr 2.16e-04
    step  675/2182 (global micro  5039/6546, update  5039/6546)  loss 0.5583  lr 2.13e-04
    step  700/2182 (global micro  5064/6546, update  5064/6546)  loss 0.4722  lr 2.09e-04
    step  725/2182 (global micro  5089/6546, update  5089/6546)  loss 0.4770  lr 2.06e-04
    step  750/2182 (global micro  5114/6546, update  5114/6546)  loss 0.4906  lr 2.02e-04
    step  775/2182 (global micro  5139/6546, update  5139/6546)  loss 0.4961  lr 1.99e-04
    step  800/2182 (global micro  5164/6546, update  5164/6546)  loss 0.5042  lr 1.95e-04
    step  825/2182 (global micro  5189/6546, update  5189/6546)  loss 0.5066  lr 1.92e-04
    step  850/2182 (global micro  5214/6546, update  5214/6546)  loss 0.5177  lr 1.89e-04
    step  875/2182 (global micro  5239/6546, update  5239/6546)  loss 0.5991  lr 1.86e-04
    step  900/2182 (global micro  5264/6546, update  5264/6546)  loss 0.5227  lr 1.83e-04
    step  925/2182 (global micro  5289/6546, update  5289/6546)  loss 0.5824  lr 1.79e-04
    step  950/2182 (global micro  5314/6546, update  5314/6546)  loss 0.4729  lr 1.76e-04
    step  975/2182 (global micro  5339/6546, update  5339/6546)  loss 0.5560  lr 1.73e-04
    step 1000/2182 (global micro  5364/6546, update  5364/6546)  loss 0.4802  lr 1.70e-04
    step 1025/2182 (global micro  5389/6546, update  5389/6546)  loss 0.4874  lr 1.68e-04
    step 1050/2182 (global micro  5414/6546, update  5414/6546)  loss 0.5383  lr 1.65e-04
    step 1075/2182 (global micro  5439/6546, update  5439/6546)  loss 0.5076  lr 1.62e-04
    step 1100/2182 (global micro  5464/6546, update  5464/6546)  loss 0.5015  lr 1.59e-04
    step 1125/2182 (global micro  5489/6546, update  5489/6546)  loss 0.4575  lr 1.57e-04
    step 1150/2182 (global micro  5514/6546, update  5514/6546)  loss 0.4830  lr 1.54e-04
    step 1175/2182 (global micro  5539/6546, update  5539/6546)  loss 0.4998  lr 1.52e-04
    step 1200/2182 (global micro  5564/6546, update  5564/6546)  loss 0.5741  lr 1.49e-04
    step 1225/2182 (global micro  5589/6546, update  5589/6546)  loss 0.5147  lr 1.47e-04
    step 1250/2182 (global micro  5614/6546, update  5614/6546)  loss 0.5228  lr 1.44e-04
    step 1275/2182 (global micro  5639/6546, update  5639/6546)  loss 0.5825  lr 1.42e-04
    step 1300/2182 (global micro  5664/6546, update  5664/6546)  loss 0.5196  lr 1.40e-04
    step 1325/2182 (global micro  5689/6546, update  5689/6546)  loss 0.4795  lr 1.38e-04
    step 1350/2182 (global micro  5714/6546, update  5714/6546)  loss 0.4728  lr 1.35e-04
    step 1375/2182 (global micro  5739/6546, update  5739/6546)  loss 0.4502  lr 1.33e-04
    step 1400/2182 (global micro  5764/6546, update  5764/6546)  loss 0.5768  lr 1.31e-04
    step 1425/2182 (global micro  5789/6546, update  5789/6546)  loss 0.5168  lr 1.29e-04
    step 1450/2182 (global micro  5814/6546, update  5814/6546)  loss 0.4953  lr 1.27e-04
    step 1475/2182 (global micro  5839/6546, update  5839/6546)  loss 0.5412  lr 1.26e-04
    step 1500/2182 (global micro  5864/6546, update  5864/6546)  loss 0.4506  lr 1.24e-04
    step 1525/2182 (global micro  5889/6546, update  5889/6546)  loss 0.5212  lr 1.22e-04
    step 1550/2182 (global micro  5914/6546, update  5914/6546)  loss 0.4630  lr 1.21e-04
    step 1575/2182 (global micro  5939/6546, update  5939/6546)  loss 0.4387  lr 1.19e-04
    step 1600/2182 (global micro  5964/6546, update  5964/6546)  loss 0.5075  lr 1.17e-04
    step 1625/2182 (global micro  5989/6546, update  5989/6546)  loss 0.4391  lr 1.16e-04
    step 1650/2182 (global micro  6014/6546, update  6014/6546)  loss 0.5051  lr 1.15e-04
    step 1675/2182 (global micro  6039/6546, update  6039/6546)  loss 0.4943  lr 1.13e-04
    step 1700/2182 (global micro  6064/6546, update  6064/6546)  loss 0.4478  lr 1.12e-04
    step 1725/2182 (global micro  6089/6546, update  6089/6546)  loss 0.4753  lr 1.11e-04
    step 1750/2182 (global micro  6114/6546, update  6114/6546)  loss 0.5041  lr 1.10e-04
    step 1775/2182 (global micro  6139/6546, update  6139/6546)  loss 0.4863  lr 1.09e-04
    step 1800/2182 (global micro  6164/6546, update  6164/6546)  loss 0.5937  lr 1.08e-04
    step 1825/2182 (global micro  6189/6546, update  6189/6546)  loss 0.5272  lr 1.07e-04
    step 1850/2182 (global micro  6214/6546, update  6214/6546)  loss 0.5892  lr 1.06e-04
    step 1875/2182 (global micro  6239/6546, update  6239/6546)  loss 0.4694  lr 1.05e-04
    step 1900/2182 (global micro  6264/6546, update  6264/6546)  loss 0.5008  lr 1.04e-04
    step 1925/2182 (global micro  6289/6546, update  6289/6546)  loss 0.5068  lr 1.03e-04
    step 1950/2182 (global micro  6314/6546, update  6314/6546)  loss 0.4863  lr 1.03e-04
    step 1975/2182 (global micro  6339/6546, update  6339/6546)  loss 0.5125  lr 1.02e-04
    step 2000/2182 (global micro  6364/6546, update  6364/6546)  loss 0.4913  lr 1.02e-04
    step 2025/2182 (global micro  6389/6546, update  6389/6546)  loss 0.6093  lr 1.01e-04
    step 2050/2182 (global micro  6414/6546, update  6414/6546)  loss 0.4726  lr 1.01e-04
    step 2075/2182 (global micro  6439/6546, update  6439/6546)  loss 0.5344  lr 1.01e-04
    step 2100/2182 (global micro  6464/6546, update  6464/6546)  loss 0.6320  lr 1.00e-04
    step 2125/2182 (global micro  6489/6546, update  6489/6546)  loss 0.5223  lr 1.00e-04
    step 2150/2182 (global micro  6514/6546, update  6514/6546)  loss 0.5702  lr 1.00e-04
    step 2175/2182 (global micro  6539/6546, update  6539/6546)  loss 0.5383  lr 1.00e-04
    step 2182/2182 (global micro  6546/6546, update  6546/6546)  loss 0.5152  lr 1.00e-04
  epoch   3/3  loss 0.5274  lr 1.00e-04  (819.9s)
  Epoch checkpoint: /home/aomukai/Ninereeds/core/c13_Phase_B_direct_e3.pt

  Best loss: 0.5274
  Checkpoint saved: /home/aomukai/Ninereeds/core/c13_Phase_B_direct.pt

