  Training audit: PASSED
  Python: /home/aomukai/.unsloth/studio/unsloth_studio/bin/python
  Device: cuda
  Phase: 0
  Seed: 1337
  Data order: seeded-shuffle
  Resume checkpoint: /home/aomukai/Ninereeds/core/c13_Phase_B_bridge_pre_retry3_e1.pt

============================================================
  BDH Phase 0 Training
============================================================
  Data files: ['/home/aomukai/Ninereeds/training/corpus/campaign_13_phase_B.txt']
  Total bytes: 4,468,980
  Pre-loading corpus tensor...
  Corpus tensor: 4,468,980 tokens
  Model: small-25m (25.3M params)
  Resuming from: /home/aomukai/Ninereeds/core/c13_Phase_B_bridge_pre_retry3_e1.pt
  Seed: 1337  |  Deterministic: enabled  |  Data order: seeded-shuffle
  Epochs: 3  |  Windows/epoch: 17456  |  Micro-steps/epoch: 4364  |  Optimizer updates/epoch: 4364  |  Total optimizer updates: 13092  |  LR: 0.001
  Block size: 256  |  Batch size: 4
  Grad accumulation: 1
  AMP bf16: enabled
  Data mode: phase_text
  VRAM logging: disabled
  Log interval: every 25 step(s)
  Output: /home/aomukai/Ninereeds/core/c13_Phase_B_bridged_retry3.pt

    step    1/4364 (global micro     1/13092, update     1/13092)  loss 1.3230  lr 1.00e-03
    step   25/4364 (global micro    25/13092, update    25/13092)  loss 0.9291  lr 1.00e-03
    step   50/4364 (global micro    50/13092, update    50/13092)  loss 0.7842  lr 1.00e-03
    step   75/4364 (global micro    75/13092, update    75/13092)  loss 0.7301  lr 1.00e-03
    step  100/4364 (global micro   100/13092, update   100/13092)  loss 0.6859  lr 1.00e-03
    step  125/4364 (global micro   125/13092, update   125/13092)  loss 0.7055  lr 1.00e-03
    step  150/4364 (global micro   150/13092, update   150/13092)  loss 0.5762  lr 1.00e-03
    step  175/4364 (global micro   175/13092, update   175/13092)  loss 0.8764  lr 1.00e-03
    step  200/4364 (global micro   200/13092, update   200/13092)  loss 0.7665  lr 9.99e-04
    step  225/4364 (global micro   225/13092, update   225/13092)  loss 0.6920  lr 9.99e-04
    step  250/4364 (global micro   250/13092, update   250/13092)  loss 0.8493  lr 9.99e-04
    step  275/4364 (global micro   275/13092, update   275/13092)  loss 0.6646  lr 9.99e-04
    step  300/4364 (global micro   300/13092, update   300/13092)  loss 0.8873  lr 9.99e-04
    step  325/4364 (global micro   325/13092, update   325/13092)  loss 0.9070  lr 9.99e-04
    step  350/4364 (global micro   350/13092, update   350/13092)  loss 0.8975  lr 9.98e-04
    step  375/4364 (global micro   375/13092, update   375/13092)  loss 0.9343  lr 9.98e-04
    step  400/4364 (global micro   400/13092, update   400/13092)  loss 0.8201  lr 9.98e-04
    step  425/4364 (global micro   425/13092, update   425/13092)  loss 0.7774  lr 9.98e-04
    step  450/4364 (global micro   450/13092, update   450/13092)  loss 0.7895  lr 9.97e-04
    step  475/4364 (global micro   475/13092, update   475/13092)  loss 0.6139  lr 9.97e-04
    step  500/4364 (global micro   500/13092, update   500/13092)  loss 0.9213  lr 9.97e-04
    step  525/4364 (global micro   525/13092, update   525/13092)  loss 0.7736  lr 9.96e-04
    step  550/4364 (global micro   550/13092, update   550/13092)  loss 0.8980  lr 9.96e-04
    step  575/4364 (global micro   575/13092, update   575/13092)  loss 0.8212  lr 9.96e-04
    step  600/4364 (global micro   600/13092, update   600/13092)  loss 0.9316  lr 9.95e-04
    step  625/4364 (global micro   625/13092, update   625/13092)  loss 0.6974  lr 9.95e-04
    step  650/4364 (global micro   650/13092, update   650/13092)  loss 0.9691  lr 9.95e-04
    step  675/4364 (global micro   675/13092, update   675/13092)  loss 0.6619  lr 9.94e-04
    step  700/4364 (global micro   700/13092, update   700/13092)  loss 0.8252  lr 9.94e-04
    step  725/4364 (global micro   725/13092, update   725/13092)  loss 0.6939  lr 9.93e-04
    step  750/4364 (global micro   750/13092, update   750/13092)  loss 0.8399  lr 9.93e-04
    step  775/4364 (global micro   775/13092, update   775/13092)  loss 0.7506  lr 9.92e-04
    step  800/4364 (global micro   800/13092, update   800/13092)  loss 0.7067  lr 9.92e-04
    step  825/4364 (global micro   825/13092, update   825/13092)  loss 0.8075  lr 9.91e-04
    step  850/4364 (global micro   850/13092, update   850/13092)  loss 0.7749  lr 9.91e-04
    step  875/4364 (global micro   875/13092, update   875/13092)  loss 0.7839  lr 9.90e-04
    step  900/4364 (global micro   900/13092, update   900/13092)  loss 0.8567  lr 9.90e-04
    step  925/4364 (global micro   925/13092, update   925/13092)  loss 0.8159  lr 9.89e-04
    step  950/4364 (global micro   950/13092, update   950/13092)  loss 0.9715  lr 9.88e-04
    step  975/4364 (global micro   975/13092, update   975/13092)  loss 0.9571  lr 9.88e-04
    step 1000/4364 (global micro  1000/13092, update  1000/13092)  loss 0.8915  lr 9.87e-04
    step 1025/4364 (global micro  1025/13092, update  1025/13092)  loss 0.6629  lr 9.86e-04
    step 1050/4364 (global micro  1050/13092, update  1050/13092)  loss 0.8126  lr 9.86e-04
    step 1075/4364 (global micro  1075/13092, update  1075/13092)  loss 0.9392  lr 9.85e-04
    step 1100/4364 (global micro  1100/13092, update  1100/13092)  loss 0.6016  lr 9.84e-04
    step 1125/4364 (global micro  1125/13092, update  1125/13092)  loss 0.9304  lr 9.84e-04
    step 1150/4364 (global micro  1150/13092, update  1150/13092)  loss 0.6088  lr 9.83e-04
    step 1175/4364 (global micro  1175/13092, update  1175/13092)  loss 0.6102  lr 9.82e-04
    step 1200/4364 (global micro  1200/13092, update  1200/13092)  loss 0.7819  lr 9.81e-04
    step 1225/4364 (global micro  1225/13092, update  1225/13092)  loss 0.8872  lr 9.81e-04
    step 1250/4364 (global micro  1250/13092, update  1250/13092)  loss 0.8271  lr 9.80e-04
    step 1275/4364 (global micro  1275/13092, update  1275/13092)  loss 0.6655  lr 9.79e-04
    step 1300/4364 (global micro  1300/13092, update  1300/13092)  loss 0.7697  lr 9.78e-04
    step 1325/4364 (global micro  1325/13092, update  1325/13092)  loss 0.7067  lr 9.77e-04
    step 1350/4364 (global micro  1350/13092, update  1350/13092)  loss 0.6724  lr 9.77e-04
    step 1375/4364 (global micro  1375/13092, update  1375/13092)  loss 0.9900  lr 9.76e-04
    step 1400/4364 (global micro  1400/13092, update  1400/13092)  loss 0.8206  lr 9.75e-04
    step 1425/4364 (global micro  1425/13092, update  1425/13092)  loss 0.6946  lr 9.74e-04
    step 1450/4364 (global micro  1450/13092, update  1450/13092)  loss 0.8550  lr 9.73e-04
    step 1475/4364 (global micro  1475/13092, update  1475/13092)  loss 0.6388  lr 9.72e-04
    step 1500/4364 (global micro  1500/13092, update  1500/13092)  loss 0.7945  lr 9.71e-04
    step 1525/4364 (global micro  1525/13092, update  1525/13092)  loss 0.7179  lr 9.70e-04
    step 1550/4364 (global micro  1550/13092, update  1550/13092)  loss 0.7466  lr 9.69e-04
    step 1575/4364 (global micro  1575/13092, update  1575/13092)  loss 0.8767  lr 9.68e-04
    step 1600/4364 (global micro  1600/13092, update  1600/13092)  loss 0.7365  lr 9.67e-04
    step 1625/4364 (global micro  1625/13092, update  1625/13092)  loss 0.6217  lr 9.66e-04
    step 1650/4364 (global micro  1650/13092, update  1650/13092)  loss 0.8230  lr 9.65e-04
    step 1675/4364 (global micro  1675/13092, update  1675/13092)  loss 0.7812  lr 9.64e-04
    step 1700/4364 (global micro  1700/13092, update  1700/13092)  loss 0.8134  lr 9.63e-04
    step 1725/4364 (global micro  1725/13092, update  1725/13092)  loss 0.6212  lr 9.62e-04
    step 1750/4364 (global micro  1750/13092, update  1750/13092)  loss 0.9875  lr 9.61e-04
    step 1775/4364 (global micro  1775/13092, update  1775/13092)  loss 0.7658  lr 9.60e-04
    step 1800/4364 (global micro  1800/13092, update  1800/13092)  loss 0.9612  lr 9.59e-04
    step 1825/4364 (global micro  1825/13092, update  1825/13092)  loss 0.8254  lr 9.58e-04
    step 1850/4364 (global micro  1850/13092, update  1850/13092)  loss 0.6947  lr 9.56e-04
    step 1875/4364 (global micro  1875/13092, update  1875/13092)  loss 0.8595  lr 9.55e-04
    step 1900/4364 (global micro  1900/13092, update  1900/13092)  loss 0.6292  lr 9.54e-04
    step 1925/4364 (global micro  1925/13092, update  1925/13092)  loss 0.5960  lr 9.53e-04
    step 1950/4364 (global micro  1950/13092, update  1950/13092)  loss 0.9329  lr 9.52e-04
    step 1975/4364 (global micro  1975/13092, update  1975/13092)  loss 0.8808  lr 9.50e-04
    step 2000/4364 (global micro  2000/13092, update  2000/13092)  loss 0.7716  lr 9.49e-04
    step 2025/4364 (global micro  2025/13092, update  2025/13092)  loss 0.7506  lr 9.48e-04
    step 2050/4364 (global micro  2050/13092, update  2050/13092)  loss 0.7754  lr 9.47e-04
    step 2075/4364 (global micro  2075/13092, update  2075/13092)  loss 0.6255  lr 9.45e-04
    step 2100/4364 (global micro  2100/13092, update  2100/13092)  loss 0.6257  lr 9.44e-04
    step 2125/4364 (global micro  2125/13092, update  2125/13092)  loss 0.6771  lr 9.43e-04
    step 2150/4364 (global micro  2150/13092, update  2150/13092)  loss 0.9203  lr 9.41e-04
    step 2175/4364 (global micro  2175/13092, update  2175/13092)  loss 0.8327  lr 9.40e-04
    step 2200/4364 (global micro  2200/13092, update  2200/13092)  loss 0.6855  lr 9.39e-04
    step 2225/4364 (global micro  2225/13092, update  2225/13092)  loss 0.6611  lr 9.37e-04
    step 2250/4364 (global micro  2250/13092, update  2250/13092)  loss 0.6386  lr 9.36e-04
    step 2275/4364 (global micro  2275/13092, update  2275/13092)  loss 0.6827  lr 9.35e-04
    step 2300/4364 (global micro  2300/13092, update  2300/13092)  loss 0.7378  lr 9.33e-04
    step 2325/4364 (global micro  2325/13092, update  2325/13092)  loss 0.7371  lr 9.32e-04
    step 2350/4364 (global micro  2350/13092, update  2350/13092)  loss 0.6583  lr 9.30e-04
    step 2375/4364 (global micro  2375/13092, update  2375/13092)  loss 0.8499  lr 9.29e-04
    step 2400/4364 (global micro  2400/13092, update  2400/13092)  loss 0.8001  lr 9.27e-04
    step 2425/4364 (global micro  2425/13092, update  2425/13092)  loss 0.6363  lr 9.26e-04
    step 2450/4364 (global micro  2450/13092, update  2450/13092)  loss 0.7246  lr 9.24e-04
    step 2475/4364 (global micro  2475/13092, update  2475/13092)  loss 0.6090  lr 9.23e-04
    step 2500/4364 (global micro  2500/13092, update  2500/13092)  loss 0.6934  lr 9.21e-04
    step 2525/4364 (global micro  2525/13092, update  2525/13092)  loss 0.7187  lr 9.20e-04
    step 2550/4364 (global micro  2550/13092, update  2550/13092)  loss 0.9438  lr 9.18e-04
    step 2575/4364 (global micro  2575/13092, update  2575/13092)  loss 0.5837  lr 9.17e-04
    step 2600/4364 (global micro  2600/13092, update  2600/13092)  loss 0.6453  lr 9.15e-04
    step 2625/4364 (global micro  2625/13092, update  2625/13092)  loss 0.7656  lr 9.14e-04
    step 2650/4364 (global micro  2650/13092, update  2650/13092)  loss 0.7245  lr 9.12e-04
    step 2675/4364 (global micro  2675/13092, update  2675/13092)  loss 0.6692  lr 9.10e-04
    step 2700/4364 (global micro  2700/13092, update  2700/13092)  loss 0.7436  lr 9.09e-04
    step 2725/4364 (global micro  2725/13092, update  2725/13092)  loss 0.6408  lr 9.07e-04
    step 2750/4364 (global micro  2750/13092, update  2750/13092)  loss 0.6436  lr 9.06e-04
    step 2775/4364 (global micro  2775/13092, update  2775/13092)  loss 0.8289  lr 9.04e-04
    step 2800/4364 (global micro  2800/13092, update  2800/13092)  loss 0.7154  lr 9.02e-04
    step 2825/4364 (global micro  2825/13092, update  2825/13092)  loss 0.6171  lr 9.01e-04
    step 2850/4364 (global micro  2850/13092, update  2850/13092)  loss 0.8693  lr 8.99e-04
    step 2875/4364 (global micro  2875/13092, update  2875/13092)  loss 0.7782  lr 8.97e-04
    step 2900/4364 (global micro  2900/13092, update  2900/13092)  loss 0.6557  lr 8.95e-04
    step 2925/4364 (global micro  2925/13092, update  2925/13092)  loss 0.6031  lr 8.94e-04
    step 2950/4364 (global micro  2950/13092, update  2950/13092)  loss 0.8178  lr 8.92e-04
    step 2975/4364 (global micro  2975/13092, update  2975/13092)  loss 0.6579  lr 8.90e-04
    step 3000/4364 (global micro  3000/13092, update  3000/13092)  loss 0.6347  lr 8.88e-04
    step 3025/4364 (global micro  3025/13092, update  3025/13092)  loss 0.5713  lr 8.87e-04
    step 3050/4364 (global micro  3050/13092, update  3050/13092)  loss 0.6640  lr 8.85e-04
    step 3075/4364 (global micro  3075/13092, update  3075/13092)  loss 0.6155  lr 8.83e-04
    step 3100/4364 (global micro  3100/13092, update  3100/13092)  loss 0.6352  lr 8.81e-04
    step 3125/4364 (global micro  3125/13092, update  3125/13092)  loss 0.5717  lr 8.79e-04
    step 3150/4364 (global micro  3150/13092, update  3150/13092)  loss 0.7655  lr 8.77e-04
    step 3175/4364 (global micro  3175/13092, update  3175/13092)  loss 0.6810  lr 8.76e-04
    step 3200/4364 (global micro  3200/13092, update  3200/13092)  loss 0.6640  lr 8.74e-04
    step 3225/4364 (global micro  3225/13092, update  3225/13092)  loss 0.6630  lr 8.72e-04
    step 3250/4364 (global micro  3250/13092, update  3250/13092)  loss 0.5741  lr 8.70e-04
    step 3275/4364 (global micro  3275/13092, update  3275/13092)  loss 0.6765  lr 8.68e-04
    step 3300/4364 (global micro  3300/13092, update  3300/13092)  loss 0.6147  lr 8.66e-04
    step 3325/4364 (global micro  3325/13092, update  3325/13092)  loss 0.7942  lr 8.64e-04
    step 3350/4364 (global micro  3350/13092, update  3350/13092)  loss 0.7901  lr 8.62e-04
    step 3375/4364 (global micro  3375/13092, update  3375/13092)  loss 0.7402  lr 8.60e-04
    step 3400/4364 (global micro  3400/13092, update  3400/13092)  loss 0.6549  lr 8.58e-04
    step 3425/4364 (global micro  3425/13092, update  3425/13092)  loss 0.7424  lr 8.56e-04
    step 3450/4364 (global micro  3450/13092, update  3450/13092)  loss 0.7199  lr 8.54e-04
    step 3475/4364 (global micro  3475/13092, update  3475/13092)  loss 0.7245  lr 8.52e-04
    step 3500/4364 (global micro  3500/13092, update  3500/13092)  loss 0.7398  lr 8.50e-04
    step 3525/4364 (global micro  3525/13092, update  3525/13092)  loss 0.6101  lr 8.48e-04
    step 3550/4364 (global micro  3550/13092, update  3550/13092)  loss 0.5494  lr 8.46e-04
    step 3575/4364 (global micro  3575/13092, update  3575/13092)  loss 0.6454  lr 8.44e-04
    step 3600/4364 (global micro  3600/13092, update  3600/13092)  loss 0.4627  lr 8.42e-04
    step 3625/4364 (global micro  3625/13092, update  3625/13092)  loss 0.6817  lr 8.40e-04
    step 3650/4364 (global micro  3650/13092, update  3650/13092)  loss 0.5701  lr 8.38e-04
    step 3675/4364 (global micro  3675/13092, update  3675/13092)  loss 0.5647  lr 8.36e-04
    step 3700/4364 (global micro  3700/13092, update  3700/13092)  loss 0.6880  lr 8.34e-04
    step 3725/4364 (global micro  3725/13092, update  3725/13092)  loss 0.5555  lr 8.32e-04
    step 3750/4364 (global micro  3750/13092, update  3750/13092)  loss 0.8585  lr 8.30e-04
    step 3775/4364 (global micro  3775/13092, update  3775/13092)  loss 0.6746  lr 8.28e-04
    step 3800/4364 (global micro  3800/13092, update  3800/13092)  loss 0.7583  lr 8.26e-04
    step 3825/4364 (global micro  3825/13092, update  3825/13092)  loss 0.6180  lr 8.23e-04
    step 3850/4364 (global micro  3850/13092, update  3850/13092)  loss 0.7745  lr 8.21e-04
    step 3875/4364 (global micro  3875/13092, update  3875/13092)  loss 0.5923  lr 8.19e-04
    step 3900/4364 (global micro  3900/13092, update  3900/13092)  loss 0.6076  lr 8.17e-04
    step 3925/4364 (global micro  3925/13092, update  3925/13092)  loss 0.7171  lr 8.15e-04
    step 3950/4364 (global micro  3950/13092, update  3950/13092)  loss 0.7734  lr 8.13e-04
    step 3975/4364 (global micro  3975/13092, update  3975/13092)  loss 0.5637  lr 8.10e-04
    step 4000/4364 (global micro  4000/13092, update  4000/13092)  loss 0.6672  lr 8.08e-04
    step 4025/4364 (global micro  4025/13092, update  4025/13092)  loss 0.8641  lr 8.06e-04
    step 4050/4364 (global micro  4050/13092, update  4050/13092)  loss 0.8543  lr 8.04e-04
    step 4075/4364 (global micro  4075/13092, update  4075/13092)  loss 0.8558  lr 8.01e-04
    step 4100/4364 (global micro  4100/13092, update  4100/13092)  loss 0.6279  lr 7.99e-04
    step 4125/4364 (global micro  4125/13092, update  4125/13092)  loss 0.6799  lr 7.97e-04
    step 4150/4364 (global micro  4150/13092, update  4150/13092)  loss 0.6811  lr 7.95e-04
    step 4175/4364 (global micro  4175/13092, update  4175/13092)  loss 0.6379  lr 7.92e-04
    step 4200/4364 (global micro  4200/13092, update  4200/13092)  loss 0.6313  lr 7.90e-04
    step 4225/4364 (global micro  4225/13092, update  4225/13092)  loss 0.6233  lr 7.88e-04
    step 4250/4364 (global micro  4250/13092, update  4250/13092)  loss 0.5495  lr 7.86e-04
    step 4275/4364 (global micro  4275/13092, update  4275/13092)  loss 0.6691  lr 7.83e-04
    step 4300/4364 (global micro  4300/13092, update  4300/13092)  loss 0.7134  lr 7.81e-04
    step 4325/4364 (global micro  4325/13092, update  4325/13092)  loss 0.6588  lr 7.79e-04
    step 4350/4364 (global micro  4350/13092, update  4350/13092)  loss 0.7711  lr 7.76e-04
    step 4364/4364 (global micro  4364/13092, update  4364/13092)  loss 0.6189  lr 7.75e-04
  epoch   1/3  loss 0.7395  lr 7.75e-04  (856.4s)
  Epoch checkpoint: /home/aomukai/Ninereeds/core/c13_Phase_B_bridged_retry3_e1.pt
    step    1/4364 (global micro  4365/13092, update  4365/13092)  loss 0.6877  lr 7.75e-04
    step   25/4364 (global micro  4389/13092, update  4389/13092)  loss 0.7816  lr 7.73e-04
    step   50/4364 (global micro  4414/13092, update  4414/13092)  loss 0.7500  lr 7.70e-04
    step   75/4364 (global micro  4439/13092, update  4439/13092)  loss 0.6127  lr 7.68e-04
    step  100/4364 (global micro  4464/13092, update  4464/13092)  loss 0.7154  lr 7.66e-04
    step  125/4364 (global micro  4489/13092, update  4489/13092)  loss 0.6094  lr 7.63e-04
    step  150/4364 (global micro  4514/13092, update  4514/13092)  loss 0.7795  lr 7.61e-04
    step  175/4364 (global micro  4539/13092, update  4539/13092)  loss 0.6210  lr 7.58e-04
    step  200/4364 (global micro  4564/13092, update  4564/13092)  loss 0.6224  lr 7.56e-04
    step  225/4364 (global micro  4589/13092, update  4589/13092)  loss 0.5980  lr 7.54e-04
    step  250/4364 (global micro  4614/13092, update  4614/13092)  loss 0.5833  lr 7.51e-04
    step  275/4364 (global micro  4639/13092, update  4639/13092)  loss 0.6804  lr 7.49e-04
    step  300/4364 (global micro  4664/13092, update  4664/13092)  loss 0.5071  lr 7.46e-04
    step  325/4364 (global micro  4689/13092, update  4689/13092)  loss 0.6208  lr 7.44e-04
    step  350/4364 (global micro  4714/13092, update  4714/13092)  loss 0.6230  lr 7.42e-04
    step  375/4364 (global micro  4739/13092, update  4739/13092)  loss 0.7808  lr 7.39e-04
    step  400/4364 (global micro  4764/13092, update  4764/13092)  loss 0.6983  lr 7.37e-04
    step  425/4364 (global micro  4789/13092, update  4789/13092)  loss 0.6067  lr 7.34e-04
    step  450/4364 (global micro  4814/13092, update  4814/13092)  loss 0.5947  lr 7.32e-04
    step  475/4364 (global micro  4839/13092, update  4839/13092)  loss 0.6415  lr 7.29e-04
    step  500/4364 (global micro  4864/13092, update  4864/13092)  loss 0.5705  lr 7.27e-04
    step  525/4364 (global micro  4889/13092, update  4889/13092)  loss 0.6085  lr 7.24e-04
    step  550/4364 (global micro  4914/13092, update  4914/13092)  loss 0.4803  lr 7.22e-04
    step  575/4364 (global micro  4939/13092, update  4939/13092)  loss 0.7005  lr 7.19e-04
    step  600/4364 (global micro  4964/13092, update  4964/13092)  loss 0.6306  lr 7.17e-04
    step  625/4364 (global micro  4989/13092, update  4989/13092)  loss 0.6934  lr 7.14e-04
    step  650/4364 (global micro  5014/13092, update  5014/13092)  loss 0.6570  lr 7.12e-04
    step  675/4364 (global micro  5039/13092, update  5039/13092)  loss 0.6935  lr 7.09e-04
    step  700/4364 (global micro  5064/13092, update  5064/13092)  loss 0.7108  lr 7.07e-04
    step  725/4364 (global micro  5089/13092, update  5089/13092)  loss 0.7352  lr 7.04e-04
    step  750/4364 (global micro  5114/13092, update  5114/13092)  loss 0.6050  lr 7.02e-04
    step  775/4364 (global micro  5139/13092, update  5139/13092)  loss 0.6699  lr 6.99e-04
    step  800/4364 (global micro  5164/13092, update  5164/13092)  loss 0.6046  lr 6.97e-04
    step  825/4364 (global micro  5189/13092, update  5189/13092)  loss 0.6926  lr 6.94e-04
    step  850/4364 (global micro  5214/13092, update  5214/13092)  loss 0.6347  lr 6.91e-04
    step  875/4364 (global micro  5239/13092, update  5239/13092)  loss 0.7468  lr 6.89e-04
    step  900/4364 (global micro  5264/13092, update  5264/13092)  loss 0.8004  lr 6.86e-04
    step  925/4364 (global micro  5289/13092, update  5289/13092)  loss 0.5248  lr 6.84e-04
    step  950/4364 (global micro  5314/13092, update  5314/13092)  loss 0.6277  lr 6.81e-04
    step  975/4364 (global micro  5339/13092, update  5339/13092)  loss 0.6116  lr 6.79e-04
    step 1000/4364 (global micro  5364/13092, update  5364/13092)  loss 0.5921  lr 6.76e-04
    step 1025/4364 (global micro  5389/13092, update  5389/13092)  loss 0.6873  lr 6.73e-04
    step 1050/4364 (global micro  5414/13092, update  5414/13092)  loss 0.8621  lr 6.71e-04
    step 1075/4364 (global micro  5439/13092, update  5439/13092)  loss 0.6279  lr 6.68e-04
    step 1100/4364 (global micro  5464/13092, update  5464/13092)  loss 0.7770  lr 6.66e-04
    step 1125/4364 (global micro  5489/13092, update  5489/13092)  loss 0.8558  lr 6.63e-04
    step 1150/4364 (global micro  5514/13092, update  5514/13092)  loss 0.6099  lr 6.60e-04
    step 1175/4364 (global micro  5539/13092, update  5539/13092)  loss 0.6259  lr 6.58e-04
    step 1200/4364 (global micro  5564/13092, update  5564/13092)  loss 0.5866  lr 6.55e-04
    step 1225/4364 (global micro  5589/13092, update  5589/13092)  loss 0.5721  lr 6.52e-04
    step 1250/4364 (global micro  5614/13092, update  5614/13092)  loss 0.6459  lr 6.50e-04
    step 1275/4364 (global micro  5639/13092, update  5639/13092)  loss 0.7348  lr 6.47e-04
    step 1300/4364 (global micro  5664/13092, update  5664/13092)  loss 0.5751  lr 6.45e-04
    step 1325/4364 (global micro  5689/13092, update  5689/13092)  loss 0.6965  lr 6.42e-04
    step 1350/4364 (global micro  5714/13092, update  5714/13092)  loss 0.7244  lr 6.39e-04
    step 1375/4364 (global micro  5739/13092, update  5739/13092)  loss 0.4666  lr 6.37e-04
    step 1400/4364 (global micro  5764/13092, update  5764/13092)  loss 0.6289  lr 6.34e-04
    step 1425/4364 (global micro  5789/13092, update  5789/13092)  loss 0.6030  lr 6.31e-04
    step 1450/4364 (global micro  5814/13092, update  5814/13092)  loss 0.7435  lr 6.29e-04
    step 1475/4364 (global micro  5839/13092, update  5839/13092)  loss 0.7142  lr 6.26e-04
    step 1500/4364 (global micro  5864/13092, update  5864/13092)  loss 0.5816  lr 6.23e-04
    step 1525/4364 (global micro  5889/13092, update  5889/13092)  loss 0.6900  lr 6.21e-04
    step 1550/4364 (global micro  5914/13092, update  5914/13092)  loss 0.8319  lr 6.18e-04
    step 1575/4364 (global micro  5939/13092, update  5939/13092)  loss 0.6082  lr 6.15e-04
    step 1600/4364 (global micro  5964/13092, update  5964/13092)  loss 0.5211  lr 6.13e-04
    step 1625/4364 (global micro  5989/13092, update  5989/13092)  loss 0.5587  lr 6.10e-04
    step 1650/4364 (global micro  6014/13092, update  6014/13092)  loss 0.5575  lr 6.07e-04
    step 1675/4364 (global micro  6039/13092, update  6039/13092)  loss 0.5766  lr 6.05e-04
    step 1700/4364 (global micro  6064/13092, update  6064/13092)  loss 0.5345  lr 6.02e-04
    step 1725/4364 (global micro  6089/13092, update  6089/13092)  loss 0.7393  lr 5.99e-04
    step 1750/4364 (global micro  6114/13092, update  6114/13092)  loss 0.7611  lr 5.97e-04
    step 1775/4364 (global micro  6139/13092, update  6139/13092)  loss 0.6254  lr 5.94e-04
    step 1800/4364 (global micro  6164/13092, update  6164/13092)  loss 0.7460  lr 5.91e-04
    step 1825/4364 (global micro  6189/13092, update  6189/13092)  loss 0.7595  lr 5.89e-04
    step 1850/4364 (global micro  6214/13092, update  6214/13092)  loss 0.7071  lr 5.86e-04
    step 1875/4364 (global micro  6239/13092, update  6239/13092)  loss 0.5656  lr 5.83e-04
    step 1900/4364 (global micro  6264/13092, update  6264/13092)  loss 0.4539  lr 5.80e-04
    step 1925/4364 (global micro  6289/13092, update  6289/13092)  loss 0.5923  lr 5.78e-04
    step 1950/4364 (global micro  6314/13092, update  6314/13092)  loss 0.6100  lr 5.75e-04
    step 1975/4364 (global micro  6339/13092, update  6339/13092)  loss 0.5834  lr 5.72e-04
    step 2000/4364 (global micro  6364/13092, update  6364/13092)  loss 0.6271  lr 5.70e-04
    step 2025/4364 (global micro  6389/13092, update  6389/13092)  loss 0.5977  lr 5.67e-04
    step 2050/4364 (global micro  6414/13092, update  6414/13092)  loss 0.5548  lr 5.64e-04
    step 2075/4364 (global micro  6439/13092, update  6439/13092)  loss 0.5155  lr 5.62e-04
    step 2100/4364 (global micro  6464/13092, update  6464/13092)  loss 0.5648  lr 5.59e-04
    step 2125/4364 (global micro  6489/13092, update  6489/13092)  loss 0.5305  lr 5.56e-04
    step 2150/4364 (global micro  6514/13092, update  6514/13092)  loss 0.7582  lr 5.53e-04
    step 2175/4364 (global micro  6539/13092, update  6539/13092)  loss 0.5734  lr 5.51e-04
    step 2200/4364 (global micro  6564/13092, update  6564/13092)  loss 0.6936  lr 5.48e-04
    step 2225/4364 (global micro  6589/13092, update  6589/13092)  loss 0.6474  lr 5.45e-04
    step 2250/4364 (global micro  6614/13092, update  6614/13092)  loss 0.5486  lr 5.43e-04
    step 2275/4364 (global micro  6639/13092, update  6639/13092)  loss 0.6066  lr 5.40e-04
    step 2300/4364 (global micro  6664/13092, update  6664/13092)  loss 0.6704  lr 5.37e-04
    step 2325/4364 (global micro  6689/13092, update  6689/13092)  loss 0.5938  lr 5.35e-04
    step 2350/4364 (global micro  6714/13092, update  6714/13092)  loss 0.5726  lr 5.32e-04
    step 2375/4364 (global micro  6739/13092, update  6739/13092)  loss 0.6977  lr 5.29e-04
    step 2400/4364 (global micro  6764/13092, update  6764/13092)  loss 0.6561  lr 5.26e-04
    step 2425/4364 (global micro  6789/13092, update  6789/13092)  loss 0.6940  lr 5.24e-04
    step 2450/4364 (global micro  6814/13092, update  6814/13092)  loss 0.6113  lr 5.21e-04
    step 2475/4364 (global micro  6839/13092, update  6839/13092)  loss 0.5991  lr 5.18e-04
    step 2500/4364 (global micro  6864/13092, update  6864/13092)  loss 0.6717  lr 5.16e-04
    step 2525/4364 (global micro  6889/13092, update  6889/13092)  loss 0.5536  lr 5.13e-04
    step 2550/4364 (global micro  6914/13092, update  6914/13092)  loss 0.6690  lr 5.10e-04
    step 2575/4364 (global micro  6939/13092, update  6939/13092)  loss 0.5543  lr 5.08e-04
    step 2600/4364 (global micro  6964/13092, update  6964/13092)  loss 0.7057  lr 5.05e-04
    step 2625/4364 (global micro  6989/13092, update  6989/13092)  loss 0.6174  lr 5.02e-04
    step 2650/4364 (global micro  7014/13092, update  7014/13092)  loss 0.8623  lr 5.00e-04
    step 2675/4364 (global micro  7039/13092, update  7039/13092)  loss 0.8402  lr 4.97e-04
    step 2700/4364 (global micro  7064/13092, update  7064/13092)  loss 0.6176  lr 4.94e-04
    step 2725/4364 (global micro  7089/13092, update  7089/13092)  loss 0.6345  lr 4.92e-04
    step 2750/4364 (global micro  7114/13092, update  7114/13092)  loss 0.7598  lr 4.89e-04
    step 2775/4364 (global micro  7139/13092, update  7139/13092)  loss 0.5719  lr 4.86e-04
    step 2800/4364 (global micro  7164/13092, update  7164/13092)  loss 0.5970  lr 4.84e-04
    step 2825/4364 (global micro  7189/13092, update  7189/13092)  loss 0.5990  lr 4.81e-04
    step 2850/4364 (global micro  7214/13092, update  7214/13092)  loss 0.6264  lr 4.78e-04
    step 2875/4364 (global micro  7239/13092, update  7239/13092)  loss 0.5368  lr 4.76e-04
    step 2900/4364 (global micro  7264/13092, update  7264/13092)  loss 0.4873  lr 4.73e-04
    step 2925/4364 (global micro  7289/13092, update  7289/13092)  loss 0.6688  lr 4.70e-04
    step 2950/4364 (global micro  7314/13092, update  7314/13092)  loss 0.5336  lr 4.68e-04
    step 2975/4364 (global micro  7339/13092, update  7339/13092)  loss 0.6307  lr 4.65e-04
    step 3000/4364 (global micro  7364/13092, update  7364/13092)  loss 0.6475  lr 4.62e-04
    step 3025/4364 (global micro  7389/13092, update  7389/13092)  loss 0.6787  lr 4.60e-04
    step 3050/4364 (global micro  7414/13092, update  7414/13092)  loss 0.5874  lr 4.57e-04
    step 3075/4364 (global micro  7439/13092, update  7439/13092)  loss 0.5173  lr 4.54e-04
    step 3100/4364 (global micro  7464/13092, update  7464/13092)  loss 0.5263  lr 4.52e-04
    step 3125/4364 (global micro  7489/13092, update  7489/13092)  loss 0.6278  lr 4.49e-04
    step 3150/4364 (global micro  7514/13092, update  7514/13092)  loss 0.6124  lr 4.46e-04
    step 3175/4364 (global micro  7539/13092, update  7539/13092)  loss 0.6113  lr 4.44e-04
    step 3200/4364 (global micro  7564/13092, update  7564/13092)  loss 0.5948  lr 4.41e-04
    step 3225/4364 (global micro  7589/13092, update  7589/13092)  loss 0.7092  lr 4.39e-04
    step 3250/4364 (global micro  7614/13092, update  7614/13092)  loss 0.5849  lr 4.36e-04
    step 3275/4364 (global micro  7639/13092, update  7639/13092)  loss 0.6841  lr 4.33e-04
    step 3300/4364 (global micro  7664/13092, update  7664/13092)  loss 0.6189  lr 4.31e-04
    step 3325/4364 (global micro  7689/13092, update  7689/13092)  loss 0.5942  lr 4.28e-04
    step 3350/4364 (global micro  7714/13092, update  7714/13092)  loss 0.6015  lr 4.26e-04
    step 3375/4364 (global micro  7739/13092, update  7739/13092)  loss 0.4588  lr 4.23e-04
    step 3400/4364 (global micro  7764/13092, update  7764/13092)  loss 0.5533  lr 4.20e-04
    step 3425/4364 (global micro  7789/13092, update  7789/13092)  loss 0.5891  lr 4.18e-04
    step 3450/4364 (global micro  7814/13092, update  7814/13092)  loss 0.5608  lr 4.15e-04
    step 3475/4364 (global micro  7839/13092, update  7839/13092)  loss 0.6349  lr 4.13e-04
    step 3500/4364 (global micro  7864/13092, update  7864/13092)  loss 0.5845  lr 4.10e-04
    step 3525/4364 (global micro  7889/13092, update  7889/13092)  loss 0.5137  lr 4.07e-04
    step 3550/4364 (global micro  7914/13092, update  7914/13092)  loss 0.4229  lr 4.05e-04
    step 3575/4364 (global micro  7939/13092, update  7939/13092)  loss 0.5483  lr 4.02e-04
    step 3600/4364 (global micro  7964/13092, update  7964/13092)  loss 0.5368  lr 4.00e-04
    step 3625/4364 (global micro  7989/13092, update  7989/13092)  loss 0.4631  lr 3.97e-04
    step 3650/4364 (global micro  8014/13092, update  8014/13092)  loss 0.5781  lr 3.95e-04
    step 3675/4364 (global micro  8039/13092, update  8039/13092)  loss 0.5561  lr 3.92e-04
    step 3700/4364 (global micro  8064/13092, update  8064/13092)  loss 0.5163  lr 3.90e-04
    step 3725/4364 (global micro  8089/13092, update  8089/13092)  loss 0.6055  lr 3.87e-04
    step 3750/4364 (global micro  8114/13092, update  8114/13092)  loss 0.5606  lr 3.85e-04
    step 3775/4364 (global micro  8139/13092, update  8139/13092)  loss 0.6414  lr 3.82e-04
    step 3800/4364 (global micro  8164/13092, update  8164/13092)  loss 0.6226  lr 3.80e-04
    step 3825/4364 (global micro  8189/13092, update  8189/13092)  loss 0.6645  lr 3.77e-04
    step 3850/4364 (global micro  8214/13092, update  8214/13092)  loss 0.6606  lr 3.75e-04
    step 3875/4364 (global micro  8239/13092, update  8239/13092)  loss 0.5768  lr 3.72e-04
    step 3900/4364 (global micro  8264/13092, update  8264/13092)  loss 0.6487  lr 3.70e-04
    step 3925/4364 (global micro  8289/13092, update  8289/13092)  loss 0.6279  lr 3.67e-04
    step 3950/4364 (global micro  8314/13092, update  8314/13092)  loss 0.7738  lr 3.65e-04
    step 3975/4364 (global micro  8339/13092, update  8339/13092)  loss 0.6079  lr 3.62e-04
    step 4000/4364 (global micro  8364/13092, update  8364/13092)  loss 0.6671  lr 3.60e-04
    step 4025/4364 (global micro  8389/13092, update  8389/13092)  loss 0.5988  lr 3.57e-04
    step 4050/4364 (global micro  8414/13092, update  8414/13092)  loss 0.5844  lr 3.55e-04
    step 4075/4364 (global micro  8439/13092, update  8439/13092)  loss 0.5437  lr 3.53e-04
    step 4100/4364 (global micro  8464/13092, update  8464/13092)  loss 0.5352  lr 3.50e-04
    step 4125/4364 (global micro  8489/13092, update  8489/13092)  loss 0.4498  lr 3.48e-04
    step 4150/4364 (global micro  8514/13092, update  8514/13092)  loss 0.4808  lr 3.45e-04
    step 4175/4364 (global micro  8539/13092, update  8539/13092)  loss 0.5097  lr 3.43e-04
    step 4200/4364 (global micro  8564/13092, update  8564/13092)  loss 0.5679  lr 3.41e-04
    step 4225/4364 (global micro  8589/13092, update  8589/13092)  loss 0.5601  lr 3.38e-04
    step 4250/4364 (global micro  8614/13092, update  8614/13092)  loss 0.6141  lr 3.36e-04
    step 4275/4364 (global micro  8639/13092, update  8639/13092)  loss 0.6412  lr 3.33e-04
    step 4300/4364 (global micro  8664/13092, update  8664/13092)  loss 0.5046  lr 3.31e-04
    step 4325/4364 (global micro  8689/13092, update  8689/13092)  loss 0.5500  lr 3.29e-04
    step 4350/4364 (global micro  8714/13092, update  8714/13092)  loss 0.5943  lr 3.26e-04
    step 4364/4364 (global micro  8728/13092, update  8728/13092)  loss 0.5868  lr 3.25e-04
  epoch   2/3  loss 0.6257  lr 3.25e-04  (857.0s)
  Epoch checkpoint: /home/aomukai/Ninereeds/core/c13_Phase_B_bridged_retry3_e2.pt
    step    1/4364 (global micro  8729/13092, update  8729/13092)  loss 0.3406  lr 3.25e-04
    step   25/4364 (global micro  8753/13092, update  8753/13092)  loss 0.4227  lr 3.23e-04
    step   50/4364 (global micro  8778/13092, update  8778/13092)  loss 0.6364  lr 3.20e-04
    step   75/4364 (global micro  8803/13092, update  8803/13092)  loss 0.6279  lr 3.18e-04
    step  100/4364 (global micro  8828/13092, update  8828/13092)  loss 0.5153  lr 3.16e-04
    step  125/4364 (global micro  8853/13092, update  8853/13092)  loss 0.4574  lr 3.13e-04
    step  150/4364 (global micro  8878/13092, update  8878/13092)  loss 0.5471  lr 3.11e-04
    step  175/4364 (global micro  8903/13092, update  8903/13092)  loss 0.5053  lr 3.09e-04
    step  200/4364 (global micro  8928/13092, update  8928/13092)  loss 0.4451  lr 3.07e-04
    step  225/4364 (global micro  8953/13092, update  8953/13092)  loss 0.5779  lr 3.04e-04
    step  250/4364 (global micro  8978/13092, update  8978/13092)  loss 0.5304  lr 3.02e-04
    step  275/4364 (global micro  9003/13092, update  9003/13092)  loss 0.4193  lr 3.00e-04
    step  300/4364 (global micro  9028/13092, update  9028/13092)  loss 0.4564  lr 2.98e-04
    step  325/4364 (global micro  9053/13092, update  9053/13092)  loss 0.6530  lr 2.95e-04
    step  350/4364 (global micro  9078/13092, update  9078/13092)  loss 0.6162  lr 2.93e-04
    step  375/4364 (global micro  9103/13092, update  9103/13092)  loss 0.5824  lr 2.91e-04
    step  400/4364 (global micro  9128/13092, update  9128/13092)  loss 0.4578  lr 2.89e-04
    step  425/4364 (global micro  9153/13092, update  9153/13092)  loss 0.6434  lr 2.86e-04
    step  450/4364 (global micro  9178/13092, update  9178/13092)  loss 0.3623  lr 2.84e-04
    step  475/4364 (global micro  9203/13092, update  9203/13092)  loss 0.6019  lr 2.82e-04
    step  500/4364 (global micro  9228/13092, update  9228/13092)  loss 0.5330  lr 2.80e-04
    step  525/4364 (global micro  9253/13092, update  9253/13092)  loss 0.4757  lr 2.78e-04
    step  550/4364 (global micro  9278/13092, update  9278/13092)  loss 0.5471  lr 2.76e-04
    step  575/4364 (global micro  9303/13092, update  9303/13092)  loss 0.4196  lr 2.74e-04
    step  600/4364 (global micro  9328/13092, update  9328/13092)  loss 0.5628  lr 2.71e-04
    step  625/4364 (global micro  9353/13092, update  9353/13092)  loss 0.5831  lr 2.69e-04
    step  650/4364 (global micro  9378/13092, update  9378/13092)  loss 0.4780  lr 2.67e-04
    step  675/4364 (global micro  9403/13092, update  9403/13092)  loss 0.5318  lr 2.65e-04
    step  700/4364 (global micro  9428/13092, update  9428/13092)  loss 0.4226  lr 2.63e-04
    step  725/4364 (global micro  9453/13092, update  9453/13092)  loss 0.4662  lr 2.61e-04
    step  750/4364 (global micro  9478/13092, update  9478/13092)  loss 0.5997  lr 2.59e-04
    step  775/4364 (global micro  9503/13092, update  9503/13092)  loss 0.4759  lr 2.57e-04
    step  800/4364 (global micro  9528/13092, update  9528/13092)  loss 0.4725  lr 2.55e-04
    step  825/4364 (global micro  9553/13092, update  9553/13092)  loss 0.4682  lr 2.53e-04
    step  850/4364 (global micro  9578/13092, update  9578/13092)  loss 0.5644  lr 2.51e-04
    step  875/4364 (global micro  9603/13092, update  9603/13092)  loss 0.4116  lr 2.49e-04
    step  900/4364 (global micro  9628/13092, update  9628/13092)  loss 0.5051  lr 2.47e-04
    step  925/4364 (global micro  9653/13092, update  9653/13092)  loss 0.6086  lr 2.45e-04
    step  950/4364 (global micro  9678/13092, update  9678/13092)  loss 0.4112  lr 2.43e-04
    step  975/4364 (global micro  9703/13092, update  9703/13092)  loss 0.5076  lr 2.41e-04
    step 1000/4364 (global micro  9728/13092, update  9728/13092)  loss 0.5320  lr 2.39e-04
    step 1025/4364 (global micro  9753/13092, update  9753/13092)  loss 0.5705  lr 2.37e-04
    step 1050/4364 (global micro  9778/13092, update  9778/13092)  loss 0.4186  lr 2.35e-04
    step 1075/4364 (global micro  9803/13092, update  9803/13092)  loss 0.5823  lr 2.33e-04
    step 1100/4364 (global micro  9828/13092, update  9828/13092)  loss 0.4258  lr 2.31e-04
    step 1125/4364 (global micro  9853/13092, update  9853/13092)  loss 0.6425  lr 2.29e-04
    step 1150/4364 (global micro  9878/13092, update  9878/13092)  loss 0.6542  lr 2.27e-04
    step 1175/4364 (global micro  9903/13092, update  9903/13092)  loss 0.4690  lr 2.25e-04
    step 1200/4364 (global micro  9928/13092, update  9928/13092)  loss 0.5202  lr 2.24e-04
    step 1225/4364 (global micro  9953/13092, update  9953/13092)  loss 0.6455  lr 2.22e-04
    step 1250/4364 (global micro  9978/13092, update  9978/13092)  loss 0.4582  lr 2.20e-04
    step 1275/4364 (global micro 10003/13092, update 10003/13092)  loss 0.4180  lr 2.18e-04
    step 1300/4364 (global micro 10028/13092, update 10028/13092)  loss 0.4851  lr 2.16e-04
    step 1325/4364 (global micro 10053/13092, update 10053/13092)  loss 0.5950  lr 2.14e-04
    step 1350/4364 (global micro 10078/13092, update 10078/13092)  loss 0.5461  lr 2.13e-04
    step 1375/4364 (global micro 10103/13092, update 10103/13092)  loss 0.4466  lr 2.11e-04
    step 1400/4364 (global micro 10128/13092, update 10128/13092)  loss 0.5528  lr 2.09e-04
    step 1425/4364 (global micro 10153/13092, update 10153/13092)  loss 0.6783  lr 2.07e-04
    step 1450/4364 (global micro 10178/13092, update 10178/13092)  loss 0.5130  lr 2.06e-04
    step 1475/4364 (global micro 10203/13092, update 10203/13092)  loss 0.6281  lr 2.04e-04
    step 1500/4364 (global micro 10228/13092, update 10228/13092)  loss 0.4607  lr 2.02e-04
    step 1525/4364 (global micro 10253/13092, update 10253/13092)  loss 0.4841  lr 2.00e-04
    step 1550/4364 (global micro 10278/13092, update 10278/13092)  loss 0.4546  lr 1.99e-04
    step 1575/4364 (global micro 10303/13092, update 10303/13092)  loss 0.4880  lr 1.97e-04
    step 1600/4364 (global micro 10328/13092, update 10328/13092)  loss 0.4608  lr 1.95e-04
    step 1625/4364 (global micro 10353/13092, update 10353/13092)  loss 0.6598  lr 1.94e-04
    step 1650/4364 (global micro 10378/13092, update 10378/13092)  loss 0.5783  lr 1.92e-04
    step 1675/4364 (global micro 10403/13092, update 10403/13092)  loss 0.5560  lr 1.90e-04
    step 1700/4364 (global micro 10428/13092, update 10428/13092)  loss 0.4940  lr 1.89e-04
    step 1725/4364 (global micro 10453/13092, update 10453/13092)  loss 0.4764  lr 1.87e-04
    step 1750/4364 (global micro 10478/13092, update 10478/13092)  loss 0.5858  lr 1.86e-04
    step 1775/4364 (global micro 10503/13092, update 10503/13092)  loss 0.7665  lr 1.84e-04
    step 1800/4364 (global micro 10528/13092, update 10528/13092)  loss 0.5653  lr 1.83e-04
    step 1825/4364 (global micro 10553/13092, update 10553/13092)  loss 0.5100  lr 1.81e-04
    step 1850/4364 (global micro 10578/13092, update 10578/13092)  loss 0.6244  lr 1.79e-04
    step 1875/4364 (global micro 10603/13092, update 10603/13092)  loss 0.5306  lr 1.78e-04
    step 1900/4364 (global micro 10628/13092, update 10628/13092)  loss 0.4716  lr 1.76e-04
    step 1925/4364 (global micro 10653/13092, update 10653/13092)  loss 0.5275  lr 1.75e-04
    step 1950/4364 (global micro 10678/13092, update 10678/13092)  loss 0.5363  lr 1.73e-04
    step 1975/4364 (global micro 10703/13092, update 10703/13092)  loss 0.5189  lr 1.72e-04
    step 2000/4364 (global micro 10728/13092, update 10728/13092)  loss 0.4851  lr 1.70e-04
    step 2025/4364 (global micro 10753/13092, update 10753/13092)  loss 0.4389  lr 1.69e-04
    step 2050/4364 (global micro 10778/13092, update 10778/13092)  loss 0.4196  lr 1.68e-04
    step 2075/4364 (global micro 10803/13092, update 10803/13092)  loss 0.4783  lr 1.66e-04
    step 2100/4364 (global micro 10828/13092, update 10828/13092)  loss 0.4843  lr 1.65e-04
    step 2125/4364 (global micro 10853/13092, update 10853/13092)  loss 0.5261  lr 1.63e-04
    step 2150/4364 (global micro 10878/13092, update 10878/13092)  loss 0.4810  lr 1.62e-04
    step 2175/4364 (global micro 10903/13092, update 10903/13092)  loss 0.4838  lr 1.61e-04
    step 2200/4364 (global micro 10928/13092, update 10928/13092)  loss 0.5745  lr 1.59e-04
    step 2225/4364 (global micro 10953/13092, update 10953/13092)  loss 0.5689  lr 1.58e-04
    step 2250/4364 (global micro 10978/13092, update 10978/13092)  loss 0.4187  lr 1.57e-04
    step 2275/4364 (global micro 11003/13092, update 11003/13092)  loss 0.5217  lr 1.55e-04
    step 2300/4364 (global micro 11028/13092, update 11028/13092)  loss 0.5019  lr 1.54e-04
    step 2325/4364 (global micro 11053/13092, update 11053/13092)  loss 0.3998  lr 1.53e-04
    step 2350/4364 (global micro 11078/13092, update 11078/13092)  loss 0.4506  lr 1.52e-04
    step 2375/4364 (global micro 11103/13092, update 11103/13092)  loss 0.4972  lr 1.50e-04
    step 2400/4364 (global micro 11128/13092, update 11128/13092)  loss 0.4752  lr 1.49e-04
    step 2425/4364 (global micro 11153/13092, update 11153/13092)  loss 0.4219  lr 1.48e-04
    step 2450/4364 (global micro 11178/13092, update 11178/13092)  loss 0.5536  lr 1.47e-04
    step 2475/4364 (global micro 11203/13092, update 11203/13092)  loss 0.5909  lr 1.45e-04
    step 2500/4364 (global micro 11228/13092, update 11228/13092)  loss 0.5780  lr 1.44e-04
    step 2525/4364 (global micro 11253/13092, update 11253/13092)  loss 0.5031  lr 1.43e-04
    step 2550/4364 (global micro 11278/13092, update 11278/13092)  loss 0.5852  lr 1.42e-04
    step 2575/4364 (global micro 11303/13092, update 11303/13092)  loss 0.5434  lr 1.41e-04
    step 2600/4364 (global micro 11328/13092, update 11328/13092)  loss 0.5196  lr 1.40e-04
    step 2625/4364 (global micro 11353/13092, update 11353/13092)  loss 0.5341  lr 1.39e-04
    step 2650/4364 (global micro 11378/13092, update 11378/13092)  loss 0.4878  lr 1.38e-04
    step 2675/4364 (global micro 11403/13092, update 11403/13092)  loss 0.4876  lr 1.36e-04
    step 2700/4364 (global micro 11428/13092, update 11428/13092)  loss 0.5454  lr 1.35e-04
    step 2725/4364 (global micro 11453/13092, update 11453/13092)  loss 0.4738  lr 1.34e-04
    step 2750/4364 (global micro 11478/13092, update 11478/13092)  loss 0.4389  lr 1.33e-04
    step 2775/4364 (global micro 11503/13092, update 11503/13092)  loss 0.4839  lr 1.32e-04
    step 2800/4364 (global micro 11528/13092, update 11528/13092)  loss 0.5536  lr 1.31e-04
    step 2825/4364 (global micro 11553/13092, update 11553/13092)  loss 0.6411  lr 1.30e-04
    step 2850/4364 (global micro 11578/13092, update 11578/13092)  loss 0.4921  lr 1.29e-04
    step 2875/4364 (global micro 11603/13092, update 11603/13092)  loss 0.4904  lr 1.28e-04
    step 2900/4364 (global micro 11628/13092, update 11628/13092)  loss 0.4923  lr 1.27e-04
    step 2925/4364 (global micro 11653/13092, update 11653/13092)  loss 0.4701  lr 1.27e-04
    step 2950/4364 (global micro 11678/13092, update 11678/13092)  loss 0.4528  lr 1.26e-04
    step 2975/4364 (global micro 11703/13092, update 11703/13092)  loss 0.5675  lr 1.25e-04
    step 3000/4364 (global micro 11728/13092, update 11728/13092)  loss 0.4625  lr 1.24e-04
    step 3025/4364 (global micro 11753/13092, update 11753/13092)  loss 0.4250  lr 1.23e-04
    step 3050/4364 (global micro 11778/13092, update 11778/13092)  loss 0.4483  lr 1.22e-04
    step 3075/4364 (global micro 11803/13092, update 11803/13092)  loss 0.4852  lr 1.21e-04
    step 3100/4364 (global micro 11828/13092, update 11828/13092)  loss 0.4517  lr 1.21e-04
    step 3125/4364 (global micro 11853/13092, update 11853/13092)  loss 0.6620  lr 1.20e-04
    step 3150/4364 (global micro 11878/13092, update 11878/13092)  loss 0.4228  lr 1.19e-04
    step 3175/4364 (global micro 11903/13092, update 11903/13092)  loss 0.4422  lr 1.18e-04
    step 3200/4364 (global micro 11928/13092, update 11928/13092)  loss 0.4396  lr 1.17e-04
    step 3225/4364 (global micro 11953/13092, update 11953/13092)  loss 0.5044  lr 1.17e-04
    step 3250/4364 (global micro 11978/13092, update 11978/13092)  loss 0.4122  lr 1.16e-04
    step 3275/4364 (global micro 12003/13092, update 12003/13092)  loss 0.7195  lr 1.15e-04
    step 3300/4364 (global micro 12028/13092, update 12028/13092)  loss 0.4786  lr 1.15e-04
    step 3325/4364 (global micro 12053/13092, update 12053/13092)  loss 0.4860  lr 1.14e-04
    step 3350/4364 (global micro 12078/13092, update 12078/13092)  loss 0.4290  lr 1.13e-04
    step 3375/4364 (global micro 12103/13092, update 12103/13092)  loss 0.3570  lr 1.13e-04
    step 3400/4364 (global micro 12128/13092, update 12128/13092)  loss 0.4516  lr 1.12e-04
    step 3425/4364 (global micro 12153/13092, update 12153/13092)  loss 0.4217  lr 1.11e-04
    step 3450/4364 (global micro 12178/13092, update 12178/13092)  loss 0.4822  lr 1.11e-04
    step 3475/4364 (global micro 12203/13092, update 12203/13092)  loss 0.3362  lr 1.10e-04
    step 3500/4364 (global micro 12228/13092, update 12228/13092)  loss 0.5977  lr 1.10e-04
    step 3525/4364 (global micro 12253/13092, update 12253/13092)  loss 0.4354  lr 1.09e-04
    step 3550/4364 (global micro 12278/13092, update 12278/13092)  loss 0.4914  lr 1.09e-04
    step 3575/4364 (global micro 12303/13092, update 12303/13092)  loss 0.4697  lr 1.08e-04
    step 3600/4364 (global micro 12328/13092, update 12328/13092)  loss 0.6137  lr 1.08e-04
    step 3625/4364 (global micro 12353/13092, update 12353/13092)  loss 0.4541  lr 1.07e-04
    step 3650/4364 (global micro 12378/13092, update 12378/13092)  loss 0.4479  lr 1.07e-04
    step 3675/4364 (global micro 12403/13092, update 12403/13092)  loss 0.5157  lr 1.06e-04
    step 3700/4364 (global micro 12428/13092, update 12428/13092)  loss 0.5914  lr 1.06e-04
    step 3725/4364 (global micro 12453/13092, update 12453/13092)  loss 0.3237  lr 1.05e-04
    step 3750/4364 (global micro 12478/13092, update 12478/13092)  loss 0.5330  lr 1.05e-04
    step 3775/4364 (global micro 12503/13092, update 12503/13092)  loss 0.4404  lr 1.04e-04
    step 3800/4364 (global micro 12528/13092, update 12528/13092)  loss 0.5360  lr 1.04e-04
    step 3825/4364 (global micro 12553/13092, update 12553/13092)  loss 0.4024  lr 1.04e-04
    step 3850/4364 (global micro 12578/13092, update 12578/13092)  loss 0.4710  lr 1.03e-04
    step 3875/4364 (global micro 12603/13092, update 12603/13092)  loss 0.4473  lr 1.03e-04
    step 3900/4364 (global micro 12628/13092, update 12628/13092)  loss 0.4118  lr 1.03e-04
    step 3925/4364 (global micro 12653/13092, update 12653/13092)  loss 0.5671  lr 1.02e-04
    step 3950/4364 (global micro 12678/13092, update 12678/13092)  loss 0.5036  lr 1.02e-04
    step 3975/4364 (global micro 12703/13092, update 12703/13092)  loss 0.5352  lr 1.02e-04
    step 4000/4364 (global micro 12728/13092, update 12728/13092)  loss 0.5595  lr 1.02e-04
    step 4025/4364 (global micro 12753/13092, update 12753/13092)  loss 0.5735  lr 1.01e-04
    step 4050/4364 (global micro 12778/13092, update 12778/13092)  loss 0.6590  lr 1.01e-04
    step 4075/4364 (global micro 12803/13092, update 12803/13092)  loss 0.4891  lr 1.01e-04
    step 4100/4364 (global micro 12828/13092, update 12828/13092)  loss 0.5105  lr 1.01e-04
    step 4125/4364 (global micro 12853/13092, update 12853/13092)  loss 0.6636  lr 1.01e-04
    step 4150/4364 (global micro 12878/13092, update 12878/13092)  loss 0.4987  lr 1.01e-04
    step 4175/4364 (global micro 12903/13092, update 12903/13092)  loss 0.5064  lr 1.00e-04
    step 4200/4364 (global micro 12928/13092, update 12928/13092)  loss 0.6058  lr 1.00e-04
    step 4225/4364 (global micro 12953/13092, update 12953/13092)  loss 0.5124  lr 1.00e-04
    step 4250/4364 (global micro 12978/13092, update 12978/13092)  loss 0.5110  lr 1.00e-04
    step 4275/4364 (global micro 13003/13092, update 13003/13092)  loss 0.5534  lr 1.00e-04
    step 4300/4364 (global micro 13028/13092, update 13028/13092)  loss 0.6192  lr 1.00e-04
    step 4325/4364 (global micro 13053/13092, update 13053/13092)  loss 0.6103  lr 1.00e-04
    step 4350/4364 (global micro 13078/13092, update 13078/13092)  loss 0.4859  lr 1.00e-04
    step 4364/4364 (global micro 13092/13092, update 13092/13092)  loss 0.5029  lr 1.00e-04
  epoch   3/3  loss 0.5132  lr 1.00e-04  (860.4s)
  Epoch checkpoint: /home/aomukai/Ninereeds/core/c13_Phase_B_bridged_retry3_e3.pt

  Best loss: 0.5132
  Checkpoint saved: /home/aomukai/Ninereeds/core/c13_Phase_B_bridged_retry3.pt

