  Training audit: PASSED
  Python: /home/aomukai/.unsloth/studio/unsloth_studio/bin/python
  Device: cuda
  Phase: 0
  Seed: 1337
  Data order: seeded-shuffle
  Resume checkpoint: /home/aomukai/Ninereeds/core/c13_Phase_B_bridge_pre_retry4_e1.pt

============================================================
  BDH Phase 0 Training
============================================================
  Data files: ['/home/aomukai/Ninereeds/training/corpus/campaign_13_phase_B.txt']
  Total bytes: 4,468,980
  Pre-loading corpus tensor...
  Corpus tensor: 4,468,980 tokens
  Model: small-25m (25.3M params)
  Resuming from: /home/aomukai/Ninereeds/core/c13_Phase_B_bridge_pre_retry4_e1.pt
  Seed: 1337  |  Deterministic: enabled  |  Data order: seeded-shuffle
  Epochs: 3  |  Windows/epoch: 17456  |  Micro-steps/epoch: 8728  |  Optimizer updates/epoch: 8728  |  Total optimizer updates: 26184  |  LR: 0.001
  Block size: 256  |  Batch size: 2
  Grad accumulation: 1
  AMP bf16: enabled
  Data mode: phase_text
  VRAM logging: disabled
  Log interval: every 25 step(s)
  Output: /home/aomukai/Ninereeds/core/c13_Phase_B_bridged_retry4.pt

    step    1/8728 (global micro     1/26184, update     1/26184)  loss 1.5232  lr 1.00e-03
    step   25/8728 (global micro    25/26184, update    25/26184)  loss 1.0467  lr 1.00e-03
    step   50/8728 (global micro    50/26184, update    50/26184)  loss 0.9344  lr 1.00e-03
    step   75/8728 (global micro    75/26184, update    75/26184)  loss 1.3333  lr 1.00e-03
    step  100/8728 (global micro   100/26184, update   100/26184)  loss 0.8868  lr 1.00e-03
    step  125/8728 (global micro   125/26184, update   125/26184)  loss 0.9124  lr 1.00e-03
    step  150/8728 (global micro   150/26184, update   150/26184)  loss 0.8294  lr 1.00e-03
    step  175/8728 (global micro   175/26184, update   175/26184)  loss 0.7736  lr 1.00e-03
    step  200/8728 (global micro   200/26184, update   200/26184)  loss 0.7158  lr 1.00e-03
    step  225/8728 (global micro   225/26184, update   225/26184)  loss 0.9089  lr 1.00e-03
    step  250/8728 (global micro   250/26184, update   250/26184)  loss 0.9819  lr 1.00e-03
    step  275/8728 (global micro   275/26184, update   275/26184)  loss 0.8907  lr 1.00e-03
    step  300/8728 (global micro   300/26184, update   300/26184)  loss 0.6102  lr 1.00e-03
    step  325/8728 (global micro   325/26184, update   325/26184)  loss 1.1587  lr 1.00e-03
    step  350/8728 (global micro   350/26184, update   350/26184)  loss 1.0464  lr 1.00e-03
    step  375/8728 (global micro   375/26184, update   375/26184)  loss 1.0622  lr 1.00e-03
    step  400/8728 (global micro   400/26184, update   400/26184)  loss 0.6646  lr 9.99e-04
    step  425/8728 (global micro   425/26184, update   425/26184)  loss 0.9279  lr 9.99e-04
    step  450/8728 (global micro   450/26184, update   450/26184)  loss 0.7138  lr 9.99e-04
    step  475/8728 (global micro   475/26184, update   475/26184)  loss 0.8515  lr 9.99e-04
    step  500/8728 (global micro   500/26184, update   500/26184)  loss 0.9458  lr 9.99e-04
    step  525/8728 (global micro   525/26184, update   525/26184)  loss 0.9022  lr 9.99e-04
    step  550/8728 (global micro   550/26184, update   550/26184)  loss 0.7183  lr 9.99e-04
    step  575/8728 (global micro   575/26184, update   575/26184)  loss 0.6597  lr 9.99e-04
    step  600/8728 (global micro   600/26184, update   600/26184)  loss 1.1354  lr 9.99e-04
    step  625/8728 (global micro   625/26184, update   625/26184)  loss 1.1084  lr 9.99e-04
    step  650/8728 (global micro   650/26184, update   650/26184)  loss 0.7813  lr 9.99e-04
    step  675/8728 (global micro   675/26184, update   675/26184)  loss 0.7975  lr 9.99e-04
    step  700/8728 (global micro   700/26184, update   700/26184)  loss 1.0449  lr 9.98e-04
    step  725/8728 (global micro   725/26184, update   725/26184)  loss 0.7494  lr 9.98e-04
    step  750/8728 (global micro   750/26184, update   750/26184)  loss 0.9095  lr 9.98e-04
    step  775/8728 (global micro   775/26184, update   775/26184)  loss 0.9300  lr 9.98e-04
    step  800/8728 (global micro   800/26184, update   800/26184)  loss 1.0493  lr 9.98e-04
    step  825/8728 (global micro   825/26184, update   825/26184)  loss 1.0948  lr 9.98e-04
    step  850/8728 (global micro   850/26184, update   850/26184)  loss 0.6961  lr 9.98e-04
    step  875/8728 (global micro   875/26184, update   875/26184)  loss 0.7773  lr 9.98e-04
    step  900/8728 (global micro   900/26184, update   900/26184)  loss 0.8922  lr 9.97e-04
    step  925/8728 (global micro   925/26184, update   925/26184)  loss 0.8201  lr 9.97e-04
    step  950/8728 (global micro   950/26184, update   950/26184)  loss 0.5838  lr 9.97e-04
    step  975/8728 (global micro   975/26184, update   975/26184)  loss 0.6783  lr 9.97e-04
    step 1000/8728 (global micro  1000/26184, update  1000/26184)  loss 1.0754  lr 9.97e-04
    step 1025/8728 (global micro  1025/26184, update  1025/26184)  loss 0.6862  lr 9.97e-04
    step 1050/8728 (global micro  1050/26184, update  1050/26184)  loss 0.8606  lr 9.96e-04
    step 1075/8728 (global micro  1075/26184, update  1075/26184)  loss 0.5616  lr 9.96e-04
    step 1100/8728 (global micro  1100/26184, update  1100/26184)  loss 0.9882  lr 9.96e-04
    step 1125/8728 (global micro  1125/26184, update  1125/26184)  loss 0.7849  lr 9.96e-04
    step 1150/8728 (global micro  1150/26184, update  1150/26184)  loss 1.0295  lr 9.96e-04
    step 1175/8728 (global micro  1175/26184, update  1175/26184)  loss 0.8749  lr 9.96e-04
    step 1200/8728 (global micro  1200/26184, update  1200/26184)  loss 0.7725  lr 9.95e-04
    step 1225/8728 (global micro  1225/26184, update  1225/26184)  loss 0.7711  lr 9.95e-04
    step 1250/8728 (global micro  1250/26184, update  1250/26184)  loss 0.9004  lr 9.95e-04
    step 1275/8728 (global micro  1275/26184, update  1275/26184)  loss 0.7034  lr 9.95e-04
    step 1300/8728 (global micro  1300/26184, update  1300/26184)  loss 1.0320  lr 9.95e-04
    step 1325/8728 (global micro  1325/26184, update  1325/26184)  loss 0.6477  lr 9.94e-04
    step 1350/8728 (global micro  1350/26184, update  1350/26184)  loss 0.6111  lr 9.94e-04
    step 1375/8728 (global micro  1375/26184, update  1375/26184)  loss 0.6771  lr 9.94e-04
    step 1400/8728 (global micro  1400/26184, update  1400/26184)  loss 1.0190  lr 9.94e-04
    step 1425/8728 (global micro  1425/26184, update  1425/26184)  loss 0.7821  lr 9.93e-04
    step 1450/8728 (global micro  1450/26184, update  1450/26184)  loss 0.6714  lr 9.93e-04
    step 1475/8728 (global micro  1475/26184, update  1475/26184)  loss 0.9119  lr 9.93e-04
    step 1500/8728 (global micro  1500/26184, update  1500/26184)  loss 1.0210  lr 9.93e-04
    step 1525/8728 (global micro  1525/26184, update  1525/26184)  loss 1.0632  lr 9.92e-04
    step 1550/8728 (global micro  1550/26184, update  1550/26184)  loss 0.9164  lr 9.92e-04
    step 1575/8728 (global micro  1575/26184, update  1575/26184)  loss 1.0200  lr 9.92e-04
    step 1600/8728 (global micro  1600/26184, update  1600/26184)  loss 0.8542  lr 9.92e-04
    step 1625/8728 (global micro  1625/26184, update  1625/26184)  loss 0.8227  lr 9.91e-04
    step 1650/8728 (global micro  1650/26184, update  1650/26184)  loss 0.9541  lr 9.91e-04
    step 1675/8728 (global micro  1675/26184, update  1675/26184)  loss 0.7466  lr 9.91e-04
    step 1700/8728 (global micro  1700/26184, update  1700/26184)  loss 0.8302  lr 9.91e-04
    step 1725/8728 (global micro  1725/26184, update  1725/26184)  loss 0.8168  lr 9.90e-04
    step 1750/8728 (global micro  1750/26184, update  1750/26184)  loss 0.8538  lr 9.90e-04
    step 1775/8728 (global micro  1775/26184, update  1775/26184)  loss 1.1772  lr 9.90e-04
    step 1800/8728 (global micro  1800/26184, update  1800/26184)  loss 0.7236  lr 9.90e-04
    step 1825/8728 (global micro  1825/26184, update  1825/26184)  loss 1.1082  lr 9.89e-04
    step 1850/8728 (global micro  1850/26184, update  1850/26184)  loss 0.9434  lr 9.89e-04
    step 1875/8728 (global micro  1875/26184, update  1875/26184)  loss 1.0724  lr 9.89e-04
    step 1900/8728 (global micro  1900/26184, update  1900/26184)  loss 0.8264  lr 9.88e-04
    step 1925/8728 (global micro  1925/26184, update  1925/26184)  loss 0.7061  lr 9.88e-04
    step 1950/8728 (global micro  1950/26184, update  1950/26184)  loss 1.0343  lr 9.88e-04
    step 1975/8728 (global micro  1975/26184, update  1975/26184)  loss 0.6952  lr 9.87e-04
    step 2000/8728 (global micro  2000/26184, update  2000/26184)  loss 0.9737  lr 9.87e-04
    step 2025/8728 (global micro  2025/26184, update  2025/26184)  loss 0.8464  lr 9.87e-04
    step 2050/8728 (global micro  2050/26184, update  2050/26184)  loss 0.6279  lr 9.86e-04
    step 2075/8728 (global micro  2075/26184, update  2075/26184)  loss 0.6954  lr 9.86e-04
    step 2100/8728 (global micro  2100/26184, update  2100/26184)  loss 1.1370  lr 9.86e-04
    step 2125/8728 (global micro  2125/26184, update  2125/26184)  loss 0.8768  lr 9.85e-04
    step 2150/8728 (global micro  2150/26184, update  2150/26184)  loss 1.0420  lr 9.85e-04
    step 2175/8728 (global micro  2175/26184, update  2175/26184)  loss 0.6151  lr 9.85e-04
    step 2200/8728 (global micro  2200/26184, update  2200/26184)  loss 0.8174  lr 9.84e-04
    step 2225/8728 (global micro  2225/26184, update  2225/26184)  loss 0.8965  lr 9.84e-04
    step 2250/8728 (global micro  2250/26184, update  2250/26184)  loss 0.9194  lr 9.84e-04
    step 2275/8728 (global micro  2275/26184, update  2275/26184)  loss 0.7196  lr 9.83e-04
    step 2300/8728 (global micro  2300/26184, update  2300/26184)  loss 0.5646  lr 9.83e-04
    step 2325/8728 (global micro  2325/26184, update  2325/26184)  loss 0.7875  lr 9.83e-04
    step 2350/8728 (global micro  2350/26184, update  2350/26184)  loss 0.5611  lr 9.82e-04
    step 2375/8728 (global micro  2375/26184, update  2375/26184)  loss 0.8437  lr 9.82e-04
    step 2400/8728 (global micro  2400/26184, update  2400/26184)  loss 0.9741  lr 9.81e-04
    step 2425/8728 (global micro  2425/26184, update  2425/26184)  loss 0.9269  lr 9.81e-04
    step 2450/8728 (global micro  2450/26184, update  2450/26184)  loss 1.0005  lr 9.81e-04
    step 2475/8728 (global micro  2475/26184, update  2475/26184)  loss 0.8903  lr 9.80e-04
    step 2500/8728 (global micro  2500/26184, update  2500/26184)  loss 1.0739  lr 9.80e-04
    step 2525/8728 (global micro  2525/26184, update  2525/26184)  loss 0.7517  lr 9.80e-04
    step 2550/8728 (global micro  2550/26184, update  2550/26184)  loss 0.8140  lr 9.79e-04
    step 2575/8728 (global micro  2575/26184, update  2575/26184)  loss 0.8857  lr 9.79e-04
    step 2600/8728 (global micro  2600/26184, update  2600/26184)  loss 0.9094  lr 9.78e-04
    step 2625/8728 (global micro  2625/26184, update  2625/26184)  loss 0.6687  lr 9.78e-04
    step 2650/8728 (global micro  2650/26184, update  2650/26184)  loss 0.6353  lr 9.77e-04
    step 2675/8728 (global micro  2675/26184, update  2675/26184)  loss 0.9084  lr 9.77e-04
    step 2700/8728 (global micro  2700/26184, update  2700/26184)  loss 0.8403  lr 9.77e-04
    step 2725/8728 (global micro  2725/26184, update  2725/26184)  loss 1.0573  lr 9.76e-04
    step 2750/8728 (global micro  2750/26184, update  2750/26184)  loss 1.1478  lr 9.76e-04
    step 2775/8728 (global micro  2775/26184, update  2775/26184)  loss 1.1461  lr 9.75e-04
    step 2800/8728 (global micro  2800/26184, update  2800/26184)  loss 0.8614  lr 9.75e-04
    step 2825/8728 (global micro  2825/26184, update  2825/26184)  loss 0.8804  lr 9.74e-04
    step 2850/8728 (global micro  2850/26184, update  2850/26184)  loss 0.7555  lr 9.74e-04
    step 2875/8728 (global micro  2875/26184, update  2875/26184)  loss 0.6783  lr 9.73e-04
    step 2900/8728 (global micro  2900/26184, update  2900/26184)  loss 0.9488  lr 9.73e-04
    step 2925/8728 (global micro  2925/26184, update  2925/26184)  loss 0.7323  lr 9.73e-04
    step 2950/8728 (global micro  2950/26184, update  2950/26184)  loss 0.9151  lr 9.72e-04
    step 2975/8728 (global micro  2975/26184, update  2975/26184)  loss 0.5931  lr 9.72e-04
    step 3000/8728 (global micro  3000/26184, update  3000/26184)  loss 0.8536  lr 9.71e-04
    step 3025/8728 (global micro  3025/26184, update  3025/26184)  loss 0.5633  lr 9.71e-04
    step 3050/8728 (global micro  3050/26184, update  3050/26184)  loss 0.9831  lr 9.70e-04
    step 3075/8728 (global micro  3075/26184, update  3075/26184)  loss 0.8176  lr 9.70e-04
    step 3100/8728 (global micro  3100/26184, update  3100/26184)  loss 0.8515  lr 9.69e-04
    step 3125/8728 (global micro  3125/26184, update  3125/26184)  loss 0.7492  lr 9.69e-04
    step 3150/8728 (global micro  3150/26184, update  3150/26184)  loss 0.8604  lr 9.68e-04
    step 3175/8728 (global micro  3175/26184, update  3175/26184)  loss 0.8885  lr 9.68e-04
    step 3200/8728 (global micro  3200/26184, update  3200/26184)  loss 0.8497  lr 9.67e-04
    step 3225/8728 (global micro  3225/26184, update  3225/26184)  loss 0.8768  lr 9.67e-04
    step 3250/8728 (global micro  3250/26184, update  3250/26184)  loss 0.7432  lr 9.66e-04
    step 3275/8728 (global micro  3275/26184, update  3275/26184)  loss 0.6635  lr 9.66e-04
    step 3300/8728 (global micro  3300/26184, update  3300/26184)  loss 0.9029  lr 9.65e-04
    step 3325/8728 (global micro  3325/26184, update  3325/26184)  loss 0.9038  lr 9.65e-04
    step 3350/8728 (global micro  3350/26184, update  3350/26184)  loss 1.0103  lr 9.64e-04
    step 3375/8728 (global micro  3375/26184, update  3375/26184)  loss 0.8615  lr 9.64e-04
    step 3400/8728 (global micro  3400/26184, update  3400/26184)  loss 1.0504  lr 9.63e-04
    step 3425/8728 (global micro  3425/26184, update  3425/26184)  loss 0.9646  lr 9.63e-04
    step 3450/8728 (global micro  3450/26184, update  3450/26184)  loss 0.7474  lr 9.62e-04
    step 3475/8728 (global micro  3475/26184, update  3475/26184)  loss 0.8674  lr 9.61e-04
    step 3500/8728 (global micro  3500/26184, update  3500/26184)  loss 1.0717  lr 9.61e-04
    step 3525/8728 (global micro  3525/26184, update  3525/26184)  loss 0.8643  lr 9.60e-04
    step 3550/8728 (global micro  3550/26184, update  3550/26184)  loss 0.6804  lr 9.60e-04
    step 3575/8728 (global micro  3575/26184, update  3575/26184)  loss 0.9662  lr 9.59e-04
    step 3600/8728 (global micro  3600/26184, update  3600/26184)  loss 1.2557  lr 9.59e-04
    step 3625/8728 (global micro  3625/26184, update  3625/26184)  loss 1.0086  lr 9.58e-04
    step 3650/8728 (global micro  3650/26184, update  3650/26184)  loss 0.8357  lr 9.58e-04
    step 3675/8728 (global micro  3675/26184, update  3675/26184)  loss 0.7092  lr 9.57e-04
    step 3700/8728 (global micro  3700/26184, update  3700/26184)  loss 0.8364  lr 9.56e-04
    step 3725/8728 (global micro  3725/26184, update  3725/26184)  loss 0.8459  lr 9.56e-04
    step 3750/8728 (global micro  3750/26184, update  3750/26184)  loss 0.7380  lr 9.55e-04
    step 3775/8728 (global micro  3775/26184, update  3775/26184)  loss 0.7355  lr 9.55e-04
    step 3800/8728 (global micro  3800/26184, update  3800/26184)  loss 0.8794  lr 9.54e-04
    step 3825/8728 (global micro  3825/26184, update  3825/26184)  loss 0.6900  lr 9.53e-04
    step 3850/8728 (global micro  3850/26184, update  3850/26184)  loss 0.6502  lr 9.53e-04
    step 3875/8728 (global micro  3875/26184, update  3875/26184)  loss 0.8883  lr 9.52e-04
    step 3900/8728 (global micro  3900/26184, update  3900/26184)  loss 1.0197  lr 9.52e-04
    step 3925/8728 (global micro  3925/26184, update  3925/26184)  loss 0.7468  lr 9.51e-04
    step 3950/8728 (global micro  3950/26184, update  3950/26184)  loss 0.9097  lr 9.50e-04
    step 3975/8728 (global micro  3975/26184, update  3975/26184)  loss 0.9273  lr 9.50e-04
    step 4000/8728 (global micro  4000/26184, update  4000/26184)  loss 0.8367  lr 9.49e-04
    step 4025/8728 (global micro  4025/26184, update  4025/26184)  loss 0.6792  lr 9.49e-04
    step 4050/8728 (global micro  4050/26184, update  4050/26184)  loss 0.6907  lr 9.48e-04
    step 4075/8728 (global micro  4075/26184, update  4075/26184)  loss 0.7643  lr 9.47e-04
    step 4100/8728 (global micro  4100/26184, update  4100/26184)  loss 0.8083  lr 9.47e-04
    step 4125/8728 (global micro  4125/26184, update  4125/26184)  loss 0.7345  lr 9.46e-04
    step 4150/8728 (global micro  4150/26184, update  4150/26184)  loss 0.6679  lr 9.45e-04
    step 4175/8728 (global micro  4175/26184, update  4175/26184)  loss 0.8498  lr 9.45e-04
    step 4200/8728 (global micro  4200/26184, update  4200/26184)  loss 0.6608  lr 9.44e-04
    step 4225/8728 (global micro  4225/26184, update  4225/26184)  loss 0.6858  lr 9.43e-04
    step 4250/8728 (global micro  4250/26184, update  4250/26184)  loss 0.6817  lr 9.43e-04
    step 4275/8728 (global micro  4275/26184, update  4275/26184)  loss 0.8437  lr 9.42e-04
    step 4300/8728 (global micro  4300/26184, update  4300/26184)  loss 0.9271  lr 9.41e-04
    step 4325/8728 (global micro  4325/26184, update  4325/26184)  loss 1.0737  lr 9.41e-04
    step 4350/8728 (global micro  4350/26184, update  4350/26184)  loss 1.1218  lr 9.40e-04
    step 4375/8728 (global micro  4375/26184, update  4375/26184)  loss 0.5400  lr 9.39e-04
    step 4400/8728 (global micro  4400/26184, update  4400/26184)  loss 0.7530  lr 9.39e-04
    step 4425/8728 (global micro  4425/26184, update  4425/26184)  loss 0.7453  lr 9.38e-04
    step 4450/8728 (global micro  4450/26184, update  4450/26184)  loss 0.7032  lr 9.37e-04
    step 4475/8728 (global micro  4475/26184, update  4475/26184)  loss 0.6160  lr 9.37e-04
    step 4500/8728 (global micro  4500/26184, update  4500/26184)  loss 0.6658  lr 9.36e-04
    step 4525/8728 (global micro  4525/26184, update  4525/26184)  loss 0.8107  lr 9.35e-04
    step 4550/8728 (global micro  4550/26184, update  4550/26184)  loss 0.6885  lr 9.35e-04
    step 4575/8728 (global micro  4575/26184, update  4575/26184)  loss 0.4861  lr 9.34e-04
    step 4600/8728 (global micro  4600/26184, update  4600/26184)  loss 0.7615  lr 9.33e-04
    step 4625/8728 (global micro  4625/26184, update  4625/26184)  loss 0.7632  lr 9.32e-04
    step 4650/8728 (global micro  4650/26184, update  4650/26184)  loss 0.7737  lr 9.32e-04
    step 4675/8728 (global micro  4675/26184, update  4675/26184)  loss 0.6564  lr 9.31e-04
    step 4700/8728 (global micro  4700/26184, update  4700/26184)  loss 0.7326  lr 9.30e-04
    step 4725/8728 (global micro  4725/26184, update  4725/26184)  loss 0.7702  lr 9.30e-04
    step 4750/8728 (global micro  4750/26184, update  4750/26184)  loss 0.8745  lr 9.29e-04
    step 4775/8728 (global micro  4775/26184, update  4775/26184)  loss 1.0551  lr 9.28e-04
    step 4800/8728 (global micro  4800/26184, update  4800/26184)  loss 0.9303  lr 9.27e-04
    step 4825/8728 (global micro  4825/26184, update  4825/26184)  loss 0.8110  lr 9.27e-04
    step 4850/8728 (global micro  4850/26184, update  4850/26184)  loss 0.6000  lr 9.26e-04
    step 4875/8728 (global micro  4875/26184, update  4875/26184)  loss 1.1178  lr 9.25e-04
    step 4900/8728 (global micro  4900/26184, update  4900/26184)  loss 0.7476  lr 9.24e-04
    step 4925/8728 (global micro  4925/26184, update  4925/26184)  loss 0.5091  lr 9.24e-04
    step 4950/8728 (global micro  4950/26184, update  4950/26184)  loss 0.6212  lr 9.23e-04
    step 4975/8728 (global micro  4975/26184, update  4975/26184)  loss 0.6158  lr 9.22e-04
    step 5000/8728 (global micro  5000/26184, update  5000/26184)  loss 0.8205  lr 9.21e-04
    step 5025/8728 (global micro  5025/26184, update  5025/26184)  loss 0.6538  lr 9.21e-04
    step 5050/8728 (global micro  5050/26184, update  5050/26184)  loss 0.8593  lr 9.20e-04
    step 5075/8728 (global micro  5075/26184, update  5075/26184)  loss 0.7062  lr 9.19e-04
    step 5100/8728 (global micro  5100/26184, update  5100/26184)  loss 1.1621  lr 9.18e-04
    step 5125/8728 (global micro  5125/26184, update  5125/26184)  loss 0.9056  lr 9.18e-04
    step 5150/8728 (global micro  5150/26184, update  5150/26184)  loss 0.6286  lr 9.17e-04
    step 5175/8728 (global micro  5175/26184, update  5175/26184)  loss 0.7873  lr 9.16e-04
    step 5200/8728 (global micro  5200/26184, update  5200/26184)  loss 0.7358  lr 9.15e-04
    step 5225/8728 (global micro  5225/26184, update  5225/26184)  loss 0.6865  lr 9.14e-04
    step 5250/8728 (global micro  5250/26184, update  5250/26184)  loss 0.9061  lr 9.14e-04
    step 5275/8728 (global micro  5275/26184, update  5275/26184)  loss 0.7695  lr 9.13e-04
    step 5300/8728 (global micro  5300/26184, update  5300/26184)  loss 0.7080  lr 9.12e-04
    step 5325/8728 (global micro  5325/26184, update  5325/26184)  loss 0.8623  lr 9.11e-04
    step 5350/8728 (global micro  5350/26184, update  5350/26184)  loss 0.5629  lr 9.10e-04
    step 5375/8728 (global micro  5375/26184, update  5375/26184)  loss 0.5873  lr 9.10e-04
    step 5400/8728 (global micro  5400/26184, update  5400/26184)  loss 0.6260  lr 9.09e-04
    step 5425/8728 (global micro  5425/26184, update  5425/26184)  loss 0.5468  lr 9.08e-04
    step 5450/8728 (global micro  5450/26184, update  5450/26184)  loss 0.9136  lr 9.07e-04
    step 5475/8728 (global micro  5475/26184, update  5475/26184)  loss 0.8159  lr 9.06e-04
    step 5500/8728 (global micro  5500/26184, update  5500/26184)  loss 0.7599  lr 9.06e-04
    step 5525/8728 (global micro  5525/26184, update  5525/26184)  loss 0.9754  lr 9.05e-04
    step 5550/8728 (global micro  5550/26184, update  5550/26184)  loss 0.7678  lr 9.04e-04
    step 5575/8728 (global micro  5575/26184, update  5575/26184)  loss 1.0636  lr 9.03e-04
    step 5600/8728 (global micro  5600/26184, update  5600/26184)  loss 0.6725  lr 9.02e-04
    step 5625/8728 (global micro  5625/26184, update  5625/26184)  loss 0.6235  lr 9.01e-04
    step 5650/8728 (global micro  5650/26184, update  5650/26184)  loss 0.7052  lr 9.01e-04
    step 5675/8728 (global micro  5675/26184, update  5675/26184)  loss 1.0318  lr 9.00e-04
    step 5700/8728 (global micro  5700/26184, update  5700/26184)  loss 0.9301  lr 8.99e-04
    step 5725/8728 (global micro  5725/26184, update  5725/26184)  loss 0.4805  lr 8.98e-04
    step 5750/8728 (global micro  5750/26184, update  5750/26184)  loss 0.8761  lr 8.97e-04
    step 5775/8728 (global micro  5775/26184, update  5775/26184)  loss 0.7404  lr 8.96e-04
    step 5800/8728 (global micro  5800/26184, update  5800/26184)  loss 0.6411  lr 8.95e-04
    step 5825/8728 (global micro  5825/26184, update  5825/26184)  loss 0.9190  lr 8.95e-04
    step 5850/8728 (global micro  5850/26184, update  5850/26184)  loss 0.6837  lr 8.94e-04
    step 5875/8728 (global micro  5875/26184, update  5875/26184)  loss 0.6792  lr 8.93e-04
    step 5900/8728 (global micro  5900/26184, update  5900/26184)  loss 0.9057  lr 8.92e-04
    step 5925/8728 (global micro  5925/26184, update  5925/26184)  loss 0.8146  lr 8.91e-04
    step 5950/8728 (global micro  5950/26184, update  5950/26184)  loss 0.8458  lr 8.90e-04
    step 5975/8728 (global micro  5975/26184, update  5975/26184)  loss 0.7337  lr 8.89e-04
    step 6000/8728 (global micro  6000/26184, update  6000/26184)  loss 0.7066  lr 8.88e-04
    step 6025/8728 (global micro  6025/26184, update  6025/26184)  loss 0.7507  lr 8.87e-04
    step 6050/8728 (global micro  6050/26184, update  6050/26184)  loss 0.7275  lr 8.87e-04
    step 6075/8728 (global micro  6075/26184, update  6075/26184)  loss 0.6922  lr 8.86e-04
    step 6100/8728 (global micro  6100/26184, update  6100/26184)  loss 0.7530  lr 8.85e-04
    step 6125/8728 (global micro  6125/26184, update  6125/26184)  loss 0.8209  lr 8.84e-04
    step 6150/8728 (global micro  6150/26184, update  6150/26184)  loss 0.7457  lr 8.83e-04
    step 6175/8728 (global micro  6175/26184, update  6175/26184)  loss 0.6146  lr 8.82e-04
    step 6200/8728 (global micro  6200/26184, update  6200/26184)  loss 0.5840  lr 8.81e-04
    step 6225/8728 (global micro  6225/26184, update  6225/26184)  loss 0.5827  lr 8.80e-04
    step 6250/8728 (global micro  6250/26184, update  6250/26184)  loss 0.7573  lr 8.79e-04
    step 6275/8728 (global micro  6275/26184, update  6275/26184)  loss 0.8097  lr 8.78e-04
    step 6300/8728 (global micro  6300/26184, update  6300/26184)  loss 0.9075  lr 8.77e-04
    step 6325/8728 (global micro  6325/26184, update  6325/26184)  loss 0.6315  lr 8.77e-04
    step 6350/8728 (global micro  6350/26184, update  6350/26184)  loss 0.7258  lr 8.76e-04
    step 6375/8728 (global micro  6375/26184, update  6375/26184)  loss 0.8848  lr 8.75e-04
    step 6400/8728 (global micro  6400/26184, update  6400/26184)  loss 0.7329  lr 8.74e-04
    step 6425/8728 (global micro  6425/26184, update  6425/26184)  loss 0.7154  lr 8.73e-04
    step 6450/8728 (global micro  6450/26184, update  6450/26184)  loss 0.7794  lr 8.72e-04
    step 6475/8728 (global micro  6475/26184, update  6475/26184)  loss 0.7540  lr 8.71e-04
    step 6500/8728 (global micro  6500/26184, update  6500/26184)  loss 0.5751  lr 8.70e-04
    step 6525/8728 (global micro  6525/26184, update  6525/26184)  loss 0.9752  lr 8.69e-04
    step 6550/8728 (global micro  6550/26184, update  6550/26184)  loss 0.7820  lr 8.68e-04
    step 6575/8728 (global micro  6575/26184, update  6575/26184)  loss 0.8104  lr 8.67e-04
    step 6600/8728 (global micro  6600/26184, update  6600/26184)  loss 0.6870  lr 8.66e-04
    step 6625/8728 (global micro  6625/26184, update  6625/26184)  loss 0.7258  lr 8.65e-04
    step 6650/8728 (global micro  6650/26184, update  6650/26184)  loss 0.7310  lr 8.64e-04
    step 6675/8728 (global micro  6675/26184, update  6675/26184)  loss 0.6686  lr 8.63e-04
    step 6700/8728 (global micro  6700/26184, update  6700/26184)  loss 0.7077  lr 8.62e-04
    step 6725/8728 (global micro  6725/26184, update  6725/26184)  loss 0.5334  lr 8.61e-04
    step 6750/8728 (global micro  6750/26184, update  6750/26184)  loss 0.7382  lr 8.60e-04
    step 6775/8728 (global micro  6775/26184, update  6775/26184)  loss 0.8711  lr 8.59e-04
    step 6800/8728 (global micro  6800/26184, update  6800/26184)  loss 0.6777  lr 8.58e-04
    step 6825/8728 (global micro  6825/26184, update  6825/26184)  loss 0.7626  lr 8.57e-04
    step 6850/8728 (global micro  6850/26184, update  6850/26184)  loss 0.9214  lr 8.56e-04
    step 6875/8728 (global micro  6875/26184, update  6875/26184)  loss 0.8207  lr 8.55e-04
    step 6900/8728 (global micro  6900/26184, update  6900/26184)  loss 0.6985  lr 8.54e-04
    step 6925/8728 (global micro  6925/26184, update  6925/26184)  loss 0.5019  lr 8.53e-04
    step 6950/8728 (global micro  6950/26184, update  6950/26184)  loss 0.6903  lr 8.52e-04
    step 6975/8728 (global micro  6975/26184, update  6975/26184)  loss 0.6185  lr 8.51e-04
    step 7000/8728 (global micro  7000/26184, update  7000/26184)  loss 0.8009  lr 8.50e-04
    step 7025/8728 (global micro  7025/26184, update  7025/26184)  loss 0.9975  lr 8.49e-04
    step 7050/8728 (global micro  7050/26184, update  7050/26184)  loss 0.6932  lr 8.48e-04
    step 7075/8728 (global micro  7075/26184, update  7075/26184)  loss 0.8021  lr 8.47e-04
    step 7100/8728 (global micro  7100/26184, update  7100/26184)  loss 0.6590  lr 8.46e-04
    step 7125/8728 (global micro  7125/26184, update  7125/26184)  loss 0.7530  lr 8.45e-04
    step 7150/8728 (global micro  7150/26184, update  7150/26184)  loss 0.7262  lr 8.44e-04
    step 7175/8728 (global micro  7175/26184, update  7175/26184)  loss 0.7900  lr 8.43e-04
    step 7200/8728 (global micro  7200/26184, update  7200/26184)  loss 0.5799  lr 8.42e-04
    step 7225/8728 (global micro  7225/26184, update  7225/26184)  loss 0.6793  lr 8.41e-04
    step 7250/8728 (global micro  7250/26184, update  7250/26184)  loss 0.6429  lr 8.40e-04
    step 7275/8728 (global micro  7275/26184, update  7275/26184)  loss 0.6804  lr 8.39e-04
    step 7300/8728 (global micro  7300/26184, update  7300/26184)  loss 0.7492  lr 8.38e-04
    step 7325/8728 (global micro  7325/26184, update  7325/26184)  loss 0.7920  lr 8.37e-04
    step 7350/8728 (global micro  7350/26184, update  7350/26184)  loss 0.5369  lr 8.36e-04
    step 7375/8728 (global micro  7375/26184, update  7375/26184)  loss 0.9586  lr 8.35e-04
    step 7400/8728 (global micro  7400/26184, update  7400/26184)  loss 0.6732  lr 8.34e-04
    step 7425/8728 (global micro  7425/26184, update  7425/26184)  loss 0.5905  lr 8.33e-04
    step 7450/8728 (global micro  7450/26184, update  7450/26184)  loss 0.4798  lr 8.32e-04
    step 7475/8728 (global micro  7475/26184, update  7475/26184)  loss 0.9553  lr 8.31e-04
    step 7500/8728 (global micro  7500/26184, update  7500/26184)  loss 1.1052  lr 8.30e-04
    step 7525/8728 (global micro  7525/26184, update  7525/26184)  loss 0.8691  lr 8.29e-04
    step 7550/8728 (global micro  7550/26184, update  7550/26184)  loss 0.6364  lr 8.28e-04
    step 7575/8728 (global micro  7575/26184, update  7575/26184)  loss 0.9141  lr 8.27e-04
    step 7600/8728 (global micro  7600/26184, update  7600/26184)  loss 1.0084  lr 8.26e-04
    step 7625/8728 (global micro  7625/26184, update  7625/26184)  loss 0.7590  lr 8.24e-04
    step 7650/8728 (global micro  7650/26184, update  7650/26184)  loss 0.6429  lr 8.23e-04
    step 7675/8728 (global micro  7675/26184, update  7675/26184)  loss 0.6296  lr 8.22e-04
    step 7700/8728 (global micro  7700/26184, update  7700/26184)  loss 0.9080  lr 8.21e-04
    step 7725/8728 (global micro  7725/26184, update  7725/26184)  loss 0.8847  lr 8.20e-04
    step 7750/8728 (global micro  7750/26184, update  7750/26184)  loss 0.6351  lr 8.19e-04
    step 7775/8728 (global micro  7775/26184, update  7775/26184)  loss 0.6677  lr 8.18e-04
    step 7800/8728 (global micro  7800/26184, update  7800/26184)  loss 0.6698  lr 8.17e-04
    step 7825/8728 (global micro  7825/26184, update  7825/26184)  loss 0.6067  lr 8.16e-04
    step 7850/8728 (global micro  7850/26184, update  7850/26184)  loss 0.7491  lr 8.15e-04
    step 7875/8728 (global micro  7875/26184, update  7875/26184)  loss 0.8897  lr 8.14e-04
    step 7900/8728 (global micro  7900/26184, update  7900/26184)  loss 0.7671  lr 8.13e-04
    step 7925/8728 (global micro  7925/26184, update  7925/26184)  loss 0.6464  lr 8.11e-04
    step 7950/8728 (global micro  7950/26184, update  7950/26184)  loss 0.5335  lr 8.10e-04
    step 7975/8728 (global micro  7975/26184, update  7975/26184)  loss 0.7699  lr 8.09e-04
    step 8000/8728 (global micro  8000/26184, update  8000/26184)  loss 0.7044  lr 8.08e-04
    step 8025/8728 (global micro  8025/26184, update  8025/26184)  loss 0.6297  lr 8.07e-04
    step 8050/8728 (global micro  8050/26184, update  8050/26184)  loss 1.1336  lr 8.06e-04
    step 8075/8728 (global micro  8075/26184, update  8075/26184)  loss 0.7123  lr 8.05e-04
    step 8100/8728 (global micro  8100/26184, update  8100/26184)  loss 0.7601  lr 8.04e-04
    step 8125/8728 (global micro  8125/26184, update  8125/26184)  loss 0.8685  lr 8.03e-04
    step 8150/8728 (global micro  8150/26184, update  8150/26184)  loss 0.8160  lr 8.01e-04
    step 8175/8728 (global micro  8175/26184, update  8175/26184)  loss 0.5533  lr 8.00e-04
    step 8200/8728 (global micro  8200/26184, update  8200/26184)  loss 0.5999  lr 7.99e-04
    step 8225/8728 (global micro  8225/26184, update  8225/26184)  loss 0.6923  lr 7.98e-04
    step 8250/8728 (global micro  8250/26184, update  8250/26184)  loss 0.7067  lr 7.97e-04
    step 8275/8728 (global micro  8275/26184, update  8275/26184)  loss 0.7061  lr 7.96e-04
    step 8300/8728 (global micro  8300/26184, update  8300/26184)  loss 0.7357  lr 7.95e-04
    step 8325/8728 (global micro  8325/26184, update  8325/26184)  loss 0.8661  lr 7.94e-04
    step 8350/8728 (global micro  8350/26184, update  8350/26184)  loss 0.7089  lr 7.92e-04
    step 8375/8728 (global micro  8375/26184, update  8375/26184)  loss 0.7624  lr 7.91e-04
    step 8400/8728 (global micro  8400/26184, update  8400/26184)  loss 0.6321  lr 7.90e-04
    step 8425/8728 (global micro  8425/26184, update  8425/26184)  loss 0.6162  lr 7.89e-04
    step 8450/8728 (global micro  8450/26184, update  8450/26184)  loss 0.6596  lr 7.88e-04
    step 8475/8728 (global micro  8475/26184, update  8475/26184)  loss 0.6791  lr 7.87e-04
    step 8500/8728 (global micro  8500/26184, update  8500/26184)  loss 0.5627  lr 7.86e-04
    step 8525/8728 (global micro  8525/26184, update  8525/26184)  loss 0.5749  lr 7.84e-04
    step 8550/8728 (global micro  8550/26184, update  8550/26184)  loss 0.8618  lr 7.83e-04
    step 8575/8728 (global micro  8575/26184, update  8575/26184)  loss 0.8121  lr 7.82e-04
    step 8600/8728 (global micro  8600/26184, update  8600/26184)  loss 0.8574  lr 7.81e-04
    step 8625/8728 (global micro  8625/26184, update  8625/26184)  loss 0.4591  lr 7.80e-04
    step 8650/8728 (global micro  8650/26184, update  8650/26184)  loss 0.6860  lr 7.79e-04
    step 8675/8728 (global micro  8675/26184, update  8675/26184)  loss 0.4800  lr 7.77e-04
    step 8700/8728 (global micro  8700/26184, update  8700/26184)  loss 0.8467  lr 7.76e-04
    step 8725/8728 (global micro  8725/26184, update  8725/26184)  loss 0.4134  lr 7.75e-04
    step 8728/8728 (global micro  8728/26184, update  8728/26184)  loss 0.6085  lr 7.75e-04
  epoch   1/3  loss 0.8025  lr 7.75e-04  (1282.5s)
  Epoch checkpoint: /home/aomukai/Ninereeds/core/c13_Phase_B_bridged_retry4_e1.pt
    step    1/8728 (global micro  8729/26184, update  8729/26184)  loss 0.8123  lr 7.75e-04
    step   25/8728 (global micro  8753/26184, update  8753/26184)  loss 0.7526  lr 7.74e-04
    step   50/8728 (global micro  8778/26184, update  8778/26184)  loss 0.9426  lr 7.73e-04
    step   75/8728 (global micro  8803/26184, update  8803/26184)  loss 0.9170  lr 7.71e-04
    step  100/8728 (global micro  8828/26184, update  8828/26184)  loss 0.7374  lr 7.70e-04
    step  125/8728 (global micro  8853/26184, update  8853/26184)  loss 0.6705  lr 7.69e-04
    step  150/8728 (global micro  8878/26184, update  8878/26184)  loss 0.7321  lr 7.68e-04
    step  175/8728 (global micro  8903/26184, update  8903/26184)  loss 0.7410  lr 7.67e-04
    step  200/8728 (global micro  8928/26184, update  8928/26184)  loss 0.7779  lr 7.66e-04
    step  225/8728 (global micro  8953/26184, update  8953/26184)  loss 0.6238  lr 7.64e-04
    step  250/8728 (global micro  8978/26184, update  8978/26184)  loss 0.6427  lr 7.63e-04
    step  275/8728 (global micro  9003/26184, update  9003/26184)  loss 0.4988  lr 7.62e-04
    step  300/8728 (global micro  9028/26184, update  9028/26184)  loss 1.0470  lr 7.61e-04
    step  325/8728 (global micro  9053/26184, update  9053/26184)  loss 0.8202  lr 7.60e-04
    step  350/8728 (global micro  9078/26184, update  9078/26184)  loss 0.6240  lr 7.58e-04
    step  375/8728 (global micro  9103/26184, update  9103/26184)  loss 0.6413  lr 7.57e-04
    step  400/8728 (global micro  9128/26184, update  9128/26184)  loss 0.6033  lr 7.56e-04
    step  425/8728 (global micro  9153/26184, update  9153/26184)  loss 0.8472  lr 7.55e-04
    step  450/8728 (global micro  9178/26184, update  9178/26184)  loss 0.5663  lr 7.54e-04
    step  475/8728 (global micro  9203/26184, update  9203/26184)  loss 0.5659  lr 7.52e-04
    step  500/8728 (global micro  9228/26184, update  9228/26184)  loss 0.5905  lr 7.51e-04
    step  525/8728 (global micro  9253/26184, update  9253/26184)  loss 0.8011  lr 7.50e-04
    step  550/8728 (global micro  9278/26184, update  9278/26184)  loss 0.7281  lr 7.49e-04
    step  575/8728 (global micro  9303/26184, update  9303/26184)  loss 0.7760  lr 7.48e-04
    step  600/8728 (global micro  9328/26184, update  9328/26184)  loss 0.5250  lr 7.46e-04
    step  625/8728 (global micro  9353/26184, update  9353/26184)  loss 0.6173  lr 7.45e-04
    step  650/8728 (global micro  9378/26184, update  9378/26184)  loss 0.6264  lr 7.44e-04
    step  675/8728 (global micro  9403/26184, update  9403/26184)  loss 0.7722  lr 7.43e-04
    step  700/8728 (global micro  9428/26184, update  9428/26184)  loss 0.6335  lr 7.42e-04
    step  725/8728 (global micro  9453/26184, update  9453/26184)  loss 0.5699  lr 7.40e-04
    step  750/8728 (global micro  9478/26184, update  9478/26184)  loss 0.7308  lr 7.39e-04
    step  775/8728 (global micro  9503/26184, update  9503/26184)  loss 0.7726  lr 7.38e-04
    step  800/8728 (global micro  9528/26184, update  9528/26184)  loss 0.7835  lr 7.37e-04
    step  825/8728 (global micro  9553/26184, update  9553/26184)  loss 0.7123  lr 7.35e-04
    step  850/8728 (global micro  9578/26184, update  9578/26184)  loss 0.7936  lr 7.34e-04
    step  875/8728 (global micro  9603/26184, update  9603/26184)  loss 0.6165  lr 7.33e-04
    step  900/8728 (global micro  9628/26184, update  9628/26184)  loss 0.6043  lr 7.32e-04
    step  925/8728 (global micro  9653/26184, update  9653/26184)  loss 1.0443  lr 7.30e-04
    step  950/8728 (global micro  9678/26184, update  9678/26184)  loss 0.7792  lr 7.29e-04
    step  975/8728 (global micro  9703/26184, update  9703/26184)  loss 0.7781  lr 7.28e-04
    step 1000/8728 (global micro  9728/26184, update  9728/26184)  loss 0.5657  lr 7.27e-04
    step 1025/8728 (global micro  9753/26184, update  9753/26184)  loss 0.7489  lr 7.25e-04
    step 1050/8728 (global micro  9778/26184, update  9778/26184)  loss 0.7083  lr 7.24e-04
    step 1075/8728 (global micro  9803/26184, update  9803/26184)  loss 0.6723  lr 7.23e-04
    step 1100/8728 (global micro  9828/26184, update  9828/26184)  loss 0.4582  lr 7.22e-04
    step 1125/8728 (global micro  9853/26184, update  9853/26184)  loss 0.6052  lr 7.21e-04
    step 1150/8728 (global micro  9878/26184, update  9878/26184)  loss 0.8303  lr 7.19e-04
    step 1175/8728 (global micro  9903/26184, update  9903/26184)  loss 0.6521  lr 7.18e-04
    step 1200/8728 (global micro  9928/26184, update  9928/26184)  loss 0.7729  lr 7.17e-04
    step 1225/8728 (global micro  9953/26184, update  9953/26184)  loss 0.5084  lr 7.16e-04
    step 1250/8728 (global micro  9978/26184, update  9978/26184)  loss 0.7553  lr 7.14e-04
    step 1275/8728 (global micro 10003/26184, update 10003/26184)  loss 0.8284  lr 7.13e-04
    step 1300/8728 (global micro 10028/26184, update 10028/26184)  loss 0.7430  lr 7.12e-04
    step 1325/8728 (global micro 10053/26184, update 10053/26184)  loss 0.7832  lr 7.10e-04
    step 1350/8728 (global micro 10078/26184, update 10078/26184)  loss 0.9239  lr 7.09e-04
    step 1375/8728 (global micro 10103/26184, update 10103/26184)  loss 0.5934  lr 7.08e-04
    step 1400/8728 (global micro 10128/26184, update 10128/26184)  loss 0.8632  lr 7.07e-04
    step 1425/8728 (global micro 10153/26184, update 10153/26184)  loss 0.8643  lr 7.05e-04
    step 1450/8728 (global micro 10178/26184, update 10178/26184)  loss 0.7548  lr 7.04e-04
    step 1475/8728 (global micro 10203/26184, update 10203/26184)  loss 0.5103  lr 7.03e-04
    step 1500/8728 (global micro 10228/26184, update 10228/26184)  loss 0.7799  lr 7.02e-04
    step 1525/8728 (global micro 10253/26184, update 10253/26184)  loss 0.5906  lr 7.00e-04
    step 1550/8728 (global micro 10278/26184, update 10278/26184)  loss 0.5694  lr 6.99e-04
    step 1575/8728 (global micro 10303/26184, update 10303/26184)  loss 0.7104  lr 6.98e-04
    step 1600/8728 (global micro 10328/26184, update 10328/26184)  loss 0.5474  lr 6.97e-04
    step 1625/8728 (global micro 10353/26184, update 10353/26184)  loss 0.7605  lr 6.95e-04
    step 1650/8728 (global micro 10378/26184, update 10378/26184)  loss 0.8775  lr 6.94e-04
    step 1675/8728 (global micro 10403/26184, update 10403/26184)  loss 0.8929  lr 6.93e-04
    step 1700/8728 (global micro 10428/26184, update 10428/26184)  loss 0.6886  lr 6.91e-04
    step 1725/8728 (global micro 10453/26184, update 10453/26184)  loss 0.9689  lr 6.90e-04
    step 1750/8728 (global micro 10478/26184, update 10478/26184)  loss 0.7563  lr 6.89e-04
    step 1775/8728 (global micro 10503/26184, update 10503/26184)  loss 0.6669  lr 6.88e-04
    step 1800/8728 (global micro 10528/26184, update 10528/26184)  loss 0.8204  lr 6.86e-04
    step 1825/8728 (global micro 10553/26184, update 10553/26184)  loss 0.6084  lr 6.85e-04
    step 1850/8728 (global micro 10578/26184, update 10578/26184)  loss 0.5819  lr 6.84e-04
    step 1875/8728 (global micro 10603/26184, update 10603/26184)  loss 0.7965  lr 6.82e-04
    step 1900/8728 (global micro 10628/26184, update 10628/26184)  loss 0.6720  lr 6.81e-04
    step 1925/8728 (global micro 10653/26184, update 10653/26184)  loss 0.6193  lr 6.80e-04
    step 1950/8728 (global micro 10678/26184, update 10678/26184)  loss 0.7738  lr 6.79e-04
    step 1975/8728 (global micro 10703/26184, update 10703/26184)  loss 0.9315  lr 6.77e-04
    step 2000/8728 (global micro 10728/26184, update 10728/26184)  loss 0.6308  lr 6.76e-04
    step 2025/8728 (global micro 10753/26184, update 10753/26184)  loss 0.8179  lr 6.75e-04
    step 2050/8728 (global micro 10778/26184, update 10778/26184)  loss 0.6832  lr 6.73e-04
    step 2075/8728 (global micro 10803/26184, update 10803/26184)  loss 0.6938  lr 6.72e-04
    step 2100/8728 (global micro 10828/26184, update 10828/26184)  loss 0.9092  lr 6.71e-04
    step 2125/8728 (global micro 10853/26184, update 10853/26184)  loss 0.6741  lr 6.69e-04
    step 2150/8728 (global micro 10878/26184, update 10878/26184)  loss 0.7693  lr 6.68e-04
    step 2175/8728 (global micro 10903/26184, update 10903/26184)  loss 0.5223  lr 6.67e-04
    step 2200/8728 (global micro 10928/26184, update 10928/26184)  loss 0.9635  lr 6.66e-04
    step 2225/8728 (global micro 10953/26184, update 10953/26184)  loss 0.6337  lr 6.64e-04
    step 2250/8728 (global micro 10978/26184, update 10978/26184)  loss 1.1235  lr 6.63e-04
    step 2275/8728 (global micro 11003/26184, update 11003/26184)  loss 0.6486  lr 6.62e-04
    step 2300/8728 (global micro 11028/26184, update 11028/26184)  loss 0.6261  lr 6.60e-04
    step 2325/8728 (global micro 11053/26184, update 11053/26184)  loss 0.9176  lr 6.59e-04
    step 2350/8728 (global micro 11078/26184, update 11078/26184)  loss 0.6864  lr 6.58e-04
    step 2375/8728 (global micro 11103/26184, update 11103/26184)  loss 0.6325  lr 6.56e-04
    step 2400/8728 (global micro 11128/26184, update 11128/26184)  loss 0.7115  lr 6.55e-04
    step 2425/8728 (global micro 11153/26184, update 11153/26184)  loss 0.8929  lr 6.54e-04
    step 2450/8728 (global micro 11178/26184, update 11178/26184)  loss 0.7535  lr 6.52e-04
    step 2475/8728 (global micro 11203/26184, update 11203/26184)  loss 0.6929  lr 6.51e-04
    step 2500/8728 (global micro 11228/26184, update 11228/26184)  loss 0.6944  lr 6.50e-04
    step 2525/8728 (global micro 11253/26184, update 11253/26184)  loss 0.6371  lr 6.48e-04
    step 2550/8728 (global micro 11278/26184, update 11278/26184)  loss 0.9307  lr 6.47e-04
    step 2575/8728 (global micro 11303/26184, update 11303/26184)  loss 0.8017  lr 6.46e-04
    step 2600/8728 (global micro 11328/26184, update 11328/26184)  loss 0.7241  lr 6.45e-04
    step 2625/8728 (global micro 11353/26184, update 11353/26184)  loss 0.6513  lr 6.43e-04
    step 2650/8728 (global micro 11378/26184, update 11378/26184)  loss 0.5827  lr 6.42e-04
    step 2675/8728 (global micro 11403/26184, update 11403/26184)  loss 0.7651  lr 6.41e-04
    step 2700/8728 (global micro 11428/26184, update 11428/26184)  loss 0.8099  lr 6.39e-04
    step 2725/8728 (global micro 11453/26184, update 11453/26184)  loss 0.6754  lr 6.38e-04
    step 2750/8728 (global micro 11478/26184, update 11478/26184)  loss 0.5574  lr 6.37e-04
    step 2775/8728 (global micro 11503/26184, update 11503/26184)  loss 0.7813  lr 6.35e-04
    step 2800/8728 (global micro 11528/26184, update 11528/26184)  loss 0.6109  lr 6.34e-04
    step 2825/8728 (global micro 11553/26184, update 11553/26184)  loss 0.8464  lr 6.33e-04
    step 2850/8728 (global micro 11578/26184, update 11578/26184)  loss 0.7078  lr 6.31e-04
    step 2875/8728 (global micro 11603/26184, update 11603/26184)  loss 0.4411  lr 6.30e-04
    step 2900/8728 (global micro 11628/26184, update 11628/26184)  loss 0.8764  lr 6.29e-04
    step 2925/8728 (global micro 11653/26184, update 11653/26184)  loss 0.6071  lr 6.27e-04
    step 2950/8728 (global micro 11678/26184, update 11678/26184)  loss 0.8541  lr 6.26e-04
    step 2975/8728 (global micro 11703/26184, update 11703/26184)  loss 0.7582  lr 6.25e-04
    step 3000/8728 (global micro 11728/26184, update 11728/26184)  loss 0.5726  lr 6.23e-04
    step 3025/8728 (global micro 11753/26184, update 11753/26184)  loss 0.6592  lr 6.22e-04
    step 3050/8728 (global micro 11778/26184, update 11778/26184)  loss 0.8413  lr 6.21e-04
    step 3075/8728 (global micro 11803/26184, update 11803/26184)  loss 0.8517  lr 6.19e-04
    step 3100/8728 (global micro 11828/26184, update 11828/26184)  loss 0.8407  lr 6.18e-04
    step 3125/8728 (global micro 11853/26184, update 11853/26184)  loss 0.7677  lr 6.17e-04
    step 3150/8728 (global micro 11878/26184, update 11878/26184)  loss 0.6793  lr 6.15e-04
    step 3175/8728 (global micro 11903/26184, update 11903/26184)  loss 0.8167  lr 6.14e-04
    step 3200/8728 (global micro 11928/26184, update 11928/26184)  loss 0.5607  lr 6.13e-04
    step 3225/8728 (global micro 11953/26184, update 11953/26184)  loss 0.7043  lr 6.11e-04
    step 3250/8728 (global micro 11978/26184, update 11978/26184)  loss 0.6267  lr 6.10e-04
    step 3275/8728 (global micro 12003/26184, update 12003/26184)  loss 0.6463  lr 6.09e-04
    step 3300/8728 (global micro 12028/26184, update 12028/26184)  loss 0.4338  lr 6.07e-04
    step 3325/8728 (global micro 12053/26184, update 12053/26184)  loss 0.6465  lr 6.06e-04
    step 3350/8728 (global micro 12078/26184, update 12078/26184)  loss 0.7086  lr 6.05e-04
    step 3375/8728 (global micro 12103/26184, update 12103/26184)  loss 0.7659  lr 6.03e-04
    step 3400/8728 (global micro 12128/26184, update 12128/26184)  loss 0.5195  lr 6.02e-04
    step 3425/8728 (global micro 12153/26184, update 12153/26184)  loss 0.7222  lr 6.01e-04
    step 3450/8728 (global micro 12178/26184, update 12178/26184)  loss 0.6333  lr 5.99e-04
    step 3475/8728 (global micro 12203/26184, update 12203/26184)  loss 0.6723  lr 5.98e-04
    step 3500/8728 (global micro 12228/26184, update 12228/26184)  loss 0.7777  lr 5.97e-04
    step 3525/8728 (global micro 12253/26184, update 12253/26184)  loss 0.5560  lr 5.95e-04
    step 3550/8728 (global micro 12278/26184, update 12278/26184)  loss 0.6812  lr 5.94e-04
    step 3575/8728 (global micro 12303/26184, update 12303/26184)  loss 0.6672  lr 5.93e-04
    step 3600/8728 (global micro 12328/26184, update 12328/26184)  loss 0.8897  lr 5.91e-04
    step 3625/8728 (global micro 12353/26184, update 12353/26184)  loss 0.6194  lr 5.90e-04
    step 3650/8728 (global micro 12378/26184, update 12378/26184)  loss 0.7417  lr 5.89e-04
    step 3675/8728 (global micro 12403/26184, update 12403/26184)  loss 0.7169  lr 5.87e-04
    step 3700/8728 (global micro 12428/26184, update 12428/26184)  loss 0.7609  lr 5.86e-04
    step 3725/8728 (global micro 12453/26184, update 12453/26184)  loss 0.8936  lr 5.84e-04
    step 3750/8728 (global micro 12478/26184, update 12478/26184)  loss 0.4951  lr 5.83e-04
    step 3775/8728 (global micro 12503/26184, update 12503/26184)  loss 0.6421  lr 5.82e-04
    step 3800/8728 (global micro 12528/26184, update 12528/26184)  loss 0.5305  lr 5.80e-04
    step 3825/8728 (global micro 12553/26184, update 12553/26184)  loss 0.6076  lr 5.79e-04
    step 3850/8728 (global micro 12578/26184, update 12578/26184)  loss 0.5324  lr 5.78e-04
    step 3875/8728 (global micro 12603/26184, update 12603/26184)  loss 0.6518  lr 5.76e-04
    step 3900/8728 (global micro 12628/26184, update 12628/26184)  loss 0.7460  lr 5.75e-04
    step 3925/8728 (global micro 12653/26184, update 12653/26184)  loss 0.7191  lr 5.74e-04
    step 3950/8728 (global micro 12678/26184, update 12678/26184)  loss 0.6989  lr 5.72e-04
    step 3975/8728 (global micro 12703/26184, update 12703/26184)  loss 0.8447  lr 5.71e-04
    step 4000/8728 (global micro 12728/26184, update 12728/26184)  loss 0.7133  lr 5.70e-04
    step 4025/8728 (global micro 12753/26184, update 12753/26184)  loss 0.5742  lr 5.68e-04
    step 4050/8728 (global micro 12778/26184, update 12778/26184)  loss 0.7409  lr 5.67e-04
    step 4075/8728 (global micro 12803/26184, update 12803/26184)  loss 0.5904  lr 5.66e-04
    step 4100/8728 (global micro 12828/26184, update 12828/26184)  loss 0.5360  lr 5.64e-04
    step 4125/8728 (global micro 12853/26184, update 12853/26184)  loss 0.6830  lr 5.63e-04
    step 4150/8728 (global micro 12878/26184, update 12878/26184)  loss 0.5687  lr 5.62e-04
    step 4175/8728 (global micro 12903/26184, update 12903/26184)  loss 0.5859  lr 5.60e-04
    step 4200/8728 (global micro 12928/26184, update 12928/26184)  loss 0.7174  lr 5.59e-04
    step 4225/8728 (global micro 12953/26184, update 12953/26184)  loss 0.6982  lr 5.58e-04
    step 4250/8728 (global micro 12978/26184, update 12978/26184)  loss 0.5217  lr 5.56e-04
    step 4275/8728 (global micro 13003/26184, update 13003/26184)  loss 0.6026  lr 5.55e-04
    step 4300/8728 (global micro 13028/26184, update 13028/26184)  loss 1.0216  lr 5.53e-04
    step 4325/8728 (global micro 13053/26184, update 13053/26184)  loss 0.9113  lr 5.52e-04
    step 4350/8728 (global micro 13078/26184, update 13078/26184)  loss 0.6699  lr 5.51e-04
    step 4375/8728 (global micro 13103/26184, update 13103/26184)  loss 0.7725  lr 5.49e-04
    step 4400/8728 (global micro 13128/26184, update 13128/26184)  loss 0.5891  lr 5.48e-04
    step 4425/8728 (global micro 13153/26184, update 13153/26184)  loss 0.4869  lr 5.47e-04
    step 4450/8728 (global micro 13178/26184, update 13178/26184)  loss 0.7549  lr 5.45e-04
    step 4475/8728 (global micro 13203/26184, update 13203/26184)  loss 0.5929  lr 5.44e-04
    step 4500/8728 (global micro 13228/26184, update 13228/26184)  loss 0.7393  lr 5.43e-04
    step 4525/8728 (global micro 13253/26184, update 13253/26184)  loss 0.8373  lr 5.41e-04
    step 4550/8728 (global micro 13278/26184, update 13278/26184)  loss 0.5919  lr 5.40e-04
    step 4575/8728 (global micro 13303/26184, update 13303/26184)  loss 0.4653  lr 5.39e-04
    step 4600/8728 (global micro 13328/26184, update 13328/26184)  loss 0.8877  lr 5.37e-04
    step 4625/8728 (global micro 13353/26184, update 13353/26184)  loss 0.6707  lr 5.36e-04
    step 4650/8728 (global micro 13378/26184, update 13378/26184)  loss 0.6104  lr 5.35e-04
    step 4675/8728 (global micro 13403/26184, update 13403/26184)  loss 0.6131  lr 5.33e-04
    step 4700/8728 (global micro 13428/26184, update 13428/26184)  loss 0.6454  lr 5.32e-04
    step 4725/8728 (global micro 13453/26184, update 13453/26184)  loss 0.9592  lr 5.31e-04
    step 4750/8728 (global micro 13478/26184, update 13478/26184)  loss 0.6991  lr 5.29e-04
    step 4775/8728 (global micro 13503/26184, update 13503/26184)  loss 0.3508  lr 5.28e-04
    step 4800/8728 (global micro 13528/26184, update 13528/26184)  loss 0.6779  lr 5.26e-04
    step 4825/8728 (global micro 13553/26184, update 13553/26184)  loss 0.5685  lr 5.25e-04
    step 4850/8728 (global micro 13578/26184, update 13578/26184)  loss 0.6898  lr 5.24e-04
    step 4875/8728 (global micro 13603/26184, update 13603/26184)  loss 0.5550  lr 5.22e-04
    step 4900/8728 (global micro 13628/26184, update 13628/26184)  loss 0.6450  lr 5.21e-04
    step 4925/8728 (global micro 13653/26184, update 13653/26184)  loss 0.9323  lr 5.20e-04
    step 4950/8728 (global micro 13678/26184, update 13678/26184)  loss 0.7545  lr 5.18e-04
    step 4975/8728 (global micro 13703/26184, update 13703/26184)  loss 0.8095  lr 5.17e-04
    step 5000/8728 (global micro 13728/26184, update 13728/26184)  loss 0.7747  lr 5.16e-04
    step 5025/8728 (global micro 13753/26184, update 13753/26184)  loss 0.7131  lr 5.14e-04
    step 5050/8728 (global micro 13778/26184, update 13778/26184)  loss 0.5294  lr 5.13e-04
    step 5075/8728 (global micro 13803/26184, update 13803/26184)  loss 0.6012  lr 5.12e-04
    step 5100/8728 (global micro 13828/26184, update 13828/26184)  loss 0.8925  lr 5.10e-04
    step 5125/8728 (global micro 13853/26184, update 13853/26184)  loss 0.4852  lr 5.09e-04
    step 5150/8728 (global micro 13878/26184, update 13878/26184)  loss 0.6169  lr 5.08e-04
    step 5175/8728 (global micro 13903/26184, update 13903/26184)  loss 0.8484  lr 5.06e-04
    step 5200/8728 (global micro 13928/26184, update 13928/26184)  loss 0.8182  lr 5.05e-04
    step 5225/8728 (global micro 13953/26184, update 13953/26184)  loss 0.8574  lr 5.04e-04
    step 5250/8728 (global micro 13978/26184, update 13978/26184)  loss 0.6395  lr 5.02e-04
    step 5275/8728 (global micro 14003/26184, update 14003/26184)  loss 0.4737  lr 5.01e-04
    step 5300/8728 (global micro 14028/26184, update 14028/26184)  loss 0.7245  lr 5.00e-04
    step 5325/8728 (global micro 14053/26184, update 14053/26184)  loss 0.5733  lr 4.98e-04
    step 5350/8728 (global micro 14078/26184, update 14078/26184)  loss 1.0785  lr 4.97e-04
    step 5375/8728 (global micro 14103/26184, update 14103/26184)  loss 0.8481  lr 4.96e-04
    step 5400/8728 (global micro 14128/26184, update 14128/26184)  loss 0.5517  lr 4.94e-04
    step 5425/8728 (global micro 14153/26184, update 14153/26184)  loss 0.7273  lr 4.93e-04
    step 5450/8728 (global micro 14178/26184, update 14178/26184)  loss 0.6090  lr 4.92e-04
    step 5475/8728 (global micro 14203/26184, update 14203/26184)  loss 0.6078  lr 4.90e-04
    step 5500/8728 (global micro 14228/26184, update 14228/26184)  loss 0.7866  lr 4.89e-04
    step 5525/8728 (global micro 14253/26184, update 14253/26184)  loss 0.5640  lr 4.88e-04
    step 5550/8728 (global micro 14278/26184, update 14278/26184)  loss 0.5987  lr 4.86e-04
    step 5575/8728 (global micro 14303/26184, update 14303/26184)  loss 0.5173  lr 4.85e-04
    step 5600/8728 (global micro 14328/26184, update 14328/26184)  loss 0.7416  lr 4.84e-04
    step 5625/8728 (global micro 14353/26184, update 14353/26184)  loss 0.7276  lr 4.82e-04
    step 5650/8728 (global micro 14378/26184, update 14378/26184)  loss 0.4544  lr 4.81e-04
    step 5675/8728 (global micro 14403/26184, update 14403/26184)  loss 0.6965  lr 4.80e-04
    step 5700/8728 (global micro 14428/26184, update 14428/26184)  loss 0.5139  lr 4.78e-04
    step 5725/8728 (global micro 14453/26184, update 14453/26184)  loss 0.7868  lr 4.77e-04
    step 5750/8728 (global micro 14478/26184, update 14478/26184)  loss 0.5693  lr 4.76e-04
    step 5775/8728 (global micro 14503/26184, update 14503/26184)  loss 0.7332  lr 4.74e-04
    step 5800/8728 (global micro 14528/26184, update 14528/26184)  loss 0.6626  lr 4.73e-04
    step 5825/8728 (global micro 14553/26184, update 14553/26184)  loss 0.7080  lr 4.72e-04
    step 5850/8728 (global micro 14578/26184, update 14578/26184)  loss 0.6826  lr 4.70e-04
    step 5875/8728 (global micro 14603/26184, update 14603/26184)  loss 0.7300  lr 4.69e-04
    step 5900/8728 (global micro 14628/26184, update 14628/26184)  loss 0.4411  lr 4.68e-04
    step 5925/8728 (global micro 14653/26184, update 14653/26184)  loss 0.6157  lr 4.66e-04
    step 5950/8728 (global micro 14678/26184, update 14678/26184)  loss 0.6735  lr 4.65e-04
    step 5975/8728 (global micro 14703/26184, update 14703/26184)  loss 0.8460  lr 4.64e-04
    step 6000/8728 (global micro 14728/26184, update 14728/26184)  loss 0.7091  lr 4.62e-04
    step 6025/8728 (global micro 14753/26184, update 14753/26184)  loss 0.5993  lr 4.61e-04
    step 6050/8728 (global micro 14778/26184, update 14778/26184)  loss 0.6104  lr 4.60e-04
    step 6075/8728 (global micro 14803/26184, update 14803/26184)  loss 0.5113  lr 4.58e-04
    step 6100/8728 (global micro 14828/26184, update 14828/26184)  loss 0.5372  lr 4.57e-04
    step 6125/8728 (global micro 14853/26184, update 14853/26184)  loss 0.5883  lr 4.56e-04
    step 6150/8728 (global micro 14878/26184, update 14878/26184)  loss 0.5533  lr 4.54e-04
    step 6175/8728 (global micro 14903/26184, update 14903/26184)  loss 0.6717  lr 4.53e-04
    step 6200/8728 (global micro 14928/26184, update 14928/26184)  loss 0.5259  lr 4.52e-04
    step 6225/8728 (global micro 14953/26184, update 14953/26184)  loss 0.7628  lr 4.50e-04
    step 6250/8728 (global micro 14978/26184, update 14978/26184)  loss 0.6962  lr 4.49e-04
    step 6275/8728 (global micro 15003/26184, update 15003/26184)  loss 0.8622  lr 4.48e-04
    step 6300/8728 (global micro 15028/26184, update 15028/26184)  loss 0.4048  lr 4.46e-04
    step 6325/8728 (global micro 15053/26184, update 15053/26184)  loss 0.5724  lr 4.45e-04
    step 6350/8728 (global micro 15078/26184, update 15078/26184)  loss 0.6809  lr 4.44e-04
    step 6375/8728 (global micro 15103/26184, update 15103/26184)  loss 0.8200  lr 4.42e-04
    step 6400/8728 (global micro 15128/26184, update 15128/26184)  loss 0.4907  lr 4.41e-04
    step 6425/8728 (global micro 15153/26184, update 15153/26184)  loss 0.7003  lr 4.40e-04
    step 6450/8728 (global micro 15178/26184, update 15178/26184)  loss 0.5892  lr 4.39e-04
    step 6475/8728 (global micro 15203/26184, update 15203/26184)  loss 0.5868  lr 4.37e-04
    step 6500/8728 (global micro 15228/26184, update 15228/26184)  loss 0.6090  lr 4.36e-04
    step 6525/8728 (global micro 15253/26184, update 15253/26184)  loss 0.5916  lr 4.35e-04
    step 6550/8728 (global micro 15278/26184, update 15278/26184)  loss 0.8672  lr 4.33e-04
    step 6575/8728 (global micro 15303/26184, update 15303/26184)  loss 0.6310  lr 4.32e-04
    step 6600/8728 (global micro 15328/26184, update 15328/26184)  loss 0.6350  lr 4.31e-04
    step 6625/8728 (global micro 15353/26184, update 15353/26184)  loss 0.5201  lr 4.29e-04
    step 6650/8728 (global micro 15378/26184, update 15378/26184)  loss 0.5073  lr 4.28e-04
    step 6675/8728 (global micro 15403/26184, update 15403/26184)  loss 0.5926  lr 4.27e-04
    step 6700/8728 (global micro 15428/26184, update 15428/26184)  loss 0.7969  lr 4.26e-04
    step 6725/8728 (global micro 15453/26184, update 15453/26184)  loss 0.9136  lr 4.24e-04
    step 6750/8728 (global micro 15478/26184, update 15478/26184)  loss 0.4497  lr 4.23e-04
    step 6775/8728 (global micro 15503/26184, update 15503/26184)  loss 0.6651  lr 4.22e-04
    step 6800/8728 (global micro 15528/26184, update 15528/26184)  loss 0.4995  lr 4.20e-04
    step 6825/8728 (global micro 15553/26184, update 15553/26184)  loss 0.6960  lr 4.19e-04
    step 6850/8728 (global micro 15578/26184, update 15578/26184)  loss 0.6655  lr 4.18e-04
    step 6875/8728 (global micro 15603/26184, update 15603/26184)  loss 0.7717  lr 4.16e-04
    step 6900/8728 (global micro 15628/26184, update 15628/26184)  loss 0.4603  lr 4.15e-04
    step 6925/8728 (global micro 15653/26184, update 15653/26184)  loss 0.5440  lr 4.14e-04
    step 6950/8728 (global micro 15678/26184, update 15678/26184)  loss 0.8395  lr 4.13e-04
    step 6975/8728 (global micro 15703/26184, update 15703/26184)  loss 0.5995  lr 4.11e-04
    step 7000/8728 (global micro 15728/26184, update 15728/26184)  loss 0.6017  lr 4.10e-04
    step 7025/8728 (global micro 15753/26184, update 15753/26184)  loss 0.7066  lr 4.09e-04
    step 7050/8728 (global micro 15778/26184, update 15778/26184)  loss 0.7178  lr 4.07e-04
    step 7075/8728 (global micro 15803/26184, update 15803/26184)  loss 0.7414  lr 4.06e-04
    step 7100/8728 (global micro 15828/26184, update 15828/26184)  loss 0.4783  lr 4.05e-04
    step 7125/8728 (global micro 15853/26184, update 15853/26184)  loss 0.6691  lr 4.04e-04
    step 7150/8728 (global micro 15878/26184, update 15878/26184)  loss 0.3768  lr 4.02e-04
    step 7175/8728 (global micro 15903/26184, update 15903/26184)  loss 0.6411  lr 4.01e-04
    step 7200/8728 (global micro 15928/26184, update 15928/26184)  loss 0.5932  lr 4.00e-04
    step 7225/8728 (global micro 15953/26184, update 15953/26184)  loss 0.5518  lr 3.99e-04
    step 7250/8728 (global micro 15978/26184, update 15978/26184)  loss 0.5311  lr 3.97e-04
    step 7275/8728 (global micro 16003/26184, update 16003/26184)  loss 0.7421  lr 3.96e-04
    step 7300/8728 (global micro 16028/26184, update 16028/26184)  loss 0.5477  lr 3.95e-04
    step 7325/8728 (global micro 16053/26184, update 16053/26184)  loss 0.5391  lr 3.93e-04
    step 7350/8728 (global micro 16078/26184, update 16078/26184)  loss 0.6565  lr 3.92e-04
    step 7375/8728 (global micro 16103/26184, update 16103/26184)  loss 0.4824  lr 3.91e-04
    step 7400/8728 (global micro 16128/26184, update 16128/26184)  loss 0.5389  lr 3.90e-04
    step 7425/8728 (global micro 16153/26184, update 16153/26184)  loss 0.5105  lr 3.88e-04
    step 7450/8728 (global micro 16178/26184, update 16178/26184)  loss 0.6963  lr 3.87e-04
    step 7475/8728 (global micro 16203/26184, update 16203/26184)  loss 0.7301  lr 3.86e-04
    step 7500/8728 (global micro 16228/26184, update 16228/26184)  loss 0.6371  lr 3.85e-04
    step 7525/8728 (global micro 16253/26184, update 16253/26184)  loss 0.7848  lr 3.83e-04
    step 7550/8728 (global micro 16278/26184, update 16278/26184)  loss 0.8007  lr 3.82e-04
    step 7575/8728 (global micro 16303/26184, update 16303/26184)  loss 0.6679  lr 3.81e-04
    step 7600/8728 (global micro 16328/26184, update 16328/26184)  loss 0.5875  lr 3.80e-04
    step 7625/8728 (global micro 16353/26184, update 16353/26184)  loss 0.5110  lr 3.78e-04
    step 7650/8728 (global micro 16378/26184, update 16378/26184)  loss 0.6117  lr 3.77e-04
    step 7675/8728 (global micro 16403/26184, update 16403/26184)  loss 0.5765  lr 3.76e-04
    step 7700/8728 (global micro 16428/26184, update 16428/26184)  loss 0.6913  lr 3.75e-04
    step 7725/8728 (global micro 16453/26184, update 16453/26184)  loss 0.6452  lr 3.73e-04
    step 7750/8728 (global micro 16478/26184, update 16478/26184)  loss 0.5418  lr 3.72e-04
    step 7775/8728 (global micro 16503/26184, update 16503/26184)  loss 0.4864  lr 3.71e-04
    step 7800/8728 (global micro 16528/26184, update 16528/26184)  loss 0.6595  lr 3.70e-04
    step 7825/8728 (global micro 16553/26184, update 16553/26184)  loss 0.3941  lr 3.68e-04
    step 7850/8728 (global micro 16578/26184, update 16578/26184)  loss 0.5728  lr 3.67e-04
    step 7875/8728 (global micro 16603/26184, update 16603/26184)  loss 0.6873  lr 3.66e-04
    step 7900/8728 (global micro 16628/26184, update 16628/26184)  loss 0.6254  lr 3.65e-04
    step 7925/8728 (global micro 16653/26184, update 16653/26184)  loss 0.6104  lr 3.64e-04
    step 7950/8728 (global micro 16678/26184, update 16678/26184)  loss 0.7769  lr 3.62e-04
    step 7975/8728 (global micro 16703/26184, update 16703/26184)  loss 0.9924  lr 3.61e-04
    step 8000/8728 (global micro 16728/26184, update 16728/26184)  loss 0.7319  lr 3.60e-04
    step 8025/8728 (global micro 16753/26184, update 16753/26184)  loss 0.6281  lr 3.59e-04
    step 8050/8728 (global micro 16778/26184, update 16778/26184)  loss 0.6552  lr 3.57e-04
    step 8075/8728 (global micro 16803/26184, update 16803/26184)  loss 0.4028  lr 3.56e-04
    step 8100/8728 (global micro 16828/26184, update 16828/26184)  loss 0.5067  lr 3.55e-04
    step 8125/8728 (global micro 16853/26184, update 16853/26184)  loss 0.6413  lr 3.54e-04
    step 8150/8728 (global micro 16878/26184, update 16878/26184)  loss 0.6590  lr 3.53e-04
    step 8175/8728 (global micro 16903/26184, update 16903/26184)  loss 0.8138  lr 3.51e-04
    step 8200/8728 (global micro 16928/26184, update 16928/26184)  loss 0.4581  lr 3.50e-04
    step 8225/8728 (global micro 16953/26184, update 16953/26184)  loss 0.6316  lr 3.49e-04
    step 8250/8728 (global micro 16978/26184, update 16978/26184)  loss 0.4123  lr 3.48e-04
    step 8275/8728 (global micro 17003/26184, update 17003/26184)  loss 0.5406  lr 3.47e-04
    step 8300/8728 (global micro 17028/26184, update 17028/26184)  loss 0.5613  lr 3.45e-04
    step 8325/8728 (global micro 17053/26184, update 17053/26184)  loss 0.6740  lr 3.44e-04
    step 8350/8728 (global micro 17078/26184, update 17078/26184)  loss 0.5976  lr 3.43e-04
    step 8375/8728 (global micro 17103/26184, update 17103/26184)  loss 0.7265  lr 3.42e-04
    step 8400/8728 (global micro 17128/26184, update 17128/26184)  loss 0.6732  lr 3.41e-04
    step 8425/8728 (global micro 17153/26184, update 17153/26184)  loss 0.6702  lr 3.39e-04
    step 8450/8728 (global micro 17178/26184, update 17178/26184)  loss 0.5215  lr 3.38e-04
    step 8475/8728 (global micro 17203/26184, update 17203/26184)  loss 0.5041  lr 3.37e-04
    step 8500/8728 (global micro 17228/26184, update 17228/26184)  loss 0.7452  lr 3.36e-04
    step 8525/8728 (global micro 17253/26184, update 17253/26184)  loss 0.7455  lr 3.35e-04
    step 8550/8728 (global micro 17278/26184, update 17278/26184)  loss 0.6681  lr 3.33e-04
    step 8575/8728 (global micro 17303/26184, update 17303/26184)  loss 0.6543  lr 3.32e-04
    step 8600/8728 (global micro 17328/26184, update 17328/26184)  loss 0.5429  lr 3.31e-04
    step 8625/8728 (global micro 17353/26184, update 17353/26184)  loss 0.6470  lr 3.30e-04
    step 8650/8728 (global micro 17378/26184, update 17378/26184)  loss 0.6456  lr 3.29e-04
    step 8675/8728 (global micro 17403/26184, update 17403/26184)  loss 0.4531  lr 3.27e-04
    step 8700/8728 (global micro 17428/26184, update 17428/26184)  loss 0.7260  lr 3.26e-04
    step 8725/8728 (global micro 17453/26184, update 17453/26184)  loss 0.7177  lr 3.25e-04
    step 8728/8728 (global micro 17456/26184, update 17456/26184)  loss 0.5303  lr 3.25e-04
  epoch   2/3  loss 0.6748  lr 3.25e-04  (935.8s)
  Epoch checkpoint: /home/aomukai/Ninereeds/core/c13_Phase_B_bridged_retry4_e2.pt
    step    1/8728 (global micro 17457/26184, update 17457/26184)  loss 0.2484  lr 3.25e-04
    step   25/8728 (global micro 17481/26184, update 17481/26184)  loss 0.7150  lr 3.24e-04
    step   50/8728 (global micro 17506/26184, update 17506/26184)  loss 0.4025  lr 3.23e-04
    step   75/8728 (global micro 17531/26184, update 17531/26184)  loss 0.5195  lr 3.22e-04
    step  100/8728 (global micro 17556/26184, update 17556/26184)  loss 0.6614  lr 3.20e-04
    step  125/8728 (global micro 17581/26184, update 17581/26184)  loss 0.6054  lr 3.19e-04
    step  150/8728 (global micro 17606/26184, update 17606/26184)  loss 0.6935  lr 3.18e-04
    step  175/8728 (global micro 17631/26184, update 17631/26184)  loss 0.6462  lr 3.17e-04
    step  200/8728 (global micro 17656/26184, update 17656/26184)  loss 0.5770  lr 3.16e-04
    step  225/8728 (global micro 17681/26184, update 17681/26184)  loss 0.4952  lr 3.15e-04
    step  250/8728 (global micro 17706/26184, update 17706/26184)  loss 0.5719  lr 3.13e-04
    step  275/8728 (global micro 17731/26184, update 17731/26184)  loss 0.5666  lr 3.12e-04
    step  300/8728 (global micro 17756/26184, update 17756/26184)  loss 0.6926  lr 3.11e-04
    step  325/8728 (global micro 17781/26184, update 17781/26184)  loss 0.6877  lr 3.10e-04
    step  350/8728 (global micro 17806/26184, update 17806/26184)  loss 0.6498  lr 3.09e-04
    step  375/8728 (global micro 17831/26184, update 17831/26184)  loss 0.4021  lr 3.08e-04
    step  400/8728 (global micro 17856/26184, update 17856/26184)  loss 0.4798  lr 3.07e-04
    step  425/8728 (global micro 17881/26184, update 17881/26184)  loss 0.6981  lr 3.05e-04
    step  450/8728 (global micro 17906/26184, update 17906/26184)  loss 0.6537  lr 3.04e-04
    step  475/8728 (global micro 17931/26184, update 17931/26184)  loss 0.6892  lr 3.03e-04
    step  500/8728 (global micro 17956/26184, update 17956/26184)  loss 0.5311  lr 3.02e-04
    step  525/8728 (global micro 17981/26184, update 17981/26184)  loss 0.7076  lr 3.01e-04
    step  550/8728 (global micro 18006/26184, update 18006/26184)  loss 0.5062  lr 3.00e-04
    step  575/8728 (global micro 18031/26184, update 18031/26184)  loss 0.5754  lr 2.99e-04
    step  600/8728 (global micro 18056/26184, update 18056/26184)  loss 0.5544  lr 2.98e-04
    step  625/8728 (global micro 18081/26184, update 18081/26184)  loss 0.8968  lr 2.96e-04
    step  650/8728 (global micro 18106/26184, update 18106/26184)  loss 0.6864  lr 2.95e-04
    step  675/8728 (global micro 18131/26184, update 18131/26184)  loss 0.3025  lr 2.94e-04
    step  700/8728 (global micro 18156/26184, update 18156/26184)  loss 0.6714  lr 2.93e-04
    step  725/8728 (global micro 18181/26184, update 18181/26184)  loss 0.5335  lr 2.92e-04
    step  750/8728 (global micro 18206/26184, update 18206/26184)  loss 0.6864  lr 2.91e-04
    step  775/8728 (global micro 18231/26184, update 18231/26184)  loss 0.5495  lr 2.90e-04
    step  800/8728 (global micro 18256/26184, update 18256/26184)  loss 0.5709  lr 2.89e-04
    step  825/8728 (global micro 18281/26184, update 18281/26184)  loss 0.7091  lr 2.88e-04
    step  850/8728 (global micro 18306/26184, update 18306/26184)  loss 0.7405  lr 2.86e-04
    step  875/8728 (global micro 18331/26184, update 18331/26184)  loss 0.4454  lr 2.85e-04
    step  900/8728 (global micro 18356/26184, update 18356/26184)  loss 0.3871  lr 2.84e-04
    step  925/8728 (global micro 18381/26184, update 18381/26184)  loss 0.4444  lr 2.83e-04
    step  950/8728 (global micro 18406/26184, update 18406/26184)  loss 0.4801  lr 2.82e-04
    step  975/8728 (global micro 18431/26184, update 18431/26184)  loss 0.4328  lr 2.81e-04
    step 1000/8728 (global micro 18456/26184, update 18456/26184)  loss 0.6067  lr 2.80e-04
    step 1025/8728 (global micro 18481/26184, update 18481/26184)  loss 0.5690  lr 2.79e-04
    step 1050/8728 (global micro 18506/26184, update 18506/26184)  loss 0.5183  lr 2.78e-04
    step 1075/8728 (global micro 18531/26184, update 18531/26184)  loss 0.5308  lr 2.77e-04
    step 1100/8728 (global micro 18556/26184, update 18556/26184)  loss 0.5978  lr 2.76e-04
    step 1125/8728 (global micro 18581/26184, update 18581/26184)  loss 0.5161  lr 2.75e-04
    step 1150/8728 (global micro 18606/26184, update 18606/26184)  loss 0.3502  lr 2.74e-04
    step 1175/8728 (global micro 18631/26184, update 18631/26184)  loss 0.7061  lr 2.72e-04
    step 1200/8728 (global micro 18656/26184, update 18656/26184)  loss 0.6221  lr 2.71e-04
    step 1225/8728 (global micro 18681/26184, update 18681/26184)  loss 0.6451  lr 2.70e-04
    step 1250/8728 (global micro 18706/26184, update 18706/26184)  loss 0.6265  lr 2.69e-04
    step 1275/8728 (global micro 18731/26184, update 18731/26184)  loss 0.4759  lr 2.68e-04
    step 1300/8728 (global micro 18756/26184, update 18756/26184)  loss 0.5784  lr 2.67e-04
    step 1325/8728 (global micro 18781/26184, update 18781/26184)  loss 0.4869  lr 2.66e-04
    step 1350/8728 (global micro 18806/26184, update 18806/26184)  loss 0.4933  lr 2.65e-04
    step 1375/8728 (global micro 18831/26184, update 18831/26184)  loss 0.3460  lr 2.64e-04
    step 1400/8728 (global micro 18856/26184, update 18856/26184)  loss 0.4325  lr 2.63e-04
    step 1425/8728 (global micro 18881/26184, update 18881/26184)  loss 0.5683  lr 2.62e-04
    step 1450/8728 (global micro 18906/26184, update 18906/26184)  loss 0.5859  lr 2.61e-04
    step 1475/8728 (global micro 18931/26184, update 18931/26184)  loss 0.7676  lr 2.60e-04
    step 1500/8728 (global micro 18956/26184, update 18956/26184)  loss 0.6372  lr 2.59e-04
    step 1525/8728 (global micro 18981/26184, update 18981/26184)  loss 0.8371  lr 2.58e-04
    step 1550/8728 (global micro 19006/26184, update 19006/26184)  loss 0.4670  lr 2.57e-04
    step 1575/8728 (global micro 19031/26184, update 19031/26184)  loss 0.6728  lr 2.56e-04
    step 1600/8728 (global micro 19056/26184, update 19056/26184)  loss 0.6157  lr 2.55e-04
    step 1625/8728 (global micro 19081/26184, update 19081/26184)  loss 0.6008  lr 2.54e-04
    step 1650/8728 (global micro 19106/26184, update 19106/26184)  loss 0.6223  lr 2.53e-04
    step 1675/8728 (global micro 19131/26184, update 19131/26184)  loss 0.4453  lr 2.52e-04
    step 1700/8728 (global micro 19156/26184, update 19156/26184)  loss 0.6764  lr 2.51e-04
    step 1725/8728 (global micro 19181/26184, update 19181/26184)  loss 0.6906  lr 2.50e-04
    step 1750/8728 (global micro 19206/26184, update 19206/26184)  loss 0.5541  lr 2.49e-04
    step 1775/8728 (global micro 19231/26184, update 19231/26184)  loss 0.5279  lr 2.48e-04
    step 1800/8728 (global micro 19256/26184, update 19256/26184)  loss 0.4518  lr 2.47e-04
    step 1825/8728 (global micro 19281/26184, update 19281/26184)  loss 0.4964  lr 2.46e-04
    step 1850/8728 (global micro 19306/26184, update 19306/26184)  loss 0.5426  lr 2.45e-04
    step 1875/8728 (global micro 19331/26184, update 19331/26184)  loss 0.4951  lr 2.44e-04
    step 1900/8728 (global micro 19356/26184, update 19356/26184)  loss 0.4438  lr 2.43e-04
    step 1925/8728 (global micro 19381/26184, update 19381/26184)  loss 0.4832  lr 2.42e-04
    step 1950/8728 (global micro 19406/26184, update 19406/26184)  loss 0.5808  lr 2.41e-04
    step 1975/8728 (global micro 19431/26184, update 19431/26184)  loss 0.4064  lr 2.40e-04
    step 2000/8728 (global micro 19456/26184, update 19456/26184)  loss 0.5775  lr 2.39e-04
    step 2025/8728 (global micro 19481/26184, update 19481/26184)  loss 0.4551  lr 2.38e-04
    step 2050/8728 (global micro 19506/26184, update 19506/26184)  loss 0.6476  lr 2.37e-04
    step 2075/8728 (global micro 19531/26184, update 19531/26184)  loss 0.7681  lr 2.36e-04
    step 2100/8728 (global micro 19556/26184, update 19556/26184)  loss 0.4756  lr 2.35e-04
    step 2125/8728 (global micro 19581/26184, update 19581/26184)  loss 0.2568  lr 2.34e-04
    step 2150/8728 (global micro 19606/26184, update 19606/26184)  loss 0.7945  lr 2.33e-04
    step 2175/8728 (global micro 19631/26184, update 19631/26184)  loss 0.3868  lr 2.32e-04
    step 2200/8728 (global micro 19656/26184, update 19656/26184)  loss 0.5187  lr 2.31e-04
    step 2225/8728 (global micro 19681/26184, update 19681/26184)  loss 0.6046  lr 2.30e-04
    step 2250/8728 (global micro 19706/26184, update 19706/26184)  loss 0.5455  lr 2.29e-04
    step 2275/8728 (global micro 19731/26184, update 19731/26184)  loss 0.4991  lr 2.28e-04
    step 2300/8728 (global micro 19756/26184, update 19756/26184)  loss 0.7645  lr 2.27e-04
    step 2325/8728 (global micro 19781/26184, update 19781/26184)  loss 0.4645  lr 2.26e-04
    step 2350/8728 (global micro 19806/26184, update 19806/26184)  loss 0.5330  lr 2.25e-04
    step 2375/8728 (global micro 19831/26184, update 19831/26184)  loss 0.6329  lr 2.25e-04
    step 2400/8728 (global micro 19856/26184, update 19856/26184)  loss 0.6510  lr 2.24e-04
    step 2425/8728 (global micro 19881/26184, update 19881/26184)  loss 0.3843  lr 2.23e-04
    step 2450/8728 (global micro 19906/26184, update 19906/26184)  loss 0.7573  lr 2.22e-04
    step 2475/8728 (global micro 19931/26184, update 19931/26184)  loss 0.7620  lr 2.21e-04
    step 2500/8728 (global micro 19956/26184, update 19956/26184)  loss 0.5793  lr 2.20e-04
    step 2525/8728 (global micro 19981/26184, update 19981/26184)  loss 0.6872  lr 2.19e-04
    step 2550/8728 (global micro 20006/26184, update 20006/26184)  loss 0.4469  lr 2.18e-04
    step 2575/8728 (global micro 20031/26184, update 20031/26184)  loss 0.6075  lr 2.17e-04
    step 2600/8728 (global micro 20056/26184, update 20056/26184)  loss 0.6306  lr 2.16e-04
    step 2625/8728 (global micro 20081/26184, update 20081/26184)  loss 0.5812  lr 2.15e-04
    step 2650/8728 (global micro 20106/26184, update 20106/26184)  loss 0.7341  lr 2.14e-04
    step 2675/8728 (global micro 20131/26184, update 20131/26184)  loss 0.4681  lr 2.14e-04
    step 2700/8728 (global micro 20156/26184, update 20156/26184)  loss 0.6015  lr 2.13e-04
    step 2725/8728 (global micro 20181/26184, update 20181/26184)  loss 0.5955  lr 2.12e-04
    step 2750/8728 (global micro 20206/26184, update 20206/26184)  loss 0.5287  lr 2.11e-04
    step 2775/8728 (global micro 20231/26184, update 20231/26184)  loss 0.5351  lr 2.10e-04
    step 2800/8728 (global micro 20256/26184, update 20256/26184)  loss 0.5783  lr 2.09e-04
    step 2825/8728 (global micro 20281/26184, update 20281/26184)  loss 0.7118  lr 2.08e-04
    step 2850/8728 (global micro 20306/26184, update 20306/26184)  loss 0.7363  lr 2.07e-04
    step 2875/8728 (global micro 20331/26184, update 20331/26184)  loss 0.5686  lr 2.06e-04
    step 2900/8728 (global micro 20356/26184, update 20356/26184)  loss 0.4683  lr 2.06e-04
    step 2925/8728 (global micro 20381/26184, update 20381/26184)  loss 0.4938  lr 2.05e-04
    step 2950/8728 (global micro 20406/26184, update 20406/26184)  loss 0.6303  lr 2.04e-04
    step 2975/8728 (global micro 20431/26184, update 20431/26184)  loss 0.3790  lr 2.03e-04
    step 3000/8728 (global micro 20456/26184, update 20456/26184)  loss 0.3578  lr 2.02e-04
    step 3025/8728 (global micro 20481/26184, update 20481/26184)  loss 0.4415  lr 2.01e-04
    step 3050/8728 (global micro 20506/26184, update 20506/26184)  loss 0.4820  lr 2.00e-04
    step 3075/8728 (global micro 20531/26184, update 20531/26184)  loss 0.8107  lr 2.00e-04
    step 3100/8728 (global micro 20556/26184, update 20556/26184)  loss 0.4657  lr 1.99e-04
    step 3125/8728 (global micro 20581/26184, update 20581/26184)  loss 0.5667  lr 1.98e-04
    step 3150/8728 (global micro 20606/26184, update 20606/26184)  loss 0.6023  lr 1.97e-04
    step 3175/8728 (global micro 20631/26184, update 20631/26184)  loss 0.6930  lr 1.96e-04
    step 3200/8728 (global micro 20656/26184, update 20656/26184)  loss 0.4696  lr 1.95e-04
    step 3225/8728 (global micro 20681/26184, update 20681/26184)  loss 0.5450  lr 1.95e-04
    step 3250/8728 (global micro 20706/26184, update 20706/26184)  loss 0.5910  lr 1.94e-04
    step 3275/8728 (global micro 20731/26184, update 20731/26184)  loss 0.6923  lr 1.93e-04
    step 3300/8728 (global micro 20756/26184, update 20756/26184)  loss 0.5235  lr 1.92e-04
    step 3325/8728 (global micro 20781/26184, update 20781/26184)  loss 0.5364  lr 1.91e-04
    step 3350/8728 (global micro 20806/26184, update 20806/26184)  loss 0.6619  lr 1.90e-04
    step 3375/8728 (global micro 20831/26184, update 20831/26184)  loss 0.4581  lr 1.90e-04
    step 3400/8728 (global micro 20856/26184, update 20856/26184)  loss 0.3728  lr 1.89e-04
    step 3425/8728 (global micro 20881/26184, update 20881/26184)  loss 0.6646  lr 1.88e-04
    step 3450/8728 (global micro 20906/26184, update 20906/26184)  loss 0.5464  lr 1.87e-04
    step 3475/8728 (global micro 20931/26184, update 20931/26184)  loss 0.6203  lr 1.86e-04
    step 3500/8728 (global micro 20956/26184, update 20956/26184)  loss 0.6074  lr 1.86e-04
    step 3525/8728 (global micro 20981/26184, update 20981/26184)  loss 0.5653  lr 1.85e-04
    step 3550/8728 (global micro 21006/26184, update 21006/26184)  loss 0.6344  lr 1.84e-04
    step 3575/8728 (global micro 21031/26184, update 21031/26184)  loss 0.4967  lr 1.83e-04
    step 3600/8728 (global micro 21056/26184, update 21056/26184)  loss 0.6216  lr 1.83e-04
    step 3625/8728 (global micro 21081/26184, update 21081/26184)  loss 0.7046  lr 1.82e-04
    step 3650/8728 (global micro 21106/26184, update 21106/26184)  loss 0.5261  lr 1.81e-04
    step 3675/8728 (global micro 21131/26184, update 21131/26184)  loss 0.4587  lr 1.80e-04
    step 3700/8728 (global micro 21156/26184, update 21156/26184)  loss 0.6041  lr 1.79e-04
    step 3725/8728 (global micro 21181/26184, update 21181/26184)  loss 0.4720  lr 1.79e-04
    step 3750/8728 (global micro 21206/26184, update 21206/26184)  loss 0.5707  lr 1.78e-04
    step 3775/8728 (global micro 21231/26184, update 21231/26184)  loss 0.5797  lr 1.77e-04
    step 3800/8728 (global micro 21256/26184, update 21256/26184)  loss 0.4851  lr 1.76e-04
    step 3825/8728 (global micro 21281/26184, update 21281/26184)  loss 0.4821  lr 1.76e-04
    step 3850/8728 (global micro 21306/26184, update 21306/26184)  loss 0.5410  lr 1.75e-04
    step 3875/8728 (global micro 21331/26184, update 21331/26184)  loss 0.4434  lr 1.74e-04
    step 3900/8728 (global micro 21356/26184, update 21356/26184)  loss 0.5482  lr 1.73e-04
    step 3925/8728 (global micro 21381/26184, update 21381/26184)  loss 0.4082  lr 1.73e-04
    step 3950/8728 (global micro 21406/26184, update 21406/26184)  loss 0.5600  lr 1.72e-04
    step 3975/8728 (global micro 21431/26184, update 21431/26184)  loss 0.5580  lr 1.71e-04
    step 4000/8728 (global micro 21456/26184, update 21456/26184)  loss 0.4337  lr 1.70e-04
    step 4025/8728 (global micro 21481/26184, update 21481/26184)  loss 0.4935  lr 1.70e-04
    step 4050/8728 (global micro 21506/26184, update 21506/26184)  loss 0.4965  lr 1.69e-04
    step 4075/8728 (global micro 21531/26184, update 21531/26184)  loss 0.5204  lr 1.68e-04
    step 4100/8728 (global micro 21556/26184, update 21556/26184)  loss 0.4302  lr 1.68e-04
    step 4125/8728 (global micro 21581/26184, update 21581/26184)  loss 0.3793  lr 1.67e-04
    step 4150/8728 (global micro 21606/26184, update 21606/26184)  loss 0.4943  lr 1.66e-04
    step 4175/8728 (global micro 21631/26184, update 21631/26184)  loss 0.3586  lr 1.65e-04
    step 4200/8728 (global micro 21656/26184, update 21656/26184)  loss 0.4011  lr 1.65e-04
    step 4225/8728 (global micro 21681/26184, update 21681/26184)  loss 0.5161  lr 1.64e-04
    step 4250/8728 (global micro 21706/26184, update 21706/26184)  loss 0.6137  lr 1.63e-04
    step 4275/8728 (global micro 21731/26184, update 21731/26184)  loss 0.5613  lr 1.63e-04
    step 4300/8728 (global micro 21756/26184, update 21756/26184)  loss 0.5655  lr 1.62e-04
    step 4325/8728 (global micro 21781/26184, update 21781/26184)  loss 0.5599  lr 1.61e-04
    step 4350/8728 (global micro 21806/26184, update 21806/26184)  loss 0.5765  lr 1.61e-04
    step 4375/8728 (global micro 21831/26184, update 21831/26184)  loss 0.6677  lr 1.60e-04
    step 4400/8728 (global micro 21856/26184, update 21856/26184)  loss 0.6244  lr 1.59e-04
    step 4425/8728 (global micro 21881/26184, update 21881/26184)  loss 0.5098  lr 1.59e-04
    step 4450/8728 (global micro 21906/26184, update 21906/26184)  loss 0.7059  lr 1.58e-04
    step 4475/8728 (global micro 21931/26184, update 21931/26184)  loss 0.6106  lr 1.57e-04
    step 4500/8728 (global micro 21956/26184, update 21956/26184)  loss 0.4872  lr 1.57e-04
    step 4525/8728 (global micro 21981/26184, update 21981/26184)  loss 0.4658  lr 1.56e-04
    step 4550/8728 (global micro 22006/26184, update 22006/26184)  loss 0.5465  lr 1.55e-04
    step 4575/8728 (global micro 22031/26184, update 22031/26184)  loss 0.4605  lr 1.55e-04
    step 4600/8728 (global micro 22056/26184, update 22056/26184)  loss 0.4924  lr 1.54e-04
    step 4625/8728 (global micro 22081/26184, update 22081/26184)  loss 0.5559  lr 1.53e-04
    step 4650/8728 (global micro 22106/26184, update 22106/26184)  loss 0.4076  lr 1.53e-04
    step 4675/8728 (global micro 22131/26184, update 22131/26184)  loss 0.6748  lr 1.52e-04
    step 4700/8728 (global micro 22156/26184, update 22156/26184)  loss 0.5369  lr 1.52e-04
    step 4725/8728 (global micro 22181/26184, update 22181/26184)  loss 0.7445  lr 1.51e-04
    step 4750/8728 (global micro 22206/26184, update 22206/26184)  loss 0.4891  lr 1.50e-04
    step 4775/8728 (global micro 22231/26184, update 22231/26184)  loss 0.5380  lr 1.50e-04
    step 4800/8728 (global micro 22256/26184, update 22256/26184)  loss 0.5269  lr 1.49e-04
    step 4825/8728 (global micro 22281/26184, update 22281/26184)  loss 0.5125  lr 1.48e-04
    step 4850/8728 (global micro 22306/26184, update 22306/26184)  loss 0.5849  lr 1.48e-04
    step 4875/8728 (global micro 22331/26184, update 22331/26184)  loss 0.5913  lr 1.47e-04
    step 4900/8728 (global micro 22356/26184, update 22356/26184)  loss 0.7039  lr 1.47e-04
    step 4925/8728 (global micro 22381/26184, update 22381/26184)  loss 0.5983  lr 1.46e-04
    step 4950/8728 (global micro 22406/26184, update 22406/26184)  loss 0.5983  lr 1.45e-04
    step 4975/8728 (global micro 22431/26184, update 22431/26184)  loss 0.5719  lr 1.45e-04
    step 5000/8728 (global micro 22456/26184, update 22456/26184)  loss 0.5680  lr 1.44e-04
    step 5025/8728 (global micro 22481/26184, update 22481/26184)  loss 0.5002  lr 1.44e-04
    step 5050/8728 (global micro 22506/26184, update 22506/26184)  loss 0.4789  lr 1.43e-04
    step 5075/8728 (global micro 22531/26184, update 22531/26184)  loss 0.6408  lr 1.43e-04
    step 5100/8728 (global micro 22556/26184, update 22556/26184)  loss 0.6439  lr 1.42e-04
    step 5125/8728 (global micro 22581/26184, update 22581/26184)  loss 0.7300  lr 1.41e-04
    step 5150/8728 (global micro 22606/26184, update 22606/26184)  loss 0.5152  lr 1.41e-04
    step 5175/8728 (global micro 22631/26184, update 22631/26184)  loss 0.3472  lr 1.40e-04
    step 5200/8728 (global micro 22656/26184, update 22656/26184)  loss 0.6048  lr 1.40e-04
    step 5225/8728 (global micro 22681/26184, update 22681/26184)  loss 0.5443  lr 1.39e-04
    step 5250/8728 (global micro 22706/26184, update 22706/26184)  loss 0.5626  lr 1.39e-04
    step 5275/8728 (global micro 22731/26184, update 22731/26184)  loss 0.3950  lr 1.38e-04
    step 5300/8728 (global micro 22756/26184, update 22756/26184)  loss 0.6552  lr 1.38e-04
    step 5325/8728 (global micro 22781/26184, update 22781/26184)  loss 0.5143  lr 1.37e-04
    step 5350/8728 (global micro 22806/26184, update 22806/26184)  loss 0.5559  lr 1.36e-04
    step 5375/8728 (global micro 22831/26184, update 22831/26184)  loss 0.5639  lr 1.36e-04
    step 5400/8728 (global micro 22856/26184, update 22856/26184)  loss 0.5926  lr 1.35e-04
    step 5425/8728 (global micro 22881/26184, update 22881/26184)  loss 0.5512  lr 1.35e-04
    step 5450/8728 (global micro 22906/26184, update 22906/26184)  loss 0.4269  lr 1.34e-04
    step 5475/8728 (global micro 22931/26184, update 22931/26184)  loss 0.5495  lr 1.34e-04
    step 5500/8728 (global micro 22956/26184, update 22956/26184)  loss 0.3573  lr 1.33e-04
    step 5525/8728 (global micro 22981/26184, update 22981/26184)  loss 0.5113  lr 1.33e-04
    step 5550/8728 (global micro 23006/26184, update 23006/26184)  loss 0.5868  lr 1.32e-04
    step 5575/8728 (global micro 23031/26184, update 23031/26184)  loss 0.5239  lr 1.32e-04
    step 5600/8728 (global micro 23056/26184, update 23056/26184)  loss 0.6608  lr 1.31e-04
    step 5625/8728 (global micro 23081/26184, update 23081/26184)  loss 0.4674  lr 1.31e-04
    step 5650/8728 (global micro 23106/26184, update 23106/26184)  loss 0.6393  lr 1.30e-04
    step 5675/8728 (global micro 23131/26184, update 23131/26184)  loss 0.3415  lr 1.30e-04
    step 5700/8728 (global micro 23156/26184, update 23156/26184)  loss 0.4636  lr 1.29e-04
    step 5725/8728 (global micro 23181/26184, update 23181/26184)  loss 0.5689  lr 1.29e-04
    step 5750/8728 (global micro 23206/26184, update 23206/26184)  loss 0.5807  lr 1.28e-04
    step 5775/8728 (global micro 23231/26184, update 23231/26184)  loss 0.4348  lr 1.28e-04
    step 5800/8728 (global micro 23256/26184, update 23256/26184)  loss 0.6344  lr 1.27e-04
    step 5825/8728 (global micro 23281/26184, update 23281/26184)  loss 0.7326  lr 1.27e-04
    step 5850/8728 (global micro 23306/26184, update 23306/26184)  loss 0.4228  lr 1.27e-04
    step 5875/8728 (global micro 23331/26184, update 23331/26184)  loss 0.4106  lr 1.26e-04
    step 5900/8728 (global micro 23356/26184, update 23356/26184)  loss 0.4292  lr 1.26e-04
    step 5925/8728 (global micro 23381/26184, update 23381/26184)  loss 0.4645  lr 1.25e-04
    step 5950/8728 (global micro 23406/26184, update 23406/26184)  loss 0.5302  lr 1.25e-04
    step 5975/8728 (global micro 23431/26184, update 23431/26184)  loss 0.3995  lr 1.24e-04
    step 6000/8728 (global micro 23456/26184, update 23456/26184)  loss 0.5085  lr 1.24e-04
    step 6025/8728 (global micro 23481/26184, update 23481/26184)  loss 0.6292  lr 1.23e-04
    step 6050/8728 (global micro 23506/26184, update 23506/26184)  loss 0.4067  lr 1.23e-04
    step 6075/8728 (global micro 23531/26184, update 23531/26184)  loss 0.5358  lr 1.23e-04
    step 6100/8728 (global micro 23556/26184, update 23556/26184)  loss 0.4054  lr 1.22e-04
    step 6125/8728 (global micro 23581/26184, update 23581/26184)  loss 0.3402  lr 1.22e-04
    step 6150/8728 (global micro 23606/26184, update 23606/26184)  loss 0.4611  lr 1.21e-04
    step 6175/8728 (global micro 23631/26184, update 23631/26184)  loss 0.5485  lr 1.21e-04
    step 6200/8728 (global micro 23656/26184, update 23656/26184)  loss 0.4321  lr 1.21e-04
    step 6225/8728 (global micro 23681/26184, update 23681/26184)  loss 0.4452  lr 1.20e-04
    step 6250/8728 (global micro 23706/26184, update 23706/26184)  loss 0.5344  lr 1.20e-04
    step 6275/8728 (global micro 23731/26184, update 23731/26184)  loss 0.6284  lr 1.19e-04
    step 6300/8728 (global micro 23756/26184, update 23756/26184)  loss 0.4618  lr 1.19e-04
    step 6325/8728 (global micro 23781/26184, update 23781/26184)  loss 0.5246  lr 1.19e-04
    step 6350/8728 (global micro 23806/26184, update 23806/26184)  loss 0.4219  lr 1.18e-04
    step 6375/8728 (global micro 23831/26184, update 23831/26184)  loss 0.5169  lr 1.18e-04
    step 6400/8728 (global micro 23856/26184, update 23856/26184)  loss 0.3952  lr 1.17e-04
    step 6425/8728 (global micro 23881/26184, update 23881/26184)  loss 0.6738  lr 1.17e-04
    step 6450/8728 (global micro 23906/26184, update 23906/26184)  loss 0.5319  lr 1.17e-04
    step 6475/8728 (global micro 23931/26184, update 23931/26184)  loss 0.5572  lr 1.16e-04
    step 6500/8728 (global micro 23956/26184, update 23956/26184)  loss 0.4620  lr 1.16e-04
    step 6525/8728 (global micro 23981/26184, update 23981/26184)  loss 0.6242  lr 1.16e-04
    step 6550/8728 (global micro 24006/26184, update 24006/26184)  loss 0.7075  lr 1.15e-04
    step 6575/8728 (global micro 24031/26184, update 24031/26184)  loss 0.6676  lr 1.15e-04
    step 6600/8728 (global micro 24056/26184, update 24056/26184)  loss 0.5228  lr 1.15e-04
    step 6625/8728 (global micro 24081/26184, update 24081/26184)  loss 0.4961  lr 1.14e-04
    step 6650/8728 (global micro 24106/26184, update 24106/26184)  loss 0.5639  lr 1.14e-04
    step 6675/8728 (global micro 24131/26184, update 24131/26184)  loss 0.6446  lr 1.14e-04
    step 6700/8728 (global micro 24156/26184, update 24156/26184)  loss 0.3527  lr 1.13e-04
    step 6725/8728 (global micro 24181/26184, update 24181/26184)  loss 0.4989  lr 1.13e-04
    step 6750/8728 (global micro 24206/26184, update 24206/26184)  loss 0.4281  lr 1.13e-04
    step 6775/8728 (global micro 24231/26184, update 24231/26184)  loss 0.5740  lr 1.12e-04
    step 6800/8728 (global micro 24256/26184, update 24256/26184)  loss 0.5155  lr 1.12e-04
    step 6825/8728 (global micro 24281/26184, update 24281/26184)  loss 0.5349  lr 1.12e-04
    step 6850/8728 (global micro 24306/26184, update 24306/26184)  loss 0.4618  lr 1.11e-04
    step 6875/8728 (global micro 24331/26184, update 24331/26184)  loss 0.4722  lr 1.11e-04
    step 6900/8728 (global micro 24356/26184, update 24356/26184)  loss 0.4911  lr 1.11e-04
    step 6925/8728 (global micro 24381/26184, update 24381/26184)  loss 0.6573  lr 1.10e-04
    step 6950/8728 (global micro 24406/26184, update 24406/26184)  loss 0.3289  lr 1.10e-04
    step 6975/8728 (global micro 24431/26184, update 24431/26184)  loss 0.4949  lr 1.10e-04
    step 7000/8728 (global micro 24456/26184, update 24456/26184)  loss 0.5218  lr 1.10e-04
    step 7025/8728 (global micro 24481/26184, update 24481/26184)  loss 0.4384  lr 1.09e-04
    step 7050/8728 (global micro 24506/26184, update 24506/26184)  loss 0.5570  lr 1.09e-04
    step 7075/8728 (global micro 24531/26184, update 24531/26184)  loss 0.4519  lr 1.09e-04
    step 7100/8728 (global micro 24556/26184, update 24556/26184)  loss 0.4083  lr 1.09e-04
    step 7125/8728 (global micro 24581/26184, update 24581/26184)  loss 0.4470  lr 1.08e-04
    step 7150/8728 (global micro 24606/26184, update 24606/26184)  loss 0.4302  lr 1.08e-04
    step 7175/8728 (global micro 24631/26184, update 24631/26184)  loss 0.6138  lr 1.08e-04
    step 7200/8728 (global micro 24656/26184, update 24656/26184)  loss 0.6388  lr 1.08e-04
    step 7225/8728 (global micro 24681/26184, update 24681/26184)  loss 0.5688  lr 1.07e-04
    step 7250/8728 (global micro 24706/26184, update 24706/26184)  loss 0.5507  lr 1.07e-04
    step 7275/8728 (global micro 24731/26184, update 24731/26184)  loss 0.5809  lr 1.07e-04
    step 7300/8728 (global micro 24756/26184, update 24756/26184)  loss 0.5452  lr 1.07e-04
    step 7325/8728 (global micro 24781/26184, update 24781/26184)  loss 0.6460  lr 1.06e-04
    step 7350/8728 (global micro 24806/26184, update 24806/26184)  loss 0.5589  lr 1.06e-04
    step 7375/8728 (global micro 24831/26184, update 24831/26184)  loss 0.4865  lr 1.06e-04
    step 7400/8728 (global micro 24856/26184, update 24856/26184)  loss 0.6530  lr 1.06e-04
    step 7425/8728 (global micro 24881/26184, update 24881/26184)  loss 0.6988  lr 1.05e-04
    step 7450/8728 (global micro 24906/26184, update 24906/26184)  loss 0.4052  lr 1.05e-04
    step 7475/8728 (global micro 24931/26184, update 24931/26184)  loss 0.5508  lr 1.05e-04
    step 7500/8728 (global micro 24956/26184, update 24956/26184)  loss 0.5291  lr 1.05e-04
    step 7525/8728 (global micro 24981/26184, update 24981/26184)  loss 0.4698  lr 1.05e-04
    step 7550/8728 (global micro 25006/26184, update 25006/26184)  loss 0.4149  lr 1.04e-04
    step 7575/8728 (global micro 25031/26184, update 25031/26184)  loss 0.4586  lr 1.04e-04
    step 7600/8728 (global micro 25056/26184, update 25056/26184)  loss 0.5751  lr 1.04e-04
    step 7625/8728 (global micro 25081/26184, update 25081/26184)  loss 0.5050  lr 1.04e-04
    step 7650/8728 (global micro 25106/26184, update 25106/26184)  loss 0.4904  lr 1.04e-04
    step 7675/8728 (global micro 25131/26184, update 25131/26184)  loss 0.5051  lr 1.04e-04
    step 7700/8728 (global micro 25156/26184, update 25156/26184)  loss 0.4774  lr 1.03e-04
    step 7725/8728 (global micro 25181/26184, update 25181/26184)  loss 0.5229  lr 1.03e-04
    step 7750/8728 (global micro 25206/26184, update 25206/26184)  loss 0.4025  lr 1.03e-04
    step 7775/8728 (global micro 25231/26184, update 25231/26184)  loss 0.5905  lr 1.03e-04
    step 7800/8728 (global micro 25256/26184, update 25256/26184)  loss 0.3690  lr 1.03e-04
    step 7825/8728 (global micro 25281/26184, update 25281/26184)  loss 0.6324  lr 1.03e-04
    step 7850/8728 (global micro 25306/26184, update 25306/26184)  loss 0.6096  lr 1.02e-04
    step 7875/8728 (global micro 25331/26184, update 25331/26184)  loss 0.3786  lr 1.02e-04
    step 7900/8728 (global micro 25356/26184, update 25356/26184)  loss 0.4305  lr 1.02e-04
    step 7925/8728 (global micro 25381/26184, update 25381/26184)  loss 0.5264  lr 1.02e-04
    step 7950/8728 (global micro 25406/26184, update 25406/26184)  loss 0.5690  lr 1.02e-04
    step 7975/8728 (global micro 25431/26184, update 25431/26184)  loss 0.6170  lr 1.02e-04
    step 8000/8728 (global micro 25456/26184, update 25456/26184)  loss 0.6366  lr 1.02e-04
    step 8025/8728 (global micro 25481/26184, update 25481/26184)  loss 0.3338  lr 1.02e-04
    step 8050/8728 (global micro 25506/26184, update 25506/26184)  loss 0.5096  lr 1.01e-04
    step 8075/8728 (global micro 25531/26184, update 25531/26184)  loss 0.6544  lr 1.01e-04
    step 8100/8728 (global micro 25556/26184, update 25556/26184)  loss 0.5844  lr 1.01e-04
    step 8125/8728 (global micro 25581/26184, update 25581/26184)  loss 0.4131  lr 1.01e-04
    step 8150/8728 (global micro 25606/26184, update 25606/26184)  loss 0.6271  lr 1.01e-04
    step 8175/8728 (global micro 25631/26184, update 25631/26184)  loss 0.5715  lr 1.01e-04
    step 8200/8728 (global micro 25656/26184, update 25656/26184)  loss 0.4333  lr 1.01e-04
    step 8225/8728 (global micro 25681/26184, update 25681/26184)  loss 0.6111  lr 1.01e-04
    step 8250/8728 (global micro 25706/26184, update 25706/26184)  loss 0.5160  lr 1.01e-04
    step 8275/8728 (global micro 25731/26184, update 25731/26184)  loss 0.5054  lr 1.01e-04
    step 8300/8728 (global micro 25756/26184, update 25756/26184)  loss 0.6055  lr 1.01e-04
    step 8325/8728 (global micro 25781/26184, update 25781/26184)  loss 0.6381  lr 1.01e-04
    step 8350/8728 (global micro 25806/26184, update 25806/26184)  loss 0.5718  lr 1.00e-04
    step 8375/8728 (global micro 25831/26184, update 25831/26184)  loss 0.5500  lr 1.00e-04
    step 8400/8728 (global micro 25856/26184, update 25856/26184)  loss 0.5142  lr 1.00e-04
    step 8425/8728 (global micro 25881/26184, update 25881/26184)  loss 0.3480  lr 1.00e-04
    step 8450/8728 (global micro 25906/26184, update 25906/26184)  loss 0.4786  lr 1.00e-04
    step 8475/8728 (global micro 25931/26184, update 25931/26184)  loss 0.6071  lr 1.00e-04
    step 8500/8728 (global micro 25956/26184, update 25956/26184)  loss 0.6084  lr 1.00e-04
    step 8525/8728 (global micro 25981/26184, update 25981/26184)  loss 0.2894  lr 1.00e-04
    step 8550/8728 (global micro 26006/26184, update 26006/26184)  loss 0.6956  lr 1.00e-04
    step 8575/8728 (global micro 26031/26184, update 26031/26184)  loss 0.4838  lr 1.00e-04
    step 8600/8728 (global micro 26056/26184, update 26056/26184)  loss 0.5762  lr 1.00e-04
    step 8625/8728 (global micro 26081/26184, update 26081/26184)  loss 0.5779  lr 1.00e-04
    step 8650/8728 (global micro 26106/26184, update 26106/26184)  loss 0.5032  lr 1.00e-04
    step 8675/8728 (global micro 26131/26184, update 26131/26184)  loss 0.5394  lr 1.00e-04
    step 8700/8728 (global micro 26156/26184, update 26156/26184)  loss 0.6120  lr 1.00e-04
    step 8725/8728 (global micro 26181/26184, update 26181/26184)  loss 0.5801  lr 1.00e-04
    step 8728/8728 (global micro 26184/26184, update 26184/26184)  loss 0.6219  lr 1.00e-04
  epoch   3/3  loss 0.5504  lr 1.00e-04  (935.3s)
  Epoch checkpoint: /home/aomukai/Ninereeds/core/c13_Phase_B_bridged_retry4_e3.pt

  Best loss: 0.5504
  Checkpoint saved: /home/aomukai/Ninereeds/core/c13_Phase_B_bridged_retry4.pt

