  Training audit: PASSED
  Python: /home/aomukai/.unsloth/studio/unsloth_studio/bin/python
  Device: cuda
  Phase: 0
  Seed: 1337
  Data order: seeded-shuffle
  Resume checkpoint: /home/aomukai/Ninereeds/core/c13_Phase_C_direct_e3.pt

============================================================
  BDH Phase 0 Training
============================================================
  Data files: ['/home/aomukai/Ninereeds/training/corpus/campaign_13_bridge.txt']
  Total bytes: 62,681
  Pre-loading corpus tensor...
  Corpus tensor: 62,681 tokens
  Model: small-25m (25.3M params)
  Resuming from: /home/aomukai/Ninereeds/core/c13_Phase_C_direct_e3.pt
  Seed: 1337  |  Deterministic: enabled  |  Data order: seeded-shuffle
  Epochs: 1  |  Windows/epoch: 244  |  Micro-steps/epoch: 122  |  Optimizer updates/epoch: 122  |  Total optimizer updates: 122  |  LR: 0.001
  Block size: 256  |  Batch size: 2
  Grad accumulation: 1
  AMP bf16: enabled
  Data mode: phase_text
  VRAM logging: disabled
  Log interval: every 25 step(s)
  Output: /home/aomukai/Ninereeds/core/c13_Phase_E_bridge_pre_retry3.pt

    step    1/122 (global micro     1/122, update     1/122)  loss 3.1601  lr 1.00e-03
    step   25/122 (global micro    25/122, update    25/122)  loss 0.6060  lr 9.10e-04
    step   50/122 (global micro    50/122, update    50/122)  loss 0.4080  lr 6.76e-04
    step   75/122 (global micro    75/122, update    75/122)  loss 0.4335  lr 3.91e-04
    step  100/122 (global micro   100/122, update   100/122)  loss 0.2131  lr 1.70e-04
    step  122/122 (global micro   122/122, update   122/122)  loss 0.2941  lr 1.00e-04
  epoch   1/1  loss 0.6000  lr 1.00e-04  (22.0s)
  Epoch checkpoint: /home/aomukai/Ninereeds/core/c13_Phase_E_bridge_pre_retry3_e1.pt

  Best loss: 0.6000
  Checkpoint saved: /home/aomukai/Ninereeds/core/c13_Phase_E_bridge_pre_retry3.pt

