  Training audit: PASSED
  Python: /home/aomukai/.unsloth/studio/unsloth_studio/bin/python
  Device: cuda
  Phase: 0
  Seed: 1337
  Data order: seeded-shuffle
  Resume checkpoint: /home/aomukai/Ninereeds/checkpoints/c13_Phase_C_winner.pt

============================================================
  BDH Phase 0 Training
============================================================
  Data files: ['/home/aomukai/Ninereeds/training/corpus/campaign_13_phase_B.txt']
  Total bytes: 4,468,980
  Pre-loading corpus tensor...
  Corpus tensor: 4,468,980 tokens
  Model: small-25m (25.3M params)
  Resuming from: /home/aomukai/Ninereeds/checkpoints/c13_Phase_C_winner.pt
  Seed: 1337  |  Deterministic: enabled  |  Data order: seeded-shuffle
  Epochs: 5  |  Windows/epoch: 17456  |  Micro-steps/epoch: 4364  |  Optimizer updates/epoch: 4364  |  Total optimizer updates: 21820  |  LR: 0.001
  Block size: 256  |  Batch size: 4
  Grad accumulation: 1
  AMP bf16: enabled
  Data mode: phase_text
  VRAM logging: disabled
  Log interval: every 25 step(s)
  Output: /home/aomukai/Ninereeds/core/c13_Phase_B_ext_p1.pt

    step    1/4364 (global micro     1/21820, update     1/21820)  loss 0.6868  lr 1.00e-03
    step   25/4364 (global micro    25/21820, update    25/21820)  loss 0.8738  lr 1.00e-03
    step   50/4364 (global micro    50/21820, update    50/21820)  loss 0.7749  lr 1.00e-03
    step   75/4364 (global micro    75/21820, update    75/21820)  loss 0.7429  lr 1.00e-03
    step  100/4364 (global micro   100/21820, update   100/21820)  loss 0.6718  lr 1.00e-03
    step  125/4364 (global micro   125/21820, update   125/21820)  loss 0.7059  lr 1.00e-03
    step  150/4364 (global micro   150/21820, update   150/21820)  loss 0.5880  lr 1.00e-03
    step  175/4364 (global micro   175/21820, update   175/21820)  loss 0.8539  lr 1.00e-03
    step  200/4364 (global micro   200/21820, update   200/21820)  loss 0.7758  lr 1.00e-03
    step  225/4364 (global micro   225/21820, update   225/21820)  loss 0.6851  lr 1.00e-03
    step  250/4364 (global micro   250/21820, update   250/21820)  loss 0.8451  lr 1.00e-03
    step  275/4364 (global micro   275/21820, update   275/21820)  loss 0.6792  lr 1.00e-03
    step  300/4364 (global micro   300/21820, update   300/21820)  loss 0.8749  lr 1.00e-03
    step  325/4364 (global micro   325/21820, update   325/21820)  loss 0.9334  lr 1.00e-03
    step  350/4364 (global micro   350/21820, update   350/21820)  loss 0.8916  lr 9.99e-04
    step  375/4364 (global micro   375/21820, update   375/21820)  loss 0.9327  lr 9.99e-04
    step  400/4364 (global micro   400/21820, update   400/21820)  loss 0.8171  lr 9.99e-04
    step  425/4364 (global micro   425/21820, update   425/21820)  loss 0.7644  lr 9.99e-04
    step  450/4364 (global micro   450/21820, update   450/21820)  loss 0.7644  lr 9.99e-04
    step  475/4364 (global micro   475/21820, update   475/21820)  loss 0.6088  lr 9.99e-04
    step  500/4364 (global micro   500/21820, update   500/21820)  loss 0.9132  lr 9.99e-04
    step  525/4364 (global micro   525/21820, update   525/21820)  loss 0.7736  lr 9.99e-04
    step  550/4364 (global micro   550/21820, update   550/21820)  loss 0.9159  lr 9.99e-04
    step  575/4364 (global micro   575/21820, update   575/21820)  loss 0.8085  lr 9.98e-04
    step  600/4364 (global micro   600/21820, update   600/21820)  loss 0.9140  lr 9.98e-04
    step  625/4364 (global micro   625/21820, update   625/21820)  loss 0.6996  lr 9.98e-04
    step  650/4364 (global micro   650/21820, update   650/21820)  loss 0.9546  lr 9.98e-04
    step  675/4364 (global micro   675/21820, update   675/21820)  loss 0.6452  lr 9.98e-04
    step  700/4364 (global micro   700/21820, update   700/21820)  loss 0.8068  lr 9.98e-04
    step  725/4364 (global micro   725/21820, update   725/21820)  loss 0.6813  lr 9.98e-04
    step  750/4364 (global micro   750/21820, update   750/21820)  loss 0.8264  lr 9.97e-04
    step  775/4364 (global micro   775/21820, update   775/21820)  loss 0.7461  lr 9.97e-04
    step  800/4364 (global micro   800/21820, update   800/21820)  loss 0.7008  lr 9.97e-04
    step  825/4364 (global micro   825/21820, update   825/21820)  loss 0.8066  lr 9.97e-04
    step  850/4364 (global micro   850/21820, update   850/21820)  loss 0.7690  lr 9.97e-04
    step  875/4364 (global micro   875/21820, update   875/21820)  loss 0.7738  lr 9.96e-04
    step  900/4364 (global micro   900/21820, update   900/21820)  loss 0.8731  lr 9.96e-04
    step  925/4364 (global micro   925/21820, update   925/21820)  loss 0.8288  lr 9.96e-04
    step  950/4364 (global micro   950/21820, update   950/21820)  loss 0.9718  lr 9.96e-04
    step  975/4364 (global micro   975/21820, update   975/21820)  loss 0.9493  lr 9.96e-04
    step 1000/4364 (global micro  1000/21820, update  1000/21820)  loss 0.9040  lr 9.95e-04
    step 1025/4364 (global micro  1025/21820, update  1025/21820)  loss 0.6800  lr 9.95e-04
    step 1050/4364 (global micro  1050/21820, update  1050/21820)  loss 0.8205  lr 9.95e-04
    step 1075/4364 (global micro  1075/21820, update  1075/21820)  loss 0.9389  lr 9.95e-04
    step 1100/4364 (global micro  1100/21820, update  1100/21820)  loss 0.6146  lr 9.94e-04
    step 1125/4364 (global micro  1125/21820, update  1125/21820)  loss 0.9731  lr 9.94e-04
    step 1150/4364 (global micro  1150/21820, update  1150/21820)  loss 0.6193  lr 9.94e-04
    step 1175/4364 (global micro  1175/21820, update  1175/21820)  loss 0.6196  lr 9.94e-04
    step 1200/4364 (global micro  1200/21820, update  1200/21820)  loss 0.7831  lr 9.93e-04
    step 1225/4364 (global micro  1225/21820, update  1225/21820)  loss 0.8616  lr 9.93e-04
    step 1250/4364 (global micro  1250/21820, update  1250/21820)  loss 0.8242  lr 9.93e-04
    step 1275/4364 (global micro  1275/21820, update  1275/21820)  loss 0.6625  lr 9.92e-04
    step 1300/4364 (global micro  1300/21820, update  1300/21820)  loss 0.7899  lr 9.92e-04
    step 1325/4364 (global micro  1325/21820, update  1325/21820)  loss 0.6991  lr 9.92e-04
    step 1350/4364 (global micro  1350/21820, update  1350/21820)  loss 0.6684  lr 9.92e-04
    step 1375/4364 (global micro  1375/21820, update  1375/21820)  loss 0.9636  lr 9.91e-04
    step 1400/4364 (global micro  1400/21820, update  1400/21820)  loss 0.8055  lr 9.91e-04
    step 1425/4364 (global micro  1425/21820, update  1425/21820)  loss 0.6737  lr 9.91e-04
    step 1450/4364 (global micro  1450/21820, update  1450/21820)  loss 0.8627  lr 9.90e-04
    step 1475/4364 (global micro  1475/21820, update  1475/21820)  loss 0.6236  lr 9.90e-04
    step 1500/4364 (global micro  1500/21820, update  1500/21820)  loss 0.7885  lr 9.90e-04
    step 1525/4364 (global micro  1525/21820, update  1525/21820)  loss 0.7357  lr 9.89e-04
    step 1550/4364 (global micro  1550/21820, update  1550/21820)  loss 0.7576  lr 9.89e-04
    step 1575/4364 (global micro  1575/21820, update  1575/21820)  loss 0.8781  lr 9.88e-04
    step 1600/4364 (global micro  1600/21820, update  1600/21820)  loss 0.7313  lr 9.88e-04
    step 1625/4364 (global micro  1625/21820, update  1625/21820)  loss 0.6307  lr 9.88e-04
    step 1650/4364 (global micro  1650/21820, update  1650/21820)  loss 0.8245  lr 9.87e-04
    step 1675/4364 (global micro  1675/21820, update  1675/21820)  loss 0.7650  lr 9.87e-04
    step 1700/4364 (global micro  1700/21820, update  1700/21820)  loss 0.8268  lr 9.87e-04
    step 1725/4364 (global micro  1725/21820, update  1725/21820)  loss 0.6146  lr 9.86e-04
    step 1750/4364 (global micro  1750/21820, update  1750/21820)  loss 0.9580  lr 9.86e-04
    step 1775/4364 (global micro  1775/21820, update  1775/21820)  loss 0.7877  lr 9.85e-04
    step 1800/4364 (global micro  1800/21820, update  1800/21820)  loss 0.9827  lr 9.85e-04
    step 1825/4364 (global micro  1825/21820, update  1825/21820)  loss 0.8500  lr 9.85e-04
    step 1850/4364 (global micro  1850/21820, update  1850/21820)  loss 0.7131  lr 9.84e-04
    step 1875/4364 (global micro  1875/21820, update  1875/21820)  loss 0.8888  lr 9.84e-04
    step 1900/4364 (global micro  1900/21820, update  1900/21820)  loss 0.6312  lr 9.83e-04
    step 1925/4364 (global micro  1925/21820, update  1925/21820)  loss 0.6037  lr 9.83e-04
    step 1950/4364 (global micro  1950/21820, update  1950/21820)  loss 0.9410  lr 9.82e-04
    step 1975/4364 (global micro  1975/21820, update  1975/21820)  loss 0.8879  lr 9.82e-04
    step 2000/4364 (global micro  2000/21820, update  2000/21820)  loss 0.7815  lr 9.81e-04
    step 2025/4364 (global micro  2025/21820, update  2025/21820)  loss 0.7564  lr 9.81e-04
    step 2050/4364 (global micro  2050/21820, update  2050/21820)  loss 0.7821  lr 9.81e-04
    step 2075/4364 (global micro  2075/21820, update  2075/21820)  loss 0.6123  lr 9.80e-04
    step 2100/4364 (global micro  2100/21820, update  2100/21820)  loss 0.6488  lr 9.80e-04
    step 2125/4364 (global micro  2125/21820, update  2125/21820)  loss 0.6455  lr 9.79e-04
    step 2150/4364 (global micro  2150/21820, update  2150/21820)  loss 0.8954  lr 9.79e-04
    step 2175/4364 (global micro  2175/21820, update  2175/21820)  loss 0.8275  lr 9.78e-04
    step 2200/4364 (global micro  2200/21820, update  2200/21820)  loss 0.6875  lr 9.78e-04
    step 2225/4364 (global micro  2225/21820, update  2225/21820)  loss 0.6864  lr 9.77e-04
    step 2250/4364 (global micro  2250/21820, update  2250/21820)  loss 0.6596  lr 9.77e-04
    step 2275/4364 (global micro  2275/21820, update  2275/21820)  loss 0.6838  lr 9.76e-04
    step 2300/4364 (global micro  2300/21820, update  2300/21820)  loss 0.6946  lr 9.76e-04
    step 2325/4364 (global micro  2325/21820, update  2325/21820)  loss 0.7569  lr 9.75e-04
    step 2350/4364 (global micro  2350/21820, update  2350/21820)  loss 0.6638  lr 9.74e-04
    step 2375/4364 (global micro  2375/21820, update  2375/21820)  loss 0.9003  lr 9.74e-04
    step 2400/4364 (global micro  2400/21820, update  2400/21820)  loss 0.8164  lr 9.73e-04
    step 2425/4364 (global micro  2425/21820, update  2425/21820)  loss 0.6440  lr 9.73e-04
    step 2450/4364 (global micro  2450/21820, update  2450/21820)  loss 0.7263  lr 9.72e-04
    step 2475/4364 (global micro  2475/21820, update  2475/21820)  loss 0.6059  lr 9.72e-04
    step 2500/4364 (global micro  2500/21820, update  2500/21820)  loss 0.7274  lr 9.71e-04
    step 2525/4364 (global micro  2525/21820, update  2525/21820)  loss 0.7243  lr 9.71e-04
    step 2550/4364 (global micro  2550/21820, update  2550/21820)  loss 0.9537  lr 9.70e-04
    step 2575/4364 (global micro  2575/21820, update  2575/21820)  loss 0.5949  lr 9.69e-04
    step 2600/4364 (global micro  2600/21820, update  2600/21820)  loss 0.6363  lr 9.69e-04
    step 2625/4364 (global micro  2625/21820, update  2625/21820)  loss 0.7708  lr 9.68e-04
    step 2650/4364 (global micro  2650/21820, update  2650/21820)  loss 0.7434  lr 9.68e-04
    step 2675/4364 (global micro  2675/21820, update  2675/21820)  loss 0.6746  lr 9.67e-04
    step 2700/4364 (global micro  2700/21820, update  2700/21820)  loss 0.7496  lr 9.66e-04
    step 2725/4364 (global micro  2725/21820, update  2725/21820)  loss 0.6884  lr 9.66e-04
    step 2750/4364 (global micro  2750/21820, update  2750/21820)  loss 0.6675  lr 9.65e-04
    step 2775/4364 (global micro  2775/21820, update  2775/21820)  loss 0.7997  lr 9.65e-04
    step 2800/4364 (global micro  2800/21820, update  2800/21820)  loss 0.6950  lr 9.64e-04
    step 2825/4364 (global micro  2825/21820, update  2825/21820)  loss 0.6844  lr 9.63e-04
    step 2850/4364 (global micro  2850/21820, update  2850/21820)  loss 0.8871  lr 9.63e-04
    step 2875/4364 (global micro  2875/21820, update  2875/21820)  loss 0.8043  lr 9.62e-04
    step 2900/4364 (global micro  2900/21820, update  2900/21820)  loss 0.6925  lr 9.61e-04
    step 2925/4364 (global micro  2925/21820, update  2925/21820)  loss 0.6198  lr 9.61e-04
    step 2950/4364 (global micro  2950/21820, update  2950/21820)  loss 0.8165  lr 9.60e-04
    step 2975/4364 (global micro  2975/21820, update  2975/21820)  loss 0.6457  lr 9.59e-04
    step 3000/4364 (global micro  3000/21820, update  3000/21820)  loss 0.6435  lr 9.59e-04
    step 3025/4364 (global micro  3025/21820, update  3025/21820)  loss 0.5755  lr 9.58e-04
    step 3050/4364 (global micro  3050/21820, update  3050/21820)  loss 0.6697  lr 9.57e-04
    step 3075/4364 (global micro  3075/21820, update  3075/21820)  loss 0.6308  lr 9.57e-04
    step 3100/4364 (global micro  3100/21820, update  3100/21820)  loss 0.6436  lr 9.56e-04
    step 3125/4364 (global micro  3125/21820, update  3125/21820)  loss 0.5756  lr 9.55e-04
    step 3150/4364 (global micro  3150/21820, update  3150/21820)  loss 0.7731  lr 9.55e-04
    step 3175/4364 (global micro  3175/21820, update  3175/21820)  loss 0.7044  lr 9.54e-04
    step 3200/4364 (global micro  3200/21820, update  3200/21820)  loss 0.6951  lr 9.53e-04
    step 3225/4364 (global micro  3225/21820, update  3225/21820)  loss 0.6713  lr 9.52e-04
    step 3250/4364 (global micro  3250/21820, update  3250/21820)  loss 0.5703  lr 9.52e-04
    step 3275/4364 (global micro  3275/21820, update  3275/21820)  loss 0.6853  lr 9.51e-04
    step 3300/4364 (global micro  3300/21820, update  3300/21820)  loss 0.6304  lr 9.50e-04
    step 3325/4364 (global micro  3325/21820, update  3325/21820)  loss 0.8059  lr 9.49e-04
    step 3350/4364 (global micro  3350/21820, update  3350/21820)  loss 0.7920  lr 9.49e-04
    step 3375/4364 (global micro  3375/21820, update  3375/21820)  loss 0.7344  lr 9.48e-04
    step 3400/4364 (global micro  3400/21820, update  3400/21820)  loss 0.6518  lr 9.47e-04
    step 3425/4364 (global micro  3425/21820, update  3425/21820)  loss 0.7882  lr 9.46e-04
    step 3450/4364 (global micro  3450/21820, update  3450/21820)  loss 0.7240  lr 9.46e-04
    step 3475/4364 (global micro  3475/21820, update  3475/21820)  loss 0.7511  lr 9.45e-04
    step 3500/4364 (global micro  3500/21820, update  3500/21820)  loss 0.7749  lr 9.44e-04
    step 3525/4364 (global micro  3525/21820, update  3525/21820)  loss 0.6316  lr 9.43e-04
    step 3550/4364 (global micro  3550/21820, update  3550/21820)  loss 0.5584  lr 9.42e-04
    step 3575/4364 (global micro  3575/21820, update  3575/21820)  loss 0.6589  lr 9.42e-04
    step 3600/4364 (global micro  3600/21820, update  3600/21820)  loss 0.4851  lr 9.41e-04
    step 3625/4364 (global micro  3625/21820, update  3625/21820)  loss 0.6776  lr 9.40e-04
    step 3650/4364 (global micro  3650/21820, update  3650/21820)  loss 0.5793  lr 9.39e-04
    step 3675/4364 (global micro  3675/21820, update  3675/21820)  loss 0.5822  lr 9.38e-04
    step 3700/4364 (global micro  3700/21820, update  3700/21820)  loss 0.6748  lr 9.38e-04
    step 3725/4364 (global micro  3725/21820, update  3725/21820)  loss 0.5800  lr 9.37e-04
    step 3750/4364 (global micro  3750/21820, update  3750/21820)  loss 0.8884  lr 9.36e-04
    step 3775/4364 (global micro  3775/21820, update  3775/21820)  loss 0.6854  lr 9.35e-04
    step 3800/4364 (global micro  3800/21820, update  3800/21820)  loss 0.8052  lr 9.34e-04
    step 3825/4364 (global micro  3825/21820, update  3825/21820)  loss 0.6437  lr 9.33e-04
    step 3850/4364 (global micro  3850/21820, update  3850/21820)  loss 0.7904  lr 9.33e-04
    step 3875/4364 (global micro  3875/21820, update  3875/21820)  loss 0.6188  lr 9.32e-04
    step 3900/4364 (global micro  3900/21820, update  3900/21820)  loss 0.6046  lr 9.31e-04
    step 3925/4364 (global micro  3925/21820, update  3925/21820)  loss 0.7286  lr 9.30e-04
    step 3950/4364 (global micro  3950/21820, update  3950/21820)  loss 0.7693  lr 9.29e-04
    step 3975/4364 (global micro  3975/21820, update  3975/21820)  loss 0.5773  lr 9.28e-04
    step 4000/4364 (global micro  4000/21820, update  4000/21820)  loss 0.6710  lr 9.27e-04
    step 4025/4364 (global micro  4025/21820, update  4025/21820)  loss 0.8842  lr 9.27e-04
    step 4050/4364 (global micro  4050/21820, update  4050/21820)  loss 0.8846  lr 9.26e-04
    step 4075/4364 (global micro  4075/21820, update  4075/21820)  loss 0.8825  lr 9.25e-04
    step 4100/4364 (global micro  4100/21820, update  4100/21820)  loss 0.6250  lr 9.24e-04
    step 4125/4364 (global micro  4125/21820, update  4125/21820)  loss 0.6724  lr 9.23e-04
    step 4150/4364 (global micro  4150/21820, update  4150/21820)  loss 0.7131  lr 9.22e-04
    step 4175/4364 (global micro  4175/21820, update  4175/21820)  loss 0.6334  lr 9.21e-04
    step 4200/4364 (global micro  4200/21820, update  4200/21820)  loss 0.6532  lr 9.20e-04
    step 4225/4364 (global micro  4225/21820, update  4225/21820)  loss 0.6351  lr 9.19e-04
    step 4250/4364 (global micro  4250/21820, update  4250/21820)  loss 0.5651  lr 9.18e-04
    step 4275/4364 (global micro  4275/21820, update  4275/21820)  loss 0.6362  lr 9.17e-04
    step 4300/4364 (global micro  4300/21820, update  4300/21820)  loss 0.7265  lr 9.16e-04
    step 4325/4364 (global micro  4325/21820, update  4325/21820)  loss 0.6726  lr 9.16e-04
    step 4350/4364 (global micro  4350/21820, update  4350/21820)  loss 0.7983  lr 9.15e-04
    step 4364/4364 (global micro  4364/21820, update  4364/21820)  loss 0.6354  lr 9.14e-04
  epoch   1/5  loss 0.7446  lr 9.14e-04  (855.5s)
  Epoch checkpoint: /home/aomukai/Ninereeds/core/c13_Phase_B_ext_p1_e1.pt
    step    1/4364 (global micro  4365/21820, update  4365/21820)  loss 0.7144  lr 9.14e-04
    step   25/4364 (global micro  4389/21820, update  4389/21820)  loss 0.8066  lr 9.13e-04
    step   50/4364 (global micro  4414/21820, update  4414/21820)  loss 0.7711  lr 9.12e-04
    step   75/4364 (global micro  4439/21820, update  4439/21820)  loss 0.6101  lr 9.11e-04
    step  100/4364 (global micro  4464/21820, update  4464/21820)  loss 0.7585  lr 9.10e-04
    step  125/4364 (global micro  4489/21820, update  4489/21820)  loss 0.6463  lr 9.09e-04
    step  150/4364 (global micro  4514/21820, update  4514/21820)  loss 0.8107  lr 9.08e-04
    step  175/4364 (global micro  4539/21820, update  4539/21820)  loss 0.6485  lr 9.07e-04
    step  200/4364 (global micro  4564/21820, update  4564/21820)  loss 0.6241  lr 9.06e-04
    step  225/4364 (global micro  4589/21820, update  4589/21820)  loss 0.6166  lr 9.05e-04
    step  250/4364 (global micro  4614/21820, update  4614/21820)  loss 0.6170  lr 9.04e-04
    step  275/4364 (global micro  4639/21820, update  4639/21820)  loss 0.6794  lr 9.03e-04
    step  300/4364 (global micro  4664/21820, update  4664/21820)  loss 0.5130  lr 9.02e-04
    step  325/4364 (global micro  4689/21820, update  4689/21820)  loss 0.6574  lr 9.01e-04
    step  350/4364 (global micro  4714/21820, update  4714/21820)  loss 0.6472  lr 9.00e-04
    step  375/4364 (global micro  4739/21820, update  4739/21820)  loss 0.8196  lr 8.99e-04
    step  400/4364 (global micro  4764/21820, update  4764/21820)  loss 0.6992  lr 8.98e-04
    step  425/4364 (global micro  4789/21820, update  4789/21820)  loss 0.6474  lr 8.97e-04
    step  450/4364 (global micro  4814/21820, update  4814/21820)  loss 0.6139  lr 8.96e-04
    step  475/4364 (global micro  4839/21820, update  4839/21820)  loss 0.6760  lr 8.95e-04
    step  500/4364 (global micro  4864/21820, update  4864/21820)  loss 0.5377  lr 8.94e-04
    step  525/4364 (global micro  4889/21820, update  4889/21820)  loss 0.6308  lr 8.93e-04
    step  550/4364 (global micro  4914/21820, update  4914/21820)  loss 0.5048  lr 8.92e-04
    step  575/4364 (global micro  4939/21820, update  4939/21820)  loss 0.7482  lr 8.91e-04
    step  600/4364 (global micro  4964/21820, update  4964/21820)  loss 0.6563  lr 8.90e-04
    step  625/4364 (global micro  4989/21820, update  4989/21820)  loss 0.7032  lr 8.89e-04
    step  650/4364 (global micro  5014/21820, update  5014/21820)  loss 0.6861  lr 8.88e-04
    step  675/4364 (global micro  5039/21820, update  5039/21820)  loss 0.7168  lr 8.87e-04
    step  700/4364 (global micro  5064/21820, update  5064/21820)  loss 0.7415  lr 8.86e-04
    step  725/4364 (global micro  5089/21820, update  5089/21820)  loss 0.7833  lr 8.85e-04
    step  750/4364 (global micro  5114/21820, update  5114/21820)  loss 0.6401  lr 8.83e-04
    step  775/4364 (global micro  5139/21820, update  5139/21820)  loss 0.7031  lr 8.82e-04
    step  800/4364 (global micro  5164/21820, update  5164/21820)  loss 0.6248  lr 8.81e-04
    step  825/4364 (global micro  5189/21820, update  5189/21820)  loss 0.7586  lr 8.80e-04
    step  850/4364 (global micro  5214/21820, update  5214/21820)  loss 0.6789  lr 8.79e-04
    step  875/4364 (global micro  5239/21820, update  5239/21820)  loss 0.7780  lr 8.78e-04
    step  900/4364 (global micro  5264/21820, update  5264/21820)  loss 0.8165  lr 8.77e-04
    step  925/4364 (global micro  5289/21820, update  5289/21820)  loss 0.5627  lr 8.76e-04
    step  950/4364 (global micro  5314/21820, update  5314/21820)  loss 0.6636  lr 8.75e-04
    step  975/4364 (global micro  5339/21820, update  5339/21820)  loss 0.6523  lr 8.73e-04
    step 1000/4364 (global micro  5364/21820, update  5364/21820)  loss 0.6284  lr 8.72e-04
    step 1025/4364 (global micro  5389/21820, update  5389/21820)  loss 0.6974  lr 8.71e-04
    step 1050/4364 (global micro  5414/21820, update  5414/21820)  loss 0.9137  lr 8.70e-04
    step 1075/4364 (global micro  5439/21820, update  5439/21820)  loss 0.6612  lr 8.69e-04
    step 1100/4364 (global micro  5464/21820, update  5464/21820)  loss 0.7954  lr 8.68e-04
    step 1125/4364 (global micro  5489/21820, update  5489/21820)  loss 0.9180  lr 8.67e-04
    step 1150/4364 (global micro  5514/21820, update  5514/21820)  loss 0.6377  lr 8.65e-04
    step 1175/4364 (global micro  5539/21820, update  5539/21820)  loss 0.6113  lr 8.64e-04
    step 1200/4364 (global micro  5564/21820, update  5564/21820)  loss 0.6117  lr 8.63e-04
    step 1225/4364 (global micro  5589/21820, update  5589/21820)  loss 0.6062  lr 8.62e-04
    step 1250/4364 (global micro  5614/21820, update  5614/21820)  loss 0.6750  lr 8.61e-04
    step 1275/4364 (global micro  5639/21820, update  5639/21820)  loss 0.8069  lr 8.60e-04
    step 1300/4364 (global micro  5664/21820, update  5664/21820)  loss 0.5915  lr 8.58e-04
    step 1325/4364 (global micro  5689/21820, update  5689/21820)  loss 0.7439  lr 8.57e-04
    step 1350/4364 (global micro  5714/21820, update  5714/21820)  loss 0.7475  lr 8.56e-04
    step 1375/4364 (global micro  5739/21820, update  5739/21820)  loss 0.4851  lr 8.55e-04
    step 1400/4364 (global micro  5764/21820, update  5764/21820)  loss 0.6754  lr 8.54e-04
    step 1425/4364 (global micro  5789/21820, update  5789/21820)  loss 0.6346  lr 8.53e-04
    step 1450/4364 (global micro  5814/21820, update  5814/21820)  loss 0.7636  lr 8.51e-04
    step 1475/4364 (global micro  5839/21820, update  5839/21820)  loss 0.7488  lr 8.50e-04
    step 1500/4364 (global micro  5864/21820, update  5864/21820)  loss 0.6204  lr 8.49e-04
    step 1525/4364 (global micro  5889/21820, update  5889/21820)  loss 0.7256  lr 8.48e-04
    step 1550/4364 (global micro  5914/21820, update  5914/21820)  loss 0.8648  lr 8.46e-04
    step 1575/4364 (global micro  5939/21820, update  5939/21820)  loss 0.6427  lr 8.45e-04
    step 1600/4364 (global micro  5964/21820, update  5964/21820)  loss 0.5653  lr 8.44e-04
    step 1625/4364 (global micro  5989/21820, update  5989/21820)  loss 0.5925  lr 8.43e-04
    step 1650/4364 (global micro  6014/21820, update  6014/21820)  loss 0.5704  lr 8.42e-04
    step 1675/4364 (global micro  6039/21820, update  6039/21820)  loss 0.5994  lr 8.40e-04
    step 1700/4364 (global micro  6064/21820, update  6064/21820)  loss 0.5746  lr 8.39e-04
    step 1725/4364 (global micro  6089/21820, update  6089/21820)  loss 0.7920  lr 8.38e-04
    step 1750/4364 (global micro  6114/21820, update  6114/21820)  loss 0.7726  lr 8.37e-04
    step 1775/4364 (global micro  6139/21820, update  6139/21820)  loss 0.6706  lr 8.35e-04
    step 1800/4364 (global micro  6164/21820, update  6164/21820)  loss 0.7836  lr 8.34e-04
    step 1825/4364 (global micro  6189/21820, update  6189/21820)  loss 0.7771  lr 8.33e-04
    step 1850/4364 (global micro  6214/21820, update  6214/21820)  loss 0.7260  lr 8.32e-04
    step 1875/4364 (global micro  6239/21820, update  6239/21820)  loss 0.5973  lr 8.30e-04
    step 1900/4364 (global micro  6264/21820, update  6264/21820)  loss 0.4993  lr 8.29e-04
    step 1925/4364 (global micro  6289/21820, update  6289/21820)  loss 0.6207  lr 8.28e-04
    step 1950/4364 (global micro  6314/21820, update  6314/21820)  loss 0.6530  lr 8.27e-04
    step 1975/4364 (global micro  6339/21820, update  6339/21820)  loss 0.6523  lr 8.25e-04
    step 2000/4364 (global micro  6364/21820, update  6364/21820)  loss 0.6828  lr 8.24e-04
    step 2025/4364 (global micro  6389/21820, update  6389/21820)  loss 0.6266  lr 8.23e-04
    step 2050/4364 (global micro  6414/21820, update  6414/21820)  loss 0.5919  lr 8.21e-04
    step 2075/4364 (global micro  6439/21820, update  6439/21820)  loss 0.5490  lr 8.20e-04
    step 2100/4364 (global micro  6464/21820, update  6464/21820)  loss 0.6064  lr 8.19e-04
    step 2125/4364 (global micro  6489/21820, update  6489/21820)  loss 0.5555  lr 8.17e-04
    step 2150/4364 (global micro  6514/21820, update  6514/21820)  loss 0.7829  lr 8.16e-04
    step 2175/4364 (global micro  6539/21820, update  6539/21820)  loss 0.6146  lr 8.15e-04
    step 2200/4364 (global micro  6564/21820, update  6564/21820)  loss 0.7425  lr 8.14e-04
    step 2225/4364 (global micro  6589/21820, update  6589/21820)  loss 0.6558  lr 8.12e-04
    step 2250/4364 (global micro  6614/21820, update  6614/21820)  loss 0.5924  lr 8.11e-04
    step 2275/4364 (global micro  6639/21820, update  6639/21820)  loss 0.6311  lr 8.10e-04
    step 2300/4364 (global micro  6664/21820, update  6664/21820)  loss 0.7226  lr 8.08e-04
    step 2325/4364 (global micro  6689/21820, update  6689/21820)  loss 0.6122  lr 8.07e-04
    step 2350/4364 (global micro  6714/21820, update  6714/21820)  loss 0.6051  lr 8.06e-04
    step 2375/4364 (global micro  6739/21820, update  6739/21820)  loss 0.7410  lr 8.04e-04
    step 2400/4364 (global micro  6764/21820, update  6764/21820)  loss 0.7329  lr 8.03e-04
    step 2425/4364 (global micro  6789/21820, update  6789/21820)  loss 0.7310  lr 8.02e-04
    step 2450/4364 (global micro  6814/21820, update  6814/21820)  loss 0.6452  lr 8.00e-04
    step 2475/4364 (global micro  6839/21820, update  6839/21820)  loss 0.6480  lr 7.99e-04
    step 2500/4364 (global micro  6864/21820, update  6864/21820)  loss 0.7275  lr 7.98e-04
    step 2525/4364 (global micro  6889/21820, update  6889/21820)  loss 0.5976  lr 7.96e-04
    step 2550/4364 (global micro  6914/21820, update  6914/21820)  loss 0.7097  lr 7.95e-04
    step 2575/4364 (global micro  6939/21820, update  6939/21820)  loss 0.5921  lr 7.93e-04
    step 2600/4364 (global micro  6964/21820, update  6964/21820)  loss 0.7542  lr 7.92e-04
    step 2625/4364 (global micro  6989/21820, update  6989/21820)  loss 0.6446  lr 7.91e-04
    step 2650/4364 (global micro  7014/21820, update  7014/21820)  loss 0.9348  lr 7.89e-04
    step 2675/4364 (global micro  7039/21820, update  7039/21820)  loss 0.8779  lr 7.88e-04
    step 2700/4364 (global micro  7064/21820, update  7064/21820)  loss 0.6497  lr 7.87e-04
    step 2725/4364 (global micro  7089/21820, update  7089/21820)  loss 0.6476  lr 7.85e-04
    step 2750/4364 (global micro  7114/21820, update  7114/21820)  loss 0.8063  lr 7.84e-04
    step 2775/4364 (global micro  7139/21820, update  7139/21820)  loss 0.6280  lr 7.82e-04
    step 2800/4364 (global micro  7164/21820, update  7164/21820)  loss 0.6434  lr 7.81e-04
    step 2825/4364 (global micro  7189/21820, update  7189/21820)  loss 0.6219  lr 7.80e-04
    step 2850/4364 (global micro  7214/21820, update  7214/21820)  loss 0.6546  lr 7.78e-04
    step 2875/4364 (global micro  7239/21820, update  7239/21820)  loss 0.5616  lr 7.77e-04
    step 2900/4364 (global micro  7264/21820, update  7264/21820)  loss 0.5129  lr 7.76e-04
    step 2925/4364 (global micro  7289/21820, update  7289/21820)  loss 0.6916  lr 7.74e-04
    step 2950/4364 (global micro  7314/21820, update  7314/21820)  loss 0.5596  lr 7.73e-04
    step 2975/4364 (global micro  7339/21820, update  7339/21820)  loss 0.6911  lr 7.71e-04
    step 3000/4364 (global micro  7364/21820, update  7364/21820)  loss 0.6843  lr 7.70e-04
    step 3025/4364 (global micro  7389/21820, update  7389/21820)  loss 0.7396  lr 7.68e-04
    step 3050/4364 (global micro  7414/21820, update  7414/21820)  loss 0.6311  lr 7.67e-04
    step 3075/4364 (global micro  7439/21820, update  7439/21820)  loss 0.5555  lr 7.66e-04
    step 3100/4364 (global micro  7464/21820, update  7464/21820)  loss 0.5772  lr 7.64e-04
    step 3125/4364 (global micro  7489/21820, update  7489/21820)  loss 0.7109  lr 7.63e-04
    step 3150/4364 (global micro  7514/21820, update  7514/21820)  loss 0.6415  lr 7.61e-04
    step 3175/4364 (global micro  7539/21820, update  7539/21820)  loss 0.6316  lr 7.60e-04
    step 3200/4364 (global micro  7564/21820, update  7564/21820)  loss 0.6399  lr 7.58e-04
    step 3225/4364 (global micro  7589/21820, update  7589/21820)  loss 0.7701  lr 7.57e-04
    step 3250/4364 (global micro  7614/21820, update  7614/21820)  loss 0.6216  lr 7.56e-04
    step 3275/4364 (global micro  7639/21820, update  7639/21820)  loss 0.7250  lr 7.54e-04
    step 3300/4364 (global micro  7664/21820, update  7664/21820)  loss 0.6671  lr 7.53e-04
    step 3325/4364 (global micro  7689/21820, update  7689/21820)  loss 0.6283  lr 7.51e-04
    step 3350/4364 (global micro  7714/21820, update  7714/21820)  loss 0.6681  lr 7.50e-04
    step 3375/4364 (global micro  7739/21820, update  7739/21820)  loss 0.5075  lr 7.48e-04
    step 3400/4364 (global micro  7764/21820, update  7764/21820)  loss 0.5879  lr 7.47e-04
    step 3425/4364 (global micro  7789/21820, update  7789/21820)  loss 0.6482  lr 7.45e-04
    step 3450/4364 (global micro  7814/21820, update  7814/21820)  loss 0.6287  lr 7.44e-04
    step 3475/4364 (global micro  7839/21820, update  7839/21820)  loss 0.6905  lr 7.43e-04
    step 3500/4364 (global micro  7864/21820, update  7864/21820)  loss 0.6862  lr 7.41e-04
    step 3525/4364 (global micro  7889/21820, update  7889/21820)  loss 0.5525  lr 7.40e-04
    step 3550/4364 (global micro  7914/21820, update  7914/21820)  loss 0.4937  lr 7.38e-04
    step 3575/4364 (global micro  7939/21820, update  7939/21820)  loss 0.6008  lr 7.37e-04
    step 3600/4364 (global micro  7964/21820, update  7964/21820)  loss 0.5786  lr 7.35e-04
    step 3625/4364 (global micro  7989/21820, update  7989/21820)  loss 0.5068  lr 7.34e-04
    step 3650/4364 (global micro  8014/21820, update  8014/21820)  loss 0.6025  lr 7.32e-04
    step 3675/4364 (global micro  8039/21820, update  8039/21820)  loss 0.6040  lr 7.31e-04
    step 3700/4364 (global micro  8064/21820, update  8064/21820)  loss 0.5494  lr 7.29e-04
    step 3725/4364 (global micro  8089/21820, update  8089/21820)  loss 0.6563  lr 7.28e-04
    step 3750/4364 (global micro  8114/21820, update  8114/21820)  loss 0.6060  lr 7.26e-04
    step 3775/4364 (global micro  8139/21820, update  8139/21820)  loss 0.6912  lr 7.25e-04
    step 3800/4364 (global micro  8164/21820, update  8164/21820)  loss 0.6642  lr 7.23e-04
    step 3825/4364 (global micro  8189/21820, update  8189/21820)  loss 0.7228  lr 7.22e-04
    step 3850/4364 (global micro  8214/21820, update  8214/21820)  loss 0.7409  lr 7.20e-04
    step 3875/4364 (global micro  8239/21820, update  8239/21820)  loss 0.6347  lr 7.19e-04
    step 3900/4364 (global micro  8264/21820, update  8264/21820)  loss 0.6989  lr 7.17e-04
    step 3925/4364 (global micro  8289/21820, update  8289/21820)  loss 0.6688  lr 7.16e-04
    step 3950/4364 (global micro  8314/21820, update  8314/21820)  loss 0.8025  lr 7.14e-04
    step 3975/4364 (global micro  8339/21820, update  8339/21820)  loss 0.6638  lr 7.13e-04
    step 4000/4364 (global micro  8364/21820, update  8364/21820)  loss 0.7477  lr 7.11e-04
    step 4025/4364 (global micro  8389/21820, update  8389/21820)  loss 0.6685  lr 7.10e-04
    step 4050/4364 (global micro  8414/21820, update  8414/21820)  loss 0.6381  lr 7.08e-04
    step 4075/4364 (global micro  8439/21820, update  8439/21820)  loss 0.5979  lr 7.07e-04
    step 4100/4364 (global micro  8464/21820, update  8464/21820)  loss 0.6044  lr 7.05e-04
    step 4125/4364 (global micro  8489/21820, update  8489/21820)  loss 0.5138  lr 7.04e-04
    step 4150/4364 (global micro  8514/21820, update  8514/21820)  loss 0.5300  lr 7.02e-04
    step 4175/4364 (global micro  8539/21820, update  8539/21820)  loss 0.5532  lr 7.01e-04
    step 4200/4364 (global micro  8564/21820, update  8564/21820)  loss 0.6178  lr 6.99e-04
    step 4225/4364 (global micro  8589/21820, update  8589/21820)  loss 0.6126  lr 6.98e-04
    step 4250/4364 (global micro  8614/21820, update  8614/21820)  loss 0.6757  lr 6.96e-04
    step 4275/4364 (global micro  8639/21820, update  8639/21820)  loss 0.6781  lr 6.95e-04
    step 4300/4364 (global micro  8664/21820, update  8664/21820)  loss 0.5576  lr 6.93e-04
    step 4325/4364 (global micro  8689/21820, update  8689/21820)  loss 0.6007  lr 6.91e-04
    step 4350/4364 (global micro  8714/21820, update  8714/21820)  loss 0.6669  lr 6.90e-04
    step 4364/4364 (global micro  8728/21820, update  8728/21820)  loss 0.6366  lr 6.89e-04
  epoch   2/5  loss 0.6653  lr 6.89e-04  (855.4s)
  Epoch checkpoint: /home/aomukai/Ninereeds/core/c13_Phase_B_ext_p1_e2.pt
    step    1/4364 (global micro  8729/21820, update  8729/21820)  loss 0.4018  lr 6.89e-04
    step   25/4364 (global micro  8753/21820, update  8753/21820)  loss 0.4927  lr 6.88e-04
    step   50/4364 (global micro  8778/21820, update  8778/21820)  loss 0.7197  lr 6.86e-04
    step   75/4364 (global micro  8803/21820, update  8803/21820)  loss 0.6820  lr 6.84e-04
    step  100/4364 (global micro  8828/21820, update  8828/21820)  loss 0.5813  lr 6.83e-04
    step  125/4364 (global micro  8853/21820, update  8853/21820)  loss 0.5243  lr 6.81e-04
    step  150/4364 (global micro  8878/21820, update  8878/21820)  loss 0.5990  lr 6.80e-04
    step  175/4364 (global micro  8903/21820, update  8903/21820)  loss 0.5797  lr 6.78e-04
    step  200/4364 (global micro  8928/21820, update  8928/21820)  loss 0.5042  lr 6.77e-04
    step  225/4364 (global micro  8953/21820, update  8953/21820)  loss 0.6376  lr 6.75e-04
    step  250/4364 (global micro  8978/21820, update  8978/21820)  loss 0.6077  lr 6.74e-04
    step  275/4364 (global micro  9003/21820, update  9003/21820)  loss 0.4870  lr 6.72e-04
    step  300/4364 (global micro  9028/21820, update  9028/21820)  loss 0.5011  lr 6.70e-04
    step  325/4364 (global micro  9053/21820, update  9053/21820)  loss 0.7558  lr 6.69e-04
    step  350/4364 (global micro  9078/21820, update  9078/21820)  loss 0.7022  lr 6.67e-04
    step  375/4364 (global micro  9103/21820, update  9103/21820)  loss 0.6596  lr 6.66e-04
    step  400/4364 (global micro  9128/21820, update  9128/21820)  loss 0.5387  lr 6.64e-04
    step  425/4364 (global micro  9153/21820, update  9153/21820)  loss 0.7332  lr 6.63e-04
    step  450/4364 (global micro  9178/21820, update  9178/21820)  loss 0.4400  lr 6.61e-04
    step  475/4364 (global micro  9203/21820, update  9203/21820)  loss 0.6820  lr 6.59e-04
    step  500/4364 (global micro  9228/21820, update  9228/21820)  loss 0.6031  lr 6.58e-04
    step  525/4364 (global micro  9253/21820, update  9253/21820)  loss 0.5517  lr 6.56e-04
    step  550/4364 (global micro  9278/21820, update  9278/21820)  loss 0.6153  lr 6.55e-04
    step  575/4364 (global micro  9303/21820, update  9303/21820)  loss 0.4626  lr 6.53e-04
    step  600/4364 (global micro  9328/21820, update  9328/21820)  loss 0.6366  lr 6.52e-04
    step  625/4364 (global micro  9353/21820, update  9353/21820)  loss 0.6523  lr 6.50e-04
    step  650/4364 (global micro  9378/21820, update  9378/21820)  loss 0.5418  lr 6.48e-04
    step  675/4364 (global micro  9403/21820, update  9403/21820)  loss 0.6308  lr 6.47e-04
    step  700/4364 (global micro  9428/21820, update  9428/21820)  loss 0.4825  lr 6.45e-04
    step  725/4364 (global micro  9453/21820, update  9453/21820)  loss 0.5204  lr 6.44e-04
    step  750/4364 (global micro  9478/21820, update  9478/21820)  loss 0.6947  lr 6.42e-04
    step  775/4364 (global micro  9503/21820, update  9503/21820)  loss 0.5463  lr 6.41e-04
    step  800/4364 (global micro  9528/21820, update  9528/21820)  loss 0.5660  lr 6.39e-04
    step  825/4364 (global micro  9553/21820, update  9553/21820)  loss 0.5427  lr 6.37e-04
    step  850/4364 (global micro  9578/21820, update  9578/21820)  loss 0.6411  lr 6.36e-04
    step  875/4364 (global micro  9603/21820, update  9603/21820)  loss 0.4860  lr 6.34e-04
    step  900/4364 (global micro  9628/21820, update  9628/21820)  loss 0.5585  lr 6.33e-04
    step  925/4364 (global micro  9653/21820, update  9653/21820)  loss 0.6859  lr 6.31e-04
    step  950/4364 (global micro  9678/21820, update  9678/21820)  loss 0.4660  lr 6.29e-04
    step  975/4364 (global micro  9703/21820, update  9703/21820)  loss 0.5900  lr 6.28e-04
    step 1000/4364 (global micro  9728/21820, update  9728/21820)  loss 0.5891  lr 6.26e-04
    step 1025/4364 (global micro  9753/21820, update  9753/21820)  loss 0.6642  lr 6.25e-04
    step 1050/4364 (global micro  9778/21820, update  9778/21820)  loss 0.5141  lr 6.23e-04
    step 1075/4364 (global micro  9803/21820, update  9803/21820)  loss 0.6522  lr 6.21e-04
    step 1100/4364 (global micro  9828/21820, update  9828/21820)  loss 0.5137  lr 6.20e-04
    step 1125/4364 (global micro  9853/21820, update  9853/21820)  loss 0.7889  lr 6.18e-04
    step 1150/4364 (global micro  9878/21820, update  9878/21820)  loss 0.7467  lr 6.17e-04
    step 1175/4364 (global micro  9903/21820, update  9903/21820)  loss 0.5406  lr 6.15e-04
    step 1200/4364 (global micro  9928/21820, update  9928/21820)  loss 0.6188  lr 6.13e-04
    step 1225/4364 (global micro  9953/21820, update  9953/21820)  loss 0.7366  lr 6.12e-04
    step 1250/4364 (global micro  9978/21820, update  9978/21820)  loss 0.5293  lr 6.10e-04
    step 1275/4364 (global micro 10003/21820, update 10003/21820)  loss 0.5007  lr 6.09e-04
    step 1300/4364 (global micro 10028/21820, update 10028/21820)  loss 0.5657  lr 6.07e-04
    step 1325/4364 (global micro 10053/21820, update 10053/21820)  loss 0.6892  lr 6.05e-04
    step 1350/4364 (global micro 10078/21820, update 10078/21820)  loss 0.6020  lr 6.04e-04
    step 1375/4364 (global micro 10103/21820, update 10103/21820)  loss 0.5033  lr 6.02e-04
    step 1400/4364 (global micro 10128/21820, update 10128/21820)  loss 0.6032  lr 6.01e-04
    step 1425/4364 (global micro 10153/21820, update 10153/21820)  loss 0.7483  lr 5.99e-04
    step 1450/4364 (global micro 10178/21820, update 10178/21820)  loss 0.5567  lr 5.97e-04
    step 1475/4364 (global micro 10203/21820, update 10203/21820)  loss 0.7433  lr 5.96e-04
    step 1500/4364 (global micro 10228/21820, update 10228/21820)  loss 0.5382  lr 5.94e-04
    step 1525/4364 (global micro 10253/21820, update 10253/21820)  loss 0.5538  lr 5.93e-04
    step 1550/4364 (global micro 10278/21820, update 10278/21820)  loss 0.5277  lr 5.91e-04
    step 1575/4364 (global micro 10303/21820, update 10303/21820)  loss 0.5664  lr 5.89e-04
    step 1600/4364 (global micro 10328/21820, update 10328/21820)  loss 0.5180  lr 5.88e-04
    step 1625/4364 (global micro 10353/21820, update 10353/21820)  loss 0.7738  lr 5.86e-04
    step 1650/4364 (global micro 10378/21820, update 10378/21820)  loss 0.6510  lr 5.84e-04
    step 1675/4364 (global micro 10403/21820, update 10403/21820)  loss 0.6527  lr 5.83e-04
    step 1700/4364 (global micro 10428/21820, update 10428/21820)  loss 0.5552  lr 5.81e-04
    step 1725/4364 (global micro 10453/21820, update 10453/21820)  loss 0.5563  lr 5.80e-04
    step 1750/4364 (global micro 10478/21820, update 10478/21820)  loss 0.6545  lr 5.78e-04
    step 1775/4364 (global micro 10503/21820, update 10503/21820)  loss 0.8842  lr 5.76e-04
    step 1800/4364 (global micro 10528/21820, update 10528/21820)  loss 0.6558  lr 5.75e-04
    step 1825/4364 (global micro 10553/21820, update 10553/21820)  loss 0.5953  lr 5.73e-04
    step 1850/4364 (global micro 10578/21820, update 10578/21820)  loss 0.7411  lr 5.72e-04
    step 1875/4364 (global micro 10603/21820, update 10603/21820)  loss 0.5958  lr 5.70e-04
    step 1900/4364 (global micro 10628/21820, update 10628/21820)  loss 0.5465  lr 5.68e-04
    step 1925/4364 (global micro 10653/21820, update 10653/21820)  loss 0.5947  lr 5.67e-04
    step 1950/4364 (global micro 10678/21820, update 10678/21820)  loss 0.6212  lr 5.65e-04
    step 1975/4364 (global micro 10703/21820, update 10703/21820)  loss 0.5958  lr 5.63e-04
    step 2000/4364 (global micro 10728/21820, update 10728/21820)  loss 0.5554  lr 5.62e-04
    step 2025/4364 (global micro 10753/21820, update 10753/21820)  loss 0.5007  lr 5.60e-04
    step 2050/4364 (global micro 10778/21820, update 10778/21820)  loss 0.4753  lr 5.59e-04
    step 2075/4364 (global micro 10803/21820, update 10803/21820)  loss 0.5307  lr 5.57e-04
    step 2100/4364 (global micro 10828/21820, update 10828/21820)  loss 0.5598  lr 5.55e-04
    step 2125/4364 (global micro 10853/21820, update 10853/21820)  loss 0.6104  lr 5.54e-04
    step 2150/4364 (global micro 10878/21820, update 10878/21820)  loss 0.5662  lr 5.52e-04
    step 2175/4364 (global micro 10903/21820, update 10903/21820)  loss 0.5535  lr 5.50e-04
    step 2200/4364 (global micro 10928/21820, update 10928/21820)  loss 0.6639  lr 5.49e-04
    step 2225/4364 (global micro 10953/21820, update 10953/21820)  loss 0.6428  lr 5.47e-04
    step 2250/4364 (global micro 10978/21820, update 10978/21820)  loss 0.5005  lr 5.46e-04
    step 2275/4364 (global micro 11003/21820, update 11003/21820)  loss 0.5889  lr 5.44e-04
    step 2300/4364 (global micro 11028/21820, update 11028/21820)  loss 0.6254  lr 5.42e-04
    step 2325/4364 (global micro 11053/21820, update 11053/21820)  loss 0.4568  lr 5.41e-04
    step 2350/4364 (global micro 11078/21820, update 11078/21820)  loss 0.5265  lr 5.39e-04
    step 2375/4364 (global micro 11103/21820, update 11103/21820)  loss 0.5775  lr 5.37e-04
    step 2400/4364 (global micro 11128/21820, update 11128/21820)  loss 0.5547  lr 5.36e-04
    step 2425/4364 (global micro 11153/21820, update 11153/21820)  loss 0.4880  lr 5.34e-04
    step 2450/4364 (global micro 11178/21820, update 11178/21820)  loss 0.6371  lr 5.33e-04
    step 2475/4364 (global micro 11203/21820, update 11203/21820)  loss 0.7147  lr 5.31e-04
    step 2500/4364 (global micro 11228/21820, update 11228/21820)  loss 0.6486  lr 5.29e-04
    step 2525/4364 (global micro 11253/21820, update 11253/21820)  loss 0.5675  lr 5.28e-04
    step 2550/4364 (global micro 11278/21820, update 11278/21820)  loss 0.6619  lr 5.26e-04
    step 2575/4364 (global micro 11303/21820, update 11303/21820)  loss 0.6337  lr 5.25e-04
    step 2600/4364 (global micro 11328/21820, update 11328/21820)  loss 0.5995  lr 5.23e-04
    step 2625/4364 (global micro 11353/21820, update 11353/21820)  loss 0.6089  lr 5.21e-04
    step 2650/4364 (global micro 11378/21820, update 11378/21820)  loss 0.5892  lr 5.20e-04
    step 2675/4364 (global micro 11403/21820, update 11403/21820)  loss 0.5563  lr 5.18e-04
    step 2700/4364 (global micro 11428/21820, update 11428/21820)  loss 0.6276  lr 5.16e-04
    step 2725/4364 (global micro 11453/21820, update 11453/21820)  loss 0.5319  lr 5.15e-04
    step 2750/4364 (global micro 11478/21820, update 11478/21820)  loss 0.4891  lr 5.13e-04
    step 2775/4364 (global micro 11503/21820, update 11503/21820)  loss 0.5642  lr 5.12e-04
    step 2800/4364 (global micro 11528/21820, update 11528/21820)  loss 0.6253  lr 5.10e-04
    step 2825/4364 (global micro 11553/21820, update 11553/21820)  loss 0.7275  lr 5.08e-04
    step 2850/4364 (global micro 11578/21820, update 11578/21820)  loss 0.5709  lr 5.07e-04
    step 2875/4364 (global micro 11603/21820, update 11603/21820)  loss 0.5916  lr 5.05e-04
    step 2900/4364 (global micro 11628/21820, update 11628/21820)  loss 0.5577  lr 5.04e-04
    step 2925/4364 (global micro 11653/21820, update 11653/21820)  loss 0.5373  lr 5.02e-04
    step 2950/4364 (global micro 11678/21820, update 11678/21820)  loss 0.5385  lr 5.00e-04
    step 2975/4364 (global micro 11703/21820, update 11703/21820)  loss 0.6815  lr 4.99e-04
    step 3000/4364 (global micro 11728/21820, update 11728/21820)  loss 0.5256  lr 4.97e-04
    step 3025/4364 (global micro 11753/21820, update 11753/21820)  loss 0.4950  lr 4.96e-04
    step 3050/4364 (global micro 11778/21820, update 11778/21820)  loss 0.5111  lr 4.94e-04
    step 3075/4364 (global micro 11803/21820, update 11803/21820)  loss 0.5580  lr 4.92e-04
    step 3100/4364 (global micro 11828/21820, update 11828/21820)  loss 0.5382  lr 4.91e-04
    step 3125/4364 (global micro 11853/21820, update 11853/21820)  loss 0.7607  lr 4.89e-04
    step 3150/4364 (global micro 11878/21820, update 11878/21820)  loss 0.4985  lr 4.87e-04
    step 3175/4364 (global micro 11903/21820, update 11903/21820)  loss 0.5113  lr 4.86e-04
    step 3200/4364 (global micro 11928/21820, update 11928/21820)  loss 0.5065  lr 4.84e-04
    step 3225/4364 (global micro 11953/21820, update 11953/21820)  loss 0.5888  lr 4.83e-04
    step 3250/4364 (global micro 11978/21820, update 11978/21820)  loss 0.4772  lr 4.81e-04
    step 3275/4364 (global micro 12003/21820, update 12003/21820)  loss 0.7896  lr 4.79e-04
    step 3300/4364 (global micro 12028/21820, update 12028/21820)  loss 0.5429  lr 4.78e-04
    step 3325/4364 (global micro 12053/21820, update 12053/21820)  loss 0.5652  lr 4.76e-04
    step 3350/4364 (global micro 12078/21820, update 12078/21820)  loss 0.5046  lr 4.75e-04
    step 3375/4364 (global micro 12103/21820, update 12103/21820)  loss 0.4219  lr 4.73e-04
    step 3400/4364 (global micro 12128/21820, update 12128/21820)  loss 0.5055  lr 4.71e-04
    step 3425/4364 (global micro 12153/21820, update 12153/21820)  loss 0.4840  lr 4.70e-04
    step 3450/4364 (global micro 12178/21820, update 12178/21820)  loss 0.5726  lr 4.68e-04
    step 3475/4364 (global micro 12203/21820, update 12203/21820)  loss 0.3858  lr 4.67e-04
    step 3500/4364 (global micro 12228/21820, update 12228/21820)  loss 0.6892  lr 4.65e-04
    step 3525/4364 (global micro 12253/21820, update 12253/21820)  loss 0.5119  lr 4.64e-04
    step 3550/4364 (global micro 12278/21820, update 12278/21820)  loss 0.5922  lr 4.62e-04
    step 3575/4364 (global micro 12303/21820, update 12303/21820)  loss 0.5351  lr 4.60e-04
    step 3600/4364 (global micro 12328/21820, update 12328/21820)  loss 0.6646  lr 4.59e-04
    step 3625/4364 (global micro 12353/21820, update 12353/21820)  loss 0.5168  lr 4.57e-04
    step 3650/4364 (global micro 12378/21820, update 12378/21820)  loss 0.5138  lr 4.56e-04
    step 3675/4364 (global micro 12403/21820, update 12403/21820)  loss 0.5807  lr 4.54e-04
    step 3700/4364 (global micro 12428/21820, update 12428/21820)  loss 0.6729  lr 4.52e-04
    step 3725/4364 (global micro 12453/21820, update 12453/21820)  loss 0.3852  lr 4.51e-04
    step 3750/4364 (global micro 12478/21820, update 12478/21820)  loss 0.5718  lr 4.49e-04
    step 3775/4364 (global micro 12503/21820, update 12503/21820)  loss 0.5037  lr 4.48e-04
    step 3800/4364 (global micro 12528/21820, update 12528/21820)  loss 0.6264  lr 4.46e-04
    step 3825/4364 (global micro 12553/21820, update 12553/21820)  loss 0.4418  lr 4.45e-04
    step 3850/4364 (global micro 12578/21820, update 12578/21820)  loss 0.5431  lr 4.43e-04
    step 3875/4364 (global micro 12603/21820, update 12603/21820)  loss 0.5020  lr 4.41e-04
    step 3900/4364 (global micro 12628/21820, update 12628/21820)  loss 0.4930  lr 4.40e-04
    step 3925/4364 (global micro 12653/21820, update 12653/21820)  loss 0.6902  lr 4.38e-04
    step 3950/4364 (global micro 12678/21820, update 12678/21820)  loss 0.5705  lr 4.37e-04
    step 3975/4364 (global micro 12703/21820, update 12703/21820)  loss 0.6312  lr 4.35e-04
    step 4000/4364 (global micro 12728/21820, update 12728/21820)  loss 0.6605  lr 4.34e-04
    step 4025/4364 (global micro 12753/21820, update 12753/21820)  loss 0.6599  lr 4.32e-04
    step 4050/4364 (global micro 12778/21820, update 12778/21820)  loss 0.7350  lr 4.30e-04
    step 4075/4364 (global micro 12803/21820, update 12803/21820)  loss 0.5759  lr 4.29e-04
    step 4100/4364 (global micro 12828/21820, update 12828/21820)  loss 0.5792  lr 4.27e-04
    step 4125/4364 (global micro 12853/21820, update 12853/21820)  loss 0.7543  lr 4.26e-04
    step 4150/4364 (global micro 12878/21820, update 12878/21820)  loss 0.5732  lr 4.24e-04
    step 4175/4364 (global micro 12903/21820, update 12903/21820)  loss 0.5643  lr 4.23e-04
    step 4200/4364 (global micro 12928/21820, update 12928/21820)  loss 0.7005  lr 4.21e-04
    step 4225/4364 (global micro 12953/21820, update 12953/21820)  loss 0.5794  lr 4.20e-04
    step 4250/4364 (global micro 12978/21820, update 12978/21820)  loss 0.5751  lr 4.18e-04
    step 4275/4364 (global micro 13003/21820, update 13003/21820)  loss 0.6268  lr 4.16e-04
    step 4300/4364 (global micro 13028/21820, update 13028/21820)  loss 0.7169  lr 4.15e-04
    step 4325/4364 (global micro 13053/21820, update 13053/21820)  loss 0.6850  lr 4.13e-04
    step 4350/4364 (global micro 13078/21820, update 13078/21820)  loss 0.5750  lr 4.12e-04
    step 4364/4364 (global micro 13092/21820, update 13092/21820)  loss 0.6060  lr 4.11e-04
  epoch   3/5  loss 0.5917  lr 4.11e-04  (855.3s)
  Epoch checkpoint: /home/aomukai/Ninereeds/core/c13_Phase_B_ext_p1_e3.pt
    step    1/4364 (global micro 13093/21820, update 13093/21820)  loss 0.5365  lr 4.11e-04
    step   25/4364 (global micro 13117/21820, update 13117/21820)  loss 0.3718  lr 4.09e-04
    step   50/4364 (global micro 13142/21820, update 13142/21820)  loss 0.5900  lr 4.08e-04
    step   75/4364 (global micro 13167/21820, update 13167/21820)  loss 0.5299  lr 4.06e-04
    step  100/4364 (global micro 13192/21820, update 13192/21820)  loss 0.4929  lr 4.05e-04
    step  125/4364 (global micro 13217/21820, update 13217/21820)  loss 0.6034  lr 4.03e-04
    step  150/4364 (global micro 13242/21820, update 13242/21820)  loss 0.5327  lr 4.02e-04
    step  175/4364 (global micro 13267/21820, update 13267/21820)  loss 0.3694  lr 4.00e-04
    step  200/4364 (global micro 13292/21820, update 13292/21820)  loss 0.4903  lr 3.99e-04
    step  225/4364 (global micro 13317/21820, update 13317/21820)  loss 0.5312  lr 3.97e-04
    step  250/4364 (global micro 13342/21820, update 13342/21820)  loss 0.5192  lr 3.96e-04
    step  275/4364 (global micro 13367/21820, update 13367/21820)  loss 0.4793  lr 3.94e-04
    step  300/4364 (global micro 13392/21820, update 13392/21820)  loss 0.3900  lr 3.93e-04
    step  325/4364 (global micro 13417/21820, update 13417/21820)  loss 0.5184  lr 3.91e-04
    step  350/4364 (global micro 13442/21820, update 13442/21820)  loss 0.4676  lr 3.90e-04
    step  375/4364 (global micro 13467/21820, update 13467/21820)  loss 0.5693  lr 3.88e-04
    step  400/4364 (global micro 13492/21820, update 13492/21820)  loss 0.5353  lr 3.87e-04
    step  425/4364 (global micro 13517/21820, update 13517/21820)  loss 0.7040  lr 3.85e-04
    step  450/4364 (global micro 13542/21820, update 13542/21820)  loss 0.5494  lr 3.84e-04
    step  475/4364 (global micro 13567/21820, update 13567/21820)  loss 0.4302  lr 3.82e-04
    step  500/4364 (global micro 13592/21820, update 13592/21820)  loss 0.5442  lr 3.81e-04
    step  525/4364 (global micro 13617/21820, update 13617/21820)  loss 0.4834  lr 3.79e-04
    step  550/4364 (global micro 13642/21820, update 13642/21820)  loss 0.4075  lr 3.78e-04
    step  575/4364 (global micro 13667/21820, update 13667/21820)  loss 0.5566  lr 3.76e-04
    step  600/4364 (global micro 13692/21820, update 13692/21820)  loss 0.4449  lr 3.75e-04
    step  625/4364 (global micro 13717/21820, update 13717/21820)  loss 0.4134  lr 3.73e-04
    step  650/4364 (global micro 13742/21820, update 13742/21820)  loss 0.5394  lr 3.72e-04
    step  675/4364 (global micro 13767/21820, update 13767/21820)  loss 0.5047  lr 3.70e-04
    step  700/4364 (global micro 13792/21820, update 13792/21820)  loss 0.5664  lr 3.69e-04
    step  725/4364 (global micro 13817/21820, update 13817/21820)  loss 0.4066  lr 3.67e-04
    step  750/4364 (global micro 13842/21820, update 13842/21820)  loss 0.4689  lr 3.66e-04
    step  775/4364 (global micro 13867/21820, update 13867/21820)  loss 0.5499  lr 3.64e-04
    step  800/4364 (global micro 13892/21820, update 13892/21820)  loss 0.6666  lr 3.63e-04
    step  825/4364 (global micro 13917/21820, update 13917/21820)  loss 0.4763  lr 3.61e-04
    step  850/4364 (global micro 13942/21820, update 13942/21820)  loss 0.4854  lr 3.60e-04
    step  875/4364 (global micro 13967/21820, update 13967/21820)  loss 0.4842  lr 3.58e-04
    step  900/4364 (global micro 13992/21820, update 13992/21820)  loss 0.5098  lr 3.57e-04
    step  925/4364 (global micro 14017/21820, update 14017/21820)  loss 0.4716  lr 3.55e-04
    step  950/4364 (global micro 14042/21820, update 14042/21820)  loss 0.4849  lr 3.54e-04
    step  975/4364 (global micro 14067/21820, update 14067/21820)  loss 0.5244  lr 3.52e-04
    step 1000/4364 (global micro 14092/21820, update 14092/21820)  loss 0.5807  lr 3.51e-04
    step 1025/4364 (global micro 14117/21820, update 14117/21820)  loss 0.5753  lr 3.50e-04
    step 1050/4364 (global micro 14142/21820, update 14142/21820)  loss 0.5087  lr 3.48e-04
    step 1075/4364 (global micro 14167/21820, update 14167/21820)  loss 0.5947  lr 3.47e-04
    step 1100/4364 (global micro 14192/21820, update 14192/21820)  loss 0.4935  lr 3.45e-04
    step 1125/4364 (global micro 14217/21820, update 14217/21820)  loss 0.4712  lr 3.44e-04
    step 1150/4364 (global micro 14242/21820, update 14242/21820)  loss 0.5646  lr 3.42e-04
    step 1175/4364 (global micro 14267/21820, update 14267/21820)  loss 0.4637  lr 3.41e-04
    step 1200/4364 (global micro 14292/21820, update 14292/21820)  loss 0.6047  lr 3.39e-04
    step 1225/4364 (global micro 14317/21820, update 14317/21820)  loss 0.5966  lr 3.38e-04
    step 1250/4364 (global micro 14342/21820, update 14342/21820)  loss 0.4724  lr 3.37e-04
    step 1275/4364 (global micro 14367/21820, update 14367/21820)  loss 0.4193  lr 3.35e-04
    step 1300/4364 (global micro 14392/21820, update 14392/21820)  loss 0.5615  lr 3.34e-04
    step 1325/4364 (global micro 14417/21820, update 14417/21820)  loss 0.4397  lr 3.32e-04
    step 1350/4364 (global micro 14442/21820, update 14442/21820)  loss 0.4723  lr 3.31e-04
    step 1375/4364 (global micro 14467/21820, update 14467/21820)  loss 0.5509  lr 3.29e-04
    step 1400/4364 (global micro 14492/21820, update 14492/21820)  loss 0.5599  lr 3.28e-04
    step 1425/4364 (global micro 14517/21820, update 14517/21820)  loss 0.5994  lr 3.27e-04
    step 1450/4364 (global micro 14542/21820, update 14542/21820)  loss 0.4148  lr 3.25e-04
    step 1475/4364 (global micro 14567/21820, update 14567/21820)  loss 0.4888  lr 3.24e-04
    step 1500/4364 (global micro 14592/21820, update 14592/21820)  loss 0.4220  lr 3.22e-04
    step 1525/4364 (global micro 14617/21820, update 14617/21820)  loss 0.6334  lr 3.21e-04
    step 1550/4364 (global micro 14642/21820, update 14642/21820)  loss 0.6944  lr 3.20e-04
    step 1575/4364 (global micro 14667/21820, update 14667/21820)  loss 0.4528  lr 3.18e-04
    step 1600/4364 (global micro 14692/21820, update 14692/21820)  loss 0.5571  lr 3.17e-04
    step 1625/4364 (global micro 14717/21820, update 14717/21820)  loss 0.4662  lr 3.16e-04
    step 1650/4364 (global micro 14742/21820, update 14742/21820)  loss 0.5544  lr 3.14e-04
    step 1675/4364 (global micro 14767/21820, update 14767/21820)  loss 0.6220  lr 3.13e-04
    step 1700/4364 (global micro 14792/21820, update 14792/21820)  loss 0.4495  lr 3.11e-04
    step 1725/4364 (global micro 14817/21820, update 14817/21820)  loss 0.5697  lr 3.10e-04
    step 1750/4364 (global micro 14842/21820, update 14842/21820)  loss 0.4671  lr 3.09e-04
    step 1775/4364 (global micro 14867/21820, update 14867/21820)  loss 0.5570  lr 3.07e-04
    step 1800/4364 (global micro 14892/21820, update 14892/21820)  loss 0.5006  lr 3.06e-04
    step 1825/4364 (global micro 14917/21820, update 14917/21820)  loss 0.6366  lr 3.05e-04
    step 1850/4364 (global micro 14942/21820, update 14942/21820)  loss 0.5092  lr 3.03e-04
    step 1875/4364 (global micro 14967/21820, update 14967/21820)  loss 0.5447  lr 3.02e-04
    step 1900/4364 (global micro 14992/21820, update 14992/21820)  loss 0.4788  lr 3.00e-04
    step 1925/4364 (global micro 15017/21820, update 15017/21820)  loss 0.5315  lr 2.99e-04
    step 1950/4364 (global micro 15042/21820, update 15042/21820)  loss 0.6350  lr 2.98e-04
    step 1975/4364 (global micro 15067/21820, update 15067/21820)  loss 0.4184  lr 2.96e-04
    step 2000/4364 (global micro 15092/21820, update 15092/21820)  loss 0.5802  lr 2.95e-04
    step 2025/4364 (global micro 15117/21820, update 15117/21820)  loss 0.5757  lr 2.94e-04
    step 2050/4364 (global micro 15142/21820, update 15142/21820)  loss 0.5972  lr 2.92e-04
    step 2075/4364 (global micro 15167/21820, update 15167/21820)  loss 0.5384  lr 2.91e-04
    step 2100/4364 (global micro 15192/21820, update 15192/21820)  loss 0.5109  lr 2.90e-04
    step 2125/4364 (global micro 15217/21820, update 15217/21820)  loss 0.5293  lr 2.88e-04
    step 2150/4364 (global micro 15242/21820, update 15242/21820)  loss 0.3568  lr 2.87e-04
    step 2175/4364 (global micro 15267/21820, update 15267/21820)  loss 0.4039  lr 2.86e-04
    step 2200/4364 (global micro 15292/21820, update 15292/21820)  loss 0.5158  lr 2.85e-04
    step 2225/4364 (global micro 15317/21820, update 15317/21820)  loss 0.5552  lr 2.83e-04
    step 2250/4364 (global micro 15342/21820, update 15342/21820)  loss 0.5883  lr 2.82e-04
    step 2275/4364 (global micro 15367/21820, update 15367/21820)  loss 0.4289  lr 2.81e-04
    step 2300/4364 (global micro 15392/21820, update 15392/21820)  loss 0.5119  lr 2.79e-04
    step 2325/4364 (global micro 15417/21820, update 15417/21820)  loss 0.5264  lr 2.78e-04
    step 2350/4364 (global micro 15442/21820, update 15442/21820)  loss 0.5557  lr 2.77e-04
    step 2375/4364 (global micro 15467/21820, update 15467/21820)  loss 0.4423  lr 2.75e-04
    step 2400/4364 (global micro 15492/21820, update 15492/21820)  loss 0.5306  lr 2.74e-04
    step 2425/4364 (global micro 15517/21820, update 15517/21820)  loss 0.5985  lr 2.73e-04
    step 2450/4364 (global micro 15542/21820, update 15542/21820)  loss 0.5690  lr 2.72e-04
    step 2475/4364 (global micro 15567/21820, update 15567/21820)  loss 0.5757  lr 2.70e-04
    step 2500/4364 (global micro 15592/21820, update 15592/21820)  loss 0.5985  lr 2.69e-04
    step 2525/4364 (global micro 15617/21820, update 15617/21820)  loss 0.4655  lr 2.68e-04
    step 2550/4364 (global micro 15642/21820, update 15642/21820)  loss 0.4654  lr 2.67e-04
    step 2575/4364 (global micro 15667/21820, update 15667/21820)  loss 0.4961  lr 2.65e-04
    step 2600/4364 (global micro 15692/21820, update 15692/21820)  loss 0.4182  lr 2.64e-04
    step 2625/4364 (global micro 15717/21820, update 15717/21820)  loss 0.5591  lr 2.63e-04
    step 2650/4364 (global micro 15742/21820, update 15742/21820)  loss 0.6175  lr 2.62e-04
    step 2675/4364 (global micro 15767/21820, update 15767/21820)  loss 0.4362  lr 2.60e-04
    step 2700/4364 (global micro 15792/21820, update 15792/21820)  loss 0.4719  lr 2.59e-04
    step 2725/4364 (global micro 15817/21820, update 15817/21820)  loss 0.5645  lr 2.58e-04
    step 2750/4364 (global micro 15842/21820, update 15842/21820)  loss 0.4827  lr 2.57e-04
    step 2775/4364 (global micro 15867/21820, update 15867/21820)  loss 0.5795  lr 2.55e-04
    step 2800/4364 (global micro 15892/21820, update 15892/21820)  loss 0.4656  lr 2.54e-04
    step 2825/4364 (global micro 15917/21820, update 15917/21820)  loss 0.5340  lr 2.53e-04
    step 2850/4364 (global micro 15942/21820, update 15942/21820)  loss 0.4020  lr 2.52e-04
    step 2875/4364 (global micro 15967/21820, update 15967/21820)  loss 0.5173  lr 2.51e-04
    step 2900/4364 (global micro 15992/21820, update 15992/21820)  loss 0.5044  lr 2.49e-04
    step 2925/4364 (global micro 16017/21820, update 16017/21820)  loss 0.4776  lr 2.48e-04
    step 2950/4364 (global micro 16042/21820, update 16042/21820)  loss 0.5487  lr 2.47e-04
    step 2975/4364 (global micro 16067/21820, update 16067/21820)  loss 0.5558  lr 2.46e-04
    step 3000/4364 (global micro 16092/21820, update 16092/21820)  loss 0.5591  lr 2.45e-04
    step 3025/4364 (global micro 16117/21820, update 16117/21820)  loss 0.4510  lr 2.43e-04
    step 3050/4364 (global micro 16142/21820, update 16142/21820)  loss 0.5564  lr 2.42e-04
    step 3075/4364 (global micro 16167/21820, update 16167/21820)  loss 0.3838  lr 2.41e-04
    step 3100/4364 (global micro 16192/21820, update 16192/21820)  loss 0.5509  lr 2.40e-04
    step 3125/4364 (global micro 16217/21820, update 16217/21820)  loss 0.4087  lr 2.39e-04
    step 3150/4364 (global micro 16242/21820, update 16242/21820)  loss 0.4169  lr 2.37e-04
    step 3175/4364 (global micro 16267/21820, update 16267/21820)  loss 0.4720  lr 2.36e-04
    step 3200/4364 (global micro 16292/21820, update 16292/21820)  loss 0.5806  lr 2.35e-04
    step 3225/4364 (global micro 16317/21820, update 16317/21820)  loss 0.5255  lr 2.34e-04
    step 3250/4364 (global micro 16342/21820, update 16342/21820)  loss 0.5256  lr 2.33e-04
    step 3275/4364 (global micro 16367/21820, update 16367/21820)  loss 0.6078  lr 2.32e-04
    step 3300/4364 (global micro 16392/21820, update 16392/21820)  loss 0.4451  lr 2.31e-04
    step 3325/4364 (global micro 16417/21820, update 16417/21820)  loss 0.5877  lr 2.29e-04
    step 3350/4364 (global micro 16442/21820, update 16442/21820)  loss 0.4175  lr 2.28e-04
    step 3375/4364 (global micro 16467/21820, update 16467/21820)  loss 0.4235  lr 2.27e-04
    step 3400/4364 (global micro 16492/21820, update 16492/21820)  loss 0.6636  lr 2.26e-04
    step 3425/4364 (global micro 16517/21820, update 16517/21820)  loss 0.6279  lr 2.25e-04
    step 3450/4364 (global micro 16542/21820, update 16542/21820)  loss 0.4959  lr 2.24e-04
    step 3475/4364 (global micro 16567/21820, update 16567/21820)  loss 0.5739  lr 2.23e-04
    step 3500/4364 (global micro 16592/21820, update 16592/21820)  loss 0.4687  lr 2.22e-04
    step 3525/4364 (global micro 16617/21820, update 16617/21820)  loss 0.5338  lr 2.20e-04
    step 3550/4364 (global micro 16642/21820, update 16642/21820)  loss 0.4495  lr 2.19e-04
    step 3575/4364 (global micro 16667/21820, update 16667/21820)  loss 0.5146  lr 2.18e-04
    step 3600/4364 (global micro 16692/21820, update 16692/21820)  loss 0.4539  lr 2.17e-04
    step 3625/4364 (global micro 16717/21820, update 16717/21820)  loss 0.4756  lr 2.16e-04
    step 3650/4364 (global micro 16742/21820, update 16742/21820)  loss 0.4921  lr 2.15e-04
    step 3675/4364 (global micro 16767/21820, update 16767/21820)  loss 0.4189  lr 2.14e-04
    step 3700/4364 (global micro 16792/21820, update 16792/21820)  loss 0.4810  lr 2.13e-04
    step 3725/4364 (global micro 16817/21820, update 16817/21820)  loss 0.4990  lr 2.12e-04
    step 3750/4364 (global micro 16842/21820, update 16842/21820)  loss 0.5169  lr 2.11e-04
    step 3775/4364 (global micro 16867/21820, update 16867/21820)  loss 0.4774  lr 2.10e-04
    step 3800/4364 (global micro 16892/21820, update 16892/21820)  loss 0.4583  lr 2.09e-04
    step 3825/4364 (global micro 16917/21820, update 16917/21820)  loss 0.4513  lr 2.08e-04
    step 3850/4364 (global micro 16942/21820, update 16942/21820)  loss 0.4689  lr 2.06e-04
    step 3875/4364 (global micro 16967/21820, update 16967/21820)  loss 0.3136  lr 2.05e-04
    step 3900/4364 (global micro 16992/21820, update 16992/21820)  loss 0.5421  lr 2.04e-04
    step 3925/4364 (global micro 17017/21820, update 17017/21820)  loss 0.4362  lr 2.03e-04
    step 3950/4364 (global micro 17042/21820, update 17042/21820)  loss 0.4241  lr 2.02e-04
    step 3975/4364 (global micro 17067/21820, update 17067/21820)  loss 0.4603  lr 2.01e-04
    step 4000/4364 (global micro 17092/21820, update 17092/21820)  loss 0.5707  lr 2.00e-04
    step 4025/4364 (global micro 17117/21820, update 17117/21820)  loss 0.4683  lr 1.99e-04
    step 4050/4364 (global micro 17142/21820, update 17142/21820)  loss 0.3986  lr 1.98e-04
    step 4075/4364 (global micro 17167/21820, update 17167/21820)  loss 0.4740  lr 1.97e-04
    step 4100/4364 (global micro 17192/21820, update 17192/21820)  loss 0.5318  lr 1.96e-04
    step 4125/4364 (global micro 17217/21820, update 17217/21820)  loss 0.4123  lr 1.95e-04
    step 4150/4364 (global micro 17242/21820, update 17242/21820)  loss 0.4764  lr 1.94e-04
    step 4175/4364 (global micro 17267/21820, update 17267/21820)  loss 0.5514  lr 1.93e-04
    step 4200/4364 (global micro 17292/21820, update 17292/21820)  loss 0.3927  lr 1.92e-04
    step 4225/4364 (global micro 17317/21820, update 17317/21820)  loss 0.4379  lr 1.91e-04
    step 4250/4364 (global micro 17342/21820, update 17342/21820)  loss 0.3511  lr 1.90e-04
    step 4275/4364 (global micro 17367/21820, update 17367/21820)  loss 0.5001  lr 1.89e-04
    step 4300/4364 (global micro 17392/21820, update 17392/21820)  loss 0.4588  lr 1.88e-04
    step 4325/4364 (global micro 17417/21820, update 17417/21820)  loss 0.5895  lr 1.87e-04
    step 4350/4364 (global micro 17442/21820, update 17442/21820)  loss 0.4451  lr 1.86e-04
    step 4364/4364 (global micro 17456/21820, update 17456/21820)  loss 0.5257  lr 1.86e-04
  epoch   4/5  loss 0.5085  lr 1.86e-04  (855.3s)
  Epoch checkpoint: /home/aomukai/Ninereeds/core/c13_Phase_B_ext_p1_e4.pt
    step    1/4364 (global micro 17457/21820, update 17457/21820)  loss 0.4647  lr 1.86e-04
    step   25/4364 (global micro 17481/21820, update 17481/21820)  loss 0.3464  lr 1.85e-04
    step   50/4364 (global micro 17506/21820, update 17506/21820)  loss 0.3945  lr 1.84e-04
    step   75/4364 (global micro 17531/21820, update 17531/21820)  loss 0.4194  lr 1.83e-04
    step  100/4364 (global micro 17556/21820, update 17556/21820)  loss 0.4017  lr 1.82e-04
    step  125/4364 (global micro 17581/21820, update 17581/21820)  loss 0.3818  lr 1.81e-04
    step  150/4364 (global micro 17606/21820, update 17606/21820)  loss 0.3467  lr 1.80e-04
    step  175/4364 (global micro 17631/21820, update 17631/21820)  loss 0.4088  lr 1.79e-04
    step  200/4364 (global micro 17656/21820, update 17656/21820)  loss 0.3149  lr 1.78e-04
    step  225/4364 (global micro 17681/21820, update 17681/21820)  loss 0.3104  lr 1.78e-04
    step  250/4364 (global micro 17706/21820, update 17706/21820)  loss 0.4472  lr 1.77e-04
    step  275/4364 (global micro 17731/21820, update 17731/21820)  loss 0.3892  lr 1.76e-04
    step  300/4364 (global micro 17756/21820, update 17756/21820)  loss 0.5003  lr 1.75e-04
    step  325/4364 (global micro 17781/21820, update 17781/21820)  loss 0.4570  lr 1.74e-04
    step  350/4364 (global micro 17806/21820, update 17806/21820)  loss 0.3629  lr 1.73e-04
    step  375/4364 (global micro 17831/21820, update 17831/21820)  loss 0.3355  lr 1.72e-04
    step  400/4364 (global micro 17856/21820, update 17856/21820)  loss 0.3841  lr 1.71e-04
    step  425/4364 (global micro 17881/21820, update 17881/21820)  loss 0.4531  lr 1.70e-04
    step  450/4364 (global micro 17906/21820, update 17906/21820)  loss 0.4139  lr 1.70e-04
    step  475/4364 (global micro 17931/21820, update 17931/21820)  loss 0.4505  lr 1.69e-04
    step  500/4364 (global micro 17956/21820, update 17956/21820)  loss 0.4691  lr 1.68e-04
    step  525/4364 (global micro 17981/21820, update 17981/21820)  loss 0.4363  lr 1.67e-04
    step  550/4364 (global micro 18006/21820, update 18006/21820)  loss 0.3788  lr 1.66e-04
    step  575/4364 (global micro 18031/21820, update 18031/21820)  loss 0.4447  lr 1.65e-04
    step  600/4364 (global micro 18056/21820, update 18056/21820)  loss 0.4089  lr 1.64e-04
    step  625/4364 (global micro 18081/21820, update 18081/21820)  loss 0.4424  lr 1.64e-04
    step  650/4364 (global micro 18106/21820, update 18106/21820)  loss 0.4157  lr 1.63e-04
    step  675/4364 (global micro 18131/21820, update 18131/21820)  loss 0.4473  lr 1.62e-04
    step  700/4364 (global micro 18156/21820, update 18156/21820)  loss 0.3991  lr 1.61e-04
    step  725/4364 (global micro 18181/21820, update 18181/21820)  loss 0.3879  lr 1.60e-04
    step  750/4364 (global micro 18206/21820, update 18206/21820)  loss 0.4905  lr 1.60e-04
    step  775/4364 (global micro 18231/21820, update 18231/21820)  loss 0.4162  lr 1.59e-04
    step  800/4364 (global micro 18256/21820, update 18256/21820)  loss 0.4756  lr 1.58e-04
    step  825/4364 (global micro 18281/21820, update 18281/21820)  loss 0.4619  lr 1.57e-04
    step  850/4364 (global micro 18306/21820, update 18306/21820)  loss 0.4419  lr 1.56e-04
    step  875/4364 (global micro 18331/21820, update 18331/21820)  loss 0.5176  lr 1.56e-04
    step  900/4364 (global micro 18356/21820, update 18356/21820)  loss 0.5274  lr 1.55e-04
    step  925/4364 (global micro 18381/21820, update 18381/21820)  loss 0.4334  lr 1.54e-04
    step  950/4364 (global micro 18406/21820, update 18406/21820)  loss 0.4305  lr 1.53e-04
    step  975/4364 (global micro 18431/21820, update 18431/21820)  loss 0.4619  lr 1.53e-04
    step 1000/4364 (global micro 18456/21820, update 18456/21820)  loss 0.3817  lr 1.52e-04
    step 1025/4364 (global micro 18481/21820, update 18481/21820)  loss 0.4915  lr 1.51e-04
    step 1050/4364 (global micro 18506/21820, update 18506/21820)  loss 0.4182  lr 1.50e-04
    step 1075/4364 (global micro 18531/21820, update 18531/21820)  loss 0.4366  lr 1.50e-04
    step 1100/4364 (global micro 18556/21820, update 18556/21820)  loss 0.4998  lr 1.49e-04
    step 1125/4364 (global micro 18581/21820, update 18581/21820)  loss 0.4577  lr 1.48e-04
    step 1150/4364 (global micro 18606/21820, update 18606/21820)  loss 0.4749  lr 1.47e-04
    step 1175/4364 (global micro 18631/21820, update 18631/21820)  loss 0.4759  lr 1.47e-04
    step 1200/4364 (global micro 18656/21820, update 18656/21820)  loss 0.3658  lr 1.46e-04
    step 1225/4364 (global micro 18681/21820, update 18681/21820)  loss 0.3454  lr 1.45e-04
    step 1250/4364 (global micro 18706/21820, update 18706/21820)  loss 0.4550  lr 1.44e-04
    step 1275/4364 (global micro 18731/21820, update 18731/21820)  loss 0.4334  lr 1.44e-04
    step 1300/4364 (global micro 18756/21820, update 18756/21820)  loss 0.3896  lr 1.43e-04
    step 1325/4364 (global micro 18781/21820, update 18781/21820)  loss 0.4240  lr 1.42e-04
    step 1350/4364 (global micro 18806/21820, update 18806/21820)  loss 0.5034  lr 1.42e-04
    step 1375/4364 (global micro 18831/21820, update 18831/21820)  loss 0.5445  lr 1.41e-04
    step 1400/4364 (global micro 18856/21820, update 18856/21820)  loss 0.4072  lr 1.40e-04
    step 1425/4364 (global micro 18881/21820, update 18881/21820)  loss 0.5206  lr 1.40e-04
    step 1450/4364 (global micro 18906/21820, update 18906/21820)  loss 0.5188  lr 1.39e-04
    step 1475/4364 (global micro 18931/21820, update 18931/21820)  loss 0.4415  lr 1.38e-04
    step 1500/4364 (global micro 18956/21820, update 18956/21820)  loss 0.3423  lr 1.38e-04
    step 1525/4364 (global micro 18981/21820, update 18981/21820)  loss 0.3896  lr 1.37e-04
    step 1550/4364 (global micro 19006/21820, update 19006/21820)  loss 0.4142  lr 1.36e-04
    step 1575/4364 (global micro 19031/21820, update 19031/21820)  loss 0.4220  lr 1.36e-04
    step 1600/4364 (global micro 19056/21820, update 19056/21820)  loss 0.4766  lr 1.35e-04
    step 1625/4364 (global micro 19081/21820, update 19081/21820)  loss 0.3782  lr 1.35e-04
    step 1650/4364 (global micro 19106/21820, update 19106/21820)  loss 0.3932  lr 1.34e-04
    step 1675/4364 (global micro 19131/21820, update 19131/21820)  loss 0.4175  lr 1.33e-04
    step 1700/4364 (global micro 19156/21820, update 19156/21820)  loss 0.3734  lr 1.33e-04
    step 1725/4364 (global micro 19181/21820, update 19181/21820)  loss 0.3951  lr 1.32e-04
    step 1750/4364 (global micro 19206/21820, update 19206/21820)  loss 0.3723  lr 1.31e-04
    step 1775/4364 (global micro 19231/21820, update 19231/21820)  loss 0.4576  lr 1.31e-04
    step 1800/4364 (global micro 19256/21820, update 19256/21820)  loss 0.3823  lr 1.30e-04
    step 1825/4364 (global micro 19281/21820, update 19281/21820)  loss 0.3872  lr 1.30e-04
    step 1850/4364 (global micro 19306/21820, update 19306/21820)  loss 0.4861  lr 1.29e-04
    step 1875/4364 (global micro 19331/21820, update 19331/21820)  loss 0.4089  lr 1.29e-04
    step 1900/4364 (global micro 19356/21820, update 19356/21820)  loss 0.5415  lr 1.28e-04
    step 1925/4364 (global micro 19381/21820, update 19381/21820)  loss 0.3803  lr 1.27e-04
    step 1950/4364 (global micro 19406/21820, update 19406/21820)  loss 0.4045  lr 1.27e-04
    step 1975/4364 (global micro 19431/21820, update 19431/21820)  loss 0.3929  lr 1.26e-04
    step 2000/4364 (global micro 19456/21820, update 19456/21820)  loss 0.4151  lr 1.26e-04
    step 2025/4364 (global micro 19481/21820, update 19481/21820)  loss 0.3178  lr 1.25e-04
    step 2050/4364 (global micro 19506/21820, update 19506/21820)  loss 0.4498  lr 1.25e-04
    step 2075/4364 (global micro 19531/21820, update 19531/21820)  loss 0.3762  lr 1.24e-04
    step 2100/4364 (global micro 19556/21820, update 19556/21820)  loss 0.4000  lr 1.24e-04
    step 2125/4364 (global micro 19581/21820, update 19581/21820)  loss 0.3422  lr 1.23e-04
    step 2150/4364 (global micro 19606/21820, update 19606/21820)  loss 0.3599  lr 1.23e-04
    step 2175/4364 (global micro 19631/21820, update 19631/21820)  loss 0.4751  lr 1.22e-04
    step 2200/4364 (global micro 19656/21820, update 19656/21820)  loss 0.3369  lr 1.22e-04
    step 2225/4364 (global micro 19681/21820, update 19681/21820)  loss 0.4437  lr 1.21e-04
    step 2250/4364 (global micro 19706/21820, update 19706/21820)  loss 0.3706  lr 1.21e-04
    step 2275/4364 (global micro 19731/21820, update 19731/21820)  loss 0.4703  lr 1.20e-04
    step 2300/4364 (global micro 19756/21820, update 19756/21820)  loss 0.4406  lr 1.20e-04
    step 2325/4364 (global micro 19781/21820, update 19781/21820)  loss 0.4497  lr 1.19e-04
    step 2350/4364 (global micro 19806/21820, update 19806/21820)  loss 0.5470  lr 1.19e-04
    step 2375/4364 (global micro 19831/21820, update 19831/21820)  loss 0.4373  lr 1.18e-04
    step 2400/4364 (global micro 19856/21820, update 19856/21820)  loss 0.5185  lr 1.18e-04
    step 2425/4364 (global micro 19881/21820, update 19881/21820)  loss 0.4027  lr 1.17e-04
    step 2450/4364 (global micro 19906/21820, update 19906/21820)  loss 0.4521  lr 1.17e-04
    step 2475/4364 (global micro 19931/21820, update 19931/21820)  loss 0.3105  lr 1.17e-04
    step 2500/4364 (global micro 19956/21820, update 19956/21820)  loss 0.3847  lr 1.16e-04
    step 2525/4364 (global micro 19981/21820, update 19981/21820)  loss 0.3688  lr 1.16e-04
    step 2550/4364 (global micro 20006/21820, update 20006/21820)  loss 0.4189  lr 1.15e-04
    step 2575/4364 (global micro 20031/21820, update 20031/21820)  loss 0.4261  lr 1.15e-04
    step 2600/4364 (global micro 20056/21820, update 20056/21820)  loss 0.4052  lr 1.14e-04
    step 2625/4364 (global micro 20081/21820, update 20081/21820)  loss 0.4435  lr 1.14e-04
    step 2650/4364 (global micro 20106/21820, update 20106/21820)  loss 0.3770  lr 1.14e-04
    step 2675/4364 (global micro 20131/21820, update 20131/21820)  loss 0.3891  lr 1.13e-04
    step 2700/4364 (global micro 20156/21820, update 20156/21820)  loss 0.3909  lr 1.13e-04
    step 2725/4364 (global micro 20181/21820, update 20181/21820)  loss 0.4946  lr 1.12e-04
    step 2750/4364 (global micro 20206/21820, update 20206/21820)  loss 0.3722  lr 1.12e-04
    step 2775/4364 (global micro 20231/21820, update 20231/21820)  loss 0.3996  lr 1.12e-04
    step 2800/4364 (global micro 20256/21820, update 20256/21820)  loss 0.4026  lr 1.11e-04
    step 2825/4364 (global micro 20281/21820, update 20281/21820)  loss 0.3621  lr 1.11e-04
    step 2850/4364 (global micro 20306/21820, update 20306/21820)  loss 0.4568  lr 1.11e-04
    step 2875/4364 (global micro 20331/21820, update 20331/21820)  loss 0.5220  lr 1.10e-04
    step 2900/4364 (global micro 20356/21820, update 20356/21820)  loss 0.4462  lr 1.10e-04
    step 2925/4364 (global micro 20381/21820, update 20381/21820)  loss 0.5270  lr 1.10e-04
    step 2950/4364 (global micro 20406/21820, update 20406/21820)  loss 0.4709  lr 1.09e-04
    step 2975/4364 (global micro 20431/21820, update 20431/21820)  loss 0.4601  lr 1.09e-04
    step 3000/4364 (global micro 20456/21820, update 20456/21820)  loss 0.3315  lr 1.09e-04
    step 3025/4364 (global micro 20481/21820, update 20481/21820)  loss 0.3692  lr 1.08e-04
    step 3050/4364 (global micro 20506/21820, update 20506/21820)  loss 0.3645  lr 1.08e-04
    step 3075/4364 (global micro 20531/21820, update 20531/21820)  loss 0.5346  lr 1.08e-04
    step 3100/4364 (global micro 20556/21820, update 20556/21820)  loss 0.4897  lr 1.07e-04
    step 3125/4364 (global micro 20581/21820, update 20581/21820)  loss 0.4544  lr 1.07e-04
    step 3150/4364 (global micro 20606/21820, update 20606/21820)  loss 0.4566  lr 1.07e-04
    step 3175/4364 (global micro 20631/21820, update 20631/21820)  loss 0.4172  lr 1.07e-04
    step 3200/4364 (global micro 20656/21820, update 20656/21820)  loss 0.4364  lr 1.06e-04
    step 3225/4364 (global micro 20681/21820, update 20681/21820)  loss 0.4493  lr 1.06e-04
    step 3250/4364 (global micro 20706/21820, update 20706/21820)  loss 0.3670  lr 1.06e-04
    step 3275/4364 (global micro 20731/21820, update 20731/21820)  loss 0.3413  lr 1.06e-04
    step 3300/4364 (global micro 20756/21820, update 20756/21820)  loss 0.4382  lr 1.05e-04
    step 3325/4364 (global micro 20781/21820, update 20781/21820)  loss 0.4143  lr 1.05e-04
    step 3350/4364 (global micro 20806/21820, update 20806/21820)  loss 0.5060  lr 1.05e-04
    step 3375/4364 (global micro 20831/21820, update 20831/21820)  loss 0.3733  lr 1.05e-04
    step 3400/4364 (global micro 20856/21820, update 20856/21820)  loss 0.4248  lr 1.04e-04
    step 3425/4364 (global micro 20881/21820, update 20881/21820)  loss 0.4861  lr 1.04e-04
    step 3450/4364 (global micro 20906/21820, update 20906/21820)  loss 0.4031  lr 1.04e-04
    step 3475/4364 (global micro 20931/21820, update 20931/21820)  loss 0.5279  lr 1.04e-04
    step 3500/4364 (global micro 20956/21820, update 20956/21820)  loss 0.4556  lr 1.03e-04
    step 3525/4364 (global micro 20981/21820, update 20981/21820)  loss 0.4961  lr 1.03e-04
    step 3550/4364 (global micro 21006/21820, update 21006/21820)  loss 0.5080  lr 1.03e-04
    step 3575/4364 (global micro 21031/21820, update 21031/21820)  loss 0.3644  lr 1.03e-04
    step 3600/4364 (global micro 21056/21820, update 21056/21820)  loss 0.3591  lr 1.03e-04
    step 3625/4364 (global micro 21081/21820, update 21081/21820)  loss 0.4703  lr 1.03e-04
    step 3650/4364 (global micro 21106/21820, update 21106/21820)  loss 0.4333  lr 1.02e-04
    step 3675/4364 (global micro 21131/21820, update 21131/21820)  loss 0.5646  lr 1.02e-04
    step 3700/4364 (global micro 21156/21820, update 21156/21820)  loss 0.4343  lr 1.02e-04
    step 3725/4364 (global micro 21181/21820, update 21181/21820)  loss 0.4469  lr 1.02e-04
    step 3750/4364 (global micro 21206/21820, update 21206/21820)  loss 0.4338  lr 1.02e-04
    step 3775/4364 (global micro 21231/21820, update 21231/21820)  loss 0.3556  lr 1.02e-04
    step 3800/4364 (global micro 21256/21820, update 21256/21820)  loss 0.4886  lr 1.01e-04
    step 3825/4364 (global micro 21281/21820, update 21281/21820)  loss 0.3533  lr 1.01e-04
    step 3850/4364 (global micro 21306/21820, update 21306/21820)  loss 0.4305  lr 1.01e-04
    step 3875/4364 (global micro 21331/21820, update 21331/21820)  loss 0.3534  lr 1.01e-04
    step 3900/4364 (global micro 21356/21820, update 21356/21820)  loss 0.5647  lr 1.01e-04
    step 3925/4364 (global micro 21381/21820, update 21381/21820)  loss 0.3421  lr 1.01e-04
    step 3950/4364 (global micro 21406/21820, update 21406/21820)  loss 0.4453  lr 1.01e-04
    step 3975/4364 (global micro 21431/21820, update 21431/21820)  loss 0.4866  lr 1.01e-04
    step 4000/4364 (global micro 21456/21820, update 21456/21820)  loss 0.4862  lr 1.01e-04
    step 4025/4364 (global micro 21481/21820, update 21481/21820)  loss 0.3447  lr 1.01e-04
    step 4050/4364 (global micro 21506/21820, update 21506/21820)  loss 0.3486  lr 1.00e-04
    step 4075/4364 (global micro 21531/21820, update 21531/21820)  loss 0.4508  lr 1.00e-04
    step 4100/4364 (global micro 21556/21820, update 21556/21820)  loss 0.4713  lr 1.00e-04
    step 4125/4364 (global micro 21581/21820, update 21581/21820)  loss 0.4374  lr 1.00e-04
    step 4150/4364 (global micro 21606/21820, update 21606/21820)  loss 0.4280  lr 1.00e-04
    step 4175/4364 (global micro 21631/21820, update 21631/21820)  loss 0.4382  lr 1.00e-04
    step 4200/4364 (global micro 21656/21820, update 21656/21820)  loss 0.4465  lr 1.00e-04
    step 4225/4364 (global micro 21681/21820, update 21681/21820)  loss 0.3724  lr 1.00e-04
    step 4250/4364 (global micro 21706/21820, update 21706/21820)  loss 0.4382  lr 1.00e-04
    step 4275/4364 (global micro 21731/21820, update 21731/21820)  loss 0.4684  lr 1.00e-04
    step 4300/4364 (global micro 21756/21820, update 21756/21820)  loss 0.3266  lr 1.00e-04
    step 4325/4364 (global micro 21781/21820, update 21781/21820)  loss 0.3968  lr 1.00e-04
    step 4350/4364 (global micro 21806/21820, update 21806/21820)  loss 0.4262  lr 1.00e-04
    step 4364/4364 (global micro 21820/21820, update 21820/21820)  loss 0.4304  lr 1.00e-04
  epoch   5/5  loss 0.4197  lr 1.00e-04  (855.3s)
  Epoch checkpoint: /home/aomukai/Ninereeds/core/c13_Phase_B_ext_p1_e5.pt

  Best loss: 0.4197
  Checkpoint saved: /home/aomukai/Ninereeds/core/c13_Phase_B_ext_p1.pt

