  Training audit: PASSED
  Python: /home/aomukai/.unsloth/studio/unsloth_studio/bin/python
  Device: cuda
  Phase: 0
  Seed: 1337
  Data order: seeded-shuffle
  Resume checkpoint: /home/aomukai/Ninereeds/core/c13_fresh_bridge_phaseA_e2.pt

============================================================
  BDH Phase 0 Training
============================================================
  Data files: ['/home/aomukai/Ninereeds/training/corpus/campaign_13_phase_C.txt']
  Total bytes: 5,386,252
  Pre-loading corpus tensor...
  Corpus tensor: 5,386,252 tokens
  Model: small-25m (25.3M params)
  Resuming from: /home/aomukai/Ninereeds/core/c13_fresh_bridge_phaseA_e2.pt
  Seed: 1337  |  Deterministic: enabled  |  Data order: seeded-shuffle
  Epochs: 3  |  Windows/epoch: 21040  |  Micro-steps/epoch: 2630  |  Optimizer updates/epoch: 2630  |  Total optimizer updates: 7890  |  LR: 0.001
  Block size: 256  |  Batch size: 8
  Grad accumulation: 1
  AMP bf16: enabled
  Data mode: phase_text
  VRAM logging: disabled
  Log interval: every 25 step(s)
  Output: /home/aomukai/Ninereeds/core/c13_Phase_C_direct.pt

    step    1/2630 (global micro     1/7890, update     1/7890)  loss 0.8891  lr 1.00e-03
    step   25/2630 (global micro    25/7890, update    25/7890)  loss 1.0076  lr 1.00e-03
    step   50/2630 (global micro    50/7890, update    50/7890)  loss 0.8849  lr 1.00e-03
    step   75/2630 (global micro    75/7890, update    75/7890)  loss 0.9507  lr 1.00e-03
    step  100/2630 (global micro   100/7890, update   100/7890)  loss 0.7733  lr 1.00e-03
    step  125/2630 (global micro   125/7890, update   125/7890)  loss 0.7504  lr 9.99e-04
    step  150/2630 (global micro   150/7890, update   150/7890)  loss 0.8065  lr 9.99e-04
    step  175/2630 (global micro   175/7890, update   175/7890)  loss 0.8436  lr 9.99e-04
    step  200/2630 (global micro   200/7890, update   200/7890)  loss 0.9104  lr 9.99e-04
    step  225/2630 (global micro   225/7890, update   225/7890)  loss 0.8757  lr 9.98e-04
    step  250/2630 (global micro   250/7890, update   250/7890)  loss 0.8588  lr 9.98e-04
    step  275/2630 (global micro   275/7890, update   275/7890)  loss 0.8496  lr 9.97e-04
    step  300/2630 (global micro   300/7890, update   300/7890)  loss 1.0090  lr 9.97e-04
    step  325/2630 (global micro   325/7890, update   325/7890)  loss 0.7040  lr 9.96e-04
    step  350/2630 (global micro   350/7890, update   350/7890)  loss 0.8338  lr 9.96e-04
    step  375/2630 (global micro   375/7890, update   375/7890)  loss 0.8138  lr 9.95e-04
    step  400/2630 (global micro   400/7890, update   400/7890)  loss 0.9162  lr 9.94e-04
    step  425/2630 (global micro   425/7890, update   425/7890)  loss 0.8606  lr 9.94e-04
    step  450/2630 (global micro   450/7890, update   450/7890)  loss 0.9308  lr 9.93e-04
    step  475/2630 (global micro   475/7890, update   475/7890)  loss 0.9181  lr 9.92e-04
    step  500/2630 (global micro   500/7890, update   500/7890)  loss 0.8150  lr 9.91e-04
    step  525/2630 (global micro   525/7890, update   525/7890)  loss 0.9153  lr 9.90e-04
    step  550/2630 (global micro   550/7890, update   550/7890)  loss 0.9086  lr 9.89e-04
    step  575/2630 (global micro   575/7890, update   575/7890)  loss 0.8180  lr 9.88e-04
    step  600/2630 (global micro   600/7890, update   600/7890)  loss 0.7443  lr 9.87e-04
    step  625/2630 (global micro   625/7890, update   625/7890)  loss 0.7723  lr 9.86e-04
    step  650/2630 (global micro   650/7890, update   650/7890)  loss 0.8083  lr 9.85e-04
    step  675/2630 (global micro   675/7890, update   675/7890)  loss 0.7425  lr 9.84e-04
    step  700/2630 (global micro   700/7890, update   700/7890)  loss 0.7413  lr 9.83e-04
    step  725/2630 (global micro   725/7890, update   725/7890)  loss 0.7537  lr 9.81e-04
    step  750/2630 (global micro   750/7890, update   750/7890)  loss 0.6980  lr 9.80e-04
    step  775/2630 (global micro   775/7890, update   775/7890)  loss 0.7781  lr 9.79e-04
    step  800/2630 (global micro   800/7890, update   800/7890)  loss 0.7442  lr 9.77e-04
    step  825/2630 (global micro   825/7890, update   825/7890)  loss 0.6817  lr 9.76e-04
    step  850/2630 (global micro   850/7890, update   850/7890)  loss 0.7684  lr 9.74e-04
    step  875/2630 (global micro   875/7890, update   875/7890)  loss 0.7184  lr 9.73e-04
    step  900/2630 (global micro   900/7890, update   900/7890)  loss 0.7356  lr 9.71e-04
    step  925/2630 (global micro   925/7890, update   925/7890)  loss 0.7204  lr 9.70e-04
    step  950/2630 (global micro   950/7890, update   950/7890)  loss 0.6772  lr 9.68e-04
    step  975/2630 (global micro   975/7890, update   975/7890)  loss 0.7251  lr 9.67e-04
    step 1000/2630 (global micro  1000/7890, update  1000/7890)  loss 0.7491  lr 9.65e-04
    step 1025/2630 (global micro  1025/7890, update  1025/7890)  loss 0.7805  lr 9.63e-04
    step 1050/2630 (global micro  1050/7890, update  1050/7890)  loss 0.8185  lr 9.61e-04
    step 1075/2630 (global micro  1075/7890, update  1075/7890)  loss 0.7077  lr 9.59e-04
    step 1100/2630 (global micro  1100/7890, update  1100/7890)  loss 0.7857  lr 9.58e-04
    step 1125/2630 (global micro  1125/7890, update  1125/7890)  loss 0.8160  lr 9.56e-04
    step 1150/2630 (global micro  1150/7890, update  1150/7890)  loss 0.6988  lr 9.54e-04
    step 1175/2630 (global micro  1175/7890, update  1175/7890)  loss 0.8008  lr 9.52e-04
    step 1200/2630 (global micro  1200/7890, update  1200/7890)  loss 0.8089  lr 9.50e-04
    step 1225/2630 (global micro  1225/7890, update  1225/7890)  loss 0.6996  lr 9.48e-04
    step 1250/2630 (global micro  1250/7890, update  1250/7890)  loss 0.7044  lr 9.45e-04
    step 1275/2630 (global micro  1275/7890, update  1275/7890)  loss 0.7934  lr 9.43e-04
    step 1300/2630 (global micro  1300/7890, update  1300/7890)  loss 0.7783  lr 9.41e-04
    step 1325/2630 (global micro  1325/7890, update  1325/7890)  loss 0.8578  lr 9.39e-04
    step 1350/2630 (global micro  1350/7890, update  1350/7890)  loss 0.6884  lr 9.37e-04
    step 1375/2630 (global micro  1375/7890, update  1375/7890)  loss 0.8355  lr 9.34e-04
    step 1400/2630 (global micro  1400/7890, update  1400/7890)  loss 0.7349  lr 9.32e-04
    step 1425/2630 (global micro  1425/7890, update  1425/7890)  loss 0.7788  lr 9.29e-04
    step 1450/2630 (global micro  1450/7890, update  1450/7890)  loss 0.7689  lr 9.27e-04
    step 1475/2630 (global micro  1475/7890, update  1475/7890)  loss 0.8129  lr 9.25e-04
    step 1500/2630 (global micro  1500/7890, update  1500/7890)  loss 0.6558  lr 9.22e-04
    step 1525/2630 (global micro  1525/7890, update  1525/7890)  loss 0.7710  lr 9.20e-04
    step 1550/2630 (global micro  1550/7890, update  1550/7890)  loss 0.6505  lr 9.17e-04
    step 1575/2630 (global micro  1575/7890, update  1575/7890)  loss 0.6903  lr 9.14e-04
    step 1600/2630 (global micro  1600/7890, update  1600/7890)  loss 0.7529  lr 9.12e-04
    step 1625/2630 (global micro  1625/7890, update  1625/7890)  loss 0.6527  lr 9.09e-04
    step 1650/2630 (global micro  1650/7890, update  1650/7890)  loss 0.7393  lr 9.06e-04
    step 1675/2630 (global micro  1675/7890, update  1675/7890)  loss 0.7379  lr 9.04e-04
    step 1700/2630 (global micro  1700/7890, update  1700/7890)  loss 0.8070  lr 9.01e-04
    step 1725/2630 (global micro  1725/7890, update  1725/7890)  loss 0.7160  lr 8.98e-04
    step 1750/2630 (global micro  1750/7890, update  1750/7890)  loss 0.8183  lr 8.95e-04
    step 1775/2630 (global micro  1775/7890, update  1775/7890)  loss 0.7820  lr 8.92e-04
    step 1800/2630 (global micro  1800/7890, update  1800/7890)  loss 0.6908  lr 8.89e-04
    step 1825/2630 (global micro  1825/7890, update  1825/7890)  loss 0.8506  lr 8.86e-04
    step 1850/2630 (global micro  1850/7890, update  1850/7890)  loss 0.6141  lr 8.83e-04
    step 1875/2630 (global micro  1875/7890, update  1875/7890)  loss 0.7003  lr 8.80e-04
    step 1900/2630 (global micro  1900/7890, update  1900/7890)  loss 0.6516  lr 8.77e-04
    step 1925/2630 (global micro  1925/7890, update  1925/7890)  loss 0.7343  lr 8.74e-04
    step 1950/2630 (global micro  1950/7890, update  1950/7890)  loss 0.6634  lr 8.71e-04
    step 1975/2630 (global micro  1975/7890, update  1975/7890)  loss 0.7548  lr 8.68e-04
    step 2000/2630 (global micro  2000/7890, update  2000/7890)  loss 0.7412  lr 8.65e-04
    step 2025/2630 (global micro  2025/7890, update  2025/7890)  loss 0.6630  lr 8.61e-04
    step 2050/2630 (global micro  2050/7890, update  2050/7890)  loss 0.8495  lr 8.58e-04
    step 2075/2630 (global micro  2075/7890, update  2075/7890)  loss 0.7405  lr 8.55e-04
    step 2100/2630 (global micro  2100/7890, update  2100/7890)  loss 0.8946  lr 8.52e-04
    step 2125/2630 (global micro  2125/7890, update  2125/7890)  loss 0.7296  lr 8.48e-04
    step 2150/2630 (global micro  2150/7890, update  2150/7890)  loss 0.6232  lr 8.45e-04
    step 2175/2630 (global micro  2175/7890, update  2175/7890)  loss 0.7432  lr 8.42e-04
    step 2200/2630 (global micro  2200/7890, update  2200/7890)  loss 0.6789  lr 8.38e-04
    step 2225/2630 (global micro  2225/7890, update  2225/7890)  loss 0.7396  lr 8.35e-04
    step 2250/2630 (global micro  2250/7890, update  2250/7890)  loss 0.6062  lr 8.31e-04
    step 2275/2630 (global micro  2275/7890, update  2275/7890)  loss 0.6343  lr 8.28e-04
    step 2300/2630 (global micro  2300/7890, update  2300/7890)  loss 0.7020  lr 8.24e-04
    step 2325/2630 (global micro  2325/7890, update  2325/7890)  loss 0.8343  lr 8.21e-04
    step 2350/2630 (global micro  2350/7890, update  2350/7890)  loss 0.7883  lr 8.17e-04
    step 2375/2630 (global micro  2375/7890, update  2375/7890)  loss 0.7024  lr 8.13e-04
    step 2400/2630 (global micro  2400/7890, update  2400/7890)  loss 0.6391  lr 8.10e-04
    step 2425/2630 (global micro  2425/7890, update  2425/7890)  loss 0.8124  lr 8.06e-04
    step 2450/2630 (global micro  2450/7890, update  2450/7890)  loss 0.6771  lr 8.02e-04
    step 2475/2630 (global micro  2475/7890, update  2475/7890)  loss 0.6961  lr 7.99e-04
    step 2500/2630 (global micro  2500/7890, update  2500/7890)  loss 0.7101  lr 7.95e-04
    step 2525/2630 (global micro  2525/7890, update  2525/7890)  loss 0.7978  lr 7.91e-04
    step 2550/2630 (global micro  2550/7890, update  2550/7890)  loss 0.7222  lr 7.87e-04
    step 2575/2630 (global micro  2575/7890, update  2575/7890)  loss 0.5915  lr 7.83e-04
    step 2600/2630 (global micro  2600/7890, update  2600/7890)  loss 0.6374  lr 7.80e-04
    step 2625/2630 (global micro  2625/7890, update  2625/7890)  loss 0.7871  lr 7.76e-04
    step 2630/2630 (global micro  2630/7890, update  2630/7890)  loss 0.7100  lr 7.75e-04
  epoch   1/3  loss 0.7626  lr 7.75e-04  (988.7s)
  Epoch checkpoint: /home/aomukai/Ninereeds/core/c13_Phase_C_direct_e1.pt
    step    1/2630 (global micro  2631/7890, update  2631/7890)  loss 0.5887  lr 7.75e-04
    step   25/2630 (global micro  2655/7890, update  2655/7890)  loss 0.5507  lr 7.71e-04
    step   50/2630 (global micro  2680/7890, update  2680/7890)  loss 0.7735  lr 7.67e-04
    step   75/2630 (global micro  2705/7890, update  2705/7890)  loss 0.6471  lr 7.63e-04
    step  100/2630 (global micro  2730/7890, update  2730/7890)  loss 0.7596  lr 7.59e-04
    step  125/2630 (global micro  2755/7890, update  2755/7890)  loss 0.5569  lr 7.55e-04
    step  150/2630 (global micro  2780/7890, update  2780/7890)  loss 0.6906  lr 7.51e-04
    step  175/2630 (global micro  2805/7890, update  2805/7890)  loss 0.6714  lr 7.47e-04
    step  200/2630 (global micro  2830/7890, update  2830/7890)  loss 0.6430  lr 7.43e-04
    step  225/2630 (global micro  2855/7890, update  2855/7890)  loss 0.6094  lr 7.39e-04
    step  250/2630 (global micro  2880/7890, update  2880/7890)  loss 0.6045  lr 7.35e-04
    step  275/2630 (global micro  2905/7890, update  2905/7890)  loss 0.5809  lr 7.31e-04
    step  300/2630 (global micro  2930/7890, update  2930/7890)  loss 0.7037  lr 7.27e-04
    step  325/2630 (global micro  2955/7890, update  2955/7890)  loss 0.7122  lr 7.23e-04
    step  350/2630 (global micro  2980/7890, update  2980/7890)  loss 0.6104  lr 7.19e-04
    step  375/2630 (global micro  3005/7890, update  3005/7890)  loss 0.7227  lr 7.15e-04
    step  400/2630 (global micro  3030/7890, update  3030/7890)  loss 0.6945  lr 7.10e-04
    step  425/2630 (global micro  3055/7890, update  3055/7890)  loss 0.6550  lr 7.06e-04
    step  450/2630 (global micro  3080/7890, update  3080/7890)  loss 0.6406  lr 7.02e-04
    step  475/2630 (global micro  3105/7890, update  3105/7890)  loss 0.6097  lr 6.98e-04
    step  500/2630 (global micro  3130/7890, update  3130/7890)  loss 0.6015  lr 6.93e-04
    step  525/2630 (global micro  3155/7890, update  3155/7890)  loss 0.7138  lr 6.89e-04
    step  550/2630 (global micro  3180/7890, update  3180/7890)  loss 0.6436  lr 6.85e-04
    step  575/2630 (global micro  3205/7890, update  3205/7890)  loss 0.5994  lr 6.81e-04
    step  600/2630 (global micro  3230/7890, update  3230/7890)  loss 0.6319  lr 6.76e-04
    step  625/2630 (global micro  3255/7890, update  3255/7890)  loss 0.7118  lr 6.72e-04
    step  650/2630 (global micro  3280/7890, update  3280/7890)  loss 0.7001  lr 6.68e-04
    step  675/2630 (global micro  3305/7890, update  3305/7890)  loss 0.5809  lr 6.63e-04
    step  700/2630 (global micro  3330/7890, update  3330/7890)  loss 0.5949  lr 6.59e-04
    step  725/2630 (global micro  3355/7890, update  3355/7890)  loss 0.5367  lr 6.55e-04
    step  750/2630 (global micro  3380/7890, update  3380/7890)  loss 0.5313  lr 6.50e-04
    step  775/2630 (global micro  3405/7890, update  3405/7890)  loss 0.6831  lr 6.46e-04
    step  800/2630 (global micro  3430/7890, update  3430/7890)  loss 0.5804  lr 6.42e-04
    step  825/2630 (global micro  3455/7890, update  3455/7890)  loss 0.6898  lr 6.37e-04
    step  850/2630 (global micro  3480/7890, update  3480/7890)  loss 0.5556  lr 6.33e-04
    step  875/2630 (global micro  3505/7890, update  3505/7890)  loss 0.7062  lr 6.28e-04
    step  900/2630 (global micro  3530/7890, update  3530/7890)  loss 0.6504  lr 6.24e-04
    step  925/2630 (global micro  3555/7890, update  3555/7890)  loss 0.7143  lr 6.20e-04
    step  950/2630 (global micro  3580/7890, update  3580/7890)  loss 0.6186  lr 6.15e-04
    step  975/2630 (global micro  3605/7890, update  3605/7890)  loss 0.6692  lr 6.11e-04
    step 1000/2630 (global micro  3630/7890, update  3630/7890)  loss 0.6592  lr 6.06e-04
    step 1025/2630 (global micro  3655/7890, update  3655/7890)  loss 0.5555  lr 6.02e-04
    step 1050/2630 (global micro  3680/7890, update  3680/7890)  loss 0.6189  lr 5.97e-04
    step 1075/2630 (global micro  3705/7890, update  3705/7890)  loss 0.6425  lr 5.93e-04
    step 1100/2630 (global micro  3730/7890, update  3730/7890)  loss 0.6442  lr 5.88e-04
    step 1125/2630 (global micro  3755/7890, update  3755/7890)  loss 0.5367  lr 5.84e-04
    step 1150/2630 (global micro  3780/7890, update  3780/7890)  loss 0.7133  lr 5.80e-04
    step 1175/2630 (global micro  3805/7890, update  3805/7890)  loss 0.7189  lr 5.75e-04
    step 1200/2630 (global micro  3830/7890, update  3830/7890)  loss 0.7021  lr 5.71e-04
    step 1225/2630 (global micro  3855/7890, update  3855/7890)  loss 0.6486  lr 5.66e-04
    step 1250/2630 (global micro  3880/7890, update  3880/7890)  loss 0.6066  lr 5.62e-04
    step 1275/2630 (global micro  3905/7890, update  3905/7890)  loss 0.5924  lr 5.57e-04
    step 1300/2630 (global micro  3930/7890, update  3930/7890)  loss 0.6047  lr 5.53e-04
    step 1325/2630 (global micro  3955/7890, update  3955/7890)  loss 0.6618  lr 5.48e-04
    step 1350/2630 (global micro  3980/7890, update  3980/7890)  loss 0.6209  lr 5.44e-04
    step 1375/2630 (global micro  4005/7890, update  4005/7890)  loss 0.6325  lr 5.39e-04
    step 1400/2630 (global micro  4030/7890, update  4030/7890)  loss 0.6103  lr 5.35e-04
    step 1425/2630 (global micro  4055/7890, update  4055/7890)  loss 0.5674  lr 5.30e-04
    step 1450/2630 (global micro  4080/7890, update  4080/7890)  loss 0.5585  lr 5.26e-04
    step 1475/2630 (global micro  4105/7890, update  4105/7890)  loss 0.5383  lr 5.21e-04
    step 1500/2630 (global micro  4130/7890, update  4130/7890)  loss 0.6815  lr 5.17e-04
    step 1525/2630 (global micro  4155/7890, update  4155/7890)  loss 0.5833  lr 5.12e-04
    step 1550/2630 (global micro  4180/7890, update  4180/7890)  loss 0.7020  lr 5.08e-04
    step 1575/2630 (global micro  4205/7890, update  4205/7890)  loss 0.5937  lr 5.03e-04
    step 1600/2630 (global micro  4230/7890, update  4230/7890)  loss 0.6681  lr 4.99e-04
    step 1625/2630 (global micro  4255/7890, update  4255/7890)  loss 0.7461  lr 4.95e-04
    step 1650/2630 (global micro  4280/7890, update  4280/7890)  loss 0.6862  lr 4.90e-04
    step 1675/2630 (global micro  4305/7890, update  4305/7890)  loss 0.5165  lr 4.86e-04
    step 1700/2630 (global micro  4330/7890, update  4330/7890)  loss 0.5885  lr 4.81e-04
    step 1725/2630 (global micro  4355/7890, update  4355/7890)  loss 0.6896  lr 4.77e-04
    step 1750/2630 (global micro  4380/7890, update  4380/7890)  loss 0.6491  lr 4.72e-04
    step 1775/2630 (global micro  4405/7890, update  4405/7890)  loss 0.4601  lr 4.68e-04
    step 1800/2630 (global micro  4430/7890, update  4430/7890)  loss 0.6689  lr 4.64e-04
    step 1825/2630 (global micro  4455/7890, update  4455/7890)  loss 0.5475  lr 4.59e-04
    step 1850/2630 (global micro  4480/7890, update  4480/7890)  loss 0.5759  lr 4.55e-04
    step 1875/2630 (global micro  4505/7890, update  4505/7890)  loss 0.6034  lr 4.50e-04
    step 1900/2630 (global micro  4530/7890, update  4530/7890)  loss 0.5607  lr 4.46e-04
    step 1925/2630 (global micro  4555/7890, update  4555/7890)  loss 0.5479  lr 4.42e-04
    step 1950/2630 (global micro  4580/7890, update  4580/7890)  loss 0.6096  lr 4.37e-04
    step 1975/2630 (global micro  4605/7890, update  4605/7890)  loss 0.7056  lr 4.33e-04
    step 2000/2630 (global micro  4630/7890, update  4630/7890)  loss 0.5635  lr 4.29e-04
    step 2025/2630 (global micro  4655/7890, update  4655/7890)  loss 0.6408  lr 4.24e-04
    step 2050/2630 (global micro  4680/7890, update  4680/7890)  loss 0.4898  lr 4.20e-04
    step 2075/2630 (global micro  4705/7890, update  4705/7890)  loss 0.6581  lr 4.16e-04
    step 2100/2630 (global micro  4730/7890, update  4730/7890)  loss 0.6064  lr 4.12e-04
    step 2125/2630 (global micro  4755/7890, update  4755/7890)  loss 0.6237  lr 4.07e-04
    step 2150/2630 (global micro  4780/7890, update  4780/7890)  loss 0.6291  lr 4.03e-04
    step 2175/2630 (global micro  4805/7890, update  4805/7890)  loss 0.5864  lr 3.99e-04
    step 2200/2630 (global micro  4830/7890, update  4830/7890)  loss 0.7340  lr 3.95e-04
    step 2225/2630 (global micro  4855/7890, update  4855/7890)  loss 0.6813  lr 3.90e-04
    step 2250/2630 (global micro  4880/7890, update  4880/7890)  loss 0.6649  lr 3.86e-04
    step 2275/2630 (global micro  4905/7890, update  4905/7890)  loss 0.5952  lr 3.82e-04
    step 2300/2630 (global micro  4930/7890, update  4930/7890)  loss 0.6506  lr 3.78e-04
    step 2325/2630 (global micro  4955/7890, update  4955/7890)  loss 0.6542  lr 3.74e-04
    step 2350/2630 (global micro  4980/7890, update  4980/7890)  loss 0.6515  lr 3.70e-04
    step 2375/2630 (global micro  5005/7890, update  5005/7890)  loss 0.5510  lr 3.66e-04
    step 2400/2630 (global micro  5030/7890, update  5030/7890)  loss 0.6770  lr 3.62e-04
    step 2425/2630 (global micro  5055/7890, update  5055/7890)  loss 0.4658  lr 3.58e-04
    step 2450/2630 (global micro  5080/7890, update  5080/7890)  loss 0.6649  lr 3.53e-04
    step 2475/2630 (global micro  5105/7890, update  5105/7890)  loss 0.7702  lr 3.49e-04
    step 2500/2630 (global micro  5130/7890, update  5130/7890)  loss 0.5934  lr 3.45e-04
    step 2525/2630 (global micro  5155/7890, update  5155/7890)  loss 0.5030  lr 3.41e-04
    step 2550/2630 (global micro  5180/7890, update  5180/7890)  loss 0.6530  lr 3.38e-04
    step 2575/2630 (global micro  5205/7890, update  5205/7890)  loss 0.5735  lr 3.34e-04
    step 2600/2630 (global micro  5230/7890, update  5230/7890)  loss 0.6053  lr 3.30e-04
    step 2625/2630 (global micro  5255/7890, update  5255/7890)  loss 0.6499  lr 3.26e-04
    step 2630/2630 (global micro  5260/7890, update  5260/7890)  loss 0.6644  lr 3.25e-04
  epoch   2/3  loss 0.6329  lr 3.25e-04  (988.4s)
  Epoch checkpoint: /home/aomukai/Ninereeds/core/c13_Phase_C_direct_e2.pt
    step    1/2630 (global micro  5261/7890, update  5261/7890)  loss 0.4974  lr 3.25e-04
    step   25/2630 (global micro  5285/7890, update  5285/7890)  loss 0.6187  lr 3.21e-04
    step   50/2630 (global micro  5310/7890, update  5310/7890)  loss 0.5401  lr 3.17e-04
    step   75/2630 (global micro  5335/7890, update  5335/7890)  loss 0.4650  lr 3.13e-04
    step  100/2630 (global micro  5360/7890, update  5360/7890)  loss 0.5200  lr 3.10e-04
    step  125/2630 (global micro  5385/7890, update  5385/7890)  loss 0.6126  lr 3.06e-04
    step  150/2630 (global micro  5410/7890, update  5410/7890)  loss 0.5428  lr 3.02e-04
    step  175/2630 (global micro  5435/7890, update  5435/7890)  loss 0.6089  lr 2.98e-04
    step  200/2630 (global micro  5460/7890, update  5460/7890)  loss 0.4751  lr 2.95e-04
    step  225/2630 (global micro  5485/7890, update  5485/7890)  loss 0.5971  lr 2.91e-04
    step  250/2630 (global micro  5510/7890, update  5510/7890)  loss 0.5102  lr 2.87e-04
    step  275/2630 (global micro  5535/7890, update  5535/7890)  loss 0.5046  lr 2.84e-04
    step  300/2630 (global micro  5560/7890, update  5560/7890)  loss 0.5111  lr 2.80e-04
    step  325/2630 (global micro  5585/7890, update  5585/7890)  loss 0.5388  lr 2.77e-04
    step  350/2630 (global micro  5610/7890, update  5610/7890)  loss 0.5217  lr 2.73e-04
    step  375/2630 (global micro  5635/7890, update  5635/7890)  loss 0.5955  lr 2.70e-04
    step  400/2630 (global micro  5660/7890, update  5660/7890)  loss 0.6033  lr 2.66e-04
    step  425/2630 (global micro  5685/7890, update  5685/7890)  loss 0.5683  lr 2.63e-04
    step  450/2630 (global micro  5710/7890, update  5710/7890)  loss 0.5110  lr 2.59e-04
    step  475/2630 (global micro  5735/7890, update  5735/7890)  loss 0.5683  lr 2.56e-04
    step  500/2630 (global micro  5760/7890, update  5760/7890)  loss 0.5181  lr 2.52e-04
    step  525/2630 (global micro  5785/7890, update  5785/7890)  loss 0.5469  lr 2.49e-04
    step  550/2630 (global micro  5810/7890, update  5810/7890)  loss 0.6608  lr 2.46e-04
    step  575/2630 (global micro  5835/7890, update  5835/7890)  loss 0.5197  lr 2.42e-04
    step  600/2630 (global micro  5860/7890, update  5860/7890)  loss 0.5053  lr 2.39e-04
    step  625/2630 (global micro  5885/7890, update  5885/7890)  loss 0.5980  lr 2.36e-04
    step  650/2630 (global micro  5910/7890, update  5910/7890)  loss 0.5168  lr 2.33e-04
    step  675/2630 (global micro  5935/7890, update  5935/7890)  loss 0.5078  lr 2.30e-04
    step  700/2630 (global micro  5960/7890, update  5960/7890)  loss 0.5379  lr 2.26e-04
    step  725/2630 (global micro  5985/7890, update  5985/7890)  loss 0.5236  lr 2.23e-04
    step  750/2630 (global micro  6010/7890, update  6010/7890)  loss 0.6704  lr 2.20e-04
    step  775/2630 (global micro  6035/7890, update  6035/7890)  loss 0.5908  lr 2.17e-04
    step  800/2630 (global micro  6060/7890, update  6060/7890)  loss 0.5763  lr 2.14e-04
    step  825/2630 (global micro  6085/7890, update  6085/7890)  loss 0.5289  lr 2.11e-04
    step  850/2630 (global micro  6110/7890, update  6110/7890)  loss 0.6189  lr 2.08e-04
    step  875/2630 (global micro  6135/7890, update  6135/7890)  loss 0.6280  lr 2.05e-04
    step  900/2630 (global micro  6160/7890, update  6160/7890)  loss 0.4950  lr 2.03e-04
    step  925/2630 (global micro  6185/7890, update  6185/7890)  loss 0.5445  lr 2.00e-04
    step  950/2630 (global micro  6210/7890, update  6210/7890)  loss 0.5929  lr 1.97e-04
    step  975/2630 (global micro  6235/7890, update  6235/7890)  loss 0.5357  lr 1.94e-04
    step 1000/2630 (global micro  6260/7890, update  6260/7890)  loss 0.5376  lr 1.91e-04
    step 1025/2630 (global micro  6285/7890, update  6285/7890)  loss 0.5631  lr 1.89e-04
    step 1050/2630 (global micro  6310/7890, update  6310/7890)  loss 0.4796  lr 1.86e-04
    step 1075/2630 (global micro  6335/7890, update  6335/7890)  loss 0.5571  lr 1.84e-04
    step 1100/2630 (global micro  6360/7890, update  6360/7890)  loss 0.5250  lr 1.81e-04
    step 1125/2630 (global micro  6385/7890, update  6385/7890)  loss 0.5049  lr 1.78e-04
    step 1150/2630 (global micro  6410/7890, update  6410/7890)  loss 0.5183  lr 1.76e-04
    step 1175/2630 (global micro  6435/7890, update  6435/7890)  loss 0.5285  lr 1.73e-04
    step 1200/2630 (global micro  6460/7890, update  6460/7890)  loss 0.4624  lr 1.71e-04
    step 1225/2630 (global micro  6485/7890, update  6485/7890)  loss 0.6445  lr 1.69e-04
    step 1250/2630 (global micro  6510/7890, update  6510/7890)  loss 0.5733  lr 1.66e-04
    step 1275/2630 (global micro  6535/7890, update  6535/7890)  loss 0.4705  lr 1.64e-04
    step 1300/2630 (global micro  6560/7890, update  6560/7890)  loss 0.5531  lr 1.62e-04
    step 1325/2630 (global micro  6585/7890, update  6585/7890)  loss 0.5412  lr 1.59e-04
    step 1350/2630 (global micro  6610/7890, update  6610/7890)  loss 0.4930  lr 1.57e-04
    step 1375/2630 (global micro  6635/7890, update  6635/7890)  loss 0.4731  lr 1.55e-04
    step 1400/2630 (global micro  6660/7890, update  6660/7890)  loss 0.4483  lr 1.53e-04
    step 1425/2630 (global micro  6685/7890, update  6685/7890)  loss 0.5386  lr 1.51e-04
    step 1450/2630 (global micro  6710/7890, update  6710/7890)  loss 0.6250  lr 1.49e-04
    step 1475/2630 (global micro  6735/7890, update  6735/7890)  loss 0.5539  lr 1.47e-04
    step 1500/2630 (global micro  6760/7890, update  6760/7890)  loss 0.5850  lr 1.45e-04
    step 1525/2630 (global micro  6785/7890, update  6785/7890)  loss 0.5009  lr 1.43e-04
    step 1550/2630 (global micro  6810/7890, update  6810/7890)  loss 0.5700  lr 1.41e-04
    step 1575/2630 (global micro  6835/7890, update  6835/7890)  loss 0.4734  lr 1.39e-04
    step 1600/2630 (global micro  6860/7890, update  6860/7890)  loss 0.4813  lr 1.37e-04
    step 1625/2630 (global micro  6885/7890, update  6885/7890)  loss 0.5148  lr 1.36e-04
    step 1650/2630 (global micro  6910/7890, update  6910/7890)  loss 0.4828  lr 1.34e-04
    step 1675/2630 (global micro  6935/7890, update  6935/7890)  loss 0.4867  lr 1.32e-04
    step 1700/2630 (global micro  6960/7890, update  6960/7890)  loss 0.5390  lr 1.31e-04
    step 1725/2630 (global micro  6985/7890, update  6985/7890)  loss 0.5695  lr 1.29e-04
    step 1750/2630 (global micro  7010/7890, update  7010/7890)  loss 0.5500  lr 1.27e-04
    step 1775/2630 (global micro  7035/7890, update  7035/7890)  loss 0.4375  lr 1.26e-04
    step 1800/2630 (global micro  7060/7890, update  7060/7890)  loss 0.5497  lr 1.24e-04
    step 1825/2630 (global micro  7085/7890, update  7085/7890)  loss 0.4697  lr 1.23e-04
    step 1850/2630 (global micro  7110/7890, update  7110/7890)  loss 0.5914  lr 1.22e-04
    step 1875/2630 (global micro  7135/7890, update  7135/7890)  loss 0.5660  lr 1.20e-04
    step 1900/2630 (global micro  7160/7890, update  7160/7890)  loss 0.4867  lr 1.19e-04
    step 1925/2630 (global micro  7185/7890, update  7185/7890)  loss 0.5880  lr 1.18e-04
    step 1950/2630 (global micro  7210/7890, update  7210/7890)  loss 0.5178  lr 1.16e-04
    step 1975/2630 (global micro  7235/7890, update  7235/7890)  loss 0.4466  lr 1.15e-04
    step 2000/2630 (global micro  7260/7890, update  7260/7890)  loss 0.6837  lr 1.14e-04
    step 2025/2630 (global micro  7285/7890, update  7285/7890)  loss 0.5665  lr 1.13e-04
    step 2050/2630 (global micro  7310/7890, update  7310/7890)  loss 0.4722  lr 1.12e-04
    step 2075/2630 (global micro  7335/7890, update  7335/7890)  loss 0.5718  lr 1.11e-04
    step 2100/2630 (global micro  7360/7890, update  7360/7890)  loss 0.5284  lr 1.10e-04
    step 2125/2630 (global micro  7385/7890, update  7385/7890)  loss 0.5876  lr 1.09e-04
    step 2150/2630 (global micro  7410/7890, update  7410/7890)  loss 0.6326  lr 1.08e-04
    step 2175/2630 (global micro  7435/7890, update  7435/7890)  loss 0.5186  lr 1.07e-04
    step 2200/2630 (global micro  7460/7890, update  7460/7890)  loss 0.5247  lr 1.07e-04
    step 2225/2630 (global micro  7485/7890, update  7485/7890)  loss 0.4634  lr 1.06e-04
    step 2250/2630 (global micro  7510/7890, update  7510/7890)  loss 0.6082  lr 1.05e-04
    step 2275/2630 (global micro  7535/7890, update  7535/7890)  loss 0.5040  lr 1.04e-04
    step 2300/2630 (global micro  7560/7890, update  7560/7890)  loss 0.6425  lr 1.04e-04
    step 2325/2630 (global micro  7585/7890, update  7585/7890)  loss 0.5060  lr 1.03e-04
    step 2350/2630 (global micro  7610/7890, update  7610/7890)  loss 0.5098  lr 1.03e-04
    step 2375/2630 (global micro  7635/7890, update  7635/7890)  loss 0.5638  lr 1.02e-04
    step 2400/2630 (global micro  7660/7890, update  7660/7890)  loss 0.5934  lr 1.02e-04
    step 2425/2630 (global micro  7685/7890, update  7685/7890)  loss 0.4658  lr 1.01e-04
    step 2450/2630 (global micro  7710/7890, update  7710/7890)  loss 0.5978  lr 1.01e-04
    step 2475/2630 (global micro  7735/7890, update  7735/7890)  loss 0.5365  lr 1.01e-04
    step 2500/2630 (global micro  7760/7890, update  7760/7890)  loss 0.6040  lr 1.01e-04
    step 2525/2630 (global micro  7785/7890, update  7785/7890)  loss 0.4760  lr 1.00e-04
    step 2550/2630 (global micro  7810/7890, update  7810/7890)  loss 0.6111  lr 1.00e-04
    step 2575/2630 (global micro  7835/7890, update  7835/7890)  loss 0.5011  lr 1.00e-04
    step 2600/2630 (global micro  7860/7890, update  7860/7890)  loss 0.5449  lr 1.00e-04
    step 2625/2630 (global micro  7885/7890, update  7885/7890)  loss 0.4303  lr 1.00e-04
    step 2630/2630 (global micro  7890/7890, update  7890/7890)  loss 0.4409  lr 1.00e-04
  epoch   3/3  loss 0.5356  lr 1.00e-04  (988.4s)
  Epoch checkpoint: /home/aomukai/Ninereeds/core/c13_Phase_C_direct_e3.pt

  Best loss: 0.5356
  Checkpoint saved: /home/aomukai/Ninereeds/core/c13_Phase_C_direct.pt

