  Training audit: PASSED
  Python: /home/aomukai/.unsloth/studio/unsloth_studio/bin/python
  Device: cuda
  Phase: 0
  Seed: 1337
  Data order: seeded-shuffle
  Resume checkpoint: /home/aomukai/Ninereeds/core/c13_Phase_C_direct_e3.pt

============================================================
  BDH Phase 0 Training
============================================================
  Data files: ['/home/aomukai/Ninereeds/training/corpus/campaign_13_bridge.txt']
  Total bytes: 62,681
  Pre-loading corpus tensor...
  Corpus tensor: 62,681 tokens
  Model: small-25m (25.3M params)
  Resuming from: /home/aomukai/Ninereeds/core/c13_Phase_C_direct_e3.pt
  Seed: 1337  |  Deterministic: enabled  |  Data order: seeded-shuffle
  Epochs: 1  |  Windows/epoch: 244  |  Micro-steps/epoch: 61  |  Optimizer updates/epoch: 61  |  Total optimizer updates: 61  |  LR: 0.001
  Block size: 256  |  Batch size: 4
  Grad accumulation: 1
  AMP bf16: enabled
  Data mode: phase_text
  VRAM logging: disabled
  Log interval: every 25 step(s)
  Output: /home/aomukai/Ninereeds/core/c13_Phase_D_bridge_pre_retry2.pt

    step    1/61 (global micro     1/61, update     1/61)  loss 3.9592  lr 9.99e-04
    step   25/61 (global micro    25/61, update    25/61)  loss 0.5941  lr 6.76e-04
    step   50/61 (global micro    50/61, update    50/61)  loss 0.3427  lr 1.70e-04
    step   61/61 (global micro    61/61, update    61/61)  loss 0.3476  lr 1.00e-04
  epoch   1/1  loss 0.7579  lr 1.00e-04  (19.6s)
  Epoch checkpoint: /home/aomukai/Ninereeds/core/c13_Phase_D_bridge_pre_retry2_e1.pt

  Best loss: 0.7579
  Checkpoint saved: /home/aomukai/Ninereeds/core/c13_Phase_D_bridge_pre_retry2.pt

