  Training audit: PASSED
  Python: /home/aomukai/.unsloth/studio/unsloth_studio/bin/python
  Device: cuda
  Phase: 0
  Seed: 1337
  Data order: seeded-shuffle
  Resume checkpoint: /home/aomukai/Ninereeds/core/c13_Phase_E_bridge_pre_retry3_e1.pt

============================================================
  BDH Phase 0 Training
============================================================
  Data files: ['/home/aomukai/Ninereeds/training/corpus/campaign_13_phase_E.txt']
  Total bytes: 3,181,919
  Pre-loading corpus tensor...
  Corpus tensor: 3,181,919 tokens
  Model: small-25m (25.3M params)
  Resuming from: /home/aomukai/Ninereeds/core/c13_Phase_E_bridge_pre_retry3_e1.pt
  Seed: 1337  |  Deterministic: enabled  |  Data order: seeded-shuffle
  Epochs: 3  |  Windows/epoch: 12429  |  Micro-steps/epoch: 6215  |  Optimizer updates/epoch: 6215  |  Total optimizer updates: 18645  |  LR: 0.001
  Block size: 256  |  Batch size: 2
  Grad accumulation: 1
  AMP bf16: enabled
  Data mode: phase_text
  VRAM logging: disabled
  Log interval: every 25 step(s)
  Output: /home/aomukai/Ninereeds/core/c13_Phase_E_bridged_retry3.pt

    step    1/6215 (global micro     1/18645, update     1/18645)  loss 1.6126  lr 1.00e-03
    step   25/6215 (global micro    25/18645, update    25/18645)  loss 1.0249  lr 1.00e-03
    step   50/6215 (global micro    50/18645, update    50/18645)  loss 0.8132  lr 1.00e-03
    step   75/6215 (global micro    75/18645, update    75/18645)  loss 0.6214  lr 1.00e-03
    step  100/6215 (global micro   100/18645, update   100/18645)  loss 0.6150  lr 1.00e-03
    step  125/6215 (global micro   125/18645, update   125/18645)  loss 0.9435  lr 1.00e-03
    step  150/6215 (global micro   150/18645, update   150/18645)  loss 0.7123  lr 1.00e-03
    step  175/6215 (global micro   175/18645, update   175/18645)  loss 0.7935  lr 1.00e-03
    step  200/6215 (global micro   200/18645, update   200/18645)  loss 0.6795  lr 1.00e-03
    step  225/6215 (global micro   225/18645, update   225/18645)  loss 0.8535  lr 1.00e-03
    step  250/6215 (global micro   250/18645, update   250/18645)  loss 0.6930  lr 1.00e-03
    step  275/6215 (global micro   275/18645, update   275/18645)  loss 0.7373  lr 1.00e-03
    step  300/6215 (global micro   300/18645, update   300/18645)  loss 0.8425  lr 9.99e-04
    step  325/6215 (global micro   325/18645, update   325/18645)  loss 0.9401  lr 9.99e-04
    step  350/6215 (global micro   350/18645, update   350/18645)  loss 0.7964  lr 9.99e-04
    step  375/6215 (global micro   375/18645, update   375/18645)  loss 0.9316  lr 9.99e-04
    step  400/6215 (global micro   400/18645, update   400/18645)  loss 0.6599  lr 9.99e-04
    step  425/6215 (global micro   425/18645, update   425/18645)  loss 0.6536  lr 9.99e-04
    step  450/6215 (global micro   450/18645, update   450/18645)  loss 0.8631  lr 9.99e-04
    step  475/6215 (global micro   475/18645, update   475/18645)  loss 0.8881  lr 9.99e-04
    step  500/6215 (global micro   500/18645, update   500/18645)  loss 0.8487  lr 9.98e-04
    step  525/6215 (global micro   525/18645, update   525/18645)  loss 0.8850  lr 9.98e-04
    step  550/6215 (global micro   550/18645, update   550/18645)  loss 0.5783  lr 9.98e-04
    step  575/6215 (global micro   575/18645, update   575/18645)  loss 0.7133  lr 9.98e-04
    step  600/6215 (global micro   600/18645, update   600/18645)  loss 0.7100  lr 9.98e-04
    step  625/6215 (global micro   625/18645, update   625/18645)  loss 0.8025  lr 9.98e-04
    step  650/6215 (global micro   650/18645, update   650/18645)  loss 0.9702  lr 9.97e-04
    step  675/6215 (global micro   675/18645, update   675/18645)  loss 0.5965  lr 9.97e-04
    step  700/6215 (global micro   700/18645, update   700/18645)  loss 0.7817  lr 9.97e-04
    step  725/6215 (global micro   725/18645, update   725/18645)  loss 0.7390  lr 9.97e-04
    step  750/6215 (global micro   750/18645, update   750/18645)  loss 0.7067  lr 9.96e-04
    step  775/6215 (global micro   775/18645, update   775/18645)  loss 0.5505  lr 9.96e-04
    step  800/6215 (global micro   800/18645, update   800/18645)  loss 0.7324  lr 9.96e-04
    step  825/6215 (global micro   825/18645, update   825/18645)  loss 0.9214  lr 9.96e-04
    step  850/6215 (global micro   850/18645, update   850/18645)  loss 0.7195  lr 9.95e-04
    step  875/6215 (global micro   875/18645, update   875/18645)  loss 0.8502  lr 9.95e-04
    step  900/6215 (global micro   900/18645, update   900/18645)  loss 0.6448  lr 9.95e-04
    step  925/6215 (global micro   925/18645, update   925/18645)  loss 0.9248  lr 9.95e-04
    step  950/6215 (global micro   950/18645, update   950/18645)  loss 0.5777  lr 9.94e-04
    step  975/6215 (global micro   975/18645, update   975/18645)  loss 1.0496  lr 9.94e-04
    step 1000/6215 (global micro  1000/18645, update  1000/18645)  loss 0.7600  lr 9.94e-04
    step 1025/6215 (global micro  1025/18645, update  1025/18645)  loss 0.8703  lr 9.93e-04
    step 1050/6215 (global micro  1050/18645, update  1050/18645)  loss 0.7459  lr 9.93e-04
    step 1075/6215 (global micro  1075/18645, update  1075/18645)  loss 0.6274  lr 9.93e-04
    step 1100/6215 (global micro  1100/18645, update  1100/18645)  loss 0.7983  lr 9.92e-04
    step 1125/6215 (global micro  1125/18645, update  1125/18645)  loss 0.7773  lr 9.92e-04
    step 1150/6215 (global micro  1150/18645, update  1150/18645)  loss 0.7816  lr 9.92e-04
    step 1175/6215 (global micro  1175/18645, update  1175/18645)  loss 0.8712  lr 9.91e-04
    step 1200/6215 (global micro  1200/18645, update  1200/18645)  loss 0.7387  lr 9.91e-04
    step 1225/6215 (global micro  1225/18645, update  1225/18645)  loss 0.5746  lr 9.90e-04
    step 1250/6215 (global micro  1250/18645, update  1250/18645)  loss 0.6874  lr 9.90e-04
    step 1275/6215 (global micro  1275/18645, update  1275/18645)  loss 0.8605  lr 9.90e-04
    step 1300/6215 (global micro  1300/18645, update  1300/18645)  loss 0.4935  lr 9.89e-04
    step 1325/6215 (global micro  1325/18645, update  1325/18645)  loss 0.7428  lr 9.89e-04
    step 1350/6215 (global micro  1350/18645, update  1350/18645)  loss 0.9094  lr 9.88e-04
    step 1375/6215 (global micro  1375/18645, update  1375/18645)  loss 0.6845  lr 9.88e-04
    step 1400/6215 (global micro  1400/18645, update  1400/18645)  loss 1.0342  lr 9.88e-04
    step 1425/6215 (global micro  1425/18645, update  1425/18645)  loss 1.0237  lr 9.87e-04
    step 1450/6215 (global micro  1450/18645, update  1450/18645)  loss 0.6990  lr 9.87e-04
    step 1475/6215 (global micro  1475/18645, update  1475/18645)  loss 0.9682  lr 9.86e-04
    step 1500/6215 (global micro  1500/18645, update  1500/18645)  loss 0.8939  lr 9.86e-04
    step 1525/6215 (global micro  1525/18645, update  1525/18645)  loss 0.5101  lr 9.85e-04
    step 1550/6215 (global micro  1550/18645, update  1550/18645)  loss 0.7647  lr 9.85e-04
    step 1575/6215 (global micro  1575/18645, update  1575/18645)  loss 0.7409  lr 9.84e-04
    step 1600/6215 (global micro  1600/18645, update  1600/18645)  loss 0.6532  lr 9.84e-04
    step 1625/6215 (global micro  1625/18645, update  1625/18645)  loss 0.6956  lr 9.83e-04
    step 1650/6215 (global micro  1650/18645, update  1650/18645)  loss 0.7226  lr 9.83e-04
    step 1675/6215 (global micro  1675/18645, update  1675/18645)  loss 1.3041  lr 9.82e-04
    step 1700/6215 (global micro  1700/18645, update  1700/18645)  loss 0.7802  lr 9.82e-04
    step 1725/6215 (global micro  1725/18645, update  1725/18645)  loss 0.7204  lr 9.81e-04
    step 1750/6215 (global micro  1750/18645, update  1750/18645)  loss 0.8891  lr 9.81e-04
    step 1775/6215 (global micro  1775/18645, update  1775/18645)  loss 0.7290  lr 9.80e-04
    step 1800/6215 (global micro  1800/18645, update  1800/18645)  loss 0.8472  lr 9.79e-04
    step 1825/6215 (global micro  1825/18645, update  1825/18645)  loss 0.9003  lr 9.79e-04
    step 1850/6215 (global micro  1850/18645, update  1850/18645)  loss 0.8257  lr 9.78e-04
    step 1875/6215 (global micro  1875/18645, update  1875/18645)  loss 0.9103  lr 9.78e-04
    step 1900/6215 (global micro  1900/18645, update  1900/18645)  loss 0.7681  lr 9.77e-04
    step 1925/6215 (global micro  1925/18645, update  1925/18645)  loss 0.6959  lr 9.77e-04
    step 1950/6215 (global micro  1950/18645, update  1950/18645)  loss 0.6949  lr 9.76e-04
    step 1975/6215 (global micro  1975/18645, update  1975/18645)  loss 0.6198  lr 9.75e-04
    step 2000/6215 (global micro  2000/18645, update  2000/18645)  loss 0.5964  lr 9.75e-04
    step 2025/6215 (global micro  2025/18645, update  2025/18645)  loss 0.6950  lr 9.74e-04
    step 2050/6215 (global micro  2050/18645, update  2050/18645)  loss 0.7738  lr 9.73e-04
    step 2075/6215 (global micro  2075/18645, update  2075/18645)  loss 0.7845  lr 9.73e-04
    step 2100/6215 (global micro  2100/18645, update  2100/18645)  loss 0.7282  lr 9.72e-04
    step 2125/6215 (global micro  2125/18645, update  2125/18645)  loss 0.8551  lr 9.71e-04
    step 2150/6215 (global micro  2150/18645, update  2150/18645)  loss 0.6190  lr 9.71e-04
    step 2175/6215 (global micro  2175/18645, update  2175/18645)  loss 0.8089  lr 9.70e-04
    step 2200/6215 (global micro  2200/18645, update  2200/18645)  loss 0.9605  lr 9.69e-04
    step 2225/6215 (global micro  2225/18645, update  2225/18645)  loss 0.9504  lr 9.69e-04
    step 2250/6215 (global micro  2250/18645, update  2250/18645)  loss 0.9565  lr 9.68e-04
    step 2275/6215 (global micro  2275/18645, update  2275/18645)  loss 0.8283  lr 9.67e-04
    step 2300/6215 (global micro  2300/18645, update  2300/18645)  loss 0.9807  lr 9.67e-04
    step 2325/6215 (global micro  2325/18645, update  2325/18645)  loss 0.9267  lr 9.66e-04
    step 2350/6215 (global micro  2350/18645, update  2350/18645)  loss 0.5245  lr 9.65e-04
    step 2375/6215 (global micro  2375/18645, update  2375/18645)  loss 0.9251  lr 9.64e-04
    step 2400/6215 (global micro  2400/18645, update  2400/18645)  loss 1.0317  lr 9.64e-04
    step 2425/6215 (global micro  2425/18645, update  2425/18645)  loss 0.8461  lr 9.63e-04
    step 2450/6215 (global micro  2450/18645, update  2450/18645)  loss 1.0541  lr 9.62e-04
    step 2475/6215 (global micro  2475/18645, update  2475/18645)  loss 0.9065  lr 9.61e-04
    step 2500/6215 (global micro  2500/18645, update  2500/18645)  loss 0.6073  lr 9.61e-04
    step 2525/6215 (global micro  2525/18645, update  2525/18645)  loss 0.5908  lr 9.60e-04
    step 2550/6215 (global micro  2550/18645, update  2550/18645)  loss 1.3801  lr 9.59e-04
    step 2575/6215 (global micro  2575/18645, update  2575/18645)  loss 0.6232  lr 9.58e-04
    step 2600/6215 (global micro  2600/18645, update  2600/18645)  loss 0.6253  lr 9.58e-04
    step 2625/6215 (global micro  2625/18645, update  2625/18645)  loss 0.6055  lr 9.57e-04
    step 2650/6215 (global micro  2650/18645, update  2650/18645)  loss 0.5884  lr 9.56e-04
    step 2675/6215 (global micro  2675/18645, update  2675/18645)  loss 0.6155  lr 9.55e-04
    step 2700/6215 (global micro  2700/18645, update  2700/18645)  loss 0.7853  lr 9.54e-04
    step 2725/6215 (global micro  2725/18645, update  2725/18645)  loss 1.0923  lr 9.53e-04
    step 2750/6215 (global micro  2750/18645, update  2750/18645)  loss 0.8649  lr 9.53e-04
    step 2775/6215 (global micro  2775/18645, update  2775/18645)  loss 0.6301  lr 9.52e-04
    step 2800/6215 (global micro  2800/18645, update  2800/18645)  loss 0.5677  lr 9.51e-04
    step 2825/6215 (global micro  2825/18645, update  2825/18645)  loss 0.6704  lr 9.50e-04
    step 2850/6215 (global micro  2850/18645, update  2850/18645)  loss 0.8110  lr 9.49e-04
    step 2875/6215 (global micro  2875/18645, update  2875/18645)  loss 0.8627  lr 9.48e-04
    step 2900/6215 (global micro  2900/18645, update  2900/18645)  loss 0.4654  lr 9.47e-04
    step 2925/6215 (global micro  2925/18645, update  2925/18645)  loss 0.6862  lr 9.46e-04
    step 2950/6215 (global micro  2950/18645, update  2950/18645)  loss 0.5018  lr 9.46e-04
    step 2975/6215 (global micro  2975/18645, update  2975/18645)  loss 0.4703  lr 9.45e-04
    step 3000/6215 (global micro  3000/18645, update  3000/18645)  loss 0.7119  lr 9.44e-04
    step 3025/6215 (global micro  3025/18645, update  3025/18645)  loss 0.8780  lr 9.43e-04
    step 3050/6215 (global micro  3050/18645, update  3050/18645)  loss 0.8649  lr 9.42e-04
    step 3075/6215 (global micro  3075/18645, update  3075/18645)  loss 0.6073  lr 9.41e-04
    step 3100/6215 (global micro  3100/18645, update  3100/18645)  loss 0.6412  lr 9.40e-04
    step 3125/6215 (global micro  3125/18645, update  3125/18645)  loss 0.8362  lr 9.39e-04
    step 3150/6215 (global micro  3150/18645, update  3150/18645)  loss 0.8332  lr 9.38e-04
    step 3175/6215 (global micro  3175/18645, update  3175/18645)  loss 0.6569  lr 9.37e-04
    step 3200/6215 (global micro  3200/18645, update  3200/18645)  loss 0.7483  lr 9.36e-04
    step 3225/6215 (global micro  3225/18645, update  3225/18645)  loss 0.8838  lr 9.35e-04
    step 3250/6215 (global micro  3250/18645, update  3250/18645)  loss 0.5200  lr 9.34e-04
    step 3275/6215 (global micro  3275/18645, update  3275/18645)  loss 0.6885  lr 9.33e-04
    step 3300/6215 (global micro  3300/18645, update  3300/18645)  loss 0.8481  lr 9.32e-04
    step 3325/6215 (global micro  3325/18645, update  3325/18645)  loss 0.8617  lr 9.31e-04
    step 3350/6215 (global micro  3350/18645, update  3350/18645)  loss 1.0575  lr 9.30e-04
    step 3375/6215 (global micro  3375/18645, update  3375/18645)  loss 0.5919  lr 9.29e-04
    step 3400/6215 (global micro  3400/18645, update  3400/18645)  loss 0.9656  lr 9.28e-04
    step 3425/6215 (global micro  3425/18645, update  3425/18645)  loss 0.7709  lr 9.27e-04
    step 3450/6215 (global micro  3450/18645, update  3450/18645)  loss 0.7330  lr 9.26e-04
    step 3475/6215 (global micro  3475/18645, update  3475/18645)  loss 0.8395  lr 9.25e-04
    step 3500/6215 (global micro  3500/18645, update  3500/18645)  loss 0.8936  lr 9.24e-04
    step 3525/6215 (global micro  3525/18645, update  3525/18645)  loss 0.6668  lr 9.23e-04
    step 3550/6215 (global micro  3550/18645, update  3550/18645)  loss 0.7868  lr 9.22e-04
    step 3575/6215 (global micro  3575/18645, update  3575/18645)  loss 1.0980  lr 9.21e-04
    step 3600/6215 (global micro  3600/18645, update  3600/18645)  loss 0.7786  lr 9.20e-04
    step 3625/6215 (global micro  3625/18645, update  3625/18645)  loss 0.7430  lr 9.19e-04
    step 3650/6215 (global micro  3650/18645, update  3650/18645)  loss 0.8603  lr 9.18e-04
    step 3675/6215 (global micro  3675/18645, update  3675/18645)  loss 0.9872  lr 9.16e-04
    step 3700/6215 (global micro  3700/18645, update  3700/18645)  loss 0.9232  lr 9.15e-04
    step 3725/6215 (global micro  3725/18645, update  3725/18645)  loss 0.9389  lr 9.14e-04
    step 3750/6215 (global micro  3750/18645, update  3750/18645)  loss 0.8290  lr 9.13e-04
    step 3775/6215 (global micro  3775/18645, update  3775/18645)  loss 0.6804  lr 9.12e-04
    step 3800/6215 (global micro  3800/18645, update  3800/18645)  loss 0.5849  lr 9.11e-04
    step 3825/6215 (global micro  3825/18645, update  3825/18645)  loss 0.9238  lr 9.10e-04
    step 3850/6215 (global micro  3850/18645, update  3850/18645)  loss 0.7015  lr 9.09e-04
    step 3875/6215 (global micro  3875/18645, update  3875/18645)  loss 0.8543  lr 9.07e-04
    step 3900/6215 (global micro  3900/18645, update  3900/18645)  loss 0.6488  lr 9.06e-04
    step 3925/6215 (global micro  3925/18645, update  3925/18645)  loss 0.5705  lr 9.05e-04
    step 3950/6215 (global micro  3950/18645, update  3950/18645)  loss 0.6775  lr 9.04e-04
    step 3975/6215 (global micro  3975/18645, update  3975/18645)  loss 0.8347  lr 9.03e-04
    step 4000/6215 (global micro  4000/18645, update  4000/18645)  loss 1.1075  lr 9.02e-04
    step 4025/6215 (global micro  4025/18645, update  4025/18645)  loss 0.7021  lr 9.00e-04
    step 4050/6215 (global micro  4050/18645, update  4050/18645)  loss 0.8966  lr 8.99e-04
    step 4075/6215 (global micro  4075/18645, update  4075/18645)  loss 1.0172  lr 8.98e-04
    step 4100/6215 (global micro  4100/18645, update  4100/18645)  loss 0.6291  lr 8.97e-04
    step 4125/6215 (global micro  4125/18645, update  4125/18645)  loss 0.5670  lr 8.96e-04
    step 4150/6215 (global micro  4150/18645, update  4150/18645)  loss 1.1461  lr 8.94e-04
    step 4175/6215 (global micro  4175/18645, update  4175/18645)  loss 0.8523  lr 8.93e-04
    step 4200/6215 (global micro  4200/18645, update  4200/18645)  loss 0.9067  lr 8.92e-04
    step 4225/6215 (global micro  4225/18645, update  4225/18645)  loss 0.7935  lr 8.91e-04
    step 4250/6215 (global micro  4250/18645, update  4250/18645)  loss 0.8344  lr 8.89e-04
    step 4275/6215 (global micro  4275/18645, update  4275/18645)  loss 0.6899  lr 8.88e-04
    step 4300/6215 (global micro  4300/18645, update  4300/18645)  loss 0.7274  lr 8.87e-04
    step 4325/6215 (global micro  4325/18645, update  4325/18645)  loss 0.6137  lr 8.86e-04
    step 4350/6215 (global micro  4350/18645, update  4350/18645)  loss 0.7908  lr 8.84e-04
    step 4375/6215 (global micro  4375/18645, update  4375/18645)  loss 0.6205  lr 8.83e-04
    step 4400/6215 (global micro  4400/18645, update  4400/18645)  loss 0.7343  lr 8.82e-04
    step 4425/6215 (global micro  4425/18645, update  4425/18645)  loss 0.5907  lr 8.81e-04
    step 4450/6215 (global micro  4450/18645, update  4450/18645)  loss 0.9171  lr 8.79e-04
    step 4475/6215 (global micro  4475/18645, update  4475/18645)  loss 0.7179  lr 8.78e-04
    step 4500/6215 (global micro  4500/18645, update  4500/18645)  loss 0.8658  lr 8.77e-04
    step 4525/6215 (global micro  4525/18645, update  4525/18645)  loss 0.7267  lr 8.75e-04
    step 4550/6215 (global micro  4550/18645, update  4550/18645)  loss 0.7088  lr 8.74e-04
    step 4575/6215 (global micro  4575/18645, update  4575/18645)  loss 0.7224  lr 8.73e-04
    step 4600/6215 (global micro  4600/18645, update  4600/18645)  loss 0.8084  lr 8.71e-04
    step 4625/6215 (global micro  4625/18645, update  4625/18645)  loss 0.6803  lr 8.70e-04
    step 4650/6215 (global micro  4650/18645, update  4650/18645)  loss 0.9924  lr 8.69e-04
    step 4675/6215 (global micro  4675/18645, update  4675/18645)  loss 0.8470  lr 8.67e-04
    step 4700/6215 (global micro  4700/18645, update  4700/18645)  loss 0.4775  lr 8.66e-04
    step 4725/6215 (global micro  4725/18645, update  4725/18645)  loss 0.9397  lr 8.65e-04
    step 4750/6215 (global micro  4750/18645, update  4750/18645)  loss 0.7702  lr 8.63e-04
    step 4775/6215 (global micro  4775/18645, update  4775/18645)  loss 0.7624  lr 8.62e-04
    step 4800/6215 (global micro  4800/18645, update  4800/18645)  loss 0.7812  lr 8.61e-04
    step 4825/6215 (global micro  4825/18645, update  4825/18645)  loss 0.7313  lr 8.59e-04
    step 4850/6215 (global micro  4850/18645, update  4850/18645)  loss 0.5727  lr 8.58e-04
    step 4875/6215 (global micro  4875/18645, update  4875/18645)  loss 0.6733  lr 8.57e-04
    step 4900/6215 (global micro  4900/18645, update  4900/18645)  loss 0.6663  lr 8.55e-04
    step 4925/6215 (global micro  4925/18645, update  4925/18645)  loss 1.0544  lr 8.54e-04
    step 4950/6215 (global micro  4950/18645, update  4950/18645)  loss 1.1269  lr 8.52e-04
    step 4975/6215 (global micro  4975/18645, update  4975/18645)  loss 0.6079  lr 8.51e-04
    step 5000/6215 (global micro  5000/18645, update  5000/18645)  loss 0.6395  lr 8.50e-04
    step 5025/6215 (global micro  5025/18645, update  5025/18645)  loss 0.6507  lr 8.48e-04
    step 5050/6215 (global micro  5050/18645, update  5050/18645)  loss 0.7852  lr 8.47e-04
    step 5075/6215 (global micro  5075/18645, update  5075/18645)  loss 0.7920  lr 8.45e-04
    step 5100/6215 (global micro  5100/18645, update  5100/18645)  loss 0.7022  lr 8.44e-04
    step 5125/6215 (global micro  5125/18645, update  5125/18645)  loss 0.5543  lr 8.42e-04
    step 5150/6215 (global micro  5150/18645, update  5150/18645)  loss 0.6801  lr 8.41e-04
    step 5175/6215 (global micro  5175/18645, update  5175/18645)  loss 0.6997  lr 8.39e-04
    step 5200/6215 (global micro  5200/18645, update  5200/18645)  loss 0.8973  lr 8.38e-04
    step 5225/6215 (global micro  5225/18645, update  5225/18645)  loss 0.6946  lr 8.37e-04
    step 5250/6215 (global micro  5250/18645, update  5250/18645)  loss 0.9453  lr 8.35e-04
    step 5275/6215 (global micro  5275/18645, update  5275/18645)  loss 0.6324  lr 8.34e-04
    step 5300/6215 (global micro  5300/18645, update  5300/18645)  loss 0.7968  lr 8.32e-04
    step 5325/6215 (global micro  5325/18645, update  5325/18645)  loss 0.6006  lr 8.31e-04
    step 5350/6215 (global micro  5350/18645, update  5350/18645)  loss 0.8024  lr 8.29e-04
    step 5375/6215 (global micro  5375/18645, update  5375/18645)  loss 0.6674  lr 8.28e-04
    step 5400/6215 (global micro  5400/18645, update  5400/18645)  loss 0.5883  lr 8.26e-04
    step 5425/6215 (global micro  5425/18645, update  5425/18645)  loss 0.6206  lr 8.25e-04
    step 5450/6215 (global micro  5450/18645, update  5450/18645)  loss 0.6749  lr 8.23e-04
    step 5475/6215 (global micro  5475/18645, update  5475/18645)  loss 0.7523  lr 8.22e-04
    step 5500/6215 (global micro  5500/18645, update  5500/18645)  loss 0.7087  lr 8.20e-04
    step 5525/6215 (global micro  5525/18645, update  5525/18645)  loss 0.7031  lr 8.19e-04
    step 5550/6215 (global micro  5550/18645, update  5550/18645)  loss 0.8792  lr 8.17e-04
    step 5575/6215 (global micro  5575/18645, update  5575/18645)  loss 0.5805  lr 8.16e-04
    step 5600/6215 (global micro  5600/18645, update  5600/18645)  loss 0.5936  lr 8.14e-04
    step 5625/6215 (global micro  5625/18645, update  5625/18645)  loss 1.0181  lr 8.13e-04
    step 5650/6215 (global micro  5650/18645, update  5650/18645)  loss 0.8568  lr 8.11e-04
    step 5675/6215 (global micro  5675/18645, update  5675/18645)  loss 0.6673  lr 8.09e-04
    step 5700/6215 (global micro  5700/18645, update  5700/18645)  loss 0.6572  lr 8.08e-04
    step 5725/6215 (global micro  5725/18645, update  5725/18645)  loss 0.8793  lr 8.06e-04
    step 5750/6215 (global micro  5750/18645, update  5750/18645)  loss 0.6676  lr 8.05e-04
    step 5775/6215 (global micro  5775/18645, update  5775/18645)  loss 0.8626  lr 8.03e-04
    step 5800/6215 (global micro  5800/18645, update  5800/18645)  loss 0.6836  lr 8.02e-04
    step 5825/6215 (global micro  5825/18645, update  5825/18645)  loss 0.6429  lr 8.00e-04
    step 5850/6215 (global micro  5850/18645, update  5850/18645)  loss 0.7404  lr 7.99e-04
    step 5875/6215 (global micro  5875/18645, update  5875/18645)  loss 0.6313  lr 7.97e-04
    step 5900/6215 (global micro  5900/18645, update  5900/18645)  loss 0.7348  lr 7.95e-04
    step 5925/6215 (global micro  5925/18645, update  5925/18645)  loss 1.1316  lr 7.94e-04
    step 5950/6215 (global micro  5950/18645, update  5950/18645)  loss 0.7376  lr 7.92e-04
    step 5975/6215 (global micro  5975/18645, update  5975/18645)  loss 0.4699  lr 7.91e-04
    step 6000/6215 (global micro  6000/18645, update  6000/18645)  loss 0.7958  lr 7.89e-04
    step 6025/6215 (global micro  6025/18645, update  6025/18645)  loss 1.2078  lr 7.87e-04
    step 6050/6215 (global micro  6050/18645, update  6050/18645)  loss 0.6047  lr 7.86e-04
    step 6075/6215 (global micro  6075/18645, update  6075/18645)  loss 0.7000  lr 7.84e-04
    step 6100/6215 (global micro  6100/18645, update  6100/18645)  loss 0.6498  lr 7.83e-04
    step 6125/6215 (global micro  6125/18645, update  6125/18645)  loss 0.6994  lr 7.81e-04
    step 6150/6215 (global micro  6150/18645, update  6150/18645)  loss 0.6597  lr 7.79e-04
    step 6175/6215 (global micro  6175/18645, update  6175/18645)  loss 0.6390  lr 7.78e-04
    step 6200/6215 (global micro  6200/18645, update  6200/18645)  loss 0.8009  lr 7.76e-04
    step 6215/6215 (global micro  6215/18645, update  6215/18645)  loss 0.7267  lr 7.75e-04
  epoch   1/3  loss 0.7785  lr 7.75e-04  (1099.8s)
  Epoch checkpoint: /home/aomukai/Ninereeds/core/c13_Phase_E_bridged_retry3_e1.pt
    step    1/6215 (global micro  6216/18645, update  6216/18645)  loss 0.6343  lr 7.75e-04
    step   25/6215 (global micro  6240/18645, update  6240/18645)  loss 0.7600  lr 7.73e-04
    step   50/6215 (global micro  6265/18645, update  6265/18645)  loss 0.5657  lr 7.72e-04
    step   75/6215 (global micro  6290/18645, update  6290/18645)  loss 0.8539  lr 7.70e-04
    step  100/6215 (global micro  6315/18645, update  6315/18645)  loss 0.6079  lr 7.68e-04
    step  125/6215 (global micro  6340/18645, update  6340/18645)  loss 0.9130  lr 7.67e-04
    step  150/6215 (global micro  6365/18645, update  6365/18645)  loss 0.6509  lr 7.65e-04
    step  175/6215 (global micro  6390/18645, update  6390/18645)  loss 0.5842  lr 7.63e-04
    step  200/6215 (global micro  6415/18645, update  6415/18645)  loss 0.8127  lr 7.62e-04
    step  225/6215 (global micro  6440/18645, update  6440/18645)  loss 0.9297  lr 7.60e-04
    step  250/6215 (global micro  6465/18645, update  6465/18645)  loss 0.6786  lr 7.58e-04
    step  275/6215 (global micro  6490/18645, update  6490/18645)  loss 0.4537  lr 7.57e-04
    step  300/6215 (global micro  6515/18645, update  6515/18645)  loss 0.4991  lr 7.55e-04
    step  325/6215 (global micro  6540/18645, update  6540/18645)  loss 0.6681  lr 7.53e-04
    step  350/6215 (global micro  6565/18645, update  6565/18645)  loss 0.5792  lr 7.52e-04
    step  375/6215 (global micro  6590/18645, update  6590/18645)  loss 0.7325  lr 7.50e-04
    step  400/6215 (global micro  6615/18645, update  6615/18645)  loss 0.6351  lr 7.48e-04
    step  425/6215 (global micro  6640/18645, update  6640/18645)  loss 0.6213  lr 7.47e-04
    step  450/6215 (global micro  6665/18645, update  6665/18645)  loss 0.9149  lr 7.45e-04
    step  475/6215 (global micro  6690/18645, update  6690/18645)  loss 0.6578  lr 7.43e-04
    step  500/6215 (global micro  6715/18645, update  6715/18645)  loss 0.7241  lr 7.41e-04
    step  525/6215 (global micro  6740/18645, update  6740/18645)  loss 0.3804  lr 7.40e-04
    step  550/6215 (global micro  6765/18645, update  6765/18645)  loss 0.7179  lr 7.38e-04
    step  575/6215 (global micro  6790/18645, update  6790/18645)  loss 0.5644  lr 7.36e-04
    step  600/6215 (global micro  6815/18645, update  6815/18645)  loss 0.6661  lr 7.35e-04
    step  625/6215 (global micro  6840/18645, update  6840/18645)  loss 0.5725  lr 7.33e-04
    step  650/6215 (global micro  6865/18645, update  6865/18645)  loss 0.6678  lr 7.31e-04
    step  675/6215 (global micro  6890/18645, update  6890/18645)  loss 0.4988  lr 7.29e-04
    step  700/6215 (global micro  6915/18645, update  6915/18645)  loss 0.6392  lr 7.28e-04
    step  725/6215 (global micro  6940/18645, update  6940/18645)  loss 0.7458  lr 7.26e-04
    step  750/6215 (global micro  6965/18645, update  6965/18645)  loss 0.6721  lr 7.24e-04
    step  775/6215 (global micro  6990/18645, update  6990/18645)  loss 0.5433  lr 7.22e-04
    step  800/6215 (global micro  7015/18645, update  7015/18645)  loss 0.5377  lr 7.21e-04
    step  825/6215 (global micro  7040/18645, update  7040/18645)  loss 0.9358  lr 7.19e-04
    step  850/6215 (global micro  7065/18645, update  7065/18645)  loss 0.6657  lr 7.17e-04
    step  875/6215 (global micro  7090/18645, update  7090/18645)  loss 0.6538  lr 7.15e-04
    step  900/6215 (global micro  7115/18645, update  7115/18645)  loss 0.4466  lr 7.14e-04
    step  925/6215 (global micro  7140/18645, update  7140/18645)  loss 0.5394  lr 7.12e-04
    step  950/6215 (global micro  7165/18645, update  7165/18645)  loss 0.6489  lr 7.10e-04
    step  975/6215 (global micro  7190/18645, update  7190/18645)  loss 0.7184  lr 7.08e-04
    step 1000/6215 (global micro  7215/18645, update  7215/18645)  loss 0.5462  lr 7.06e-04
    step 1025/6215 (global micro  7240/18645, update  7240/18645)  loss 0.5163  lr 7.05e-04
    step 1050/6215 (global micro  7265/18645, update  7265/18645)  loss 0.6838  lr 7.03e-04
    step 1075/6215 (global micro  7290/18645, update  7290/18645)  loss 0.7402  lr 7.01e-04
    step 1100/6215 (global micro  7315/18645, update  7315/18645)  loss 0.6817  lr 6.99e-04
    step 1125/6215 (global micro  7340/18645, update  7340/18645)  loss 0.5064  lr 6.98e-04
    step 1150/6215 (global micro  7365/18645, update  7365/18645)  loss 0.8356  lr 6.96e-04
    step 1175/6215 (global micro  7390/18645, update  7390/18645)  loss 0.6538  lr 6.94e-04
    step 1200/6215 (global micro  7415/18645, update  7415/18645)  loss 0.4486  lr 6.92e-04
    step 1225/6215 (global micro  7440/18645, update  7440/18645)  loss 0.6527  lr 6.90e-04
    step 1250/6215 (global micro  7465/18645, update  7465/18645)  loss 0.6742  lr 6.89e-04
    step 1275/6215 (global micro  7490/18645, update  7490/18645)  loss 0.5883  lr 6.87e-04
    step 1300/6215 (global micro  7515/18645, update  7515/18645)  loss 0.5250  lr 6.85e-04
    step 1325/6215 (global micro  7540/18645, update  7540/18645)  loss 0.5505  lr 6.83e-04
    step 1350/6215 (global micro  7565/18645, update  7565/18645)  loss 0.6368  lr 6.81e-04
    step 1375/6215 (global micro  7590/18645, update  7590/18645)  loss 0.6943  lr 6.80e-04
    step 1400/6215 (global micro  7615/18645, update  7615/18645)  loss 0.7413  lr 6.78e-04
    step 1425/6215 (global micro  7640/18645, update  7640/18645)  loss 0.4743  lr 6.76e-04
    step 1450/6215 (global micro  7665/18645, update  7665/18645)  loss 0.6989  lr 6.74e-04
    step 1475/6215 (global micro  7690/18645, update  7690/18645)  loss 0.6248  lr 6.72e-04
    step 1500/6215 (global micro  7715/18645, update  7715/18645)  loss 0.7865  lr 6.70e-04
    step 1525/6215 (global micro  7740/18645, update  7740/18645)  loss 0.8201  lr 6.69e-04
    step 1550/6215 (global micro  7765/18645, update  7765/18645)  loss 0.7060  lr 6.67e-04
    step 1575/6215 (global micro  7790/18645, update  7790/18645)  loss 0.7939  lr 6.65e-04
    step 1600/6215 (global micro  7815/18645, update  7815/18645)  loss 0.6357  lr 6.63e-04
    step 1625/6215 (global micro  7840/18645, update  7840/18645)  loss 0.7928  lr 6.61e-04
    step 1650/6215 (global micro  7865/18645, update  7865/18645)  loss 0.5842  lr 6.59e-04
    step 1675/6215 (global micro  7890/18645, update  7890/18645)  loss 0.7089  lr 6.58e-04
    step 1700/6215 (global micro  7915/18645, update  7915/18645)  loss 0.5574  lr 6.56e-04
    step 1725/6215 (global micro  7940/18645, update  7940/18645)  loss 0.5566  lr 6.54e-04
    step 1750/6215 (global micro  7965/18645, update  7965/18645)  loss 0.4683  lr 6.52e-04
    step 1775/6215 (global micro  7990/18645, update  7990/18645)  loss 0.5658  lr 6.50e-04
    step 1800/6215 (global micro  8015/18645, update  8015/18645)  loss 0.8249  lr 6.48e-04
    step 1825/6215 (global micro  8040/18645, update  8040/18645)  loss 0.7140  lr 6.46e-04
    step 1850/6215 (global micro  8065/18645, update  8065/18645)  loss 0.6964  lr 6.45e-04
    step 1875/6215 (global micro  8090/18645, update  8090/18645)  loss 0.5769  lr 6.43e-04
    step 1900/6215 (global micro  8115/18645, update  8115/18645)  loss 0.5774  lr 6.41e-04
    step 1925/6215 (global micro  8140/18645, update  8140/18645)  loss 0.4136  lr 6.39e-04
    step 1950/6215 (global micro  8165/18645, update  8165/18645)  loss 0.5671  lr 6.37e-04
    step 1975/6215 (global micro  8190/18645, update  8190/18645)  loss 0.7180  lr 6.35e-04
    step 2000/6215 (global micro  8215/18645, update  8215/18645)  loss 0.7450  lr 6.33e-04
    step 2025/6215 (global micro  8240/18645, update  8240/18645)  loss 0.4653  lr 6.32e-04
    step 2050/6215 (global micro  8265/18645, update  8265/18645)  loss 0.6196  lr 6.30e-04
    step 2075/6215 (global micro  8290/18645, update  8290/18645)  loss 0.5768  lr 6.28e-04
    step 2100/6215 (global micro  8315/18645, update  8315/18645)  loss 0.6268  lr 6.26e-04
    step 2125/6215 (global micro  8340/18645, update  8340/18645)  loss 0.6650  lr 6.24e-04
    step 2150/6215 (global micro  8365/18645, update  8365/18645)  loss 0.6722  lr 6.22e-04
    step 2175/6215 (global micro  8390/18645, update  8390/18645)  loss 0.6828  lr 6.20e-04
    step 2200/6215 (global micro  8415/18645, update  8415/18645)  loss 0.6221  lr 6.19e-04
    step 2225/6215 (global micro  8440/18645, update  8440/18645)  loss 0.8147  lr 6.17e-04
    step 2250/6215 (global micro  8465/18645, update  8465/18645)  loss 0.8806  lr 6.15e-04
    step 2275/6215 (global micro  8490/18645, update  8490/18645)  loss 0.6713  lr 6.13e-04
    step 2300/6215 (global micro  8515/18645, update  8515/18645)  loss 0.5549  lr 6.11e-04
    step 2325/6215 (global micro  8540/18645, update  8540/18645)  loss 0.7514  lr 6.09e-04
    step 2350/6215 (global micro  8565/18645, update  8565/18645)  loss 0.5920  lr 6.07e-04
    step 2375/6215 (global micro  8590/18645, update  8590/18645)  loss 0.5036  lr 6.05e-04
    step 2400/6215 (global micro  8615/18645, update  8615/18645)  loss 0.7174  lr 6.04e-04
    step 2425/6215 (global micro  8640/18645, update  8640/18645)  loss 0.7172  lr 6.02e-04
    step 2450/6215 (global micro  8665/18645, update  8665/18645)  loss 0.6513  lr 6.00e-04
    step 2475/6215 (global micro  8690/18645, update  8690/18645)  loss 0.4042  lr 5.98e-04
    step 2500/6215 (global micro  8715/18645, update  8715/18645)  loss 0.4153  lr 5.96e-04
    step 2525/6215 (global micro  8740/18645, update  8740/18645)  loss 0.7304  lr 5.94e-04
    step 2550/6215 (global micro  8765/18645, update  8765/18645)  loss 0.7297  lr 5.92e-04
    step 2575/6215 (global micro  8790/18645, update  8790/18645)  loss 0.6395  lr 5.90e-04
    step 2600/6215 (global micro  8815/18645, update  8815/18645)  loss 0.5847  lr 5.88e-04
    step 2625/6215 (global micro  8840/18645, update  8840/18645)  loss 0.7354  lr 5.87e-04
    step 2650/6215 (global micro  8865/18645, update  8865/18645)  loss 0.5858  lr 5.85e-04
    step 2675/6215 (global micro  8890/18645, update  8890/18645)  loss 0.6601  lr 5.83e-04
    step 2700/6215 (global micro  8915/18645, update  8915/18645)  loss 0.6875  lr 5.81e-04
    step 2725/6215 (global micro  8940/18645, update  8940/18645)  loss 0.6104  lr 5.79e-04
    step 2750/6215 (global micro  8965/18645, update  8965/18645)  loss 0.4393  lr 5.77e-04
    step 2775/6215 (global micro  8990/18645, update  8990/18645)  loss 0.5013  lr 5.75e-04
    step 2800/6215 (global micro  9015/18645, update  9015/18645)  loss 0.6511  lr 5.73e-04
    step 2825/6215 (global micro  9040/18645, update  9040/18645)  loss 0.7042  lr 5.71e-04
    step 2850/6215 (global micro  9065/18645, update  9065/18645)  loss 0.6852  lr 5.70e-04
    step 2875/6215 (global micro  9090/18645, update  9090/18645)  loss 0.7737  lr 5.68e-04
    step 2900/6215 (global micro  9115/18645, update  9115/18645)  loss 0.6145  lr 5.66e-04
    step 2925/6215 (global micro  9140/18645, update  9140/18645)  loss 0.5558  lr 5.64e-04
    step 2950/6215 (global micro  9165/18645, update  9165/18645)  loss 0.7545  lr 5.62e-04
    step 2975/6215 (global micro  9190/18645, update  9190/18645)  loss 0.6417  lr 5.60e-04
    step 3000/6215 (global micro  9215/18645, update  9215/18645)  loss 0.7084  lr 5.58e-04
    step 3025/6215 (global micro  9240/18645, update  9240/18645)  loss 0.7186  lr 5.56e-04
    step 3050/6215 (global micro  9265/18645, update  9265/18645)  loss 0.7466  lr 5.54e-04
    step 3075/6215 (global micro  9290/18645, update  9290/18645)  loss 0.5390  lr 5.52e-04
    step 3100/6215 (global micro  9315/18645, update  9315/18645)  loss 0.4847  lr 5.51e-04
    step 3125/6215 (global micro  9340/18645, update  9340/18645)  loss 0.6195  lr 5.49e-04
    step 3150/6215 (global micro  9365/18645, update  9365/18645)  loss 0.5858  lr 5.47e-04
    step 3175/6215 (global micro  9390/18645, update  9390/18645)  loss 0.6760  lr 5.45e-04
    step 3200/6215 (global micro  9415/18645, update  9415/18645)  loss 0.7727  lr 5.43e-04
    step 3225/6215 (global micro  9440/18645, update  9440/18645)  loss 0.7815  lr 5.41e-04
    step 3250/6215 (global micro  9465/18645, update  9465/18645)  loss 0.5445  lr 5.39e-04
    step 3275/6215 (global micro  9490/18645, update  9490/18645)  loss 0.6447  lr 5.37e-04
    step 3300/6215 (global micro  9515/18645, update  9515/18645)  loss 0.7135  lr 5.35e-04
    step 3325/6215 (global micro  9540/18645, update  9540/18645)  loss 0.4033  lr 5.34e-04
    step 3350/6215 (global micro  9565/18645, update  9565/18645)  loss 0.6614  lr 5.32e-04
    step 3375/6215 (global micro  9590/18645, update  9590/18645)  loss 0.6489  lr 5.30e-04
    step 3400/6215 (global micro  9615/18645, update  9615/18645)  loss 0.6099  lr 5.28e-04
    step 3425/6215 (global micro  9640/18645, update  9640/18645)  loss 0.8123  lr 5.26e-04
    step 3450/6215 (global micro  9665/18645, update  9665/18645)  loss 0.4949  lr 5.24e-04
    step 3475/6215 (global micro  9690/18645, update  9690/18645)  loss 0.6886  lr 5.22e-04
    step 3500/6215 (global micro  9715/18645, update  9715/18645)  loss 0.9418  lr 5.20e-04
    step 3525/6215 (global micro  9740/18645, update  9740/18645)  loss 0.7084  lr 5.18e-04
    step 3550/6215 (global micro  9765/18645, update  9765/18645)  loss 0.6117  lr 5.16e-04
    step 3575/6215 (global micro  9790/18645, update  9790/18645)  loss 0.5556  lr 5.15e-04
    step 3600/6215 (global micro  9815/18645, update  9815/18645)  loss 0.6643  lr 5.13e-04
    step 3625/6215 (global micro  9840/18645, update  9840/18645)  loss 0.5650  lr 5.11e-04
    step 3650/6215 (global micro  9865/18645, update  9865/18645)  loss 0.5879  lr 5.09e-04
    step 3675/6215 (global micro  9890/18645, update  9890/18645)  loss 0.7419  lr 5.07e-04
    step 3700/6215 (global micro  9915/18645, update  9915/18645)  loss 0.6017  lr 5.05e-04
    step 3725/6215 (global micro  9940/18645, update  9940/18645)  loss 0.4761  lr 5.03e-04
    step 3750/6215 (global micro  9965/18645, update  9965/18645)  loss 0.8848  lr 5.01e-04
    step 3775/6215 (global micro  9990/18645, update  9990/18645)  loss 0.8111  lr 4.99e-04
    step 3800/6215 (global micro 10015/18645, update 10015/18645)  loss 0.5828  lr 4.98e-04
    step 3825/6215 (global micro 10040/18645, update 10040/18645)  loss 0.9633  lr 4.96e-04
    step 3850/6215 (global micro 10065/18645, update 10065/18645)  loss 0.5636  lr 4.94e-04
    step 3875/6215 (global micro 10090/18645, update 10090/18645)  loss 0.7071  lr 4.92e-04
    step 3900/6215 (global micro 10115/18645, update 10115/18645)  loss 0.5805  lr 4.90e-04
    step 3925/6215 (global micro 10140/18645, update 10140/18645)  loss 0.8624  lr 4.88e-04
    step 3950/6215 (global micro 10165/18645, update 10165/18645)  loss 0.7454  lr 4.86e-04
    step 3975/6215 (global micro 10190/18645, update 10190/18645)  loss 0.4325  lr 4.84e-04
    step 4000/6215 (global micro 10215/18645, update 10215/18645)  loss 0.7227  lr 4.83e-04
    step 4025/6215 (global micro 10240/18645, update 10240/18645)  loss 0.5217  lr 4.81e-04
    step 4050/6215 (global micro 10265/18645, update 10265/18645)  loss 0.4711  lr 4.79e-04
    step 4075/6215 (global micro 10290/18645, update 10290/18645)  loss 0.4944  lr 4.77e-04
    step 4100/6215 (global micro 10315/18645, update 10315/18645)  loss 0.7299  lr 4.75e-04
    step 4125/6215 (global micro 10340/18645, update 10340/18645)  loss 0.5934  lr 4.73e-04
    step 4150/6215 (global micro 10365/18645, update 10365/18645)  loss 0.7311  lr 4.71e-04
    step 4175/6215 (global micro 10390/18645, update 10390/18645)  loss 0.5821  lr 4.69e-04
    step 4200/6215 (global micro 10415/18645, update 10415/18645)  loss 0.4679  lr 4.68e-04
    step 4225/6215 (global micro 10440/18645, update 10440/18645)  loss 0.7105  lr 4.66e-04
    step 4250/6215 (global micro 10465/18645, update 10465/18645)  loss 0.4588  lr 4.64e-04
    step 4275/6215 (global micro 10490/18645, update 10490/18645)  loss 0.6931  lr 4.62e-04
    step 4300/6215 (global micro 10515/18645, update 10515/18645)  loss 0.5214  lr 4.60e-04
    step 4325/6215 (global micro 10540/18645, update 10540/18645)  loss 0.6949  lr 4.58e-04
    step 4350/6215 (global micro 10565/18645, update 10565/18645)  loss 0.6905  lr 4.56e-04
    step 4375/6215 (global micro 10590/18645, update 10590/18645)  loss 0.5820  lr 4.55e-04
    step 4400/6215 (global micro 10615/18645, update 10615/18645)  loss 0.8509  lr 4.53e-04
    step 4425/6215 (global micro 10640/18645, update 10640/18645)  loss 0.5726  lr 4.51e-04
    step 4450/6215 (global micro 10665/18645, update 10665/18645)  loss 0.5924  lr 4.49e-04
    step 4475/6215 (global micro 10690/18645, update 10690/18645)  loss 0.7244  lr 4.47e-04
    step 4500/6215 (global micro 10715/18645, update 10715/18645)  loss 0.6103  lr 4.45e-04
    step 4525/6215 (global micro 10740/18645, update 10740/18645)  loss 0.6235  lr 4.44e-04
    step 4550/6215 (global micro 10765/18645, update 10765/18645)  loss 0.8020  lr 4.42e-04
    step 4575/6215 (global micro 10790/18645, update 10790/18645)  loss 0.5572  lr 4.40e-04
    step 4600/6215 (global micro 10815/18645, update 10815/18645)  loss 0.7954  lr 4.38e-04
    step 4625/6215 (global micro 10840/18645, update 10840/18645)  loss 0.7528  lr 4.36e-04
    step 4650/6215 (global micro 10865/18645, update 10865/18645)  loss 0.5600  lr 4.34e-04
    step 4675/6215 (global micro 10890/18645, update 10890/18645)  loss 0.5462  lr 4.33e-04
    step 4700/6215 (global micro 10915/18645, update 10915/18645)  loss 0.6208  lr 4.31e-04
    step 4725/6215 (global micro 10940/18645, update 10940/18645)  loss 0.5643  lr 4.29e-04
    step 4750/6215 (global micro 10965/18645, update 10965/18645)  loss 0.4408  lr 4.27e-04
    step 4775/6215 (global micro 10990/18645, update 10990/18645)  loss 0.5574  lr 4.25e-04
    step 4800/6215 (global micro 11015/18645, update 11015/18645)  loss 0.7759  lr 4.23e-04
    step 4825/6215 (global micro 11040/18645, update 11040/18645)  loss 0.8056  lr 4.22e-04
    step 4850/6215 (global micro 11065/18645, update 11065/18645)  loss 0.6001  lr 4.20e-04
    step 4875/6215 (global micro 11090/18645, update 11090/18645)  loss 0.5163  lr 4.18e-04
    step 4900/6215 (global micro 11115/18645, update 11115/18645)  loss 0.6593  lr 4.16e-04
    step 4925/6215 (global micro 11140/18645, update 11140/18645)  loss 0.5662  lr 4.14e-04
    step 4950/6215 (global micro 11165/18645, update 11165/18645)  loss 0.4667  lr 4.13e-04
    step 4975/6215 (global micro 11190/18645, update 11190/18645)  loss 0.5791  lr 4.11e-04
    step 5000/6215 (global micro 11215/18645, update 11215/18645)  loss 0.5554  lr 4.09e-04
    step 5025/6215 (global micro 11240/18645, update 11240/18645)  loss 0.7901  lr 4.07e-04
    step 5050/6215 (global micro 11265/18645, update 11265/18645)  loss 0.4969  lr 4.05e-04
    step 5075/6215 (global micro 11290/18645, update 11290/18645)  loss 0.6793  lr 4.04e-04
    step 5100/6215 (global micro 11315/18645, update 11315/18645)  loss 0.5610  lr 4.02e-04
    step 5125/6215 (global micro 11340/18645, update 11340/18645)  loss 0.5299  lr 4.00e-04
    step 5150/6215 (global micro 11365/18645, update 11365/18645)  loss 0.5273  lr 3.98e-04
    step 5175/6215 (global micro 11390/18645, update 11390/18645)  loss 0.7093  lr 3.96e-04
    step 5200/6215 (global micro 11415/18645, update 11415/18645)  loss 0.7483  lr 3.95e-04
    step 5225/6215 (global micro 11440/18645, update 11440/18645)  loss 0.7955  lr 3.93e-04
    step 5250/6215 (global micro 11465/18645, update 11465/18645)  loss 0.5467  lr 3.91e-04
    step 5275/6215 (global micro 11490/18645, update 11490/18645)  loss 0.6126  lr 3.89e-04
    step 5300/6215 (global micro 11515/18645, update 11515/18645)  loss 0.5072  lr 3.88e-04
    step 5325/6215 (global micro 11540/18645, update 11540/18645)  loss 0.5962  lr 3.86e-04
    step 5350/6215 (global micro 11565/18645, update 11565/18645)  loss 0.6647  lr 3.84e-04
    step 5375/6215 (global micro 11590/18645, update 11590/18645)  loss 0.5109  lr 3.82e-04
    step 5400/6215 (global micro 11615/18645, update 11615/18645)  loss 0.4770  lr 3.80e-04
    step 5425/6215 (global micro 11640/18645, update 11640/18645)  loss 0.8810  lr 3.79e-04
    step 5450/6215 (global micro 11665/18645, update 11665/18645)  loss 0.5074  lr 3.77e-04
    step 5475/6215 (global micro 11690/18645, update 11690/18645)  loss 0.6260  lr 3.75e-04
    step 5500/6215 (global micro 11715/18645, update 11715/18645)  loss 0.5364  lr 3.73e-04
    step 5525/6215 (global micro 11740/18645, update 11740/18645)  loss 0.5761  lr 3.72e-04
    step 5550/6215 (global micro 11765/18645, update 11765/18645)  loss 0.5132  lr 3.70e-04
    step 5575/6215 (global micro 11790/18645, update 11790/18645)  loss 0.7797  lr 3.68e-04
    step 5600/6215 (global micro 11815/18645, update 11815/18645)  loss 0.7514  lr 3.67e-04
    step 5625/6215 (global micro 11840/18645, update 11840/18645)  loss 0.5801  lr 3.65e-04
    step 5650/6215 (global micro 11865/18645, update 11865/18645)  loss 0.4146  lr 3.63e-04
    step 5675/6215 (global micro 11890/18645, update 11890/18645)  loss 0.5650  lr 3.61e-04
    step 5700/6215 (global micro 11915/18645, update 11915/18645)  loss 0.5015  lr 3.60e-04
    step 5725/6215 (global micro 11940/18645, update 11940/18645)  loss 0.8235  lr 3.58e-04
    step 5750/6215 (global micro 11965/18645, update 11965/18645)  loss 0.5385  lr 3.56e-04
    step 5775/6215 (global micro 11990/18645, update 11990/18645)  loss 1.1978  lr 3.54e-04
    step 5800/6215 (global micro 12015/18645, update 12015/18645)  loss 0.5256  lr 3.53e-04
    step 5825/6215 (global micro 12040/18645, update 12040/18645)  loss 0.8590  lr 3.51e-04
    step 5850/6215 (global micro 12065/18645, update 12065/18645)  loss 0.5345  lr 3.49e-04
    step 5875/6215 (global micro 12090/18645, update 12090/18645)  loss 0.4698  lr 3.48e-04
    step 5900/6215 (global micro 12115/18645, update 12115/18645)  loss 0.5000  lr 3.46e-04
    step 5925/6215 (global micro 12140/18645, update 12140/18645)  loss 0.4916  lr 3.44e-04
    step 5950/6215 (global micro 12165/18645, update 12165/18645)  loss 0.5007  lr 3.43e-04
    step 5975/6215 (global micro 12190/18645, update 12190/18645)  loss 0.5456  lr 3.41e-04
    step 6000/6215 (global micro 12215/18645, update 12215/18645)  loss 0.6919  lr 3.39e-04
    step 6025/6215 (global micro 12240/18645, update 12240/18645)  loss 0.6575  lr 3.38e-04
    step 6050/6215 (global micro 12265/18645, update 12265/18645)  loss 0.6623  lr 3.36e-04
    step 6075/6215 (global micro 12290/18645, update 12290/18645)  loss 0.5229  lr 3.34e-04
    step 6100/6215 (global micro 12315/18645, update 12315/18645)  loss 0.4367  lr 3.33e-04
    step 6125/6215 (global micro 12340/18645, update 12340/18645)  loss 0.5503  lr 3.31e-04
    step 6150/6215 (global micro 12365/18645, update 12365/18645)  loss 0.5257  lr 3.29e-04
    step 6175/6215 (global micro 12390/18645, update 12390/18645)  loss 0.6314  lr 3.28e-04
    step 6200/6215 (global micro 12415/18645, update 12415/18645)  loss 0.6510  lr 3.26e-04
    step 6215/6215 (global micro 12430/18645, update 12430/18645)  loss 0.5300  lr 3.25e-04
  epoch   2/3  loss 0.6475  lr 3.25e-04  (1097.6s)
  Epoch checkpoint: /home/aomukai/Ninereeds/core/c13_Phase_E_bridged_retry3_e2.pt
    step    1/6215 (global micro 12431/18645, update 12431/18645)  loss 0.3088  lr 3.25e-04
    step   25/6215 (global micro 12455/18645, update 12455/18645)  loss 0.7100  lr 3.23e-04
    step   50/6215 (global micro 12480/18645, update 12480/18645)  loss 0.6281  lr 3.22e-04
    step   75/6215 (global micro 12505/18645, update 12505/18645)  loss 0.5202  lr 3.20e-04
    step  100/6215 (global micro 12530/18645, update 12530/18645)  loss 0.6965  lr 3.18e-04
    step  125/6215 (global micro 12555/18645, update 12555/18645)  loss 0.4502  lr 3.17e-04
    step  150/6215 (global micro 12580/18645, update 12580/18645)  loss 0.5382  lr 3.15e-04
    step  175/6215 (global micro 12605/18645, update 12605/18645)  loss 0.6088  lr 3.14e-04
    step  200/6215 (global micro 12630/18645, update 12630/18645)  loss 0.5634  lr 3.12e-04
    step  225/6215 (global micro 12655/18645, update 12655/18645)  loss 0.4374  lr 3.10e-04
    step  250/6215 (global micro 12680/18645, update 12680/18645)  loss 0.7190  lr 3.09e-04
    step  275/6215 (global micro 12705/18645, update 12705/18645)  loss 0.3609  lr 3.07e-04
    step  300/6215 (global micro 12730/18645, update 12730/18645)  loss 0.5026  lr 3.06e-04
    step  325/6215 (global micro 12755/18645, update 12755/18645)  loss 0.5629  lr 3.04e-04
    step  350/6215 (global micro 12780/18645, update 12780/18645)  loss 0.4982  lr 3.02e-04
    step  375/6215 (global micro 12805/18645, update 12805/18645)  loss 0.4843  lr 3.01e-04
    step  400/6215 (global micro 12830/18645, update 12830/18645)  loss 0.4240  lr 2.99e-04
    step  425/6215 (global micro 12855/18645, update 12855/18645)  loss 0.7079  lr 2.98e-04
    step  450/6215 (global micro 12880/18645, update 12880/18645)  loss 0.5279  lr 2.96e-04
    step  475/6215 (global micro 12905/18645, update 12905/18645)  loss 0.6988  lr 2.95e-04
    step  500/6215 (global micro 12930/18645, update 12930/18645)  loss 0.6444  lr 2.93e-04
    step  525/6215 (global micro 12955/18645, update 12955/18645)  loss 0.6794  lr 2.91e-04
    step  550/6215 (global micro 12980/18645, update 12980/18645)  loss 0.7985  lr 2.90e-04
    step  575/6215 (global micro 13005/18645, update 13005/18645)  loss 0.3914  lr 2.88e-04
    step  600/6215 (global micro 13030/18645, update 13030/18645)  loss 0.4755  lr 2.87e-04
    step  625/6215 (global micro 13055/18645, update 13055/18645)  loss 0.7021  lr 2.85e-04
    step  650/6215 (global micro 13080/18645, update 13080/18645)  loss 0.6308  lr 2.84e-04
    step  675/6215 (global micro 13105/18645, update 13105/18645)  loss 0.6047  lr 2.82e-04
    step  700/6215 (global micro 13130/18645, update 13130/18645)  loss 0.4343  lr 2.81e-04
    step  725/6215 (global micro 13155/18645, update 13155/18645)  loss 0.5767  lr 2.79e-04
    step  750/6215 (global micro 13180/18645, update 13180/18645)  loss 0.4920  lr 2.78e-04
    step  775/6215 (global micro 13205/18645, update 13205/18645)  loss 0.6226  lr 2.76e-04
    step  800/6215 (global micro 13230/18645, update 13230/18645)  loss 0.4689  lr 2.75e-04
    step  825/6215 (global micro 13255/18645, update 13255/18645)  loss 0.4665  lr 2.73e-04
    step  850/6215 (global micro 13280/18645, update 13280/18645)  loss 0.4727  lr 2.72e-04
    step  875/6215 (global micro 13305/18645, update 13305/18645)  loss 0.4262  lr 2.70e-04
    step  900/6215 (global micro 13330/18645, update 13330/18645)  loss 0.7058  lr 2.69e-04
    step  925/6215 (global micro 13355/18645, update 13355/18645)  loss 0.4469  lr 2.67e-04
    step  950/6215 (global micro 13380/18645, update 13380/18645)  loss 0.5804  lr 2.66e-04
    step  975/6215 (global micro 13405/18645, update 13405/18645)  loss 0.6553  lr 2.64e-04
    step 1000/6215 (global micro 13430/18645, update 13430/18645)  loss 0.4661  lr 2.63e-04
    step 1025/6215 (global micro 13455/18645, update 13455/18645)  loss 0.4012  lr 2.61e-04
    step 1050/6215 (global micro 13480/18645, update 13480/18645)  loss 0.4559  lr 2.60e-04
    step 1075/6215 (global micro 13505/18645, update 13505/18645)  loss 0.5350  lr 2.58e-04
    step 1100/6215 (global micro 13530/18645, update 13530/18645)  loss 0.5661  lr 2.57e-04
    step 1125/6215 (global micro 13555/18645, update 13555/18645)  loss 0.3339  lr 2.56e-04
    step 1150/6215 (global micro 13580/18645, update 13580/18645)  loss 0.6507  lr 2.54e-04
    step 1175/6215 (global micro 13605/18645, update 13605/18645)  loss 0.6006  lr 2.53e-04
    step 1200/6215 (global micro 13630/18645, update 13630/18645)  loss 0.5576  lr 2.51e-04
    step 1225/6215 (global micro 13655/18645, update 13655/18645)  loss 0.5058  lr 2.50e-04
    step 1250/6215 (global micro 13680/18645, update 13680/18645)  loss 0.4732  lr 2.48e-04
    step 1275/6215 (global micro 13705/18645, update 13705/18645)  loss 0.5734  lr 2.47e-04
    step 1300/6215 (global micro 13730/18645, update 13730/18645)  loss 0.6805  lr 2.46e-04
    step 1325/6215 (global micro 13755/18645, update 13755/18645)  loss 0.5891  lr 2.44e-04
    step 1350/6215 (global micro 13780/18645, update 13780/18645)  loss 0.7600  lr 2.43e-04
    step 1375/6215 (global micro 13805/18645, update 13805/18645)  loss 0.3962  lr 2.42e-04
    step 1400/6215 (global micro 13830/18645, update 13830/18645)  loss 0.4889  lr 2.40e-04
    step 1425/6215 (global micro 13855/18645, update 13855/18645)  loss 0.4170  lr 2.39e-04
    step 1450/6215 (global micro 13880/18645, update 13880/18645)  loss 0.6038  lr 2.37e-04
    step 1475/6215 (global micro 13905/18645, update 13905/18645)  loss 0.5653  lr 2.36e-04
    step 1500/6215 (global micro 13930/18645, update 13930/18645)  loss 0.6337  lr 2.35e-04
    step 1525/6215 (global micro 13955/18645, update 13955/18645)  loss 0.5543  lr 2.33e-04
    step 1550/6215 (global micro 13980/18645, update 13980/18645)  loss 0.6731  lr 2.32e-04
    step 1575/6215 (global micro 14005/18645, update 14005/18645)  loss 0.4350  lr 2.31e-04
    step 1600/6215 (global micro 14030/18645, update 14030/18645)  loss 0.4659  lr 2.29e-04
    step 1625/6215 (global micro 14055/18645, update 14055/18645)  loss 0.5656  lr 2.28e-04
    step 1650/6215 (global micro 14080/18645, update 14080/18645)  loss 0.5440  lr 2.27e-04
    step 1675/6215 (global micro 14105/18645, update 14105/18645)  loss 0.4159  lr 2.25e-04
    step 1700/6215 (global micro 14130/18645, update 14130/18645)  loss 0.5011  lr 2.24e-04
    step 1725/6215 (global micro 14155/18645, update 14155/18645)  loss 0.6447  lr 2.23e-04
    step 1750/6215 (global micro 14180/18645, update 14180/18645)  loss 0.3302  lr 2.21e-04
    step 1775/6215 (global micro 14205/18645, update 14205/18645)  loss 0.5534  lr 2.20e-04
    step 1800/6215 (global micro 14230/18645, update 14230/18645)  loss 0.4951  lr 2.19e-04
    step 1825/6215 (global micro 14255/18645, update 14255/18645)  loss 0.5338  lr 2.18e-04
    step 1850/6215 (global micro 14280/18645, update 14280/18645)  loss 0.6448  lr 2.16e-04
    step 1875/6215 (global micro 14305/18645, update 14305/18645)  loss 0.5550  lr 2.15e-04
    step 1900/6215 (global micro 14330/18645, update 14330/18645)  loss 0.6785  lr 2.14e-04
    step 1925/6215 (global micro 14355/18645, update 14355/18645)  loss 0.5466  lr 2.13e-04
    step 1950/6215 (global micro 14380/18645, update 14380/18645)  loss 0.6888  lr 2.11e-04
    step 1975/6215 (global micro 14405/18645, update 14405/18645)  loss 0.5166  lr 2.10e-04
    step 2000/6215 (global micro 14430/18645, update 14430/18645)  loss 0.5597  lr 2.09e-04
    step 2025/6215 (global micro 14455/18645, update 14455/18645)  loss 0.4515  lr 2.08e-04
    step 2050/6215 (global micro 14480/18645, update 14480/18645)  loss 0.5462  lr 2.06e-04
    step 2075/6215 (global micro 14505/18645, update 14505/18645)  loss 0.5247  lr 2.05e-04
    step 2100/6215 (global micro 14530/18645, update 14530/18645)  loss 0.4065  lr 2.04e-04
    step 2125/6215 (global micro 14555/18645, update 14555/18645)  loss 0.4312  lr 2.03e-04
    step 2150/6215 (global micro 14580/18645, update 14580/18645)  loss 0.5060  lr 2.01e-04
    step 2175/6215 (global micro 14605/18645, update 14605/18645)  loss 0.5070  lr 2.00e-04
    step 2200/6215 (global micro 14630/18645, update 14630/18645)  loss 0.4674  lr 1.99e-04
    step 2225/6215 (global micro 14655/18645, update 14655/18645)  loss 0.4599  lr 1.98e-04
    step 2250/6215 (global micro 14680/18645, update 14680/18645)  loss 0.5509  lr 1.97e-04
    step 2275/6215 (global micro 14705/18645, update 14705/18645)  loss 0.6042  lr 1.96e-04
    step 2300/6215 (global micro 14730/18645, update 14730/18645)  loss 0.3967  lr 1.94e-04
    step 2325/6215 (global micro 14755/18645, update 14755/18645)  loss 0.3768  lr 1.93e-04
    step 2350/6215 (global micro 14780/18645, update 14780/18645)  loss 0.5231  lr 1.92e-04
    step 2375/6215 (global micro 14805/18645, update 14805/18645)  loss 0.5861  lr 1.91e-04
    step 2400/6215 (global micro 14830/18645, update 14830/18645)  loss 0.5398  lr 1.90e-04
    step 2425/6215 (global micro 14855/18645, update 14855/18645)  loss 0.5124  lr 1.89e-04
    step 2450/6215 (global micro 14880/18645, update 14880/18645)  loss 0.4383  lr 1.88e-04
    step 2475/6215 (global micro 14905/18645, update 14905/18645)  loss 0.5071  lr 1.86e-04
    step 2500/6215 (global micro 14930/18645, update 14930/18645)  loss 0.3602  lr 1.85e-04
    step 2525/6215 (global micro 14955/18645, update 14955/18645)  loss 0.5116  lr 1.84e-04
    step 2550/6215 (global micro 14980/18645, update 14980/18645)  loss 0.5181  lr 1.83e-04
    step 2575/6215 (global micro 15005/18645, update 15005/18645)  loss 0.7898  lr 1.82e-04
    step 2600/6215 (global micro 15030/18645, update 15030/18645)  loss 0.4950  lr 1.81e-04
    step 2625/6215 (global micro 15055/18645, update 15055/18645)  loss 0.5701  lr 1.80e-04
    step 2650/6215 (global micro 15080/18645, update 15080/18645)  loss 0.5172  lr 1.79e-04
    step 2675/6215 (global micro 15105/18645, update 15105/18645)  loss 0.4216  lr 1.78e-04
    step 2700/6215 (global micro 15130/18645, update 15130/18645)  loss 0.5957  lr 1.77e-04
    step 2725/6215 (global micro 15155/18645, update 15155/18645)  loss 0.3568  lr 1.76e-04
    step 2750/6215 (global micro 15180/18645, update 15180/18645)  loss 0.4892  lr 1.75e-04
    step 2775/6215 (global micro 15205/18645, update 15205/18645)  loss 0.5451  lr 1.73e-04
    step 2800/6215 (global micro 15230/18645, update 15230/18645)  loss 0.4720  lr 1.72e-04
    step 2825/6215 (global micro 15255/18645, update 15255/18645)  loss 0.4899  lr 1.71e-04
    step 2850/6215 (global micro 15280/18645, update 15280/18645)  loss 0.5065  lr 1.70e-04
    step 2875/6215 (global micro 15305/18645, update 15305/18645)  loss 0.6359  lr 1.69e-04
    step 2900/6215 (global micro 15330/18645, update 15330/18645)  loss 0.4076  lr 1.68e-04
    step 2925/6215 (global micro 15355/18645, update 15355/18645)  loss 0.4721  lr 1.67e-04
    step 2950/6215 (global micro 15380/18645, update 15380/18645)  loss 0.5993  lr 1.66e-04
    step 2975/6215 (global micro 15405/18645, update 15405/18645)  loss 0.5639  lr 1.65e-04
    step 3000/6215 (global micro 15430/18645, update 15430/18645)  loss 0.4848  lr 1.64e-04
    step 3025/6215 (global micro 15455/18645, update 15455/18645)  loss 0.5733  lr 1.63e-04
    step 3050/6215 (global micro 15480/18645, update 15480/18645)  loss 0.6138  lr 1.62e-04
    step 3075/6215 (global micro 15505/18645, update 15505/18645)  loss 0.4260  lr 1.62e-04
    step 3100/6215 (global micro 15530/18645, update 15530/18645)  loss 0.5441  lr 1.61e-04
    step 3125/6215 (global micro 15555/18645, update 15555/18645)  loss 0.4277  lr 1.60e-04
    step 3150/6215 (global micro 15580/18645, update 15580/18645)  loss 0.5153  lr 1.59e-04
    step 3175/6215 (global micro 15605/18645, update 15605/18645)  loss 0.6000  lr 1.58e-04
    step 3200/6215 (global micro 15630/18645, update 15630/18645)  loss 0.6879  lr 1.57e-04
    step 3225/6215 (global micro 15655/18645, update 15655/18645)  loss 0.5412  lr 1.56e-04
    step 3250/6215 (global micro 15680/18645, update 15680/18645)  loss 0.4061  lr 1.55e-04
    step 3275/6215 (global micro 15705/18645, update 15705/18645)  loss 0.7582  lr 1.54e-04
    step 3300/6215 (global micro 15730/18645, update 15730/18645)  loss 0.6546  lr 1.53e-04
    step 3325/6215 (global micro 15755/18645, update 15755/18645)  loss 0.4285  lr 1.52e-04
    step 3350/6215 (global micro 15780/18645, update 15780/18645)  loss 0.5246  lr 1.51e-04
    step 3375/6215 (global micro 15805/18645, update 15805/18645)  loss 0.4455  lr 1.51e-04
    step 3400/6215 (global micro 15830/18645, update 15830/18645)  loss 0.5101  lr 1.50e-04
    step 3425/6215 (global micro 15855/18645, update 15855/18645)  loss 0.5510  lr 1.49e-04
    step 3450/6215 (global micro 15880/18645, update 15880/18645)  loss 0.8204  lr 1.48e-04
    step 3475/6215 (global micro 15905/18645, update 15905/18645)  loss 0.3288  lr 1.47e-04
    step 3500/6215 (global micro 15930/18645, update 15930/18645)  loss 0.4046  lr 1.46e-04
    step 3525/6215 (global micro 15955/18645, update 15955/18645)  loss 0.4723  lr 1.45e-04
    step 3550/6215 (global micro 15980/18645, update 15980/18645)  loss 0.5435  lr 1.45e-04
    step 3575/6215 (global micro 16005/18645, update 16005/18645)  loss 0.4580  lr 1.44e-04
    step 3600/6215 (global micro 16030/18645, update 16030/18645)  loss 0.5284  lr 1.43e-04
    step 3625/6215 (global micro 16055/18645, update 16055/18645)  loss 0.6038  lr 1.42e-04
    step 3650/6215 (global micro 16080/18645, update 16080/18645)  loss 0.5353  lr 1.41e-04
    step 3675/6215 (global micro 16105/18645, update 16105/18645)  loss 0.5197  lr 1.41e-04
    step 3700/6215 (global micro 16130/18645, update 16130/18645)  loss 0.4599  lr 1.40e-04
    step 3725/6215 (global micro 16155/18645, update 16155/18645)  loss 0.5385  lr 1.39e-04
    step 3750/6215 (global micro 16180/18645, update 16180/18645)  loss 0.4284  lr 1.38e-04
    step 3775/6215 (global micro 16205/18645, update 16205/18645)  loss 0.4926  lr 1.37e-04
    step 3800/6215 (global micro 16230/18645, update 16230/18645)  loss 0.6659  lr 1.37e-04
    step 3825/6215 (global micro 16255/18645, update 16255/18645)  loss 0.5760  lr 1.36e-04
    step 3850/6215 (global micro 16280/18645, update 16280/18645)  loss 0.4793  lr 1.35e-04
    step 3875/6215 (global micro 16305/18645, update 16305/18645)  loss 0.6000  lr 1.35e-04
    step 3900/6215 (global micro 16330/18645, update 16330/18645)  loss 0.7852  lr 1.34e-04
    step 3925/6215 (global micro 16355/18645, update 16355/18645)  loss 0.6592  lr 1.33e-04
    step 3950/6215 (global micro 16380/18645, update 16380/18645)  loss 0.5417  lr 1.32e-04
    step 3975/6215 (global micro 16405/18645, update 16405/18645)  loss 0.6736  lr 1.32e-04
    step 4000/6215 (global micro 16430/18645, update 16430/18645)  loss 0.3790  lr 1.31e-04
    step 4025/6215 (global micro 16455/18645, update 16455/18645)  loss 0.3904  lr 1.30e-04
    step 4050/6215 (global micro 16480/18645, update 16480/18645)  loss 0.5805  lr 1.30e-04
    step 4075/6215 (global micro 16505/18645, update 16505/18645)  loss 0.5102  lr 1.29e-04
    step 4100/6215 (global micro 16530/18645, update 16530/18645)  loss 0.5771  lr 1.28e-04
    step 4125/6215 (global micro 16555/18645, update 16555/18645)  loss 0.4166  lr 1.28e-04
    step 4150/6215 (global micro 16580/18645, update 16580/18645)  loss 0.4331  lr 1.27e-04
    step 4175/6215 (global micro 16605/18645, update 16605/18645)  loss 0.5037  lr 1.26e-04
    step 4200/6215 (global micro 16630/18645, update 16630/18645)  loss 0.3163  lr 1.26e-04
    step 4225/6215 (global micro 16655/18645, update 16655/18645)  loss 0.5639  lr 1.25e-04
    step 4250/6215 (global micro 16680/18645, update 16680/18645)  loss 0.9200  lr 1.24e-04
    step 4275/6215 (global micro 16705/18645, update 16705/18645)  loss 0.7146  lr 1.24e-04
    step 4300/6215 (global micro 16730/18645, update 16730/18645)  loss 0.6129  lr 1.23e-04
    step 4325/6215 (global micro 16755/18645, update 16755/18645)  loss 0.4250  lr 1.23e-04
    step 4350/6215 (global micro 16780/18645, update 16780/18645)  loss 0.4623  lr 1.22e-04
    step 4375/6215 (global micro 16805/18645, update 16805/18645)  loss 0.3836  lr 1.21e-04
    step 4400/6215 (global micro 16830/18645, update 16830/18645)  loss 0.2822  lr 1.21e-04
    step 4425/6215 (global micro 16855/18645, update 16855/18645)  loss 0.3816  lr 1.20e-04
    step 4450/6215 (global micro 16880/18645, update 16880/18645)  loss 0.3544  lr 1.20e-04
    step 4475/6215 (global micro 16905/18645, update 16905/18645)  loss 0.4387  lr 1.19e-04
    step 4500/6215 (global micro 16930/18645, update 16930/18645)  loss 0.6013  lr 1.19e-04
    step 4525/6215 (global micro 16955/18645, update 16955/18645)  loss 0.5241  lr 1.18e-04
    step 4550/6215 (global micro 16980/18645, update 16980/18645)  loss 0.4430  lr 1.18e-04
    step 4575/6215 (global micro 17005/18645, update 17005/18645)  loss 0.5293  lr 1.17e-04
    step 4600/6215 (global micro 17030/18645, update 17030/18645)  loss 0.6854  lr 1.17e-04
    step 4625/6215 (global micro 17055/18645, update 17055/18645)  loss 0.3784  lr 1.16e-04
    step 4650/6215 (global micro 17080/18645, update 17080/18645)  loss 0.5343  lr 1.16e-04
    step 4675/6215 (global micro 17105/18645, update 17105/18645)  loss 0.3682  lr 1.15e-04
    step 4700/6215 (global micro 17130/18645, update 17130/18645)  loss 0.8564  lr 1.15e-04
    step 4725/6215 (global micro 17155/18645, update 17155/18645)  loss 0.4125  lr 1.14e-04
    step 4750/6215 (global micro 17180/18645, update 17180/18645)  loss 0.3373  lr 1.14e-04
    step 4775/6215 (global micro 17205/18645, update 17205/18645)  loss 0.4567  lr 1.13e-04
    step 4800/6215 (global micro 17230/18645, update 17230/18645)  loss 0.5456  lr 1.13e-04
    step 4825/6215 (global micro 17255/18645, update 17255/18645)  loss 0.4989  lr 1.12e-04
    step 4850/6215 (global micro 17280/18645, update 17280/18645)  loss 0.5337  lr 1.12e-04
    step 4875/6215 (global micro 17305/18645, update 17305/18645)  loss 0.5604  lr 1.11e-04
    step 4900/6215 (global micro 17330/18645, update 17330/18645)  loss 0.4338  lr 1.11e-04
    step 4925/6215 (global micro 17355/18645, update 17355/18645)  loss 0.3878  lr 1.11e-04
    step 4950/6215 (global micro 17380/18645, update 17380/18645)  loss 0.3227  lr 1.10e-04
    step 4975/6215 (global micro 17405/18645, update 17405/18645)  loss 0.4578  lr 1.10e-04
    step 5000/6215 (global micro 17430/18645, update 17430/18645)  loss 0.4908  lr 1.09e-04
    step 5025/6215 (global micro 17455/18645, update 17455/18645)  loss 0.4580  lr 1.09e-04
    step 5050/6215 (global micro 17480/18645, update 17480/18645)  loss 0.4601  lr 1.09e-04
    step 5075/6215 (global micro 17505/18645, update 17505/18645)  loss 0.7495  lr 1.08e-04
    step 5100/6215 (global micro 17530/18645, update 17530/18645)  loss 0.4595  lr 1.08e-04
    step 5125/6215 (global micro 17555/18645, update 17555/18645)  loss 0.4953  lr 1.08e-04
    step 5150/6215 (global micro 17580/18645, update 17580/18645)  loss 0.4458  lr 1.07e-04
    step 5175/6215 (global micro 17605/18645, update 17605/18645)  loss 0.5474  lr 1.07e-04
    step 5200/6215 (global micro 17630/18645, update 17630/18645)  loss 0.5257  lr 1.07e-04
    step 5225/6215 (global micro 17655/18645, update 17655/18645)  loss 0.5363  lr 1.06e-04
    step 5250/6215 (global micro 17680/18645, update 17680/18645)  loss 0.3916  lr 1.06e-04
    step 5275/6215 (global micro 17705/18645, update 17705/18645)  loss 0.5614  lr 1.06e-04
    step 5300/6215 (global micro 17730/18645, update 17730/18645)  loss 0.6040  lr 1.05e-04
    step 5325/6215 (global micro 17755/18645, update 17755/18645)  loss 0.5833  lr 1.05e-04
    step 5350/6215 (global micro 17780/18645, update 17780/18645)  loss 0.4691  lr 1.05e-04
    step 5375/6215 (global micro 17805/18645, update 17805/18645)  loss 0.6661  lr 1.04e-04
    step 5400/6215 (global micro 17830/18645, update 17830/18645)  loss 0.6221  lr 1.04e-04
    step 5425/6215 (global micro 17855/18645, update 17855/18645)  loss 0.4824  lr 1.04e-04
    step 5450/6215 (global micro 17880/18645, update 17880/18645)  loss 0.4193  lr 1.04e-04
    step 5475/6215 (global micro 17905/18645, update 17905/18645)  loss 0.4709  lr 1.03e-04
    step 5500/6215 (global micro 17930/18645, update 17930/18645)  loss 0.6311  lr 1.03e-04
    step 5525/6215 (global micro 17955/18645, update 17955/18645)  loss 0.3460  lr 1.03e-04
    step 5550/6215 (global micro 17980/18645, update 17980/18645)  loss 0.5973  lr 1.03e-04
    step 5575/6215 (global micro 18005/18645, update 18005/18645)  loss 0.6907  lr 1.03e-04
    step 5600/6215 (global micro 18030/18645, update 18030/18645)  loss 0.5299  lr 1.02e-04
    step 5625/6215 (global micro 18055/18645, update 18055/18645)  loss 0.6386  lr 1.02e-04
    step 5650/6215 (global micro 18080/18645, update 18080/18645)  loss 0.6046  lr 1.02e-04
    step 5675/6215 (global micro 18105/18645, update 18105/18645)  loss 0.4155  lr 1.02e-04
    step 5700/6215 (global micro 18130/18645, update 18130/18645)  loss 0.6230  lr 1.02e-04
    step 5725/6215 (global micro 18155/18645, update 18155/18645)  loss 0.4622  lr 1.02e-04
    step 5750/6215 (global micro 18180/18645, update 18180/18645)  loss 0.3975  lr 1.01e-04
    step 5775/6215 (global micro 18205/18645, update 18205/18645)  loss 0.5764  lr 1.01e-04
    step 5800/6215 (global micro 18230/18645, update 18230/18645)  loss 0.3647  lr 1.01e-04
    step 5825/6215 (global micro 18255/18645, update 18255/18645)  loss 0.6340  lr 1.01e-04
    step 5850/6215 (global micro 18280/18645, update 18280/18645)  loss 0.4397  lr 1.01e-04
    step 5875/6215 (global micro 18305/18645, update 18305/18645)  loss 0.5214  lr 1.01e-04
    step 5900/6215 (global micro 18330/18645, update 18330/18645)  loss 0.5817  lr 1.01e-04
    step 5925/6215 (global micro 18355/18645, update 18355/18645)  loss 0.4319  lr 1.01e-04
    step 5950/6215 (global micro 18380/18645, update 18380/18645)  loss 0.4848  lr 1.00e-04
    step 5975/6215 (global micro 18405/18645, update 18405/18645)  loss 0.4176  lr 1.00e-04
    step 6000/6215 (global micro 18430/18645, update 18430/18645)  loss 0.4727  lr 1.00e-04
    step 6025/6215 (global micro 18455/18645, update 18455/18645)  loss 0.5705  lr 1.00e-04
    step 6050/6215 (global micro 18480/18645, update 18480/18645)  loss 0.5134  lr 1.00e-04
    step 6075/6215 (global micro 18505/18645, update 18505/18645)  loss 0.4774  lr 1.00e-04
    step 6100/6215 (global micro 18530/18645, update 18530/18645)  loss 0.3842  lr 1.00e-04
    step 6125/6215 (global micro 18555/18645, update 18555/18645)  loss 0.4353  lr 1.00e-04
    step 6150/6215 (global micro 18580/18645, update 18580/18645)  loss 0.5452  lr 1.00e-04
    step 6175/6215 (global micro 18605/18645, update 18605/18645)  loss 0.4030  lr 1.00e-04
    step 6200/6215 (global micro 18630/18645, update 18630/18645)  loss 0.5695  lr 1.00e-04
    step 6215/6215 (global micro 18645/18645, update 18645/18645)  loss 0.7021  lr 1.00e-04
  epoch   3/3  loss 0.5248  lr 1.00e-04  (1099.4s)
  Epoch checkpoint: /home/aomukai/Ninereeds/core/c13_Phase_E_bridged_retry3_e3.pt

  Best loss: 0.5248
  Checkpoint saved: /home/aomukai/Ninereeds/core/c13_Phase_E_bridged_retry3.pt

