  Training audit: PASSED
  Python: /home/aomukai/.unsloth/studio/unsloth_studio/bin/python
  Device: cuda
  Phase: 0
  Seed: 1337
  Data order: seeded-shuffle
  Resume checkpoint: /home/aomukai/Ninereeds/core/c13_Phase_D_bridge_pre_retry4_e1.pt

============================================================
  BDH Phase 0 Training
============================================================
  Data files: ['/home/aomukai/Ninereeds/training/corpus/campaign_13_phase_D.txt']
  Total bytes: 3,617,436
  Pre-loading corpus tensor...
  Corpus tensor: 3,617,436 tokens
  Model: small-25m (25.3M params)
  Resuming from: /home/aomukai/Ninereeds/core/c13_Phase_D_bridge_pre_retry4_e1.pt
  Seed: 1337  |  Deterministic: enabled  |  Data order: seeded-shuffle
  Epochs: 3  |  Windows/epoch: 14130  |  Micro-steps/epoch: 3533  |  Optimizer updates/epoch: 3533  |  Total optimizer updates: 10599  |  LR: 0.001
  Block size: 256  |  Batch size: 4
  Grad accumulation: 1
  AMP bf16: enabled
  Data mode: phase_text
  VRAM logging: disabled
  Log interval: every 25 step(s)
  Output: /home/aomukai/Ninereeds/core/c13_Phase_D_bridged_retry4.pt

    step    1/3533 (global micro     1/10599, update     1/10599)  loss 1.1494  lr 1.00e-03
    step   25/3533 (global micro    25/10599, update    25/10599)  loss 0.7690  lr 1.00e-03
    step   50/3533 (global micro    50/10599, update    50/10599)  loss 0.7726  lr 1.00e-03
    step   75/3533 (global micro    75/10599, update    75/10599)  loss 0.7783  lr 1.00e-03
    step  100/3533 (global micro   100/10599, update   100/10599)  loss 0.7010  lr 1.00e-03
    step  125/3533 (global micro   125/10599, update   125/10599)  loss 0.6703  lr 1.00e-03
    step  150/3533 (global micro   150/10599, update   150/10599)  loss 0.8113  lr 1.00e-03
    step  175/3533 (global micro   175/10599, update   175/10599)  loss 0.8136  lr 9.99e-04
    step  200/3533 (global micro   200/10599, update   200/10599)  loss 0.8106  lr 9.99e-04
    step  225/3533 (global micro   225/10599, update   225/10599)  loss 0.7285  lr 9.99e-04
    step  250/3533 (global micro   250/10599, update   250/10599)  loss 0.7989  lr 9.99e-04
    step  275/3533 (global micro   275/10599, update   275/10599)  loss 0.8061  lr 9.99e-04
    step  300/3533 (global micro   300/10599, update   300/10599)  loss 0.7930  lr 9.98e-04
    step  325/3533 (global micro   325/10599, update   325/10599)  loss 0.9816  lr 9.98e-04
    step  350/3533 (global micro   350/10599, update   350/10599)  loss 0.9064  lr 9.98e-04
    step  375/3533 (global micro   375/10599, update   375/10599)  loss 0.8408  lr 9.97e-04
    step  400/3533 (global micro   400/10599, update   400/10599)  loss 0.7571  lr 9.97e-04
    step  425/3533 (global micro   425/10599, update   425/10599)  loss 0.6239  lr 9.96e-04
    step  450/3533 (global micro   450/10599, update   450/10599)  loss 0.6851  lr 9.96e-04
    step  475/3533 (global micro   475/10599, update   475/10599)  loss 0.8365  lr 9.96e-04
    step  500/3533 (global micro   500/10599, update   500/10599)  loss 0.7231  lr 9.95e-04
    step  525/3533 (global micro   525/10599, update   525/10599)  loss 0.8629  lr 9.95e-04
    step  550/3533 (global micro   550/10599, update   550/10599)  loss 0.8899  lr 9.94e-04
    step  575/3533 (global micro   575/10599, update   575/10599)  loss 0.4343  lr 9.93e-04
    step  600/3533 (global micro   600/10599, update   600/10599)  loss 0.7403  lr 9.93e-04
    step  625/3533 (global micro   625/10599, update   625/10599)  loss 0.9068  lr 9.92e-04
    step  650/3533 (global micro   650/10599, update   650/10599)  loss 0.7455  lr 9.92e-04
    step  675/3533 (global micro   675/10599, update   675/10599)  loss 0.6559  lr 9.91e-04
    step  700/3533 (global micro   700/10599, update   700/10599)  loss 0.7368  lr 9.90e-04
    step  725/3533 (global micro   725/10599, update   725/10599)  loss 0.7264  lr 9.90e-04
    step  750/3533 (global micro   750/10599, update   750/10599)  loss 0.8292  lr 9.89e-04
    step  775/3533 (global micro   775/10599, update   775/10599)  loss 0.7818  lr 9.88e-04
    step  800/3533 (global micro   800/10599, update   800/10599)  loss 0.7146  lr 9.87e-04
    step  825/3533 (global micro   825/10599, update   825/10599)  loss 0.6192  lr 9.87e-04
    step  850/3533 (global micro   850/10599, update   850/10599)  loss 0.6550  lr 9.86e-04
    step  875/3533 (global micro   875/10599, update   875/10599)  loss 0.9096  lr 9.85e-04
    step  900/3533 (global micro   900/10599, update   900/10599)  loss 1.0171  lr 9.84e-04
    step  925/3533 (global micro   925/10599, update   925/10599)  loss 0.8093  lr 9.83e-04
    step  950/3533 (global micro   950/10599, update   950/10599)  loss 0.7199  lr 9.82e-04
    step  975/3533 (global micro   975/10599, update   975/10599)  loss 0.9726  lr 9.81e-04
    step 1000/3533 (global micro  1000/10599, update  1000/10599)  loss 0.6365  lr 9.80e-04
    step 1025/3533 (global micro  1025/10599, update  1025/10599)  loss 0.8031  lr 9.79e-04
    step 1050/3533 (global micro  1050/10599, update  1050/10599)  loss 0.6468  lr 9.78e-04
    step 1075/3533 (global micro  1075/10599, update  1075/10599)  loss 0.7135  lr 9.77e-04
    step 1100/3533 (global micro  1100/10599, update  1100/10599)  loss 0.7772  lr 9.76e-04
    step 1125/3533 (global micro  1125/10599, update  1125/10599)  loss 0.8181  lr 9.75e-04
    step 1150/3533 (global micro  1150/10599, update  1150/10599)  loss 0.6892  lr 9.74e-04
    step 1175/3533 (global micro  1175/10599, update  1175/10599)  loss 0.7077  lr 9.73e-04
    step 1200/3533 (global micro  1200/10599, update  1200/10599)  loss 0.6918  lr 9.72e-04
    step 1225/3533 (global micro  1225/10599, update  1225/10599)  loss 0.6013  lr 9.71e-04
    step 1250/3533 (global micro  1250/10599, update  1250/10599)  loss 0.5662  lr 9.69e-04
    step 1275/3533 (global micro  1275/10599, update  1275/10599)  loss 0.6450  lr 9.68e-04
    step 1300/3533 (global micro  1300/10599, update  1300/10599)  loss 0.7423  lr 9.67e-04
    step 1325/3533 (global micro  1325/10599, update  1325/10599)  loss 0.7573  lr 9.66e-04
    step 1350/3533 (global micro  1350/10599, update  1350/10599)  loss 0.6181  lr 9.64e-04
    step 1375/3533 (global micro  1375/10599, update  1375/10599)  loss 0.7803  lr 9.63e-04
    step 1400/3533 (global micro  1400/10599, update  1400/10599)  loss 0.6430  lr 9.62e-04
    step 1425/3533 (global micro  1425/10599, update  1425/10599)  loss 0.6990  lr 9.60e-04
    step 1450/3533 (global micro  1450/10599, update  1450/10599)  loss 0.6613  lr 9.59e-04
    step 1475/3533 (global micro  1475/10599, update  1475/10599)  loss 0.8271  lr 9.58e-04
    step 1500/3533 (global micro  1500/10599, update  1500/10599)  loss 0.7924  lr 9.56e-04
    step 1525/3533 (global micro  1525/10599, update  1525/10599)  loss 0.6566  lr 9.55e-04
    step 1550/3533 (global micro  1550/10599, update  1550/10599)  loss 0.8379  lr 9.53e-04
    step 1575/3533 (global micro  1575/10599, update  1575/10599)  loss 0.6497  lr 9.52e-04
    step 1600/3533 (global micro  1600/10599, update  1600/10599)  loss 0.7228  lr 9.50e-04
    step 1625/3533 (global micro  1625/10599, update  1625/10599)  loss 0.5960  lr 9.49e-04
    step 1650/3533 (global micro  1650/10599, update  1650/10599)  loss 0.8467  lr 9.47e-04
    step 1675/3533 (global micro  1675/10599, update  1675/10599)  loss 0.8327  lr 9.46e-04
    step 1700/3533 (global micro  1700/10599, update  1700/10599)  loss 0.8596  lr 9.44e-04
    step 1725/3533 (global micro  1725/10599, update  1725/10599)  loss 0.5719  lr 9.42e-04
    step 1750/3533 (global micro  1750/10599, update  1750/10599)  loss 0.5917  lr 9.41e-04
    step 1775/3533 (global micro  1775/10599, update  1775/10599)  loss 0.6668  lr 9.39e-04
    step 1800/3533 (global micro  1800/10599, update  1800/10599)  loss 0.8038  lr 9.37e-04
    step 1825/3533 (global micro  1825/10599, update  1825/10599)  loss 0.7632  lr 9.36e-04
    step 1850/3533 (global micro  1850/10599, update  1850/10599)  loss 0.7644  lr 9.34e-04
    step 1875/3533 (global micro  1875/10599, update  1875/10599)  loss 0.7245  lr 9.32e-04
    step 1900/3533 (global micro  1900/10599, update  1900/10599)  loss 0.8336  lr 9.31e-04
    step 1925/3533 (global micro  1925/10599, update  1925/10599)  loss 0.7582  lr 9.29e-04
    step 1950/3533 (global micro  1950/10599, update  1950/10599)  loss 0.7077  lr 9.27e-04
    step 1975/3533 (global micro  1975/10599, update  1975/10599)  loss 0.7462  lr 9.25e-04
    step 2000/3533 (global micro  2000/10599, update  2000/10599)  loss 0.5645  lr 9.23e-04
    step 2025/3533 (global micro  2025/10599, update  2025/10599)  loss 0.5621  lr 9.21e-04
    step 2050/3533 (global micro  2050/10599, update  2050/10599)  loss 0.8249  lr 9.19e-04
    step 2075/3533 (global micro  2075/10599, update  2075/10599)  loss 0.7559  lr 9.18e-04
    step 2100/3533 (global micro  2100/10599, update  2100/10599)  loss 0.6266  lr 9.16e-04
    step 2125/3533 (global micro  2125/10599, update  2125/10599)  loss 0.8765  lr 9.14e-04
    step 2150/3533 (global micro  2150/10599, update  2150/10599)  loss 0.5195  lr 9.12e-04
    step 2175/3533 (global micro  2175/10599, update  2175/10599)  loss 0.7851  lr 9.10e-04
    step 2200/3533 (global micro  2200/10599, update  2200/10599)  loss 0.6384  lr 9.08e-04
    step 2225/3533 (global micro  2225/10599, update  2225/10599)  loss 0.5620  lr 9.06e-04
    step 2250/3533 (global micro  2250/10599, update  2250/10599)  loss 0.7726  lr 9.04e-04
    step 2275/3533 (global micro  2275/10599, update  2275/10599)  loss 0.6922  lr 9.02e-04
    step 2300/3533 (global micro  2300/10599, update  2300/10599)  loss 0.5785  lr 8.99e-04
    step 2325/3533 (global micro  2325/10599, update  2325/10599)  loss 0.7456  lr 8.97e-04
    step 2350/3533 (global micro  2350/10599, update  2350/10599)  loss 0.8458  lr 8.95e-04
    step 2375/3533 (global micro  2375/10599, update  2375/10599)  loss 0.6628  lr 8.93e-04
    step 2400/3533 (global micro  2400/10599, update  2400/10599)  loss 0.8494  lr 8.91e-04
    step 2425/3533 (global micro  2425/10599, update  2425/10599)  loss 0.5917  lr 8.89e-04
    step 2450/3533 (global micro  2450/10599, update  2450/10599)  loss 0.7138  lr 8.86e-04
    step 2475/3533 (global micro  2475/10599, update  2475/10599)  loss 0.5768  lr 8.84e-04
    step 2500/3533 (global micro  2500/10599, update  2500/10599)  loss 0.9391  lr 8.82e-04
    step 2525/3533 (global micro  2525/10599, update  2525/10599)  loss 0.5677  lr 8.80e-04
    step 2550/3533 (global micro  2550/10599, update  2550/10599)  loss 0.6910  lr 8.77e-04
    step 2575/3533 (global micro  2575/10599, update  2575/10599)  loss 0.5492  lr 8.75e-04
    step 2600/3533 (global micro  2600/10599, update  2600/10599)  loss 0.7207  lr 8.73e-04
    step 2625/3533 (global micro  2625/10599, update  2625/10599)  loss 0.6332  lr 8.71e-04
    step 2650/3533 (global micro  2650/10599, update  2650/10599)  loss 0.6040  lr 8.68e-04
    step 2675/3533 (global micro  2675/10599, update  2675/10599)  loss 0.7250  lr 8.66e-04
    step 2700/3533 (global micro  2700/10599, update  2700/10599)  loss 0.5879  lr 8.63e-04
    step 2725/3533 (global micro  2725/10599, update  2725/10599)  loss 0.6628  lr 8.61e-04
    step 2750/3533 (global micro  2750/10599, update  2750/10599)  loss 0.7746  lr 8.59e-04
    step 2775/3533 (global micro  2775/10599, update  2775/10599)  loss 0.8202  lr 8.56e-04
    step 2800/3533 (global micro  2800/10599, update  2800/10599)  loss 0.6174  lr 8.54e-04
    step 2825/3533 (global micro  2825/10599, update  2825/10599)  loss 0.6128  lr 8.51e-04
    step 2850/3533 (global micro  2850/10599, update  2850/10599)  loss 0.6309  lr 8.49e-04
    step 2875/3533 (global micro  2875/10599, update  2875/10599)  loss 0.7069  lr 8.46e-04
    step 2900/3533 (global micro  2900/10599, update  2900/10599)  loss 0.9734  lr 8.44e-04
    step 2925/3533 (global micro  2925/10599, update  2925/10599)  loss 0.5882  lr 8.41e-04
    step 2950/3533 (global micro  2950/10599, update  2950/10599)  loss 0.8397  lr 8.39e-04
    step 2975/3533 (global micro  2975/10599, update  2975/10599)  loss 0.5388  lr 8.36e-04
    step 3000/3533 (global micro  3000/10599, update  3000/10599)  loss 0.5882  lr 8.34e-04
    step 3025/3533 (global micro  3025/10599, update  3025/10599)  loss 0.6492  lr 8.31e-04
    step 3050/3533 (global micro  3050/10599, update  3050/10599)  loss 0.6005  lr 8.28e-04
    step 3075/3533 (global micro  3075/10599, update  3075/10599)  loss 0.5194  lr 8.26e-04
    step 3100/3533 (global micro  3100/10599, update  3100/10599)  loss 0.5447  lr 8.23e-04
    step 3125/3533 (global micro  3125/10599, update  3125/10599)  loss 0.6590  lr 8.20e-04
    step 3150/3533 (global micro  3150/10599, update  3150/10599)  loss 0.5155  lr 8.18e-04
    step 3175/3533 (global micro  3175/10599, update  3175/10599)  loss 0.7711  lr 8.15e-04
    step 3200/3533 (global micro  3200/10599, update  3200/10599)  loss 0.6684  lr 8.12e-04
    step 3225/3533 (global micro  3225/10599, update  3225/10599)  loss 0.6905  lr 8.10e-04
    step 3250/3533 (global micro  3250/10599, update  3250/10599)  loss 0.9364  lr 8.07e-04
    step 3275/3533 (global micro  3275/10599, update  3275/10599)  loss 0.5742  lr 8.04e-04
    step 3300/3533 (global micro  3300/10599, update  3300/10599)  loss 0.7301  lr 8.01e-04
    step 3325/3533 (global micro  3325/10599, update  3325/10599)  loss 0.6987  lr 7.99e-04
    step 3350/3533 (global micro  3350/10599, update  3350/10599)  loss 0.6905  lr 7.96e-04
    step 3375/3533 (global micro  3375/10599, update  3375/10599)  loss 0.5874  lr 7.93e-04
    step 3400/3533 (global micro  3400/10599, update  3400/10599)  loss 0.6321  lr 7.90e-04
    step 3425/3533 (global micro  3425/10599, update  3425/10599)  loss 0.7463  lr 7.87e-04
    step 3450/3533 (global micro  3450/10599, update  3450/10599)  loss 0.7279  lr 7.85e-04
    step 3475/3533 (global micro  3475/10599, update  3475/10599)  loss 0.6352  lr 7.82e-04
    step 3500/3533 (global micro  3500/10599, update  3500/10599)  loss 0.5840  lr 7.79e-04
    step 3525/3533 (global micro  3525/10599, update  3525/10599)  loss 0.8357  lr 7.76e-04
    step 3533/3533 (global micro  3533/10599, update  3533/10599)  loss 0.7274  lr 7.75e-04
  epoch   1/3  loss 0.7061  lr 7.75e-04  (692.8s)
  Epoch checkpoint: /home/aomukai/Ninereeds/core/c13_Phase_D_bridged_retry4_e1.pt
    step    1/3533 (global micro  3534/10599, update  3534/10599)  loss 0.6617  lr 7.75e-04
    step   25/3533 (global micro  3558/10599, update  3558/10599)  loss 0.6017  lr 7.72e-04
    step   50/3533 (global micro  3583/10599, update  3583/10599)  loss 0.7789  lr 7.69e-04
    step   75/3533 (global micro  3608/10599, update  3608/10599)  loss 0.4808  lr 7.66e-04
    step  100/3533 (global micro  3633/10599, update  3633/10599)  loss 0.7071  lr 7.63e-04
    step  125/3533 (global micro  3658/10599, update  3658/10599)  loss 0.5149  lr 7.60e-04
    step  150/3533 (global micro  3683/10599, update  3683/10599)  loss 0.7309  lr 7.57e-04
    step  175/3533 (global micro  3708/10599, update  3708/10599)  loss 0.7973  lr 7.54e-04
    step  200/3533 (global micro  3733/10599, update  3733/10599)  loss 0.5897  lr 7.52e-04
    step  225/3533 (global micro  3758/10599, update  3758/10599)  loss 0.6839  lr 7.49e-04
    step  250/3533 (global micro  3783/10599, update  3783/10599)  loss 0.5417  lr 7.46e-04
    step  275/3533 (global micro  3808/10599, update  3808/10599)  loss 0.7161  lr 7.43e-04
    step  300/3533 (global micro  3833/10599, update  3833/10599)  loss 0.6262  lr 7.40e-04
    step  325/3533 (global micro  3858/10599, update  3858/10599)  loss 0.6086  lr 7.36e-04
    step  350/3533 (global micro  3883/10599, update  3883/10599)  loss 0.7229  lr 7.33e-04
    step  375/3533 (global micro  3908/10599, update  3908/10599)  loss 0.6015  lr 7.30e-04
    step  400/3533 (global micro  3933/10599, update  3933/10599)  loss 0.6805  lr 7.27e-04
    step  425/3533 (global micro  3958/10599, update  3958/10599)  loss 0.5833  lr 7.24e-04
    step  450/3533 (global micro  3983/10599, update  3983/10599)  loss 0.6565  lr 7.21e-04
    step  475/3533 (global micro  4008/10599, update  4008/10599)  loss 0.5314  lr 7.18e-04
    step  500/3533 (global micro  4033/10599, update  4033/10599)  loss 0.5520  lr 7.15e-04
    step  525/3533 (global micro  4058/10599, update  4058/10599)  loss 0.5316  lr 7.12e-04
    step  550/3533 (global micro  4083/10599, update  4083/10599)  loss 0.6419  lr 7.09e-04
    step  575/3533 (global micro  4108/10599, update  4108/10599)  loss 0.5986  lr 7.06e-04
    step  600/3533 (global micro  4133/10599, update  4133/10599)  loss 0.5905  lr 7.03e-04
    step  625/3533 (global micro  4158/10599, update  4158/10599)  loss 0.5901  lr 6.99e-04
    step  650/3533 (global micro  4183/10599, update  4183/10599)  loss 0.6686  lr 6.96e-04
    step  675/3533 (global micro  4208/10599, update  4208/10599)  loss 0.5052  lr 6.93e-04
    step  700/3533 (global micro  4233/10599, update  4233/10599)  loss 0.5064  lr 6.90e-04
    step  725/3533 (global micro  4258/10599, update  4258/10599)  loss 0.6333  lr 6.87e-04
    step  750/3533 (global micro  4283/10599, update  4283/10599)  loss 0.6851  lr 6.84e-04
    step  775/3533 (global micro  4308/10599, update  4308/10599)  loss 0.5955  lr 6.80e-04
    step  800/3533 (global micro  4333/10599, update  4333/10599)  loss 0.7429  lr 6.77e-04
    step  825/3533 (global micro  4358/10599, update  4358/10599)  loss 0.7635  lr 6.74e-04
    step  850/3533 (global micro  4383/10599, update  4383/10599)  loss 0.7436  lr 6.71e-04
    step  875/3533 (global micro  4408/10599, update  4408/10599)  loss 0.6749  lr 6.68e-04
    step  900/3533 (global micro  4433/10599, update  4433/10599)  loss 0.5003  lr 6.64e-04
    step  925/3533 (global micro  4458/10599, update  4458/10599)  loss 0.5882  lr 6.61e-04
    step  950/3533 (global micro  4483/10599, update  4483/10599)  loss 0.6944  lr 6.58e-04
    step  975/3533 (global micro  4508/10599, update  4508/10599)  loss 0.8371  lr 6.55e-04
    step 1000/3533 (global micro  4533/10599, update  4533/10599)  loss 0.6213  lr 6.51e-04
    step 1025/3533 (global micro  4558/10599, update  4558/10599)  loss 0.8380  lr 6.48e-04
    step 1050/3533 (global micro  4583/10599, update  4583/10599)  loss 0.6589  lr 6.45e-04
    step 1075/3533 (global micro  4608/10599, update  4608/10599)  loss 0.6019  lr 6.42e-04
    step 1100/3533 (global micro  4633/10599, update  4633/10599)  loss 0.5296  lr 6.38e-04
    step 1125/3533 (global micro  4658/10599, update  4658/10599)  loss 0.6458  lr 6.35e-04
    step 1150/3533 (global micro  4683/10599, update  4683/10599)  loss 0.6480  lr 6.32e-04
    step 1175/3533 (global micro  4708/10599, update  4708/10599)  loss 0.5791  lr 6.28e-04
    step 1200/3533 (global micro  4733/10599, update  4733/10599)  loss 0.5310  lr 6.25e-04
    step 1225/3533 (global micro  4758/10599, update  4758/10599)  loss 0.7188  lr 6.22e-04
    step 1250/3533 (global micro  4783/10599, update  4783/10599)  loss 0.5544  lr 6.19e-04
    step 1275/3533 (global micro  4808/10599, update  4808/10599)  loss 0.4328  lr 6.15e-04
    step 1300/3533 (global micro  4833/10599, update  4833/10599)  loss 0.4496  lr 6.12e-04
    step 1325/3533 (global micro  4858/10599, update  4858/10599)  loss 0.6442  lr 6.09e-04
    step 1350/3533 (global micro  4883/10599, update  4883/10599)  loss 0.6794  lr 6.05e-04
    step 1375/3533 (global micro  4908/10599, update  4908/10599)  loss 0.5115  lr 6.02e-04
    step 1400/3533 (global micro  4933/10599, update  4933/10599)  loss 0.6468  lr 5.99e-04
    step 1425/3533 (global micro  4958/10599, update  4958/10599)  loss 0.5911  lr 5.95e-04
    step 1450/3533 (global micro  4983/10599, update  4983/10599)  loss 0.5887  lr 5.92e-04
    step 1475/3533 (global micro  5008/10599, update  5008/10599)  loss 0.5147  lr 5.89e-04
    step 1500/3533 (global micro  5033/10599, update  5033/10599)  loss 0.6744  lr 5.86e-04
    step 1525/3533 (global micro  5058/10599, update  5058/10599)  loss 0.5701  lr 5.82e-04
    step 1550/3533 (global micro  5083/10599, update  5083/10599)  loss 0.5482  lr 5.79e-04
    step 1575/3533 (global micro  5108/10599, update  5108/10599)  loss 0.6161  lr 5.76e-04
    step 1600/3533 (global micro  5133/10599, update  5133/10599)  loss 0.6520  lr 5.72e-04
    step 1625/3533 (global micro  5158/10599, update  5158/10599)  loss 0.6555  lr 5.69e-04
    step 1650/3533 (global micro  5183/10599, update  5183/10599)  loss 0.5544  lr 5.66e-04
    step 1675/3533 (global micro  5208/10599, update  5208/10599)  loss 0.6412  lr 5.62e-04
    step 1700/3533 (global micro  5233/10599, update  5233/10599)  loss 0.5735  lr 5.59e-04
    step 1725/3533 (global micro  5258/10599, update  5258/10599)  loss 0.6379  lr 5.56e-04
    step 1750/3533 (global micro  5283/10599, update  5283/10599)  loss 0.7113  lr 5.52e-04
    step 1775/3533 (global micro  5308/10599, update  5308/10599)  loss 0.5723  lr 5.49e-04
    step 1800/3533 (global micro  5333/10599, update  5333/10599)  loss 0.6308  lr 5.46e-04
    step 1825/3533 (global micro  5358/10599, update  5358/10599)  loss 0.7293  lr 5.42e-04
    step 1850/3533 (global micro  5383/10599, update  5383/10599)  loss 0.4625  lr 5.39e-04
    step 1875/3533 (global micro  5408/10599, update  5408/10599)  loss 0.6476  lr 5.36e-04
    step 1900/3533 (global micro  5433/10599, update  5433/10599)  loss 0.5987  lr 5.32e-04
    step 1925/3533 (global micro  5458/10599, update  5458/10599)  loss 0.5153  lr 5.29e-04
    step 1950/3533 (global micro  5483/10599, update  5483/10599)  loss 0.5227  lr 5.26e-04
    step 1975/3533 (global micro  5508/10599, update  5508/10599)  loss 0.5574  lr 5.22e-04
    step 2000/3533 (global micro  5533/10599, update  5533/10599)  loss 0.6287  lr 5.19e-04
    step 2025/3533 (global micro  5558/10599, update  5558/10599)  loss 0.4804  lr 5.16e-04
    step 2050/3533 (global micro  5583/10599, update  5583/10599)  loss 0.4515  lr 5.12e-04
    step 2075/3533 (global micro  5608/10599, update  5608/10599)  loss 0.4205  lr 5.09e-04
    step 2100/3533 (global micro  5633/10599, update  5633/10599)  loss 0.4641  lr 5.06e-04
    step 2125/3533 (global micro  5658/10599, update  5658/10599)  loss 0.6135  lr 5.02e-04
    step 2150/3533 (global micro  5683/10599, update  5683/10599)  loss 0.4686  lr 4.99e-04
    step 2175/3533 (global micro  5708/10599, update  5708/10599)  loss 0.6890  lr 4.96e-04
    step 2200/3533 (global micro  5733/10599, update  5733/10599)  loss 0.6182  lr 4.92e-04
    step 2225/3533 (global micro  5758/10599, update  5758/10599)  loss 0.6904  lr 4.89e-04
    step 2250/3533 (global micro  5783/10599, update  5783/10599)  loss 0.5650  lr 4.86e-04
    step 2275/3533 (global micro  5808/10599, update  5808/10599)  loss 0.5192  lr 4.82e-04
    step 2300/3533 (global micro  5833/10599, update  5833/10599)  loss 0.5555  lr 4.79e-04
    step 2325/3533 (global micro  5858/10599, update  5858/10599)  loss 0.6878  lr 4.76e-04
    step 2350/3533 (global micro  5883/10599, update  5883/10599)  loss 0.5432  lr 4.73e-04
    step 2375/3533 (global micro  5908/10599, update  5908/10599)  loss 0.7335  lr 4.69e-04
    step 2400/3533 (global micro  5933/10599, update  5933/10599)  loss 0.5756  lr 4.66e-04
    step 2425/3533 (global micro  5958/10599, update  5958/10599)  loss 0.6024  lr 4.63e-04
    step 2450/3533 (global micro  5983/10599, update  5983/10599)  loss 0.5695  lr 4.59e-04
    step 2475/3533 (global micro  6008/10599, update  6008/10599)  loss 0.6273  lr 4.56e-04
    step 2500/3533 (global micro  6033/10599, update  6033/10599)  loss 0.7393  lr 4.53e-04
    step 2525/3533 (global micro  6058/10599, update  6058/10599)  loss 0.5613  lr 4.50e-04
    step 2550/3533 (global micro  6083/10599, update  6083/10599)  loss 0.4742  lr 4.46e-04
    step 2575/3533 (global micro  6108/10599, update  6108/10599)  loss 0.6296  lr 4.43e-04
    step 2600/3533 (global micro  6133/10599, update  6133/10599)  loss 0.5247  lr 4.40e-04
    step 2625/3533 (global micro  6158/10599, update  6158/10599)  loss 0.5887  lr 4.37e-04
    step 2650/3533 (global micro  6183/10599, update  6183/10599)  loss 0.5592  lr 4.33e-04
    step 2675/3533 (global micro  6208/10599, update  6208/10599)  loss 0.4177  lr 4.30e-04
    step 2700/3533 (global micro  6233/10599, update  6233/10599)  loss 0.5953  lr 4.27e-04
    step 2725/3533 (global micro  6258/10599, update  6258/10599)  loss 0.4657  lr 4.24e-04
    step 2750/3533 (global micro  6283/10599, update  6283/10599)  loss 0.4991  lr 4.21e-04
    step 2775/3533 (global micro  6308/10599, update  6308/10599)  loss 0.6072  lr 4.17e-04
    step 2800/3533 (global micro  6333/10599, update  6333/10599)  loss 0.6790  lr 4.14e-04
    step 2825/3533 (global micro  6358/10599, update  6358/10599)  loss 0.4529  lr 4.11e-04
    step 2850/3533 (global micro  6383/10599, update  6383/10599)  loss 0.5666  lr 4.08e-04
    step 2875/3533 (global micro  6408/10599, update  6408/10599)  loss 0.5880  lr 4.05e-04
    step 2900/3533 (global micro  6433/10599, update  6433/10599)  loss 0.5996  lr 4.02e-04
    step 2925/3533 (global micro  6458/10599, update  6458/10599)  loss 0.6632  lr 3.98e-04
    step 2950/3533 (global micro  6483/10599, update  6483/10599)  loss 0.3708  lr 3.95e-04
    step 2975/3533 (global micro  6508/10599, update  6508/10599)  loss 0.4852  lr 3.92e-04
    step 3000/3533 (global micro  6533/10599, update  6533/10599)  loss 0.4238  lr 3.89e-04
    step 3025/3533 (global micro  6558/10599, update  6558/10599)  loss 0.6018  lr 3.86e-04
    step 3050/3533 (global micro  6583/10599, update  6583/10599)  loss 0.5670  lr 3.83e-04
    step 3075/3533 (global micro  6608/10599, update  6608/10599)  loss 0.6258  lr 3.80e-04
    step 3100/3533 (global micro  6633/10599, update  6633/10599)  loss 0.5299  lr 3.77e-04
    step 3125/3533 (global micro  6658/10599, update  6658/10599)  loss 0.5435  lr 3.74e-04
    step 3150/3533 (global micro  6683/10599, update  6683/10599)  loss 0.6371  lr 3.71e-04
    step 3175/3533 (global micro  6708/10599, update  6708/10599)  loss 0.7394  lr 3.68e-04
    step 3200/3533 (global micro  6733/10599, update  6733/10599)  loss 0.4651  lr 3.64e-04
    step 3225/3533 (global micro  6758/10599, update  6758/10599)  loss 0.6027  lr 3.61e-04
    step 3250/3533 (global micro  6783/10599, update  6783/10599)  loss 0.7696  lr 3.58e-04
    step 3275/3533 (global micro  6808/10599, update  6808/10599)  loss 0.4675  lr 3.55e-04
    step 3300/3533 (global micro  6833/10599, update  6833/10599)  loss 0.3948  lr 3.52e-04
    step 3325/3533 (global micro  6858/10599, update  6858/10599)  loss 0.5685  lr 3.49e-04
    step 3350/3533 (global micro  6883/10599, update  6883/10599)  loss 0.4932  lr 3.46e-04
    step 3375/3533 (global micro  6908/10599, update  6908/10599)  loss 0.6162  lr 3.43e-04
    step 3400/3533 (global micro  6933/10599, update  6933/10599)  loss 0.6225  lr 3.41e-04
    step 3425/3533 (global micro  6958/10599, update  6958/10599)  loss 0.5542  lr 3.38e-04
    step 3450/3533 (global micro  6983/10599, update  6983/10599)  loss 0.4140  lr 3.35e-04
    step 3475/3533 (global micro  7008/10599, update  7008/10599)  loss 0.6799  lr 3.32e-04
    step 3500/3533 (global micro  7033/10599, update  7033/10599)  loss 0.5408  lr 3.29e-04
    step 3525/3533 (global micro  7058/10599, update  7058/10599)  loss 0.5590  lr 3.26e-04
    step 3533/3533 (global micro  7066/10599, update  7066/10599)  loss 0.6097  lr 3.25e-04
  epoch   2/3  loss 0.5906  lr 3.25e-04  (692.5s)
  Epoch checkpoint: /home/aomukai/Ninereeds/core/c13_Phase_D_bridged_retry4_e2.pt
    step    1/3533 (global micro  7067/10599, update  7067/10599)  loss 0.5513  lr 3.25e-04
    step   25/3533 (global micro  7091/10599, update  7091/10599)  loss 0.4695  lr 3.22e-04
    step   50/3533 (global micro  7116/10599, update  7116/10599)  loss 0.5605  lr 3.19e-04
    step   75/3533 (global micro  7141/10599, update  7141/10599)  loss 0.4545  lr 3.16e-04
    step  100/3533 (global micro  7166/10599, update  7166/10599)  loss 0.3582  lr 3.14e-04
    step  125/3533 (global micro  7191/10599, update  7191/10599)  loss 0.4641  lr 3.11e-04
    step  150/3533 (global micro  7216/10599, update  7216/10599)  loss 0.4910  lr 3.08e-04
    step  175/3533 (global micro  7241/10599, update  7241/10599)  loss 0.5981  lr 3.05e-04
    step  200/3533 (global micro  7266/10599, update  7266/10599)  loss 0.5027  lr 3.02e-04
    step  225/3533 (global micro  7291/10599, update  7291/10599)  loss 0.3882  lr 3.00e-04
    step  250/3533 (global micro  7316/10599, update  7316/10599)  loss 0.4496  lr 2.97e-04
    step  275/3533 (global micro  7341/10599, update  7341/10599)  loss 0.4202  lr 2.94e-04
    step  300/3533 (global micro  7366/10599, update  7366/10599)  loss 0.4925  lr 2.91e-04
    step  325/3533 (global micro  7391/10599, update  7391/10599)  loss 0.4769  lr 2.89e-04
    step  350/3533 (global micro  7416/10599, update  7416/10599)  loss 0.5286  lr 2.86e-04
    step  375/3533 (global micro  7441/10599, update  7441/10599)  loss 0.4833  lr 2.83e-04
    step  400/3533 (global micro  7466/10599, update  7466/10599)  loss 0.5945  lr 2.80e-04
    step  425/3533 (global micro  7491/10599, update  7491/10599)  loss 0.4535  lr 2.78e-04
    step  450/3533 (global micro  7516/10599, update  7516/10599)  loss 0.5216  lr 2.75e-04
    step  475/3533 (global micro  7541/10599, update  7541/10599)  loss 0.4206  lr 2.73e-04
    step  500/3533 (global micro  7566/10599, update  7566/10599)  loss 0.5723  lr 2.70e-04
    step  525/3533 (global micro  7591/10599, update  7591/10599)  loss 0.4742  lr 2.67e-04
    step  550/3533 (global micro  7616/10599, update  7616/10599)  loss 0.5272  lr 2.65e-04
    step  575/3533 (global micro  7641/10599, update  7641/10599)  loss 0.4844  lr 2.62e-04
    step  600/3533 (global micro  7666/10599, update  7666/10599)  loss 0.6700  lr 2.60e-04
    step  625/3533 (global micro  7691/10599, update  7691/10599)  loss 0.4047  lr 2.57e-04
    step  650/3533 (global micro  7716/10599, update  7716/10599)  loss 0.6646  lr 2.55e-04
    step  675/3533 (global micro  7741/10599, update  7741/10599)  loss 0.4624  lr 2.52e-04
    step  700/3533 (global micro  7766/10599, update  7766/10599)  loss 0.5244  lr 2.50e-04
    step  725/3533 (global micro  7791/10599, update  7791/10599)  loss 0.3134  lr 2.47e-04
    step  750/3533 (global micro  7816/10599, update  7816/10599)  loss 0.4435  lr 2.45e-04
    step  775/3533 (global micro  7841/10599, update  7841/10599)  loss 0.4877  lr 2.42e-04
    step  800/3533 (global micro  7866/10599, update  7866/10599)  loss 0.5124  lr 2.40e-04
    step  825/3533 (global micro  7891/10599, update  7891/10599)  loss 0.6838  lr 2.37e-04
    step  850/3533 (global micro  7916/10599, update  7916/10599)  loss 0.4858  lr 2.35e-04
    step  875/3533 (global micro  7941/10599, update  7941/10599)  loss 0.4856  lr 2.33e-04
    step  900/3533 (global micro  7966/10599, update  7966/10599)  loss 0.4238  lr 2.30e-04
    step  925/3533 (global micro  7991/10599, update  7991/10599)  loss 0.4599  lr 2.28e-04
    step  950/3533 (global micro  8016/10599, update  8016/10599)  loss 0.4064  lr 2.26e-04
    step  975/3533 (global micro  8041/10599, update  8041/10599)  loss 0.4163  lr 2.23e-04
    step 1000/3533 (global micro  8066/10599, update  8066/10599)  loss 0.4954  lr 2.21e-04
    step 1025/3533 (global micro  8091/10599, update  8091/10599)  loss 0.5224  lr 2.19e-04
    step 1050/3533 (global micro  8116/10599, update  8116/10599)  loss 0.3675  lr 2.16e-04
    step 1075/3533 (global micro  8141/10599, update  8141/10599)  loss 0.4241  lr 2.14e-04
    step 1100/3533 (global micro  8166/10599, update  8166/10599)  loss 0.4933  lr 2.12e-04
    step 1125/3533 (global micro  8191/10599, update  8191/10599)  loss 0.4682  lr 2.10e-04
    step 1150/3533 (global micro  8216/10599, update  8216/10599)  loss 0.4743  lr 2.08e-04
    step 1175/3533 (global micro  8241/10599, update  8241/10599)  loss 0.5231  lr 2.06e-04
    step 1200/3533 (global micro  8266/10599, update  8266/10599)  loss 0.3430  lr 2.03e-04
    step 1225/3533 (global micro  8291/10599, update  8291/10599)  loss 0.5271  lr 2.01e-04
    step 1250/3533 (global micro  8316/10599, update  8316/10599)  loss 0.4503  lr 1.99e-04
    step 1275/3533 (global micro  8341/10599, update  8341/10599)  loss 0.6119  lr 1.97e-04
    step 1300/3533 (global micro  8366/10599, update  8366/10599)  loss 0.5378  lr 1.95e-04
    step 1325/3533 (global micro  8391/10599, update  8391/10599)  loss 0.4721  lr 1.93e-04
    step 1350/3533 (global micro  8416/10599, update  8416/10599)  loss 0.4620  lr 1.91e-04
    step 1375/3533 (global micro  8441/10599, update  8441/10599)  loss 0.4908  lr 1.89e-04
    step 1400/3533 (global micro  8466/10599, update  8466/10599)  loss 0.5172  lr 1.87e-04
    step 1425/3533 (global micro  8491/10599, update  8491/10599)  loss 0.4523  lr 1.85e-04
    step 1450/3533 (global micro  8516/10599, update  8516/10599)  loss 0.5614  lr 1.83e-04
    step 1475/3533 (global micro  8541/10599, update  8541/10599)  loss 0.4102  lr 1.81e-04
    step 1500/3533 (global micro  8566/10599, update  8566/10599)  loss 0.3753  lr 1.79e-04
    step 1525/3533 (global micro  8591/10599, update  8591/10599)  loss 0.3772  lr 1.77e-04
    step 1550/3533 (global micro  8616/10599, update  8616/10599)  loss 0.6260  lr 1.76e-04
    step 1575/3533 (global micro  8641/10599, update  8641/10599)  loss 0.3975  lr 1.74e-04
    step 1600/3533 (global micro  8666/10599, update  8666/10599)  loss 0.4804  lr 1.72e-04
    step 1625/3533 (global micro  8691/10599, update  8691/10599)  loss 0.4157  lr 1.70e-04
    step 1650/3533 (global micro  8716/10599, update  8716/10599)  loss 0.4730  lr 1.68e-04
    step 1675/3533 (global micro  8741/10599, update  8741/10599)  loss 0.5337  lr 1.67e-04
    step 1700/3533 (global micro  8766/10599, update  8766/10599)  loss 0.5242  lr 1.65e-04
    step 1725/3533 (global micro  8791/10599, update  8791/10599)  loss 0.4978  lr 1.63e-04
    step 1750/3533 (global micro  8816/10599, update  8816/10599)  loss 0.4937  lr 1.61e-04
    step 1775/3533 (global micro  8841/10599, update  8841/10599)  loss 0.4664  lr 1.60e-04
    step 1800/3533 (global micro  8866/10599, update  8866/10599)  loss 0.4084  lr 1.58e-04
    step 1825/3533 (global micro  8891/10599, update  8891/10599)  loss 0.4457  lr 1.56e-04
    step 1850/3533 (global micro  8916/10599, update  8916/10599)  loss 0.5492  lr 1.55e-04
    step 1875/3533 (global micro  8941/10599, update  8941/10599)  loss 0.4149  lr 1.53e-04
    step 1900/3533 (global micro  8966/10599, update  8966/10599)  loss 0.4685  lr 1.52e-04
    step 1925/3533 (global micro  8991/10599, update  8991/10599)  loss 0.4585  lr 1.50e-04
    step 1950/3533 (global micro  9016/10599, update  9016/10599)  loss 0.4702  lr 1.49e-04
    step 1975/3533 (global micro  9041/10599, update  9041/10599)  loss 0.4903  lr 1.47e-04
    step 2000/3533 (global micro  9066/10599, update  9066/10599)  loss 0.4688  lr 1.46e-04
    step 2025/3533 (global micro  9091/10599, update  9091/10599)  loss 0.4737  lr 1.44e-04
    step 2050/3533 (global micro  9116/10599, update  9116/10599)  loss 0.2891  lr 1.43e-04
    step 2075/3533 (global micro  9141/10599, update  9141/10599)  loss 0.4842  lr 1.41e-04
    step 2100/3533 (global micro  9166/10599, update  9166/10599)  loss 0.4533  lr 1.40e-04
    step 2125/3533 (global micro  9191/10599, update  9191/10599)  loss 0.4129  lr 1.39e-04
    step 2150/3533 (global micro  9216/10599, update  9216/10599)  loss 0.3921  lr 1.37e-04
    step 2175/3533 (global micro  9241/10599, update  9241/10599)  loss 0.5205  lr 1.36e-04
    step 2200/3533 (global micro  9266/10599, update  9266/10599)  loss 0.5974  lr 1.35e-04
    step 2225/3533 (global micro  9291/10599, update  9291/10599)  loss 0.3521  lr 1.33e-04
    step 2250/3533 (global micro  9316/10599, update  9316/10599)  loss 0.5122  lr 1.32e-04
    step 2275/3533 (global micro  9341/10599, update  9341/10599)  loss 0.3941  lr 1.31e-04
    step 2300/3533 (global micro  9366/10599, update  9366/10599)  loss 0.4036  lr 1.30e-04
    step 2325/3533 (global micro  9391/10599, update  9391/10599)  loss 0.4122  lr 1.29e-04
    step 2350/3533 (global micro  9416/10599, update  9416/10599)  loss 0.5777  lr 1.27e-04
    step 2375/3533 (global micro  9441/10599, update  9441/10599)  loss 0.5889  lr 1.26e-04
    step 2400/3533 (global micro  9466/10599, update  9466/10599)  loss 0.4805  lr 1.25e-04
    step 2425/3533 (global micro  9491/10599, update  9491/10599)  loss 0.4420  lr 1.24e-04
    step 2450/3533 (global micro  9516/10599, update  9516/10599)  loss 0.4208  lr 1.23e-04
    step 2475/3533 (global micro  9541/10599, update  9541/10599)  loss 0.3328  lr 1.22e-04
    step 2500/3533 (global micro  9566/10599, update  9566/10599)  loss 0.4438  lr 1.21e-04
    step 2525/3533 (global micro  9591/10599, update  9591/10599)  loss 0.4238  lr 1.20e-04
    step 2550/3533 (global micro  9616/10599, update  9616/10599)  loss 0.5463  lr 1.19e-04
    step 2575/3533 (global micro  9641/10599, update  9641/10599)  loss 0.4030  lr 1.18e-04
    step 2600/3533 (global micro  9666/10599, update  9666/10599)  loss 0.5048  lr 1.17e-04
    step 2625/3533 (global micro  9691/10599, update  9691/10599)  loss 0.4839  lr 1.16e-04
    step 2650/3533 (global micro  9716/10599, update  9716/10599)  loss 0.4434  lr 1.15e-04
    step 2675/3533 (global micro  9741/10599, update  9741/10599)  loss 0.4535  lr 1.14e-04
    step 2700/3533 (global micro  9766/10599, update  9766/10599)  loss 0.5508  lr 1.14e-04
    step 2725/3533 (global micro  9791/10599, update  9791/10599)  loss 0.4229  lr 1.13e-04
    step 2750/3533 (global micro  9816/10599, update  9816/10599)  loss 0.4644  lr 1.12e-04
    step 2775/3533 (global micro  9841/10599, update  9841/10599)  loss 0.6130  lr 1.11e-04
    step 2800/3533 (global micro  9866/10599, update  9866/10599)  loss 0.5206  lr 1.11e-04
    step 2825/3533 (global micro  9891/10599, update  9891/10599)  loss 0.3847  lr 1.10e-04
    step 2850/3533 (global micro  9916/10599, update  9916/10599)  loss 0.4527  lr 1.09e-04
    step 2875/3533 (global micro  9941/10599, update  9941/10599)  loss 0.5513  lr 1.09e-04
    step 2900/3533 (global micro  9966/10599, update  9966/10599)  loss 0.3911  lr 1.08e-04
    step 2925/3533 (global micro  9991/10599, update  9991/10599)  loss 0.4473  lr 1.07e-04
    step 2950/3533 (global micro 10016/10599, update 10016/10599)  loss 0.5793  lr 1.07e-04
    step 2975/3533 (global micro 10041/10599, update 10041/10599)  loss 0.4101  lr 1.06e-04
    step 3000/3533 (global micro 10066/10599, update 10066/10599)  loss 0.4782  lr 1.06e-04
    step 3025/3533 (global micro 10091/10599, update 10091/10599)  loss 0.4611  lr 1.05e-04
    step 3050/3533 (global micro 10116/10599, update 10116/10599)  loss 0.4183  lr 1.05e-04
    step 3075/3533 (global micro 10141/10599, update 10141/10599)  loss 0.4813  lr 1.04e-04
    step 3100/3533 (global micro 10166/10599, update 10166/10599)  loss 0.4883  lr 1.04e-04
    step 3125/3533 (global micro 10191/10599, update 10191/10599)  loss 0.4574  lr 1.03e-04
    step 3150/3533 (global micro 10216/10599, update 10216/10599)  loss 0.4563  lr 1.03e-04
    step 3175/3533 (global micro 10241/10599, update 10241/10599)  loss 0.5003  lr 1.03e-04
    step 3200/3533 (global micro 10266/10599, update 10266/10599)  loss 0.5027  lr 1.02e-04
    step 3225/3533 (global micro 10291/10599, update 10291/10599)  loss 0.5486  lr 1.02e-04
    step 3250/3533 (global micro 10316/10599, update 10316/10599)  loss 0.4493  lr 1.02e-04
    step 3275/3533 (global micro 10341/10599, update 10341/10599)  loss 0.4443  lr 1.01e-04
    step 3300/3533 (global micro 10366/10599, update 10366/10599)  loss 0.4853  lr 1.01e-04
    step 3325/3533 (global micro 10391/10599, update 10391/10599)  loss 0.5286  lr 1.01e-04
    step 3350/3533 (global micro 10416/10599, update 10416/10599)  loss 0.4577  lr 1.01e-04
    step 3375/3533 (global micro 10441/10599, update 10441/10599)  loss 0.5202  lr 1.00e-04
    step 3400/3533 (global micro 10466/10599, update 10466/10599)  loss 0.5080  lr 1.00e-04
    step 3425/3533 (global micro 10491/10599, update 10491/10599)  loss 0.4495  lr 1.00e-04
    step 3450/3533 (global micro 10516/10599, update 10516/10599)  loss 0.5523  lr 1.00e-04
    step 3475/3533 (global micro 10541/10599, update 10541/10599)  loss 0.3572  lr 1.00e-04
    step 3500/3533 (global micro 10566/10599, update 10566/10599)  loss 0.4116  lr 1.00e-04
    step 3525/3533 (global micro 10591/10599, update 10591/10599)  loss 0.4432  lr 1.00e-04
    step 3533/3533 (global micro 10599/10599, update 10599/10599)  loss 0.4463  lr 1.00e-04
  epoch   3/3  loss 0.4808  lr 1.00e-04  (692.5s)
  Epoch checkpoint: /home/aomukai/Ninereeds/core/c13_Phase_D_bridged_retry4_e3.pt

  Best loss: 0.4808
  Checkpoint saved: /home/aomukai/Ninereeds/core/c13_Phase_D_bridged_retry4.pt

