  Training audit: PASSED
  Python: /home/aomukai/.unsloth/studio/unsloth_studio/bin/python
  Device: cuda
  Phase: 0
  Seed: 1337
  Data order: seeded-shuffle
  Resume checkpoint: /home/aomukai/Ninereeds/checkpoints/c13_Phase_C_winner.pt

============================================================
  BDH Phase 0 Training
============================================================
  Data files: ['/home/aomukai/Ninereeds/training/corpus/campaign_13_phase_E.txt']
  Total bytes: 3,181,919
  Pre-loading corpus tensor...
  Corpus tensor: 3,181,919 tokens
  Model: small-25m (25.3M params)
  Resuming from: /home/aomukai/Ninereeds/checkpoints/c13_Phase_C_winner.pt
  Seed: 1337  |  Deterministic: enabled  |  Data order: seeded-shuffle
  Epochs: 5  |  Windows/epoch: 12429  |  Micro-steps/epoch: 3108  |  Optimizer updates/epoch: 3108  |  Total optimizer updates: 15540  |  LR: 0.001
  Block size: 256  |  Batch size: 4
  Grad accumulation: 1
  AMP bf16: enabled
  Data mode: phase_text
  VRAM logging: disabled
  Log interval: every 25 step(s)
  Output: /home/aomukai/Ninereeds/core/c13_Phase_E_ext_p1.pt

    step    1/3108 (global micro     1/15540, update     1/15540)  loss 0.6520  lr 1.00e-03
    step   25/3108 (global micro    25/15540, update    25/15540)  loss 0.8128  lr 1.00e-03
    step   50/3108 (global micro    50/15540, update    50/15540)  loss 0.6311  lr 1.00e-03
    step   75/3108 (global micro    75/15540, update    75/15540)  loss 0.7228  lr 1.00e-03
    step  100/3108 (global micro   100/15540, update   100/15540)  loss 0.6308  lr 1.00e-03
    step  125/3108 (global micro   125/15540, update   125/15540)  loss 0.8280  lr 1.00e-03
    step  150/3108 (global micro   150/15540, update   150/15540)  loss 0.7558  lr 1.00e-03
    step  175/3108 (global micro   175/15540, update   175/15540)  loss 0.7973  lr 1.00e-03
    step  200/3108 (global micro   200/15540, update   200/15540)  loss 0.6804  lr 1.00e-03
    step  225/3108 (global micro   225/15540, update   225/15540)  loss 0.7613  lr 1.00e-03
    step  250/3108 (global micro   250/15540, update   250/15540)  loss 0.7506  lr 9.99e-04
    step  275/3108 (global micro   275/15540, update   275/15540)  loss 0.7623  lr 9.99e-04
    step  300/3108 (global micro   300/15540, update   300/15540)  loss 0.6124  lr 9.99e-04
    step  325/3108 (global micro   325/15540, update   325/15540)  loss 0.7916  lr 9.99e-04
    step  350/3108 (global micro   350/15540, update   350/15540)  loss 0.8516  lr 9.99e-04
    step  375/3108 (global micro   375/15540, update   375/15540)  loss 0.6516  lr 9.99e-04
    step  400/3108 (global micro   400/15540, update   400/15540)  loss 0.6149  lr 9.99e-04
    step  425/3108 (global micro   425/15540, update   425/15540)  loss 0.6639  lr 9.98e-04
    step  450/3108 (global micro   450/15540, update   450/15540)  loss 0.6443  lr 9.98e-04
    step  475/3108 (global micro   475/15540, update   475/15540)  loss 0.6368  lr 9.98e-04
    step  500/3108 (global micro   500/15540, update   500/15540)  loss 0.6468  lr 9.98e-04
    step  525/3108 (global micro   525/15540, update   525/15540)  loss 0.7088  lr 9.97e-04
    step  550/3108 (global micro   550/15540, update   550/15540)  loss 0.7748  lr 9.97e-04
    step  575/3108 (global micro   575/15540, update   575/15540)  loss 0.7554  lr 9.97e-04
    step  600/3108 (global micro   600/15540, update   600/15540)  loss 0.7751  lr 9.97e-04
    step  625/3108 (global micro   625/15540, update   625/15540)  loss 0.7570  lr 9.96e-04
    step  650/3108 (global micro   650/15540, update   650/15540)  loss 0.6570  lr 9.96e-04
    step  675/3108 (global micro   675/15540, update   675/15540)  loss 0.7555  lr 9.96e-04
    step  700/3108 (global micro   700/15540, update   700/15540)  loss 0.7802  lr 9.96e-04
    step  725/3108 (global micro   725/15540, update   725/15540)  loss 0.6516  lr 9.95e-04
    step  750/3108 (global micro   750/15540, update   750/15540)  loss 0.7479  lr 9.95e-04
    step  775/3108 (global micro   775/15540, update   775/15540)  loss 0.7533  lr 9.94e-04
    step  800/3108 (global micro   800/15540, update   800/15540)  loss 0.6842  lr 9.94e-04
    step  825/3108 (global micro   825/15540, update   825/15540)  loss 0.6655  lr 9.94e-04
    step  850/3108 (global micro   850/15540, update   850/15540)  loss 0.7049  lr 9.93e-04
    step  875/3108 (global micro   875/15540, update   875/15540)  loss 0.6858  lr 9.93e-04
    step  900/3108 (global micro   900/15540, update   900/15540)  loss 0.8369  lr 9.93e-04
    step  925/3108 (global micro   925/15540, update   925/15540)  loss 0.7220  lr 9.92e-04
    step  950/3108 (global micro   950/15540, update   950/15540)  loss 0.7090  lr 9.92e-04
    step  975/3108 (global micro   975/15540, update   975/15540)  loss 0.6433  lr 9.91e-04
    step 1000/3108 (global micro  1000/15540, update  1000/15540)  loss 0.6356  lr 9.91e-04
    step 1025/3108 (global micro  1025/15540, update  1025/15540)  loss 0.7074  lr 9.90e-04
    step 1050/3108 (global micro  1050/15540, update  1050/15540)  loss 0.8453  lr 9.90e-04
    step 1075/3108 (global micro  1075/15540, update  1075/15540)  loss 0.6629  lr 9.89e-04
    step 1100/3108 (global micro  1100/15540, update  1100/15540)  loss 0.7678  lr 9.89e-04
    step 1125/3108 (global micro  1125/15540, update  1125/15540)  loss 0.8604  lr 9.88e-04
    step 1150/3108 (global micro  1150/15540, update  1150/15540)  loss 0.8595  lr 9.88e-04
    step 1175/3108 (global micro  1175/15540, update  1175/15540)  loss 0.7456  lr 9.87e-04
    step 1200/3108 (global micro  1200/15540, update  1200/15540)  loss 0.8701  lr 9.87e-04
    step 1225/3108 (global micro  1225/15540, update  1225/15540)  loss 0.8164  lr 9.86e-04
    step 1250/3108 (global micro  1250/15540, update  1250/15540)  loss 0.6167  lr 9.86e-04
    step 1275/3108 (global micro  1275/15540, update  1275/15540)  loss 1.0094  lr 9.85e-04
    step 1300/3108 (global micro  1300/15540, update  1300/15540)  loss 0.5878  lr 9.85e-04
    step 1325/3108 (global micro  1325/15540, update  1325/15540)  loss 0.5727  lr 9.84e-04
    step 1350/3108 (global micro  1350/15540, update  1350/15540)  loss 0.6849  lr 9.83e-04
    step 1375/3108 (global micro  1375/15540, update  1375/15540)  loss 0.8011  lr 9.83e-04
    step 1400/3108 (global micro  1400/15540, update  1400/15540)  loss 0.6460  lr 9.82e-04
    step 1425/3108 (global micro  1425/15540, update  1425/15540)  loss 0.8258  lr 9.81e-04
    step 1450/3108 (global micro  1450/15540, update  1450/15540)  loss 0.5933  lr 9.81e-04
    step 1475/3108 (global micro  1475/15540, update  1475/15540)  loss 0.5816  lr 9.80e-04
    step 1500/3108 (global micro  1500/15540, update  1500/15540)  loss 0.5606  lr 9.79e-04
    step 1525/3108 (global micro  1525/15540, update  1525/15540)  loss 0.7927  lr 9.79e-04
    step 1550/3108 (global micro  1550/15540, update  1550/15540)  loss 0.6741  lr 9.78e-04
    step 1575/3108 (global micro  1575/15540, update  1575/15540)  loss 0.7774  lr 9.77e-04
    step 1600/3108 (global micro  1600/15540, update  1600/15540)  loss 0.6942  lr 9.77e-04
    step 1625/3108 (global micro  1625/15540, update  1625/15540)  loss 0.6568  lr 9.76e-04
    step 1650/3108 (global micro  1650/15540, update  1650/15540)  loss 0.8124  lr 9.75e-04
    step 1675/3108 (global micro  1675/15540, update  1675/15540)  loss 0.8022  lr 9.74e-04
    step 1700/3108 (global micro  1700/15540, update  1700/15540)  loss 0.7584  lr 9.74e-04
    step 1725/3108 (global micro  1725/15540, update  1725/15540)  loss 0.6075  lr 9.73e-04
    step 1750/3108 (global micro  1750/15540, update  1750/15540)  loss 0.7396  lr 9.72e-04
    step 1775/3108 (global micro  1775/15540, update  1775/15540)  loss 0.7135  lr 9.71e-04
    step 1800/3108 (global micro  1800/15540, update  1800/15540)  loss 0.6658  lr 9.71e-04
    step 1825/3108 (global micro  1825/15540, update  1825/15540)  loss 0.8749  lr 9.70e-04
    step 1850/3108 (global micro  1850/15540, update  1850/15540)  loss 0.7292  lr 9.69e-04
    step 1875/3108 (global micro  1875/15540, update  1875/15540)  loss 0.7382  lr 9.68e-04
    step 1900/3108 (global micro  1900/15540, update  1900/15540)  loss 0.6366  lr 9.67e-04
    step 1925/3108 (global micro  1925/15540, update  1925/15540)  loss 0.7024  lr 9.66e-04
    step 1950/3108 (global micro  1950/15540, update  1950/15540)  loss 0.6501  lr 9.65e-04
    step 1975/3108 (global micro  1975/15540, update  1975/15540)  loss 0.7284  lr 9.65e-04
    step 2000/3108 (global micro  2000/15540, update  2000/15540)  loss 0.7251  lr 9.64e-04
    step 2025/3108 (global micro  2025/15540, update  2025/15540)  loss 0.8726  lr 9.63e-04
    step 2050/3108 (global micro  2050/15540, update  2050/15540)  loss 0.6697  lr 9.62e-04
    step 2075/3108 (global micro  2075/15540, update  2075/15540)  loss 0.8420  lr 9.61e-04
    step 2100/3108 (global micro  2100/15540, update  2100/15540)  loss 0.7871  lr 9.60e-04
    step 2125/3108 (global micro  2125/15540, update  2125/15540)  loss 0.8383  lr 9.59e-04
    step 2150/3108 (global micro  2150/15540, update  2150/15540)  loss 0.8365  lr 9.58e-04
    step 2175/3108 (global micro  2175/15540, update  2175/15540)  loss 0.7092  lr 9.57e-04
    step 2200/3108 (global micro  2200/15540, update  2200/15540)  loss 0.6861  lr 9.56e-04
    step 2225/3108 (global micro  2225/15540, update  2225/15540)  loss 0.8198  lr 9.55e-04
    step 2250/3108 (global micro  2250/15540, update  2250/15540)  loss 0.6836  lr 9.54e-04
    step 2275/3108 (global micro  2275/15540, update  2275/15540)  loss 0.5888  lr 9.53e-04
    step 2300/3108 (global micro  2300/15540, update  2300/15540)  loss 0.7795  lr 9.52e-04
    step 2325/3108 (global micro  2325/15540, update  2325/15540)  loss 0.8786  lr 9.51e-04
    step 2350/3108 (global micro  2350/15540, update  2350/15540)  loss 0.7427  lr 9.50e-04
    step 2375/3108 (global micro  2375/15540, update  2375/15540)  loss 0.6509  lr 9.49e-04
    step 2400/3108 (global micro  2400/15540, update  2400/15540)  loss 0.6864  lr 9.48e-04
    step 2425/3108 (global micro  2425/15540, update  2425/15540)  loss 0.6247  lr 9.47e-04
    step 2450/3108 (global micro  2450/15540, update  2450/15540)  loss 0.8184  lr 9.46e-04
    step 2475/3108 (global micro  2475/15540, update  2475/15540)  loss 0.8859  lr 9.45e-04
    step 2500/3108 (global micro  2500/15540, update  2500/15540)  loss 0.6437  lr 9.44e-04
    step 2525/3108 (global micro  2525/15540, update  2525/15540)  loss 0.7465  lr 9.43e-04
    step 2550/3108 (global micro  2550/15540, update  2550/15540)  loss 0.6537  lr 9.42e-04
    step 2575/3108 (global micro  2575/15540, update  2575/15540)  loss 0.6831  lr 9.40e-04
    step 2600/3108 (global micro  2600/15540, update  2600/15540)  loss 0.7739  lr 9.39e-04
    step 2625/3108 (global micro  2625/15540, update  2625/15540)  loss 0.7624  lr 9.38e-04
    step 2650/3108 (global micro  2650/15540, update  2650/15540)  loss 0.7044  lr 9.37e-04
    step 2675/3108 (global micro  2675/15540, update  2675/15540)  loss 0.7113  lr 9.36e-04
    step 2700/3108 (global micro  2700/15540, update  2700/15540)  loss 0.5187  lr 9.35e-04
    step 2725/3108 (global micro  2725/15540, update  2725/15540)  loss 0.6491  lr 9.33e-04
    step 2750/3108 (global micro  2750/15540, update  2750/15540)  loss 0.6793  lr 9.32e-04
    step 2775/3108 (global micro  2775/15540, update  2775/15540)  loss 0.8870  lr 9.31e-04
    step 2800/3108 (global micro  2800/15540, update  2800/15540)  loss 0.6470  lr 9.30e-04
    step 2825/3108 (global micro  2825/15540, update  2825/15540)  loss 0.7737  lr 9.29e-04
    step 2850/3108 (global micro  2850/15540, update  2850/15540)  loss 0.5800  lr 9.27e-04
    step 2875/3108 (global micro  2875/15540, update  2875/15540)  loss 0.7333  lr 9.26e-04
    step 2900/3108 (global micro  2900/15540, update  2900/15540)  loss 0.7433  lr 9.25e-04
    step 2925/3108 (global micro  2925/15540, update  2925/15540)  loss 0.8193  lr 9.24e-04
    step 2950/3108 (global micro  2950/15540, update  2950/15540)  loss 0.6239  lr 9.22e-04
    step 2975/3108 (global micro  2975/15540, update  2975/15540)  loss 0.6961  lr 9.21e-04
    step 3000/3108 (global micro  3000/15540, update  3000/15540)  loss 0.7485  lr 9.20e-04
    step 3025/3108 (global micro  3025/15540, update  3025/15540)  loss 0.5456  lr 9.18e-04
    step 3050/3108 (global micro  3050/15540, update  3050/15540)  loss 0.7605  lr 9.17e-04
    step 3075/3108 (global micro  3075/15540, update  3075/15540)  loss 0.6698  lr 9.16e-04
    step 3100/3108 (global micro  3100/15540, update  3100/15540)  loss 0.8094  lr 9.14e-04
    step 3108/3108 (global micro  3108/15540, update  3108/15540)  loss 0.6811  lr 9.14e-04
  epoch   1/5  loss 0.7213  lr 9.14e-04  (609.4s)
  Epoch checkpoint: /home/aomukai/Ninereeds/core/c13_Phase_E_ext_p1_e1.pt
    step    1/3108 (global micro  3109/15540, update  3109/15540)  loss 0.6247  lr 9.14e-04
    step   25/3108 (global micro  3133/15540, update  3133/15540)  loss 0.6661  lr 9.13e-04
    step   50/3108 (global micro  3158/15540, update  3158/15540)  loss 0.5505  lr 9.11e-04
    step   75/3108 (global micro  3183/15540, update  3183/15540)  loss 0.5650  lr 9.10e-04
    step  100/3108 (global micro  3208/15540, update  3208/15540)  loss 0.6841  lr 9.09e-04
    step  125/3108 (global micro  3233/15540, update  3233/15540)  loss 0.6287  lr 9.07e-04
    step  150/3108 (global micro  3258/15540, update  3258/15540)  loss 0.5275  lr 9.06e-04
    step  175/3108 (global micro  3283/15540, update  3283/15540)  loss 0.5306  lr 9.04e-04
    step  200/3108 (global micro  3308/15540, update  3308/15540)  loss 0.6393  lr 9.03e-04
    step  225/3108 (global micro  3333/15540, update  3333/15540)  loss 0.6985  lr 9.02e-04
    step  250/3108 (global micro  3358/15540, update  3358/15540)  loss 0.6154  lr 9.00e-04
    step  275/3108 (global micro  3383/15540, update  3383/15540)  loss 0.6747  lr 8.99e-04
    step  300/3108 (global micro  3408/15540, update  3408/15540)  loss 0.8028  lr 8.97e-04
    step  325/3108 (global micro  3433/15540, update  3433/15540)  loss 0.6251  lr 8.96e-04
    step  350/3108 (global micro  3458/15540, update  3458/15540)  loss 0.5335  lr 8.94e-04
    step  375/3108 (global micro  3483/15540, update  3483/15540)  loss 0.7519  lr 8.93e-04
    step  400/3108 (global micro  3508/15540, update  3508/15540)  loss 0.5771  lr 8.92e-04
    step  425/3108 (global micro  3533/15540, update  3533/15540)  loss 0.5472  lr 8.90e-04
    step  450/3108 (global micro  3558/15540, update  3558/15540)  loss 0.5049  lr 8.89e-04
    step  475/3108 (global micro  3583/15540, update  3583/15540)  loss 0.7849  lr 8.87e-04
    step  500/3108 (global micro  3608/15540, update  3608/15540)  loss 0.5771  lr 8.86e-04
    step  525/3108 (global micro  3633/15540, update  3633/15540)  loss 0.5917  lr 8.84e-04
    step  550/3108 (global micro  3658/15540, update  3658/15540)  loss 0.6466  lr 8.82e-04
    step  575/3108 (global micro  3683/15540, update  3683/15540)  loss 0.6660  lr 8.81e-04
    step  600/3108 (global micro  3708/15540, update  3708/15540)  loss 0.6528  lr 8.79e-04
    step  625/3108 (global micro  3733/15540, update  3733/15540)  loss 0.6812  lr 8.78e-04
    step  650/3108 (global micro  3758/15540, update  3758/15540)  loss 0.5044  lr 8.76e-04
    step  675/3108 (global micro  3783/15540, update  3783/15540)  loss 0.5234  lr 8.75e-04
    step  700/3108 (global micro  3808/15540, update  3808/15540)  loss 0.7494  lr 8.73e-04
    step  725/3108 (global micro  3833/15540, update  3833/15540)  loss 0.8189  lr 8.72e-04
    step  750/3108 (global micro  3858/15540, update  3858/15540)  loss 0.6970  lr 8.70e-04
    step  775/3108 (global micro  3883/15540, update  3883/15540)  loss 0.6299  lr 8.68e-04
    step  800/3108 (global micro  3908/15540, update  3908/15540)  loss 0.5825  lr 8.67e-04
    step  825/3108 (global micro  3933/15540, update  3933/15540)  loss 0.7153  lr 8.65e-04
    step  850/3108 (global micro  3958/15540, update  3958/15540)  loss 0.6371  lr 8.63e-04
    step  875/3108 (global micro  3983/15540, update  3983/15540)  loss 0.5141  lr 8.62e-04
    step  900/3108 (global micro  4008/15540, update  4008/15540)  loss 0.7155  lr 8.60e-04
    step  925/3108 (global micro  4033/15540, update  4033/15540)  loss 0.5879  lr 8.59e-04
    step  950/3108 (global micro  4058/15540, update  4058/15540)  loss 0.6317  lr 8.57e-04
    step  975/3108 (global micro  4083/15540, update  4083/15540)  loss 0.5483  lr 8.55e-04
    step 1000/3108 (global micro  4108/15540, update  4108/15540)  loss 0.6737  lr 8.54e-04
    step 1025/3108 (global micro  4133/15540, update  4133/15540)  loss 0.5762  lr 8.52e-04
    step 1050/3108 (global micro  4158/15540, update  4158/15540)  loss 0.5690  lr 8.50e-04
    step 1075/3108 (global micro  4183/15540, update  4183/15540)  loss 0.5408  lr 8.48e-04
    step 1100/3108 (global micro  4208/15540, update  4208/15540)  loss 0.6527  lr 8.47e-04
    step 1125/3108 (global micro  4233/15540, update  4233/15540)  loss 0.7485  lr 8.45e-04
    step 1150/3108 (global micro  4258/15540, update  4258/15540)  loss 0.5381  lr 8.43e-04
    step 1175/3108 (global micro  4283/15540, update  4283/15540)  loss 0.6962  lr 8.42e-04
    step 1200/3108 (global micro  4308/15540, update  4308/15540)  loss 0.6255  lr 8.40e-04
    step 1225/3108 (global micro  4333/15540, update  4333/15540)  loss 0.7509  lr 8.38e-04
    step 1250/3108 (global micro  4358/15540, update  4358/15540)  loss 0.5817  lr 8.36e-04
    step 1275/3108 (global micro  4383/15540, update  4383/15540)  loss 0.7633  lr 8.35e-04
    step 1300/3108 (global micro  4408/15540, update  4408/15540)  loss 0.5662  lr 8.33e-04
    step 1325/3108 (global micro  4433/15540, update  4433/15540)  loss 0.4706  lr 8.31e-04
    step 1350/3108 (global micro  4458/15540, update  4458/15540)  loss 0.7467  lr 8.29e-04
    step 1375/3108 (global micro  4483/15540, update  4483/15540)  loss 0.4911  lr 8.28e-04
    step 1400/3108 (global micro  4508/15540, update  4508/15540)  loss 0.8349  lr 8.26e-04
    step 1425/3108 (global micro  4533/15540, update  4533/15540)  loss 0.5895  lr 8.24e-04
    step 1450/3108 (global micro  4558/15540, update  4558/15540)  loss 0.5812  lr 8.22e-04
    step 1475/3108 (global micro  4583/15540, update  4583/15540)  loss 0.8018  lr 8.20e-04
    step 1500/3108 (global micro  4608/15540, update  4608/15540)  loss 0.5776  lr 8.18e-04
    step 1525/3108 (global micro  4633/15540, update  4633/15540)  loss 0.6463  lr 8.17e-04
    step 1550/3108 (global micro  4658/15540, update  4658/15540)  loss 0.5597  lr 8.15e-04
    step 1575/3108 (global micro  4683/15540, update  4683/15540)  loss 0.6170  lr 8.13e-04
    step 1600/3108 (global micro  4708/15540, update  4708/15540)  loss 0.7320  lr 8.11e-04
    step 1625/3108 (global micro  4733/15540, update  4733/15540)  loss 0.5513  lr 8.09e-04
    step 1650/3108 (global micro  4758/15540, update  4758/15540)  loss 0.6494  lr 8.07e-04
    step 1675/3108 (global micro  4783/15540, update  4783/15540)  loss 0.6602  lr 8.06e-04
    step 1700/3108 (global micro  4808/15540, update  4808/15540)  loss 0.5842  lr 8.04e-04
    step 1725/3108 (global micro  4833/15540, update  4833/15540)  loss 0.5836  lr 8.02e-04
    step 1750/3108 (global micro  4858/15540, update  4858/15540)  loss 0.7512  lr 8.00e-04
    step 1775/3108 (global micro  4883/15540, update  4883/15540)  loss 0.7198  lr 7.98e-04
    step 1800/3108 (global micro  4908/15540, update  4908/15540)  loss 0.6740  lr 7.96e-04
    step 1825/3108 (global micro  4933/15540, update  4933/15540)  loss 0.5394  lr 7.94e-04
    step 1850/3108 (global micro  4958/15540, update  4958/15540)  loss 0.5776  lr 7.92e-04
    step 1875/3108 (global micro  4983/15540, update  4983/15540)  loss 0.7665  lr 7.90e-04
    step 1900/3108 (global micro  5008/15540, update  5008/15540)  loss 0.6003  lr 7.88e-04
    step 1925/3108 (global micro  5033/15540, update  5033/15540)  loss 0.6272  lr 7.86e-04
    step 1950/3108 (global micro  5058/15540, update  5058/15540)  loss 0.6670  lr 7.85e-04
    step 1975/3108 (global micro  5083/15540, update  5083/15540)  loss 0.7221  lr 7.83e-04
    step 2000/3108 (global micro  5108/15540, update  5108/15540)  loss 0.5779  lr 7.81e-04
    step 2025/3108 (global micro  5133/15540, update  5133/15540)  loss 0.4919  lr 7.79e-04
    step 2050/3108 (global micro  5158/15540, update  5158/15540)  loss 0.7434  lr 7.77e-04
    step 2075/3108 (global micro  5183/15540, update  5183/15540)  loss 0.7195  lr 7.75e-04
    step 2100/3108 (global micro  5208/15540, update  5208/15540)  loss 0.6294  lr 7.73e-04
    step 2125/3108 (global micro  5233/15540, update  5233/15540)  loss 0.5092  lr 7.71e-04
    step 2150/3108 (global micro  5258/15540, update  5258/15540)  loss 0.5471  lr 7.69e-04
    step 2175/3108 (global micro  5283/15540, update  5283/15540)  loss 0.6356  lr 7.67e-04
    step 2200/3108 (global micro  5308/15540, update  5308/15540)  loss 0.6967  lr 7.65e-04
    step 2225/3108 (global micro  5333/15540, update  5333/15540)  loss 0.5881  lr 7.63e-04
    step 2250/3108 (global micro  5358/15540, update  5358/15540)  loss 0.5620  lr 7.61e-04
    step 2275/3108 (global micro  5383/15540, update  5383/15540)  loss 0.7221  lr 7.59e-04
    step 2300/3108 (global micro  5408/15540, update  5408/15540)  loss 0.6508  lr 7.57e-04
    step 2325/3108 (global micro  5433/15540, update  5433/15540)  loss 0.6452  lr 7.55e-04
    step 2350/3108 (global micro  5458/15540, update  5458/15540)  loss 0.6481  lr 7.53e-04
    step 2375/3108 (global micro  5483/15540, update  5483/15540)  loss 0.5539  lr 7.51e-04
    step 2400/3108 (global micro  5508/15540, update  5508/15540)  loss 0.6679  lr 7.49e-04
    step 2425/3108 (global micro  5533/15540, update  5533/15540)  loss 0.7232  lr 7.47e-04
    step 2450/3108 (global micro  5558/15540, update  5558/15540)  loss 0.7218  lr 7.45e-04
    step 2475/3108 (global micro  5583/15540, update  5583/15540)  loss 0.5783  lr 7.43e-04
    step 2500/3108 (global micro  5608/15540, update  5608/15540)  loss 0.5775  lr 7.40e-04
    step 2525/3108 (global micro  5633/15540, update  5633/15540)  loss 0.5878  lr 7.38e-04
    step 2550/3108 (global micro  5658/15540, update  5658/15540)  loss 0.6452  lr 7.36e-04
    step 2575/3108 (global micro  5683/15540, update  5683/15540)  loss 0.6614  lr 7.34e-04
    step 2600/3108 (global micro  5708/15540, update  5708/15540)  loss 0.7422  lr 7.32e-04
    step 2625/3108 (global micro  5733/15540, update  5733/15540)  loss 0.5777  lr 7.30e-04
    step 2650/3108 (global micro  5758/15540, update  5758/15540)  loss 0.5591  lr 7.28e-04
    step 2675/3108 (global micro  5783/15540, update  5783/15540)  loss 0.5369  lr 7.26e-04
    step 2700/3108 (global micro  5808/15540, update  5808/15540)  loss 0.5742  lr 7.24e-04
    step 2725/3108 (global micro  5833/15540, update  5833/15540)  loss 0.5344  lr 7.22e-04
    step 2750/3108 (global micro  5858/15540, update  5858/15540)  loss 0.5195  lr 7.20e-04
    step 2775/3108 (global micro  5883/15540, update  5883/15540)  loss 0.5832  lr 7.18e-04
    step 2800/3108 (global micro  5908/15540, update  5908/15540)  loss 0.6823  lr 7.15e-04
    step 2825/3108 (global micro  5933/15540, update  5933/15540)  loss 0.5591  lr 7.13e-04
    step 2850/3108 (global micro  5958/15540, update  5958/15540)  loss 0.5715  lr 7.11e-04
    step 2875/3108 (global micro  5983/15540, update  5983/15540)  loss 0.5501  lr 7.09e-04
    step 2900/3108 (global micro  6008/15540, update  6008/15540)  loss 0.6426  lr 7.07e-04
    step 2925/3108 (global micro  6033/15540, update  6033/15540)  loss 0.6317  lr 7.05e-04
    step 2950/3108 (global micro  6058/15540, update  6058/15540)  loss 0.6409  lr 7.03e-04
    step 2975/3108 (global micro  6083/15540, update  6083/15540)  loss 0.6332  lr 7.01e-04
    step 3000/3108 (global micro  6108/15540, update  6108/15540)  loss 0.6966  lr 6.98e-04
    step 3025/3108 (global micro  6133/15540, update  6133/15540)  loss 0.5886  lr 6.96e-04
    step 3050/3108 (global micro  6158/15540, update  6158/15540)  loss 0.4581  lr 6.94e-04
    step 3075/3108 (global micro  6183/15540, update  6183/15540)  loss 0.5956  lr 6.92e-04
    step 3100/3108 (global micro  6208/15540, update  6208/15540)  loss 0.7799  lr 6.90e-04
    step 3108/3108 (global micro  6216/15540, update  6216/15540)  loss 0.5988  lr 6.89e-04
  epoch   2/5  loss 0.6383  lr 6.89e-04  (609.2s)
  Epoch checkpoint: /home/aomukai/Ninereeds/core/c13_Phase_E_ext_p1_e2.pt
    step    1/3108 (global micro  6217/15540, update  6217/15540)  loss 0.5127  lr 6.89e-04
    step   25/3108 (global micro  6241/15540, update  6241/15540)  loss 0.6125  lr 6.87e-04
    step   50/3108 (global micro  6266/15540, update  6266/15540)  loss 0.7276  lr 6.85e-04
    step   75/3108 (global micro  6291/15540, update  6291/15540)  loss 0.5257  lr 6.83e-04
    step  100/3108 (global micro  6316/15540, update  6316/15540)  loss 0.5925  lr 6.80e-04
    step  125/3108 (global micro  6341/15540, update  6341/15540)  loss 0.6393  lr 6.78e-04
    step  150/3108 (global micro  6366/15540, update  6366/15540)  loss 0.5541  lr 6.76e-04
    step  175/3108 (global micro  6391/15540, update  6391/15540)  loss 0.5356  lr 6.74e-04
    step  200/3108 (global micro  6416/15540, update  6416/15540)  loss 0.4723  lr 6.72e-04
    step  225/3108 (global micro  6441/15540, update  6441/15540)  loss 0.4685  lr 6.69e-04
    step  250/3108 (global micro  6466/15540, update  6466/15540)  loss 0.6293  lr 6.67e-04
    step  275/3108 (global micro  6491/15540, update  6491/15540)  loss 0.6554  lr 6.65e-04
    step  300/3108 (global micro  6516/15540, update  6516/15540)  loss 0.6181  lr 6.63e-04
    step  325/3108 (global micro  6541/15540, update  6541/15540)  loss 0.5709  lr 6.61e-04
    step  350/3108 (global micro  6566/15540, update  6566/15540)  loss 0.4651  lr 6.58e-04
    step  375/3108 (global micro  6591/15540, update  6591/15540)  loss 0.4995  lr 6.56e-04
    step  400/3108 (global micro  6616/15540, update  6616/15540)  loss 0.6746  lr 6.54e-04
    step  425/3108 (global micro  6641/15540, update  6641/15540)  loss 0.4587  lr 6.52e-04
    step  450/3108 (global micro  6666/15540, update  6666/15540)  loss 0.7166  lr 6.50e-04
    step  475/3108 (global micro  6691/15540, update  6691/15540)  loss 0.7869  lr 6.47e-04
    step  500/3108 (global micro  6716/15540, update  6716/15540)  loss 0.6047  lr 6.45e-04
    step  525/3108 (global micro  6741/15540, update  6741/15540)  loss 0.5957  lr 6.43e-04
    step  550/3108 (global micro  6766/15540, update  6766/15540)  loss 0.5538  lr 6.41e-04
    step  575/3108 (global micro  6791/15540, update  6791/15540)  loss 0.6366  lr 6.38e-04
    step  600/3108 (global micro  6816/15540, update  6816/15540)  loss 0.6237  lr 6.36e-04
    step  625/3108 (global micro  6841/15540, update  6841/15540)  loss 0.5229  lr 6.34e-04
    step  650/3108 (global micro  6866/15540, update  6866/15540)  loss 0.6540  lr 6.32e-04
    step  675/3108 (global micro  6891/15540, update  6891/15540)  loss 0.5832  lr 6.30e-04
    step  700/3108 (global micro  6916/15540, update  6916/15540)  loss 0.5171  lr 6.27e-04
    step  725/3108 (global micro  6941/15540, update  6941/15540)  loss 0.5335  lr 6.25e-04
    step  750/3108 (global micro  6966/15540, update  6966/15540)  loss 0.6302  lr 6.23e-04
    step  775/3108 (global micro  6991/15540, update  6991/15540)  loss 0.6369  lr 6.21e-04
    step  800/3108 (global micro  7016/15540, update  7016/15540)  loss 0.4861  lr 6.18e-04
    step  825/3108 (global micro  7041/15540, update  7041/15540)  loss 0.5545  lr 6.16e-04
    step  850/3108 (global micro  7066/15540, update  7066/15540)  loss 0.5464  lr 6.14e-04
    step  875/3108 (global micro  7091/15540, update  7091/15540)  loss 0.5443  lr 6.12e-04
    step  900/3108 (global micro  7116/15540, update  7116/15540)  loss 0.5136  lr 6.09e-04
    step  925/3108 (global micro  7141/15540, update  7141/15540)  loss 0.6652  lr 6.07e-04
    step  950/3108 (global micro  7166/15540, update  7166/15540)  loss 0.6167  lr 6.05e-04
    step  975/3108 (global micro  7191/15540, update  7191/15540)  loss 0.6802  lr 6.03e-04
    step 1000/3108 (global micro  7216/15540, update  7216/15540)  loss 0.5689  lr 6.00e-04
    step 1025/3108 (global micro  7241/15540, update  7241/15540)  loss 0.5446  lr 5.98e-04
    step 1050/3108 (global micro  7266/15540, update  7266/15540)  loss 0.4903  lr 5.96e-04
    step 1075/3108 (global micro  7291/15540, update  7291/15540)  loss 0.6408  lr 5.94e-04
    step 1100/3108 (global micro  7316/15540, update  7316/15540)  loss 0.5603  lr 5.91e-04
    step 1125/3108 (global micro  7341/15540, update  7341/15540)  loss 0.5644  lr 5.89e-04
    step 1150/3108 (global micro  7366/15540, update  7366/15540)  loss 0.5220  lr 5.87e-04
    step 1175/3108 (global micro  7391/15540, update  7391/15540)  loss 0.5256  lr 5.84e-04
    step 1200/3108 (global micro  7416/15540, update  7416/15540)  loss 0.5640  lr 5.82e-04
    step 1225/3108 (global micro  7441/15540, update  7441/15540)  loss 0.4463  lr 5.80e-04
    step 1250/3108 (global micro  7466/15540, update  7466/15540)  loss 0.4930  lr 5.78e-04
    step 1275/3108 (global micro  7491/15540, update  7491/15540)  loss 0.5883  lr 5.75e-04
    step 1300/3108 (global micro  7516/15540, update  7516/15540)  loss 0.5438  lr 5.73e-04
    step 1325/3108 (global micro  7541/15540, update  7541/15540)  loss 0.4876  lr 5.71e-04
    step 1350/3108 (global micro  7566/15540, update  7566/15540)  loss 0.5021  lr 5.69e-04
    step 1375/3108 (global micro  7591/15540, update  7591/15540)  loss 0.5607  lr 5.66e-04
    step 1400/3108 (global micro  7616/15540, update  7616/15540)  loss 0.5793  lr 5.64e-04
    step 1425/3108 (global micro  7641/15540, update  7641/15540)  loss 0.6087  lr 5.62e-04
    step 1450/3108 (global micro  7666/15540, update  7666/15540)  loss 0.4535  lr 5.59e-04
    step 1475/3108 (global micro  7691/15540, update  7691/15540)  loss 0.6188  lr 5.57e-04
    step 1500/3108 (global micro  7716/15540, update  7716/15540)  loss 0.5355  lr 5.55e-04
    step 1525/3108 (global micro  7741/15540, update  7741/15540)  loss 0.6774  lr 5.53e-04
    step 1550/3108 (global micro  7766/15540, update  7766/15540)  loss 0.5454  lr 5.50e-04
    step 1575/3108 (global micro  7791/15540, update  7791/15540)  loss 0.5797  lr 5.48e-04
    step 1600/3108 (global micro  7816/15540, update  7816/15540)  loss 0.6002  lr 5.46e-04
    step 1625/3108 (global micro  7841/15540, update  7841/15540)  loss 0.5024  lr 5.44e-04
    step 1650/3108 (global micro  7866/15540, update  7866/15540)  loss 0.6200  lr 5.41e-04
    step 1675/3108 (global micro  7891/15540, update  7891/15540)  loss 0.5504  lr 5.39e-04
    step 1700/3108 (global micro  7916/15540, update  7916/15540)  loss 0.4992  lr 5.37e-04
    step 1725/3108 (global micro  7941/15540, update  7941/15540)  loss 0.8426  lr 5.34e-04
    step 1750/3108 (global micro  7966/15540, update  7966/15540)  loss 0.4438  lr 5.32e-04
    step 1775/3108 (global micro  7991/15540, update  7991/15540)  loss 0.6175  lr 5.30e-04
    step 1800/3108 (global micro  8016/15540, update  8016/15540)  loss 0.6218  lr 5.28e-04
    step 1825/3108 (global micro  8041/15540, update  8041/15540)  loss 0.5752  lr 5.25e-04
    step 1850/3108 (global micro  8066/15540, update  8066/15540)  loss 0.5816  lr 5.23e-04
    step 1875/3108 (global micro  8091/15540, update  8091/15540)  loss 0.4719  lr 5.21e-04
    step 1900/3108 (global micro  8116/15540, update  8116/15540)  loss 0.5876  lr 5.19e-04
    step 1925/3108 (global micro  8141/15540, update  8141/15540)  loss 0.5528  lr 5.16e-04
    step 1950/3108 (global micro  8166/15540, update  8166/15540)  loss 0.7553  lr 5.14e-04
    step 1975/3108 (global micro  8191/15540, update  8191/15540)  loss 0.4430  lr 5.12e-04
    step 2000/3108 (global micro  8216/15540, update  8216/15540)  loss 0.4937  lr 5.09e-04
    step 2025/3108 (global micro  8241/15540, update  8241/15540)  loss 0.5824  lr 5.07e-04
    step 2050/3108 (global micro  8266/15540, update  8266/15540)  loss 0.5757  lr 5.05e-04
    step 2075/3108 (global micro  8291/15540, update  8291/15540)  loss 0.4814  lr 5.03e-04
    step 2100/3108 (global micro  8316/15540, update  8316/15540)  loss 0.5259  lr 5.00e-04
    step 2125/3108 (global micro  8341/15540, update  8341/15540)  loss 0.7662  lr 4.98e-04
    step 2150/3108 (global micro  8366/15540, update  8366/15540)  loss 0.6149  lr 4.96e-04
    step 2175/3108 (global micro  8391/15540, update  8391/15540)  loss 0.4598  lr 4.94e-04
    step 2200/3108 (global micro  8416/15540, update  8416/15540)  loss 0.4141  lr 4.91e-04
    step 2225/3108 (global micro  8441/15540, update  8441/15540)  loss 0.4329  lr 4.89e-04
    step 2250/3108 (global micro  8466/15540, update  8466/15540)  loss 0.5743  lr 4.87e-04
    step 2275/3108 (global micro  8491/15540, update  8491/15540)  loss 0.5229  lr 4.85e-04
    step 2300/3108 (global micro  8516/15540, update  8516/15540)  loss 0.6482  lr 4.82e-04
    step 2325/3108 (global micro  8541/15540, update  8541/15540)  loss 0.5311  lr 4.80e-04
    step 2350/3108 (global micro  8566/15540, update  8566/15540)  loss 0.7869  lr 4.78e-04
    step 2375/3108 (global micro  8591/15540, update  8591/15540)  loss 0.4816  lr 4.76e-04
    step 2400/3108 (global micro  8616/15540, update  8616/15540)  loss 0.5572  lr 4.73e-04
    step 2425/3108 (global micro  8641/15540, update  8641/15540)  loss 0.6197  lr 4.71e-04
    step 2450/3108 (global micro  8666/15540, update  8666/15540)  loss 0.4328  lr 4.69e-04
    step 2475/3108 (global micro  8691/15540, update  8691/15540)  loss 0.4136  lr 4.67e-04
    step 2500/3108 (global micro  8716/15540, update  8716/15540)  loss 0.5341  lr 4.64e-04
    step 2525/3108 (global micro  8741/15540, update  8741/15540)  loss 0.5834  lr 4.62e-04
    step 2550/3108 (global micro  8766/15540, update  8766/15540)  loss 0.5933  lr 4.60e-04
    step 2575/3108 (global micro  8791/15540, update  8791/15540)  loss 0.5398  lr 4.58e-04
    step 2600/3108 (global micro  8816/15540, update  8816/15540)  loss 0.5283  lr 4.56e-04
    step 2625/3108 (global micro  8841/15540, update  8841/15540)  loss 0.4939  lr 4.53e-04
    step 2650/3108 (global micro  8866/15540, update  8866/15540)  loss 0.5451  lr 4.51e-04
    step 2675/3108 (global micro  8891/15540, update  8891/15540)  loss 0.5046  lr 4.49e-04
    step 2700/3108 (global micro  8916/15540, update  8916/15540)  loss 0.6038  lr 4.47e-04
    step 2725/3108 (global micro  8941/15540, update  8941/15540)  loss 0.5103  lr 4.44e-04
    step 2750/3108 (global micro  8966/15540, update  8966/15540)  loss 0.5558  lr 4.42e-04
    step 2775/3108 (global micro  8991/15540, update  8991/15540)  loss 0.6226  lr 4.40e-04
    step 2800/3108 (global micro  9016/15540, update  9016/15540)  loss 0.5624  lr 4.38e-04
    step 2825/3108 (global micro  9041/15540, update  9041/15540)  loss 0.8108  lr 4.36e-04
    step 2850/3108 (global micro  9066/15540, update  9066/15540)  loss 0.6053  lr 4.33e-04
    step 2875/3108 (global micro  9091/15540, update  9091/15540)  loss 0.4524  lr 4.31e-04
    step 2900/3108 (global micro  9116/15540, update  9116/15540)  loss 0.4185  lr 4.29e-04
    step 2925/3108 (global micro  9141/15540, update  9141/15540)  loss 0.5517  lr 4.27e-04
    step 2950/3108 (global micro  9166/15540, update  9166/15540)  loss 0.5090  lr 4.25e-04
    step 2975/3108 (global micro  9191/15540, update  9191/15540)  loss 0.5408  lr 4.22e-04
    step 3000/3108 (global micro  9216/15540, update  9216/15540)  loss 0.5670  lr 4.20e-04
    step 3025/3108 (global micro  9241/15540, update  9241/15540)  loss 0.6322  lr 4.18e-04
    step 3050/3108 (global micro  9266/15540, update  9266/15540)  loss 0.5268  lr 4.16e-04
    step 3075/3108 (global micro  9291/15540, update  9291/15540)  loss 0.6305  lr 4.14e-04
    step 3100/3108 (global micro  9316/15540, update  9316/15540)  loss 0.5838  lr 4.12e-04
    step 3108/3108 (global micro  9324/15540, update  9324/15540)  loss 0.7598  lr 4.11e-04
  epoch   3/5  loss 0.5642  lr 4.11e-04  (609.3s)
  Epoch checkpoint: /home/aomukai/Ninereeds/core/c13_Phase_E_ext_p1_e3.pt
    step    1/3108 (global micro  9325/15540, update  9325/15540)  loss 0.5005  lr 4.11e-04
    step   25/3108 (global micro  9349/15540, update  9349/15540)  loss 0.4408  lr 4.09e-04
    step   50/3108 (global micro  9374/15540, update  9374/15540)  loss 0.3753  lr 4.07e-04
    step   75/3108 (global micro  9399/15540, update  9399/15540)  loss 0.5062  lr 4.04e-04
    step  100/3108 (global micro  9424/15540, update  9424/15540)  loss 0.3841  lr 4.02e-04
    step  125/3108 (global micro  9449/15540, update  9449/15540)  loss 0.3956  lr 4.00e-04
    step  150/3108 (global micro  9474/15540, update  9474/15540)  loss 0.5163  lr 3.98e-04
    step  175/3108 (global micro  9499/15540, update  9499/15540)  loss 0.4642  lr 3.96e-04
    step  200/3108 (global micro  9524/15540, update  9524/15540)  loss 0.5544  lr 3.94e-04
    step  225/3108 (global micro  9549/15540, update  9549/15540)  loss 0.3805  lr 3.92e-04
    step  250/3108 (global micro  9574/15540, update  9574/15540)  loss 0.4129  lr 3.89e-04
    step  275/3108 (global micro  9599/15540, update  9599/15540)  loss 0.5300  lr 3.87e-04
    step  300/3108 (global micro  9624/15540, update  9624/15540)  loss 0.4810  lr 3.85e-04
    step  325/3108 (global micro  9649/15540, update  9649/15540)  loss 0.5345  lr 3.83e-04
    step  350/3108 (global micro  9674/15540, update  9674/15540)  loss 0.4866  lr 3.81e-04
    step  375/3108 (global micro  9699/15540, update  9699/15540)  loss 0.4447  lr 3.79e-04
    step  400/3108 (global micro  9724/15540, update  9724/15540)  loss 0.4121  lr 3.77e-04
    step  425/3108 (global micro  9749/15540, update  9749/15540)  loss 0.5720  lr 3.75e-04
    step  450/3108 (global micro  9774/15540, update  9774/15540)  loss 0.4413  lr 3.73e-04
    step  475/3108 (global micro  9799/15540, update  9799/15540)  loss 0.4297  lr 3.71e-04
    step  500/3108 (global micro  9824/15540, update  9824/15540)  loss 0.5122  lr 3.68e-04
    step  525/3108 (global micro  9849/15540, update  9849/15540)  loss 0.4589  lr 3.66e-04
    step  550/3108 (global micro  9874/15540, update  9874/15540)  loss 0.4806  lr 3.64e-04
    step  575/3108 (global micro  9899/15540, update  9899/15540)  loss 0.5328  lr 3.62e-04
    step  600/3108 (global micro  9924/15540, update  9924/15540)  loss 0.5100  lr 3.60e-04
    step  625/3108 (global micro  9949/15540, update  9949/15540)  loss 0.4862  lr 3.58e-04
    step  650/3108 (global micro  9974/15540, update  9974/15540)  loss 0.5416  lr 3.56e-04
    step  675/3108 (global micro  9999/15540, update  9999/15540)  loss 0.4765  lr 3.54e-04
    step  700/3108 (global micro 10024/15540, update 10024/15540)  loss 0.4174  lr 3.52e-04
    step  725/3108 (global micro 10049/15540, update 10049/15540)  loss 0.5169  lr 3.50e-04
    step  750/3108 (global micro 10074/15540, update 10074/15540)  loss 0.3861  lr 3.48e-04
    step  775/3108 (global micro 10099/15540, update 10099/15540)  loss 0.5035  lr 3.46e-04
    step  800/3108 (global micro 10124/15540, update 10124/15540)  loss 0.5239  lr 3.44e-04
    step  825/3108 (global micro 10149/15540, update 10149/15540)  loss 0.4909  lr 3.42e-04
    step  850/3108 (global micro 10174/15540, update 10174/15540)  loss 0.5416  lr 3.40e-04
    step  875/3108 (global micro 10199/15540, update 10199/15540)  loss 0.3858  lr 3.38e-04
    step  900/3108 (global micro 10224/15540, update 10224/15540)  loss 0.4290  lr 3.36e-04
    step  925/3108 (global micro 10249/15540, update 10249/15540)  loss 0.4544  lr 3.34e-04
    step  950/3108 (global micro 10274/15540, update 10274/15540)  loss 0.3432  lr 3.32e-04
    step  975/3108 (global micro 10299/15540, update 10299/15540)  loss 0.5179  lr 3.30e-04
    step 1000/3108 (global micro 10324/15540, update 10324/15540)  loss 0.5610  lr 3.28e-04
    step 1025/3108 (global micro 10349/15540, update 10349/15540)  loss 0.4468  lr 3.26e-04
    step 1050/3108 (global micro 10374/15540, update 10374/15540)  loss 0.6230  lr 3.24e-04
    step 1075/3108 (global micro 10399/15540, update 10399/15540)  loss 0.4684  lr 3.22e-04
    step 1100/3108 (global micro 10424/15540, update 10424/15540)  loss 0.4108  lr 3.20e-04
    step 1125/3108 (global micro 10449/15540, update 10449/15540)  loss 0.4516  lr 3.18e-04
    step 1150/3108 (global micro 10474/15540, update 10474/15540)  loss 0.5339  lr 3.16e-04
    step 1175/3108 (global micro 10499/15540, update 10499/15540)  loss 0.5710  lr 3.14e-04
    step 1200/3108 (global micro 10524/15540, update 10524/15540)  loss 0.5353  lr 3.12e-04
    step 1225/3108 (global micro 10549/15540, update 10549/15540)  loss 0.5881  lr 3.10e-04
    step 1250/3108 (global micro 10574/15540, update 10574/15540)  loss 0.4847  lr 3.08e-04
    step 1275/3108 (global micro 10599/15540, update 10599/15540)  loss 0.5685  lr 3.06e-04
    step 1300/3108 (global micro 10624/15540, update 10624/15540)  loss 0.5213  lr 3.05e-04
    step 1325/3108 (global micro 10649/15540, update 10649/15540)  loss 0.4092  lr 3.03e-04
    step 1350/3108 (global micro 10674/15540, update 10674/15540)  loss 0.5020  lr 3.01e-04
    step 1375/3108 (global micro 10699/15540, update 10699/15540)  loss 0.5055  lr 2.99e-04
    step 1400/3108 (global micro 10724/15540, update 10724/15540)  loss 0.5958  lr 2.97e-04
    step 1425/3108 (global micro 10749/15540, update 10749/15540)  loss 0.5661  lr 2.95e-04
    step 1450/3108 (global micro 10774/15540, update 10774/15540)  loss 0.5888  lr 2.93e-04
    step 1475/3108 (global micro 10799/15540, update 10799/15540)  loss 0.4512  lr 2.91e-04
    step 1500/3108 (global micro 10824/15540, update 10824/15540)  loss 0.5332  lr 2.89e-04
    step 1525/3108 (global micro 10849/15540, update 10849/15540)  loss 0.4675  lr 2.88e-04
    step 1550/3108 (global micro 10874/15540, update 10874/15540)  loss 0.4768  lr 2.86e-04
    step 1575/3108 (global micro 10899/15540, update 10899/15540)  loss 0.4727  lr 2.84e-04
    step 1600/3108 (global micro 10924/15540, update 10924/15540)  loss 0.4693  lr 2.82e-04
    step 1625/3108 (global micro 10949/15540, update 10949/15540)  loss 0.5893  lr 2.80e-04
    step 1650/3108 (global micro 10974/15540, update 10974/15540)  loss 0.4717  lr 2.78e-04
    step 1675/3108 (global micro 10999/15540, update 10999/15540)  loss 0.4136  lr 2.77e-04
    step 1700/3108 (global micro 11024/15540, update 11024/15540)  loss 0.3778  lr 2.75e-04
    step 1725/3108 (global micro 11049/15540, update 11049/15540)  loss 0.4455  lr 2.73e-04
    step 1750/3108 (global micro 11074/15540, update 11074/15540)  loss 0.4779  lr 2.71e-04
    step 1775/3108 (global micro 11099/15540, update 11099/15540)  loss 0.5147  lr 2.70e-04
    step 1800/3108 (global micro 11124/15540, update 11124/15540)  loss 0.5137  lr 2.68e-04
    step 1825/3108 (global micro 11149/15540, update 11149/15540)  loss 0.4352  lr 2.66e-04
    step 1850/3108 (global micro 11174/15540, update 11174/15540)  loss 0.4366  lr 2.64e-04
    step 1875/3108 (global micro 11199/15540, update 11199/15540)  loss 0.4096  lr 2.62e-04
    step 1900/3108 (global micro 11224/15540, update 11224/15540)  loss 0.3343  lr 2.61e-04
    step 1925/3108 (global micro 11249/15540, update 11249/15540)  loss 0.4592  lr 2.59e-04
    step 1950/3108 (global micro 11274/15540, update 11274/15540)  loss 0.4598  lr 2.57e-04
    step 1975/3108 (global micro 11299/15540, update 11299/15540)  loss 0.4835  lr 2.56e-04
    step 2000/3108 (global micro 11324/15540, update 11324/15540)  loss 0.4251  lr 2.54e-04
    step 2025/3108 (global micro 11349/15540, update 11349/15540)  loss 0.4707  lr 2.52e-04
    step 2050/3108 (global micro 11374/15540, update 11374/15540)  loss 0.3564  lr 2.50e-04
    step 2075/3108 (global micro 11399/15540, update 11399/15540)  loss 0.5028  lr 2.49e-04
    step 2100/3108 (global micro 11424/15540, update 11424/15540)  loss 0.4301  lr 2.47e-04
    step 2125/3108 (global micro 11449/15540, update 11449/15540)  loss 0.4943  lr 2.45e-04
    step 2150/3108 (global micro 11474/15540, update 11474/15540)  loss 0.5456  lr 2.44e-04
    step 2175/3108 (global micro 11499/15540, update 11499/15540)  loss 0.5124  lr 2.42e-04
    step 2200/3108 (global micro 11524/15540, update 11524/15540)  loss 0.7038  lr 2.40e-04
    step 2225/3108 (global micro 11549/15540, update 11549/15540)  loss 0.5458  lr 2.39e-04
    step 2250/3108 (global micro 11574/15540, update 11574/15540)  loss 0.5072  lr 2.37e-04
    step 2275/3108 (global micro 11599/15540, update 11599/15540)  loss 0.4306  lr 2.35e-04
    step 2300/3108 (global micro 11624/15540, update 11624/15540)  loss 0.5144  lr 2.34e-04
    step 2325/3108 (global micro 11649/15540, update 11649/15540)  loss 0.5064  lr 2.32e-04
    step 2350/3108 (global micro 11674/15540, update 11674/15540)  loss 0.3733  lr 2.31e-04
    step 2375/3108 (global micro 11699/15540, update 11699/15540)  loss 0.4566  lr 2.29e-04
    step 2400/3108 (global micro 11724/15540, update 11724/15540)  loss 0.5170  lr 2.27e-04
    step 2425/3108 (global micro 11749/15540, update 11749/15540)  loss 0.5381  lr 2.26e-04
    step 2450/3108 (global micro 11774/15540, update 11774/15540)  loss 0.4470  lr 2.24e-04
    step 2475/3108 (global micro 11799/15540, update 11799/15540)  loss 0.3476  lr 2.23e-04
    step 2500/3108 (global micro 11824/15540, update 11824/15540)  loss 0.6066  lr 2.21e-04
    step 2525/3108 (global micro 11849/15540, update 11849/15540)  loss 0.4157  lr 2.20e-04
    step 2550/3108 (global micro 11874/15540, update 11874/15540)  loss 0.3968  lr 2.18e-04
    step 2575/3108 (global micro 11899/15540, update 11899/15540)  loss 0.4645  lr 2.16e-04
    step 2600/3108 (global micro 11924/15540, update 11924/15540)  loss 0.4431  lr 2.15e-04
    step 2625/3108 (global micro 11949/15540, update 11949/15540)  loss 0.4681  lr 2.13e-04
    step 2650/3108 (global micro 11974/15540, update 11974/15540)  loss 0.4843  lr 2.12e-04
    step 2675/3108 (global micro 11999/15540, update 11999/15540)  loss 0.5077  lr 2.10e-04
    step 2700/3108 (global micro 12024/15540, update 12024/15540)  loss 0.5463  lr 2.09e-04
    step 2725/3108 (global micro 12049/15540, update 12049/15540)  loss 0.3994  lr 2.07e-04
    step 2750/3108 (global micro 12074/15540, update 12074/15540)  loss 0.5047  lr 2.06e-04
    step 2775/3108 (global micro 12099/15540, update 12099/15540)  loss 0.4646  lr 2.05e-04
    step 2800/3108 (global micro 12124/15540, update 12124/15540)  loss 0.5169  lr 2.03e-04
    step 2825/3108 (global micro 12149/15540, update 12149/15540)  loss 0.4766  lr 2.02e-04
    step 2850/3108 (global micro 12174/15540, update 12174/15540)  loss 0.4351  lr 2.00e-04
    step 2875/3108 (global micro 12199/15540, update 12199/15540)  loss 0.4275  lr 1.99e-04
    step 2900/3108 (global micro 12224/15540, update 12224/15540)  loss 0.4014  lr 1.97e-04
    step 2925/3108 (global micro 12249/15540, update 12249/15540)  loss 0.5895  lr 1.96e-04
    step 2950/3108 (global micro 12274/15540, update 12274/15540)  loss 0.4203  lr 1.95e-04
    step 2975/3108 (global micro 12299/15540, update 12299/15540)  loss 0.4528  lr 1.93e-04
    step 3000/3108 (global micro 12324/15540, update 12324/15540)  loss 0.5554  lr 1.92e-04
    step 3025/3108 (global micro 12349/15540, update 12349/15540)  loss 0.4227  lr 1.90e-04
    step 3050/3108 (global micro 12374/15540, update 12374/15540)  loss 0.3855  lr 1.89e-04
    step 3075/3108 (global micro 12399/15540, update 12399/15540)  loss 0.4264  lr 1.88e-04
    step 3100/3108 (global micro 12424/15540, update 12424/15540)  loss 0.4770  lr 1.86e-04
    step 3108/3108 (global micro 12432/15540, update 12432/15540)  loss 0.4137  lr 1.86e-04
  epoch   4/5  loss 0.4784  lr 1.86e-04  (609.2s)
  Epoch checkpoint: /home/aomukai/Ninereeds/core/c13_Phase_E_ext_p1_e4.pt
    step    1/3108 (global micro 12433/15540, update 12433/15540)  loss 0.3484  lr 1.86e-04
    step   25/3108 (global micro 12457/15540, update 12457/15540)  loss 0.3121  lr 1.85e-04
    step   50/3108 (global micro 12482/15540, update 12482/15540)  loss 0.3727  lr 1.83e-04
    step   75/3108 (global micro 12507/15540, update 12507/15540)  loss 0.3869  lr 1.82e-04
    step  100/3108 (global micro 12532/15540, update 12532/15540)  loss 0.3930  lr 1.81e-04
    step  125/3108 (global micro 12557/15540, update 12557/15540)  loss 0.4192  lr 1.79e-04
    step  150/3108 (global micro 12582/15540, update 12582/15540)  loss 0.3666  lr 1.78e-04
    step  175/3108 (global micro 12607/15540, update 12607/15540)  loss 0.4472  lr 1.77e-04
    step  200/3108 (global micro 12632/15540, update 12632/15540)  loss 0.4829  lr 1.76e-04
    step  225/3108 (global micro 12657/15540, update 12657/15540)  loss 0.3944  lr 1.74e-04
    step  250/3108 (global micro 12682/15540, update 12682/15540)  loss 0.3952  lr 1.73e-04
    step  275/3108 (global micro 12707/15540, update 12707/15540)  loss 0.4246  lr 1.72e-04
    step  300/3108 (global micro 12732/15540, update 12732/15540)  loss 0.4105  lr 1.71e-04
    step  325/3108 (global micro 12757/15540, update 12757/15540)  loss 0.3629  lr 1.69e-04
    step  350/3108 (global micro 12782/15540, update 12782/15540)  loss 0.4462  lr 1.68e-04
    step  375/3108 (global micro 12807/15540, update 12807/15540)  loss 0.3600  lr 1.67e-04
    step  400/3108 (global micro 12832/15540, update 12832/15540)  loss 0.3179  lr 1.66e-04
    step  425/3108 (global micro 12857/15540, update 12857/15540)  loss 0.3891  lr 1.65e-04
    step  450/3108 (global micro 12882/15540, update 12882/15540)  loss 0.3614  lr 1.63e-04
    step  475/3108 (global micro 12907/15540, update 12907/15540)  loss 0.4088  lr 1.62e-04
    step  500/3108 (global micro 12932/15540, update 12932/15540)  loss 0.3562  lr 1.61e-04
    step  525/3108 (global micro 12957/15540, update 12957/15540)  loss 0.4533  lr 1.60e-04
    step  550/3108 (global micro 12982/15540, update 12982/15540)  loss 0.3955  lr 1.59e-04
    step  575/3108 (global micro 13007/15540, update 13007/15540)  loss 0.3766  lr 1.58e-04
    step  600/3108 (global micro 13032/15540, update 13032/15540)  loss 0.4021  lr 1.57e-04
    step  625/3108 (global micro 13057/15540, update 13057/15540)  loss 0.3563  lr 1.56e-04
    step  650/3108 (global micro 13082/15540, update 13082/15540)  loss 0.4815  lr 1.54e-04
    step  675/3108 (global micro 13107/15540, update 13107/15540)  loss 0.4690  lr 1.53e-04
    step  700/3108 (global micro 13132/15540, update 13132/15540)  loss 0.3384  lr 1.52e-04
    step  725/3108 (global micro 13157/15540, update 13157/15540)  loss 0.4457  lr 1.51e-04
    step  750/3108 (global micro 13182/15540, update 13182/15540)  loss 0.3644  lr 1.50e-04
    step  775/3108 (global micro 13207/15540, update 13207/15540)  loss 0.2970  lr 1.49e-04
    step  800/3108 (global micro 13232/15540, update 13232/15540)  loss 0.4534  lr 1.48e-04
    step  825/3108 (global micro 13257/15540, update 13257/15540)  loss 0.4777  lr 1.47e-04
    step  850/3108 (global micro 13282/15540, update 13282/15540)  loss 0.4604  lr 1.46e-04
    step  875/3108 (global micro 13307/15540, update 13307/15540)  loss 0.3876  lr 1.45e-04
    step  900/3108 (global micro 13332/15540, update 13332/15540)  loss 0.4180  lr 1.44e-04
    step  925/3108 (global micro 13357/15540, update 13357/15540)  loss 0.3708  lr 1.43e-04
    step  950/3108 (global micro 13382/15540, update 13382/15540)  loss 0.3344  lr 1.42e-04
    step  975/3108 (global micro 13407/15540, update 13407/15540)  loss 0.3101  lr 1.41e-04
    step 1000/3108 (global micro 13432/15540, update 13432/15540)  loss 0.3374  lr 1.40e-04
    step 1025/3108 (global micro 13457/15540, update 13457/15540)  loss 0.4802  lr 1.39e-04
    step 1050/3108 (global micro 13482/15540, update 13482/15540)  loss 0.3347  lr 1.38e-04
    step 1075/3108 (global micro 13507/15540, update 13507/15540)  loss 0.3741  lr 1.37e-04
    step 1100/3108 (global micro 13532/15540, update 13532/15540)  loss 0.3638  lr 1.37e-04
    step 1125/3108 (global micro 13557/15540, update 13557/15540)  loss 0.4151  lr 1.36e-04
    step 1150/3108 (global micro 13582/15540, update 13582/15540)  loss 0.4492  lr 1.35e-04
    step 1175/3108 (global micro 13607/15540, update 13607/15540)  loss 0.3767  lr 1.34e-04
    step 1200/3108 (global micro 13632/15540, update 13632/15540)  loss 0.3233  lr 1.33e-04
    step 1225/3108 (global micro 13657/15540, update 13657/15540)  loss 0.4016  lr 1.32e-04
    step 1250/3108 (global micro 13682/15540, update 13682/15540)  loss 0.3423  lr 1.31e-04
    step 1275/3108 (global micro 13707/15540, update 13707/15540)  loss 0.3934  lr 1.31e-04
    step 1300/3108 (global micro 13732/15540, update 13732/15540)  loss 0.3405  lr 1.30e-04
    step 1325/3108 (global micro 13757/15540, update 13757/15540)  loss 0.3938  lr 1.29e-04
    step 1350/3108 (global micro 13782/15540, update 13782/15540)  loss 0.3121  lr 1.28e-04
    step 1375/3108 (global micro 13807/15540, update 13807/15540)  loss 0.4619  lr 1.27e-04
    step 1400/3108 (global micro 13832/15540, update 13832/15540)  loss 0.3768  lr 1.27e-04
    step 1425/3108 (global micro 13857/15540, update 13857/15540)  loss 0.3392  lr 1.26e-04
    step 1450/3108 (global micro 13882/15540, update 13882/15540)  loss 0.4431  lr 1.25e-04
    step 1475/3108 (global micro 13907/15540, update 13907/15540)  loss 0.3002  lr 1.24e-04
    step 1500/3108 (global micro 13932/15540, update 13932/15540)  loss 0.4126  lr 1.24e-04
    step 1525/3108 (global micro 13957/15540, update 13957/15540)  loss 0.4267  lr 1.23e-04
    step 1550/3108 (global micro 13982/15540, update 13982/15540)  loss 0.3966  lr 1.22e-04
    step 1575/3108 (global micro 14007/15540, update 14007/15540)  loss 0.3741  lr 1.21e-04
    step 1600/3108 (global micro 14032/15540, update 14032/15540)  loss 0.4439  lr 1.21e-04
    step 1625/3108 (global micro 14057/15540, update 14057/15540)  loss 0.3434  lr 1.20e-04
    step 1650/3108 (global micro 14082/15540, update 14082/15540)  loss 0.3884  lr 1.19e-04
    step 1675/3108 (global micro 14107/15540, update 14107/15540)  loss 0.3504  lr 1.19e-04
    step 1700/3108 (global micro 14132/15540, update 14132/15540)  loss 0.4616  lr 1.18e-04
    step 1725/3108 (global micro 14157/15540, update 14157/15540)  loss 0.4012  lr 1.17e-04
    step 1750/3108 (global micro 14182/15540, update 14182/15540)  loss 0.2671  lr 1.17e-04
    step 1775/3108 (global micro 14207/15540, update 14207/15540)  loss 0.3655  lr 1.16e-04
    step 1800/3108 (global micro 14232/15540, update 14232/15540)  loss 0.4336  lr 1.16e-04
    step 1825/3108 (global micro 14257/15540, update 14257/15540)  loss 0.3404  lr 1.15e-04
    step 1850/3108 (global micro 14282/15540, update 14282/15540)  loss 0.3404  lr 1.14e-04
    step 1875/3108 (global micro 14307/15540, update 14307/15540)  loss 0.3138  lr 1.14e-04
    step 1900/3108 (global micro 14332/15540, update 14332/15540)  loss 0.2624  lr 1.13e-04
    step 1925/3108 (global micro 14357/15540, update 14357/15540)  loss 0.3041  lr 1.13e-04
    step 1950/3108 (global micro 14382/15540, update 14382/15540)  loss 0.5021  lr 1.12e-04
    step 1975/3108 (global micro 14407/15540, update 14407/15540)  loss 0.3892  lr 1.12e-04
    step 2000/3108 (global micro 14432/15540, update 14432/15540)  loss 0.4103  lr 1.11e-04
    step 2025/3108 (global micro 14457/15540, update 14457/15540)  loss 0.3341  lr 1.11e-04
    step 2050/3108 (global micro 14482/15540, update 14482/15540)  loss 0.3505  lr 1.10e-04
    step 2075/3108 (global micro 14507/15540, update 14507/15540)  loss 0.3726  lr 1.10e-04
    step 2100/3108 (global micro 14532/15540, update 14532/15540)  loss 0.4480  lr 1.09e-04
    step 2125/3108 (global micro 14557/15540, update 14557/15540)  loss 0.3528  lr 1.09e-04
    step 2150/3108 (global micro 14582/15540, update 14582/15540)  loss 0.4484  lr 1.08e-04
    step 2175/3108 (global micro 14607/15540, update 14607/15540)  loss 0.3344  lr 1.08e-04
    step 2200/3108 (global micro 14632/15540, update 14632/15540)  loss 0.4496  lr 1.08e-04
    step 2225/3108 (global micro 14657/15540, update 14657/15540)  loss 0.3705  lr 1.07e-04
    step 2250/3108 (global micro 14682/15540, update 14682/15540)  loss 0.4720  lr 1.07e-04
    step 2275/3108 (global micro 14707/15540, update 14707/15540)  loss 0.3786  lr 1.06e-04
    step 2300/3108 (global micro 14732/15540, update 14732/15540)  loss 0.4074  lr 1.06e-04
    step 2325/3108 (global micro 14757/15540, update 14757/15540)  loss 0.4625  lr 1.06e-04
    step 2350/3108 (global micro 14782/15540, update 14782/15540)  loss 0.3599  lr 1.05e-04
    step 2375/3108 (global micro 14807/15540, update 14807/15540)  loss 0.4244  lr 1.05e-04
    step 2400/3108 (global micro 14832/15540, update 14832/15540)  loss 0.4658  lr 1.05e-04
    step 2425/3108 (global micro 14857/15540, update 14857/15540)  loss 0.3894  lr 1.04e-04
    step 2450/3108 (global micro 14882/15540, update 14882/15540)  loss 0.3092  lr 1.04e-04
    step 2475/3108 (global micro 14907/15540, update 14907/15540)  loss 0.4000  lr 1.04e-04
    step 2500/3108 (global micro 14932/15540, update 14932/15540)  loss 0.3780  lr 1.03e-04
    step 2525/3108 (global micro 14957/15540, update 14957/15540)  loss 0.4186  lr 1.03e-04
    step 2550/3108 (global micro 14982/15540, update 14982/15540)  loss 0.3487  lr 1.03e-04
    step 2575/3108 (global micro 15007/15540, update 15007/15540)  loss 0.4104  lr 1.03e-04
    step 2600/3108 (global micro 15032/15540, update 15032/15540)  loss 0.4759  lr 1.02e-04
    step 2625/3108 (global micro 15057/15540, update 15057/15540)  loss 0.3873  lr 1.02e-04
    step 2650/3108 (global micro 15082/15540, update 15082/15540)  loss 0.4415  lr 1.02e-04
    step 2675/3108 (global micro 15107/15540, update 15107/15540)  loss 0.4343  lr 1.02e-04
    step 2700/3108 (global micro 15132/15540, update 15132/15540)  loss 0.3156  lr 1.02e-04
    step 2725/3108 (global micro 15157/15540, update 15157/15540)  loss 0.4266  lr 1.01e-04
    step 2750/3108 (global micro 15182/15540, update 15182/15540)  loss 0.3562  lr 1.01e-04
    step 2775/3108 (global micro 15207/15540, update 15207/15540)  loss 0.3086  lr 1.01e-04
    step 2800/3108 (global micro 15232/15540, update 15232/15540)  loss 0.4207  lr 1.01e-04
    step 2825/3108 (global micro 15257/15540, update 15257/15540)  loss 0.3763  lr 1.01e-04
    step 2850/3108 (global micro 15282/15540, update 15282/15540)  loss 0.2768  lr 1.01e-04
    step 2875/3108 (global micro 15307/15540, update 15307/15540)  loss 0.4102  lr 1.00e-04
    step 2900/3108 (global micro 15332/15540, update 15332/15540)  loss 0.3859  lr 1.00e-04
    step 2925/3108 (global micro 15357/15540, update 15357/15540)  loss 0.4066  lr 1.00e-04
    step 2950/3108 (global micro 15382/15540, update 15382/15540)  loss 0.3610  lr 1.00e-04
    step 2975/3108 (global micro 15407/15540, update 15407/15540)  loss 0.4500  lr 1.00e-04
    step 3000/3108 (global micro 15432/15540, update 15432/15540)  loss 0.3537  lr 1.00e-04
    step 3025/3108 (global micro 15457/15540, update 15457/15540)  loss 0.3823  lr 1.00e-04
    step 3050/3108 (global micro 15482/15540, update 15482/15540)  loss 0.3399  lr 1.00e-04
    step 3075/3108 (global micro 15507/15540, update 15507/15540)  loss 0.4243  lr 1.00e-04
    step 3100/3108 (global micro 15532/15540, update 15532/15540)  loss 0.3563  lr 1.00e-04
    step 3108/3108 (global micro 15540/15540, update 15540/15540)  loss 0.2324  lr 1.00e-04
  epoch   5/5  loss 0.3874  lr 1.00e-04  (609.1s)
  Epoch checkpoint: /home/aomukai/Ninereeds/core/c13_Phase_E_ext_p1_e5.pt

  Best loss: 0.3874
  Checkpoint saved: /home/aomukai/Ninereeds/core/c13_Phase_E_ext_p1.pt

