  Training audit: PASSED
  Python: /home/aomukai/.unsloth/studio/unsloth_studio/bin/python
  Device: cuda
  Phase: 0
  Seed: 1337
  Data order: seeded-shuffle
  Resume checkpoint: core/campaign_13_phase_A.pt

============================================================
  BDH Phase 0 Training
============================================================
  Data files: ['training/corpus/campaign_13_phase_A.txt']
  Total bytes: 5,981,721
  Pre-loading corpus tensor...
  Corpus tensor: 5,981,721 tokens
  Model: small-25m (25.3M params)
  Resuming from: core/campaign_13_phase_A.pt
  Seed: 1337  |  Deterministic: enabled  |  Data order: seeded-shuffle
  Epochs: 1  |  Windows/epoch: 23366  |  Micro-steps/epoch: 5842  |  Optimizer updates/epoch: 5842  |  Total optimizer updates: 5842  |  LR: 0.001
  Block size: 256  |  Batch size: 4
  Grad accumulation: 1
  AMP bf16: enabled
  Data mode: phase_text
  VRAM logging: disabled
  Log interval: every 25 step(s)
  Output: core/campaign_13_phase_A_e4.pt

    step    1/5842 (global micro     1/5842, update     1/5842)  loss 0.5090  lr 1.00e-03
    step   25/5842 (global micro    25/5842, update    25/5842)  loss 0.5227  lr 1.00e-03
    step   50/5842 (global micro    50/5842, update    50/5842)  loss 0.6308  lr 1.00e-03
    step   75/5842 (global micro    75/5842, update    75/5842)  loss 0.6723  lr 1.00e-03
    step  100/5842 (global micro   100/5842, update   100/5842)  loss 0.5581  lr 9.99e-04
    step  125/5842 (global micro   125/5842, update   125/5842)  loss 0.6760  lr 9.99e-04
    step  150/5842 (global micro   150/5842, update   150/5842)  loss 0.6659  lr 9.99e-04
    step  175/5842 (global micro   175/5842, update   175/5842)  loss 0.7666  lr 9.98e-04
    step  200/5842 (global micro   200/5842, update   200/5842)  loss 0.8009  lr 9.97e-04
    step  225/5842 (global micro   225/5842, update   225/5842)  loss 0.7342  lr 9.97e-04
    step  250/5842 (global micro   250/5842, update   250/5842)  loss 0.7471  lr 9.96e-04
    step  275/5842 (global micro   275/5842, update   275/5842)  loss 0.6111  lr 9.95e-04
    step  300/5842 (global micro   300/5842, update   300/5842)  loss 0.7156  lr 9.94e-04
    step  325/5842 (global micro   325/5842, update   325/5842)  loss 0.6589  lr 9.93e-04
    step  350/5842 (global micro   350/5842, update   350/5842)  loss 0.5883  lr 9.92e-04
    step  375/5842 (global micro   375/5842, update   375/5842)  loss 0.6029  lr 9.91e-04
    step  400/5842 (global micro   400/5842, update   400/5842)  loss 0.7451  lr 9.90e-04
    step  425/5842 (global micro   425/5842, update   425/5842)  loss 0.8216  lr 9.88e-04
    step  450/5842 (global micro   450/5842, update   450/5842)  loss 0.7548  lr 9.87e-04
    step  475/5842 (global micro   475/5842, update   475/5842)  loss 0.6127  lr 9.85e-04
    step  500/5842 (global micro   500/5842, update   500/5842)  loss 0.7232  lr 9.84e-04
    step  525/5842 (global micro   525/5842, update   525/5842)  loss 0.9356  lr 9.82e-04
    step  550/5842 (global micro   550/5842, update   550/5842)  loss 0.6393  lr 9.80e-04
    step  575/5842 (global micro   575/5842, update   575/5842)  loss 0.6750  lr 9.79e-04
    step  600/5842 (global micro   600/5842, update   600/5842)  loss 0.6644  lr 9.77e-04
    step  625/5842 (global micro   625/5842, update   625/5842)  loss 0.9432  lr 9.75e-04
    step  650/5842 (global micro   650/5842, update   650/5842)  loss 0.6178  lr 9.73e-04
    step  675/5842 (global micro   675/5842, update   675/5842)  loss 0.7224  lr 9.71e-04
    step  700/5842 (global micro   700/5842, update   700/5842)  loss 0.6966  lr 9.68e-04
    step  725/5842 (global micro   725/5842, update   725/5842)  loss 0.8710  lr 9.66e-04
    step  750/5842 (global micro   750/5842, update   750/5842)  loss 0.7064  lr 9.64e-04
    step  775/5842 (global micro   775/5842, update   775/5842)  loss 0.8244  lr 9.61e-04
    step  800/5842 (global micro   800/5842, update   800/5842)  loss 0.6586  lr 9.59e-04
    step  825/5842 (global micro   825/5842, update   825/5842)  loss 0.7890  lr 9.56e-04
    step  850/5842 (global micro   850/5842, update   850/5842)  loss 0.4849  lr 9.54e-04
    step  875/5842 (global micro   875/5842, update   875/5842)  loss 0.7619  lr 9.51e-04
    step  900/5842 (global micro   900/5842, update   900/5842)  loss 0.6757  lr 9.48e-04
    step  925/5842 (global micro   925/5842, update   925/5842)  loss 0.7486  lr 9.45e-04
    step  950/5842 (global micro   950/5842, update   950/5842)  loss 0.6716  lr 9.43e-04
    step  975/5842 (global micro   975/5842, update   975/5842)  loss 0.8559  lr 9.40e-04
    step 1000/5842 (global micro  1000/5842, update  1000/5842)  loss 0.6796  lr 9.36e-04
    step 1025/5842 (global micro  1025/5842, update  1025/5842)  loss 0.6333  lr 9.33e-04
    step 1050/5842 (global micro  1050/5842, update  1050/5842)  loss 0.7829  lr 9.30e-04
    step 1075/5842 (global micro  1075/5842, update  1075/5842)  loss 0.6666  lr 9.27e-04
    step 1100/5842 (global micro  1100/5842, update  1100/5842)  loss 0.5678  lr 9.24e-04
    step 1125/5842 (global micro  1125/5842, update  1125/5842)  loss 0.7915  lr 9.20e-04
    step 1150/5842 (global micro  1150/5842, update  1150/5842)  loss 0.7605  lr 9.17e-04
    step 1175/5842 (global micro  1175/5842, update  1175/5842)  loss 0.6181  lr 9.13e-04
    step 1200/5842 (global micro  1200/5842, update  1200/5842)  loss 0.8475  lr 9.10e-04
    step 1225/5842 (global micro  1225/5842, update  1225/5842)  loss 0.8564  lr 9.06e-04
    step 1250/5842 (global micro  1250/5842, update  1250/5842)  loss 0.6400  lr 9.02e-04
    step 1275/5842 (global micro  1275/5842, update  1275/5842)  loss 0.5630  lr 8.98e-04
    step 1300/5842 (global micro  1300/5842, update  1300/5842)  loss 0.7875  lr 8.94e-04
    step 1325/5842 (global micro  1325/5842, update  1325/5842)  loss 0.7600  lr 8.91e-04
    step 1350/5842 (global micro  1350/5842, update  1350/5842)  loss 0.8869  lr 8.87e-04
    step 1375/5842 (global micro  1375/5842, update  1375/5842)  loss 0.6939  lr 8.82e-04
    step 1400/5842 (global micro  1400/5842, update  1400/5842)  loss 0.7305  lr 8.78e-04
    step 1425/5842 (global micro  1425/5842, update  1425/5842)  loss 0.8246  lr 8.74e-04
    step 1450/5842 (global micro  1450/5842, update  1450/5842)  loss 0.6879  lr 8.70e-04
    step 1475/5842 (global micro  1475/5842, update  1475/5842)  loss 0.8027  lr 8.66e-04
    step 1500/5842 (global micro  1500/5842, update  1500/5842)  loss 0.6985  lr 8.61e-04
    step 1525/5842 (global micro  1525/5842, update  1525/5842)  loss 0.6233  lr 8.57e-04
    step 1550/5842 (global micro  1550/5842, update  1550/5842)  loss 0.9253  lr 8.53e-04
    step 1575/5842 (global micro  1575/5842, update  1575/5842)  loss 0.8743  lr 8.48e-04
    step 1600/5842 (global micro  1600/5842, update  1600/5842)  loss 0.6768  lr 8.43e-04
    step 1625/5842 (global micro  1625/5842, update  1625/5842)  loss 0.6366  lr 8.39e-04
    step 1650/5842 (global micro  1650/5842, update  1650/5842)  loss 0.8368  lr 8.34e-04
    step 1675/5842 (global micro  1675/5842, update  1675/5842)  loss 0.7319  lr 8.29e-04
    step 1700/5842 (global micro  1700/5842, update  1700/5842)  loss 0.6046  lr 8.25e-04
    step 1725/5842 (global micro  1725/5842, update  1725/5842)  loss 0.6167  lr 8.20e-04
    step 1750/5842 (global micro  1750/5842, update  1750/5842)  loss 0.7908  lr 8.15e-04
    step 1775/5842 (global micro  1775/5842, update  1775/5842)  loss 0.6501  lr 8.10e-04
    step 1800/5842 (global micro  1800/5842, update  1800/5842)  loss 0.7932  lr 8.05e-04
    step 1825/5842 (global micro  1825/5842, update  1825/5842)  loss 0.5538  lr 8.00e-04
    step 1850/5842 (global micro  1850/5842, update  1850/5842)  loss 0.6615  lr 7.95e-04
    step 1875/5842 (global micro  1875/5842, update  1875/5842)  loss 0.5493  lr 7.90e-04
    step 1900/5842 (global micro  1900/5842, update  1900/5842)  loss 0.6455  lr 7.85e-04
    step 1925/5842 (global micro  1925/5842, update  1925/5842)  loss 0.7235  lr 7.80e-04
    step 1950/5842 (global micro  1950/5842, update  1950/5842)  loss 0.8189  lr 7.74e-04
    step 1975/5842 (global micro  1975/5842, update  1975/5842)  loss 0.7590  lr 7.69e-04
    step 2000/5842 (global micro  2000/5842, update  2000/5842)  loss 0.8470  lr 7.64e-04
    step 2025/5842 (global micro  2025/5842, update  2025/5842)  loss 0.8509  lr 7.59e-04
    step 2050/5842 (global micro  2050/5842, update  2050/5842)  loss 0.5090  lr 7.53e-04
    step 2075/5842 (global micro  2075/5842, update  2075/5842)  loss 0.6376  lr 7.48e-04
    step 2100/5842 (global micro  2100/5842, update  2100/5842)  loss 0.7899  lr 7.42e-04
    step 2125/5842 (global micro  2125/5842, update  2125/5842)  loss 0.5517  lr 7.37e-04
    step 2150/5842 (global micro  2150/5842, update  2150/5842)  loss 0.7807  lr 7.31e-04
    step 2175/5842 (global micro  2175/5842, update  2175/5842)  loss 0.6334  lr 7.26e-04
    step 2200/5842 (global micro  2200/5842, update  2200/5842)  loss 0.6983  lr 7.20e-04
    step 2225/5842 (global micro  2225/5842, update  2225/5842)  loss 0.7531  lr 7.15e-04
    step 2250/5842 (global micro  2250/5842, update  2250/5842)  loss 0.4805  lr 7.09e-04
    step 2275/5842 (global micro  2275/5842, update  2275/5842)  loss 0.6685  lr 7.03e-04
    step 2300/5842 (global micro  2300/5842, update  2300/5842)  loss 0.6441  lr 6.97e-04
    step 2325/5842 (global micro  2325/5842, update  2325/5842)  loss 0.6785  lr 6.92e-04
    step 2350/5842 (global micro  2350/5842, update  2350/5842)  loss 0.5376  lr 6.86e-04
    step 2375/5842 (global micro  2375/5842, update  2375/5842)  loss 0.6980  lr 6.80e-04
    step 2400/5842 (global micro  2400/5842, update  2400/5842)  loss 0.6325  lr 6.74e-04
    step 2425/5842 (global micro  2425/5842, update  2425/5842)  loss 0.7206  lr 6.69e-04
    step 2450/5842 (global micro  2450/5842, update  2450/5842)  loss 0.6029  lr 6.63e-04
    step 2475/5842 (global micro  2475/5842, update  2475/5842)  loss 0.7915  lr 6.57e-04
    step 2500/5842 (global micro  2500/5842, update  2500/5842)  loss 0.9797  lr 6.51e-04
    step 2525/5842 (global micro  2525/5842, update  2525/5842)  loss 0.7317  lr 6.45e-04
    step 2550/5842 (global micro  2550/5842, update  2550/5842)  loss 0.6836  lr 6.39e-04
    step 2575/5842 (global micro  2575/5842, update  2575/5842)  loss 0.6556  lr 6.33e-04
    step 2600/5842 (global micro  2600/5842, update  2600/5842)  loss 0.6798  lr 6.27e-04
    step 2625/5842 (global micro  2625/5842, update  2625/5842)  loss 0.6119  lr 6.21e-04
    step 2650/5842 (global micro  2650/5842, update  2650/5842)  loss 0.7573  lr 6.15e-04
    step 2675/5842 (global micro  2675/5842, update  2675/5842)  loss 0.6788  lr 6.09e-04
    step 2700/5842 (global micro  2700/5842, update  2700/5842)  loss 0.7058  lr 6.03e-04
    step 2725/5842 (global micro  2725/5842, update  2725/5842)  loss 0.6311  lr 5.97e-04
    step 2750/5842 (global micro  2750/5842, update  2750/5842)  loss 0.7382  lr 5.91e-04
    step 2775/5842 (global micro  2775/5842, update  2775/5842)  loss 0.8486  lr 5.85e-04
    step 2800/5842 (global micro  2800/5842, update  2800/5842)  loss 0.5259  lr 5.79e-04
    step 2825/5842 (global micro  2825/5842, update  2825/5842)  loss 0.6129  lr 5.73e-04
    step 2850/5842 (global micro  2850/5842, update  2850/5842)  loss 0.7031  lr 5.67e-04
    step 2875/5842 (global micro  2875/5842, update  2875/5842)  loss 0.7257  lr 5.61e-04
    step 2900/5842 (global micro  2900/5842, update  2900/5842)  loss 0.4971  lr 5.55e-04
    step 2925/5842 (global micro  2925/5842, update  2925/5842)  loss 0.8371  lr 5.49e-04
    step 2950/5842 (global micro  2950/5842, update  2950/5842)  loss 0.7225  lr 5.43e-04
    step 2975/5842 (global micro  2975/5842, update  2975/5842)  loss 0.5228  lr 5.37e-04
    step 3000/5842 (global micro  3000/5842, update  3000/5842)  loss 0.6182  lr 5.31e-04
    step 3025/5842 (global micro  3025/5842, update  3025/5842)  loss 0.6886  lr 5.25e-04
    step 3050/5842 (global micro  3050/5842, update  3050/5842)  loss 0.6289  lr 5.19e-04
    step 3075/5842 (global micro  3075/5842, update  3075/5842)  loss 0.7649  lr 5.13e-04
    step 3100/5842 (global micro  3100/5842, update  3100/5842)  loss 0.6194  lr 5.07e-04
    step 3125/5842 (global micro  3125/5842, update  3125/5842)  loss 0.6833  lr 5.01e-04
    step 3150/5842 (global micro  3150/5842, update  3150/5842)  loss 0.8383  lr 4.95e-04
    step 3175/5842 (global micro  3175/5842, update  3175/5842)  loss 0.5832  lr 4.89e-04
    step 3200/5842 (global micro  3200/5842, update  3200/5842)  loss 0.6065  lr 4.83e-04
    step 3225/5842 (global micro  3225/5842, update  3225/5842)  loss 0.5987  lr 4.77e-04
    step 3250/5842 (global micro  3250/5842, update  3250/5842)  loss 0.6877  lr 4.71e-04
    step 3275/5842 (global micro  3275/5842, update  3275/5842)  loss 0.7547  lr 4.65e-04
    step 3300/5842 (global micro  3300/5842, update  3300/5842)  loss 0.8340  lr 4.59e-04
    step 3325/5842 (global micro  3325/5842, update  3325/5842)  loss 0.6504  lr 4.53e-04
    step 3350/5842 (global micro  3350/5842, update  3350/5842)  loss 0.7413  lr 4.47e-04
    step 3375/5842 (global micro  3375/5842, update  3375/5842)  loss 0.6805  lr 4.41e-04
    step 3400/5842 (global micro  3400/5842, update  3400/5842)  loss 0.8082  lr 4.35e-04
    step 3425/5842 (global micro  3425/5842, update  3425/5842)  loss 0.5023  lr 4.30e-04
    step 3450/5842 (global micro  3450/5842, update  3450/5842)  loss 0.7694  lr 4.24e-04
    step 3475/5842 (global micro  3475/5842, update  3475/5842)  loss 0.6048  lr 4.18e-04
    step 3500/5842 (global micro  3500/5842, update  3500/5842)  loss 0.6039  lr 4.12e-04
    step 3525/5842 (global micro  3525/5842, update  3525/5842)  loss 0.7224  lr 4.06e-04
    step 3550/5842 (global micro  3550/5842, update  3550/5842)  loss 0.6998  lr 4.01e-04
    step 3575/5842 (global micro  3575/5842, update  3575/5842)  loss 0.5344  lr 3.95e-04
    step 3600/5842 (global micro  3600/5842, update  3600/5842)  loss 0.7789  lr 3.89e-04
    step 3625/5842 (global micro  3625/5842, update  3625/5842)  loss 0.6027  lr 3.84e-04
    step 3650/5842 (global micro  3650/5842, update  3650/5842)  loss 0.5718  lr 3.78e-04
    step 3675/5842 (global micro  3675/5842, update  3675/5842)  loss 0.6798  lr 3.72e-04
    step 3700/5842 (global micro  3700/5842, update  3700/5842)  loss 0.6008  lr 3.67e-04
    step 3725/5842 (global micro  3725/5842, update  3725/5842)  loss 0.9200  lr 3.61e-04
    step 3750/5842 (global micro  3750/5842, update  3750/5842)  loss 0.5377  lr 3.56e-04
    step 3775/5842 (global micro  3775/5842, update  3775/5842)  loss 0.6977  lr 3.51e-04
    step 3800/5842 (global micro  3800/5842, update  3800/5842)  loss 0.5816  lr 3.45e-04
    step 3825/5842 (global micro  3825/5842, update  3825/5842)  loss 0.4694  lr 3.40e-04
    step 3850/5842 (global micro  3850/5842, update  3850/5842)  loss 0.7064  lr 3.34e-04
    step 3875/5842 (global micro  3875/5842, update  3875/5842)  loss 0.6149  lr 3.29e-04
    step 3900/5842 (global micro  3900/5842, update  3900/5842)  loss 0.5691  lr 3.24e-04
    step 3925/5842 (global micro  3925/5842, update  3925/5842)  loss 0.6766  lr 3.19e-04
    step 3950/5842 (global micro  3950/5842, update  3950/5842)  loss 0.6381  lr 3.14e-04
    step 3975/5842 (global micro  3975/5842, update  3975/5842)  loss 0.4603  lr 3.08e-04
    step 4000/5842 (global micro  4000/5842, update  4000/5842)  loss 0.5424  lr 3.03e-04
    step 4025/5842 (global micro  4025/5842, update  4025/5842)  loss 0.6029  lr 2.98e-04
    step 4050/5842 (global micro  4050/5842, update  4050/5842)  loss 0.6492  lr 2.93e-04
    step 4075/5842 (global micro  4075/5842, update  4075/5842)  loss 0.5908  lr 2.88e-04
    step 4100/5842 (global micro  4100/5842, update  4100/5842)  loss 0.5933  lr 2.83e-04
    step 4125/5842 (global micro  4125/5842, update  4125/5842)  loss 0.6121  lr 2.79e-04
    step 4150/5842 (global micro  4150/5842, update  4150/5842)  loss 0.6912  lr 2.74e-04
    step 4175/5842 (global micro  4175/5842, update  4175/5842)  loss 0.7013  lr 2.69e-04
    step 4200/5842 (global micro  4200/5842, update  4200/5842)  loss 0.4981  lr 2.64e-04
    step 4225/5842 (global micro  4225/5842, update  4225/5842)  loss 0.6833  lr 2.60e-04
    step 4250/5842 (global micro  4250/5842, update  4250/5842)  loss 0.4986  lr 2.55e-04
    step 4275/5842 (global micro  4275/5842, update  4275/5842)  loss 0.5916  lr 2.51e-04
    step 4300/5842 (global micro  4300/5842, update  4300/5842)  loss 0.6338  lr 2.46e-04
    step 4325/5842 (global micro  4325/5842, update  4325/5842)  loss 0.6288  lr 2.42e-04
    step 4350/5842 (global micro  4350/5842, update  4350/5842)  loss 0.5016  lr 2.37e-04
    step 4375/5842 (global micro  4375/5842, update  4375/5842)  loss 0.7921  lr 2.33e-04
    step 4400/5842 (global micro  4400/5842, update  4400/5842)  loss 0.8284  lr 2.29e-04
    step 4425/5842 (global micro  4425/5842, update  4425/5842)  loss 0.5542  lr 2.24e-04
    step 4450/5842 (global micro  4450/5842, update  4450/5842)  loss 0.6571  lr 2.20e-04
    step 4475/5842 (global micro  4475/5842, update  4475/5842)  loss 0.5969  lr 2.16e-04
    step 4500/5842 (global micro  4500/5842, update  4500/5842)  loss 0.6901  lr 2.12e-04
    step 4525/5842 (global micro  4525/5842, update  4525/5842)  loss 0.6465  lr 2.08e-04
    step 4550/5842 (global micro  4550/5842, update  4550/5842)  loss 0.4314  lr 2.04e-04
    step 4575/5842 (global micro  4575/5842, update  4575/5842)  loss 0.5750  lr 2.00e-04
    step 4600/5842 (global micro  4600/5842, update  4600/5842)  loss 0.5813  lr 1.97e-04
    step 4625/5842 (global micro  4625/5842, update  4625/5842)  loss 0.7550  lr 1.93e-04
    step 4650/5842 (global micro  4650/5842, update  4650/5842)  loss 0.4821  lr 1.89e-04
    step 4675/5842 (global micro  4675/5842, update  4675/5842)  loss 0.5688  lr 1.86e-04
    step 4700/5842 (global micro  4700/5842, update  4700/5842)  loss 0.4681  lr 1.82e-04
    step 4725/5842 (global micro  4725/5842, update  4725/5842)  loss 0.7744  lr 1.79e-04
    step 4750/5842 (global micro  4750/5842, update  4750/5842)  loss 0.5925  lr 1.75e-04
    step 4775/5842 (global micro  4775/5842, update  4775/5842)  loss 0.5856  lr 1.72e-04
    step 4800/5842 (global micro  4800/5842, update  4800/5842)  loss 0.5747  lr 1.69e-04
    step 4825/5842 (global micro  4825/5842, update  4825/5842)  loss 0.6707  lr 1.66e-04
    step 4850/5842 (global micro  4850/5842, update  4850/5842)  loss 0.4673  lr 1.63e-04
    step 4875/5842 (global micro  4875/5842, update  4875/5842)  loss 0.4781  lr 1.59e-04
    step 4900/5842 (global micro  4900/5842, update  4900/5842)  loss 0.5187  lr 1.57e-04
    step 4925/5842 (global micro  4925/5842, update  4925/5842)  loss 0.7377  lr 1.54e-04
    step 4950/5842 (global micro  4950/5842, update  4950/5842)  loss 0.6076  lr 1.51e-04
    step 4975/5842 (global micro  4975/5842, update  4975/5842)  loss 0.5579  lr 1.48e-04
    step 5000/5842 (global micro  5000/5842, update  5000/5842)  loss 0.6444  lr 1.45e-04
    step 5025/5842 (global micro  5025/5842, update  5025/5842)  loss 0.5383  lr 1.43e-04
    step 5050/5842 (global micro  5050/5842, update  5050/5842)  loss 0.5330  lr 1.40e-04
    step 5075/5842 (global micro  5075/5842, update  5075/5842)  loss 0.5167  lr 1.38e-04
    step 5100/5842 (global micro  5100/5842, update  5100/5842)  loss 0.5773  lr 1.35e-04
    step 5125/5842 (global micro  5125/5842, update  5125/5842)  loss 0.6437  lr 1.33e-04
    step 5150/5842 (global micro  5150/5842, update  5150/5842)  loss 0.5886  lr 1.31e-04
    step 5175/5842 (global micro  5175/5842, update  5175/5842)  loss 0.6391  lr 1.29e-04
    step 5200/5842 (global micro  5200/5842, update  5200/5842)  loss 0.6871  lr 1.27e-04
    step 5225/5842 (global micro  5225/5842, update  5225/5842)  loss 0.6136  lr 1.25e-04
    step 5250/5842 (global micro  5250/5842, update  5250/5842)  loss 0.7925  lr 1.23e-04
    step 5275/5842 (global micro  5275/5842, update  5275/5842)  loss 0.6051  lr 1.21e-04
    step 5300/5842 (global micro  5300/5842, update  5300/5842)  loss 0.4830  lr 1.19e-04
    step 5325/5842 (global micro  5325/5842, update  5325/5842)  loss 0.5968  lr 1.17e-04
    step 5350/5842 (global micro  5350/5842, update  5350/5842)  loss 0.8026  lr 1.16e-04
    step 5375/5842 (global micro  5375/5842, update  5375/5842)  loss 0.5590  lr 1.14e-04
    step 5400/5842 (global micro  5400/5842, update  5400/5842)  loss 0.6929  lr 1.13e-04
    step 5425/5842 (global micro  5425/5842, update  5425/5842)  loss 0.3932  lr 1.11e-04
    step 5450/5842 (global micro  5450/5842, update  5450/5842)  loss 0.6283  lr 1.10e-04
    step 5475/5842 (global micro  5475/5842, update  5475/5842)  loss 0.5513  lr 1.09e-04
    step 5500/5842 (global micro  5500/5842, update  5500/5842)  loss 0.4085  lr 1.08e-04
    step 5525/5842 (global micro  5525/5842, update  5525/5842)  loss 0.7640  lr 1.07e-04
    step 5550/5842 (global micro  5550/5842, update  5550/5842)  loss 0.4840  lr 1.06e-04
    step 5575/5842 (global micro  5575/5842, update  5575/5842)  loss 0.4343  lr 1.05e-04
    step 5600/5842 (global micro  5600/5842, update  5600/5842)  loss 0.5201  lr 1.04e-04
    step 5625/5842 (global micro  5625/5842, update  5625/5842)  loss 0.6863  lr 1.03e-04
    step 5650/5842 (global micro  5650/5842, update  5650/5842)  loss 0.4196  lr 1.02e-04
    step 5675/5842 (global micro  5675/5842, update  5675/5842)  loss 0.5849  lr 1.02e-04
    step 5700/5842 (global micro  5700/5842, update  5700/5842)  loss 0.4282  lr 1.01e-04
    step 5725/5842 (global micro  5725/5842, update  5725/5842)  loss 0.5508  lr 1.01e-04
    step 5750/5842 (global micro  5750/5842, update  5750/5842)  loss 0.5356  lr 1.01e-04
    step 5775/5842 (global micro  5775/5842, update  5775/5842)  loss 0.5986  lr 1.00e-04
    step 5800/5842 (global micro  5800/5842, update  5800/5842)  loss 0.4215  lr 1.00e-04
    step 5825/5842 (global micro  5825/5842, update  5825/5842)  loss 0.6763  lr 1.00e-04
    step 5842/5842 (global micro  5842/5842, update  5842/5842)  loss 0.4341  lr 1.00e-04
  epoch   1/1  loss 0.6652  lr 1.00e-04  (1856.2s)

  Best loss: 0.6652
  Checkpoint saved: core/campaign_13_phase_A_e4.pt

